[2023-12-10T18:59:31.941+0000] {processor.py:157} INFO - Started process (PID=1982) to work on /usr/local/lib/python3.10/dist-packages/airflow/example_dags/example_task_group_decorator.py
[2023-12-10T18:59:31.942+0000] {processor.py:829} INFO - Processing file /usr/local/lib/python3.10/dist-packages/airflow/example_dags/example_task_group_decorator.py for tasks to queue
[2023-12-10T18:59:31.943+0000] {logging_mixin.py:154} INFO - [2023-12-10T18:59:31.943+0000] {dagbag.py:536} INFO - Filling up the DagBag from /usr/local/lib/python3.10/dist-packages/airflow/example_dags/example_task_group_decorator.py
[2023-12-10T18:59:31.963+0000] {processor.py:839} INFO - DAG(s) dict_keys(['example_task_group_decorator']) retrieved from /usr/local/lib/python3.10/dist-packages/airflow/example_dags/example_task_group_decorator.py
[2023-12-10T18:59:31.971+0000] {logging_mixin.py:154} INFO - [2023-12-10T18:59:31.971+0000] {dag.py:2941} INFO - Sync 1 DAGs
[2023-12-10T18:59:31.994+0000] {logging_mixin.py:154} INFO - [2023-12-10T18:59:31.994+0000] {dag.py:3722} INFO - Setting next_dagrun for example_task_group_decorator to 2023-12-09T18:59:31.994354+00:00, run_after=2023-12-10T18:59:31.994354+00:00
[2023-12-10T18:59:32.020+0000] {processor.py:179} INFO - Processing /usr/local/lib/python3.10/dist-packages/airflow/example_dags/example_task_group_decorator.py took 0.082 seconds
[2023-12-10T19:00:20.513+0000] {processor.py:157} INFO - Started process (PID=2089) to work on /usr/local/lib/python3.10/dist-packages/airflow/example_dags/example_task_group_decorator.py
[2023-12-10T19:00:20.514+0000] {processor.py:829} INFO - Processing file /usr/local/lib/python3.10/dist-packages/airflow/example_dags/example_task_group_decorator.py for tasks to queue
[2023-12-10T19:00:20.516+0000] {logging_mixin.py:154} INFO - [2023-12-10T19:00:20.515+0000] {dagbag.py:536} INFO - Filling up the DagBag from /usr/local/lib/python3.10/dist-packages/airflow/example_dags/example_task_group_decorator.py
[2023-12-10T19:00:20.532+0000] {processor.py:839} INFO - DAG(s) dict_keys(['example_task_group_decorator']) retrieved from /usr/local/lib/python3.10/dist-packages/airflow/example_dags/example_task_group_decorator.py
[2023-12-10T19:00:20.553+0000] {logging_mixin.py:154} INFO - [2023-12-10T19:00:20.553+0000] {dag.py:2941} INFO - Sync 1 DAGs
[2023-12-10T19:00:20.573+0000] {logging_mixin.py:154} INFO - [2023-12-10T19:00:20.573+0000] {dag.py:3722} INFO - Setting next_dagrun for example_task_group_decorator to 2023-12-09T19:00:20.573282+00:00, run_after=2023-12-10T19:00:20.573282+00:00
[2023-12-10T19:00:20.599+0000] {processor.py:179} INFO - Processing /usr/local/lib/python3.10/dist-packages/airflow/example_dags/example_task_group_decorator.py took 0.089 seconds
[2023-12-10T19:01:08.848+0000] {processor.py:157} INFO - Started process (PID=2441) to work on /usr/local/lib/python3.10/dist-packages/airflow/example_dags/example_task_group_decorator.py
[2023-12-10T19:01:08.849+0000] {processor.py:829} INFO - Processing file /usr/local/lib/python3.10/dist-packages/airflow/example_dags/example_task_group_decorator.py for tasks to queue
[2023-12-10T19:01:08.850+0000] {logging_mixin.py:154} INFO - [2023-12-10T19:01:08.850+0000] {dagbag.py:536} INFO - Filling up the DagBag from /usr/local/lib/python3.10/dist-packages/airflow/example_dags/example_task_group_decorator.py
[2023-12-10T19:01:08.868+0000] {processor.py:839} INFO - DAG(s) dict_keys(['example_task_group_decorator']) retrieved from /usr/local/lib/python3.10/dist-packages/airflow/example_dags/example_task_group_decorator.py
[2023-12-10T19:01:08.890+0000] {logging_mixin.py:154} INFO - [2023-12-10T19:01:08.889+0000] {dag.py:2941} INFO - Sync 1 DAGs
[2023-12-10T19:01:08.916+0000] {logging_mixin.py:154} INFO - [2023-12-10T19:01:08.916+0000] {dag.py:3722} INFO - Setting next_dagrun for example_task_group_decorator to 2023-12-09T19:01:08.916509+00:00, run_after=2023-12-10T19:01:08.916509+00:00
[2023-12-10T19:01:08.959+0000] {processor.py:179} INFO - Processing /usr/local/lib/python3.10/dist-packages/airflow/example_dags/example_task_group_decorator.py took 0.114 seconds
[2023-12-10T19:01:58.877+0000] {processor.py:157} INFO - Started process (PID=3097) to work on /usr/local/lib/python3.10/dist-packages/airflow/example_dags/example_task_group_decorator.py
[2023-12-10T19:01:58.879+0000] {processor.py:829} INFO - Processing file /usr/local/lib/python3.10/dist-packages/airflow/example_dags/example_task_group_decorator.py for tasks to queue
[2023-12-10T19:01:58.880+0000] {logging_mixin.py:154} INFO - [2023-12-10T19:01:58.879+0000] {dagbag.py:536} INFO - Filling up the DagBag from /usr/local/lib/python3.10/dist-packages/airflow/example_dags/example_task_group_decorator.py
[2023-12-10T19:01:58.904+0000] {processor.py:839} INFO - DAG(s) dict_keys(['example_task_group_decorator']) retrieved from /usr/local/lib/python3.10/dist-packages/airflow/example_dags/example_task_group_decorator.py
[2023-12-10T19:01:58.924+0000] {logging_mixin.py:154} INFO - [2023-12-10T19:01:58.924+0000] {dag.py:2941} INFO - Sync 1 DAGs
[2023-12-10T19:01:58.944+0000] {logging_mixin.py:154} INFO - [2023-12-10T19:01:58.944+0000] {dag.py:3722} INFO - Setting next_dagrun for example_task_group_decorator to 2023-12-09T19:01:58.943867+00:00, run_after=2023-12-10T19:01:58.943867+00:00
[2023-12-10T19:01:58.969+0000] {processor.py:179} INFO - Processing /usr/local/lib/python3.10/dist-packages/airflow/example_dags/example_task_group_decorator.py took 0.095 seconds
[2023-12-10T19:02:44.286+0000] {processor.py:157} INFO - Started process (PID=3323) to work on /usr/local/lib/python3.10/dist-packages/airflow/example_dags/example_task_group_decorator.py
[2023-12-10T19:02:44.288+0000] {processor.py:829} INFO - Processing file /usr/local/lib/python3.10/dist-packages/airflow/example_dags/example_task_group_decorator.py for tasks to queue
[2023-12-10T19:02:44.289+0000] {logging_mixin.py:154} INFO - [2023-12-10T19:02:44.288+0000] {dagbag.py:536} INFO - Filling up the DagBag from /usr/local/lib/python3.10/dist-packages/airflow/example_dags/example_task_group_decorator.py
[2023-12-10T19:02:44.306+0000] {processor.py:839} INFO - DAG(s) dict_keys(['example_task_group_decorator']) retrieved from /usr/local/lib/python3.10/dist-packages/airflow/example_dags/example_task_group_decorator.py
[2023-12-10T19:02:44.327+0000] {logging_mixin.py:154} INFO - [2023-12-10T19:02:44.327+0000] {dag.py:2941} INFO - Sync 1 DAGs
[2023-12-10T19:02:44.354+0000] {logging_mixin.py:154} INFO - [2023-12-10T19:02:44.354+0000] {dag.py:3722} INFO - Setting next_dagrun for example_task_group_decorator to 2023-12-09T19:02:44.354501+00:00, run_after=2023-12-10T19:02:44.354501+00:00
[2023-12-10T19:02:44.379+0000] {processor.py:179} INFO - Processing /usr/local/lib/python3.10/dist-packages/airflow/example_dags/example_task_group_decorator.py took 0.096 seconds
