[2023-12-10T18:59:48.064+0000] {processor.py:157} INFO - Started process (PID=2001) to work on /usr/local/lib/python3.10/dist-packages/airflow/example_dags/example_params_ui_tutorial.py
[2023-12-10T18:59:48.065+0000] {processor.py:829} INFO - Processing file /usr/local/lib/python3.10/dist-packages/airflow/example_dags/example_params_ui_tutorial.py for tasks to queue
[2023-12-10T18:59:48.066+0000] {logging_mixin.py:154} INFO - [2023-12-10T18:59:48.065+0000] {dagbag.py:536} INFO - Filling up the DagBag from /usr/local/lib/python3.10/dist-packages/airflow/example_dags/example_params_ui_tutorial.py
[2023-12-10T18:59:48.099+0000] {processor.py:839} INFO - DAG(s) dict_keys(['example_params_ui_tutorial']) retrieved from /usr/local/lib/python3.10/dist-packages/airflow/example_dags/example_params_ui_tutorial.py
[2023-12-10T18:59:48.150+0000] {logging_mixin.py:154} INFO - [2023-12-10T18:59:48.150+0000] {dag.py:2941} INFO - Sync 1 DAGs
[2023-12-10T18:59:48.162+0000] {logging_mixin.py:154} INFO - [2023-12-10T18:59:48.162+0000] {dag.py:3722} INFO - Setting next_dagrun for example_params_ui_tutorial to None, run_after=None
[2023-12-10T18:59:48.185+0000] {processor.py:179} INFO - Processing /usr/local/lib/python3.10/dist-packages/airflow/example_dags/example_params_ui_tutorial.py took 0.125 seconds
[2023-12-10T19:00:39.573+0000] {processor.py:157} INFO - Started process (PID=2348) to work on /usr/local/lib/python3.10/dist-packages/airflow/example_dags/example_params_ui_tutorial.py
[2023-12-10T19:00:39.577+0000] {processor.py:829} INFO - Processing file /usr/local/lib/python3.10/dist-packages/airflow/example_dags/example_params_ui_tutorial.py for tasks to queue
[2023-12-10T19:00:39.579+0000] {logging_mixin.py:154} INFO - [2023-12-10T19:00:39.579+0000] {dagbag.py:536} INFO - Filling up the DagBag from /usr/local/lib/python3.10/dist-packages/airflow/example_dags/example_params_ui_tutorial.py
[2023-12-10T19:00:39.613+0000] {processor.py:839} INFO - DAG(s) dict_keys(['example_params_ui_tutorial']) retrieved from /usr/local/lib/python3.10/dist-packages/airflow/example_dags/example_params_ui_tutorial.py
[2023-12-10T19:00:39.666+0000] {logging_mixin.py:154} INFO - [2023-12-10T19:00:39.665+0000] {dag.py:2941} INFO - Sync 1 DAGs
[2023-12-10T19:00:39.679+0000] {logging_mixin.py:154} INFO - [2023-12-10T19:00:39.679+0000] {dag.py:3722} INFO - Setting next_dagrun for example_params_ui_tutorial to None, run_after=None
[2023-12-10T19:00:39.702+0000] {processor.py:179} INFO - Processing /usr/local/lib/python3.10/dist-packages/airflow/example_dags/example_params_ui_tutorial.py took 0.132 seconds
[2023-12-10T19:01:33.147+0000] {processor.py:157} INFO - Started process (PID=2766) to work on /usr/local/lib/python3.10/dist-packages/airflow/example_dags/example_params_ui_tutorial.py
[2023-12-10T19:01:33.150+0000] {processor.py:829} INFO - Processing file /usr/local/lib/python3.10/dist-packages/airflow/example_dags/example_params_ui_tutorial.py for tasks to queue
[2023-12-10T19:01:33.151+0000] {logging_mixin.py:154} INFO - [2023-12-10T19:01:33.151+0000] {dagbag.py:536} INFO - Filling up the DagBag from /usr/local/lib/python3.10/dist-packages/airflow/example_dags/example_params_ui_tutorial.py
[2023-12-10T19:01:33.189+0000] {processor.py:839} INFO - DAG(s) dict_keys(['example_params_ui_tutorial']) retrieved from /usr/local/lib/python3.10/dist-packages/airflow/example_dags/example_params_ui_tutorial.py
[2023-12-10T19:01:33.247+0000] {logging_mixin.py:154} INFO - [2023-12-10T19:01:33.247+0000] {dag.py:2941} INFO - Sync 1 DAGs
[2023-12-10T19:01:33.259+0000] {logging_mixin.py:154} INFO - [2023-12-10T19:01:33.259+0000] {dag.py:3722} INFO - Setting next_dagrun for example_params_ui_tutorial to None, run_after=None
[2023-12-10T19:01:33.284+0000] {processor.py:179} INFO - Processing /usr/local/lib/python3.10/dist-packages/airflow/example_dags/example_params_ui_tutorial.py took 0.148 seconds
[2023-12-10T19:02:30.959+0000] {processor.py:157} INFO - Started process (PID=3308) to work on /usr/local/lib/python3.10/dist-packages/airflow/example_dags/example_params_ui_tutorial.py
[2023-12-10T19:02:30.962+0000] {processor.py:829} INFO - Processing file /usr/local/lib/python3.10/dist-packages/airflow/example_dags/example_params_ui_tutorial.py for tasks to queue
[2023-12-10T19:02:30.962+0000] {logging_mixin.py:154} INFO - [2023-12-10T19:02:30.962+0000] {dagbag.py:536} INFO - Filling up the DagBag from /usr/local/lib/python3.10/dist-packages/airflow/example_dags/example_params_ui_tutorial.py
[2023-12-10T19:02:30.994+0000] {processor.py:839} INFO - DAG(s) dict_keys(['example_params_ui_tutorial']) retrieved from /usr/local/lib/python3.10/dist-packages/airflow/example_dags/example_params_ui_tutorial.py
[2023-12-10T19:02:31.044+0000] {logging_mixin.py:154} INFO - [2023-12-10T19:02:31.044+0000] {dag.py:2941} INFO - Sync 1 DAGs
[2023-12-10T19:02:31.056+0000] {logging_mixin.py:154} INFO - [2023-12-10T19:02:31.056+0000] {dag.py:3722} INFO - Setting next_dagrun for example_params_ui_tutorial to None, run_after=None
[2023-12-10T19:02:31.079+0000] {processor.py:179} INFO - Processing /usr/local/lib/python3.10/dist-packages/airflow/example_dags/example_params_ui_tutorial.py took 0.123 seconds
