[2023-12-10T18:59:47.479+0000] {processor.py:157} INFO - Started process (PID=1999) to work on /usr/local/lib/python3.10/dist-packages/airflow/example_dags/example_dynamic_task_mapping_with_no_taskflow_operators.py
[2023-12-10T18:59:47.480+0000] {processor.py:829} INFO - Processing file /usr/local/lib/python3.10/dist-packages/airflow/example_dags/example_dynamic_task_mapping_with_no_taskflow_operators.py for tasks to queue
[2023-12-10T18:59:47.481+0000] {logging_mixin.py:154} INFO - [2023-12-10T18:59:47.481+0000] {dagbag.py:536} INFO - Filling up the DagBag from /usr/local/lib/python3.10/dist-packages/airflow/example_dags/example_dynamic_task_mapping_with_no_taskflow_operators.py
[2023-12-10T18:59:47.489+0000] {processor.py:839} INFO - DAG(s) dict_keys(['example_dynamic_task_mapping_with_no_taskflow_operators']) retrieved from /usr/local/lib/python3.10/dist-packages/airflow/example_dags/example_dynamic_task_mapping_with_no_taskflow_operators.py
[2023-12-10T18:59:47.508+0000] {logging_mixin.py:154} INFO - [2023-12-10T18:59:47.508+0000] {dag.py:2941} INFO - Sync 1 DAGs
[2023-12-10T18:59:47.528+0000] {logging_mixin.py:154} INFO - [2023-12-10T18:59:47.528+0000] {dag.py:3722} INFO - Setting next_dagrun for example_dynamic_task_mapping_with_no_taskflow_operators to 2023-12-09T18:59:47.528258+00:00, run_after=2023-12-10T18:59:47.528258+00:00
[2023-12-10T18:59:47.550+0000] {processor.py:179} INFO - Processing /usr/local/lib/python3.10/dist-packages/airflow/example_dags/example_dynamic_task_mapping_with_no_taskflow_operators.py took 0.074 seconds
[2023-12-10T19:00:38.212+0000] {processor.py:157} INFO - Started process (PID=2311) to work on /usr/local/lib/python3.10/dist-packages/airflow/example_dags/example_dynamic_task_mapping_with_no_taskflow_operators.py
[2023-12-10T19:00:38.214+0000] {processor.py:829} INFO - Processing file /usr/local/lib/python3.10/dist-packages/airflow/example_dags/example_dynamic_task_mapping_with_no_taskflow_operators.py for tasks to queue
[2023-12-10T19:00:38.215+0000] {logging_mixin.py:154} INFO - [2023-12-10T19:00:38.214+0000] {dagbag.py:536} INFO - Filling up the DagBag from /usr/local/lib/python3.10/dist-packages/airflow/example_dags/example_dynamic_task_mapping_with_no_taskflow_operators.py
[2023-12-10T19:00:38.222+0000] {processor.py:839} INFO - DAG(s) dict_keys(['example_dynamic_task_mapping_with_no_taskflow_operators']) retrieved from /usr/local/lib/python3.10/dist-packages/airflow/example_dags/example_dynamic_task_mapping_with_no_taskflow_operators.py
[2023-12-10T19:00:38.238+0000] {logging_mixin.py:154} INFO - [2023-12-10T19:00:38.238+0000] {dag.py:2941} INFO - Sync 1 DAGs
[2023-12-10T19:00:38.260+0000] {logging_mixin.py:154} INFO - [2023-12-10T19:00:38.259+0000] {dag.py:3722} INFO - Setting next_dagrun for example_dynamic_task_mapping_with_no_taskflow_operators to 2023-12-09T19:00:38.259550+00:00, run_after=2023-12-10T19:00:38.259550+00:00
[2023-12-10T19:00:38.282+0000] {processor.py:179} INFO - Processing /usr/local/lib/python3.10/dist-packages/airflow/example_dags/example_dynamic_task_mapping_with_no_taskflow_operators.py took 0.074 seconds
[2023-12-10T19:01:31.394+0000] {processor.py:157} INFO - Started process (PID=2729) to work on /usr/local/lib/python3.10/dist-packages/airflow/example_dags/example_dynamic_task_mapping_with_no_taskflow_operators.py
[2023-12-10T19:01:31.396+0000] {processor.py:829} INFO - Processing file /usr/local/lib/python3.10/dist-packages/airflow/example_dags/example_dynamic_task_mapping_with_no_taskflow_operators.py for tasks to queue
[2023-12-10T19:01:31.397+0000] {logging_mixin.py:154} INFO - [2023-12-10T19:01:31.396+0000] {dagbag.py:536} INFO - Filling up the DagBag from /usr/local/lib/python3.10/dist-packages/airflow/example_dags/example_dynamic_task_mapping_with_no_taskflow_operators.py
[2023-12-10T19:01:31.404+0000] {processor.py:839} INFO - DAG(s) dict_keys(['example_dynamic_task_mapping_with_no_taskflow_operators']) retrieved from /usr/local/lib/python3.10/dist-packages/airflow/example_dags/example_dynamic_task_mapping_with_no_taskflow_operators.py
[2023-12-10T19:01:31.420+0000] {logging_mixin.py:154} INFO - [2023-12-10T19:01:31.419+0000] {dag.py:2941} INFO - Sync 1 DAGs
[2023-12-10T19:01:31.440+0000] {logging_mixin.py:154} INFO - [2023-12-10T19:01:31.440+0000] {dag.py:3722} INFO - Setting next_dagrun for example_dynamic_task_mapping_with_no_taskflow_operators to 2023-12-09T19:01:31.440217+00:00, run_after=2023-12-10T19:01:31.440217+00:00
[2023-12-10T19:01:31.464+0000] {processor.py:179} INFO - Processing /usr/local/lib/python3.10/dist-packages/airflow/example_dags/example_dynamic_task_mapping_with_no_taskflow_operators.py took 0.073 seconds
[2023-12-10T19:02:28.681+0000] {processor.py:157} INFO - Started process (PID=3306) to work on /usr/local/lib/python3.10/dist-packages/airflow/example_dags/example_dynamic_task_mapping_with_no_taskflow_operators.py
[2023-12-10T19:02:28.683+0000] {processor.py:829} INFO - Processing file /usr/local/lib/python3.10/dist-packages/airflow/example_dags/example_dynamic_task_mapping_with_no_taskflow_operators.py for tasks to queue
[2023-12-10T19:02:28.684+0000] {logging_mixin.py:154} INFO - [2023-12-10T19:02:28.683+0000] {dagbag.py:536} INFO - Filling up the DagBag from /usr/local/lib/python3.10/dist-packages/airflow/example_dags/example_dynamic_task_mapping_with_no_taskflow_operators.py
[2023-12-10T19:02:28.691+0000] {processor.py:839} INFO - DAG(s) dict_keys(['example_dynamic_task_mapping_with_no_taskflow_operators']) retrieved from /usr/local/lib/python3.10/dist-packages/airflow/example_dags/example_dynamic_task_mapping_with_no_taskflow_operators.py
[2023-12-10T19:02:28.708+0000] {logging_mixin.py:154} INFO - [2023-12-10T19:02:28.707+0000] {dag.py:2941} INFO - Sync 1 DAGs
[2023-12-10T19:02:28.730+0000] {logging_mixin.py:154} INFO - [2023-12-10T19:02:28.730+0000] {dag.py:3722} INFO - Setting next_dagrun for example_dynamic_task_mapping_with_no_taskflow_operators to 2023-12-09T19:02:28.730271+00:00, run_after=2023-12-10T19:02:28.730271+00:00
[2023-12-10T19:02:28.753+0000] {processor.py:179} INFO - Processing /usr/local/lib/python3.10/dist-packages/airflow/example_dags/example_dynamic_task_mapping_with_no_taskflow_operators.py took 0.075 seconds
