[2023-12-10T18:59:46.444+0000] {processor.py:157} INFO - Started process (PID=1998) to work on /usr/local/lib/python3.10/dist-packages/airflow/example_dags/example_local_kubernetes_executor.py
[2023-12-10T18:59:46.445+0000] {processor.py:829} INFO - Processing file /usr/local/lib/python3.10/dist-packages/airflow/example_dags/example_local_kubernetes_executor.py for tasks to queue
[2023-12-10T18:59:46.446+0000] {logging_mixin.py:154} INFO - [2023-12-10T18:59:46.445+0000] {dagbag.py:536} INFO - Filling up the DagBag from /usr/local/lib/python3.10/dist-packages/airflow/example_dags/example_local_kubernetes_executor.py
[2023-12-10T18:59:46.450+0000] {logging_mixin.py:154} INFO - [2023-12-10T18:59:46.449+0000] {example_local_kubernetes_executor.py:39} WARNING - Could not import DAGs in example_local_kubernetes_executor.py
Traceback (most recent call last):
  File "/usr/local/lib/python3.10/dist-packages/airflow/example_dags/example_local_kubernetes_executor.py", line 37, in <module>
    from kubernetes.client import models as k8s
ModuleNotFoundError: No module named 'kubernetes'
[2023-12-10T18:59:46.450+0000] {logging_mixin.py:154} INFO - [2023-12-10T18:59:46.450+0000] {example_local_kubernetes_executor.py:40} WARNING - Install Kubernetes dependencies with: pip install apache-airflow[cncf.kubernetes]
[2023-12-10T18:59:46.451+0000] {processor.py:841} WARNING - No viable dags retrieved from /usr/local/lib/python3.10/dist-packages/airflow/example_dags/example_local_kubernetes_executor.py
[2023-12-10T18:59:46.461+0000] {processor.py:179} INFO - Processing /usr/local/lib/python3.10/dist-packages/airflow/example_dags/example_local_kubernetes_executor.py took 0.021 seconds
[2023-12-10T19:00:37.073+0000] {processor.py:157} INFO - Started process (PID=2285) to work on /usr/local/lib/python3.10/dist-packages/airflow/example_dags/example_local_kubernetes_executor.py
[2023-12-10T19:00:37.076+0000] {processor.py:829} INFO - Processing file /usr/local/lib/python3.10/dist-packages/airflow/example_dags/example_local_kubernetes_executor.py for tasks to queue
[2023-12-10T19:00:37.077+0000] {logging_mixin.py:154} INFO - [2023-12-10T19:00:37.077+0000] {dagbag.py:536} INFO - Filling up the DagBag from /usr/local/lib/python3.10/dist-packages/airflow/example_dags/example_local_kubernetes_executor.py
[2023-12-10T19:00:37.081+0000] {logging_mixin.py:154} INFO - [2023-12-10T19:00:37.080+0000] {example_local_kubernetes_executor.py:39} WARNING - Could not import DAGs in example_local_kubernetes_executor.py
Traceback (most recent call last):
  File "/usr/local/lib/python3.10/dist-packages/airflow/example_dags/example_local_kubernetes_executor.py", line 37, in <module>
    from kubernetes.client import models as k8s
ModuleNotFoundError: No module named 'kubernetes'
[2023-12-10T19:00:37.082+0000] {logging_mixin.py:154} INFO - [2023-12-10T19:00:37.081+0000] {example_local_kubernetes_executor.py:40} WARNING - Install Kubernetes dependencies with: pip install apache-airflow[cncf.kubernetes]
[2023-12-10T19:00:37.082+0000] {processor.py:841} WARNING - No viable dags retrieved from /usr/local/lib/python3.10/dist-packages/airflow/example_dags/example_local_kubernetes_executor.py
[2023-12-10T19:00:37.092+0000] {processor.py:179} INFO - Processing /usr/local/lib/python3.10/dist-packages/airflow/example_dags/example_local_kubernetes_executor.py took 0.022 seconds
[2023-12-10T19:01:30.256+0000] {processor.py:157} INFO - Started process (PID=2703) to work on /usr/local/lib/python3.10/dist-packages/airflow/example_dags/example_local_kubernetes_executor.py
[2023-12-10T19:01:30.258+0000] {processor.py:829} INFO - Processing file /usr/local/lib/python3.10/dist-packages/airflow/example_dags/example_local_kubernetes_executor.py for tasks to queue
[2023-12-10T19:01:30.259+0000] {logging_mixin.py:154} INFO - [2023-12-10T19:01:30.259+0000] {dagbag.py:536} INFO - Filling up the DagBag from /usr/local/lib/python3.10/dist-packages/airflow/example_dags/example_local_kubernetes_executor.py
[2023-12-10T19:01:30.263+0000] {logging_mixin.py:154} INFO - [2023-12-10T19:01:30.262+0000] {example_local_kubernetes_executor.py:39} WARNING - Could not import DAGs in example_local_kubernetes_executor.py
Traceback (most recent call last):
  File "/usr/local/lib/python3.10/dist-packages/airflow/example_dags/example_local_kubernetes_executor.py", line 37, in <module>
    from kubernetes.client import models as k8s
ModuleNotFoundError: No module named 'kubernetes'
[2023-12-10T19:01:30.263+0000] {logging_mixin.py:154} INFO - [2023-12-10T19:01:30.263+0000] {example_local_kubernetes_executor.py:40} WARNING - Install Kubernetes dependencies with: pip install apache-airflow[cncf.kubernetes]
[2023-12-10T19:01:30.264+0000] {processor.py:841} WARNING - No viable dags retrieved from /usr/local/lib/python3.10/dist-packages/airflow/example_dags/example_local_kubernetes_executor.py
[2023-12-10T19:01:30.273+0000] {processor.py:179} INFO - Processing /usr/local/lib/python3.10/dist-packages/airflow/example_dags/example_local_kubernetes_executor.py took 0.020 seconds
[2023-12-10T19:02:27.530+0000] {processor.py:157} INFO - Started process (PID=3305) to work on /usr/local/lib/python3.10/dist-packages/airflow/example_dags/example_local_kubernetes_executor.py
[2023-12-10T19:02:27.532+0000] {processor.py:829} INFO - Processing file /usr/local/lib/python3.10/dist-packages/airflow/example_dags/example_local_kubernetes_executor.py for tasks to queue
[2023-12-10T19:02:27.533+0000] {logging_mixin.py:154} INFO - [2023-12-10T19:02:27.532+0000] {dagbag.py:536} INFO - Filling up the DagBag from /usr/local/lib/python3.10/dist-packages/airflow/example_dags/example_local_kubernetes_executor.py
[2023-12-10T19:02:27.536+0000] {logging_mixin.py:154} INFO - [2023-12-10T19:02:27.536+0000] {example_local_kubernetes_executor.py:39} WARNING - Could not import DAGs in example_local_kubernetes_executor.py
Traceback (most recent call last):
  File "/usr/local/lib/python3.10/dist-packages/airflow/example_dags/example_local_kubernetes_executor.py", line 37, in <module>
    from kubernetes.client import models as k8s
ModuleNotFoundError: No module named 'kubernetes'
[2023-12-10T19:02:27.537+0000] {logging_mixin.py:154} INFO - [2023-12-10T19:02:27.537+0000] {example_local_kubernetes_executor.py:40} WARNING - Install Kubernetes dependencies with: pip install apache-airflow[cncf.kubernetes]
[2023-12-10T19:02:27.537+0000] {processor.py:841} WARNING - No viable dags retrieved from /usr/local/lib/python3.10/dist-packages/airflow/example_dags/example_local_kubernetes_executor.py
[2023-12-10T19:02:27.547+0000] {processor.py:179} INFO - Processing /usr/local/lib/python3.10/dist-packages/airflow/example_dags/example_local_kubernetes_executor.py took 0.021 seconds
