[2023-12-10T18:59:26.917+0000] {processor.py:157} INFO - Started process (PID=1917) to work on /usr/local/lib/python3.10/dist-packages/airflow/example_dags/example_trigger_controller_dag.py
[2023-12-10T18:59:26.918+0000] {processor.py:829} INFO - Processing file /usr/local/lib/python3.10/dist-packages/airflow/example_dags/example_trigger_controller_dag.py for tasks to queue
[2023-12-10T18:59:26.919+0000] {logging_mixin.py:154} INFO - [2023-12-10T18:59:26.919+0000] {dagbag.py:536} INFO - Filling up the DagBag from /usr/local/lib/python3.10/dist-packages/airflow/example_dags/example_trigger_controller_dag.py
[2023-12-10T18:59:26.927+0000] {processor.py:839} INFO - DAG(s) dict_keys(['example_trigger_controller_dag']) retrieved from /usr/local/lib/python3.10/dist-packages/airflow/example_dags/example_trigger_controller_dag.py
[2023-12-10T18:59:26.936+0000] {logging_mixin.py:154} INFO - [2023-12-10T18:59:26.936+0000] {dag.py:2941} INFO - Sync 1 DAGs
[2023-12-10T18:59:26.962+0000] {logging_mixin.py:154} INFO - [2023-12-10T18:59:26.961+0000] {dag.py:3722} INFO - Setting next_dagrun for example_trigger_controller_dag to 2021-01-01T00:00:00+00:00, run_after=2021-01-01T00:00:00+00:00
[2023-12-10T18:59:26.986+0000] {processor.py:179} INFO - Processing /usr/local/lib/python3.10/dist-packages/airflow/example_dags/example_trigger_controller_dag.py took 0.072 seconds
[2023-12-10T19:00:16.498+0000] {processor.py:157} INFO - Started process (PID=2024) to work on /usr/local/lib/python3.10/dist-packages/airflow/example_dags/example_trigger_controller_dag.py
[2023-12-10T19:00:16.500+0000] {processor.py:829} INFO - Processing file /usr/local/lib/python3.10/dist-packages/airflow/example_dags/example_trigger_controller_dag.py for tasks to queue
[2023-12-10T19:00:16.501+0000] {logging_mixin.py:154} INFO - [2023-12-10T19:00:16.501+0000] {dagbag.py:536} INFO - Filling up the DagBag from /usr/local/lib/python3.10/dist-packages/airflow/example_dags/example_trigger_controller_dag.py
[2023-12-10T19:00:16.507+0000] {processor.py:839} INFO - DAG(s) dict_keys(['example_trigger_controller_dag']) retrieved from /usr/local/lib/python3.10/dist-packages/airflow/example_dags/example_trigger_controller_dag.py
[2023-12-10T19:00:16.524+0000] {logging_mixin.py:154} INFO - [2023-12-10T19:00:16.524+0000] {dag.py:2941} INFO - Sync 1 DAGs
[2023-12-10T19:00:16.545+0000] {logging_mixin.py:154} INFO - [2023-12-10T19:00:16.544+0000] {dag.py:3722} INFO - Setting next_dagrun for example_trigger_controller_dag to 2021-01-01T00:00:00+00:00, run_after=2021-01-01T00:00:00+00:00
[2023-12-10T19:00:16.569+0000] {processor.py:179} INFO - Processing /usr/local/lib/python3.10/dist-packages/airflow/example_dags/example_trigger_controller_dag.py took 0.074 seconds
[2023-12-10T19:00:55.501+0000] {processor.py:157} INFO - Started process (PID=2364) to work on /usr/local/lib/python3.10/dist-packages/airflow/example_dags/example_trigger_controller_dag.py
[2023-12-10T19:00:55.502+0000] {processor.py:829} INFO - Processing file /usr/local/lib/python3.10/dist-packages/airflow/example_dags/example_trigger_controller_dag.py for tasks to queue
[2023-12-10T19:00:55.503+0000] {logging_mixin.py:154} INFO - [2023-12-10T19:00:55.503+0000] {dagbag.py:536} INFO - Filling up the DagBag from /usr/local/lib/python3.10/dist-packages/airflow/example_dags/example_trigger_controller_dag.py
[2023-12-10T19:00:55.509+0000] {processor.py:839} INFO - DAG(s) dict_keys(['example_trigger_controller_dag']) retrieved from /usr/local/lib/python3.10/dist-packages/airflow/example_dags/example_trigger_controller_dag.py
[2023-12-10T19:00:55.526+0000] {logging_mixin.py:154} INFO - [2023-12-10T19:00:55.525+0000] {dag.py:2941} INFO - Sync 1 DAGs
[2023-12-10T19:00:55.546+0000] {logging_mixin.py:154} INFO - [2023-12-10T19:00:55.546+0000] {dag.py:3722} INFO - Setting next_dagrun for example_trigger_controller_dag to 2021-01-01T00:00:00+00:00, run_after=2021-01-01T00:00:00+00:00
[2023-12-10T19:00:55.569+0000] {processor.py:179} INFO - Processing /usr/local/lib/python3.10/dist-packages/airflow/example_dags/example_trigger_controller_dag.py took 0.072 seconds
[2023-12-10T19:01:44.564+0000] {processor.py:157} INFO - Started process (PID=2897) to work on /usr/local/lib/python3.10/dist-packages/airflow/example_dags/example_trigger_controller_dag.py
[2023-12-10T19:01:44.566+0000] {processor.py:829} INFO - Processing file /usr/local/lib/python3.10/dist-packages/airflow/example_dags/example_trigger_controller_dag.py for tasks to queue
[2023-12-10T19:01:44.567+0000] {logging_mixin.py:154} INFO - [2023-12-10T19:01:44.566+0000] {dagbag.py:536} INFO - Filling up the DagBag from /usr/local/lib/python3.10/dist-packages/airflow/example_dags/example_trigger_controller_dag.py
[2023-12-10T19:01:44.572+0000] {processor.py:839} INFO - DAG(s) dict_keys(['example_trigger_controller_dag']) retrieved from /usr/local/lib/python3.10/dist-packages/airflow/example_dags/example_trigger_controller_dag.py
[2023-12-10T19:01:44.590+0000] {logging_mixin.py:154} INFO - [2023-12-10T19:01:44.590+0000] {dag.py:2941} INFO - Sync 1 DAGs
[2023-12-10T19:01:44.611+0000] {logging_mixin.py:154} INFO - [2023-12-10T19:01:44.611+0000] {dag.py:3722} INFO - Setting next_dagrun for example_trigger_controller_dag to 2021-01-01T00:00:00+00:00, run_after=2021-01-01T00:00:00+00:00
[2023-12-10T19:01:44.636+0000] {processor.py:179} INFO - Processing /usr/local/lib/python3.10/dist-packages/airflow/example_dags/example_trigger_controller_dag.py took 0.075 seconds
[2023-12-10T19:02:40.118+0000] {processor.py:157} INFO - Started process (PID=3318) to work on /usr/local/lib/python3.10/dist-packages/airflow/example_dags/example_trigger_controller_dag.py
[2023-12-10T19:02:40.120+0000] {processor.py:829} INFO - Processing file /usr/local/lib/python3.10/dist-packages/airflow/example_dags/example_trigger_controller_dag.py for tasks to queue
[2023-12-10T19:02:40.121+0000] {logging_mixin.py:154} INFO - [2023-12-10T19:02:40.121+0000] {dagbag.py:536} INFO - Filling up the DagBag from /usr/local/lib/python3.10/dist-packages/airflow/example_dags/example_trigger_controller_dag.py
[2023-12-10T19:02:40.127+0000] {processor.py:839} INFO - DAG(s) dict_keys(['example_trigger_controller_dag']) retrieved from /usr/local/lib/python3.10/dist-packages/airflow/example_dags/example_trigger_controller_dag.py
[2023-12-10T19:02:40.145+0000] {logging_mixin.py:154} INFO - [2023-12-10T19:02:40.144+0000] {dag.py:2941} INFO - Sync 1 DAGs
[2023-12-10T19:02:40.165+0000] {logging_mixin.py:154} INFO - [2023-12-10T19:02:40.165+0000] {dag.py:3722} INFO - Setting next_dagrun for example_trigger_controller_dag to 2021-01-01T00:00:00+00:00, run_after=2021-01-01T00:00:00+00:00
[2023-12-10T19:02:40.187+0000] {processor.py:179} INFO - Processing /usr/local/lib/python3.10/dist-packages/airflow/example_dags/example_trigger_controller_dag.py took 0.073 seconds
