[2023-12-10T18:59:42.334+0000] {processor.py:157} INFO - Started process (PID=1994) to work on /usr/local/lib/python3.10/dist-packages/airflow/example_dags/example_sensors.py
[2023-12-10T18:59:42.335+0000] {processor.py:829} INFO - Processing file /usr/local/lib/python3.10/dist-packages/airflow/example_dags/example_sensors.py for tasks to queue
[2023-12-10T18:59:42.336+0000] {logging_mixin.py:154} INFO - [2023-12-10T18:59:42.336+0000] {dagbag.py:536} INFO - Filling up the DagBag from /usr/local/lib/python3.10/dist-packages/airflow/example_dags/example_sensors.py
[2023-12-10T18:59:42.346+0000] {processor.py:839} INFO - DAG(s) dict_keys(['example_sensors']) retrieved from /usr/local/lib/python3.10/dist-packages/airflow/example_dags/example_sensors.py
[2023-12-10T18:59:42.371+0000] {logging_mixin.py:154} INFO - [2023-12-10T18:59:42.371+0000] {dag.py:2941} INFO - Sync 1 DAGs
[2023-12-10T18:59:42.383+0000] {logging_mixin.py:154} INFO - [2023-12-10T18:59:42.382+0000] {dag.py:3722} INFO - Setting next_dagrun for example_sensors to None, run_after=None
[2023-12-10T18:59:42.406+0000] {processor.py:179} INFO - Processing /usr/local/lib/python3.10/dist-packages/airflow/example_dags/example_sensors.py took 0.075 seconds
[2023-12-10T19:00:32.953+0000] {processor.py:157} INFO - Started process (PID=2246) to work on /usr/local/lib/python3.10/dist-packages/airflow/example_dags/example_sensors.py
[2023-12-10T19:00:32.955+0000] {processor.py:829} INFO - Processing file /usr/local/lib/python3.10/dist-packages/airflow/example_dags/example_sensors.py for tasks to queue
[2023-12-10T19:00:32.956+0000] {logging_mixin.py:154} INFO - [2023-12-10T19:00:32.956+0000] {dagbag.py:536} INFO - Filling up the DagBag from /usr/local/lib/python3.10/dist-packages/airflow/example_dags/example_sensors.py
[2023-12-10T19:00:32.967+0000] {processor.py:839} INFO - DAG(s) dict_keys(['example_sensors']) retrieved from /usr/local/lib/python3.10/dist-packages/airflow/example_dags/example_sensors.py
[2023-12-10T19:00:32.990+0000] {logging_mixin.py:154} INFO - [2023-12-10T19:00:32.989+0000] {dag.py:2941} INFO - Sync 1 DAGs
[2023-12-10T19:00:33.002+0000] {logging_mixin.py:154} INFO - [2023-12-10T19:00:33.002+0000] {dag.py:3722} INFO - Setting next_dagrun for example_sensors to None, run_after=None
[2023-12-10T19:00:33.048+0000] {processor.py:179} INFO - Processing /usr/local/lib/python3.10/dist-packages/airflow/example_dags/example_sensors.py took 0.099 seconds
[2023-12-10T19:01:19.307+0000] {processor.py:157} INFO - Started process (PID=2573) to work on /usr/local/lib/python3.10/dist-packages/airflow/example_dags/example_sensors.py
[2023-12-10T19:01:19.308+0000] {processor.py:829} INFO - Processing file /usr/local/lib/python3.10/dist-packages/airflow/example_dags/example_sensors.py for tasks to queue
[2023-12-10T19:01:19.309+0000] {logging_mixin.py:154} INFO - [2023-12-10T19:01:19.309+0000] {dagbag.py:536} INFO - Filling up the DagBag from /usr/local/lib/python3.10/dist-packages/airflow/example_dags/example_sensors.py
[2023-12-10T19:01:19.320+0000] {processor.py:839} INFO - DAG(s) dict_keys(['example_sensors']) retrieved from /usr/local/lib/python3.10/dist-packages/airflow/example_dags/example_sensors.py
[2023-12-10T19:01:19.342+0000] {logging_mixin.py:154} INFO - [2023-12-10T19:01:19.341+0000] {dag.py:2941} INFO - Sync 1 DAGs
[2023-12-10T19:01:19.354+0000] {logging_mixin.py:154} INFO - [2023-12-10T19:01:19.353+0000] {dag.py:3722} INFO - Setting next_dagrun for example_sensors to None, run_after=None
[2023-12-10T19:01:19.376+0000] {processor.py:179} INFO - Processing /usr/local/lib/python3.10/dist-packages/airflow/example_dags/example_sensors.py took 0.072 seconds
[2023-12-10T19:02:22.865+0000] {processor.py:157} INFO - Started process (PID=3241) to work on /usr/local/lib/python3.10/dist-packages/airflow/example_dags/example_sensors.py
[2023-12-10T19:02:22.869+0000] {processor.py:829} INFO - Processing file /usr/local/lib/python3.10/dist-packages/airflow/example_dags/example_sensors.py for tasks to queue
[2023-12-10T19:02:22.870+0000] {logging_mixin.py:154} INFO - [2023-12-10T19:02:22.869+0000] {dagbag.py:536} INFO - Filling up the DagBag from /usr/local/lib/python3.10/dist-packages/airflow/example_dags/example_sensors.py
[2023-12-10T19:02:22.880+0000] {processor.py:839} INFO - DAG(s) dict_keys(['example_sensors']) retrieved from /usr/local/lib/python3.10/dist-packages/airflow/example_dags/example_sensors.py
[2023-12-10T19:02:22.901+0000] {logging_mixin.py:154} INFO - [2023-12-10T19:02:22.900+0000] {dag.py:2941} INFO - Sync 1 DAGs
[2023-12-10T19:02:22.913+0000] {logging_mixin.py:154} INFO - [2023-12-10T19:02:22.913+0000] {dag.py:3722} INFO - Setting next_dagrun for example_sensors to None, run_after=None
[2023-12-10T19:02:22.936+0000] {processor.py:179} INFO - Processing /usr/local/lib/python3.10/dist-packages/airflow/example_dags/example_sensors.py took 0.074 seconds
