[2023-12-10T18:59:49.315+0000] {processor.py:157} INFO - Started process (PID=2002) to work on /usr/local/lib/python3.10/dist-packages/airflow/example_dags/example_python_operator.py
[2023-12-10T18:59:49.316+0000] {processor.py:829} INFO - Processing file /usr/local/lib/python3.10/dist-packages/airflow/example_dags/example_python_operator.py for tasks to queue
[2023-12-10T18:59:49.317+0000] {logging_mixin.py:154} INFO - [2023-12-10T18:59:49.316+0000] {dagbag.py:536} INFO - Filling up the DagBag from /usr/local/lib/python3.10/dist-packages/airflow/example_dags/example_python_operator.py
[2023-12-10T18:59:49.327+0000] {logging_mixin.py:154} INFO - [2023-12-10T18:59:49.327+0000] {example_python_operator.py:86} WARNING - The virtalenv_python example task requires virtualenv, please install it.
[2023-12-10T18:59:49.328+0000] {processor.py:839} INFO - DAG(s) dict_keys(['example_python_operator']) retrieved from /usr/local/lib/python3.10/dist-packages/airflow/example_dags/example_python_operator.py
[2023-12-10T18:59:49.348+0000] {logging_mixin.py:154} INFO - [2023-12-10T18:59:49.347+0000] {dag.py:2941} INFO - Sync 1 DAGs
[2023-12-10T18:59:49.359+0000] {logging_mixin.py:154} INFO - [2023-12-10T18:59:49.359+0000] {dag.py:3722} INFO - Setting next_dagrun for example_python_operator to None, run_after=None
[2023-12-10T18:59:49.383+0000] {processor.py:179} INFO - Processing /usr/local/lib/python3.10/dist-packages/airflow/example_dags/example_python_operator.py took 0.072 seconds
[2023-12-10T19:00:39.847+0000] {processor.py:157} INFO - Started process (PID=2349) to work on /usr/local/lib/python3.10/dist-packages/airflow/example_dags/example_python_operator.py
[2023-12-10T19:00:39.848+0000] {processor.py:829} INFO - Processing file /usr/local/lib/python3.10/dist-packages/airflow/example_dags/example_python_operator.py for tasks to queue
[2023-12-10T19:00:39.849+0000] {logging_mixin.py:154} INFO - [2023-12-10T19:00:39.849+0000] {dagbag.py:536} INFO - Filling up the DagBag from /usr/local/lib/python3.10/dist-packages/airflow/example_dags/example_python_operator.py
[2023-12-10T19:00:39.859+0000] {logging_mixin.py:154} INFO - [2023-12-10T19:00:39.859+0000] {example_python_operator.py:86} WARNING - The virtalenv_python example task requires virtualenv, please install it.
[2023-12-10T19:00:39.860+0000] {processor.py:839} INFO - DAG(s) dict_keys(['example_python_operator']) retrieved from /usr/local/lib/python3.10/dist-packages/airflow/example_dags/example_python_operator.py
[2023-12-10T19:00:39.877+0000] {logging_mixin.py:154} INFO - [2023-12-10T19:00:39.877+0000] {dag.py:2941} INFO - Sync 1 DAGs
[2023-12-10T19:00:39.890+0000] {logging_mixin.py:154} INFO - [2023-12-10T19:00:39.890+0000] {dag.py:3722} INFO - Setting next_dagrun for example_python_operator to None, run_after=None
[2023-12-10T19:00:39.913+0000] {processor.py:179} INFO - Processing /usr/local/lib/python3.10/dist-packages/airflow/example_dags/example_python_operator.py took 0.070 seconds
[2023-12-10T19:01:34.372+0000] {processor.py:157} INFO - Started process (PID=2767) to work on /usr/local/lib/python3.10/dist-packages/airflow/example_dags/example_python_operator.py
[2023-12-10T19:01:34.374+0000] {processor.py:829} INFO - Processing file /usr/local/lib/python3.10/dist-packages/airflow/example_dags/example_python_operator.py for tasks to queue
[2023-12-10T19:01:34.375+0000] {logging_mixin.py:154} INFO - [2023-12-10T19:01:34.374+0000] {dagbag.py:536} INFO - Filling up the DagBag from /usr/local/lib/python3.10/dist-packages/airflow/example_dags/example_python_operator.py
[2023-12-10T19:01:34.384+0000] {logging_mixin.py:154} INFO - [2023-12-10T19:01:34.384+0000] {example_python_operator.py:86} WARNING - The virtalenv_python example task requires virtualenv, please install it.
[2023-12-10T19:01:34.385+0000] {processor.py:839} INFO - DAG(s) dict_keys(['example_python_operator']) retrieved from /usr/local/lib/python3.10/dist-packages/airflow/example_dags/example_python_operator.py
[2023-12-10T19:01:34.403+0000] {logging_mixin.py:154} INFO - [2023-12-10T19:01:34.403+0000] {dag.py:2941} INFO - Sync 1 DAGs
[2023-12-10T19:01:34.414+0000] {logging_mixin.py:154} INFO - [2023-12-10T19:01:34.414+0000] {dag.py:3722} INFO - Setting next_dagrun for example_python_operator to None, run_after=None
[2023-12-10T19:01:34.438+0000] {processor.py:179} INFO - Processing /usr/local/lib/python3.10/dist-packages/airflow/example_dags/example_python_operator.py took 0.070 seconds
[2023-12-10T19:02:32.199+0000] {processor.py:157} INFO - Started process (PID=3309) to work on /usr/local/lib/python3.10/dist-packages/airflow/example_dags/example_python_operator.py
[2023-12-10T19:02:32.201+0000] {processor.py:829} INFO - Processing file /usr/local/lib/python3.10/dist-packages/airflow/example_dags/example_python_operator.py for tasks to queue
[2023-12-10T19:02:32.202+0000] {logging_mixin.py:154} INFO - [2023-12-10T19:02:32.201+0000] {dagbag.py:536} INFO - Filling up the DagBag from /usr/local/lib/python3.10/dist-packages/airflow/example_dags/example_python_operator.py
[2023-12-10T19:02:32.211+0000] {logging_mixin.py:154} INFO - [2023-12-10T19:02:32.211+0000] {example_python_operator.py:86} WARNING - The virtalenv_python example task requires virtualenv, please install it.
[2023-12-10T19:02:32.212+0000] {processor.py:839} INFO - DAG(s) dict_keys(['example_python_operator']) retrieved from /usr/local/lib/python3.10/dist-packages/airflow/example_dags/example_python_operator.py
[2023-12-10T19:02:32.238+0000] {logging_mixin.py:154} INFO - [2023-12-10T19:02:32.237+0000] {dag.py:2941} INFO - Sync 1 DAGs
[2023-12-10T19:02:32.250+0000] {logging_mixin.py:154} INFO - [2023-12-10T19:02:32.249+0000] {dag.py:3722} INFO - Setting next_dagrun for example_python_operator to None, run_after=None
[2023-12-10T19:02:32.273+0000] {processor.py:179} INFO - Processing /usr/local/lib/python3.10/dist-packages/airflow/example_dags/example_python_operator.py took 0.077 seconds
