[2023-12-10T18:59:58.566+0000] {processor.py:157} INFO - Started process (PID=2011) to work on /usr/local/lib/python3.10/dist-packages/airflow/example_dags/example_branch_operator_decorator.py
[2023-12-10T18:59:58.567+0000] {processor.py:829} INFO - Processing file /usr/local/lib/python3.10/dist-packages/airflow/example_dags/example_branch_operator_decorator.py for tasks to queue
[2023-12-10T18:59:58.568+0000] {logging_mixin.py:154} INFO - [2023-12-10T18:59:58.567+0000] {dagbag.py:536} INFO - Filling up the DagBag from /usr/local/lib/python3.10/dist-packages/airflow/example_dags/example_branch_operator_decorator.py
[2023-12-10T18:59:58.579+0000] {processor.py:839} INFO - DAG(s) dict_keys(['example_branch_python_operator_decorator']) retrieved from /usr/local/lib/python3.10/dist-packages/airflow/example_dags/example_branch_operator_decorator.py
[2023-12-10T18:59:58.599+0000] {logging_mixin.py:154} INFO - [2023-12-10T18:59:58.598+0000] {dag.py:2941} INFO - Sync 1 DAGs
[2023-12-10T18:59:58.621+0000] {logging_mixin.py:154} INFO - [2023-12-10T18:59:58.620+0000] {dag.py:3722} INFO - Setting next_dagrun for example_branch_python_operator_decorator to 2023-12-09T00:00:00+00:00, run_after=2023-12-10T00:00:00+00:00
[2023-12-10T18:59:58.645+0000] {processor.py:179} INFO - Processing /usr/local/lib/python3.10/dist-packages/airflow/example_dags/example_branch_operator_decorator.py took 0.082 seconds
[2023-12-10T19:00:58.699+0000] {processor.py:157} INFO - Started process (PID=2367) to work on /usr/local/lib/python3.10/dist-packages/airflow/example_dags/example_branch_operator_decorator.py
[2023-12-10T19:00:58.701+0000] {processor.py:829} INFO - Processing file /usr/local/lib/python3.10/dist-packages/airflow/example_dags/example_branch_operator_decorator.py for tasks to queue
[2023-12-10T19:00:58.702+0000] {logging_mixin.py:154} INFO - [2023-12-10T19:00:58.702+0000] {dagbag.py:536} INFO - Filling up the DagBag from /usr/local/lib/python3.10/dist-packages/airflow/example_dags/example_branch_operator_decorator.py
[2023-12-10T19:00:58.714+0000] {processor.py:839} INFO - DAG(s) dict_keys(['example_branch_python_operator_decorator']) retrieved from /usr/local/lib/python3.10/dist-packages/airflow/example_dags/example_branch_operator_decorator.py
[2023-12-10T19:00:58.734+0000] {logging_mixin.py:154} INFO - [2023-12-10T19:00:58.734+0000] {dag.py:2941} INFO - Sync 1 DAGs
[2023-12-10T19:00:58.757+0000] {logging_mixin.py:154} INFO - [2023-12-10T19:00:58.757+0000] {dag.py:3722} INFO - Setting next_dagrun for example_branch_python_operator_decorator to 2023-12-09T00:00:00+00:00, run_after=2023-12-10T00:00:00+00:00
[2023-12-10T19:00:58.791+0000] {processor.py:179} INFO - Processing /usr/local/lib/python3.10/dist-packages/airflow/example_dags/example_branch_operator_decorator.py took 0.095 seconds
[2023-12-10T19:02:03.521+0000] {processor.py:157} INFO - Started process (PID=3162) to work on /usr/local/lib/python3.10/dist-packages/airflow/example_dags/example_branch_operator_decorator.py
[2023-12-10T19:02:03.523+0000] {processor.py:829} INFO - Processing file /usr/local/lib/python3.10/dist-packages/airflow/example_dags/example_branch_operator_decorator.py for tasks to queue
[2023-12-10T19:02:03.524+0000] {logging_mixin.py:154} INFO - [2023-12-10T19:02:03.524+0000] {dagbag.py:536} INFO - Filling up the DagBag from /usr/local/lib/python3.10/dist-packages/airflow/example_dags/example_branch_operator_decorator.py
[2023-12-10T19:02:03.536+0000] {processor.py:839} INFO - DAG(s) dict_keys(['example_branch_python_operator_decorator']) retrieved from /usr/local/lib/python3.10/dist-packages/airflow/example_dags/example_branch_operator_decorator.py
[2023-12-10T19:02:03.555+0000] {logging_mixin.py:154} INFO - [2023-12-10T19:02:03.555+0000] {dag.py:2941} INFO - Sync 1 DAGs
[2023-12-10T19:02:03.578+0000] {logging_mixin.py:154} INFO - [2023-12-10T19:02:03.577+0000] {dag.py:3722} INFO - Setting next_dagrun for example_branch_python_operator_decorator to 2023-12-09T00:00:00+00:00, run_after=2023-12-10T00:00:00+00:00
[2023-12-10T19:02:03.605+0000] {processor.py:179} INFO - Processing /usr/local/lib/python3.10/dist-packages/airflow/example_dags/example_branch_operator_decorator.py took 0.088 seconds
[2023-12-10T19:02:50.422+0000] {processor.py:157} INFO - Started process (PID=3329) to work on /usr/local/lib/python3.10/dist-packages/airflow/example_dags/example_branch_operator_decorator.py
[2023-12-10T19:02:50.424+0000] {processor.py:829} INFO - Processing file /usr/local/lib/python3.10/dist-packages/airflow/example_dags/example_branch_operator_decorator.py for tasks to queue
[2023-12-10T19:02:50.425+0000] {logging_mixin.py:154} INFO - [2023-12-10T19:02:50.425+0000] {dagbag.py:536} INFO - Filling up the DagBag from /usr/local/lib/python3.10/dist-packages/airflow/example_dags/example_branch_operator_decorator.py
[2023-12-10T19:02:50.437+0000] {processor.py:839} INFO - DAG(s) dict_keys(['example_branch_python_operator_decorator']) retrieved from /usr/local/lib/python3.10/dist-packages/airflow/example_dags/example_branch_operator_decorator.py
[2023-12-10T19:02:50.455+0000] {logging_mixin.py:154} INFO - [2023-12-10T19:02:50.455+0000] {dag.py:2941} INFO - Sync 1 DAGs
[2023-12-10T19:02:50.477+0000] {logging_mixin.py:154} INFO - [2023-12-10T19:02:50.477+0000] {dag.py:3722} INFO - Setting next_dagrun for example_branch_python_operator_decorator to 2023-12-09T00:00:00+00:00, run_after=2023-12-10T00:00:00+00:00
[2023-12-10T19:02:50.500+0000] {processor.py:179} INFO - Processing /usr/local/lib/python3.10/dist-packages/airflow/example_dags/example_branch_operator_decorator.py took 0.081 seconds
