[2023-12-10T18:59:54.567+0000] {processor.py:157} INFO - Started process (PID=2007) to work on /usr/local/lib/python3.10/dist-packages/airflow/example_dags/example_complex.py
[2023-12-10T18:59:54.568+0000] {processor.py:829} INFO - Processing file /usr/local/lib/python3.10/dist-packages/airflow/example_dags/example_complex.py for tasks to queue
[2023-12-10T18:59:54.569+0000] {logging_mixin.py:154} INFO - [2023-12-10T18:59:54.569+0000] {dagbag.py:536} INFO - Filling up the DagBag from /usr/local/lib/python3.10/dist-packages/airflow/example_dags/example_complex.py
[2023-12-10T18:59:54.581+0000] {processor.py:839} INFO - DAG(s) dict_keys(['example_complex']) retrieved from /usr/local/lib/python3.10/dist-packages/airflow/example_dags/example_complex.py
[2023-12-10T18:59:54.609+0000] {logging_mixin.py:154} INFO - [2023-12-10T18:59:54.608+0000] {dag.py:2941} INFO - Sync 1 DAGs
[2023-12-10T18:59:54.620+0000] {logging_mixin.py:154} INFO - [2023-12-10T18:59:54.620+0000] {dag.py:3722} INFO - Setting next_dagrun for example_complex to None, run_after=None
[2023-12-10T18:59:54.644+0000] {processor.py:179} INFO - Processing /usr/local/lib/python3.10/dist-packages/airflow/example_dags/example_complex.py took 0.080 seconds
[2023-12-10T19:00:44.995+0000] {processor.py:157} INFO - Started process (PID=2354) to work on /usr/local/lib/python3.10/dist-packages/airflow/example_dags/example_complex.py
[2023-12-10T19:00:44.997+0000] {processor.py:829} INFO - Processing file /usr/local/lib/python3.10/dist-packages/airflow/example_dags/example_complex.py for tasks to queue
[2023-12-10T19:00:44.998+0000] {logging_mixin.py:154} INFO - [2023-12-10T19:00:44.998+0000] {dagbag.py:536} INFO - Filling up the DagBag from /usr/local/lib/python3.10/dist-packages/airflow/example_dags/example_complex.py
[2023-12-10T19:00:45.010+0000] {processor.py:839} INFO - DAG(s) dict_keys(['example_complex']) retrieved from /usr/local/lib/python3.10/dist-packages/airflow/example_dags/example_complex.py
[2023-12-10T19:00:45.038+0000] {logging_mixin.py:154} INFO - [2023-12-10T19:00:45.038+0000] {dag.py:2941} INFO - Sync 1 DAGs
[2023-12-10T19:00:45.051+0000] {logging_mixin.py:154} INFO - [2023-12-10T19:00:45.051+0000] {dag.py:3722} INFO - Setting next_dagrun for example_complex to None, run_after=None
[2023-12-10T19:00:45.073+0000] {processor.py:179} INFO - Processing /usr/local/lib/python3.10/dist-packages/airflow/example_dags/example_complex.py took 0.081 seconds
[2023-12-10T19:01:39.257+0000] {processor.py:157} INFO - Started process (PID=2832) to work on /usr/local/lib/python3.10/dist-packages/airflow/example_dags/example_complex.py
[2023-12-10T19:01:39.259+0000] {processor.py:829} INFO - Processing file /usr/local/lib/python3.10/dist-packages/airflow/example_dags/example_complex.py for tasks to queue
[2023-12-10T19:01:39.260+0000] {logging_mixin.py:154} INFO - [2023-12-10T19:01:39.260+0000] {dagbag.py:536} INFO - Filling up the DagBag from /usr/local/lib/python3.10/dist-packages/airflow/example_dags/example_complex.py
[2023-12-10T19:01:39.273+0000] {processor.py:839} INFO - DAG(s) dict_keys(['example_complex']) retrieved from /usr/local/lib/python3.10/dist-packages/airflow/example_dags/example_complex.py
[2023-12-10T19:01:39.301+0000] {logging_mixin.py:154} INFO - [2023-12-10T19:01:39.300+0000] {dag.py:2941} INFO - Sync 1 DAGs
[2023-12-10T19:01:39.312+0000] {logging_mixin.py:154} INFO - [2023-12-10T19:01:39.312+0000] {dag.py:3722} INFO - Setting next_dagrun for example_complex to None, run_after=None
[2023-12-10T19:01:39.337+0000] {processor.py:179} INFO - Processing /usr/local/lib/python3.10/dist-packages/airflow/example_dags/example_complex.py took 0.083 seconds
[2023-12-10T19:02:36.531+0000] {processor.py:157} INFO - Started process (PID=3314) to work on /usr/local/lib/python3.10/dist-packages/airflow/example_dags/example_complex.py
[2023-12-10T19:02:36.533+0000] {processor.py:829} INFO - Processing file /usr/local/lib/python3.10/dist-packages/airflow/example_dags/example_complex.py for tasks to queue
[2023-12-10T19:02:36.534+0000] {logging_mixin.py:154} INFO - [2023-12-10T19:02:36.534+0000] {dagbag.py:536} INFO - Filling up the DagBag from /usr/local/lib/python3.10/dist-packages/airflow/example_dags/example_complex.py
[2023-12-10T19:02:36.546+0000] {processor.py:839} INFO - DAG(s) dict_keys(['example_complex']) retrieved from /usr/local/lib/python3.10/dist-packages/airflow/example_dags/example_complex.py
[2023-12-10T19:02:36.574+0000] {logging_mixin.py:154} INFO - [2023-12-10T19:02:36.574+0000] {dag.py:2941} INFO - Sync 1 DAGs
[2023-12-10T19:02:36.586+0000] {logging_mixin.py:154} INFO - [2023-12-10T19:02:36.586+0000] {dag.py:3722} INFO - Setting next_dagrun for example_complex to None, run_after=None
[2023-12-10T19:02:36.610+0000] {processor.py:179} INFO - Processing /usr/local/lib/python3.10/dist-packages/airflow/example_dags/example_complex.py took 0.083 seconds
