[2023-12-10T19:00:00.857+0000] {processor.py:157} INFO - Started process (PID=2013) to work on /usr/local/lib/python3.10/dist-packages/airflow/example_dags/example_branch_operator.py
[2023-12-10T19:00:00.858+0000] {processor.py:829} INFO - Processing file /usr/local/lib/python3.10/dist-packages/airflow/example_dags/example_branch_operator.py for tasks to queue
[2023-12-10T19:00:00.859+0000] {logging_mixin.py:154} INFO - [2023-12-10T19:00:00.859+0000] {dagbag.py:536} INFO - Filling up the DagBag from /usr/local/lib/python3.10/dist-packages/airflow/example_dags/example_branch_operator.py
[2023-12-10T19:00:00.869+0000] {processor.py:839} INFO - DAG(s) dict_keys(['example_branch_operator']) retrieved from /usr/local/lib/python3.10/dist-packages/airflow/example_dags/example_branch_operator.py
[2023-12-10T19:00:00.890+0000] {logging_mixin.py:154} INFO - [2023-12-10T19:00:00.890+0000] {dag.py:2941} INFO - Sync 1 DAGs
[2023-12-10T19:00:00.912+0000] {logging_mixin.py:154} INFO - [2023-12-10T19:00:00.912+0000] {dag.py:3722} INFO - Setting next_dagrun for example_branch_operator to 2023-12-09T00:00:00+00:00, run_after=2023-12-10T00:00:00+00:00
[2023-12-10T19:00:00.935+0000] {processor.py:179} INFO - Processing /usr/local/lib/python3.10/dist-packages/airflow/example_dags/example_branch_operator.py took 0.082 seconds
[2023-12-10T19:01:00.651+0000] {processor.py:157} INFO - Started process (PID=2369) to work on /usr/local/lib/python3.10/dist-packages/airflow/example_dags/example_branch_operator.py
[2023-12-10T19:01:00.653+0000] {processor.py:829} INFO - Processing file /usr/local/lib/python3.10/dist-packages/airflow/example_dags/example_branch_operator.py for tasks to queue
[2023-12-10T19:01:00.654+0000] {logging_mixin.py:154} INFO - [2023-12-10T19:01:00.654+0000] {dagbag.py:536} INFO - Filling up the DagBag from /usr/local/lib/python3.10/dist-packages/airflow/example_dags/example_branch_operator.py
[2023-12-10T19:01:00.665+0000] {processor.py:839} INFO - DAG(s) dict_keys(['example_branch_operator']) retrieved from /usr/local/lib/python3.10/dist-packages/airflow/example_dags/example_branch_operator.py
[2023-12-10T19:01:00.685+0000] {logging_mixin.py:154} INFO - [2023-12-10T19:01:00.684+0000] {dag.py:2941} INFO - Sync 1 DAGs
[2023-12-10T19:01:00.708+0000] {logging_mixin.py:154} INFO - [2023-12-10T19:01:00.707+0000] {dag.py:3722} INFO - Setting next_dagrun for example_branch_operator to 2023-12-09T00:00:00+00:00, run_after=2023-12-10T00:00:00+00:00
[2023-12-10T19:01:00.733+0000] {processor.py:179} INFO - Processing /usr/local/lib/python3.10/dist-packages/airflow/example_dags/example_branch_operator.py took 0.085 seconds
[2023-12-10T19:02:05.900+0000] {processor.py:157} INFO - Started process (PID=3164) to work on /usr/local/lib/python3.10/dist-packages/airflow/example_dags/example_branch_operator.py
[2023-12-10T19:02:05.902+0000] {processor.py:829} INFO - Processing file /usr/local/lib/python3.10/dist-packages/airflow/example_dags/example_branch_operator.py for tasks to queue
[2023-12-10T19:02:05.903+0000] {logging_mixin.py:154} INFO - [2023-12-10T19:02:05.902+0000] {dagbag.py:536} INFO - Filling up the DagBag from /usr/local/lib/python3.10/dist-packages/airflow/example_dags/example_branch_operator.py
[2023-12-10T19:02:05.915+0000] {processor.py:839} INFO - DAG(s) dict_keys(['example_branch_operator']) retrieved from /usr/local/lib/python3.10/dist-packages/airflow/example_dags/example_branch_operator.py
[2023-12-10T19:02:05.934+0000] {logging_mixin.py:154} INFO - [2023-12-10T19:02:05.934+0000] {dag.py:2941} INFO - Sync 1 DAGs
[2023-12-10T19:02:05.956+0000] {logging_mixin.py:154} INFO - [2023-12-10T19:02:05.956+0000] {dag.py:3722} INFO - Setting next_dagrun for example_branch_operator to 2023-12-09T00:00:00+00:00, run_after=2023-12-10T00:00:00+00:00
[2023-12-10T19:02:05.984+0000] {processor.py:179} INFO - Processing /usr/local/lib/python3.10/dist-packages/airflow/example_dags/example_branch_operator.py took 0.088 seconds
[2023-12-10T19:02:52.537+0000] {processor.py:157} INFO - Started process (PID=3331) to work on /usr/local/lib/python3.10/dist-packages/airflow/example_dags/example_branch_operator.py
[2023-12-10T19:02:52.538+0000] {processor.py:829} INFO - Processing file /usr/local/lib/python3.10/dist-packages/airflow/example_dags/example_branch_operator.py for tasks to queue
[2023-12-10T19:02:52.539+0000] {logging_mixin.py:154} INFO - [2023-12-10T19:02:52.539+0000] {dagbag.py:536} INFO - Filling up the DagBag from /usr/local/lib/python3.10/dist-packages/airflow/example_dags/example_branch_operator.py
[2023-12-10T19:02:52.549+0000] {processor.py:839} INFO - DAG(s) dict_keys(['example_branch_operator']) retrieved from /usr/local/lib/python3.10/dist-packages/airflow/example_dags/example_branch_operator.py
[2023-12-10T19:02:52.568+0000] {logging_mixin.py:154} INFO - [2023-12-10T19:02:52.568+0000] {dag.py:2941} INFO - Sync 1 DAGs
[2023-12-10T19:02:52.590+0000] {logging_mixin.py:154} INFO - [2023-12-10T19:02:52.590+0000] {dag.py:3722} INFO - Setting next_dagrun for example_branch_operator to 2023-12-09T00:00:00+00:00, run_after=2023-12-10T00:00:00+00:00
[2023-12-10T19:02:52.614+0000] {processor.py:179} INFO - Processing /usr/local/lib/python3.10/dist-packages/airflow/example_dags/example_branch_operator.py took 0.081 seconds
