[2023-12-10T18:59:38.914+0000] {processor.py:157} INFO - Started process (PID=1991) to work on /usr/local/lib/python3.10/dist-packages/airflow/example_dags/example_sla_dag.py
[2023-12-10T18:59:38.915+0000] {processor.py:829} INFO - Processing file /usr/local/lib/python3.10/dist-packages/airflow/example_dags/example_sla_dag.py for tasks to queue
[2023-12-10T18:59:38.916+0000] {logging_mixin.py:154} INFO - [2023-12-10T18:59:38.915+0000] {dagbag.py:536} INFO - Filling up the DagBag from /usr/local/lib/python3.10/dist-packages/airflow/example_dags/example_sla_dag.py
[2023-12-10T18:59:38.925+0000] {processor.py:839} INFO - DAG(s) dict_keys(['example_sla_dag']) retrieved from /usr/local/lib/python3.10/dist-packages/airflow/example_dags/example_sla_dag.py
[2023-12-10T18:59:38.933+0000] {logging_mixin.py:154} INFO - [2023-12-10T18:59:38.933+0000] {dag.py:2941} INFO - Sync 1 DAGs
[2023-12-10T18:59:38.967+0000] {logging_mixin.py:154} INFO - [2023-12-10T18:59:38.966+0000] {dag.py:3722} INFO - Setting next_dagrun for example_sla_dag to 2023-12-10T18:56:00+00:00, run_after=2023-12-10T18:58:00+00:00
[2023-12-10T18:59:38.989+0000] {processor.py:179} INFO - Processing /usr/local/lib/python3.10/dist-packages/airflow/example_dags/example_sla_dag.py took 0.079 seconds
[2023-12-10T19:00:29.440+0000] {processor.py:157} INFO - Started process (PID=2218) to work on /usr/local/lib/python3.10/dist-packages/airflow/example_dags/example_sla_dag.py
[2023-12-10T19:00:29.442+0000] {processor.py:829} INFO - Processing file /usr/local/lib/python3.10/dist-packages/airflow/example_dags/example_sla_dag.py for tasks to queue
[2023-12-10T19:00:29.443+0000] {logging_mixin.py:154} INFO - [2023-12-10T19:00:29.442+0000] {dagbag.py:536} INFO - Filling up the DagBag from /usr/local/lib/python3.10/dist-packages/airflow/example_dags/example_sla_dag.py
[2023-12-10T19:00:29.463+0000] {processor.py:839} INFO - DAG(s) dict_keys(['example_sla_dag']) retrieved from /usr/local/lib/python3.10/dist-packages/airflow/example_dags/example_sla_dag.py
[2023-12-10T19:00:29.485+0000] {logging_mixin.py:154} INFO - [2023-12-10T19:00:29.485+0000] {dag.py:2941} INFO - Sync 1 DAGs
[2023-12-10T19:00:29.509+0000] {logging_mixin.py:154} INFO - [2023-12-10T19:00:29.509+0000] {dag.py:3722} INFO - Setting next_dagrun for example_sla_dag to 2023-12-10T18:58:00+00:00, run_after=2023-12-10T19:00:00+00:00
[2023-12-10T19:00:29.534+0000] {processor.py:179} INFO - Processing /usr/local/lib/python3.10/dist-packages/airflow/example_dags/example_sla_dag.py took 0.109 seconds
[2023-12-10T19:01:17.488+0000] {processor.py:157} INFO - Started process (PID=2570) to work on /usr/local/lib/python3.10/dist-packages/airflow/example_dags/example_sla_dag.py
[2023-12-10T19:01:17.490+0000] {processor.py:829} INFO - Processing file /usr/local/lib/python3.10/dist-packages/airflow/example_dags/example_sla_dag.py for tasks to queue
[2023-12-10T19:01:17.491+0000] {logging_mixin.py:154} INFO - [2023-12-10T19:01:17.490+0000] {dagbag.py:536} INFO - Filling up the DagBag from /usr/local/lib/python3.10/dist-packages/airflow/example_dags/example_sla_dag.py
[2023-12-10T19:01:17.500+0000] {processor.py:839} INFO - DAG(s) dict_keys(['example_sla_dag']) retrieved from /usr/local/lib/python3.10/dist-packages/airflow/example_dags/example_sla_dag.py
[2023-12-10T19:01:17.517+0000] {logging_mixin.py:154} INFO - [2023-12-10T19:01:17.516+0000] {dag.py:2941} INFO - Sync 1 DAGs
[2023-12-10T19:01:17.542+0000] {logging_mixin.py:154} INFO - [2023-12-10T19:01:17.542+0000] {dag.py:3722} INFO - Setting next_dagrun for example_sla_dag to 2023-12-10T18:58:00+00:00, run_after=2023-12-10T19:00:00+00:00
[2023-12-10T19:01:17.564+0000] {processor.py:179} INFO - Processing /usr/local/lib/python3.10/dist-packages/airflow/example_dags/example_sla_dag.py took 0.079 seconds
[2023-12-10T19:02:21.055+0000] {processor.py:157} INFO - Started process (PID=3238) to work on /usr/local/lib/python3.10/dist-packages/airflow/example_dags/example_sla_dag.py
[2023-12-10T19:02:21.057+0000] {processor.py:829} INFO - Processing file /usr/local/lib/python3.10/dist-packages/airflow/example_dags/example_sla_dag.py for tasks to queue
[2023-12-10T19:02:21.058+0000] {logging_mixin.py:154} INFO - [2023-12-10T19:02:21.058+0000] {dagbag.py:536} INFO - Filling up the DagBag from /usr/local/lib/python3.10/dist-packages/airflow/example_dags/example_sla_dag.py
[2023-12-10T19:02:21.067+0000] {processor.py:839} INFO - DAG(s) dict_keys(['example_sla_dag']) retrieved from /usr/local/lib/python3.10/dist-packages/airflow/example_dags/example_sla_dag.py
[2023-12-10T19:02:21.097+0000] {logging_mixin.py:154} INFO - [2023-12-10T19:02:21.097+0000] {dag.py:2941} INFO - Sync 1 DAGs
[2023-12-10T19:02:21.127+0000] {logging_mixin.py:154} INFO - [2023-12-10T19:02:21.126+0000] {dag.py:3722} INFO - Setting next_dagrun for example_sla_dag to 2023-12-10T19:00:00+00:00, run_after=2023-12-10T19:02:00+00:00
[2023-12-10T19:02:21.153+0000] {processor.py:179} INFO - Processing /usr/local/lib/python3.10/dist-packages/airflow/example_dags/example_sla_dag.py took 0.101 seconds
