[2023-12-10T18:59:57.879+0000] {processor.py:157} INFO - Started process (PID=2010) to work on /usr/local/lib/python3.10/dist-packages/airflow/example_dags/example_branch_day_of_week_operator.py
[2023-12-10T18:59:57.880+0000] {processor.py:829} INFO - Processing file /usr/local/lib/python3.10/dist-packages/airflow/example_dags/example_branch_day_of_week_operator.py for tasks to queue
[2023-12-10T18:59:57.881+0000] {logging_mixin.py:154} INFO - [2023-12-10T18:59:57.881+0000] {dagbag.py:536} INFO - Filling up the DagBag from /usr/local/lib/python3.10/dist-packages/airflow/example_dags/example_branch_day_of_week_operator.py
[2023-12-10T18:59:57.889+0000] {processor.py:839} INFO - DAG(s) dict_keys(['example_weekday_branch_operator']) retrieved from /usr/local/lib/python3.10/dist-packages/airflow/example_dags/example_branch_day_of_week_operator.py
[2023-12-10T18:59:57.907+0000] {logging_mixin.py:154} INFO - [2023-12-10T18:59:57.907+0000] {dag.py:2941} INFO - Sync 1 DAGs
[2023-12-10T18:59:57.929+0000] {logging_mixin.py:154} INFO - [2023-12-10T18:59:57.929+0000] {dag.py:3722} INFO - Setting next_dagrun for example_weekday_branch_operator to 2023-12-09T00:00:00+00:00, run_after=2023-12-10T00:00:00+00:00
[2023-12-10T18:59:57.956+0000] {processor.py:179} INFO - Processing /usr/local/lib/python3.10/dist-packages/airflow/example_dags/example_branch_day_of_week_operator.py took 0.080 seconds
[2023-12-10T19:00:57.790+0000] {processor.py:157} INFO - Started process (PID=2366) to work on /usr/local/lib/python3.10/dist-packages/airflow/example_dags/example_branch_day_of_week_operator.py
[2023-12-10T19:00:57.791+0000] {processor.py:829} INFO - Processing file /usr/local/lib/python3.10/dist-packages/airflow/example_dags/example_branch_day_of_week_operator.py for tasks to queue
[2023-12-10T19:00:57.792+0000] {logging_mixin.py:154} INFO - [2023-12-10T19:00:57.792+0000] {dagbag.py:536} INFO - Filling up the DagBag from /usr/local/lib/python3.10/dist-packages/airflow/example_dags/example_branch_day_of_week_operator.py
[2023-12-10T19:00:57.801+0000] {processor.py:839} INFO - DAG(s) dict_keys(['example_weekday_branch_operator']) retrieved from /usr/local/lib/python3.10/dist-packages/airflow/example_dags/example_branch_day_of_week_operator.py
[2023-12-10T19:00:57.819+0000] {logging_mixin.py:154} INFO - [2023-12-10T19:00:57.819+0000] {dag.py:2941} INFO - Sync 1 DAGs
[2023-12-10T19:00:57.841+0000] {logging_mixin.py:154} INFO - [2023-12-10T19:00:57.841+0000] {dag.py:3722} INFO - Setting next_dagrun for example_weekday_branch_operator to 2023-12-09T00:00:00+00:00, run_after=2023-12-10T00:00:00+00:00
[2023-12-10T19:00:57.864+0000] {processor.py:179} INFO - Processing /usr/local/lib/python3.10/dist-packages/airflow/example_dags/example_branch_day_of_week_operator.py took 0.077 seconds
[2023-12-10T19:02:02.051+0000] {processor.py:157} INFO - Started process (PID=3128) to work on /usr/local/lib/python3.10/dist-packages/airflow/example_dags/example_branch_day_of_week_operator.py
[2023-12-10T19:02:02.053+0000] {processor.py:829} INFO - Processing file /usr/local/lib/python3.10/dist-packages/airflow/example_dags/example_branch_day_of_week_operator.py for tasks to queue
[2023-12-10T19:02:02.061+0000] {logging_mixin.py:154} INFO - [2023-12-10T19:02:02.060+0000] {dagbag.py:536} INFO - Filling up the DagBag from /usr/local/lib/python3.10/dist-packages/airflow/example_dags/example_branch_day_of_week_operator.py
[2023-12-10T19:02:02.119+0000] {processor.py:839} INFO - DAG(s) dict_keys(['example_weekday_branch_operator']) retrieved from /usr/local/lib/python3.10/dist-packages/airflow/example_dags/example_branch_day_of_week_operator.py
[2023-12-10T19:02:02.191+0000] {logging_mixin.py:154} INFO - [2023-12-10T19:02:02.184+0000] {dag.py:2941} INFO - Sync 1 DAGs
[2023-12-10T19:02:02.286+0000] {logging_mixin.py:154} INFO - [2023-12-10T19:02:02.281+0000] {dag.py:3722} INFO - Setting next_dagrun for example_weekday_branch_operator to 2023-12-09T00:00:00+00:00, run_after=2023-12-10T00:00:00+00:00
[2023-12-10T19:02:02.353+0000] {processor.py:179} INFO - Processing /usr/local/lib/python3.10/dist-packages/airflow/example_dags/example_branch_day_of_week_operator.py took 0.314 seconds
[2023-12-10T19:02:49.277+0000] {processor.py:157} INFO - Started process (PID=3328) to work on /usr/local/lib/python3.10/dist-packages/airflow/example_dags/example_branch_day_of_week_operator.py
[2023-12-10T19:02:49.279+0000] {processor.py:829} INFO - Processing file /usr/local/lib/python3.10/dist-packages/airflow/example_dags/example_branch_day_of_week_operator.py for tasks to queue
[2023-12-10T19:02:49.280+0000] {logging_mixin.py:154} INFO - [2023-12-10T19:02:49.279+0000] {dagbag.py:536} INFO - Filling up the DagBag from /usr/local/lib/python3.10/dist-packages/airflow/example_dags/example_branch_day_of_week_operator.py
[2023-12-10T19:02:49.288+0000] {processor.py:839} INFO - DAG(s) dict_keys(['example_weekday_branch_operator']) retrieved from /usr/local/lib/python3.10/dist-packages/airflow/example_dags/example_branch_day_of_week_operator.py
[2023-12-10T19:02:49.306+0000] {logging_mixin.py:154} INFO - [2023-12-10T19:02:49.306+0000] {dag.py:2941} INFO - Sync 1 DAGs
[2023-12-10T19:02:49.328+0000] {logging_mixin.py:154} INFO - [2023-12-10T19:02:49.328+0000] {dag.py:3722} INFO - Setting next_dagrun for example_weekday_branch_operator to 2023-12-09T00:00:00+00:00, run_after=2023-12-10T00:00:00+00:00
[2023-12-10T19:02:49.352+0000] {processor.py:179} INFO - Processing /usr/local/lib/python3.10/dist-packages/airflow/example_dags/example_branch_day_of_week_operator.py took 0.079 seconds
