[2023-12-10T18:59:59.716+0000] {processor.py:157} INFO - Started process (PID=2012) to work on /usr/local/lib/python3.10/dist-packages/airflow/example_dags/example_branch_datetime_operator.py
[2023-12-10T18:59:59.717+0000] {processor.py:829} INFO - Processing file /usr/local/lib/python3.10/dist-packages/airflow/example_dags/example_branch_datetime_operator.py for tasks to queue
[2023-12-10T18:59:59.718+0000] {logging_mixin.py:154} INFO - [2023-12-10T18:59:59.718+0000] {dagbag.py:536} INFO - Filling up the DagBag from /usr/local/lib/python3.10/dist-packages/airflow/example_dags/example_branch_datetime_operator.py
[2023-12-10T18:59:59.731+0000] {processor.py:839} INFO - DAG(s) dict_keys(['example_branch_datetime_operator_2', 'example_branch_datetime_operator', 'example_branch_datetime_operator_3']) retrieved from /usr/local/lib/python3.10/dist-packages/airflow/example_dags/example_branch_datetime_operator.py
[2023-12-10T18:59:59.754+0000] {logging_mixin.py:154} INFO - [2023-12-10T18:59:59.754+0000] {dag.py:2941} INFO - Sync 3 DAGs
[2023-12-10T18:59:59.777+0000] {logging_mixin.py:154} INFO - [2023-12-10T18:59:59.777+0000] {dag.py:3722} INFO - Setting next_dagrun for example_branch_datetime_operator to 2023-12-09T00:00:00+00:00, run_after=2023-12-10T00:00:00+00:00
[2023-12-10T18:59:59.782+0000] {logging_mixin.py:154} INFO - [2023-12-10T18:59:59.782+0000] {dag.py:3722} INFO - Setting next_dagrun for example_branch_datetime_operator_2 to 2023-12-09T00:00:00+00:00, run_after=2023-12-10T00:00:00+00:00
[2023-12-10T18:59:59.785+0000] {logging_mixin.py:154} INFO - [2023-12-10T18:59:59.785+0000] {dag.py:3722} INFO - Setting next_dagrun for example_branch_datetime_operator_3 to 2023-12-09T00:00:00+00:00, run_after=2023-12-10T00:00:00+00:00
[2023-12-10T18:59:59.807+0000] {processor.py:179} INFO - Processing /usr/local/lib/python3.10/dist-packages/airflow/example_dags/example_branch_datetime_operator.py took 0.094 seconds
[2023-12-10T19:00:59.846+0000] {processor.py:157} INFO - Started process (PID=2368) to work on /usr/local/lib/python3.10/dist-packages/airflow/example_dags/example_branch_datetime_operator.py
[2023-12-10T19:00:59.848+0000] {processor.py:829} INFO - Processing file /usr/local/lib/python3.10/dist-packages/airflow/example_dags/example_branch_datetime_operator.py for tasks to queue
[2023-12-10T19:00:59.849+0000] {logging_mixin.py:154} INFO - [2023-12-10T19:00:59.848+0000] {dagbag.py:536} INFO - Filling up the DagBag from /usr/local/lib/python3.10/dist-packages/airflow/example_dags/example_branch_datetime_operator.py
[2023-12-10T19:00:59.860+0000] {processor.py:839} INFO - DAG(s) dict_keys(['example_branch_datetime_operator_2', 'example_branch_datetime_operator_3', 'example_branch_datetime_operator']) retrieved from /usr/local/lib/python3.10/dist-packages/airflow/example_dags/example_branch_datetime_operator.py
[2023-12-10T19:00:59.884+0000] {logging_mixin.py:154} INFO - [2023-12-10T19:00:59.884+0000] {dag.py:2941} INFO - Sync 3 DAGs
[2023-12-10T19:00:59.920+0000] {logging_mixin.py:154} INFO - [2023-12-10T19:00:59.917+0000] {dag.py:3722} INFO - Setting next_dagrun for example_branch_datetime_operator to 2023-12-09T00:00:00+00:00, run_after=2023-12-10T00:00:00+00:00
[2023-12-10T19:00:59.929+0000] {logging_mixin.py:154} INFO - [2023-12-10T19:00:59.929+0000] {dag.py:3722} INFO - Setting next_dagrun for example_branch_datetime_operator_2 to 2023-12-09T00:00:00+00:00, run_after=2023-12-10T00:00:00+00:00
[2023-12-10T19:00:59.932+0000] {logging_mixin.py:154} INFO - [2023-12-10T19:00:59.932+0000] {dag.py:3722} INFO - Setting next_dagrun for example_branch_datetime_operator_3 to 2023-12-09T00:00:00+00:00, run_after=2023-12-10T00:00:00+00:00
[2023-12-10T19:00:59.962+0000] {processor.py:179} INFO - Processing /usr/local/lib/python3.10/dist-packages/airflow/example_dags/example_branch_datetime_operator.py took 0.120 seconds
[2023-12-10T19:02:04.661+0000] {processor.py:157} INFO - Started process (PID=3163) to work on /usr/local/lib/python3.10/dist-packages/airflow/example_dags/example_branch_datetime_operator.py
[2023-12-10T19:02:04.668+0000] {processor.py:829} INFO - Processing file /usr/local/lib/python3.10/dist-packages/airflow/example_dags/example_branch_datetime_operator.py for tasks to queue
[2023-12-10T19:02:04.669+0000] {logging_mixin.py:154} INFO - [2023-12-10T19:02:04.668+0000] {dagbag.py:536} INFO - Filling up the DagBag from /usr/local/lib/python3.10/dist-packages/airflow/example_dags/example_branch_datetime_operator.py
[2023-12-10T19:02:04.680+0000] {processor.py:839} INFO - DAG(s) dict_keys(['example_branch_datetime_operator_3', 'example_branch_datetime_operator_2', 'example_branch_datetime_operator']) retrieved from /usr/local/lib/python3.10/dist-packages/airflow/example_dags/example_branch_datetime_operator.py
[2023-12-10T19:02:04.704+0000] {logging_mixin.py:154} INFO - [2023-12-10T19:02:04.704+0000] {dag.py:2941} INFO - Sync 3 DAGs
[2023-12-10T19:02:04.728+0000] {logging_mixin.py:154} INFO - [2023-12-10T19:02:04.728+0000] {dag.py:3722} INFO - Setting next_dagrun for example_branch_datetime_operator to 2023-12-09T00:00:00+00:00, run_after=2023-12-10T00:00:00+00:00
[2023-12-10T19:02:04.733+0000] {logging_mixin.py:154} INFO - [2023-12-10T19:02:04.733+0000] {dag.py:3722} INFO - Setting next_dagrun for example_branch_datetime_operator_2 to 2023-12-09T00:00:00+00:00, run_after=2023-12-10T00:00:00+00:00
[2023-12-10T19:02:04.736+0000] {logging_mixin.py:154} INFO - [2023-12-10T19:02:04.736+0000] {dag.py:3722} INFO - Setting next_dagrun for example_branch_datetime_operator_3 to 2023-12-09T00:00:00+00:00, run_after=2023-12-10T00:00:00+00:00
[2023-12-10T19:02:04.761+0000] {processor.py:179} INFO - Processing /usr/local/lib/python3.10/dist-packages/airflow/example_dags/example_branch_datetime_operator.py took 0.103 seconds
[2023-12-10T19:02:51.561+0000] {processor.py:157} INFO - Started process (PID=3330) to work on /usr/local/lib/python3.10/dist-packages/airflow/example_dags/example_branch_datetime_operator.py
[2023-12-10T19:02:51.563+0000] {processor.py:829} INFO - Processing file /usr/local/lib/python3.10/dist-packages/airflow/example_dags/example_branch_datetime_operator.py for tasks to queue
[2023-12-10T19:02:51.564+0000] {logging_mixin.py:154} INFO - [2023-12-10T19:02:51.564+0000] {dagbag.py:536} INFO - Filling up the DagBag from /usr/local/lib/python3.10/dist-packages/airflow/example_dags/example_branch_datetime_operator.py
[2023-12-10T19:02:51.575+0000] {processor.py:839} INFO - DAG(s) dict_keys(['example_branch_datetime_operator', 'example_branch_datetime_operator_3', 'example_branch_datetime_operator_2']) retrieved from /usr/local/lib/python3.10/dist-packages/airflow/example_dags/example_branch_datetime_operator.py
[2023-12-10T19:02:51.598+0000] {logging_mixin.py:154} INFO - [2023-12-10T19:02:51.598+0000] {dag.py:2941} INFO - Sync 3 DAGs
[2023-12-10T19:02:51.625+0000] {logging_mixin.py:154} INFO - [2023-12-10T19:02:51.624+0000] {dag.py:3722} INFO - Setting next_dagrun for example_branch_datetime_operator to 2023-12-09T00:00:00+00:00, run_after=2023-12-10T00:00:00+00:00
[2023-12-10T19:02:51.634+0000] {logging_mixin.py:154} INFO - [2023-12-10T19:02:51.629+0000] {dag.py:3722} INFO - Setting next_dagrun for example_branch_datetime_operator_2 to 2023-12-09T00:00:00+00:00, run_after=2023-12-10T00:00:00+00:00
[2023-12-10T19:02:51.636+0000] {logging_mixin.py:154} INFO - [2023-12-10T19:02:51.636+0000] {dag.py:3722} INFO - Setting next_dagrun for example_branch_datetime_operator_3 to 2023-12-09T00:00:00+00:00, run_after=2023-12-10T00:00:00+00:00
[2023-12-10T19:02:51.663+0000] {processor.py:179} INFO - Processing /usr/local/lib/python3.10/dist-packages/airflow/example_dags/example_branch_datetime_operator.py took 0.105 seconds
