[2023-12-10T18:59:34.905+0000] {processor.py:157} INFO - Started process (PID=1986) to work on /usr/local/lib/python3.10/dist-packages/airflow/example_dags/tutorial_taskflow_api.py
[2023-12-10T18:59:34.906+0000] {processor.py:829} INFO - Processing file /usr/local/lib/python3.10/dist-packages/airflow/example_dags/tutorial_taskflow_api.py for tasks to queue
[2023-12-10T18:59:34.907+0000] {logging_mixin.py:154} INFO - [2023-12-10T18:59:34.906+0000] {dagbag.py:536} INFO - Filling up the DagBag from /usr/local/lib/python3.10/dist-packages/airflow/example_dags/tutorial_taskflow_api.py
[2023-12-10T18:59:34.919+0000] {processor.py:839} INFO - DAG(s) dict_keys(['tutorial_taskflow_api']) retrieved from /usr/local/lib/python3.10/dist-packages/airflow/example_dags/tutorial_taskflow_api.py
[2023-12-10T18:59:34.929+0000] {logging_mixin.py:154} INFO - [2023-12-10T18:59:34.929+0000] {dag.py:2941} INFO - Sync 1 DAGs
[2023-12-10T18:59:34.944+0000] {logging_mixin.py:154} INFO - [2023-12-10T18:59:34.943+0000] {dag.py:3722} INFO - Setting next_dagrun for tutorial_taskflow_api to None, run_after=None
[2023-12-10T18:59:34.968+0000] {processor.py:179} INFO - Processing /usr/local/lib/python3.10/dist-packages/airflow/example_dags/tutorial_taskflow_api.py took 0.066 seconds
[2023-12-10T19:00:24.512+0000] {processor.py:157} INFO - Started process (PID=2153) to work on /usr/local/lib/python3.10/dist-packages/airflow/example_dags/tutorial_taskflow_api.py
[2023-12-10T19:00:24.514+0000] {processor.py:829} INFO - Processing file /usr/local/lib/python3.10/dist-packages/airflow/example_dags/tutorial_taskflow_api.py for tasks to queue
[2023-12-10T19:00:24.515+0000] {logging_mixin.py:154} INFO - [2023-12-10T19:00:24.514+0000] {dagbag.py:536} INFO - Filling up the DagBag from /usr/local/lib/python3.10/dist-packages/airflow/example_dags/tutorial_taskflow_api.py
[2023-12-10T19:00:24.522+0000] {processor.py:839} INFO - DAG(s) dict_keys(['tutorial_taskflow_api']) retrieved from /usr/local/lib/python3.10/dist-packages/airflow/example_dags/tutorial_taskflow_api.py
[2023-12-10T19:00:24.539+0000] {logging_mixin.py:154} INFO - [2023-12-10T19:00:24.539+0000] {dag.py:2941} INFO - Sync 1 DAGs
[2023-12-10T19:00:24.551+0000] {logging_mixin.py:154} INFO - [2023-12-10T19:00:24.551+0000] {dag.py:3722} INFO - Setting next_dagrun for tutorial_taskflow_api to None, run_after=None
[2023-12-10T19:00:24.576+0000] {processor.py:179} INFO - Processing /usr/local/lib/python3.10/dist-packages/airflow/example_dags/tutorial_taskflow_api.py took 0.067 seconds
[2023-12-10T19:01:13.360+0000] {processor.py:157} INFO - Started process (PID=2505) to work on /usr/local/lib/python3.10/dist-packages/airflow/example_dags/tutorial_taskflow_api.py
[2023-12-10T19:01:13.362+0000] {processor.py:829} INFO - Processing file /usr/local/lib/python3.10/dist-packages/airflow/example_dags/tutorial_taskflow_api.py for tasks to queue
[2023-12-10T19:01:13.363+0000] {logging_mixin.py:154} INFO - [2023-12-10T19:01:13.362+0000] {dagbag.py:536} INFO - Filling up the DagBag from /usr/local/lib/python3.10/dist-packages/airflow/example_dags/tutorial_taskflow_api.py
[2023-12-10T19:01:13.370+0000] {processor.py:839} INFO - DAG(s) dict_keys(['tutorial_taskflow_api']) retrieved from /usr/local/lib/python3.10/dist-packages/airflow/example_dags/tutorial_taskflow_api.py
[2023-12-10T19:01:13.387+0000] {logging_mixin.py:154} INFO - [2023-12-10T19:01:13.387+0000] {dag.py:2941} INFO - Sync 1 DAGs
[2023-12-10T19:01:13.399+0000] {logging_mixin.py:154} INFO - [2023-12-10T19:01:13.399+0000] {dag.py:3722} INFO - Setting next_dagrun for tutorial_taskflow_api to None, run_after=None
[2023-12-10T19:01:13.423+0000] {processor.py:179} INFO - Processing /usr/local/lib/python3.10/dist-packages/airflow/example_dags/tutorial_taskflow_api.py took 0.066 seconds
[2023-12-10T19:02:16.255+0000] {processor.py:157} INFO - Started process (PID=3173) to work on /usr/local/lib/python3.10/dist-packages/airflow/example_dags/tutorial_taskflow_api.py
[2023-12-10T19:02:16.258+0000] {processor.py:829} INFO - Processing file /usr/local/lib/python3.10/dist-packages/airflow/example_dags/tutorial_taskflow_api.py for tasks to queue
[2023-12-10T19:02:16.259+0000] {logging_mixin.py:154} INFO - [2023-12-10T19:02:16.258+0000] {dagbag.py:536} INFO - Filling up the DagBag from /usr/local/lib/python3.10/dist-packages/airflow/example_dags/tutorial_taskflow_api.py
[2023-12-10T19:02:16.266+0000] {processor.py:839} INFO - DAG(s) dict_keys(['tutorial_taskflow_api']) retrieved from /usr/local/lib/python3.10/dist-packages/airflow/example_dags/tutorial_taskflow_api.py
[2023-12-10T19:02:16.282+0000] {logging_mixin.py:154} INFO - [2023-12-10T19:02:16.282+0000] {dag.py:2941} INFO - Sync 1 DAGs
[2023-12-10T19:02:16.295+0000] {logging_mixin.py:154} INFO - [2023-12-10T19:02:16.294+0000] {dag.py:3722} INFO - Setting next_dagrun for tutorial_taskflow_api to None, run_after=None
[2023-12-10T19:02:16.345+0000] {processor.py:179} INFO - Processing /usr/local/lib/python3.10/dist-packages/airflow/example_dags/tutorial_taskflow_api.py took 0.093 seconds
