2023-12-11 12:16:19.127 [info] Log level: Info
2023-12-11 12:16:19.132 [info] Validating found git in: "git"
2023-12-11 12:16:19.133 [info] Using git "2.34.1" from "git"
2023-12-11 12:16:19.133 [info] > git rev-parse --show-toplevel [59ms]
2023-12-11 12:16:19.133 [info] > git rev-parse --git-dir --git-common-dir [4ms]
2023-12-11 12:16:19.133 [info] Open repository: /home/ubuntu
2023-12-11 12:16:19.133 [info] > git config --get commit.template [7ms]
2023-12-11 12:16:19.133 [info] > git rev-parse --show-toplevel [25ms]
2023-12-11 12:16:19.133 [info] > git for-each-ref --format=%(refname)%00%(upstream:short)%00%(objectname)%00%(upstream:track)%00%(upstream:remotename)%00%(upstream:remoteref) refs/heads/main refs/remotes/main [14ms]
2023-12-11 12:16:19.134 [info] > git rev-parse --show-toplevel [17ms]
2023-12-11 12:16:19.207 [info] > git status -z -uall [119ms]
2023-12-11 12:16:19.274 [info] > git rev-parse --show-toplevel [150ms]
2023-12-11 12:16:19.292 [info] > git config --get commit.template [12ms]
2023-12-11 12:16:19.294 [info] > git rev-parse --show-toplevel [9ms]
2023-12-11 12:16:19.309 [info] > git for-each-ref --format=%(refname)%00%(upstream:short)%00%(objectname)%00%(upstream:track)%00%(upstream:remotename)%00%(upstream:remoteref) refs/heads/main refs/remotes/main [9ms]
2023-12-11 12:16:19.316 [info] > git rev-parse --show-toplevel [10ms]
2023-12-11 12:16:19.725 [info] > git status -z -uall [410ms]
2023-12-11 12:16:19.818 [info] > git rev-parse --show-toplevel [95ms]
2023-12-11 12:16:19.833 [info] > git check-ignore -v -z --stdin [18ms]
2023-12-11 12:16:20.599 [info] > git show --textconv :README.md [8ms]
2023-12-11 12:16:20.604 [info] > git ls-files --stage -- /home/ubuntu/README.md [5ms]
2023-12-11 12:16:20.866 [info] > git check-ignore -v -z --stdin [5ms]
2023-12-11 12:18:36.391 [info] > git config --get commit.template [7ms]
2023-12-11 12:18:36.393 [info] > git for-each-ref --format=%(refname)%00%(upstream:short)%00%(objectname)%00%(upstream:track)%00%(upstream:remotename)%00%(upstream:remoteref) refs/heads/main refs/remotes/main [4ms]
2023-12-11 12:18:36.423 [info] > git status -z -uall [25ms]
2023-12-11 12:18:40.974 [info] > git show --textconv :airflow/dags/weather_dag.py [8ms]
2023-12-11 12:18:40.979 [info] > git ls-files --stage -- /home/ubuntu/airflow/dags/weather_dag.py [5ms]
2023-12-11 12:18:40.986 [info] > git cat-file -s 1d33b52582458a6e3b8dd6246daf93a905209a4e [2ms]
2023-12-11 12:18:41.483 [info] > git config --get commit.template [8ms]
2023-12-11 12:18:41.485 [info] > git for-each-ref --format=%(refname)%00%(upstream:short)%00%(objectname)%00%(upstream:track)%00%(upstream:remotename)%00%(upstream:remoteref) refs/heads/main refs/remotes/main [4ms]
2023-12-11 12:18:41.517 [info] > git status -z -uall [26ms]
2023-12-11 12:18:46.582 [info] > git config --get commit.template [7ms]
2023-12-11 12:18:46.584 [info] > git for-each-ref --format=%(refname)%00%(upstream:short)%00%(objectname)%00%(upstream:track)%00%(upstream:remotename)%00%(upstream:remoteref) refs/heads/main refs/remotes/main [3ms]
2023-12-11 12:18:46.615 [info] > git status -z -uall [25ms]
2023-12-11 12:18:51.671 [info] > git config --get commit.template [7ms]
2023-12-11 12:18:51.673 [info] > git for-each-ref --format=%(refname)%00%(upstream:short)%00%(objectname)%00%(upstream:track)%00%(upstream:remotename)%00%(upstream:remoteref) refs/heads/main refs/remotes/main [3ms]
2023-12-11 12:18:51.702 [info] > git status -z -uall [20ms]
2023-12-11 12:18:56.742 [info] > git config --get commit.template [7ms]
2023-12-11 12:18:56.744 [info] > git for-each-ref --format=%(refname)%00%(upstream:short)%00%(objectname)%00%(upstream:track)%00%(upstream:remotename)%00%(upstream:remoteref) refs/heads/main refs/remotes/main [3ms]
2023-12-11 12:18:56.769 [info] > git status -z -uall [20ms]
