[2023-12-06T18:21:44.285+0000] {processor.py:157} INFO - Started process (PID=3661) to work on /usr/local/lib/python3.10/dist-packages/airflow/example_dags/plugins/listener_plugin.py
[2023-12-06T18:21:44.290+0000] {processor.py:829} INFO - Processing file /usr/local/lib/python3.10/dist-packages/airflow/example_dags/plugins/listener_plugin.py for tasks to queue
[2023-12-06T18:21:44.294+0000] {logging_mixin.py:154} INFO - [2023-12-06T18:21:44.293+0000] {dagbag.py:536} INFO - Filling up the DagBag from /usr/local/lib/python3.10/dist-packages/airflow/example_dags/plugins/listener_plugin.py
[2023-12-06T18:21:44.297+0000] {processor.py:841} WARNING - No viable dags retrieved from /usr/local/lib/python3.10/dist-packages/airflow/example_dags/plugins/listener_plugin.py
[2023-12-06T18:21:44.323+0000] {processor.py:179} INFO - Processing /usr/local/lib/python3.10/dist-packages/airflow/example_dags/plugins/listener_plugin.py took 0.042 seconds
[2023-12-06T18:22:37.871+0000] {processor.py:157} INFO - Started process (PID=3711) to work on /usr/local/lib/python3.10/dist-packages/airflow/example_dags/plugins/listener_plugin.py
[2023-12-06T18:22:37.873+0000] {processor.py:829} INFO - Processing file /usr/local/lib/python3.10/dist-packages/airflow/example_dags/plugins/listener_plugin.py for tasks to queue
[2023-12-06T18:22:37.873+0000] {logging_mixin.py:154} INFO - [2023-12-06T18:22:37.873+0000] {dagbag.py:536} INFO - Filling up the DagBag from /usr/local/lib/python3.10/dist-packages/airflow/example_dags/plugins/listener_plugin.py
[2023-12-06T18:22:37.877+0000] {processor.py:841} WARNING - No viable dags retrieved from /usr/local/lib/python3.10/dist-packages/airflow/example_dags/plugins/listener_plugin.py
[2023-12-06T18:22:37.888+0000] {processor.py:179} INFO - Processing /usr/local/lib/python3.10/dist-packages/airflow/example_dags/plugins/listener_plugin.py took 0.021 seconds
[2023-12-06T18:23:14.089+0000] {processor.py:157} INFO - Started process (PID=3752) to work on /usr/local/lib/python3.10/dist-packages/airflow/example_dags/plugins/listener_plugin.py
[2023-12-06T18:23:14.090+0000] {processor.py:829} INFO - Processing file /usr/local/lib/python3.10/dist-packages/airflow/example_dags/plugins/listener_plugin.py for tasks to queue
[2023-12-06T18:23:14.091+0000] {logging_mixin.py:154} INFO - [2023-12-06T18:23:14.091+0000] {dagbag.py:536} INFO - Filling up the DagBag from /usr/local/lib/python3.10/dist-packages/airflow/example_dags/plugins/listener_plugin.py
[2023-12-06T18:23:14.094+0000] {processor.py:841} WARNING - No viable dags retrieved from /usr/local/lib/python3.10/dist-packages/airflow/example_dags/plugins/listener_plugin.py
[2023-12-06T18:23:14.105+0000] {processor.py:179} INFO - Processing /usr/local/lib/python3.10/dist-packages/airflow/example_dags/plugins/listener_plugin.py took 0.021 seconds
[2023-12-06T18:23:47.346+0000] {processor.py:157} INFO - Started process (PID=3786) to work on /usr/local/lib/python3.10/dist-packages/airflow/example_dags/plugins/listener_plugin.py
[2023-12-06T18:23:47.347+0000] {processor.py:829} INFO - Processing file /usr/local/lib/python3.10/dist-packages/airflow/example_dags/plugins/listener_plugin.py for tasks to queue
[2023-12-06T18:23:47.347+0000] {logging_mixin.py:154} INFO - [2023-12-06T18:23:47.347+0000] {dagbag.py:536} INFO - Filling up the DagBag from /usr/local/lib/python3.10/dist-packages/airflow/example_dags/plugins/listener_plugin.py
[2023-12-06T18:23:47.351+0000] {processor.py:841} WARNING - No viable dags retrieved from /usr/local/lib/python3.10/dist-packages/airflow/example_dags/plugins/listener_plugin.py
[2023-12-06T18:23:47.362+0000] {processor.py:179} INFO - Processing /usr/local/lib/python3.10/dist-packages/airflow/example_dags/plugins/listener_plugin.py took 0.020 seconds
[2023-12-06T18:24:19.991+0000] {processor.py:157} INFO - Started process (PID=3819) to work on /usr/local/lib/python3.10/dist-packages/airflow/example_dags/plugins/listener_plugin.py
[2023-12-06T18:24:19.994+0000] {processor.py:829} INFO - Processing file /usr/local/lib/python3.10/dist-packages/airflow/example_dags/plugins/listener_plugin.py for tasks to queue
[2023-12-06T18:24:19.995+0000] {logging_mixin.py:154} INFO - [2023-12-06T18:24:19.995+0000] {dagbag.py:536} INFO - Filling up the DagBag from /usr/local/lib/python3.10/dist-packages/airflow/example_dags/plugins/listener_plugin.py
[2023-12-06T18:24:19.998+0000] {processor.py:841} WARNING - No viable dags retrieved from /usr/local/lib/python3.10/dist-packages/airflow/example_dags/plugins/listener_plugin.py
[2023-12-06T18:24:20.010+0000] {processor.py:179} INFO - Processing /usr/local/lib/python3.10/dist-packages/airflow/example_dags/plugins/listener_plugin.py took 0.022 seconds
[2023-12-06T18:24:54.171+0000] {processor.py:157} INFO - Started process (PID=3855) to work on /usr/local/lib/python3.10/dist-packages/airflow/example_dags/plugins/listener_plugin.py
[2023-12-06T18:24:54.171+0000] {processor.py:829} INFO - Processing file /usr/local/lib/python3.10/dist-packages/airflow/example_dags/plugins/listener_plugin.py for tasks to queue
[2023-12-06T18:24:54.172+0000] {logging_mixin.py:154} INFO - [2023-12-06T18:24:54.172+0000] {dagbag.py:536} INFO - Filling up the DagBag from /usr/local/lib/python3.10/dist-packages/airflow/example_dags/plugins/listener_plugin.py
[2023-12-06T18:24:54.175+0000] {processor.py:841} WARNING - No viable dags retrieved from /usr/local/lib/python3.10/dist-packages/airflow/example_dags/plugins/listener_plugin.py
[2023-12-06T18:24:54.186+0000] {processor.py:179} INFO - Processing /usr/local/lib/python3.10/dist-packages/airflow/example_dags/plugins/listener_plugin.py took 0.019 seconds
[2023-12-06T18:25:37.966+0000] {processor.py:157} INFO - Started process (PID=3903) to work on /usr/local/lib/python3.10/dist-packages/airflow/example_dags/plugins/listener_plugin.py
[2023-12-06T18:25:37.968+0000] {processor.py:829} INFO - Processing file /usr/local/lib/python3.10/dist-packages/airflow/example_dags/plugins/listener_plugin.py for tasks to queue
[2023-12-06T18:25:37.969+0000] {logging_mixin.py:154} INFO - [2023-12-06T18:25:37.969+0000] {dagbag.py:536} INFO - Filling up the DagBag from /usr/local/lib/python3.10/dist-packages/airflow/example_dags/plugins/listener_plugin.py
[2023-12-06T18:25:37.972+0000] {processor.py:841} WARNING - No viable dags retrieved from /usr/local/lib/python3.10/dist-packages/airflow/example_dags/plugins/listener_plugin.py
[2023-12-06T18:25:37.984+0000] {processor.py:179} INFO - Processing /usr/local/lib/python3.10/dist-packages/airflow/example_dags/plugins/listener_plugin.py took 0.021 seconds
[2023-12-06T18:26:23.555+0000] {processor.py:157} INFO - Started process (PID=3949) to work on /usr/local/lib/python3.10/dist-packages/airflow/example_dags/plugins/listener_plugin.py
[2023-12-06T18:26:23.556+0000] {processor.py:829} INFO - Processing file /usr/local/lib/python3.10/dist-packages/airflow/example_dags/plugins/listener_plugin.py for tasks to queue
[2023-12-06T18:26:23.557+0000] {logging_mixin.py:154} INFO - [2023-12-06T18:26:23.556+0000] {dagbag.py:536} INFO - Filling up the DagBag from /usr/local/lib/python3.10/dist-packages/airflow/example_dags/plugins/listener_plugin.py
[2023-12-06T18:26:23.560+0000] {processor.py:841} WARNING - No viable dags retrieved from /usr/local/lib/python3.10/dist-packages/airflow/example_dags/plugins/listener_plugin.py
[2023-12-06T18:26:23.571+0000] {processor.py:179} INFO - Processing /usr/local/lib/python3.10/dist-packages/airflow/example_dags/plugins/listener_plugin.py took 0.020 seconds
[2023-12-06T18:26:55.559+0000] {processor.py:157} INFO - Started process (PID=3983) to work on /usr/local/lib/python3.10/dist-packages/airflow/example_dags/plugins/listener_plugin.py
[2023-12-06T18:26:55.560+0000] {processor.py:829} INFO - Processing file /usr/local/lib/python3.10/dist-packages/airflow/example_dags/plugins/listener_plugin.py for tasks to queue
[2023-12-06T18:26:55.561+0000] {logging_mixin.py:154} INFO - [2023-12-06T18:26:55.560+0000] {dagbag.py:536} INFO - Filling up the DagBag from /usr/local/lib/python3.10/dist-packages/airflow/example_dags/plugins/listener_plugin.py
[2023-12-06T18:26:55.564+0000] {processor.py:841} WARNING - No viable dags retrieved from /usr/local/lib/python3.10/dist-packages/airflow/example_dags/plugins/listener_plugin.py
[2023-12-06T18:26:55.575+0000] {processor.py:179} INFO - Processing /usr/local/lib/python3.10/dist-packages/airflow/example_dags/plugins/listener_plugin.py took 0.020 seconds
[2023-12-06T18:27:40.634+0000] {processor.py:157} INFO - Started process (PID=4029) to work on /usr/local/lib/python3.10/dist-packages/airflow/example_dags/plugins/listener_plugin.py
[2023-12-06T18:27:40.639+0000] {processor.py:829} INFO - Processing file /usr/local/lib/python3.10/dist-packages/airflow/example_dags/plugins/listener_plugin.py for tasks to queue
[2023-12-06T18:27:40.640+0000] {logging_mixin.py:154} INFO - [2023-12-06T18:27:40.640+0000] {dagbag.py:536} INFO - Filling up the DagBag from /usr/local/lib/python3.10/dist-packages/airflow/example_dags/plugins/listener_plugin.py
[2023-12-06T18:27:40.643+0000] {processor.py:841} WARNING - No viable dags retrieved from /usr/local/lib/python3.10/dist-packages/airflow/example_dags/plugins/listener_plugin.py
[2023-12-06T18:27:40.655+0000] {processor.py:179} INFO - Processing /usr/local/lib/python3.10/dist-packages/airflow/example_dags/plugins/listener_plugin.py took 0.024 seconds
[2023-12-06T18:28:18.891+0000] {processor.py:157} INFO - Started process (PID=4070) to work on /usr/local/lib/python3.10/dist-packages/airflow/example_dags/plugins/listener_plugin.py
[2023-12-06T18:28:18.893+0000] {processor.py:829} INFO - Processing file /usr/local/lib/python3.10/dist-packages/airflow/example_dags/plugins/listener_plugin.py for tasks to queue
[2023-12-06T18:28:18.894+0000] {logging_mixin.py:154} INFO - [2023-12-06T18:28:18.893+0000] {dagbag.py:536} INFO - Filling up the DagBag from /usr/local/lib/python3.10/dist-packages/airflow/example_dags/plugins/listener_plugin.py
[2023-12-06T18:28:18.897+0000] {processor.py:841} WARNING - No viable dags retrieved from /usr/local/lib/python3.10/dist-packages/airflow/example_dags/plugins/listener_plugin.py
[2023-12-06T18:28:18.908+0000] {processor.py:179} INFO - Processing /usr/local/lib/python3.10/dist-packages/airflow/example_dags/plugins/listener_plugin.py took 0.020 seconds
[2023-12-06T18:28:52.843+0000] {processor.py:157} INFO - Started process (PID=4103) to work on /usr/local/lib/python3.10/dist-packages/airflow/example_dags/plugins/listener_plugin.py
[2023-12-06T18:28:52.845+0000] {processor.py:829} INFO - Processing file /usr/local/lib/python3.10/dist-packages/airflow/example_dags/plugins/listener_plugin.py for tasks to queue
[2023-12-06T18:28:52.846+0000] {logging_mixin.py:154} INFO - [2023-12-06T18:28:52.845+0000] {dagbag.py:536} INFO - Filling up the DagBag from /usr/local/lib/python3.10/dist-packages/airflow/example_dags/plugins/listener_plugin.py
[2023-12-06T18:28:52.849+0000] {processor.py:841} WARNING - No viable dags retrieved from /usr/local/lib/python3.10/dist-packages/airflow/example_dags/plugins/listener_plugin.py
[2023-12-06T18:28:52.860+0000] {processor.py:179} INFO - Processing /usr/local/lib/python3.10/dist-packages/airflow/example_dags/plugins/listener_plugin.py took 0.020 seconds
[2023-12-06T18:29:23.958+0000] {processor.py:157} INFO - Started process (PID=4137) to work on /usr/local/lib/python3.10/dist-packages/airflow/example_dags/plugins/listener_plugin.py
[2023-12-06T18:29:23.959+0000] {processor.py:829} INFO - Processing file /usr/local/lib/python3.10/dist-packages/airflow/example_dags/plugins/listener_plugin.py for tasks to queue
[2023-12-06T18:29:23.960+0000] {logging_mixin.py:154} INFO - [2023-12-06T18:29:23.959+0000] {dagbag.py:536} INFO - Filling up the DagBag from /usr/local/lib/python3.10/dist-packages/airflow/example_dags/plugins/listener_plugin.py
[2023-12-06T18:29:23.962+0000] {processor.py:841} WARNING - No viable dags retrieved from /usr/local/lib/python3.10/dist-packages/airflow/example_dags/plugins/listener_plugin.py
[2023-12-06T18:29:23.973+0000] {processor.py:179} INFO - Processing /usr/local/lib/python3.10/dist-packages/airflow/example_dags/plugins/listener_plugin.py took 0.019 seconds
[2023-12-06T18:30:06.545+0000] {processor.py:157} INFO - Started process (PID=4182) to work on /usr/local/lib/python3.10/dist-packages/airflow/example_dags/plugins/listener_plugin.py
[2023-12-06T18:30:06.547+0000] {processor.py:829} INFO - Processing file /usr/local/lib/python3.10/dist-packages/airflow/example_dags/plugins/listener_plugin.py for tasks to queue
[2023-12-06T18:30:06.548+0000] {logging_mixin.py:154} INFO - [2023-12-06T18:30:06.548+0000] {dagbag.py:536} INFO - Filling up the DagBag from /usr/local/lib/python3.10/dist-packages/airflow/example_dags/plugins/listener_plugin.py
[2023-12-06T18:30:06.551+0000] {processor.py:841} WARNING - No viable dags retrieved from /usr/local/lib/python3.10/dist-packages/airflow/example_dags/plugins/listener_plugin.py
[2023-12-06T18:30:06.563+0000] {processor.py:179} INFO - Processing /usr/local/lib/python3.10/dist-packages/airflow/example_dags/plugins/listener_plugin.py took 0.022 seconds
[2023-12-06T18:30:38.892+0000] {processor.py:157} INFO - Started process (PID=4215) to work on /usr/local/lib/python3.10/dist-packages/airflow/example_dags/plugins/listener_plugin.py
[2023-12-06T18:30:38.893+0000] {processor.py:829} INFO - Processing file /usr/local/lib/python3.10/dist-packages/airflow/example_dags/plugins/listener_plugin.py for tasks to queue
[2023-12-06T18:30:38.894+0000] {logging_mixin.py:154} INFO - [2023-12-06T18:30:38.894+0000] {dagbag.py:536} INFO - Filling up the DagBag from /usr/local/lib/python3.10/dist-packages/airflow/example_dags/plugins/listener_plugin.py
[2023-12-06T18:30:38.897+0000] {processor.py:841} WARNING - No viable dags retrieved from /usr/local/lib/python3.10/dist-packages/airflow/example_dags/plugins/listener_plugin.py
[2023-12-06T18:30:38.908+0000] {processor.py:179} INFO - Processing /usr/local/lib/python3.10/dist-packages/airflow/example_dags/plugins/listener_plugin.py took 0.020 seconds
[2023-12-06T18:31:21.168+0000] {processor.py:157} INFO - Started process (PID=4260) to work on /usr/local/lib/python3.10/dist-packages/airflow/example_dags/plugins/listener_plugin.py
[2023-12-06T18:31:21.169+0000] {processor.py:829} INFO - Processing file /usr/local/lib/python3.10/dist-packages/airflow/example_dags/plugins/listener_plugin.py for tasks to queue
[2023-12-06T18:31:21.170+0000] {logging_mixin.py:154} INFO - [2023-12-06T18:31:21.170+0000] {dagbag.py:536} INFO - Filling up the DagBag from /usr/local/lib/python3.10/dist-packages/airflow/example_dags/plugins/listener_plugin.py
[2023-12-06T18:31:21.173+0000] {processor.py:841} WARNING - No viable dags retrieved from /usr/local/lib/python3.10/dist-packages/airflow/example_dags/plugins/listener_plugin.py
[2023-12-06T18:31:21.184+0000] {processor.py:179} INFO - Processing /usr/local/lib/python3.10/dist-packages/airflow/example_dags/plugins/listener_plugin.py took 0.020 seconds
[2023-12-06T18:32:03.945+0000] {processor.py:157} INFO - Started process (PID=4306) to work on /usr/local/lib/python3.10/dist-packages/airflow/example_dags/plugins/listener_plugin.py
[2023-12-06T18:32:03.946+0000] {processor.py:829} INFO - Processing file /usr/local/lib/python3.10/dist-packages/airflow/example_dags/plugins/listener_plugin.py for tasks to queue
[2023-12-06T18:32:03.947+0000] {logging_mixin.py:154} INFO - [2023-12-06T18:32:03.947+0000] {dagbag.py:536} INFO - Filling up the DagBag from /usr/local/lib/python3.10/dist-packages/airflow/example_dags/plugins/listener_plugin.py
[2023-12-06T18:32:03.950+0000] {processor.py:841} WARNING - No viable dags retrieved from /usr/local/lib/python3.10/dist-packages/airflow/example_dags/plugins/listener_plugin.py
[2023-12-06T18:32:03.962+0000] {processor.py:179} INFO - Processing /usr/local/lib/python3.10/dist-packages/airflow/example_dags/plugins/listener_plugin.py took 0.021 seconds
[2023-12-06T18:32:47.040+0000] {processor.py:157} INFO - Started process (PID=4350) to work on /usr/local/lib/python3.10/dist-packages/airflow/example_dags/plugins/listener_plugin.py
[2023-12-06T18:32:47.042+0000] {processor.py:829} INFO - Processing file /usr/local/lib/python3.10/dist-packages/airflow/example_dags/plugins/listener_plugin.py for tasks to queue
[2023-12-06T18:32:47.043+0000] {logging_mixin.py:154} INFO - [2023-12-06T18:32:47.042+0000] {dagbag.py:536} INFO - Filling up the DagBag from /usr/local/lib/python3.10/dist-packages/airflow/example_dags/plugins/listener_plugin.py
[2023-12-06T18:32:47.046+0000] {processor.py:841} WARNING - No viable dags retrieved from /usr/local/lib/python3.10/dist-packages/airflow/example_dags/plugins/listener_plugin.py
[2023-12-06T18:32:47.057+0000] {processor.py:179} INFO - Processing /usr/local/lib/python3.10/dist-packages/airflow/example_dags/plugins/listener_plugin.py took 0.020 seconds
[2023-12-06T18:33:18.669+0000] {processor.py:157} INFO - Started process (PID=4381) to work on /usr/local/lib/python3.10/dist-packages/airflow/example_dags/plugins/listener_plugin.py
[2023-12-06T18:33:18.670+0000] {processor.py:829} INFO - Processing file /usr/local/lib/python3.10/dist-packages/airflow/example_dags/plugins/listener_plugin.py for tasks to queue
[2023-12-06T18:33:18.671+0000] {logging_mixin.py:154} INFO - [2023-12-06T18:33:18.670+0000] {dagbag.py:536} INFO - Filling up the DagBag from /usr/local/lib/python3.10/dist-packages/airflow/example_dags/plugins/listener_plugin.py
[2023-12-06T18:33:18.674+0000] {processor.py:841} WARNING - No viable dags retrieved from /usr/local/lib/python3.10/dist-packages/airflow/example_dags/plugins/listener_plugin.py
[2023-12-06T18:33:18.685+0000] {processor.py:179} INFO - Processing /usr/local/lib/python3.10/dist-packages/airflow/example_dags/plugins/listener_plugin.py took 0.019 seconds
[2023-12-06T18:33:50.228+0000] {processor.py:157} INFO - Started process (PID=4414) to work on /usr/local/lib/python3.10/dist-packages/airflow/example_dags/plugins/listener_plugin.py
[2023-12-06T18:33:50.233+0000] {processor.py:829} INFO - Processing file /usr/local/lib/python3.10/dist-packages/airflow/example_dags/plugins/listener_plugin.py for tasks to queue
[2023-12-06T18:33:50.234+0000] {logging_mixin.py:154} INFO - [2023-12-06T18:33:50.233+0000] {dagbag.py:536} INFO - Filling up the DagBag from /usr/local/lib/python3.10/dist-packages/airflow/example_dags/plugins/listener_plugin.py
[2023-12-06T18:33:50.237+0000] {processor.py:841} WARNING - No viable dags retrieved from /usr/local/lib/python3.10/dist-packages/airflow/example_dags/plugins/listener_plugin.py
[2023-12-06T18:33:50.248+0000] {processor.py:179} INFO - Processing /usr/local/lib/python3.10/dist-packages/airflow/example_dags/plugins/listener_plugin.py took 0.023 seconds
[2023-12-06T18:34:21.569+0000] {processor.py:157} INFO - Started process (PID=4445) to work on /usr/local/lib/python3.10/dist-packages/airflow/example_dags/plugins/listener_plugin.py
[2023-12-06T18:34:21.570+0000] {processor.py:829} INFO - Processing file /usr/local/lib/python3.10/dist-packages/airflow/example_dags/plugins/listener_plugin.py for tasks to queue
[2023-12-06T18:34:21.571+0000] {logging_mixin.py:154} INFO - [2023-12-06T18:34:21.570+0000] {dagbag.py:536} INFO - Filling up the DagBag from /usr/local/lib/python3.10/dist-packages/airflow/example_dags/plugins/listener_plugin.py
[2023-12-06T18:34:21.574+0000] {processor.py:841} WARNING - No viable dags retrieved from /usr/local/lib/python3.10/dist-packages/airflow/example_dags/plugins/listener_plugin.py
[2023-12-06T18:34:21.584+0000] {processor.py:179} INFO - Processing /usr/local/lib/python3.10/dist-packages/airflow/example_dags/plugins/listener_plugin.py took 0.020 seconds
[2023-12-06T18:34:52.992+0000] {processor.py:157} INFO - Started process (PID=4478) to work on /usr/local/lib/python3.10/dist-packages/airflow/example_dags/plugins/listener_plugin.py
[2023-12-06T18:34:52.996+0000] {processor.py:829} INFO - Processing file /usr/local/lib/python3.10/dist-packages/airflow/example_dags/plugins/listener_plugin.py for tasks to queue
[2023-12-06T18:34:52.997+0000] {logging_mixin.py:154} INFO - [2023-12-06T18:34:52.996+0000] {dagbag.py:536} INFO - Filling up the DagBag from /usr/local/lib/python3.10/dist-packages/airflow/example_dags/plugins/listener_plugin.py
[2023-12-06T18:34:53.000+0000] {processor.py:841} WARNING - No viable dags retrieved from /usr/local/lib/python3.10/dist-packages/airflow/example_dags/plugins/listener_plugin.py
[2023-12-06T18:34:53.011+0000] {processor.py:179} INFO - Processing /usr/local/lib/python3.10/dist-packages/airflow/example_dags/plugins/listener_plugin.py took 0.022 seconds
[2023-12-06T18:35:38.627+0000] {processor.py:157} INFO - Started process (PID=4525) to work on /usr/local/lib/python3.10/dist-packages/airflow/example_dags/plugins/listener_plugin.py
[2023-12-06T18:35:38.628+0000] {processor.py:829} INFO - Processing file /usr/local/lib/python3.10/dist-packages/airflow/example_dags/plugins/listener_plugin.py for tasks to queue
[2023-12-06T18:35:38.629+0000] {logging_mixin.py:154} INFO - [2023-12-06T18:35:38.629+0000] {dagbag.py:536} INFO - Filling up the DagBag from /usr/local/lib/python3.10/dist-packages/airflow/example_dags/plugins/listener_plugin.py
[2023-12-06T18:35:38.632+0000] {processor.py:841} WARNING - No viable dags retrieved from /usr/local/lib/python3.10/dist-packages/airflow/example_dags/plugins/listener_plugin.py
[2023-12-06T18:35:38.644+0000] {processor.py:179} INFO - Processing /usr/local/lib/python3.10/dist-packages/airflow/example_dags/plugins/listener_plugin.py took 0.020 seconds
[2023-12-06T18:36:22.924+0000] {processor.py:157} INFO - Started process (PID=4571) to work on /usr/local/lib/python3.10/dist-packages/airflow/example_dags/plugins/listener_plugin.py
[2023-12-06T18:36:22.925+0000] {processor.py:829} INFO - Processing file /usr/local/lib/python3.10/dist-packages/airflow/example_dags/plugins/listener_plugin.py for tasks to queue
[2023-12-06T18:36:22.926+0000] {logging_mixin.py:154} INFO - [2023-12-06T18:36:22.925+0000] {dagbag.py:536} INFO - Filling up the DagBag from /usr/local/lib/python3.10/dist-packages/airflow/example_dags/plugins/listener_plugin.py
[2023-12-06T18:36:22.929+0000] {processor.py:841} WARNING - No viable dags retrieved from /usr/local/lib/python3.10/dist-packages/airflow/example_dags/plugins/listener_plugin.py
[2023-12-06T18:36:22.940+0000] {processor.py:179} INFO - Processing /usr/local/lib/python3.10/dist-packages/airflow/example_dags/plugins/listener_plugin.py took 0.020 seconds
[2023-12-06T18:36:55.473+0000] {processor.py:157} INFO - Started process (PID=4604) to work on /usr/local/lib/python3.10/dist-packages/airflow/example_dags/plugins/listener_plugin.py
[2023-12-06T18:36:55.474+0000] {processor.py:829} INFO - Processing file /usr/local/lib/python3.10/dist-packages/airflow/example_dags/plugins/listener_plugin.py for tasks to queue
[2023-12-06T18:36:55.475+0000] {logging_mixin.py:154} INFO - [2023-12-06T18:36:55.475+0000] {dagbag.py:536} INFO - Filling up the DagBag from /usr/local/lib/python3.10/dist-packages/airflow/example_dags/plugins/listener_plugin.py
[2023-12-06T18:36:55.478+0000] {processor.py:841} WARNING - No viable dags retrieved from /usr/local/lib/python3.10/dist-packages/airflow/example_dags/plugins/listener_plugin.py
[2023-12-06T18:36:55.490+0000] {processor.py:179} INFO - Processing /usr/local/lib/python3.10/dist-packages/airflow/example_dags/plugins/listener_plugin.py took 0.020 seconds
[2023-12-06T18:37:40.711+0000] {processor.py:157} INFO - Started process (PID=4651) to work on /usr/local/lib/python3.10/dist-packages/airflow/example_dags/plugins/listener_plugin.py
[2023-12-06T18:37:40.713+0000] {processor.py:829} INFO - Processing file /usr/local/lib/python3.10/dist-packages/airflow/example_dags/plugins/listener_plugin.py for tasks to queue
[2023-12-06T18:37:40.713+0000] {logging_mixin.py:154} INFO - [2023-12-06T18:37:40.713+0000] {dagbag.py:536} INFO - Filling up the DagBag from /usr/local/lib/python3.10/dist-packages/airflow/example_dags/plugins/listener_plugin.py
[2023-12-06T18:37:40.716+0000] {processor.py:841} WARNING - No viable dags retrieved from /usr/local/lib/python3.10/dist-packages/airflow/example_dags/plugins/listener_plugin.py
[2023-12-06T18:37:40.728+0000] {processor.py:179} INFO - Processing /usr/local/lib/python3.10/dist-packages/airflow/example_dags/plugins/listener_plugin.py took 0.020 seconds
[2023-12-06T18:38:11.548+0000] {processor.py:157} INFO - Started process (PID=4683) to work on /usr/local/lib/python3.10/dist-packages/airflow/example_dags/plugins/listener_plugin.py
[2023-12-06T18:38:11.549+0000] {processor.py:829} INFO - Processing file /usr/local/lib/python3.10/dist-packages/airflow/example_dags/plugins/listener_plugin.py for tasks to queue
[2023-12-06T18:38:11.550+0000] {logging_mixin.py:154} INFO - [2023-12-06T18:38:11.549+0000] {dagbag.py:536} INFO - Filling up the DagBag from /usr/local/lib/python3.10/dist-packages/airflow/example_dags/plugins/listener_plugin.py
[2023-12-06T18:38:11.553+0000] {processor.py:841} WARNING - No viable dags retrieved from /usr/local/lib/python3.10/dist-packages/airflow/example_dags/plugins/listener_plugin.py
[2023-12-06T18:38:11.563+0000] {processor.py:179} INFO - Processing /usr/local/lib/python3.10/dist-packages/airflow/example_dags/plugins/listener_plugin.py took 0.020 seconds
[2023-12-06T18:38:43.798+0000] {processor.py:157} INFO - Started process (PID=4714) to work on /usr/local/lib/python3.10/dist-packages/airflow/example_dags/plugins/listener_plugin.py
[2023-12-06T18:38:43.801+0000] {processor.py:829} INFO - Processing file /usr/local/lib/python3.10/dist-packages/airflow/example_dags/plugins/listener_plugin.py for tasks to queue
[2023-12-06T18:38:43.802+0000] {logging_mixin.py:154} INFO - [2023-12-06T18:38:43.802+0000] {dagbag.py:536} INFO - Filling up the DagBag from /usr/local/lib/python3.10/dist-packages/airflow/example_dags/plugins/listener_plugin.py
[2023-12-06T18:38:43.805+0000] {processor.py:841} WARNING - No viable dags retrieved from /usr/local/lib/python3.10/dist-packages/airflow/example_dags/plugins/listener_plugin.py
[2023-12-06T18:38:43.816+0000] {processor.py:179} INFO - Processing /usr/local/lib/python3.10/dist-packages/airflow/example_dags/plugins/listener_plugin.py took 0.021 seconds
[2023-12-06T18:39:15.525+0000] {processor.py:157} INFO - Started process (PID=4747) to work on /usr/local/lib/python3.10/dist-packages/airflow/example_dags/plugins/listener_plugin.py
[2023-12-06T18:39:15.527+0000] {processor.py:829} INFO - Processing file /usr/local/lib/python3.10/dist-packages/airflow/example_dags/plugins/listener_plugin.py for tasks to queue
[2023-12-06T18:39:15.528+0000] {logging_mixin.py:154} INFO - [2023-12-06T18:39:15.527+0000] {dagbag.py:536} INFO - Filling up the DagBag from /usr/local/lib/python3.10/dist-packages/airflow/example_dags/plugins/listener_plugin.py
[2023-12-06T18:39:15.531+0000] {processor.py:841} WARNING - No viable dags retrieved from /usr/local/lib/python3.10/dist-packages/airflow/example_dags/plugins/listener_plugin.py
[2023-12-06T18:39:15.542+0000] {processor.py:179} INFO - Processing /usr/local/lib/python3.10/dist-packages/airflow/example_dags/plugins/listener_plugin.py took 0.020 seconds
[2023-12-06T18:39:46.981+0000] {processor.py:157} INFO - Started process (PID=4779) to work on /usr/local/lib/python3.10/dist-packages/airflow/example_dags/plugins/listener_plugin.py
[2023-12-06T18:39:46.982+0000] {processor.py:829} INFO - Processing file /usr/local/lib/python3.10/dist-packages/airflow/example_dags/plugins/listener_plugin.py for tasks to queue
[2023-12-06T18:39:46.982+0000] {logging_mixin.py:154} INFO - [2023-12-06T18:39:46.982+0000] {dagbag.py:536} INFO - Filling up the DagBag from /usr/local/lib/python3.10/dist-packages/airflow/example_dags/plugins/listener_plugin.py
[2023-12-06T18:39:46.985+0000] {processor.py:841} WARNING - No viable dags retrieved from /usr/local/lib/python3.10/dist-packages/airflow/example_dags/plugins/listener_plugin.py
[2023-12-06T18:39:46.997+0000] {processor.py:179} INFO - Processing /usr/local/lib/python3.10/dist-packages/airflow/example_dags/plugins/listener_plugin.py took 0.020 seconds
[2023-12-06T18:40:19.428+0000] {processor.py:157} INFO - Started process (PID=4811) to work on /usr/local/lib/python3.10/dist-packages/airflow/example_dags/plugins/listener_plugin.py
[2023-12-06T18:40:19.431+0000] {processor.py:829} INFO - Processing file /usr/local/lib/python3.10/dist-packages/airflow/example_dags/plugins/listener_plugin.py for tasks to queue
[2023-12-06T18:40:19.432+0000] {logging_mixin.py:154} INFO - [2023-12-06T18:40:19.431+0000] {dagbag.py:536} INFO - Filling up the DagBag from /usr/local/lib/python3.10/dist-packages/airflow/example_dags/plugins/listener_plugin.py
[2023-12-06T18:40:19.435+0000] {processor.py:841} WARNING - No viable dags retrieved from /usr/local/lib/python3.10/dist-packages/airflow/example_dags/plugins/listener_plugin.py
[2023-12-06T18:40:19.446+0000] {processor.py:179} INFO - Processing /usr/local/lib/python3.10/dist-packages/airflow/example_dags/plugins/listener_plugin.py took 0.021 seconds
[2023-12-06T18:40:54.425+0000] {processor.py:157} INFO - Started process (PID=4846) to work on /usr/local/lib/python3.10/dist-packages/airflow/example_dags/plugins/listener_plugin.py
[2023-12-06T18:40:54.427+0000] {processor.py:829} INFO - Processing file /usr/local/lib/python3.10/dist-packages/airflow/example_dags/plugins/listener_plugin.py for tasks to queue
[2023-12-06T18:40:54.428+0000] {logging_mixin.py:154} INFO - [2023-12-06T18:40:54.427+0000] {dagbag.py:536} INFO - Filling up the DagBag from /usr/local/lib/python3.10/dist-packages/airflow/example_dags/plugins/listener_plugin.py
[2023-12-06T18:40:54.431+0000] {processor.py:841} WARNING - No viable dags retrieved from /usr/local/lib/python3.10/dist-packages/airflow/example_dags/plugins/listener_plugin.py
[2023-12-06T18:40:54.442+0000] {processor.py:179} INFO - Processing /usr/local/lib/python3.10/dist-packages/airflow/example_dags/plugins/listener_plugin.py took 0.020 seconds
[2023-12-06T18:41:28.856+0000] {processor.py:157} INFO - Started process (PID=4880) to work on /usr/local/lib/python3.10/dist-packages/airflow/example_dags/plugins/listener_plugin.py
[2023-12-06T18:41:28.856+0000] {processor.py:829} INFO - Processing file /usr/local/lib/python3.10/dist-packages/airflow/example_dags/plugins/listener_plugin.py for tasks to queue
[2023-12-06T18:41:28.857+0000] {logging_mixin.py:154} INFO - [2023-12-06T18:41:28.857+0000] {dagbag.py:536} INFO - Filling up the DagBag from /usr/local/lib/python3.10/dist-packages/airflow/example_dags/plugins/listener_plugin.py
[2023-12-06T18:41:28.860+0000] {processor.py:841} WARNING - No viable dags retrieved from /usr/local/lib/python3.10/dist-packages/airflow/example_dags/plugins/listener_plugin.py
[2023-12-06T18:41:28.872+0000] {processor.py:179} INFO - Processing /usr/local/lib/python3.10/dist-packages/airflow/example_dags/plugins/listener_plugin.py took 0.020 seconds
[2023-12-06T18:41:59.747+0000] {processor.py:157} INFO - Started process (PID=4912) to work on /usr/local/lib/python3.10/dist-packages/airflow/example_dags/plugins/listener_plugin.py
[2023-12-06T18:41:59.748+0000] {processor.py:829} INFO - Processing file /usr/local/lib/python3.10/dist-packages/airflow/example_dags/plugins/listener_plugin.py for tasks to queue
[2023-12-06T18:41:59.749+0000] {logging_mixin.py:154} INFO - [2023-12-06T18:41:59.749+0000] {dagbag.py:536} INFO - Filling up the DagBag from /usr/local/lib/python3.10/dist-packages/airflow/example_dags/plugins/listener_plugin.py
[2023-12-06T18:41:59.752+0000] {processor.py:841} WARNING - No viable dags retrieved from /usr/local/lib/python3.10/dist-packages/airflow/example_dags/plugins/listener_plugin.py
[2023-12-06T18:41:59.763+0000] {processor.py:179} INFO - Processing /usr/local/lib/python3.10/dist-packages/airflow/example_dags/plugins/listener_plugin.py took 0.020 seconds
[2023-12-06T18:42:45.514+0000] {processor.py:157} INFO - Started process (PID=4958) to work on /usr/local/lib/python3.10/dist-packages/airflow/example_dags/plugins/listener_plugin.py
[2023-12-06T18:42:45.516+0000] {processor.py:829} INFO - Processing file /usr/local/lib/python3.10/dist-packages/airflow/example_dags/plugins/listener_plugin.py for tasks to queue
[2023-12-06T18:42:45.517+0000] {logging_mixin.py:154} INFO - [2023-12-06T18:42:45.516+0000] {dagbag.py:536} INFO - Filling up the DagBag from /usr/local/lib/python3.10/dist-packages/airflow/example_dags/plugins/listener_plugin.py
[2023-12-06T18:42:45.520+0000] {processor.py:841} WARNING - No viable dags retrieved from /usr/local/lib/python3.10/dist-packages/airflow/example_dags/plugins/listener_plugin.py
[2023-12-06T18:42:45.531+0000] {processor.py:179} INFO - Processing /usr/local/lib/python3.10/dist-packages/airflow/example_dags/plugins/listener_plugin.py took 0.020 seconds
[2023-12-06T18:43:20.878+0000] {processor.py:157} INFO - Started process (PID=4993) to work on /usr/local/lib/python3.10/dist-packages/airflow/example_dags/plugins/listener_plugin.py
[2023-12-06T18:43:20.880+0000] {processor.py:829} INFO - Processing file /usr/local/lib/python3.10/dist-packages/airflow/example_dags/plugins/listener_plugin.py for tasks to queue
[2023-12-06T18:43:20.881+0000] {logging_mixin.py:154} INFO - [2023-12-06T18:43:20.880+0000] {dagbag.py:536} INFO - Filling up the DagBag from /usr/local/lib/python3.10/dist-packages/airflow/example_dags/plugins/listener_plugin.py
[2023-12-06T18:43:20.884+0000] {processor.py:841} WARNING - No viable dags retrieved from /usr/local/lib/python3.10/dist-packages/airflow/example_dags/plugins/listener_plugin.py
[2023-12-06T18:43:20.895+0000] {processor.py:179} INFO - Processing /usr/local/lib/python3.10/dist-packages/airflow/example_dags/plugins/listener_plugin.py took 0.020 seconds
[2023-12-06T18:43:55.983+0000] {processor.py:157} INFO - Started process (PID=5028) to work on /usr/local/lib/python3.10/dist-packages/airflow/example_dags/plugins/listener_plugin.py
[2023-12-06T18:43:55.984+0000] {processor.py:829} INFO - Processing file /usr/local/lib/python3.10/dist-packages/airflow/example_dags/plugins/listener_plugin.py for tasks to queue
[2023-12-06T18:43:55.985+0000] {logging_mixin.py:154} INFO - [2023-12-06T18:43:55.985+0000] {dagbag.py:536} INFO - Filling up the DagBag from /usr/local/lib/python3.10/dist-packages/airflow/example_dags/plugins/listener_plugin.py
[2023-12-06T18:43:55.989+0000] {processor.py:841} WARNING - No viable dags retrieved from /usr/local/lib/python3.10/dist-packages/airflow/example_dags/plugins/listener_plugin.py
[2023-12-06T18:43:55.999+0000] {processor.py:179} INFO - Processing /usr/local/lib/python3.10/dist-packages/airflow/example_dags/plugins/listener_plugin.py took 0.020 seconds
[2023-12-06T18:44:27.942+0000] {processor.py:157} INFO - Started process (PID=5060) to work on /usr/local/lib/python3.10/dist-packages/airflow/example_dags/plugins/listener_plugin.py
[2023-12-06T18:44:27.943+0000] {processor.py:829} INFO - Processing file /usr/local/lib/python3.10/dist-packages/airflow/example_dags/plugins/listener_plugin.py for tasks to queue
[2023-12-06T18:44:27.943+0000] {logging_mixin.py:154} INFO - [2023-12-06T18:44:27.943+0000] {dagbag.py:536} INFO - Filling up the DagBag from /usr/local/lib/python3.10/dist-packages/airflow/example_dags/plugins/listener_plugin.py
[2023-12-06T18:44:27.947+0000] {processor.py:841} WARNING - No viable dags retrieved from /usr/local/lib/python3.10/dist-packages/airflow/example_dags/plugins/listener_plugin.py
[2023-12-06T18:44:27.958+0000] {processor.py:179} INFO - Processing /usr/local/lib/python3.10/dist-packages/airflow/example_dags/plugins/listener_plugin.py took 0.019 seconds
[2023-12-06T18:45:00.504+0000] {processor.py:157} INFO - Started process (PID=5094) to work on /usr/local/lib/python3.10/dist-packages/airflow/example_dags/plugins/listener_plugin.py
[2023-12-06T18:45:00.505+0000] {processor.py:829} INFO - Processing file /usr/local/lib/python3.10/dist-packages/airflow/example_dags/plugins/listener_plugin.py for tasks to queue
[2023-12-06T18:45:00.506+0000] {logging_mixin.py:154} INFO - [2023-12-06T18:45:00.506+0000] {dagbag.py:536} INFO - Filling up the DagBag from /usr/local/lib/python3.10/dist-packages/airflow/example_dags/plugins/listener_plugin.py
[2023-12-06T18:45:00.509+0000] {processor.py:841} WARNING - No viable dags retrieved from /usr/local/lib/python3.10/dist-packages/airflow/example_dags/plugins/listener_plugin.py
[2023-12-06T18:45:00.521+0000] {processor.py:179} INFO - Processing /usr/local/lib/python3.10/dist-packages/airflow/example_dags/plugins/listener_plugin.py took 0.021 seconds
[2023-12-06T18:45:44.684+0000] {processor.py:157} INFO - Started process (PID=5141) to work on /usr/local/lib/python3.10/dist-packages/airflow/example_dags/plugins/listener_plugin.py
[2023-12-06T18:45:44.685+0000] {processor.py:829} INFO - Processing file /usr/local/lib/python3.10/dist-packages/airflow/example_dags/plugins/listener_plugin.py for tasks to queue
[2023-12-06T18:45:44.686+0000] {logging_mixin.py:154} INFO - [2023-12-06T18:45:44.686+0000] {dagbag.py:536} INFO - Filling up the DagBag from /usr/local/lib/python3.10/dist-packages/airflow/example_dags/plugins/listener_plugin.py
[2023-12-06T18:45:44.689+0000] {processor.py:841} WARNING - No viable dags retrieved from /usr/local/lib/python3.10/dist-packages/airflow/example_dags/plugins/listener_plugin.py
[2023-12-06T18:45:44.700+0000] {processor.py:179} INFO - Processing /usr/local/lib/python3.10/dist-packages/airflow/example_dags/plugins/listener_plugin.py took 0.020 seconds
[2023-12-06T18:46:29.092+0000] {processor.py:157} INFO - Started process (PID=5187) to work on /usr/local/lib/python3.10/dist-packages/airflow/example_dags/plugins/listener_plugin.py
[2023-12-06T18:46:29.094+0000] {processor.py:829} INFO - Processing file /usr/local/lib/python3.10/dist-packages/airflow/example_dags/plugins/listener_plugin.py for tasks to queue
[2023-12-06T18:46:29.094+0000] {logging_mixin.py:154} INFO - [2023-12-06T18:46:29.094+0000] {dagbag.py:536} INFO - Filling up the DagBag from /usr/local/lib/python3.10/dist-packages/airflow/example_dags/plugins/listener_plugin.py
[2023-12-06T18:46:29.098+0000] {processor.py:841} WARNING - No viable dags retrieved from /usr/local/lib/python3.10/dist-packages/airflow/example_dags/plugins/listener_plugin.py
[2023-12-06T18:46:29.109+0000] {processor.py:179} INFO - Processing /usr/local/lib/python3.10/dist-packages/airflow/example_dags/plugins/listener_plugin.py took 0.020 seconds
[2023-12-06T18:47:15.379+0000] {processor.py:157} INFO - Started process (PID=5236) to work on /usr/local/lib/python3.10/dist-packages/airflow/example_dags/plugins/listener_plugin.py
[2023-12-06T18:47:15.381+0000] {processor.py:829} INFO - Processing file /usr/local/lib/python3.10/dist-packages/airflow/example_dags/plugins/listener_plugin.py for tasks to queue
[2023-12-06T18:47:15.381+0000] {logging_mixin.py:154} INFO - [2023-12-06T18:47:15.381+0000] {dagbag.py:536} INFO - Filling up the DagBag from /usr/local/lib/python3.10/dist-packages/airflow/example_dags/plugins/listener_plugin.py
[2023-12-06T18:47:15.384+0000] {processor.py:841} WARNING - No viable dags retrieved from /usr/local/lib/python3.10/dist-packages/airflow/example_dags/plugins/listener_plugin.py
[2023-12-06T18:47:15.396+0000] {processor.py:179} INFO - Processing /usr/local/lib/python3.10/dist-packages/airflow/example_dags/plugins/listener_plugin.py took 0.020 seconds
[2023-12-06T18:47:50.121+0000] {processor.py:157} INFO - Started process (PID=5272) to work on /usr/local/lib/python3.10/dist-packages/airflow/example_dags/plugins/listener_plugin.py
[2023-12-06T18:47:50.123+0000] {processor.py:829} INFO - Processing file /usr/local/lib/python3.10/dist-packages/airflow/example_dags/plugins/listener_plugin.py for tasks to queue
[2023-12-06T18:47:50.124+0000] {logging_mixin.py:154} INFO - [2023-12-06T18:47:50.123+0000] {dagbag.py:536} INFO - Filling up the DagBag from /usr/local/lib/python3.10/dist-packages/airflow/example_dags/plugins/listener_plugin.py
[2023-12-06T18:47:50.127+0000] {processor.py:841} WARNING - No viable dags retrieved from /usr/local/lib/python3.10/dist-packages/airflow/example_dags/plugins/listener_plugin.py
[2023-12-06T18:47:50.137+0000] {processor.py:179} INFO - Processing /usr/local/lib/python3.10/dist-packages/airflow/example_dags/plugins/listener_plugin.py took 0.021 seconds
[2023-12-06T18:48:23.258+0000] {processor.py:157} INFO - Started process (PID=5304) to work on /usr/local/lib/python3.10/dist-packages/airflow/example_dags/plugins/listener_plugin.py
[2023-12-06T18:48:23.259+0000] {processor.py:829} INFO - Processing file /usr/local/lib/python3.10/dist-packages/airflow/example_dags/plugins/listener_plugin.py for tasks to queue
[2023-12-06T18:48:23.260+0000] {logging_mixin.py:154} INFO - [2023-12-06T18:48:23.259+0000] {dagbag.py:536} INFO - Filling up the DagBag from /usr/local/lib/python3.10/dist-packages/airflow/example_dags/plugins/listener_plugin.py
[2023-12-06T18:48:23.263+0000] {processor.py:841} WARNING - No viable dags retrieved from /usr/local/lib/python3.10/dist-packages/airflow/example_dags/plugins/listener_plugin.py
[2023-12-06T18:48:23.274+0000] {processor.py:179} INFO - Processing /usr/local/lib/python3.10/dist-packages/airflow/example_dags/plugins/listener_plugin.py took 0.020 seconds
[2023-12-06T18:48:56.279+0000] {processor.py:157} INFO - Started process (PID=5338) to work on /usr/local/lib/python3.10/dist-packages/airflow/example_dags/plugins/listener_plugin.py
[2023-12-06T18:48:56.281+0000] {processor.py:829} INFO - Processing file /usr/local/lib/python3.10/dist-packages/airflow/example_dags/plugins/listener_plugin.py for tasks to queue
[2023-12-06T18:48:56.282+0000] {logging_mixin.py:154} INFO - [2023-12-06T18:48:56.281+0000] {dagbag.py:536} INFO - Filling up the DagBag from /usr/local/lib/python3.10/dist-packages/airflow/example_dags/plugins/listener_plugin.py
[2023-12-06T18:48:56.285+0000] {processor.py:841} WARNING - No viable dags retrieved from /usr/local/lib/python3.10/dist-packages/airflow/example_dags/plugins/listener_plugin.py
[2023-12-06T18:48:56.296+0000] {processor.py:179} INFO - Processing /usr/local/lib/python3.10/dist-packages/airflow/example_dags/plugins/listener_plugin.py took 0.020 seconds
[2023-12-06T18:49:41.475+0000] {processor.py:157} INFO - Started process (PID=5384) to work on /usr/local/lib/python3.10/dist-packages/airflow/example_dags/plugins/listener_plugin.py
[2023-12-06T18:49:41.476+0000] {processor.py:829} INFO - Processing file /usr/local/lib/python3.10/dist-packages/airflow/example_dags/plugins/listener_plugin.py for tasks to queue
[2023-12-06T18:49:41.477+0000] {logging_mixin.py:154} INFO - [2023-12-06T18:49:41.477+0000] {dagbag.py:536} INFO - Filling up the DagBag from /usr/local/lib/python3.10/dist-packages/airflow/example_dags/plugins/listener_plugin.py
[2023-12-06T18:49:41.480+0000] {processor.py:841} WARNING - No viable dags retrieved from /usr/local/lib/python3.10/dist-packages/airflow/example_dags/plugins/listener_plugin.py
[2023-12-06T18:49:41.492+0000] {processor.py:179} INFO - Processing /usr/local/lib/python3.10/dist-packages/airflow/example_dags/plugins/listener_plugin.py took 0.020 seconds
[2023-12-06T18:50:18.810+0000] {processor.py:157} INFO - Started process (PID=5425) to work on /usr/local/lib/python3.10/dist-packages/airflow/example_dags/plugins/listener_plugin.py
[2023-12-06T18:50:18.811+0000] {processor.py:829} INFO - Processing file /usr/local/lib/python3.10/dist-packages/airflow/example_dags/plugins/listener_plugin.py for tasks to queue
[2023-12-06T18:50:18.812+0000] {logging_mixin.py:154} INFO - [2023-12-06T18:50:18.812+0000] {dagbag.py:536} INFO - Filling up the DagBag from /usr/local/lib/python3.10/dist-packages/airflow/example_dags/plugins/listener_plugin.py
[2023-12-06T18:50:18.815+0000] {processor.py:841} WARNING - No viable dags retrieved from /usr/local/lib/python3.10/dist-packages/airflow/example_dags/plugins/listener_plugin.py
[2023-12-06T18:50:18.827+0000] {processor.py:179} INFO - Processing /usr/local/lib/python3.10/dist-packages/airflow/example_dags/plugins/listener_plugin.py took 0.021 seconds
[2023-12-06T18:50:50.314+0000] {processor.py:157} INFO - Started process (PID=5461) to work on /usr/local/lib/python3.10/dist-packages/airflow/example_dags/plugins/listener_plugin.py
[2023-12-06T18:50:50.315+0000] {processor.py:829} INFO - Processing file /usr/local/lib/python3.10/dist-packages/airflow/example_dags/plugins/listener_plugin.py for tasks to queue
[2023-12-06T18:50:50.316+0000] {logging_mixin.py:154} INFO - [2023-12-06T18:50:50.315+0000] {dagbag.py:536} INFO - Filling up the DagBag from /usr/local/lib/python3.10/dist-packages/airflow/example_dags/plugins/listener_plugin.py
[2023-12-06T18:50:50.319+0000] {processor.py:841} WARNING - No viable dags retrieved from /usr/local/lib/python3.10/dist-packages/airflow/example_dags/plugins/listener_plugin.py
[2023-12-06T18:50:50.330+0000] {processor.py:179} INFO - Processing /usr/local/lib/python3.10/dist-packages/airflow/example_dags/plugins/listener_plugin.py took 0.020 seconds
[2023-12-06T18:51:33.178+0000] {processor.py:157} INFO - Started process (PID=5506) to work on /usr/local/lib/python3.10/dist-packages/airflow/example_dags/plugins/listener_plugin.py
[2023-12-06T18:51:33.180+0000] {processor.py:829} INFO - Processing file /usr/local/lib/python3.10/dist-packages/airflow/example_dags/plugins/listener_plugin.py for tasks to queue
[2023-12-06T18:51:33.181+0000] {logging_mixin.py:154} INFO - [2023-12-06T18:51:33.181+0000] {dagbag.py:536} INFO - Filling up the DagBag from /usr/local/lib/python3.10/dist-packages/airflow/example_dags/plugins/listener_plugin.py
[2023-12-06T18:51:33.184+0000] {processor.py:841} WARNING - No viable dags retrieved from /usr/local/lib/python3.10/dist-packages/airflow/example_dags/plugins/listener_plugin.py
[2023-12-06T18:51:33.205+0000] {processor.py:179} INFO - Processing /usr/local/lib/python3.10/dist-packages/airflow/example_dags/plugins/listener_plugin.py took 0.031 seconds
[2023-12-06T18:52:17.787+0000] {processor.py:157} INFO - Started process (PID=5552) to work on /usr/local/lib/python3.10/dist-packages/airflow/example_dags/plugins/listener_plugin.py
[2023-12-06T18:52:17.789+0000] {processor.py:829} INFO - Processing file /usr/local/lib/python3.10/dist-packages/airflow/example_dags/plugins/listener_plugin.py for tasks to queue
[2023-12-06T18:52:17.790+0000] {logging_mixin.py:154} INFO - [2023-12-06T18:52:17.790+0000] {dagbag.py:536} INFO - Filling up the DagBag from /usr/local/lib/python3.10/dist-packages/airflow/example_dags/plugins/listener_plugin.py
[2023-12-06T18:52:17.793+0000] {processor.py:841} WARNING - No viable dags retrieved from /usr/local/lib/python3.10/dist-packages/airflow/example_dags/plugins/listener_plugin.py
[2023-12-06T18:52:17.805+0000] {processor.py:179} INFO - Processing /usr/local/lib/python3.10/dist-packages/airflow/example_dags/plugins/listener_plugin.py took 0.021 seconds
[2023-12-06T18:52:49.888+0000] {processor.py:157} INFO - Started process (PID=5585) to work on /usr/local/lib/python3.10/dist-packages/airflow/example_dags/plugins/listener_plugin.py
[2023-12-06T18:52:49.889+0000] {processor.py:829} INFO - Processing file /usr/local/lib/python3.10/dist-packages/airflow/example_dags/plugins/listener_plugin.py for tasks to queue
[2023-12-06T18:52:49.890+0000] {logging_mixin.py:154} INFO - [2023-12-06T18:52:49.890+0000] {dagbag.py:536} INFO - Filling up the DagBag from /usr/local/lib/python3.10/dist-packages/airflow/example_dags/plugins/listener_plugin.py
[2023-12-06T18:52:49.893+0000] {processor.py:841} WARNING - No viable dags retrieved from /usr/local/lib/python3.10/dist-packages/airflow/example_dags/plugins/listener_plugin.py
[2023-12-06T18:52:49.905+0000] {processor.py:179} INFO - Processing /usr/local/lib/python3.10/dist-packages/airflow/example_dags/plugins/listener_plugin.py took 0.020 seconds
[2023-12-06T18:53:35.512+0000] {processor.py:157} INFO - Started process (PID=5631) to work on /usr/local/lib/python3.10/dist-packages/airflow/example_dags/plugins/listener_plugin.py
[2023-12-06T18:53:35.516+0000] {processor.py:829} INFO - Processing file /usr/local/lib/python3.10/dist-packages/airflow/example_dags/plugins/listener_plugin.py for tasks to queue
[2023-12-06T18:53:35.517+0000] {logging_mixin.py:154} INFO - [2023-12-06T18:53:35.517+0000] {dagbag.py:536} INFO - Filling up the DagBag from /usr/local/lib/python3.10/dist-packages/airflow/example_dags/plugins/listener_plugin.py
[2023-12-06T18:53:35.520+0000] {processor.py:841} WARNING - No viable dags retrieved from /usr/local/lib/python3.10/dist-packages/airflow/example_dags/plugins/listener_plugin.py
[2023-12-06T18:53:35.532+0000] {processor.py:179} INFO - Processing /usr/local/lib/python3.10/dist-packages/airflow/example_dags/plugins/listener_plugin.py took 0.023 seconds
[2023-12-06T18:54:16.539+0000] {processor.py:157} INFO - Started process (PID=5674) to work on /usr/local/lib/python3.10/dist-packages/airflow/example_dags/plugins/listener_plugin.py
[2023-12-06T18:54:16.541+0000] {processor.py:829} INFO - Processing file /usr/local/lib/python3.10/dist-packages/airflow/example_dags/plugins/listener_plugin.py for tasks to queue
[2023-12-06T18:54:16.542+0000] {logging_mixin.py:154} INFO - [2023-12-06T18:54:16.542+0000] {dagbag.py:536} INFO - Filling up the DagBag from /usr/local/lib/python3.10/dist-packages/airflow/example_dags/plugins/listener_plugin.py
[2023-12-06T18:54:16.545+0000] {processor.py:841} WARNING - No viable dags retrieved from /usr/local/lib/python3.10/dist-packages/airflow/example_dags/plugins/listener_plugin.py
[2023-12-06T18:54:16.556+0000] {processor.py:179} INFO - Processing /usr/local/lib/python3.10/dist-packages/airflow/example_dags/plugins/listener_plugin.py took 0.020 seconds
[2023-12-06T18:54:47.687+0000] {processor.py:157} INFO - Started process (PID=5707) to work on /usr/local/lib/python3.10/dist-packages/airflow/example_dags/plugins/listener_plugin.py
[2023-12-06T18:54:47.689+0000] {processor.py:829} INFO - Processing file /usr/local/lib/python3.10/dist-packages/airflow/example_dags/plugins/listener_plugin.py for tasks to queue
[2023-12-06T18:54:47.689+0000] {logging_mixin.py:154} INFO - [2023-12-06T18:54:47.689+0000] {dagbag.py:536} INFO - Filling up the DagBag from /usr/local/lib/python3.10/dist-packages/airflow/example_dags/plugins/listener_plugin.py
[2023-12-06T18:54:47.693+0000] {processor.py:841} WARNING - No viable dags retrieved from /usr/local/lib/python3.10/dist-packages/airflow/example_dags/plugins/listener_plugin.py
[2023-12-06T18:54:47.704+0000] {processor.py:179} INFO - Processing /usr/local/lib/python3.10/dist-packages/airflow/example_dags/plugins/listener_plugin.py took 0.021 seconds
[2023-12-06T18:55:33.948+0000] {processor.py:157} INFO - Started process (PID=5754) to work on /usr/local/lib/python3.10/dist-packages/airflow/example_dags/plugins/listener_plugin.py
[2023-12-06T18:55:33.950+0000] {processor.py:829} INFO - Processing file /usr/local/lib/python3.10/dist-packages/airflow/example_dags/plugins/listener_plugin.py for tasks to queue
[2023-12-06T18:55:33.951+0000] {logging_mixin.py:154} INFO - [2023-12-06T18:55:33.950+0000] {dagbag.py:536} INFO - Filling up the DagBag from /usr/local/lib/python3.10/dist-packages/airflow/example_dags/plugins/listener_plugin.py
[2023-12-06T18:55:33.954+0000] {processor.py:841} WARNING - No viable dags retrieved from /usr/local/lib/python3.10/dist-packages/airflow/example_dags/plugins/listener_plugin.py
[2023-12-06T18:55:33.965+0000] {processor.py:179} INFO - Processing /usr/local/lib/python3.10/dist-packages/airflow/example_dags/plugins/listener_plugin.py took 0.021 seconds
[2023-12-06T18:56:18.853+0000] {processor.py:157} INFO - Started process (PID=5801) to work on /usr/local/lib/python3.10/dist-packages/airflow/example_dags/plugins/listener_plugin.py
[2023-12-06T18:56:18.855+0000] {processor.py:829} INFO - Processing file /usr/local/lib/python3.10/dist-packages/airflow/example_dags/plugins/listener_plugin.py for tasks to queue
[2023-12-06T18:56:18.855+0000] {logging_mixin.py:154} INFO - [2023-12-06T18:56:18.855+0000] {dagbag.py:536} INFO - Filling up the DagBag from /usr/local/lib/python3.10/dist-packages/airflow/example_dags/plugins/listener_plugin.py
[2023-12-06T18:56:18.858+0000] {processor.py:841} WARNING - No viable dags retrieved from /usr/local/lib/python3.10/dist-packages/airflow/example_dags/plugins/listener_plugin.py
[2023-12-06T18:56:18.870+0000] {processor.py:179} INFO - Processing /usr/local/lib/python3.10/dist-packages/airflow/example_dags/plugins/listener_plugin.py took 0.021 seconds
[2023-12-06T18:56:50.180+0000] {processor.py:157} INFO - Started process (PID=5834) to work on /usr/local/lib/python3.10/dist-packages/airflow/example_dags/plugins/listener_plugin.py
[2023-12-06T18:56:50.182+0000] {processor.py:829} INFO - Processing file /usr/local/lib/python3.10/dist-packages/airflow/example_dags/plugins/listener_plugin.py for tasks to queue
[2023-12-06T18:56:50.183+0000] {logging_mixin.py:154} INFO - [2023-12-06T18:56:50.182+0000] {dagbag.py:536} INFO - Filling up the DagBag from /usr/local/lib/python3.10/dist-packages/airflow/example_dags/plugins/listener_plugin.py
[2023-12-06T18:56:50.186+0000] {processor.py:841} WARNING - No viable dags retrieved from /usr/local/lib/python3.10/dist-packages/airflow/example_dags/plugins/listener_plugin.py
[2023-12-06T18:56:50.197+0000] {processor.py:179} INFO - Processing /usr/local/lib/python3.10/dist-packages/airflow/example_dags/plugins/listener_plugin.py took 0.021 seconds
[2023-12-06T18:57:20.467+0000] {processor.py:157} INFO - Started process (PID=5866) to work on /usr/local/lib/python3.10/dist-packages/airflow/example_dags/plugins/listener_plugin.py
[2023-12-06T18:57:20.468+0000] {processor.py:829} INFO - Processing file /usr/local/lib/python3.10/dist-packages/airflow/example_dags/plugins/listener_plugin.py for tasks to queue
[2023-12-06T18:57:20.469+0000] {logging_mixin.py:154} INFO - [2023-12-06T18:57:20.468+0000] {dagbag.py:536} INFO - Filling up the DagBag from /usr/local/lib/python3.10/dist-packages/airflow/example_dags/plugins/listener_plugin.py
[2023-12-06T18:57:20.472+0000] {processor.py:841} WARNING - No viable dags retrieved from /usr/local/lib/python3.10/dist-packages/airflow/example_dags/plugins/listener_plugin.py
[2023-12-06T18:57:20.483+0000] {processor.py:179} INFO - Processing /usr/local/lib/python3.10/dist-packages/airflow/example_dags/plugins/listener_plugin.py took 0.020 seconds
[2023-12-06T18:57:54.170+0000] {processor.py:157} INFO - Started process (PID=5900) to work on /usr/local/lib/python3.10/dist-packages/airflow/example_dags/plugins/listener_plugin.py
[2023-12-06T18:57:54.172+0000] {processor.py:829} INFO - Processing file /usr/local/lib/python3.10/dist-packages/airflow/example_dags/plugins/listener_plugin.py for tasks to queue
[2023-12-06T18:57:54.173+0000] {logging_mixin.py:154} INFO - [2023-12-06T18:57:54.173+0000] {dagbag.py:536} INFO - Filling up the DagBag from /usr/local/lib/python3.10/dist-packages/airflow/example_dags/plugins/listener_plugin.py
[2023-12-06T18:57:54.176+0000] {processor.py:841} WARNING - No viable dags retrieved from /usr/local/lib/python3.10/dist-packages/airflow/example_dags/plugins/listener_plugin.py
[2023-12-06T18:57:54.188+0000] {processor.py:179} INFO - Processing /usr/local/lib/python3.10/dist-packages/airflow/example_dags/plugins/listener_plugin.py took 0.022 seconds
[2023-12-06T18:58:37.254+0000] {processor.py:157} INFO - Started process (PID=5945) to work on /usr/local/lib/python3.10/dist-packages/airflow/example_dags/plugins/listener_plugin.py
[2023-12-06T18:58:37.255+0000] {processor.py:829} INFO - Processing file /usr/local/lib/python3.10/dist-packages/airflow/example_dags/plugins/listener_plugin.py for tasks to queue
[2023-12-06T18:58:37.256+0000] {logging_mixin.py:154} INFO - [2023-12-06T18:58:37.255+0000] {dagbag.py:536} INFO - Filling up the DagBag from /usr/local/lib/python3.10/dist-packages/airflow/example_dags/plugins/listener_plugin.py
[2023-12-06T18:58:37.259+0000] {processor.py:841} WARNING - No viable dags retrieved from /usr/local/lib/python3.10/dist-packages/airflow/example_dags/plugins/listener_plugin.py
[2023-12-06T18:58:37.270+0000] {processor.py:179} INFO - Processing /usr/local/lib/python3.10/dist-packages/airflow/example_dags/plugins/listener_plugin.py took 0.020 seconds
[2023-12-06T18:59:08.161+0000] {processor.py:157} INFO - Started process (PID=5977) to work on /usr/local/lib/python3.10/dist-packages/airflow/example_dags/plugins/listener_plugin.py
[2023-12-06T18:59:08.162+0000] {processor.py:829} INFO - Processing file /usr/local/lib/python3.10/dist-packages/airflow/example_dags/plugins/listener_plugin.py for tasks to queue
[2023-12-06T18:59:08.163+0000] {logging_mixin.py:154} INFO - [2023-12-06T18:59:08.162+0000] {dagbag.py:536} INFO - Filling up the DagBag from /usr/local/lib/python3.10/dist-packages/airflow/example_dags/plugins/listener_plugin.py
[2023-12-06T18:59:08.166+0000] {processor.py:841} WARNING - No viable dags retrieved from /usr/local/lib/python3.10/dist-packages/airflow/example_dags/plugins/listener_plugin.py
[2023-12-06T18:59:08.177+0000] {processor.py:179} INFO - Processing /usr/local/lib/python3.10/dist-packages/airflow/example_dags/plugins/listener_plugin.py took 0.019 seconds
[2023-12-06T18:59:39.058+0000] {processor.py:157} INFO - Started process (PID=6009) to work on /usr/local/lib/python3.10/dist-packages/airflow/example_dags/plugins/listener_plugin.py
[2023-12-06T18:59:39.060+0000] {processor.py:829} INFO - Processing file /usr/local/lib/python3.10/dist-packages/airflow/example_dags/plugins/listener_plugin.py for tasks to queue
[2023-12-06T18:59:39.061+0000] {logging_mixin.py:154} INFO - [2023-12-06T18:59:39.060+0000] {dagbag.py:536} INFO - Filling up the DagBag from /usr/local/lib/python3.10/dist-packages/airflow/example_dags/plugins/listener_plugin.py
[2023-12-06T18:59:39.064+0000] {processor.py:841} WARNING - No viable dags retrieved from /usr/local/lib/python3.10/dist-packages/airflow/example_dags/plugins/listener_plugin.py
[2023-12-06T18:59:39.076+0000] {processor.py:179} INFO - Processing /usr/local/lib/python3.10/dist-packages/airflow/example_dags/plugins/listener_plugin.py took 0.021 seconds
[2023-12-06T19:00:26.952+0000] {processor.py:157} INFO - Started process (PID=6360) to work on /usr/local/lib/python3.10/dist-packages/airflow/example_dags/plugins/listener_plugin.py
[2023-12-06T19:00:26.954+0000] {processor.py:829} INFO - Processing file /usr/local/lib/python3.10/dist-packages/airflow/example_dags/plugins/listener_plugin.py for tasks to queue
[2023-12-06T19:00:26.955+0000] {logging_mixin.py:154} INFO - [2023-12-06T19:00:26.954+0000] {dagbag.py:536} INFO - Filling up the DagBag from /usr/local/lib/python3.10/dist-packages/airflow/example_dags/plugins/listener_plugin.py
[2023-12-06T19:00:26.958+0000] {processor.py:841} WARNING - No viable dags retrieved from /usr/local/lib/python3.10/dist-packages/airflow/example_dags/plugins/listener_plugin.py
[2023-12-06T19:00:26.969+0000] {processor.py:179} INFO - Processing /usr/local/lib/python3.10/dist-packages/airflow/example_dags/plugins/listener_plugin.py took 0.020 seconds
[2023-12-06T19:01:03.326+0000] {processor.py:157} INFO - Started process (PID=6440) to work on /usr/local/lib/python3.10/dist-packages/airflow/example_dags/plugins/listener_plugin.py
[2023-12-06T19:01:03.327+0000] {processor.py:829} INFO - Processing file /usr/local/lib/python3.10/dist-packages/airflow/example_dags/plugins/listener_plugin.py for tasks to queue
[2023-12-06T19:01:03.328+0000] {logging_mixin.py:154} INFO - [2023-12-06T19:01:03.328+0000] {dagbag.py:536} INFO - Filling up the DagBag from /usr/local/lib/python3.10/dist-packages/airflow/example_dags/plugins/listener_plugin.py
[2023-12-06T19:01:03.331+0000] {processor.py:841} WARNING - No viable dags retrieved from /usr/local/lib/python3.10/dist-packages/airflow/example_dags/plugins/listener_plugin.py
[2023-12-06T19:01:03.343+0000] {processor.py:179} INFO - Processing /usr/local/lib/python3.10/dist-packages/airflow/example_dags/plugins/listener_plugin.py took 0.021 seconds
[2023-12-06T19:01:36.385+0000] {processor.py:157} INFO - Started process (PID=6484) to work on /usr/local/lib/python3.10/dist-packages/airflow/example_dags/plugins/listener_plugin.py
[2023-12-06T19:01:36.386+0000] {processor.py:829} INFO - Processing file /usr/local/lib/python3.10/dist-packages/airflow/example_dags/plugins/listener_plugin.py for tasks to queue
[2023-12-06T19:01:36.387+0000] {logging_mixin.py:154} INFO - [2023-12-06T19:01:36.387+0000] {dagbag.py:536} INFO - Filling up the DagBag from /usr/local/lib/python3.10/dist-packages/airflow/example_dags/plugins/listener_plugin.py
[2023-12-06T19:01:36.390+0000] {processor.py:841} WARNING - No viable dags retrieved from /usr/local/lib/python3.10/dist-packages/airflow/example_dags/plugins/listener_plugin.py
[2023-12-06T19:01:36.401+0000] {processor.py:179} INFO - Processing /usr/local/lib/python3.10/dist-packages/airflow/example_dags/plugins/listener_plugin.py took 0.020 seconds
[2023-12-06T19:02:08.066+0000] {processor.py:157} INFO - Started process (PID=6517) to work on /usr/local/lib/python3.10/dist-packages/airflow/example_dags/plugins/listener_plugin.py
[2023-12-06T19:02:08.068+0000] {processor.py:829} INFO - Processing file /usr/local/lib/python3.10/dist-packages/airflow/example_dags/plugins/listener_plugin.py for tasks to queue
[2023-12-06T19:02:08.069+0000] {logging_mixin.py:154} INFO - [2023-12-06T19:02:08.069+0000] {dagbag.py:536} INFO - Filling up the DagBag from /usr/local/lib/python3.10/dist-packages/airflow/example_dags/plugins/listener_plugin.py
[2023-12-06T19:02:08.072+0000] {processor.py:841} WARNING - No viable dags retrieved from /usr/local/lib/python3.10/dist-packages/airflow/example_dags/plugins/listener_plugin.py
[2023-12-06T19:02:08.084+0000] {processor.py:179} INFO - Processing /usr/local/lib/python3.10/dist-packages/airflow/example_dags/plugins/listener_plugin.py took 0.021 seconds
[2023-12-06T19:02:51.129+0000] {processor.py:157} INFO - Started process (PID=6564) to work on /usr/local/lib/python3.10/dist-packages/airflow/example_dags/plugins/listener_plugin.py
[2023-12-06T19:02:51.131+0000] {processor.py:829} INFO - Processing file /usr/local/lib/python3.10/dist-packages/airflow/example_dags/plugins/listener_plugin.py for tasks to queue
[2023-12-06T19:02:51.132+0000] {logging_mixin.py:154} INFO - [2023-12-06T19:02:51.131+0000] {dagbag.py:536} INFO - Filling up the DagBag from /usr/local/lib/python3.10/dist-packages/airflow/example_dags/plugins/listener_plugin.py
[2023-12-06T19:02:51.135+0000] {processor.py:841} WARNING - No viable dags retrieved from /usr/local/lib/python3.10/dist-packages/airflow/example_dags/plugins/listener_plugin.py
[2023-12-06T19:02:51.146+0000] {processor.py:179} INFO - Processing /usr/local/lib/python3.10/dist-packages/airflow/example_dags/plugins/listener_plugin.py took 0.021 seconds
[2023-12-06T19:03:22.134+0000] {processor.py:157} INFO - Started process (PID=6594) to work on /usr/local/lib/python3.10/dist-packages/airflow/example_dags/plugins/listener_plugin.py
[2023-12-06T19:03:22.134+0000] {processor.py:829} INFO - Processing file /usr/local/lib/python3.10/dist-packages/airflow/example_dags/plugins/listener_plugin.py for tasks to queue
[2023-12-06T19:03:22.135+0000] {logging_mixin.py:154} INFO - [2023-12-06T19:03:22.135+0000] {dagbag.py:536} INFO - Filling up the DagBag from /usr/local/lib/python3.10/dist-packages/airflow/example_dags/plugins/listener_plugin.py
[2023-12-06T19:03:22.138+0000] {processor.py:841} WARNING - No viable dags retrieved from /usr/local/lib/python3.10/dist-packages/airflow/example_dags/plugins/listener_plugin.py
[2023-12-06T19:03:22.149+0000] {processor.py:179} INFO - Processing /usr/local/lib/python3.10/dist-packages/airflow/example_dags/plugins/listener_plugin.py took 0.020 seconds
[2023-12-06T19:03:56.903+0000] {processor.py:157} INFO - Started process (PID=6628) to work on /usr/local/lib/python3.10/dist-packages/airflow/example_dags/plugins/listener_plugin.py
[2023-12-06T19:03:56.904+0000] {processor.py:829} INFO - Processing file /usr/local/lib/python3.10/dist-packages/airflow/example_dags/plugins/listener_plugin.py for tasks to queue
[2023-12-06T19:03:56.905+0000] {logging_mixin.py:154} INFO - [2023-12-06T19:03:56.905+0000] {dagbag.py:536} INFO - Filling up the DagBag from /usr/local/lib/python3.10/dist-packages/airflow/example_dags/plugins/listener_plugin.py
[2023-12-06T19:03:56.908+0000] {processor.py:841} WARNING - No viable dags retrieved from /usr/local/lib/python3.10/dist-packages/airflow/example_dags/plugins/listener_plugin.py
[2023-12-06T19:03:56.919+0000] {processor.py:179} INFO - Processing /usr/local/lib/python3.10/dist-packages/airflow/example_dags/plugins/listener_plugin.py took 0.020 seconds
[2023-12-06T19:04:27.883+0000] {processor.py:157} INFO - Started process (PID=6660) to work on /usr/local/lib/python3.10/dist-packages/airflow/example_dags/plugins/listener_plugin.py
[2023-12-06T19:04:27.884+0000] {processor.py:829} INFO - Processing file /usr/local/lib/python3.10/dist-packages/airflow/example_dags/plugins/listener_plugin.py for tasks to queue
[2023-12-06T19:04:27.885+0000] {logging_mixin.py:154} INFO - [2023-12-06T19:04:27.885+0000] {dagbag.py:536} INFO - Filling up the DagBag from /usr/local/lib/python3.10/dist-packages/airflow/example_dags/plugins/listener_plugin.py
[2023-12-06T19:04:27.888+0000] {processor.py:841} WARNING - No viable dags retrieved from /usr/local/lib/python3.10/dist-packages/airflow/example_dags/plugins/listener_plugin.py
[2023-12-06T19:04:27.900+0000] {processor.py:179} INFO - Processing /usr/local/lib/python3.10/dist-packages/airflow/example_dags/plugins/listener_plugin.py took 0.020 seconds
[2023-12-06T19:04:59.937+0000] {processor.py:157} INFO - Started process (PID=6856) to work on /usr/local/lib/python3.10/dist-packages/airflow/example_dags/plugins/listener_plugin.py
[2023-12-06T19:04:59.939+0000] {processor.py:829} INFO - Processing file /usr/local/lib/python3.10/dist-packages/airflow/example_dags/plugins/listener_plugin.py for tasks to queue
[2023-12-06T19:04:59.940+0000] {logging_mixin.py:154} INFO - [2023-12-06T19:04:59.939+0000] {dagbag.py:536} INFO - Filling up the DagBag from /usr/local/lib/python3.10/dist-packages/airflow/example_dags/plugins/listener_plugin.py
[2023-12-06T19:04:59.943+0000] {processor.py:841} WARNING - No viable dags retrieved from /usr/local/lib/python3.10/dist-packages/airflow/example_dags/plugins/listener_plugin.py
[2023-12-06T19:04:59.954+0000] {processor.py:179} INFO - Processing /usr/local/lib/python3.10/dist-packages/airflow/example_dags/plugins/listener_plugin.py took 0.021 seconds
[2023-12-06T19:05:33.530+0000] {processor.py:157} INFO - Started process (PID=6896) to work on /usr/local/lib/python3.10/dist-packages/airflow/example_dags/plugins/listener_plugin.py
[2023-12-06T19:05:33.532+0000] {processor.py:829} INFO - Processing file /usr/local/lib/python3.10/dist-packages/airflow/example_dags/plugins/listener_plugin.py for tasks to queue
[2023-12-06T19:05:33.533+0000] {logging_mixin.py:154} INFO - [2023-12-06T19:05:33.533+0000] {dagbag.py:536} INFO - Filling up the DagBag from /usr/local/lib/python3.10/dist-packages/airflow/example_dags/plugins/listener_plugin.py
[2023-12-06T19:05:33.536+0000] {processor.py:841} WARNING - No viable dags retrieved from /usr/local/lib/python3.10/dist-packages/airflow/example_dags/plugins/listener_plugin.py
[2023-12-06T19:05:33.548+0000] {processor.py:179} INFO - Processing /usr/local/lib/python3.10/dist-packages/airflow/example_dags/plugins/listener_plugin.py took 0.021 seconds
[2023-12-06T19:06:06.012+0000] {processor.py:157} INFO - Started process (PID=6929) to work on /usr/local/lib/python3.10/dist-packages/airflow/example_dags/plugins/listener_plugin.py
[2023-12-06T19:06:06.013+0000] {processor.py:829} INFO - Processing file /usr/local/lib/python3.10/dist-packages/airflow/example_dags/plugins/listener_plugin.py for tasks to queue
[2023-12-06T19:06:06.014+0000] {logging_mixin.py:154} INFO - [2023-12-06T19:06:06.014+0000] {dagbag.py:536} INFO - Filling up the DagBag from /usr/local/lib/python3.10/dist-packages/airflow/example_dags/plugins/listener_plugin.py
[2023-12-06T19:06:06.018+0000] {processor.py:841} WARNING - No viable dags retrieved from /usr/local/lib/python3.10/dist-packages/airflow/example_dags/plugins/listener_plugin.py
[2023-12-06T19:06:06.029+0000] {processor.py:179} INFO - Processing /usr/local/lib/python3.10/dist-packages/airflow/example_dags/plugins/listener_plugin.py took 0.021 seconds
[2023-12-06T19:06:37.016+0000] {processor.py:157} INFO - Started process (PID=6961) to work on /usr/local/lib/python3.10/dist-packages/airflow/example_dags/plugins/listener_plugin.py
[2023-12-06T19:06:37.022+0000] {processor.py:829} INFO - Processing file /usr/local/lib/python3.10/dist-packages/airflow/example_dags/plugins/listener_plugin.py for tasks to queue
[2023-12-06T19:06:37.023+0000] {logging_mixin.py:154} INFO - [2023-12-06T19:06:37.023+0000] {dagbag.py:536} INFO - Filling up the DagBag from /usr/local/lib/python3.10/dist-packages/airflow/example_dags/plugins/listener_plugin.py
[2023-12-06T19:06:37.027+0000] {processor.py:841} WARNING - No viable dags retrieved from /usr/local/lib/python3.10/dist-packages/airflow/example_dags/plugins/listener_plugin.py
[2023-12-06T19:06:37.038+0000] {processor.py:179} INFO - Processing /usr/local/lib/python3.10/dist-packages/airflow/example_dags/plugins/listener_plugin.py took 0.026 seconds
[2023-12-06T19:07:07.922+0000] {processor.py:157} INFO - Started process (PID=6992) to work on /usr/local/lib/python3.10/dist-packages/airflow/example_dags/plugins/listener_plugin.py
[2023-12-06T19:07:07.923+0000] {processor.py:829} INFO - Processing file /usr/local/lib/python3.10/dist-packages/airflow/example_dags/plugins/listener_plugin.py for tasks to queue
[2023-12-06T19:07:07.924+0000] {logging_mixin.py:154} INFO - [2023-12-06T19:07:07.924+0000] {dagbag.py:536} INFO - Filling up the DagBag from /usr/local/lib/python3.10/dist-packages/airflow/example_dags/plugins/listener_plugin.py
[2023-12-06T19:07:07.928+0000] {processor.py:841} WARNING - No viable dags retrieved from /usr/local/lib/python3.10/dist-packages/airflow/example_dags/plugins/listener_plugin.py
[2023-12-06T19:07:07.939+0000] {processor.py:179} INFO - Processing /usr/local/lib/python3.10/dist-packages/airflow/example_dags/plugins/listener_plugin.py took 0.020 seconds
[2023-12-06T19:07:41.555+0000] {processor.py:157} INFO - Started process (PID=7025) to work on /usr/local/lib/python3.10/dist-packages/airflow/example_dags/plugins/listener_plugin.py
[2023-12-06T19:07:41.558+0000] {processor.py:829} INFO - Processing file /usr/local/lib/python3.10/dist-packages/airflow/example_dags/plugins/listener_plugin.py for tasks to queue
[2023-12-06T19:07:41.559+0000] {logging_mixin.py:154} INFO - [2023-12-06T19:07:41.559+0000] {dagbag.py:536} INFO - Filling up the DagBag from /usr/local/lib/python3.10/dist-packages/airflow/example_dags/plugins/listener_plugin.py
[2023-12-06T19:07:41.564+0000] {processor.py:841} WARNING - No viable dags retrieved from /usr/local/lib/python3.10/dist-packages/airflow/example_dags/plugins/listener_plugin.py
[2023-12-06T19:07:41.576+0000] {processor.py:179} INFO - Processing /usr/local/lib/python3.10/dist-packages/airflow/example_dags/plugins/listener_plugin.py took 0.025 seconds
