2023-12-10 18:49:00.734 [info] Log level: Info
2023-12-10 18:49:00.734 [info] Validating found git in: "git"
2023-12-10 18:49:00.734 [info] Using git "2.34.1" from "git"
2023-12-10 18:49:00.734 [info] > git rev-parse --show-toplevel [78ms]
2023-12-10 18:49:00.734 [info] fatal: not a git repository (or any of the parent directories): .git
2023-12-10 18:49:00.734 [info] > git rev-parse --show-toplevel [6ms]
2023-12-10 18:49:00.734 [info] fatal: not a git repository (or any of the parent directories): .git
2023-12-10 18:49:00.734 [info] > git rev-parse --show-toplevel [17ms]
2023-12-10 18:49:00.734 [info] fatal: not a git repository (or any of the parent directories): .git
2023-12-10 18:49:00.743 [info] > git rev-parse --show-toplevel [9ms]
2023-12-10 18:49:00.743 [info] fatal: not a git repository (or any of the parent directories): .git
2023-12-10 18:49:00.754 [info] > git rev-parse --show-toplevel [3ms]
2023-12-10 18:49:00.754 [info] fatal: not a git repository (or any of the parent directories): .git
2023-12-10 18:49:00.766 [info] > git rev-parse --show-toplevel [1ms]
2023-12-10 18:49:00.766 [info] fatal: not a git repository (or any of the parent directories): .git
2023-12-10 18:49:00.791 [info] > git rev-parse --show-toplevel [19ms]
2023-12-10 18:49:00.791 [info] fatal: not a git repository (or any of the parent directories): .git
2023-12-10 18:49:00.816 [info] > git rev-parse --show-toplevel [15ms]
2023-12-10 18:49:00.816 [info] fatal: not a git repository (or any of the parent directories): .git
2023-12-10 18:49:21.270 [info] > git rev-parse --show-toplevel [5ms]
2023-12-10 18:49:21.270 [info] fatal: not a git repository (or any of the parent directories): .git
2023-12-10 18:49:32.008 [info] > git rev-parse --show-toplevel [3ms]
2023-12-10 18:49:32.008 [info] fatal: not a git repository (or any of the parent directories): .git
2023-12-10 19:03:14.344 [info] > git rev-parse --show-toplevel [2ms]
2023-12-10 19:03:14.351 [info] > git rev-parse --git-dir --git-common-dir [2ms]
2023-12-10 19:03:14.370 [info] Open repository: /home/ubuntu
2023-12-10 19:03:14.383 [info] No remotes found in the git config file.
2023-12-10 19:03:14.385 [info] > git config --get commit.template [8ms]
2023-12-10 19:03:14.388 [info] > git for-each-ref --format=%(refname)%00%(upstream:short)%00%(objectname)%00%(upstream:track)%00%(upstream:remotename)%00%(upstream:remoteref) refs/heads/master refs/remotes/master [6ms]
2023-12-10 19:03:14.532 [info] > git status -z -uall [138ms]
2023-12-10 19:03:15.352 [info] > git config --get commit.template [11ms]
2023-12-10 19:03:15.362 [info] No remotes found in the git config file.
2023-12-10 19:03:15.362 [info] > git check-ignore -v -z --stdin [12ms]
2023-12-10 19:03:15.375 [info] > git for-each-ref --format=%(refname)%00%(upstream:short)%00%(objectname)%00%(upstream:track)%00%(upstream:remotename)%00%(upstream:remoteref) refs/heads/master refs/remotes/master [14ms]
2023-12-10 19:03:15.420 [info] > git status -z -uall [40ms]
2023-12-10 19:03:16.256 [info] > git show --textconv :airflow/dags/weather_dag.py [8ms]
2023-12-10 19:03:16.263 [info] > git ls-files --stage -- /home/ubuntu/airflow/dags/weather_dag.py [8ms]
2023-12-10 19:03:18.648 [info] No remotes found in the git config file.
2023-12-10 19:03:18.649 [info] > git config --get commit.template [8ms]
2023-12-10 19:03:18.651 [info] > git for-each-ref --format=%(refname)%00%(upstream:short)%00%(objectname)%00%(upstream:track)%00%(upstream:remotename)%00%(upstream:remoteref) refs/heads/master refs/remotes/master [3ms]
2023-12-10 19:03:18.681 [info] > git status -z -uall [25ms]
2023-12-10 19:03:23.744 [info] No remotes found in the git config file.
2023-12-10 19:03:23.746 [info] > git config --get commit.template [7ms]
2023-12-10 19:03:23.748 [info] > git for-each-ref --format=%(refname)%00%(upstream:short)%00%(objectname)%00%(upstream:track)%00%(upstream:remotename)%00%(upstream:remoteref) refs/heads/master refs/remotes/master [3ms]
2023-12-10 19:03:23.778 [info] > git status -z -uall [26ms]
2023-12-10 19:03:28.848 [info] No remotes found in the git config file.
2023-12-10 19:03:28.849 [info] > git config --get commit.template [7ms]
2023-12-10 19:03:28.851 [info] > git for-each-ref --format=%(refname)%00%(upstream:short)%00%(objectname)%00%(upstream:track)%00%(upstream:remotename)%00%(upstream:remoteref) refs/heads/master refs/remotes/master [4ms]
2023-12-10 19:03:28.878 [info] > git status -z -uall [22ms]
2023-12-10 19:03:56.857 [info] No remotes found in the git config file.
2023-12-10 19:03:56.858 [info] > git config --get commit.template [6ms]
2023-12-10 19:03:56.860 [info] > git for-each-ref --format=%(refname)%00%(upstream:short)%00%(objectname)%00%(upstream:track)%00%(upstream:remotename)%00%(upstream:remoteref) refs/heads/master refs/remotes/master [4ms]
2023-12-10 19:03:56.891 [info] > git status -z -uall [27ms]
2023-12-10 19:04:01.983 [info] No remotes found in the git config file.
2023-12-10 19:04:01.991 [info] > git config --get commit.template [28ms]
2023-12-10 19:04:01.992 [info] > git for-each-ref --format=%(refname)%00%(upstream:short)%00%(objectname)%00%(upstream:track)%00%(upstream:remotename)%00%(upstream:remoteref) refs/heads/master refs/remotes/master [9ms]
2023-12-10 19:04:02.058 [info] > git status -z -uall [48ms]
2023-12-10 19:04:07.147 [info] No remotes found in the git config file.
2023-12-10 19:04:07.150 [info] > git config --get commit.template [7ms]
2023-12-10 19:04:07.152 [info] > git for-each-ref --format=%(refname)%00%(upstream:short)%00%(objectname)%00%(upstream:track)%00%(upstream:remotename)%00%(upstream:remoteref) refs/heads/master refs/remotes/master [4ms]
2023-12-10 19:04:07.180 [info] > git status -z -uall [23ms]
2023-12-10 19:04:12.236 [info] No remotes found in the git config file.
2023-12-10 19:04:12.238 [info] > git config --get commit.template [8ms]
2023-12-10 19:04:12.239 [info] > git for-each-ref --format=%(refname)%00%(upstream:short)%00%(objectname)%00%(upstream:track)%00%(upstream:remotename)%00%(upstream:remoteref) refs/heads/master refs/remotes/master [3ms]
2023-12-10 19:04:12.271 [info] > git status -z -uall [26ms]
2023-12-10 19:04:17.344 [info] No remotes found in the git config file.
2023-12-10 19:04:17.345 [info] > git config --get commit.template [9ms]
2023-12-10 19:04:17.347 [info] > git for-each-ref --format=%(refname)%00%(upstream:short)%00%(objectname)%00%(upstream:track)%00%(upstream:remotename)%00%(upstream:remoteref) refs/heads/master refs/remotes/master [3ms]
2023-12-10 19:04:17.375 [info] > git status -z -uall [22ms]
2023-12-10 19:04:22.434 [info] No remotes found in the git config file.
2023-12-10 19:04:22.435 [info] > git config --get commit.template [8ms]
2023-12-10 19:04:22.437 [info] > git for-each-ref --format=%(refname)%00%(upstream:short)%00%(objectname)%00%(upstream:track)%00%(upstream:remotename)%00%(upstream:remoteref) refs/heads/master refs/remotes/master [3ms]
2023-12-10 19:04:22.464 [info] > git status -z -uall [22ms]
2023-12-10 19:04:27.524 [info] No remotes found in the git config file.
2023-12-10 19:04:27.525 [info] > git config --get commit.template [7ms]
2023-12-10 19:04:27.526 [info] > git for-each-ref --format=%(refname)%00%(upstream:short)%00%(objectname)%00%(upstream:track)%00%(upstream:remotename)%00%(upstream:remoteref) refs/heads/master refs/remotes/master [3ms]
2023-12-10 19:04:27.559 [info] > git status -z -uall [28ms]
2023-12-10 19:04:32.614 [info] No remotes found in the git config file.
2023-12-10 19:04:32.615 [info] > git config --get commit.template [7ms]
2023-12-10 19:04:32.616 [info] > git for-each-ref --format=%(refname)%00%(upstream:short)%00%(objectname)%00%(upstream:track)%00%(upstream:remotename)%00%(upstream:remoteref) refs/heads/master refs/remotes/master [2ms]
2023-12-10 19:04:32.643 [info] > git status -z -uall [22ms]
2023-12-10 19:06:40.032 [info] No remotes found in the git config file.
2023-12-10 19:06:40.033 [info] > git config --get commit.template [7ms]
2023-12-10 19:06:40.035 [info] > git for-each-ref --format=%(refname)%00%(upstream:short)%00%(objectname)%00%(upstream:track)%00%(upstream:remotename)%00%(upstream:remoteref) refs/heads/master refs/remotes/master [3ms]
2023-12-10 19:06:40.065 [info] > git status -z -uall [26ms]
2023-12-10 19:06:45.138 [info] No remotes found in the git config file.
2023-12-10 19:06:45.139 [info] > git config --get commit.template [8ms]
2023-12-10 19:06:45.141 [info] > git for-each-ref --format=%(refname)%00%(upstream:short)%00%(objectname)%00%(upstream:track)%00%(upstream:remotename)%00%(upstream:remoteref) refs/heads/master refs/remotes/master [3ms]
2023-12-10 19:06:45.168 [info] > git status -z -uall [22ms]
2023-12-10 19:06:50.230 [info] No remotes found in the git config file.
2023-12-10 19:06:50.231 [info] > git config --get commit.template [8ms]
2023-12-10 19:06:50.235 [info] > git for-each-ref --format=%(refname)%00%(upstream:short)%00%(objectname)%00%(upstream:track)%00%(upstream:remotename)%00%(upstream:remoteref) refs/heads/master refs/remotes/master [5ms]
2023-12-10 19:06:50.262 [info] > git status -z -uall [22ms]
2023-12-10 19:06:55.324 [info] No remotes found in the git config file.
2023-12-10 19:06:55.325 [info] > git config --get commit.template [7ms]
2023-12-10 19:06:55.326 [info] > git for-each-ref --format=%(refname)%00%(upstream:short)%00%(objectname)%00%(upstream:track)%00%(upstream:remotename)%00%(upstream:remoteref) refs/heads/master refs/remotes/master [2ms]
2023-12-10 19:06:55.395 [info] > git status -z -uall [64ms]
2023-12-10 19:07:00.468 [info] No remotes found in the git config file.
2023-12-10 19:07:00.469 [info] > git config --get commit.template [10ms]
2023-12-10 19:07:00.473 [info] > git for-each-ref --format=%(refname)%00%(upstream:short)%00%(objectname)%00%(upstream:track)%00%(upstream:remotename)%00%(upstream:remoteref) refs/heads/master refs/remotes/master [8ms]
2023-12-10 19:07:00.502 [info] > git status -z -uall [23ms]
2023-12-10 19:07:04.303 [info] > git ls-files --stage -- /home/ubuntu/airflow/dags/weather_dag.py [3ms]
2023-12-10 19:07:04.522 [info] > git show --textconv :airflow/dags/weather_dag.py [3ms]
2023-12-10 19:07:05.562 [info] > git config --get commit.template [8ms]
2023-12-10 19:07:05.564 [info] > git for-each-ref --format=%(refname)%00%(upstream:short)%00%(objectname)%00%(upstream:track)%00%(upstream:remotename)%00%(upstream:remoteref) refs/heads/master refs/remotes/master [3ms]
2023-12-10 19:07:05.593 [info] > git status -z -uall [24ms]
2023-12-10 19:07:10.657 [info] > git config --get commit.template [7ms]
2023-12-10 19:07:10.659 [info] > git for-each-ref --format=%(refname)%00%(upstream:short)%00%(objectname)%00%(upstream:track)%00%(upstream:remotename)%00%(upstream:remoteref) refs/heads/master refs/remotes/master [3ms]
2023-12-10 19:07:10.690 [info] > git status -z -uall [26ms]
2023-12-10 19:07:21.978 [info] > git config --get commit.template [7ms]
2023-12-10 19:07:21.980 [info] > git for-each-ref --format=%(refname)%00%(upstream:short)%00%(objectname)%00%(upstream:track)%00%(upstream:remotename)%00%(upstream:remoteref) refs/heads/master refs/remotes/master [3ms]
2023-12-10 19:07:22.007 [info] > git status -z -uall [23ms]
2023-12-10 19:07:28.279 [info] > git config --get commit.template [7ms]
2023-12-10 19:07:28.281 [info] > git for-each-ref --format=%(refname)%00%(upstream:short)%00%(objectname)%00%(upstream:track)%00%(upstream:remotename)%00%(upstream:remoteref) refs/heads/master refs/remotes/master [3ms]
2023-12-10 19:07:28.307 [info] > git status -z -uall [22ms]
2023-12-10 19:07:33.365 [info] > git config --get commit.template [6ms]
2023-12-10 19:07:33.367 [info] > git for-each-ref --format=%(refname)%00%(upstream:short)%00%(objectname)%00%(upstream:track)%00%(upstream:remotename)%00%(upstream:remoteref) refs/heads/master refs/remotes/master [3ms]
2023-12-10 19:07:33.460 [info] > git status -z -uall [88ms]
2023-12-10 19:07:38.519 [info] > git config --get commit.template [6ms]
2023-12-10 19:07:38.520 [info] > git for-each-ref --format=%(refname)%00%(upstream:short)%00%(objectname)%00%(upstream:track)%00%(upstream:remotename)%00%(upstream:remoteref) refs/heads/master refs/remotes/master [2ms]
2023-12-10 19:07:38.546 [info] > git status -z -uall [21ms]
2023-12-10 19:08:41.668 [info] > git config --get commit.template [7ms]
2023-12-10 19:08:41.670 [info] > git for-each-ref --format=%(refname)%00%(upstream:short)%00%(objectname)%00%(upstream:track)%00%(upstream:remotename)%00%(upstream:remoteref) refs/heads/master refs/remotes/master [3ms]
2023-12-10 19:08:41.701 [info] > git status -z -uall [26ms]
2023-12-10 19:08:46.770 [info] > git config --get commit.template [7ms]
2023-12-10 19:08:46.772 [info] > git for-each-ref --format=%(refname)%00%(upstream:short)%00%(objectname)%00%(upstream:track)%00%(upstream:remotename)%00%(upstream:remoteref) refs/heads/master refs/remotes/master [3ms]
2023-12-10 19:08:46.799 [info] > git status -z -uall [23ms]
2023-12-10 19:08:58.459 [info] > git config --get commit.template [7ms]
2023-12-10 19:08:58.461 [info] > git for-each-ref --format=%(refname)%00%(upstream:short)%00%(objectname)%00%(upstream:track)%00%(upstream:remotename)%00%(upstream:remoteref) refs/heads/master refs/remotes/master [3ms]
2023-12-10 19:08:58.488 [info] > git status -z -uall [21ms]
2023-12-10 19:09:03.549 [info] > git config --get commit.template [8ms]
2023-12-10 19:09:03.551 [info] > git for-each-ref --format=%(refname)%00%(upstream:short)%00%(objectname)%00%(upstream:track)%00%(upstream:remotename)%00%(upstream:remoteref) refs/heads/master refs/remotes/master [3ms]
2023-12-10 19:09:03.582 [info] > git status -z -uall [25ms]
2023-12-10 19:09:08.643 [info] > git config --get commit.template [7ms]
2023-12-10 19:09:08.645 [info] > git for-each-ref --format=%(refname)%00%(upstream:short)%00%(objectname)%00%(upstream:track)%00%(upstream:remotename)%00%(upstream:remoteref) refs/heads/master refs/remotes/master [2ms]
2023-12-10 19:09:08.716 [info] > git status -z -uall [66ms]
2023-12-10 19:09:13.795 [info] > git config --get commit.template [8ms]
2023-12-10 19:09:13.797 [info] > git for-each-ref --format=%(refname)%00%(upstream:short)%00%(objectname)%00%(upstream:track)%00%(upstream:remotename)%00%(upstream:remoteref) refs/heads/master refs/remotes/master [3ms]
2023-12-10 19:09:13.825 [info] > git status -z -uall [23ms]
2023-12-10 19:09:18.880 [info] > git config --get commit.template [9ms]
2023-12-10 19:09:18.882 [info] > git for-each-ref --format=%(refname)%00%(upstream:short)%00%(objectname)%00%(upstream:track)%00%(upstream:remotename)%00%(upstream:remoteref) refs/heads/master refs/remotes/master [3ms]
2023-12-10 19:09:18.947 [info] > git status -z -uall [60ms]
2023-12-10 19:09:24.052 [info] > git config --get commit.template [7ms]
2023-12-10 19:09:24.054 [info] > git for-each-ref --format=%(refname)%00%(upstream:short)%00%(objectname)%00%(upstream:track)%00%(upstream:remotename)%00%(upstream:remoteref) refs/heads/master refs/remotes/master [3ms]
2023-12-10 19:09:24.081 [info] > git status -z -uall [22ms]
2023-12-10 19:09:51.914 [info] > git config --get commit.template [7ms]
2023-12-10 19:09:51.917 [info] > git for-each-ref --format=%(refname)%00%(upstream:short)%00%(objectname)%00%(upstream:track)%00%(upstream:remotename)%00%(upstream:remoteref) refs/heads/master refs/remotes/master [4ms]
2023-12-10 19:09:51.949 [info] > git status -z -uall [28ms]
2023-12-10 19:09:57.019 [info] > git config --get commit.template [8ms]
2023-12-10 19:09:57.026 [info] > git for-each-ref --format=%(refname)%00%(upstream:short)%00%(objectname)%00%(upstream:track)%00%(upstream:remotename)%00%(upstream:remoteref) refs/heads/master refs/remotes/master [8ms]
2023-12-10 19:09:57.054 [info] > git status -z -uall [22ms]
2023-12-10 19:10:02.211 [info] > git config --get commit.template [19ms]
2023-12-10 19:10:02.321 [info] > git for-each-ref --format=%(refname)%00%(upstream:short)%00%(objectname)%00%(upstream:track)%00%(upstream:remotename)%00%(upstream:remoteref) refs/heads/master refs/remotes/master [18ms]
2023-12-10 19:10:02.820 [info] > git status -z -uall [408ms]
2023-12-10 19:10:08.388 [info] > git config --get commit.template [8ms]
2023-12-10 19:10:08.390 [info] > git for-each-ref --format=%(refname)%00%(upstream:short)%00%(objectname)%00%(upstream:track)%00%(upstream:remotename)%00%(upstream:remoteref) refs/heads/master refs/remotes/master [3ms]
2023-12-10 19:10:08.419 [info] > git status -z -uall [21ms]
2023-12-10 19:10:13.477 [info] > git config --get commit.template [8ms]
2023-12-10 19:10:13.479 [info] > git for-each-ref --format=%(refname)%00%(upstream:short)%00%(objectname)%00%(upstream:track)%00%(upstream:remotename)%00%(upstream:remoteref) refs/heads/master refs/remotes/master [3ms]
2023-12-10 19:10:13.508 [info] > git status -z -uall [23ms]
2023-12-10 19:10:18.567 [info] > git config --get commit.template [8ms]
2023-12-10 19:10:18.569 [info] > git for-each-ref --format=%(refname)%00%(upstream:short)%00%(objectname)%00%(upstream:track)%00%(upstream:remotename)%00%(upstream:remoteref) refs/heads/master refs/remotes/master [3ms]
2023-12-10 19:10:18.598 [info] > git status -z -uall [22ms]
2023-12-10 19:10:23.663 [info] > git config --get commit.template [9ms]
2023-12-10 19:10:23.665 [info] > git for-each-ref --format=%(refname)%00%(upstream:short)%00%(objectname)%00%(upstream:track)%00%(upstream:remotename)%00%(upstream:remoteref) refs/heads/master refs/remotes/master [3ms]
2023-12-10 19:10:23.715 [info] > git status -z -uall [43ms]
2023-12-10 19:10:28.852 [info] > git config --get commit.template [9ms]
2023-12-10 19:10:28.854 [info] > git for-each-ref --format=%(refname)%00%(upstream:short)%00%(objectname)%00%(upstream:track)%00%(upstream:remotename)%00%(upstream:remoteref) refs/heads/master refs/remotes/master [3ms]
2023-12-10 19:10:28.882 [info] > git status -z -uall [22ms]
2023-12-10 19:12:12.433 [info] > git config --get commit.template [7ms]
2023-12-10 19:12:12.435 [info] > git for-each-ref --format=%(refname)%00%(upstream:short)%00%(objectname)%00%(upstream:track)%00%(upstream:remotename)%00%(upstream:remoteref) refs/heads/master refs/remotes/master [3ms]
2023-12-10 19:12:12.469 [info] > git status -z -uall [28ms]
2023-12-10 19:12:17.539 [info] > git config --get commit.template [8ms]
2023-12-10 19:12:17.541 [info] > git for-each-ref --format=%(refname)%00%(upstream:short)%00%(objectname)%00%(upstream:track)%00%(upstream:remotename)%00%(upstream:remoteref) refs/heads/master refs/remotes/master [3ms]
2023-12-10 19:12:17.572 [info] > git status -z -uall [26ms]
2023-12-10 19:12:22.631 [info] > git config --get commit.template [8ms]
2023-12-10 19:12:22.633 [info] > git for-each-ref --format=%(refname)%00%(upstream:short)%00%(objectname)%00%(upstream:track)%00%(upstream:remotename)%00%(upstream:remoteref) refs/heads/master refs/remotes/master [3ms]
2023-12-10 19:12:22.659 [info] > git status -z -uall [21ms]
2023-12-10 19:12:27.726 [info] > git config --get commit.template [11ms]
2023-12-10 19:12:27.731 [info] > git for-each-ref --format=%(refname)%00%(upstream:short)%00%(objectname)%00%(upstream:track)%00%(upstream:remotename)%00%(upstream:remoteref) refs/heads/master refs/remotes/master [6ms]
2023-12-10 19:12:27.800 [info] > git status -z -uall [61ms]
2023-12-10 19:12:32.888 [info] > git config --get commit.template [7ms]
2023-12-10 19:12:32.890 [info] > git for-each-ref --format=%(refname)%00%(upstream:short)%00%(objectname)%00%(upstream:track)%00%(upstream:remotename)%00%(upstream:remoteref) refs/heads/master refs/remotes/master [3ms]
2023-12-10 19:12:32.918 [info] > git status -z -uall [22ms]
2023-12-10 19:12:37.979 [info] > git config --get commit.template [7ms]
2023-12-10 19:12:37.981 [info] > git for-each-ref --format=%(refname)%00%(upstream:short)%00%(objectname)%00%(upstream:track)%00%(upstream:remotename)%00%(upstream:remoteref) refs/heads/master refs/remotes/master [3ms]
2023-12-10 19:12:38.009 [info] > git status -z -uall [23ms]
2023-12-10 19:12:43.065 [info] > git config --get commit.template [7ms]
2023-12-10 19:12:43.066 [info] > git for-each-ref --format=%(refname)%00%(upstream:short)%00%(objectname)%00%(upstream:track)%00%(upstream:remotename)%00%(upstream:remoteref) refs/heads/master refs/remotes/master [2ms]
2023-12-10 19:12:43.138 [info] > git status -z -uall [67ms]
2023-12-10 19:12:48.215 [info] > git config --get commit.template [7ms]
2023-12-10 19:12:48.217 [info] > git for-each-ref --format=%(refname)%00%(upstream:short)%00%(objectname)%00%(upstream:track)%00%(upstream:remotename)%00%(upstream:remoteref) refs/heads/master refs/remotes/master [3ms]
2023-12-10 19:12:48.245 [info] > git status -z -uall [23ms]
2023-12-10 19:15:22.835 [info] > git config --get commit.template [7ms]
2023-12-10 19:15:22.837 [info] > git for-each-ref --format=%(refname)%00%(upstream:short)%00%(objectname)%00%(upstream:track)%00%(upstream:remotename)%00%(upstream:remoteref) refs/heads/master refs/remotes/master [4ms]
2023-12-10 19:15:22.871 [info] > git status -z -uall [29ms]
2023-12-10 19:15:29.959 [info] > git config --get commit.template [7ms]
2023-12-10 19:15:29.960 [info] > git for-each-ref --format=%(refname)%00%(upstream:short)%00%(objectname)%00%(upstream:track)%00%(upstream:remotename)%00%(upstream:remoteref) refs/heads/master refs/remotes/master [2ms]
2023-12-10 19:15:29.987 [info] > git status -z -uall [21ms]
2023-12-10 19:15:35.112 [info] > git config --get commit.template [39ms]
2023-12-10 19:15:35.127 [info] > git for-each-ref --format=%(refname)%00%(upstream:short)%00%(objectname)%00%(upstream:track)%00%(upstream:remotename)%00%(upstream:remoteref) refs/heads/master refs/remotes/master [16ms]
2023-12-10 19:15:35.227 [info] > git status -z -uall [62ms]
2023-12-10 19:15:40.526 [info] > git config --get commit.template [8ms]
2023-12-10 19:15:40.527 [info] > git for-each-ref --format=%(refname)%00%(upstream:short)%00%(objectname)%00%(upstream:track)%00%(upstream:remotename)%00%(upstream:remoteref) refs/heads/master refs/remotes/master [2ms]
2023-12-10 19:15:40.559 [info] > git status -z -uall [23ms]
2023-12-10 19:15:45.618 [info] > git config --get commit.template [9ms]
2023-12-10 19:15:45.620 [info] > git for-each-ref --format=%(refname)%00%(upstream:short)%00%(objectname)%00%(upstream:track)%00%(upstream:remotename)%00%(upstream:remoteref) refs/heads/master refs/remotes/master [3ms]
2023-12-10 19:15:45.648 [info] > git status -z -uall [22ms]
2023-12-10 19:15:50.759 [info] > git config --get commit.template [8ms]
2023-12-10 19:15:50.762 [info] > git for-each-ref --format=%(refname)%00%(upstream:short)%00%(objectname)%00%(upstream:track)%00%(upstream:remotename)%00%(upstream:remoteref) refs/heads/master refs/remotes/master [4ms]
2023-12-10 19:15:50.790 [info] > git status -z -uall [22ms]
2023-12-10 19:15:55.855 [info] > git config --get commit.template [9ms]
2023-12-10 19:15:55.856 [info] > git for-each-ref --format=%(refname)%00%(upstream:short)%00%(objectname)%00%(upstream:track)%00%(upstream:remotename)%00%(upstream:remoteref) refs/heads/master refs/remotes/master [3ms]
2023-12-10 19:15:55.888 [info] > git status -z -uall [26ms]
2023-12-10 19:16:00.953 [info] > git config --get commit.template [9ms]
2023-12-10 19:16:00.955 [info] > git for-each-ref --format=%(refname)%00%(upstream:short)%00%(objectname)%00%(upstream:track)%00%(upstream:remotename)%00%(upstream:remoteref) refs/heads/master refs/remotes/master [3ms]
2023-12-10 19:16:00.984 [info] > git status -z -uall [23ms]
2023-12-10 19:16:10.036 [info] > git config --get commit.template [8ms]
2023-12-10 19:16:10.038 [info] > git for-each-ref --format=%(refname)%00%(upstream:short)%00%(objectname)%00%(upstream:track)%00%(upstream:remotename)%00%(upstream:remoteref) refs/heads/master refs/remotes/master [3ms]
2023-12-10 19:16:10.066 [info] > git status -z -uall [22ms]
2023-12-10 19:16:15.131 [info] > git config --get commit.template [8ms]
2023-12-10 19:16:15.133 [info] > git for-each-ref --format=%(refname)%00%(upstream:short)%00%(objectname)%00%(upstream:track)%00%(upstream:remotename)%00%(upstream:remoteref) refs/heads/master refs/remotes/master [3ms]
2023-12-10 19:16:15.162 [info] > git status -z -uall [22ms]
2023-12-10 19:16:21.040 [info] > git config --get commit.template [8ms]
2023-12-10 19:16:21.042 [info] > git for-each-ref --format=%(refname)%00%(upstream:short)%00%(objectname)%00%(upstream:track)%00%(upstream:remotename)%00%(upstream:remoteref) refs/heads/master refs/remotes/master [3ms]
2023-12-10 19:16:21.069 [info] > git status -z -uall [22ms]
2023-12-10 19:16:26.150 [info] > git config --get commit.template [27ms]
2023-12-10 19:16:26.174 [info] > git for-each-ref --format=%(refname)%00%(upstream:short)%00%(objectname)%00%(upstream:track)%00%(upstream:remotename)%00%(upstream:remoteref) refs/heads/master refs/remotes/master [43ms]
2023-12-10 19:16:26.240 [info] > git status -z -uall [41ms]
2023-12-10 19:16:31.294 [info] > git config --get commit.template [8ms]
2023-12-10 19:16:31.296 [info] > git for-each-ref --format=%(refname)%00%(upstream:short)%00%(objectname)%00%(upstream:track)%00%(upstream:remotename)%00%(upstream:remoteref) refs/heads/master refs/remotes/master [3ms]
2023-12-10 19:16:31.325 [info] > git status -z -uall [22ms]
2023-12-10 19:16:36.386 [info] > git config --get commit.template [8ms]
2023-12-10 19:16:36.388 [info] > git for-each-ref --format=%(refname)%00%(upstream:short)%00%(objectname)%00%(upstream:track)%00%(upstream:remotename)%00%(upstream:remoteref) refs/heads/master refs/remotes/master [3ms]
2023-12-10 19:16:36.414 [info] > git status -z -uall [22ms]
2023-12-10 19:16:41.475 [info] > git config --get commit.template [8ms]
2023-12-10 19:16:41.481 [info] > git for-each-ref --format=%(refname)%00%(upstream:short)%00%(objectname)%00%(upstream:track)%00%(upstream:remotename)%00%(upstream:remoteref) refs/heads/master refs/remotes/master [7ms]
2023-12-10 19:16:41.551 [info] > git status -z -uall [64ms]
2023-12-10 19:16:46.648 [info] > git config --get commit.template [7ms]
2023-12-10 19:16:46.650 [info] > git for-each-ref --format=%(refname)%00%(upstream:short)%00%(objectname)%00%(upstream:track)%00%(upstream:remotename)%00%(upstream:remoteref) refs/heads/master refs/remotes/master [4ms]
2023-12-10 19:16:46.677 [info] > git status -z -uall [22ms]
2023-12-10 19:16:55.596 [info] > git config --get commit.template [8ms]
2023-12-10 19:16:55.600 [info] > git for-each-ref --format=%(refname)%00%(upstream:short)%00%(objectname)%00%(upstream:track)%00%(upstream:remotename)%00%(upstream:remoteref) refs/heads/master refs/remotes/master [5ms]
2023-12-10 19:16:55.632 [info] > git status -z -uall [25ms]
2023-12-10 19:16:59.599 [info] > git check-ignore -v -z --stdin [2ms]
2023-12-10 19:17:00.691 [info] > git config --get commit.template [8ms]
2023-12-10 19:17:00.693 [info] > git for-each-ref --format=%(refname)%00%(upstream:short)%00%(objectname)%00%(upstream:track)%00%(upstream:remotename)%00%(upstream:remoteref) refs/heads/master refs/remotes/master [3ms]
2023-12-10 19:17:00.720 [info] > git status -z -uall [21ms]
2023-12-10 19:17:05.773 [info] > git config --get commit.template [8ms]
2023-12-10 19:17:05.775 [info] > git for-each-ref --format=%(refname)%00%(upstream:short)%00%(objectname)%00%(upstream:track)%00%(upstream:remotename)%00%(upstream:remoteref) refs/heads/master refs/remotes/master [3ms]
2023-12-10 19:17:05.803 [info] > git status -z -uall [22ms]
2023-12-10 19:17:10.867 [info] > git config --get commit.template [8ms]
2023-12-10 19:17:10.868 [info] > git for-each-ref --format=%(refname)%00%(upstream:short)%00%(objectname)%00%(upstream:track)%00%(upstream:remotename)%00%(upstream:remoteref) refs/heads/master refs/remotes/master [2ms]
2023-12-10 19:17:10.896 [info] > git status -z -uall [22ms]
2023-12-10 19:17:15.953 [info] > git config --get commit.template [8ms]
2023-12-10 19:17:15.955 [info] > git for-each-ref --format=%(refname)%00%(upstream:short)%00%(objectname)%00%(upstream:track)%00%(upstream:remotename)%00%(upstream:remoteref) refs/heads/master refs/remotes/master [3ms]
2023-12-10 19:17:15.982 [info] > git status -z -uall [21ms]
2023-12-10 19:17:21.046 [info] > git config --get commit.template [8ms]
2023-12-10 19:17:21.048 [info] > git for-each-ref --format=%(refname)%00%(upstream:short)%00%(objectname)%00%(upstream:track)%00%(upstream:remotename)%00%(upstream:remoteref) refs/heads/master refs/remotes/master [3ms]
2023-12-10 19:17:21.075 [info] > git status -z -uall [21ms]
2023-12-10 19:17:26.132 [info] > git config --get commit.template [8ms]
2023-12-10 19:17:26.134 [info] > git for-each-ref --format=%(refname)%00%(upstream:short)%00%(objectname)%00%(upstream:track)%00%(upstream:remotename)%00%(upstream:remoteref) refs/heads/master refs/remotes/master [3ms]
2023-12-10 19:17:26.162 [info] > git status -z -uall [22ms]
2023-12-10 19:17:31.218 [info] > git config --get commit.template [8ms]
2023-12-10 19:17:31.219 [info] > git for-each-ref --format=%(refname)%00%(upstream:short)%00%(objectname)%00%(upstream:track)%00%(upstream:remotename)%00%(upstream:remoteref) refs/heads/master refs/remotes/master [3ms]
2023-12-10 19:17:31.291 [info] > git status -z -uall [65ms]
2023-12-10 19:17:36.390 [info] > git config --get commit.template [8ms]
2023-12-10 19:17:36.392 [info] > git for-each-ref --format=%(refname)%00%(upstream:short)%00%(objectname)%00%(upstream:track)%00%(upstream:remotename)%00%(upstream:remoteref) refs/heads/master refs/remotes/master [3ms]
2023-12-10 19:17:36.419 [info] > git status -z -uall [22ms]
2023-12-10 19:17:42.466 [info] > git config --get commit.template [8ms]
2023-12-10 19:17:42.468 [info] > git for-each-ref --format=%(refname)%00%(upstream:short)%00%(objectname)%00%(upstream:track)%00%(upstream:remotename)%00%(upstream:remoteref) refs/heads/master refs/remotes/master [3ms]
2023-12-10 19:17:42.496 [info] > git status -z -uall [21ms]
2023-12-10 19:17:47.557 [info] > git config --get commit.template [8ms]
2023-12-10 19:17:47.559 [info] > git for-each-ref --format=%(refname)%00%(upstream:short)%00%(objectname)%00%(upstream:track)%00%(upstream:remotename)%00%(upstream:remoteref) refs/heads/master refs/remotes/master [3ms]
2023-12-10 19:17:47.587 [info] > git status -z -uall [22ms]
2023-12-10 19:17:52.654 [info] > git config --get commit.template [9ms]
2023-12-10 19:17:52.656 [info] > git for-each-ref --format=%(refname)%00%(upstream:short)%00%(objectname)%00%(upstream:track)%00%(upstream:remotename)%00%(upstream:remoteref) refs/heads/master refs/remotes/master [3ms]
2023-12-10 19:17:52.684 [info] > git status -z -uall [22ms]
2023-12-10 19:18:13.604 [info] > git config --get commit.template [7ms]
2023-12-10 19:18:13.606 [info] > git for-each-ref --format=%(refname)%00%(upstream:short)%00%(objectname)%00%(upstream:track)%00%(upstream:remotename)%00%(upstream:remoteref) refs/heads/master refs/remotes/master [3ms]
2023-12-10 19:18:13.637 [info] > git status -z -uall [26ms]
2023-12-10 19:18:18.706 [info] > git config --get commit.template [7ms]
2023-12-10 19:18:18.708 [info] > git for-each-ref --format=%(refname)%00%(upstream:short)%00%(objectname)%00%(upstream:track)%00%(upstream:remotename)%00%(upstream:remoteref) refs/heads/master refs/remotes/master [2ms]
2023-12-10 19:18:18.735 [info] > git status -z -uall [22ms]
2023-12-10 19:18:23.795 [info] > git config --get commit.template [7ms]
2023-12-10 19:18:23.797 [info] > git for-each-ref --format=%(refname)%00%(upstream:short)%00%(objectname)%00%(upstream:track)%00%(upstream:remotename)%00%(upstream:remoteref) refs/heads/master refs/remotes/master [3ms]
2023-12-10 19:18:23.824 [info] > git status -z -uall [22ms]
2023-12-10 19:18:28.884 [info] > git config --get commit.template [8ms]
2023-12-10 19:18:28.886 [info] > git for-each-ref --format=%(refname)%00%(upstream:short)%00%(objectname)%00%(upstream:track)%00%(upstream:remotename)%00%(upstream:remoteref) refs/heads/master refs/remotes/master [3ms]
2023-12-10 19:18:28.913 [info] > git status -z -uall [21ms]
2023-12-10 19:18:33.971 [info] > git config --get commit.template [8ms]
2023-12-10 19:18:33.973 [info] > git for-each-ref --format=%(refname)%00%(upstream:short)%00%(objectname)%00%(upstream:track)%00%(upstream:remotename)%00%(upstream:remoteref) refs/heads/master refs/remotes/master [3ms]
2023-12-10 19:18:34.000 [info] > git status -z -uall [22ms]
2023-12-10 19:20:45.785 [info] > git config --get commit.template [7ms]
2023-12-10 19:20:45.788 [info] > git for-each-ref --format=%(refname)%00%(upstream:short)%00%(objectname)%00%(upstream:track)%00%(upstream:remotename)%00%(upstream:remoteref) refs/heads/master refs/remotes/master [4ms]
2023-12-10 19:20:45.820 [info] > git status -z -uall [26ms]
2023-12-10 19:20:50.891 [info] > git config --get commit.template [8ms]
2023-12-10 19:20:50.893 [info] > git for-each-ref --format=%(refname)%00%(upstream:short)%00%(objectname)%00%(upstream:track)%00%(upstream:remotename)%00%(upstream:remoteref) refs/heads/master refs/remotes/master [3ms]
2023-12-10 19:20:50.923 [info] > git status -z -uall [22ms]
2023-12-10 19:20:57.111 [info] > git config --get commit.template [8ms]
2023-12-10 19:20:57.113 [info] > git for-each-ref --format=%(refname)%00%(upstream:short)%00%(objectname)%00%(upstream:track)%00%(upstream:remotename)%00%(upstream:remoteref) refs/heads/master refs/remotes/master [3ms]
2023-12-10 19:20:57.146 [info] > git status -z -uall [27ms]
2023-12-10 19:21:01.908 [info] > git check-ignore -v -z --stdin [20ms]
2023-12-10 19:21:02.435 [info] > git config --get commit.template [102ms]
2023-12-10 19:21:02.615 [info] > git for-each-ref --format=%(refname)%00%(upstream:short)%00%(objectname)%00%(upstream:track)%00%(upstream:remotename)%00%(upstream:remoteref) refs/heads/master refs/remotes/master [9ms]
2023-12-10 19:21:02.760 [info] > git status -z -uall [103ms]
2023-12-10 19:21:07.920 [info] > git config --get commit.template [9ms]
2023-12-10 19:21:07.922 [info] > git for-each-ref --format=%(refname)%00%(upstream:short)%00%(objectname)%00%(upstream:track)%00%(upstream:remotename)%00%(upstream:remoteref) refs/heads/master refs/remotes/master [3ms]
2023-12-10 19:21:07.951 [info] > git status -z -uall [23ms]
2023-12-10 19:21:11.894 [info] > git show --textconv :.gitconfig [8ms]
2023-12-10 19:21:11.899 [info] > git ls-files --stage -- /home/ubuntu/.gitconfig [6ms]
2023-12-10 19:21:13.016 [info] > git config --get commit.template [7ms]
2023-12-10 19:21:13.018 [info] > git for-each-ref --format=%(refname)%00%(upstream:short)%00%(objectname)%00%(upstream:track)%00%(upstream:remotename)%00%(upstream:remoteref) refs/heads/master refs/remotes/master [3ms]
2023-12-10 19:21:13.049 [info] > git status -z -uall [26ms]
2023-12-10 19:21:14.703 [info] > git show --textconv :airflow/dags/weather_dag.py [7ms]
2023-12-10 19:21:14.706 [info] > git ls-files --stage -- /home/ubuntu/airflow/dags/weather_dag.py [3ms]
2023-12-10 19:21:17.032 [info] > git show --textconv :airflow/dags/weather_dag.py [8ms]
2023-12-10 19:21:17.036 [info] > git ls-files --stage -- /home/ubuntu/airflow/dags/weather_dag.py [5ms]
2023-12-10 19:21:18.110 [info] > git config --get commit.template [7ms]
2023-12-10 19:21:18.112 [info] > git for-each-ref --format=%(refname)%00%(upstream:short)%00%(objectname)%00%(upstream:track)%00%(upstream:remotename)%00%(upstream:remoteref) refs/heads/master refs/remotes/master [3ms]
2023-12-10 19:21:18.138 [info] > git status -z -uall [21ms]
2023-12-10 19:21:20.837 [info] > git show --textconv :.gitignore [7ms]
2023-12-10 19:21:20.840 [info] > git ls-files --stage -- /home/ubuntu/.gitignore [3ms]
2023-12-10 19:21:38.209 [info] > git config --get commit.template [9ms]
2023-12-10 19:21:38.213 [info] > git for-each-ref --format=%(refname)%00%(upstream:short)%00%(objectname)%00%(upstream:track)%00%(upstream:remotename)%00%(upstream:remoteref) refs/heads/master refs/remotes/master [4ms]
2023-12-10 19:21:38.245 [info] > git status -z -uall [27ms]
2023-12-10 19:21:42.805 [info] > git check-ignore -v -z --stdin [3ms]
2023-12-10 19:21:43.313 [info] > git config --get commit.template [7ms]
2023-12-10 19:21:43.314 [info] > git for-each-ref --format=%(refname)%00%(upstream:short)%00%(objectname)%00%(upstream:track)%00%(upstream:remotename)%00%(upstream:remoteref) refs/heads/master refs/remotes/master [2ms]
2023-12-10 19:21:43.335 [info] > git status -z -uall [16ms]
2023-12-10 19:21:44.062 [info] > git show --textconv :airflow/dags/weather_dag.py [7ms]
2023-12-10 19:21:44.065 [info] > git ls-files --stage -- /home/ubuntu/airflow/dags/weather_dag.py [4ms]
2023-12-10 19:21:44.208 [info] > git check-ignore -v -z --stdin [2ms]
2023-12-10 19:21:49.299 [info] > git config --get commit.template [14ms]
2023-12-10 19:21:49.301 [info] > git for-each-ref --format=%(refname)%00%(upstream:short)%00%(objectname)%00%(upstream:track)%00%(upstream:remotename)%00%(upstream:remoteref) refs/heads/master refs/remotes/master [3ms]
2023-12-10 19:21:49.326 [info] > git status -z -uall [20ms]
2023-12-10 19:21:54.371 [info] > git config --get commit.template [9ms]
2023-12-10 19:21:54.372 [info] > git for-each-ref --format=%(refname)%00%(upstream:short)%00%(objectname)%00%(upstream:track)%00%(upstream:remotename)%00%(upstream:remoteref) refs/heads/master refs/remotes/master [2ms]
2023-12-10 19:21:54.394 [info] > git status -z -uall [16ms]
2023-12-10 19:21:55.075 [info] > git ls-files --stage -- /home/ubuntu/airflow/dags/weather_dag.py [4ms]
2023-12-10 19:21:55.187 [info] > git show --textconv :airflow/dags/weather_dag.py [2ms]
2023-12-10 19:21:59.434 [info] > git config --get commit.template [7ms]
2023-12-10 19:21:59.436 [info] > git for-each-ref --format=%(refname)%00%(upstream:short)%00%(objectname)%00%(upstream:track)%00%(upstream:remotename)%00%(upstream:remoteref) refs/heads/master refs/remotes/master [3ms]
2023-12-10 19:21:59.457 [info] > git status -z -uall [15ms]
2023-12-10 19:22:04.499 [info] > git config --get commit.template [10ms]
2023-12-10 19:22:04.501 [info] > git for-each-ref --format=%(refname)%00%(upstream:short)%00%(objectname)%00%(upstream:track)%00%(upstream:remotename)%00%(upstream:remoteref) refs/heads/master refs/remotes/master [3ms]
2023-12-10 19:22:04.525 [info] > git status -z -uall [17ms]
2023-12-10 19:22:09.563 [info] > git config --get commit.template [7ms]
2023-12-10 19:22:09.564 [info] > git for-each-ref --format=%(refname)%00%(upstream:short)%00%(objectname)%00%(upstream:track)%00%(upstream:remotename)%00%(upstream:remoteref) refs/heads/master refs/remotes/master [2ms]
2023-12-10 19:22:09.585 [info] > git status -z -uall [15ms]
2023-12-10 19:22:37.773 [info] > git config --get commit.template [7ms]
2023-12-10 19:22:37.775 [info] > git for-each-ref --format=%(refname)%00%(upstream:short)%00%(objectname)%00%(upstream:track)%00%(upstream:remotename)%00%(upstream:remoteref) refs/heads/master refs/remotes/master [3ms]
2023-12-10 19:22:37.797 [info] > git status -z -uall [17ms]
2023-12-10 19:22:42.850 [info] > git config --get commit.template [8ms]
2023-12-10 19:22:42.852 [info] > git for-each-ref --format=%(refname)%00%(upstream:short)%00%(objectname)%00%(upstream:track)%00%(upstream:remotename)%00%(upstream:remoteref) refs/heads/master refs/remotes/master [3ms]
2023-12-10 19:22:42.873 [info] > git status -z -uall [17ms]
2023-12-10 19:22:47.922 [info] > git config --get commit.template [8ms]
2023-12-10 19:22:47.924 [info] > git for-each-ref --format=%(refname)%00%(upstream:short)%00%(objectname)%00%(upstream:track)%00%(upstream:remotename)%00%(upstream:remoteref) refs/heads/master refs/remotes/master [3ms]
2023-12-10 19:22:47.949 [info] > git status -z -uall [20ms]
2023-12-10 19:22:55.203 [info] > git config --get commit.template [7ms]
2023-12-10 19:22:55.205 [info] > git for-each-ref --format=%(refname)%00%(upstream:short)%00%(objectname)%00%(upstream:track)%00%(upstream:remotename)%00%(upstream:remoteref) refs/heads/master refs/remotes/master [3ms]
2023-12-10 19:22:55.230 [info] > git status -z -uall [20ms]
2023-12-10 19:23:00.268 [info] > git config --get commit.template [8ms]
2023-12-10 19:23:00.270 [info] > git for-each-ref --format=%(refname)%00%(upstream:short)%00%(objectname)%00%(upstream:track)%00%(upstream:remotename)%00%(upstream:remoteref) refs/heads/master refs/remotes/master [3ms]
2023-12-10 19:23:00.291 [info] > git status -z -uall [16ms]
2023-12-10 19:23:05.328 [info] > git config --get commit.template [8ms]
2023-12-10 19:23:05.330 [info] > git for-each-ref --format=%(refname)%00%(upstream:short)%00%(objectname)%00%(upstream:track)%00%(upstream:remotename)%00%(upstream:remoteref) refs/heads/master refs/remotes/master [3ms]
2023-12-10 19:23:05.351 [info] > git status -z -uall [16ms]
2023-12-10 19:23:10.395 [info] > git config --get commit.template [8ms]
2023-12-10 19:23:10.397 [info] > git for-each-ref --format=%(refname)%00%(upstream:short)%00%(objectname)%00%(upstream:track)%00%(upstream:remotename)%00%(upstream:remoteref) refs/heads/master refs/remotes/master [3ms]
2023-12-10 19:23:10.419 [info] > git status -z -uall [17ms]
2023-12-10 19:23:13.030 [info] > git ls-files --stage -- /home/ubuntu/airflow/dags/weather_dag.py [2ms]
2023-12-10 19:23:13.038 [info] > git cat-file -s 1d33b52582458a6e3b8dd6246daf93a905209a4e [1ms]
2023-12-10 19:23:13.152 [info] > git show --textconv :airflow/dags/weather_dag.py [3ms]
2023-12-10 19:23:15.455 [info] > git config --get commit.template [7ms]
2023-12-10 19:23:15.456 [info] > git for-each-ref --format=%(refname)%00%(upstream:short)%00%(objectname)%00%(upstream:track)%00%(upstream:remotename)%00%(upstream:remoteref) refs/heads/master refs/remotes/master [2ms]
2023-12-10 19:23:15.477 [info] > git status -z -uall [16ms]
2023-12-10 19:23:20.516 [info] > git config --get commit.template [7ms]
2023-12-10 19:23:20.519 [info] > git for-each-ref --format=%(refname)%00%(upstream:short)%00%(objectname)%00%(upstream:track)%00%(upstream:remotename)%00%(upstream:remoteref) refs/heads/master refs/remotes/master [4ms]
2023-12-10 19:23:20.541 [info] > git status -z -uall [17ms]
2023-12-10 19:23:25.609 [info] > git config --get commit.template [7ms]
2023-12-10 19:23:25.612 [info] > git for-each-ref --format=%(refname)%00%(upstream:short)%00%(objectname)%00%(upstream:track)%00%(upstream:remotename)%00%(upstream:remoteref) refs/heads/master refs/remotes/master [4ms]
2023-12-10 19:23:25.633 [info] > git status -z -uall [16ms]
2023-12-10 19:23:30.680 [info] > git config --get commit.template [7ms]
2023-12-10 19:23:30.681 [info] > git for-each-ref --format=%(refname)%00%(upstream:short)%00%(objectname)%00%(upstream:track)%00%(upstream:remotename)%00%(upstream:remoteref) refs/heads/master refs/remotes/master [2ms]
2023-12-10 19:23:30.703 [info] > git status -z -uall [16ms]
2023-12-10 19:23:36.099 [info] > git config --get commit.template [8ms]
2023-12-10 19:23:36.101 [info] > git for-each-ref --format=%(refname)%00%(upstream:short)%00%(objectname)%00%(upstream:track)%00%(upstream:remotename)%00%(upstream:remoteref) refs/heads/master refs/remotes/master [3ms]
2023-12-10 19:23:36.122 [info] > git status -z -uall [16ms]
2023-12-10 19:23:41.168 [info] > git config --get commit.template [8ms]
2023-12-10 19:23:41.170 [info] > git for-each-ref --format=%(refname)%00%(upstream:short)%00%(objectname)%00%(upstream:track)%00%(upstream:remotename)%00%(upstream:remoteref) refs/heads/master refs/remotes/master [3ms]
2023-12-10 19:23:41.192 [info] > git status -z -uall [16ms]
2023-12-10 19:23:46.719 [info] > git config --get commit.template [7ms]
2023-12-10 19:23:46.722 [info] > git for-each-ref --format=%(refname)%00%(upstream:short)%00%(objectname)%00%(upstream:track)%00%(upstream:remotename)%00%(upstream:remoteref) refs/heads/master refs/remotes/master [4ms]
2023-12-10 19:23:46.743 [info] > git status -z -uall [16ms]
2023-12-10 19:23:48.680 [info] > git ls-files --stage -- /home/ubuntu/airflow/dags/weather_dag.py [3ms]
2023-12-10 19:23:48.686 [info] > git cat-file -s 1d33b52582458a6e3b8dd6246daf93a905209a4e [1ms]
2023-12-10 19:23:48.807 [info] > git show --textconv :airflow/dags/weather_dag.py [3ms]
2023-12-10 19:23:51.787 [info] > git config --get commit.template [7ms]
2023-12-10 19:23:51.789 [info] > git for-each-ref --format=%(refname)%00%(upstream:short)%00%(objectname)%00%(upstream:track)%00%(upstream:remotename)%00%(upstream:remoteref) refs/heads/master refs/remotes/master [2ms]
2023-12-10 19:23:51.810 [info] > git status -z -uall [16ms]
2023-12-10 19:25:14.030 [info] > git config --get commit.template [8ms]
2023-12-10 19:25:14.032 [info] > git for-each-ref --format=%(refname)%00%(upstream:short)%00%(objectname)%00%(upstream:track)%00%(upstream:remotename)%00%(upstream:remoteref) refs/heads/master refs/remotes/master [3ms]
2023-12-10 19:25:14.054 [info] > git status -z -uall [16ms]
2023-12-10 19:25:19.100 [info] > git config --get commit.template [7ms]
2023-12-10 19:25:19.103 [info] > git for-each-ref --format=%(refname)%00%(upstream:short)%00%(objectname)%00%(upstream:track)%00%(upstream:remotename)%00%(upstream:remoteref) refs/heads/master refs/remotes/master [3ms]
2023-12-10 19:25:19.124 [info] > git status -z -uall [16ms]
2023-12-10 19:26:36.454 [info] > git config --get commit.template [7ms]
2023-12-10 19:26:36.457 [info] > git for-each-ref --format=%(refname)%00%(upstream:short)%00%(objectname)%00%(upstream:track)%00%(upstream:remotename)%00%(upstream:remoteref) refs/heads/master refs/remotes/master [3ms]
2023-12-10 19:26:36.480 [info] > git status -z -uall [17ms]
2023-12-10 19:26:41.523 [info] > git config --get commit.template [7ms]
2023-12-10 19:26:41.525 [info] > git for-each-ref --format=%(refname)%00%(upstream:short)%00%(objectname)%00%(upstream:track)%00%(upstream:remotename)%00%(upstream:remoteref) refs/heads/master refs/remotes/master [3ms]
2023-12-10 19:26:41.545 [info] > git status -z -uall [16ms]
2023-12-10 19:26:46.583 [info] > git config --get commit.template [7ms]
2023-12-10 19:26:46.585 [info] > git for-each-ref --format=%(refname)%00%(upstream:short)%00%(objectname)%00%(upstream:track)%00%(upstream:remotename)%00%(upstream:remoteref) refs/heads/main refs/remotes/main [3ms]
2023-12-10 19:26:46.607 [info] > git status -z -uall [16ms]
2023-12-10 19:26:47.614 [info] > git ls-files --stage -- /home/ubuntu/airflow/dags/weather_dag.py [3ms]
2023-12-10 19:26:47.622 [info] > git cat-file -s 1d33b52582458a6e3b8dd6246daf93a905209a4e [2ms]
2023-12-10 19:26:47.737 [info] > git show --textconv :airflow/dags/weather_dag.py [3ms]
2023-12-10 19:26:51.658 [info] > git config --get commit.template [8ms]
2023-12-10 19:26:51.661 [info] > git for-each-ref --format=%(refname)%00%(upstream:short)%00%(objectname)%00%(upstream:track)%00%(upstream:remotename)%00%(upstream:remoteref) refs/heads/main refs/remotes/main [4ms]
2023-12-10 19:26:51.682 [info] > git status -z -uall [16ms]
2023-12-10 19:26:56.721 [info] > git config --get commit.template [7ms]
2023-12-10 19:26:56.723 [info] > git for-each-ref --format=%(refname)%00%(upstream:short)%00%(objectname)%00%(upstream:track)%00%(upstream:remotename)%00%(upstream:remoteref) refs/heads/main refs/remotes/main [3ms]
2023-12-10 19:26:56.744 [info] > git status -z -uall [16ms]
2023-12-10 19:27:01.808 [info] > git config --get commit.template [13ms]
2023-12-10 19:27:01.811 [info] > git for-each-ref --format=%(refname)%00%(upstream:short)%00%(objectname)%00%(upstream:track)%00%(upstream:remotename)%00%(upstream:remoteref) refs/heads/main refs/remotes/main [5ms]
2023-12-10 19:27:01.849 [info] > git status -z -uall [27ms]
2023-12-10 19:27:06.896 [info] > git config --get commit.template [7ms]
2023-12-10 19:27:06.898 [info] > git for-each-ref --format=%(refname)%00%(upstream:short)%00%(objectname)%00%(upstream:track)%00%(upstream:remotename)%00%(upstream:remoteref) refs/heads/main refs/remotes/main [3ms]
2023-12-10 19:27:06.919 [info] > git status -z -uall [16ms]
2023-12-10 19:27:22.594 [info] > git config --get commit.template [7ms]
2023-12-10 19:27:22.596 [info] > git for-each-ref --format=%(refname)%00%(upstream:short)%00%(objectname)%00%(upstream:track)%00%(upstream:remotename)%00%(upstream:remoteref) refs/heads/main refs/remotes/main [3ms]
2023-12-10 19:27:22.617 [info] > git status -z -uall [15ms]
2023-12-10 19:28:21.314 [info] > git config --get commit.template [7ms]
2023-12-10 19:28:21.316 [info] > git for-each-ref --format=%(refname)%00%(upstream:short)%00%(objectname)%00%(upstream:track)%00%(upstream:remotename)%00%(upstream:remoteref) refs/heads/main refs/remotes/main [3ms]
2023-12-10 19:28:21.338 [info] > git status -z -uall [16ms]
2023-12-10 19:28:26.386 [info] > git config --get commit.template [7ms]
2023-12-10 19:28:26.388 [info] > git for-each-ref --format=%(refname)%00%(upstream:short)%00%(objectname)%00%(upstream:track)%00%(upstream:remotename)%00%(upstream:remoteref) refs/heads/main refs/remotes/main [3ms]
2023-12-10 19:28:26.409 [info] > git status -z -uall [16ms]
2023-12-10 19:28:31.448 [info] > git config --get commit.template [8ms]
2023-12-10 19:28:31.450 [info] > git for-each-ref --format=%(refname)%00%(upstream:short)%00%(objectname)%00%(upstream:track)%00%(upstream:remotename)%00%(upstream:remoteref) refs/heads/main refs/remotes/main [3ms]
2023-12-10 19:28:31.472 [info] > git status -z -uall [17ms]
2023-12-10 19:28:44.770 [info] > git config --get commit.template [7ms]
2023-12-10 19:28:44.772 [info] > git for-each-ref --format=%(refname)%00%(upstream:short)%00%(objectname)%00%(upstream:track)%00%(upstream:remotename)%00%(upstream:remoteref) refs/heads/main refs/remotes/main [3ms]
2023-12-10 19:28:44.793 [info] > git status -z -uall [17ms]
2023-12-10 19:29:50.445 [info] > git config --get commit.template [8ms]
2023-12-10 19:29:50.447 [info] > git for-each-ref --format=%(refname)%00%(upstream:short)%00%(objectname)%00%(upstream:track)%00%(upstream:remotename)%00%(upstream:remoteref) refs/heads/main refs/remotes/main [3ms]
2023-12-10 19:29:50.470 [info] > git status -z -uall [17ms]
2023-12-10 19:29:55.514 [info] > git config --get commit.template [8ms]
2023-12-10 19:29:55.516 [info] > git for-each-ref --format=%(refname)%00%(upstream:short)%00%(objectname)%00%(upstream:track)%00%(upstream:remotename)%00%(upstream:remoteref) refs/heads/main refs/remotes/main [4ms]
2023-12-10 19:29:55.537 [info] > git status -z -uall [16ms]
2023-12-10 19:30:00.586 [info] > git config --get commit.template [8ms]
2023-12-10 19:30:00.588 [info] > git for-each-ref --format=%(refname)%00%(upstream:short)%00%(objectname)%00%(upstream:track)%00%(upstream:remotename)%00%(upstream:remoteref) refs/heads/main refs/remotes/main [3ms]
2023-12-10 19:30:00.623 [info] > git status -z -uall [29ms]
2023-12-10 19:30:05.774 [info] > git config --get commit.template [65ms]
2023-12-10 19:30:05.790 [info] > git for-each-ref --format=%(refname)%00%(upstream:short)%00%(objectname)%00%(upstream:track)%00%(upstream:remotename)%00%(upstream:remoteref) refs/heads/main refs/remotes/main [17ms]
2023-12-10 19:30:05.970 [info] > git status -z -uall [93ms]
2023-12-10 19:30:11.133 [info] > git config --get commit.template [9ms]
2023-12-10 19:30:11.136 [info] > git for-each-ref --format=%(refname)%00%(upstream:short)%00%(objectname)%00%(upstream:track)%00%(upstream:remotename)%00%(upstream:remoteref) refs/heads/main refs/remotes/main [3ms]
2023-12-10 19:30:11.159 [info] > git status -z -uall [17ms]
2023-12-10 19:30:16.222 [info] > git config --get commit.template [12ms]
2023-12-10 19:30:16.227 [info] > git for-each-ref --format=%(refname)%00%(upstream:short)%00%(objectname)%00%(upstream:track)%00%(upstream:remotename)%00%(upstream:remoteref) refs/heads/main refs/remotes/main [7ms]
2023-12-10 19:30:16.273 [info] > git status -z -uall [32ms]
2023-12-10 19:30:21.329 [info] > git config --get commit.template [8ms]
2023-12-10 19:30:21.333 [info] > git for-each-ref --format=%(refname)%00%(upstream:short)%00%(objectname)%00%(upstream:track)%00%(upstream:remotename)%00%(upstream:remoteref) refs/heads/main refs/remotes/main [5ms]
2023-12-10 19:30:21.360 [info] > git status -z -uall [19ms]
2023-12-10 19:30:22.145 [info] > git ls-files --stage -- /home/ubuntu/airflow/dags/weather_dag.py [3ms]
2023-12-10 19:30:22.155 [info] > git cat-file -s 1d33b52582458a6e3b8dd6246daf93a905209a4e [2ms]
2023-12-10 19:30:22.284 [info] > git show --textconv :airflow/dags/weather_dag.py [4ms]
2023-12-10 19:30:26.410 [info] > git config --get commit.template [8ms]
2023-12-10 19:30:26.413 [info] > git for-each-ref --format=%(refname)%00%(upstream:short)%00%(objectname)%00%(upstream:track)%00%(upstream:remotename)%00%(upstream:remoteref) refs/heads/main refs/remotes/main [3ms]
2023-12-10 19:30:26.439 [info] > git status -z -uall [20ms]
2023-12-10 19:30:39.339 [info] > git config --get commit.template [7ms]
2023-12-10 19:30:39.341 [info] > git for-each-ref --format=%(refname)%00%(upstream:short)%00%(objectname)%00%(upstream:track)%00%(upstream:remotename)%00%(upstream:remoteref) refs/heads/main refs/remotes/main [3ms]
2023-12-10 19:30:39.366 [info] > git status -z -uall [20ms]
2023-12-10 19:30:44.415 [info] > git config --get commit.template [8ms]
2023-12-10 19:30:44.417 [info] > git for-each-ref --format=%(refname)%00%(upstream:short)%00%(objectname)%00%(upstream:track)%00%(upstream:remotename)%00%(upstream:remoteref) refs/heads/main refs/remotes/main [4ms]
2023-12-10 19:30:44.446 [info] > git status -z -uall [23ms]
2023-12-10 19:30:47.059 [info] > git ls-files --stage -- /home/ubuntu/airflow/dags/weather_dag.py [4ms]
2023-12-10 19:30:47.067 [info] > git cat-file -s 1d33b52582458a6e3b8dd6246daf93a905209a4e [2ms]
2023-12-10 19:30:47.192 [info] > git show --textconv :airflow/dags/weather_dag.py [3ms]
2023-12-10 19:30:49.508 [info] > git config --get commit.template [9ms]
2023-12-10 19:30:49.510 [info] > git for-each-ref --format=%(refname)%00%(upstream:short)%00%(objectname)%00%(upstream:track)%00%(upstream:remotename)%00%(upstream:remoteref) refs/heads/main refs/remotes/main [3ms]
2023-12-10 19:30:49.537 [info] > git status -z -uall [20ms]
2023-12-10 19:30:54.583 [info] > git config --get commit.template [8ms]
2023-12-10 19:30:54.585 [info] > git for-each-ref --format=%(refname)%00%(upstream:short)%00%(objectname)%00%(upstream:track)%00%(upstream:remotename)%00%(upstream:remoteref) refs/heads/main refs/remotes/main [3ms]
2023-12-10 19:30:54.611 [info] > git status -z -uall [20ms]
2023-12-10 19:30:59.650 [info] > git config --get commit.template [7ms]
2023-12-10 19:30:59.652 [info] > git for-each-ref --format=%(refname)%00%(upstream:short)%00%(objectname)%00%(upstream:track)%00%(upstream:remotename)%00%(upstream:remoteref) refs/heads/main refs/remotes/main [3ms]
2023-12-10 19:30:59.678 [info] > git status -z -uall [19ms]
2023-12-10 19:31:04.725 [info] > git config --get commit.template [7ms]
2023-12-10 19:31:04.727 [info] > git for-each-ref --format=%(refname)%00%(upstream:short)%00%(objectname)%00%(upstream:track)%00%(upstream:remotename)%00%(upstream:remoteref) refs/heads/main refs/remotes/main [3ms]
2023-12-10 19:31:04.754 [info] > git status -z -uall [21ms]
2023-12-10 19:31:09.794 [info] > git config --get commit.template [9ms]
2023-12-10 19:31:09.796 [info] > git for-each-ref --format=%(refname)%00%(upstream:short)%00%(objectname)%00%(upstream:track)%00%(upstream:remotename)%00%(upstream:remoteref) refs/heads/main refs/remotes/main [3ms]
2023-12-10 19:31:09.822 [info] > git status -z -uall [20ms]
2023-12-10 19:31:14.875 [info] > git config --get commit.template [8ms]
2023-12-10 19:31:14.877 [info] > git for-each-ref --format=%(refname)%00%(upstream:short)%00%(objectname)%00%(upstream:track)%00%(upstream:remotename)%00%(upstream:remoteref) refs/heads/main refs/remotes/main [3ms]
2023-12-10 19:31:14.903 [info] > git status -z -uall [20ms]
2023-12-10 19:31:19.940 [info] > git config --get commit.template [7ms]
2023-12-10 19:31:19.942 [info] > git for-each-ref --format=%(refname)%00%(upstream:short)%00%(objectname)%00%(upstream:track)%00%(upstream:remotename)%00%(upstream:remoteref) refs/heads/main refs/remotes/main [3ms]
2023-12-10 19:31:19.967 [info] > git status -z -uall [19ms]
2023-12-10 19:31:25.014 [info] > git config --get commit.template [8ms]
2023-12-10 19:31:25.016 [info] > git for-each-ref --format=%(refname)%00%(upstream:short)%00%(objectname)%00%(upstream:track)%00%(upstream:remotename)%00%(upstream:remoteref) refs/heads/main refs/remotes/main [3ms]
2023-12-10 19:31:25.043 [info] > git status -z -uall [21ms]
2023-12-10 19:31:30.083 [info] > git config --get commit.template [7ms]
2023-12-10 19:31:30.085 [info] > git for-each-ref --format=%(refname)%00%(upstream:short)%00%(objectname)%00%(upstream:track)%00%(upstream:remotename)%00%(upstream:remoteref) refs/heads/main refs/remotes/main [3ms]
2023-12-10 19:31:30.114 [info] > git status -z -uall [23ms]
2023-12-10 19:31:35.163 [info] > git config --get commit.template [7ms]
2023-12-10 19:31:35.166 [info] > git for-each-ref --format=%(refname)%00%(upstream:short)%00%(objectname)%00%(upstream:track)%00%(upstream:remotename)%00%(upstream:remoteref) refs/heads/main refs/remotes/main [3ms]
2023-12-10 19:31:35.191 [info] > git status -z -uall [19ms]
2023-12-10 19:31:48.075 [info] > git config --get commit.template [7ms]
2023-12-10 19:31:48.077 [info] > git for-each-ref --format=%(refname)%00%(upstream:short)%00%(objectname)%00%(upstream:track)%00%(upstream:remotename)%00%(upstream:remoteref) refs/heads/main refs/remotes/main [3ms]
2023-12-10 19:31:48.101 [info] > git status -z -uall [19ms]
2023-12-10 19:31:53.148 [info] > git config --get commit.template [8ms]
2023-12-10 19:31:53.151 [info] > git for-each-ref --format=%(refname)%00%(upstream:short)%00%(objectname)%00%(upstream:track)%00%(upstream:remotename)%00%(upstream:remoteref) refs/heads/main refs/remotes/main [4ms]
2023-12-10 19:31:53.176 [info] > git status -z -uall [19ms]
2023-12-10 19:31:58.220 [info] > git config --get commit.template [10ms]
2023-12-10 19:31:58.222 [info] > git for-each-ref --format=%(refname)%00%(upstream:short)%00%(objectname)%00%(upstream:track)%00%(upstream:remotename)%00%(upstream:remoteref) refs/heads/main refs/remotes/main [3ms]
2023-12-10 19:31:58.248 [info] > git status -z -uall [20ms]
2023-12-10 19:32:03.317 [info] > git config --get commit.template [22ms]
2023-12-10 19:32:03.320 [info] > git for-each-ref --format=%(refname)%00%(upstream:short)%00%(objectname)%00%(upstream:track)%00%(upstream:remotename)%00%(upstream:remoteref) refs/heads/main refs/remotes/main [4ms]
2023-12-10 19:32:03.352 [info] > git status -z -uall [22ms]
2023-12-10 19:32:08.391 [info] > git config --get commit.template [7ms]
2023-12-10 19:32:08.394 [info] > git for-each-ref --format=%(refname)%00%(upstream:short)%00%(objectname)%00%(upstream:track)%00%(upstream:remotename)%00%(upstream:remoteref) refs/heads/main refs/remotes/main [4ms]
2023-12-10 19:32:08.420 [info] > git status -z -uall [20ms]
2023-12-10 19:32:13.468 [info] > git config --get commit.template [7ms]
2023-12-10 19:32:13.470 [info] > git for-each-ref --format=%(refname)%00%(upstream:short)%00%(objectname)%00%(upstream:track)%00%(upstream:remotename)%00%(upstream:remoteref) refs/heads/main refs/remotes/main [3ms]
2023-12-10 19:32:13.496 [info] > git status -z -uall [20ms]
2023-12-10 19:32:18.541 [info] > git config --get commit.template [8ms]
2023-12-10 19:32:18.543 [info] > git for-each-ref --format=%(refname)%00%(upstream:short)%00%(objectname)%00%(upstream:track)%00%(upstream:remotename)%00%(upstream:remoteref) refs/heads/main refs/remotes/main [3ms]
2023-12-10 19:32:18.568 [info] > git status -z -uall [19ms]
2023-12-10 19:32:23.614 [info] > git config --get commit.template [8ms]
2023-12-10 19:32:23.616 [info] > git for-each-ref --format=%(refname)%00%(upstream:short)%00%(objectname)%00%(upstream:track)%00%(upstream:remotename)%00%(upstream:remoteref) refs/heads/main refs/remotes/main [3ms]
2023-12-10 19:32:23.641 [info] > git status -z -uall [20ms]
2023-12-10 19:33:13.379 [info] > git config --get commit.template [8ms]
2023-12-10 19:33:13.381 [info] > git for-each-ref --format=%(refname)%00%(upstream:short)%00%(objectname)%00%(upstream:track)%00%(upstream:remotename)%00%(upstream:remoteref) refs/heads/main refs/remotes/main [3ms]
2023-12-10 19:33:13.407 [info] > git status -z -uall [21ms]
2023-12-10 19:33:18.463 [info] > git config --get commit.template [7ms]
2023-12-10 19:33:18.465 [info] > git for-each-ref --format=%(refname)%00%(upstream:short)%00%(objectname)%00%(upstream:track)%00%(upstream:remotename)%00%(upstream:remoteref) refs/heads/main refs/remotes/main [3ms]
2023-12-10 19:33:18.490 [info] > git status -z -uall [20ms]
2023-12-10 19:33:20.758 [info] > git ls-files --stage -- /home/ubuntu/airflow/dags/weather_dag.py [3ms]
2023-12-10 19:33:20.765 [info] > git cat-file -s 1d33b52582458a6e3b8dd6246daf93a905209a4e [2ms]
2023-12-10 19:33:20.883 [info] > git show --textconv :airflow/dags/weather_dag.py [3ms]
2023-12-10 19:33:23.528 [info] > git config --get commit.template [7ms]
2023-12-10 19:33:23.530 [info] > git for-each-ref --format=%(refname)%00%(upstream:short)%00%(objectname)%00%(upstream:track)%00%(upstream:remotename)%00%(upstream:remoteref) refs/heads/main refs/remotes/main [3ms]
2023-12-10 19:33:23.558 [info] > git status -z -uall [22ms]
2023-12-10 19:33:28.602 [info] > git config --get commit.template [8ms]
2023-12-10 19:33:28.604 [info] > git for-each-ref --format=%(refname)%00%(upstream:short)%00%(objectname)%00%(upstream:track)%00%(upstream:remotename)%00%(upstream:remoteref) refs/heads/main refs/remotes/main [3ms]
2023-12-10 19:33:28.629 [info] > git status -z -uall [19ms]
2023-12-10 19:33:33.668 [info] > git config --get commit.template [8ms]
2023-12-10 19:33:33.671 [info] > git for-each-ref --format=%(refname)%00%(upstream:short)%00%(objectname)%00%(upstream:track)%00%(upstream:remotename)%00%(upstream:remoteref) refs/heads/main refs/remotes/main [4ms]
2023-12-10 19:33:33.696 [info] > git status -z -uall [19ms]
2023-12-10 19:33:38.746 [info] > git config --get commit.template [8ms]
2023-12-10 19:33:38.748 [info] > git for-each-ref --format=%(refname)%00%(upstream:short)%00%(objectname)%00%(upstream:track)%00%(upstream:remotename)%00%(upstream:remoteref) refs/heads/main refs/remotes/main [3ms]
2023-12-10 19:33:38.773 [info] > git status -z -uall [20ms]
2023-12-10 19:33:43.811 [info] > git config --get commit.template [8ms]
2023-12-10 19:33:43.814 [info] > git for-each-ref --format=%(refname)%00%(upstream:short)%00%(objectname)%00%(upstream:track)%00%(upstream:remotename)%00%(upstream:remoteref) refs/heads/main refs/remotes/main [3ms]
2023-12-10 19:33:43.839 [info] > git status -z -uall [20ms]
2023-12-10 19:33:48.885 [info] > git config --get commit.template [8ms]
2023-12-10 19:33:48.888 [info] > git for-each-ref --format=%(refname)%00%(upstream:short)%00%(objectname)%00%(upstream:track)%00%(upstream:remotename)%00%(upstream:remoteref) refs/heads/main refs/remotes/main [3ms]
2023-12-10 19:33:48.917 [info] > git status -z -uall [25ms]
2023-12-10 19:33:53.969 [info] > git config --get commit.template [8ms]
2023-12-10 19:33:53.972 [info] > git for-each-ref --format=%(refname)%00%(upstream:short)%00%(objectname)%00%(upstream:track)%00%(upstream:remotename)%00%(upstream:remoteref) refs/heads/main refs/remotes/main [3ms]
2023-12-10 19:33:53.997 [info] > git status -z -uall [19ms]
2023-12-10 19:33:59.043 [info] > git config --get commit.template [7ms]
2023-12-10 19:33:59.045 [info] > git for-each-ref --format=%(refname)%00%(upstream:short)%00%(objectname)%00%(upstream:track)%00%(upstream:remotename)%00%(upstream:remoteref) refs/heads/main refs/remotes/main [3ms]
2023-12-10 19:33:59.070 [info] > git status -z -uall [20ms]
2023-12-10 19:34:04.601 [info] > git config --get commit.template [10ms]
2023-12-10 19:34:04.604 [info] > git for-each-ref --format=%(refname)%00%(upstream:short)%00%(objectname)%00%(upstream:track)%00%(upstream:remotename)%00%(upstream:remoteref) refs/heads/main refs/remotes/main [4ms]
2023-12-10 19:34:04.634 [info] > git status -z -uall [20ms]
2023-12-10 19:34:09.685 [info] > git config --get commit.template [7ms]
2023-12-10 19:34:09.687 [info] > git for-each-ref --format=%(refname)%00%(upstream:short)%00%(objectname)%00%(upstream:track)%00%(upstream:remotename)%00%(upstream:remoteref) refs/heads/main refs/remotes/main [3ms]
2023-12-10 19:34:09.711 [info] > git status -z -uall [19ms]
2023-12-10 19:34:14.753 [info] > git config --get commit.template [10ms]
2023-12-10 19:34:14.756 [info] > git for-each-ref --format=%(refname)%00%(upstream:short)%00%(objectname)%00%(upstream:track)%00%(upstream:remotename)%00%(upstream:remoteref) refs/heads/main refs/remotes/main [4ms]
2023-12-10 19:34:14.784 [info] > git status -z -uall [22ms]
2023-12-10 19:34:14.868 [info] > git ls-files --stage -- /home/ubuntu/airflow/dags/weather_dag.py [3ms]
2023-12-10 19:34:14.875 [info] > git cat-file -s 1d33b52582458a6e3b8dd6246daf93a905209a4e [2ms]
2023-12-10 19:34:15.222 [info] > git show --textconv :airflow/dags/weather_dag.py [24ms]
2023-12-10 19:34:19.832 [info] > git config --get commit.template [8ms]
2023-12-10 19:34:19.834 [info] > git for-each-ref --format=%(refname)%00%(upstream:short)%00%(objectname)%00%(upstream:track)%00%(upstream:remotename)%00%(upstream:remoteref) refs/heads/main refs/remotes/main [3ms]
2023-12-10 19:34:19.860 [info] > git status -z -uall [20ms]
2023-12-10 19:34:24.900 [info] > git config --get commit.template [7ms]
2023-12-10 19:34:24.902 [info] > git for-each-ref --format=%(refname)%00%(upstream:short)%00%(objectname)%00%(upstream:track)%00%(upstream:remotename)%00%(upstream:remoteref) refs/heads/main refs/remotes/main [3ms]
2023-12-10 19:34:24.927 [info] > git status -z -uall [20ms]
2023-12-10 19:34:29.980 [info] > git config --get commit.template [8ms]
2023-12-10 19:34:29.983 [info] > git for-each-ref --format=%(refname)%00%(upstream:short)%00%(objectname)%00%(upstream:track)%00%(upstream:remotename)%00%(upstream:remoteref) refs/heads/main refs/remotes/main [3ms]
2023-12-10 19:34:30.007 [info] > git status -z -uall [19ms]
2023-12-10 19:34:35.044 [info] > git config --get commit.template [7ms]
2023-12-10 19:34:35.046 [info] > git for-each-ref --format=%(refname)%00%(upstream:short)%00%(objectname)%00%(upstream:track)%00%(upstream:remotename)%00%(upstream:remoteref) refs/heads/main refs/remotes/main [3ms]
2023-12-10 19:34:35.072 [info] > git status -z -uall [19ms]
2023-12-10 19:34:40.121 [info] > git config --get commit.template [7ms]
2023-12-10 19:34:40.123 [info] > git for-each-ref --format=%(refname)%00%(upstream:short)%00%(objectname)%00%(upstream:track)%00%(upstream:remotename)%00%(upstream:remoteref) refs/heads/main refs/remotes/main [3ms]
2023-12-10 19:34:40.148 [info] > git status -z -uall [20ms]
2023-12-10 19:34:45.187 [info] > git config --get commit.template [8ms]
2023-12-10 19:34:45.190 [info] > git for-each-ref --format=%(refname)%00%(upstream:short)%00%(objectname)%00%(upstream:track)%00%(upstream:remotename)%00%(upstream:remoteref) refs/heads/main refs/remotes/main [4ms]
2023-12-10 19:34:45.215 [info] > git status -z -uall [19ms]
2023-12-10 19:34:50.263 [info] > git config --get commit.template [7ms]
2023-12-10 19:34:50.266 [info] > git for-each-ref --format=%(refname)%00%(upstream:short)%00%(objectname)%00%(upstream:track)%00%(upstream:remotename)%00%(upstream:remoteref) refs/heads/main refs/remotes/main [4ms]
2023-12-10 19:34:50.290 [info] > git status -z -uall [19ms]
2023-12-10 19:34:55.328 [info] > git config --get commit.template [8ms]
2023-12-10 19:34:55.330 [info] > git for-each-ref --format=%(refname)%00%(upstream:short)%00%(objectname)%00%(upstream:track)%00%(upstream:remotename)%00%(upstream:remoteref) refs/heads/main refs/remotes/main [3ms]
2023-12-10 19:34:55.355 [info] > git status -z -uall [20ms]
2023-12-10 19:34:56.290 [info] > git ls-files --stage -- /home/ubuntu/airflow/dags/weather_dag.py [3ms]
2023-12-10 19:34:56.297 [info] > git cat-file -s 1d33b52582458a6e3b8dd6246daf93a905209a4e [2ms]
2023-12-10 19:34:56.638 [info] > git show --textconv :airflow/dags/weather_dag.py [3ms]
2023-12-10 19:35:00.401 [info] > git config --get commit.template [8ms]
2023-12-10 19:35:00.404 [info] > git for-each-ref --format=%(refname)%00%(upstream:short)%00%(objectname)%00%(upstream:track)%00%(upstream:remotename)%00%(upstream:remoteref) refs/heads/main refs/remotes/main [3ms]
2023-12-10 19:35:00.429 [info] > git status -z -uall [20ms]
2023-12-10 19:35:05.475 [info] > git config --get commit.template [10ms]
2023-12-10 19:35:05.477 [info] > git for-each-ref --format=%(refname)%00%(upstream:short)%00%(objectname)%00%(upstream:track)%00%(upstream:remotename)%00%(upstream:remoteref) refs/heads/main refs/remotes/main [3ms]
2023-12-10 19:35:05.505 [info] > git status -z -uall [20ms]
2023-12-10 19:35:10.560 [info] > git config --get commit.template [10ms]
2023-12-10 19:35:10.562 [info] > git for-each-ref --format=%(refname)%00%(upstream:short)%00%(objectname)%00%(upstream:track)%00%(upstream:remotename)%00%(upstream:remoteref) refs/heads/main refs/remotes/main [3ms]
2023-12-10 19:35:10.591 [info] > git status -z -uall [21ms]
2023-12-10 19:35:23.021 [info] > git config --get commit.template [8ms]
2023-12-10 19:35:23.023 [info] > git for-each-ref --format=%(refname)%00%(upstream:short)%00%(objectname)%00%(upstream:track)%00%(upstream:remotename)%00%(upstream:remoteref) refs/heads/main refs/remotes/main [3ms]
2023-12-10 19:35:23.048 [info] > git status -z -uall [19ms]
2023-12-10 19:35:28.094 [info] > git config --get commit.template [8ms]
2023-12-10 19:35:28.096 [info] > git for-each-ref --format=%(refname)%00%(upstream:short)%00%(objectname)%00%(upstream:track)%00%(upstream:remotename)%00%(upstream:remoteref) refs/heads/main refs/remotes/main [3ms]
2023-12-10 19:35:28.121 [info] > git status -z -uall [19ms]
2023-12-10 19:35:33.159 [info] > git config --get commit.template [7ms]
2023-12-10 19:35:33.162 [info] > git for-each-ref --format=%(refname)%00%(upstream:short)%00%(objectname)%00%(upstream:track)%00%(upstream:remotename)%00%(upstream:remoteref) refs/heads/main refs/remotes/main [2ms]
2023-12-10 19:35:33.186 [info] > git status -z -uall [19ms]
2023-12-10 19:35:38.232 [info] > git config --get commit.template [8ms]
2023-12-10 19:35:38.238 [info] > git for-each-ref --format=%(refname)%00%(upstream:short)%00%(objectname)%00%(upstream:track)%00%(upstream:remotename)%00%(upstream:remoteref) refs/heads/main refs/remotes/main [7ms]
2023-12-10 19:35:38.265 [info] > git status -z -uall [20ms]
2023-12-10 19:35:43.302 [info] > git config --get commit.template [7ms]
2023-12-10 19:35:43.304 [info] > git for-each-ref --format=%(refname)%00%(upstream:short)%00%(objectname)%00%(upstream:track)%00%(upstream:remotename)%00%(upstream:remoteref) refs/heads/main refs/remotes/main [3ms]
2023-12-10 19:35:43.328 [info] > git status -z -uall [19ms]
2023-12-10 19:36:20.519 [info] > git config --get commit.template [8ms]
2023-12-10 19:36:20.521 [info] > git for-each-ref --format=%(refname)%00%(upstream:short)%00%(objectname)%00%(upstream:track)%00%(upstream:remotename)%00%(upstream:remoteref) refs/heads/main refs/remotes/main [3ms]
2023-12-10 19:36:20.549 [info] > git status -z -uall [22ms]
2023-12-10 19:36:25.596 [info] > git config --get commit.template [8ms]
2023-12-10 19:36:25.598 [info] > git for-each-ref --format=%(refname)%00%(upstream:short)%00%(objectname)%00%(upstream:track)%00%(upstream:remotename)%00%(upstream:remoteref) refs/heads/main refs/remotes/main [3ms]
2023-12-10 19:36:25.623 [info] > git status -z -uall [20ms]
2023-12-10 19:36:26.433 [info] > git ls-files --stage -- /home/ubuntu/airflow/dags/weather_dag.py [3ms]
2023-12-10 19:36:26.440 [info] > git cat-file -s 1d33b52582458a6e3b8dd6246daf93a905209a4e [2ms]
2023-12-10 19:36:26.553 [info] > git show --textconv :airflow/dags/weather_dag.py [3ms]
2023-12-10 19:36:35.209 [info] > git config --get commit.template [7ms]
2023-12-10 19:36:35.212 [info] > git for-each-ref --format=%(refname)%00%(upstream:short)%00%(objectname)%00%(upstream:track)%00%(upstream:remotename)%00%(upstream:remoteref) refs/heads/main refs/remotes/main [4ms]
2023-12-10 19:36:35.242 [info] > git status -z -uall [23ms]
2023-12-10 19:36:40.280 [info] > git config --get commit.template [8ms]
2023-12-10 19:36:40.282 [info] > git for-each-ref --format=%(refname)%00%(upstream:short)%00%(objectname)%00%(upstream:track)%00%(upstream:remotename)%00%(upstream:remoteref) refs/heads/main refs/remotes/main [3ms]
2023-12-10 19:36:40.307 [info] > git status -z -uall [20ms]
2023-12-10 19:36:43.819 [info] > git ls-files --stage -- /home/ubuntu/airflow/dags/weather_dag.py [3ms]
2023-12-10 19:36:43.826 [info] > git cat-file -s 1d33b52582458a6e3b8dd6246daf93a905209a4e [2ms]
2023-12-10 19:36:43.978 [info] > git show --textconv :airflow/dags/weather_dag.py [4ms]
2023-12-10 19:36:45.353 [info] > git config --get commit.template [7ms]
2023-12-10 19:36:45.355 [info] > git for-each-ref --format=%(refname)%00%(upstream:short)%00%(objectname)%00%(upstream:track)%00%(upstream:remotename)%00%(upstream:remoteref) refs/heads/main refs/remotes/main [3ms]
2023-12-10 19:36:45.379 [info] > git status -z -uall [19ms]
2023-12-10 19:36:50.423 [info] > git config --get commit.template [7ms]
2023-12-10 19:36:50.425 [info] > git for-each-ref --format=%(refname)%00%(upstream:short)%00%(objectname)%00%(upstream:track)%00%(upstream:remotename)%00%(upstream:remoteref) refs/heads/main refs/remotes/main [3ms]
2023-12-10 19:36:50.495 [info] > git status -z -uall [65ms]
2023-12-10 19:36:55.555 [info] > git config --get commit.template [8ms]
2023-12-10 19:36:55.557 [info] > git for-each-ref --format=%(refname)%00%(upstream:short)%00%(objectname)%00%(upstream:track)%00%(upstream:remotename)%00%(upstream:remoteref) refs/heads/main refs/remotes/main [3ms]
2023-12-10 19:36:55.581 [info] > git status -z -uall [19ms]
2023-12-10 19:38:27.414 [info] > git config --get commit.template [15ms]
2023-12-10 19:38:27.438 [info] > git for-each-ref --format=%(refname)%00%(upstream:short)%00%(objectname)%00%(upstream:track)%00%(upstream:remotename)%00%(upstream:remoteref) refs/heads/main refs/remotes/main [29ms]
2023-12-10 19:38:27.546 [info] > git status -z -uall [73ms]
2023-12-10 19:38:32.707 [info] > git config --get commit.template [17ms]
2023-12-10 19:38:32.709 [info] > git for-each-ref --format=%(refname)%00%(upstream:short)%00%(objectname)%00%(upstream:track)%00%(upstream:remotename)%00%(upstream:remoteref) refs/heads/main refs/remotes/main [3ms]
2023-12-10 19:38:32.764 [info] > git status -z -uall [43ms]
2023-12-10 19:38:33.397 [info] > git ls-files --stage -- /home/ubuntu/airflow/dags/weather_dag.py [26ms]
2023-12-10 19:38:33.415 [info] > git cat-file -s 1d33b52582458a6e3b8dd6246daf93a905209a4e [6ms]
2023-12-10 19:38:33.846 [info] > git show --textconv :airflow/dags/weather_dag.py [7ms]
2023-12-10 19:38:42.843 [info] > git config --get commit.template [18ms]
2023-12-10 19:38:42.848 [info] > git for-each-ref --format=%(refname)%00%(upstream:short)%00%(objectname)%00%(upstream:track)%00%(upstream:remotename)%00%(upstream:remoteref) refs/heads/main refs/remotes/main [6ms]
2023-12-10 19:38:42.904 [info] > git status -z -uall [44ms]
2023-12-10 19:38:48.014 [info] > git config --get commit.template [8ms]
2023-12-10 19:38:48.017 [info] > git for-each-ref --format=%(refname)%00%(upstream:short)%00%(objectname)%00%(upstream:track)%00%(upstream:remotename)%00%(upstream:remoteref) refs/heads/main refs/remotes/main [3ms]
2023-12-10 19:38:48.046 [info] > git status -z -uall [23ms]
2023-12-10 19:38:53.088 [info] > git config --get commit.template [7ms]
2023-12-10 19:38:53.091 [info] > git for-each-ref --format=%(refname)%00%(upstream:short)%00%(objectname)%00%(upstream:track)%00%(upstream:remotename)%00%(upstream:remoteref) refs/heads/main refs/remotes/main [3ms]
2023-12-10 19:38:53.123 [info] > git status -z -uall [26ms]
2023-12-10 19:38:58.172 [info] > git config --get commit.template [8ms]
2023-12-10 19:38:58.175 [info] > git for-each-ref --format=%(refname)%00%(upstream:short)%00%(objectname)%00%(upstream:track)%00%(upstream:remotename)%00%(upstream:remoteref) refs/heads/main refs/remotes/main [3ms]
2023-12-10 19:38:58.198 [info] > git status -z -uall [18ms]
2023-12-10 19:39:03.243 [info] > git config --get commit.template [12ms]
2023-12-10 19:39:03.246 [info] > git for-each-ref --format=%(refname)%00%(upstream:short)%00%(objectname)%00%(upstream:track)%00%(upstream:remotename)%00%(upstream:remoteref) refs/heads/main refs/remotes/main [4ms]
2023-12-10 19:39:03.275 [info] > git status -z -uall [20ms]
2023-12-10 19:39:08.317 [info] > git config --get commit.template [8ms]
2023-12-10 19:39:08.319 [info] > git for-each-ref --format=%(refname)%00%(upstream:short)%00%(objectname)%00%(upstream:track)%00%(upstream:remotename)%00%(upstream:remoteref) refs/heads/main refs/remotes/main [3ms]
2023-12-10 19:39:08.343 [info] > git status -z -uall [19ms]
2023-12-10 19:39:13.390 [info] > git config --get commit.template [7ms]
2023-12-10 19:39:13.393 [info] > git for-each-ref --format=%(refname)%00%(upstream:short)%00%(objectname)%00%(upstream:track)%00%(upstream:remotename)%00%(upstream:remoteref) refs/heads/main refs/remotes/main [4ms]
2023-12-10 19:39:13.417 [info] > git status -z -uall [19ms]
2023-12-10 19:39:18.455 [info] > git config --get commit.template [7ms]
2023-12-10 19:39:18.462 [info] > git for-each-ref --format=%(refname)%00%(upstream:short)%00%(objectname)%00%(upstream:track)%00%(upstream:remotename)%00%(upstream:remoteref) refs/heads/main refs/remotes/main [8ms]
2023-12-10 19:39:18.487 [info] > git status -z -uall [20ms]
2023-12-10 19:39:23.536 [info] > git config --get commit.template [8ms]
2023-12-10 19:39:23.538 [info] > git for-each-ref --format=%(refname)%00%(upstream:short)%00%(objectname)%00%(upstream:track)%00%(upstream:remotename)%00%(upstream:remoteref) refs/heads/main refs/remotes/main [3ms]
2023-12-10 19:39:23.562 [info] > git status -z -uall [19ms]
2023-12-10 19:39:28.599 [info] > git config --get commit.template [8ms]
2023-12-10 19:39:28.602 [info] > git for-each-ref --format=%(refname)%00%(upstream:short)%00%(objectname)%00%(upstream:track)%00%(upstream:remotename)%00%(upstream:remoteref) refs/heads/main refs/remotes/main [3ms]
2023-12-10 19:39:28.626 [info] > git status -z -uall [19ms]
2023-12-10 19:39:33.678 [info] > git config --get commit.template [8ms]
2023-12-10 19:39:33.680 [info] > git for-each-ref --format=%(refname)%00%(upstream:short)%00%(objectname)%00%(upstream:track)%00%(upstream:remotename)%00%(upstream:remoteref) refs/heads/main refs/remotes/main [3ms]
2023-12-10 19:39:33.706 [info] > git status -z -uall [19ms]
2023-12-10 19:39:38.746 [info] > git config --get commit.template [8ms]
2023-12-10 19:39:38.748 [info] > git for-each-ref --format=%(refname)%00%(upstream:short)%00%(objectname)%00%(upstream:track)%00%(upstream:remotename)%00%(upstream:remoteref) refs/heads/main refs/remotes/main [3ms]
2023-12-10 19:39:38.773 [info] > git status -z -uall [19ms]
2023-12-10 19:39:42.540 [info] > git check-ignore -v -z --stdin [3ms]
2023-12-10 19:39:43.820 [info] > git config --get commit.template [7ms]
2023-12-10 19:39:43.823 [info] > git for-each-ref --format=%(refname)%00%(upstream:short)%00%(objectname)%00%(upstream:track)%00%(upstream:remotename)%00%(upstream:remoteref) refs/heads/main refs/remotes/main [4ms]
2023-12-10 19:39:43.848 [info] > git status -z -uall [20ms]
2023-12-10 19:39:48.891 [info] > git config --get commit.template [7ms]
2023-12-10 19:39:48.894 [info] > git for-each-ref --format=%(refname)%00%(upstream:short)%00%(objectname)%00%(upstream:track)%00%(upstream:remotename)%00%(upstream:remoteref) refs/heads/main refs/remotes/main [4ms]
2023-12-10 19:39:48.920 [info] > git status -z -uall [21ms]
2023-12-10 19:39:50.411 [info] > git check-ignore -v -z --stdin [13ms]
2023-12-10 19:39:51.239 [info] > git check-ignore -v -z --stdin [3ms]
2023-12-10 19:39:52.187 [info] > git check-ignore -v -z --stdin [14ms]
2023-12-10 19:39:53.874 [info] > git check-ignore -v -z --stdin [3ms]
2023-12-10 19:39:53.974 [info] > git config --get commit.template [7ms]
2023-12-10 19:39:53.976 [info] > git for-each-ref --format=%(refname)%00%(upstream:short)%00%(objectname)%00%(upstream:track)%00%(upstream:remotename)%00%(upstream:remoteref) refs/heads/main refs/remotes/main [3ms]
2023-12-10 19:39:54.005 [info] > git status -z -uall [24ms]
2023-12-10 19:39:59.064 [info] > git config --get commit.template [7ms]
2023-12-10 19:39:59.067 [info] > git for-each-ref --format=%(refname)%00%(upstream:short)%00%(objectname)%00%(upstream:track)%00%(upstream:remotename)%00%(upstream:remoteref) refs/heads/main refs/remotes/main [4ms]
2023-12-10 19:39:59.091 [info] > git status -z -uall [19ms]
2023-12-10 19:40:04.175 [info] > git config --get commit.template [29ms]
2023-12-10 19:40:04.182 [info] > git for-each-ref --format=%(refname)%00%(upstream:short)%00%(objectname)%00%(upstream:track)%00%(upstream:remotename)%00%(upstream:remoteref) refs/heads/main refs/remotes/main [9ms]
2023-12-10 19:40:04.249 [info] > git status -z -uall [46ms]
2023-12-10 19:43:49.465 [info] > git config --get commit.template [7ms]
2023-12-10 19:43:49.467 [info] > git for-each-ref --format=%(refname)%00%(upstream:short)%00%(objectname)%00%(upstream:track)%00%(upstream:remotename)%00%(upstream:remoteref) refs/heads/main refs/remotes/main [3ms]
2023-12-10 19:43:49.492 [info] > git status -z -uall [20ms]
2023-12-10 19:44:24.970 [info] > git config --get commit.template [7ms]
2023-12-10 19:44:24.973 [info] > git for-each-ref --format=%(refname)%00%(upstream:short)%00%(objectname)%00%(upstream:track)%00%(upstream:remotename)%00%(upstream:remoteref) refs/heads/main refs/remotes/main [4ms]
2023-12-10 19:44:25.000 [info] > git status -z -uall [21ms]
2023-12-10 19:45:52.814 [info] > git config --get commit.template [7ms]
2023-12-10 19:45:52.817 [info] > git for-each-ref --format=%(refname)%00%(upstream:short)%00%(objectname)%00%(upstream:track)%00%(upstream:remotename)%00%(upstream:remoteref) refs/heads/main refs/remotes/main [4ms]
2023-12-10 19:45:52.846 [info] > git status -z -uall [23ms]
2023-12-10 19:45:57.905 [info] > git config --get commit.template [8ms]
2023-12-10 19:45:57.912 [info] > git for-each-ref --format=%(refname)%00%(upstream:short)%00%(objectname)%00%(upstream:track)%00%(upstream:remotename)%00%(upstream:remoteref) refs/heads/main refs/remotes/main [8ms]
2023-12-10 19:45:57.938 [info] > git status -z -uall [20ms]
2023-12-10 19:46:02.998 [info] > git config --get commit.template [10ms]
2023-12-10 19:46:03.064 [info] > git for-each-ref --format=%(refname)%00%(upstream:short)%00%(objectname)%00%(upstream:track)%00%(upstream:remotename)%00%(upstream:remoteref) refs/heads/main refs/remotes/main [17ms]
2023-12-10 19:46:03.139 [info] > git status -z -uall [36ms]
2023-12-10 19:46:08.206 [info] > git config --get commit.template [8ms]
2023-12-10 19:46:08.208 [info] > git for-each-ref --format=%(refname)%00%(upstream:short)%00%(objectname)%00%(upstream:track)%00%(upstream:remotename)%00%(upstream:remoteref) refs/heads/main refs/remotes/main [3ms]
2023-12-10 19:46:08.236 [info] > git status -z -uall [20ms]
2023-12-10 19:46:21.784 [info] > git config --get commit.template [7ms]
2023-12-10 19:46:21.787 [info] > git for-each-ref --format=%(refname)%00%(upstream:short)%00%(objectname)%00%(upstream:track)%00%(upstream:remotename)%00%(upstream:remoteref) refs/heads/main refs/remotes/main [4ms]
2023-12-10 19:46:21.814 [info] > git status -z -uall [20ms]
2023-12-10 19:46:26.860 [info] > git config --get commit.template [7ms]
2023-12-10 19:46:26.863 [info] > git for-each-ref --format=%(refname)%00%(upstream:short)%00%(objectname)%00%(upstream:track)%00%(upstream:remotename)%00%(upstream:remoteref) refs/heads/main refs/remotes/main [4ms]
2023-12-10 19:46:26.888 [info] > git status -z -uall [20ms]
2023-12-10 19:46:31.936 [info] > git config --get commit.template [7ms]
2023-12-10 19:46:31.939 [info] > git for-each-ref --format=%(refname)%00%(upstream:short)%00%(objectname)%00%(upstream:track)%00%(upstream:remotename)%00%(upstream:remoteref) refs/heads/main refs/remotes/main [3ms]
2023-12-10 19:46:31.963 [info] > git status -z -uall [19ms]
2023-12-10 19:46:37.011 [info] > git config --get commit.template [7ms]
2023-12-10 19:46:37.013 [info] > git for-each-ref --format=%(refname)%00%(upstream:short)%00%(objectname)%00%(upstream:track)%00%(upstream:remotename)%00%(upstream:remoteref) refs/heads/main refs/remotes/main [3ms]
2023-12-10 19:46:37.040 [info] > git status -z -uall [20ms]
2023-12-10 19:46:37.760 [info] > git ls-files --stage -- /home/ubuntu/airflow/dags/weather_dag.py [2ms]
2023-12-10 19:46:37.767 [info] > git cat-file -s 1d33b52582458a6e3b8dd6246daf93a905209a4e [2ms]
2023-12-10 19:46:37.884 [info] > git show --textconv :airflow/dags/weather_dag.py [4ms]
2023-12-10 19:46:42.081 [info] > git config --get commit.template [8ms]
2023-12-10 19:46:42.084 [info] > git for-each-ref --format=%(refname)%00%(upstream:short)%00%(objectname)%00%(upstream:track)%00%(upstream:remotename)%00%(upstream:remoteref) refs/heads/main refs/remotes/main [4ms]
2023-12-10 19:46:42.110 [info] > git status -z -uall [19ms]
2023-12-10 19:46:47.161 [info] > git config --get commit.template [8ms]
2023-12-10 19:46:47.164 [info] > git for-each-ref --format=%(refname)%00%(upstream:short)%00%(objectname)%00%(upstream:track)%00%(upstream:remotename)%00%(upstream:remoteref) refs/heads/main refs/remotes/main [4ms]
2023-12-10 19:46:47.195 [info] > git status -z -uall [24ms]
2023-12-10 19:47:02.465 [info] > git config --get commit.template [289ms]
2023-12-10 19:47:02.543 [info] > git for-each-ref --format=%(refname)%00%(upstream:short)%00%(objectname)%00%(upstream:track)%00%(upstream:remotename)%00%(upstream:remoteref) refs/heads/main refs/remotes/main [100ms]
2023-12-10 19:47:02.813 [info] > git status -z -uall [163ms]
2023-12-10 19:47:07.865 [info] > git config --get commit.template [7ms]
2023-12-10 19:47:07.867 [info] > git for-each-ref --format=%(refname)%00%(upstream:short)%00%(objectname)%00%(upstream:track)%00%(upstream:remotename)%00%(upstream:remoteref) refs/heads/main refs/remotes/main [3ms]
2023-12-10 19:47:07.893 [info] > git status -z -uall [21ms]
2023-12-10 19:47:12.932 [info] > git config --get commit.template [7ms]
2023-12-10 19:47:12.934 [info] > git for-each-ref --format=%(refname)%00%(upstream:short)%00%(objectname)%00%(upstream:track)%00%(upstream:remotename)%00%(upstream:remoteref) refs/heads/main refs/remotes/main [3ms]
2023-12-10 19:47:12.959 [info] > git status -z -uall [19ms]
2023-12-10 19:47:16.183 [info] > git ls-files --stage -- /home/ubuntu/airflow/dags/weather_dag.py [3ms]
2023-12-10 19:47:16.190 [info] > git cat-file -s 1d33b52582458a6e3b8dd6246daf93a905209a4e [2ms]
2023-12-10 19:47:16.316 [info] > git show --textconv :airflow/dags/weather_dag.py [3ms]
2023-12-10 19:47:18.007 [info] > git config --get commit.template [8ms]
2023-12-10 19:47:18.009 [info] > git for-each-ref --format=%(refname)%00%(upstream:short)%00%(objectname)%00%(upstream:track)%00%(upstream:remotename)%00%(upstream:remoteref) refs/heads/main refs/remotes/main [3ms]
2023-12-10 19:47:18.034 [info] > git status -z -uall [19ms]
2023-12-10 19:47:40.680 [info] > git config --get commit.template [7ms]
2023-12-10 19:47:40.682 [info] > git for-each-ref --format=%(refname)%00%(upstream:short)%00%(objectname)%00%(upstream:track)%00%(upstream:remotename)%00%(upstream:remoteref) refs/heads/main refs/remotes/main [4ms]
2023-12-10 19:47:40.706 [info] > git status -z -uall [19ms]
2023-12-10 19:47:45.756 [info] > git config --get commit.template [8ms]
2023-12-10 19:47:45.759 [info] > git for-each-ref --format=%(refname)%00%(upstream:short)%00%(objectname)%00%(upstream:track)%00%(upstream:remotename)%00%(upstream:remoteref) refs/heads/main refs/remotes/main [4ms]
2023-12-10 19:47:45.784 [info] > git status -z -uall [19ms]
2023-12-10 19:48:18.393 [info] > git config --get commit.template [7ms]
2023-12-10 19:48:18.396 [info] > git for-each-ref --format=%(refname)%00%(upstream:short)%00%(objectname)%00%(upstream:track)%00%(upstream:remotename)%00%(upstream:remoteref) refs/heads/main refs/remotes/main [3ms]
2023-12-10 19:48:18.419 [info] > git status -z -uall [19ms]
2023-12-10 19:48:23.474 [info] > git config --get commit.template [9ms]
2023-12-10 19:48:23.476 [info] > git for-each-ref --format=%(refname)%00%(upstream:short)%00%(objectname)%00%(upstream:track)%00%(upstream:remotename)%00%(upstream:remoteref) refs/heads/main refs/remotes/main [3ms]
2023-12-10 19:48:23.502 [info] > git status -z -uall [19ms]
2023-12-10 19:48:28.639 [info] > git config --get commit.template [7ms]
2023-12-10 19:48:28.641 [info] > git for-each-ref --format=%(refname)%00%(upstream:short)%00%(objectname)%00%(upstream:track)%00%(upstream:remotename)%00%(upstream:remoteref) refs/heads/main refs/remotes/main [3ms]
2023-12-10 19:48:28.670 [info] > git status -z -uall [19ms]
2023-12-10 19:48:33.718 [info] > git config --get commit.template [8ms]
2023-12-10 19:48:33.721 [info] > git for-each-ref --format=%(refname)%00%(upstream:short)%00%(objectname)%00%(upstream:track)%00%(upstream:remotename)%00%(upstream:remoteref) refs/heads/main refs/remotes/main [3ms]
2023-12-10 19:48:33.746 [info] > git status -z -uall [19ms]
2023-12-10 19:48:38.921 [info] > git check-ignore -v -z --stdin [3ms]
2023-12-10 19:48:39.304 [info] > git config --get commit.template [9ms]
2023-12-10 19:48:39.306 [info] > git for-each-ref --format=%(refname)%00%(upstream:short)%00%(objectname)%00%(upstream:track)%00%(upstream:remotename)%00%(upstream:remoteref) refs/heads/main refs/remotes/main [3ms]
2023-12-10 19:48:39.333 [info] > git status -z -uall [20ms]
2023-12-10 19:48:43.473 [info] > git ls-files --stage -- /home/ubuntu/airflow/dags/weather_dag.py [3ms]
2023-12-10 19:48:43.480 [info] > git cat-file -s 1d33b52582458a6e3b8dd6246daf93a905209a4e [2ms]
2023-12-10 19:48:43.599 [info] > git show --textconv :airflow/dags/weather_dag.py [3ms]
2023-12-10 19:48:44.378 [info] > git config --get commit.template [7ms]
2023-12-10 19:48:44.387 [info] > git for-each-ref --format=%(refname)%00%(upstream:short)%00%(objectname)%00%(upstream:track)%00%(upstream:remotename)%00%(upstream:remoteref) refs/heads/main refs/remotes/main [10ms]
2023-12-10 19:48:44.413 [info] > git status -z -uall [20ms]
2023-12-10 19:48:48.287 [info] > git show --textconv :README.md [14ms]
2023-12-10 19:48:48.294 [info] > git ls-files --stage -- /home/ubuntu/README.md [8ms]
2023-12-10 19:50:38.251 [info] > git config --get commit.template [9ms]
2023-12-10 19:50:38.254 [info] > git for-each-ref --format=%(refname)%00%(upstream:short)%00%(objectname)%00%(upstream:track)%00%(upstream:remotename)%00%(upstream:remoteref) refs/heads/main refs/remotes/main [4ms]
2023-12-10 19:50:38.282 [info] > git status -z -uall [22ms]
2023-12-10 19:50:43.357 [info] > git config --get commit.template [10ms]
2023-12-10 19:50:43.360 [info] > git for-each-ref --format=%(refname)%00%(upstream:short)%00%(objectname)%00%(upstream:track)%00%(upstream:remotename)%00%(upstream:remoteref) refs/heads/main refs/remotes/main [3ms]
2023-12-10 19:50:43.391 [info] > git status -z -uall [24ms]
2023-12-10 19:50:48.447 [info] > git config --get commit.template [8ms]
2023-12-10 19:50:48.449 [info] > git for-each-ref --format=%(refname)%00%(upstream:short)%00%(objectname)%00%(upstream:track)%00%(upstream:remotename)%00%(upstream:remoteref) refs/heads/main refs/remotes/main [3ms]
2023-12-10 19:50:48.482 [info] > git status -z -uall [25ms]
2023-12-10 19:50:53.535 [info] > git config --get commit.template [9ms]
2023-12-10 19:50:53.537 [info] > git for-each-ref --format=%(refname)%00%(upstream:short)%00%(objectname)%00%(upstream:track)%00%(upstream:remotename)%00%(upstream:remoteref) refs/heads/main refs/remotes/main [3ms]
2023-12-10 19:50:53.563 [info] > git status -z -uall [19ms]
2023-12-10 19:50:54.487 [info] > git show --textconv :airflow/standalone_admin_password.txt [10ms]
2023-12-10 19:50:54.492 [info] > git ls-files --stage -- /home/ubuntu/airflow/standalone_admin_password.txt [6ms]
2023-12-10 19:50:54.500 [info] > git cat-file -s 9fffe52a323df9c761c611e4e91f824ef5fa4b2c [2ms]
2023-12-10 19:50:58.604 [info] > git config --get commit.template [9ms]
2023-12-10 19:50:58.606 [info] > git for-each-ref --format=%(refname)%00%(upstream:short)%00%(objectname)%00%(upstream:track)%00%(upstream:remotename)%00%(upstream:remoteref) refs/heads/main refs/remotes/main [3ms]
2023-12-10 19:50:58.632 [info] > git status -z -uall [20ms]
2023-12-10 19:51:03.680 [info] > git config --get commit.template [9ms]
2023-12-10 19:51:03.683 [info] > git for-each-ref --format=%(refname)%00%(upstream:short)%00%(objectname)%00%(upstream:track)%00%(upstream:remotename)%00%(upstream:remoteref) refs/heads/main refs/remotes/main [3ms]
2023-12-10 19:51:03.708 [info] > git status -z -uall [20ms]
2023-12-10 19:51:04.975 [info] > git show --textconv :README.md [8ms]
2023-12-10 19:51:04.979 [info] > git ls-files --stage -- /home/ubuntu/README.md [5ms]
2023-12-10 19:51:08.749 [info] > git config --get commit.template [8ms]
2023-12-10 19:51:08.751 [info] > git for-each-ref --format=%(refname)%00%(upstream:short)%00%(objectname)%00%(upstream:track)%00%(upstream:remotename)%00%(upstream:remoteref) refs/heads/main refs/remotes/main [3ms]
2023-12-10 19:51:08.778 [info] > git status -z -uall [20ms]
2023-12-10 19:51:13.836 [info] > git config --get commit.template [8ms]
2023-12-10 19:51:13.838 [info] > git for-each-ref --format=%(refname)%00%(upstream:short)%00%(objectname)%00%(upstream:track)%00%(upstream:remotename)%00%(upstream:remoteref) refs/heads/main refs/remotes/main [3ms]
2023-12-10 19:51:13.864 [info] > git status -z -uall [19ms]
