2023-12-11 12:16:16.759 [info] Extension host with pid 11418 started
2023-12-11 12:16:16.790 [info] Lock '/home/ubuntu/.vscode-server/data/User/workspaceStorage/8d59e738a517464247def7be099cb7a5/vscode.lock': Lock acquired.
2023-12-11 12:16:17.026 [info] ExtensionService#_doActivateExtension vscode.tunnel-forwarding, startup: false, activationEvent: 'onTunnel'
2023-12-11 12:16:17.028 [info] ExtensionService#_doActivateExtension vscode.extension-editing, startup: false, activationEvent: 'onLanguage:markdown'
2023-12-11 12:16:17.034 [info] ExtensionService#_doActivateExtension vscode.markdown-language-features, startup: false, activationEvent: 'onLanguage:markdown'
2023-12-11 12:16:17.038 [info] ExtensionService#_doActivateExtension vscode.emmet, startup: false, activationEvent: 'onLanguage'
2023-12-11 12:16:18.080 [info] ExtensionService#_doActivateExtension vscode.git-base, startup: true, activationEvent: '*', root cause: vscode.git
2023-12-11 12:16:18.216 [info] ExtensionService#_doActivateExtension vscode.git, startup: true, activationEvent: '*'
2023-12-11 12:16:18.216 [info] ExtensionService#_doActivateExtension vscode.github, startup: true, activationEvent: '*'
2023-12-11 12:16:18.539 [info] ExtensionService#_doActivateExtension vscode.markdown-math, startup: false, activationEvent: 'api', root cause: vscode.markdown-language-features
2023-12-11 12:16:18.841 [info] Eager extensions activated
2023-12-11 12:16:18.842 [info] ExtensionService#_doActivateExtension vscode.debug-auto-launch, startup: false, activationEvent: 'onStartupFinished'
2023-12-11 12:16:18.842 [info] ExtensionService#_doActivateExtension vscode.merge-conflict, startup: false, activationEvent: 'onStartupFinished'
2023-12-11 12:16:19.263 [warning] [Decorations] CAPPING events from decorations provider vscode.git 1539
2023-12-11 12:16:19.783 [warning] [Decorations] CAPPING events from decorations provider vscode.git 1539
2023-12-11 12:18:36.454 [warning] [Decorations] CAPPING events from decorations provider vscode.git 1539
2023-12-11 12:18:41.552 [warning] [Decorations] CAPPING events from decorations provider vscode.git 1539
2023-12-11 12:18:46.647 [warning] [Decorations] CAPPING events from decorations provider vscode.git 1539
2023-12-11 12:18:51.720 [warning] [Decorations] CAPPING events from decorations provider vscode.git 1542
2023-12-11 12:18:56.787 [warning] [Decorations] CAPPING events from decorations provider vscode.git 1542
