[2023-12-06T18:22:29.872+0000] {processor.py:157} INFO - Started process (PID=3703) to work on /usr/local/lib/python3.10/dist-packages/airflow/example_dags/example_latest_only.py
[2023-12-06T18:22:29.873+0000] {processor.py:829} INFO - Processing file /usr/local/lib/python3.10/dist-packages/airflow/example_dags/example_latest_only.py for tasks to queue
[2023-12-06T18:22:29.874+0000] {logging_mixin.py:154} INFO - [2023-12-06T18:22:29.873+0000] {dagbag.py:536} INFO - Filling up the DagBag from /usr/local/lib/python3.10/dist-packages/airflow/example_dags/example_latest_only.py
[2023-12-06T18:22:29.880+0000] {processor.py:839} INFO - DAG(s) dict_keys(['latest_only']) retrieved from /usr/local/lib/python3.10/dist-packages/airflow/example_dags/example_latest_only.py
[2023-12-06T18:22:29.989+0000] {logging_mixin.py:154} INFO - [2023-12-06T18:22:29.989+0000] {manager.py:499} INFO - Created Permission View: %s
[2023-12-06T18:22:30.002+0000] {logging_mixin.py:154} INFO - [2023-12-06T18:22:30.002+0000] {manager.py:499} INFO - Created Permission View: %s
[2023-12-06T18:22:30.012+0000] {logging_mixin.py:154} INFO - [2023-12-06T18:22:30.012+0000] {manager.py:499} INFO - Created Permission View: %s
[2023-12-06T18:22:30.012+0000] {logging_mixin.py:154} INFO - [2023-12-06T18:22:30.012+0000] {dag.py:2941} INFO - Sync 1 DAGs
[2023-12-06T18:22:30.023+0000] {logging_mixin.py:154} INFO - [2023-12-06T18:22:30.023+0000] {dag.py:2963} INFO - Creating ORM DAG for latest_only
[2023-12-06T18:22:30.032+0000] {logging_mixin.py:154} INFO - [2023-12-06T18:22:30.032+0000] {dag.py:3722} INFO - Setting next_dagrun for latest_only to 2023-12-06T14:22:30.032057+00:00, run_after=2023-12-06T18:22:30.032057+00:00
[2023-12-06T18:22:30.066+0000] {processor.py:179} INFO - Processing /usr/local/lib/python3.10/dist-packages/airflow/example_dags/example_latest_only.py took 0.198 seconds
[2023-12-06T18:23:23.085+0000] {processor.py:157} INFO - Started process (PID=3761) to work on /usr/local/lib/python3.10/dist-packages/airflow/example_dags/example_latest_only.py
[2023-12-06T18:23:23.088+0000] {processor.py:829} INFO - Processing file /usr/local/lib/python3.10/dist-packages/airflow/example_dags/example_latest_only.py for tasks to queue
[2023-12-06T18:23:23.089+0000] {logging_mixin.py:154} INFO - [2023-12-06T18:23:23.088+0000] {dagbag.py:536} INFO - Filling up the DagBag from /usr/local/lib/python3.10/dist-packages/airflow/example_dags/example_latest_only.py
[2023-12-06T18:23:23.095+0000] {processor.py:839} INFO - DAG(s) dict_keys(['latest_only']) retrieved from /usr/local/lib/python3.10/dist-packages/airflow/example_dags/example_latest_only.py
[2023-12-06T18:23:23.113+0000] {logging_mixin.py:154} INFO - [2023-12-06T18:23:23.112+0000] {dag.py:2941} INFO - Sync 1 DAGs
[2023-12-06T18:23:23.135+0000] {logging_mixin.py:154} INFO - [2023-12-06T18:23:23.135+0000] {dag.py:3722} INFO - Setting next_dagrun for latest_only to 2023-12-06T14:23:23.133841+00:00, run_after=2023-12-06T18:23:23.133841+00:00
[2023-12-06T18:23:23.161+0000] {processor.py:179} INFO - Processing /usr/local/lib/python3.10/dist-packages/airflow/example_dags/example_latest_only.py took 0.080 seconds
[2023-12-06T18:24:12.064+0000] {processor.py:157} INFO - Started process (PID=3810) to work on /usr/local/lib/python3.10/dist-packages/airflow/example_dags/example_latest_only.py
[2023-12-06T18:24:12.065+0000] {processor.py:829} INFO - Processing file /usr/local/lib/python3.10/dist-packages/airflow/example_dags/example_latest_only.py for tasks to queue
[2023-12-06T18:24:12.066+0000] {logging_mixin.py:154} INFO - [2023-12-06T18:24:12.066+0000] {dagbag.py:536} INFO - Filling up the DagBag from /usr/local/lib/python3.10/dist-packages/airflow/example_dags/example_latest_only.py
[2023-12-06T18:24:12.072+0000] {processor.py:839} INFO - DAG(s) dict_keys(['latest_only']) retrieved from /usr/local/lib/python3.10/dist-packages/airflow/example_dags/example_latest_only.py
[2023-12-06T18:24:12.090+0000] {logging_mixin.py:154} INFO - [2023-12-06T18:24:12.090+0000] {dag.py:2941} INFO - Sync 1 DAGs
[2023-12-06T18:24:12.110+0000] {logging_mixin.py:154} INFO - [2023-12-06T18:24:12.110+0000] {dag.py:3722} INFO - Setting next_dagrun for latest_only to 2023-12-06T14:24:12.110152+00:00, run_after=2023-12-06T18:24:12.110152+00:00
[2023-12-06T18:24:12.156+0000] {processor.py:179} INFO - Processing /usr/local/lib/python3.10/dist-packages/airflow/example_dags/example_latest_only.py took 0.095 seconds
[2023-12-06T18:25:01.307+0000] {processor.py:157} INFO - Started process (PID=3863) to work on /usr/local/lib/python3.10/dist-packages/airflow/example_dags/example_latest_only.py
[2023-12-06T18:25:01.309+0000] {processor.py:829} INFO - Processing file /usr/local/lib/python3.10/dist-packages/airflow/example_dags/example_latest_only.py for tasks to queue
[2023-12-06T18:25:01.310+0000] {logging_mixin.py:154} INFO - [2023-12-06T18:25:01.309+0000] {dagbag.py:536} INFO - Filling up the DagBag from /usr/local/lib/python3.10/dist-packages/airflow/example_dags/example_latest_only.py
[2023-12-06T18:25:01.316+0000] {processor.py:839} INFO - DAG(s) dict_keys(['latest_only']) retrieved from /usr/local/lib/python3.10/dist-packages/airflow/example_dags/example_latest_only.py
[2023-12-06T18:25:01.338+0000] {logging_mixin.py:154} INFO - [2023-12-06T18:25:01.337+0000] {dag.py:2941} INFO - Sync 1 DAGs
[2023-12-06T18:25:01.360+0000] {logging_mixin.py:154} INFO - [2023-12-06T18:25:01.360+0000] {dag.py:3722} INFO - Setting next_dagrun for latest_only to 2023-12-06T14:25:01.359754+00:00, run_after=2023-12-06T18:25:01.359754+00:00
[2023-12-06T18:25:01.386+0000] {processor.py:179} INFO - Processing /usr/local/lib/python3.10/dist-packages/airflow/example_dags/example_latest_only.py took 0.083 seconds
[2023-12-06T18:25:45.587+0000] {processor.py:157} INFO - Started process (PID=3911) to work on /usr/local/lib/python3.10/dist-packages/airflow/example_dags/example_latest_only.py
[2023-12-06T18:25:45.589+0000] {processor.py:829} INFO - Processing file /usr/local/lib/python3.10/dist-packages/airflow/example_dags/example_latest_only.py for tasks to queue
[2023-12-06T18:25:45.590+0000] {logging_mixin.py:154} INFO - [2023-12-06T18:25:45.589+0000] {dagbag.py:536} INFO - Filling up the DagBag from /usr/local/lib/python3.10/dist-packages/airflow/example_dags/example_latest_only.py
[2023-12-06T18:25:45.596+0000] {processor.py:839} INFO - DAG(s) dict_keys(['latest_only']) retrieved from /usr/local/lib/python3.10/dist-packages/airflow/example_dags/example_latest_only.py
[2023-12-06T18:25:45.613+0000] {logging_mixin.py:154} INFO - [2023-12-06T18:25:45.613+0000] {dag.py:2941} INFO - Sync 1 DAGs
[2023-12-06T18:25:45.634+0000] {logging_mixin.py:154} INFO - [2023-12-06T18:25:45.634+0000] {dag.py:3722} INFO - Setting next_dagrun for latest_only to 2023-12-06T14:25:45.633867+00:00, run_after=2023-12-06T18:25:45.633867+00:00
[2023-12-06T18:25:45.656+0000] {processor.py:179} INFO - Processing /usr/local/lib/python3.10/dist-packages/airflow/example_dags/example_latest_only.py took 0.073 seconds
[2023-12-06T18:26:32.702+0000] {processor.py:157} INFO - Started process (PID=3958) to work on /usr/local/lib/python3.10/dist-packages/airflow/example_dags/example_latest_only.py
[2023-12-06T18:26:32.703+0000] {processor.py:829} INFO - Processing file /usr/local/lib/python3.10/dist-packages/airflow/example_dags/example_latest_only.py for tasks to queue
[2023-12-06T18:26:32.704+0000] {logging_mixin.py:154} INFO - [2023-12-06T18:26:32.704+0000] {dagbag.py:536} INFO - Filling up the DagBag from /usr/local/lib/python3.10/dist-packages/airflow/example_dags/example_latest_only.py
[2023-12-06T18:26:32.710+0000] {processor.py:839} INFO - DAG(s) dict_keys(['latest_only']) retrieved from /usr/local/lib/python3.10/dist-packages/airflow/example_dags/example_latest_only.py
[2023-12-06T18:26:32.728+0000] {logging_mixin.py:154} INFO - [2023-12-06T18:26:32.728+0000] {dag.py:2941} INFO - Sync 1 DAGs
[2023-12-06T18:26:32.749+0000] {logging_mixin.py:154} INFO - [2023-12-06T18:26:32.748+0000] {dag.py:3722} INFO - Setting next_dagrun for latest_only to 2023-12-06T14:26:32.748677+00:00, run_after=2023-12-06T18:26:32.748677+00:00
[2023-12-06T18:26:32.773+0000] {processor.py:179} INFO - Processing /usr/local/lib/python3.10/dist-packages/airflow/example_dags/example_latest_only.py took 0.075 seconds
[2023-12-06T18:27:17.841+0000] {processor.py:157} INFO - Started process (PID=4006) to work on /usr/local/lib/python3.10/dist-packages/airflow/example_dags/example_latest_only.py
[2023-12-06T18:27:17.842+0000] {processor.py:829} INFO - Processing file /usr/local/lib/python3.10/dist-packages/airflow/example_dags/example_latest_only.py for tasks to queue
[2023-12-06T18:27:17.843+0000] {logging_mixin.py:154} INFO - [2023-12-06T18:27:17.842+0000] {dagbag.py:536} INFO - Filling up the DagBag from /usr/local/lib/python3.10/dist-packages/airflow/example_dags/example_latest_only.py
[2023-12-06T18:27:17.849+0000] {processor.py:839} INFO - DAG(s) dict_keys(['latest_only']) retrieved from /usr/local/lib/python3.10/dist-packages/airflow/example_dags/example_latest_only.py
[2023-12-06T18:27:17.866+0000] {logging_mixin.py:154} INFO - [2023-12-06T18:27:17.866+0000] {dag.py:2941} INFO - Sync 1 DAGs
[2023-12-06T18:27:17.886+0000] {logging_mixin.py:154} INFO - [2023-12-06T18:27:17.886+0000] {dag.py:3722} INFO - Setting next_dagrun for latest_only to 2023-12-06T14:27:17.886101+00:00, run_after=2023-12-06T18:27:17.886101+00:00
[2023-12-06T18:27:17.908+0000] {processor.py:179} INFO - Processing /usr/local/lib/python3.10/dist-packages/airflow/example_dags/example_latest_only.py took 0.071 seconds
[2023-12-06T18:28:01.478+0000] {processor.py:157} INFO - Started process (PID=4052) to work on /usr/local/lib/python3.10/dist-packages/airflow/example_dags/example_latest_only.py
[2023-12-06T18:28:01.479+0000] {processor.py:829} INFO - Processing file /usr/local/lib/python3.10/dist-packages/airflow/example_dags/example_latest_only.py for tasks to queue
[2023-12-06T18:28:01.480+0000] {logging_mixin.py:154} INFO - [2023-12-06T18:28:01.479+0000] {dagbag.py:536} INFO - Filling up the DagBag from /usr/local/lib/python3.10/dist-packages/airflow/example_dags/example_latest_only.py
[2023-12-06T18:28:01.486+0000] {processor.py:839} INFO - DAG(s) dict_keys(['latest_only']) retrieved from /usr/local/lib/python3.10/dist-packages/airflow/example_dags/example_latest_only.py
[2023-12-06T18:28:01.504+0000] {logging_mixin.py:154} INFO - [2023-12-06T18:28:01.504+0000] {dag.py:2941} INFO - Sync 1 DAGs
[2023-12-06T18:28:01.526+0000] {logging_mixin.py:154} INFO - [2023-12-06T18:28:01.526+0000] {dag.py:3722} INFO - Setting next_dagrun for latest_only to 2023-12-06T14:28:01.526296+00:00, run_after=2023-12-06T18:28:01.526296+00:00
[2023-12-06T18:28:01.552+0000] {processor.py:179} INFO - Processing /usr/local/lib/python3.10/dist-packages/airflow/example_dags/example_latest_only.py took 0.078 seconds
[2023-12-06T18:28:47.396+0000] {processor.py:157} INFO - Started process (PID=4098) to work on /usr/local/lib/python3.10/dist-packages/airflow/example_dags/example_latest_only.py
[2023-12-06T18:28:47.398+0000] {processor.py:829} INFO - Processing file /usr/local/lib/python3.10/dist-packages/airflow/example_dags/example_latest_only.py for tasks to queue
[2023-12-06T18:28:47.399+0000] {logging_mixin.py:154} INFO - [2023-12-06T18:28:47.398+0000] {dagbag.py:536} INFO - Filling up the DagBag from /usr/local/lib/python3.10/dist-packages/airflow/example_dags/example_latest_only.py
[2023-12-06T18:28:47.405+0000] {processor.py:839} INFO - DAG(s) dict_keys(['latest_only']) retrieved from /usr/local/lib/python3.10/dist-packages/airflow/example_dags/example_latest_only.py
[2023-12-06T18:28:47.422+0000] {logging_mixin.py:154} INFO - [2023-12-06T18:28:47.422+0000] {dag.py:2941} INFO - Sync 1 DAGs
[2023-12-06T18:28:47.442+0000] {logging_mixin.py:154} INFO - [2023-12-06T18:28:47.442+0000] {dag.py:3722} INFO - Setting next_dagrun for latest_only to 2023-12-06T14:28:47.441766+00:00, run_after=2023-12-06T18:28:47.441766+00:00
[2023-12-06T18:28:47.464+0000] {processor.py:179} INFO - Processing /usr/local/lib/python3.10/dist-packages/airflow/example_dags/example_latest_only.py took 0.071 seconds
[2023-12-06T18:29:33.107+0000] {processor.py:157} INFO - Started process (PID=4147) to work on /usr/local/lib/python3.10/dist-packages/airflow/example_dags/example_latest_only.py
[2023-12-06T18:29:33.109+0000] {processor.py:829} INFO - Processing file /usr/local/lib/python3.10/dist-packages/airflow/example_dags/example_latest_only.py for tasks to queue
[2023-12-06T18:29:33.110+0000] {logging_mixin.py:154} INFO - [2023-12-06T18:29:33.109+0000] {dagbag.py:536} INFO - Filling up the DagBag from /usr/local/lib/python3.10/dist-packages/airflow/example_dags/example_latest_only.py
[2023-12-06T18:29:33.116+0000] {processor.py:839} INFO - DAG(s) dict_keys(['latest_only']) retrieved from /usr/local/lib/python3.10/dist-packages/airflow/example_dags/example_latest_only.py
[2023-12-06T18:29:33.133+0000] {logging_mixin.py:154} INFO - [2023-12-06T18:29:33.133+0000] {dag.py:2941} INFO - Sync 1 DAGs
[2023-12-06T18:29:33.154+0000] {logging_mixin.py:154} INFO - [2023-12-06T18:29:33.153+0000] {dag.py:3722} INFO - Setting next_dagrun for latest_only to 2023-12-06T14:29:33.153471+00:00, run_after=2023-12-06T18:29:33.153471+00:00
[2023-12-06T18:29:33.181+0000] {processor.py:179} INFO - Processing /usr/local/lib/python3.10/dist-packages/airflow/example_dags/example_latest_only.py took 0.077 seconds
[2023-12-06T18:30:18.258+0000] {processor.py:157} INFO - Started process (PID=4193) to work on /usr/local/lib/python3.10/dist-packages/airflow/example_dags/example_latest_only.py
[2023-12-06T18:30:18.260+0000] {processor.py:829} INFO - Processing file /usr/local/lib/python3.10/dist-packages/airflow/example_dags/example_latest_only.py for tasks to queue
[2023-12-06T18:30:18.261+0000] {logging_mixin.py:154} INFO - [2023-12-06T18:30:18.261+0000] {dagbag.py:536} INFO - Filling up the DagBag from /usr/local/lib/python3.10/dist-packages/airflow/example_dags/example_latest_only.py
[2023-12-06T18:30:18.267+0000] {processor.py:839} INFO - DAG(s) dict_keys(['latest_only']) retrieved from /usr/local/lib/python3.10/dist-packages/airflow/example_dags/example_latest_only.py
[2023-12-06T18:30:18.284+0000] {logging_mixin.py:154} INFO - [2023-12-06T18:30:18.284+0000] {dag.py:2941} INFO - Sync 1 DAGs
[2023-12-06T18:30:18.304+0000] {logging_mixin.py:154} INFO - [2023-12-06T18:30:18.304+0000] {dag.py:3722} INFO - Setting next_dagrun for latest_only to 2023-12-06T14:30:18.303752+00:00, run_after=2023-12-06T18:30:18.303752+00:00
[2023-12-06T18:30:18.340+0000] {processor.py:179} INFO - Processing /usr/local/lib/python3.10/dist-packages/airflow/example_dags/example_latest_only.py took 0.085 seconds
[2023-12-06T18:31:02.753+0000] {processor.py:157} INFO - Started process (PID=4241) to work on /usr/local/lib/python3.10/dist-packages/airflow/example_dags/example_latest_only.py
[2023-12-06T18:31:02.755+0000] {processor.py:829} INFO - Processing file /usr/local/lib/python3.10/dist-packages/airflow/example_dags/example_latest_only.py for tasks to queue
[2023-12-06T18:31:02.756+0000] {logging_mixin.py:154} INFO - [2023-12-06T18:31:02.755+0000] {dagbag.py:536} INFO - Filling up the DagBag from /usr/local/lib/python3.10/dist-packages/airflow/example_dags/example_latest_only.py
[2023-12-06T18:31:02.762+0000] {processor.py:839} INFO - DAG(s) dict_keys(['latest_only']) retrieved from /usr/local/lib/python3.10/dist-packages/airflow/example_dags/example_latest_only.py
[2023-12-06T18:31:02.779+0000] {logging_mixin.py:154} INFO - [2023-12-06T18:31:02.779+0000] {dag.py:2941} INFO - Sync 1 DAGs
[2023-12-06T18:31:02.801+0000] {logging_mixin.py:154} INFO - [2023-12-06T18:31:02.801+0000] {dag.py:3722} INFO - Setting next_dagrun for latest_only to 2023-12-06T14:31:02.801152+00:00, run_after=2023-12-06T18:31:02.801152+00:00
[2023-12-06T18:31:02.826+0000] {processor.py:179} INFO - Processing /usr/local/lib/python3.10/dist-packages/airflow/example_dags/example_latest_only.py took 0.077 seconds
[2023-12-06T18:31:45.757+0000] {processor.py:157} INFO - Started process (PID=4287) to work on /usr/local/lib/python3.10/dist-packages/airflow/example_dags/example_latest_only.py
[2023-12-06T18:31:45.759+0000] {processor.py:829} INFO - Processing file /usr/local/lib/python3.10/dist-packages/airflow/example_dags/example_latest_only.py for tasks to queue
[2023-12-06T18:31:45.760+0000] {logging_mixin.py:154} INFO - [2023-12-06T18:31:45.759+0000] {dagbag.py:536} INFO - Filling up the DagBag from /usr/local/lib/python3.10/dist-packages/airflow/example_dags/example_latest_only.py
[2023-12-06T18:31:45.766+0000] {processor.py:839} INFO - DAG(s) dict_keys(['latest_only']) retrieved from /usr/local/lib/python3.10/dist-packages/airflow/example_dags/example_latest_only.py
[2023-12-06T18:31:45.783+0000] {logging_mixin.py:154} INFO - [2023-12-06T18:31:45.783+0000] {dag.py:2941} INFO - Sync 1 DAGs
[2023-12-06T18:31:45.804+0000] {logging_mixin.py:154} INFO - [2023-12-06T18:31:45.804+0000] {dag.py:3722} INFO - Setting next_dagrun for latest_only to 2023-12-06T14:31:45.804029+00:00, run_after=2023-12-06T18:31:45.804029+00:00
[2023-12-06T18:31:45.826+0000] {processor.py:179} INFO - Processing /usr/local/lib/python3.10/dist-packages/airflow/example_dags/example_latest_only.py took 0.072 seconds
[2023-12-06T18:32:42.898+0000] {processor.py:157} INFO - Started process (PID=4345) to work on /usr/local/lib/python3.10/dist-packages/airflow/example_dags/example_latest_only.py
[2023-12-06T18:32:42.900+0000] {processor.py:829} INFO - Processing file /usr/local/lib/python3.10/dist-packages/airflow/example_dags/example_latest_only.py for tasks to queue
[2023-12-06T18:32:42.900+0000] {logging_mixin.py:154} INFO - [2023-12-06T18:32:42.900+0000] {dagbag.py:536} INFO - Filling up the DagBag from /usr/local/lib/python3.10/dist-packages/airflow/example_dags/example_latest_only.py
[2023-12-06T18:32:42.907+0000] {processor.py:839} INFO - DAG(s) dict_keys(['latest_only']) retrieved from /usr/local/lib/python3.10/dist-packages/airflow/example_dags/example_latest_only.py
[2023-12-06T18:32:42.924+0000] {logging_mixin.py:154} INFO - [2023-12-06T18:32:42.924+0000] {dag.py:2941} INFO - Sync 1 DAGs
[2023-12-06T18:32:42.945+0000] {logging_mixin.py:154} INFO - [2023-12-06T18:32:42.945+0000] {dag.py:3722} INFO - Setting next_dagrun for latest_only to 2023-12-06T14:32:42.944949+00:00, run_after=2023-12-06T18:32:42.944949+00:00
[2023-12-06T18:32:42.968+0000] {processor.py:179} INFO - Processing /usr/local/lib/python3.10/dist-packages/airflow/example_dags/example_latest_only.py took 0.073 seconds
[2023-12-06T18:33:30.110+0000] {processor.py:157} INFO - Started process (PID=4393) to work on /usr/local/lib/python3.10/dist-packages/airflow/example_dags/example_latest_only.py
[2023-12-06T18:33:30.111+0000] {processor.py:829} INFO - Processing file /usr/local/lib/python3.10/dist-packages/airflow/example_dags/example_latest_only.py for tasks to queue
[2023-12-06T18:33:30.112+0000] {logging_mixin.py:154} INFO - [2023-12-06T18:33:30.112+0000] {dagbag.py:536} INFO - Filling up the DagBag from /usr/local/lib/python3.10/dist-packages/airflow/example_dags/example_latest_only.py
[2023-12-06T18:33:30.119+0000] {processor.py:839} INFO - DAG(s) dict_keys(['latest_only']) retrieved from /usr/local/lib/python3.10/dist-packages/airflow/example_dags/example_latest_only.py
[2023-12-06T18:33:30.135+0000] {logging_mixin.py:154} INFO - [2023-12-06T18:33:30.135+0000] {dag.py:2941} INFO - Sync 1 DAGs
[2023-12-06T18:33:30.155+0000] {logging_mixin.py:154} INFO - [2023-12-06T18:33:30.155+0000] {dag.py:3722} INFO - Setting next_dagrun for latest_only to 2023-12-06T14:33:30.155137+00:00, run_after=2023-12-06T18:33:30.155137+00:00
[2023-12-06T18:33:30.179+0000] {processor.py:179} INFO - Processing /usr/local/lib/python3.10/dist-packages/airflow/example_dags/example_latest_only.py took 0.073 seconds
[2023-12-06T18:34:15.858+0000] {processor.py:157} INFO - Started process (PID=4440) to work on /usr/local/lib/python3.10/dist-packages/airflow/example_dags/example_latest_only.py
[2023-12-06T18:34:15.860+0000] {processor.py:829} INFO - Processing file /usr/local/lib/python3.10/dist-packages/airflow/example_dags/example_latest_only.py for tasks to queue
[2023-12-06T18:34:15.861+0000] {logging_mixin.py:154} INFO - [2023-12-06T18:34:15.860+0000] {dagbag.py:536} INFO - Filling up the DagBag from /usr/local/lib/python3.10/dist-packages/airflow/example_dags/example_latest_only.py
[2023-12-06T18:34:15.867+0000] {processor.py:839} INFO - DAG(s) dict_keys(['latest_only']) retrieved from /usr/local/lib/python3.10/dist-packages/airflow/example_dags/example_latest_only.py
[2023-12-06T18:34:15.884+0000] {logging_mixin.py:154} INFO - [2023-12-06T18:34:15.884+0000] {dag.py:2941} INFO - Sync 1 DAGs
[2023-12-06T18:34:15.904+0000] {logging_mixin.py:154} INFO - [2023-12-06T18:34:15.904+0000] {dag.py:3722} INFO - Setting next_dagrun for latest_only to 2023-12-06T14:34:15.903861+00:00, run_after=2023-12-06T18:34:15.903861+00:00
[2023-12-06T18:34:15.925+0000] {processor.py:179} INFO - Processing /usr/local/lib/python3.10/dist-packages/airflow/example_dags/example_latest_only.py took 0.071 seconds
[2023-12-06T18:35:03.310+0000] {processor.py:157} INFO - Started process (PID=4488) to work on /usr/local/lib/python3.10/dist-packages/airflow/example_dags/example_latest_only.py
[2023-12-06T18:35:03.311+0000] {processor.py:829} INFO - Processing file /usr/local/lib/python3.10/dist-packages/airflow/example_dags/example_latest_only.py for tasks to queue
[2023-12-06T18:35:03.312+0000] {logging_mixin.py:154} INFO - [2023-12-06T18:35:03.312+0000] {dagbag.py:536} INFO - Filling up the DagBag from /usr/local/lib/python3.10/dist-packages/airflow/example_dags/example_latest_only.py
[2023-12-06T18:35:03.320+0000] {processor.py:839} INFO - DAG(s) dict_keys(['latest_only']) retrieved from /usr/local/lib/python3.10/dist-packages/airflow/example_dags/example_latest_only.py
[2023-12-06T18:35:03.339+0000] {logging_mixin.py:154} INFO - [2023-12-06T18:35:03.338+0000] {dag.py:2941} INFO - Sync 1 DAGs
[2023-12-06T18:35:03.361+0000] {logging_mixin.py:154} INFO - [2023-12-06T18:35:03.360+0000] {dag.py:3722} INFO - Setting next_dagrun for latest_only to 2023-12-06T14:35:03.360624+00:00, run_after=2023-12-06T18:35:03.360624+00:00
[2023-12-06T18:35:03.390+0000] {processor.py:179} INFO - Processing /usr/local/lib/python3.10/dist-packages/airflow/example_dags/example_latest_only.py took 0.084 seconds
[2023-12-06T18:35:49.836+0000] {processor.py:157} INFO - Started process (PID=4538) to work on /usr/local/lib/python3.10/dist-packages/airflow/example_dags/example_latest_only.py
[2023-12-06T18:35:49.838+0000] {processor.py:829} INFO - Processing file /usr/local/lib/python3.10/dist-packages/airflow/example_dags/example_latest_only.py for tasks to queue
[2023-12-06T18:35:49.838+0000] {logging_mixin.py:154} INFO - [2023-12-06T18:35:49.838+0000] {dagbag.py:536} INFO - Filling up the DagBag from /usr/local/lib/python3.10/dist-packages/airflow/example_dags/example_latest_only.py
[2023-12-06T18:35:49.845+0000] {processor.py:839} INFO - DAG(s) dict_keys(['latest_only']) retrieved from /usr/local/lib/python3.10/dist-packages/airflow/example_dags/example_latest_only.py
[2023-12-06T18:35:49.862+0000] {logging_mixin.py:154} INFO - [2023-12-06T18:35:49.862+0000] {dag.py:2941} INFO - Sync 1 DAGs
[2023-12-06T18:35:49.882+0000] {logging_mixin.py:154} INFO - [2023-12-06T18:35:49.882+0000] {dag.py:3722} INFO - Setting next_dagrun for latest_only to 2023-12-06T14:35:49.882292+00:00, run_after=2023-12-06T18:35:49.882292+00:00
[2023-12-06T18:35:49.905+0000] {processor.py:179} INFO - Processing /usr/local/lib/python3.10/dist-packages/airflow/example_dags/example_latest_only.py took 0.073 seconds
[2023-12-06T18:36:36.558+0000] {processor.py:157} INFO - Started process (PID=4584) to work on /usr/local/lib/python3.10/dist-packages/airflow/example_dags/example_latest_only.py
[2023-12-06T18:36:36.560+0000] {processor.py:829} INFO - Processing file /usr/local/lib/python3.10/dist-packages/airflow/example_dags/example_latest_only.py for tasks to queue
[2023-12-06T18:36:36.561+0000] {logging_mixin.py:154} INFO - [2023-12-06T18:36:36.560+0000] {dagbag.py:536} INFO - Filling up the DagBag from /usr/local/lib/python3.10/dist-packages/airflow/example_dags/example_latest_only.py
[2023-12-06T18:36:36.567+0000] {processor.py:839} INFO - DAG(s) dict_keys(['latest_only']) retrieved from /usr/local/lib/python3.10/dist-packages/airflow/example_dags/example_latest_only.py
[2023-12-06T18:36:36.584+0000] {logging_mixin.py:154} INFO - [2023-12-06T18:36:36.584+0000] {dag.py:2941} INFO - Sync 1 DAGs
[2023-12-06T18:36:36.604+0000] {logging_mixin.py:154} INFO - [2023-12-06T18:36:36.604+0000] {dag.py:3722} INFO - Setting next_dagrun for latest_only to 2023-12-06T14:36:36.604406+00:00, run_after=2023-12-06T18:36:36.604406+00:00
[2023-12-06T18:36:36.627+0000] {processor.py:179} INFO - Processing /usr/local/lib/python3.10/dist-packages/airflow/example_dags/example_latest_only.py took 0.072 seconds
[2023-12-06T18:37:21.143+0000] {processor.py:157} INFO - Started process (PID=4631) to work on /usr/local/lib/python3.10/dist-packages/airflow/example_dags/example_latest_only.py
[2023-12-06T18:37:21.145+0000] {processor.py:829} INFO - Processing file /usr/local/lib/python3.10/dist-packages/airflow/example_dags/example_latest_only.py for tasks to queue
[2023-12-06T18:37:21.146+0000] {logging_mixin.py:154} INFO - [2023-12-06T18:37:21.145+0000] {dagbag.py:536} INFO - Filling up the DagBag from /usr/local/lib/python3.10/dist-packages/airflow/example_dags/example_latest_only.py
[2023-12-06T18:37:21.153+0000] {processor.py:839} INFO - DAG(s) dict_keys(['latest_only']) retrieved from /usr/local/lib/python3.10/dist-packages/airflow/example_dags/example_latest_only.py
[2023-12-06T18:37:21.169+0000] {logging_mixin.py:154} INFO - [2023-12-06T18:37:21.169+0000] {dag.py:2941} INFO - Sync 1 DAGs
[2023-12-06T18:37:21.189+0000] {logging_mixin.py:154} INFO - [2023-12-06T18:37:21.189+0000] {dag.py:3722} INFO - Setting next_dagrun for latest_only to 2023-12-06T14:37:21.189478+00:00, run_after=2023-12-06T18:37:21.189478+00:00
[2023-12-06T18:37:21.213+0000] {processor.py:179} INFO - Processing /usr/local/lib/python3.10/dist-packages/airflow/example_dags/example_latest_only.py took 0.073 seconds
[2023-12-06T18:38:07.811+0000] {processor.py:157} INFO - Started process (PID=4679) to work on /usr/local/lib/python3.10/dist-packages/airflow/example_dags/example_latest_only.py
[2023-12-06T18:38:07.813+0000] {processor.py:829} INFO - Processing file /usr/local/lib/python3.10/dist-packages/airflow/example_dags/example_latest_only.py for tasks to queue
[2023-12-06T18:38:07.814+0000] {logging_mixin.py:154} INFO - [2023-12-06T18:38:07.814+0000] {dagbag.py:536} INFO - Filling up the DagBag from /usr/local/lib/python3.10/dist-packages/airflow/example_dags/example_latest_only.py
[2023-12-06T18:38:07.821+0000] {processor.py:839} INFO - DAG(s) dict_keys(['latest_only']) retrieved from /usr/local/lib/python3.10/dist-packages/airflow/example_dags/example_latest_only.py
[2023-12-06T18:38:07.839+0000] {logging_mixin.py:154} INFO - [2023-12-06T18:38:07.839+0000] {dag.py:2941} INFO - Sync 1 DAGs
[2023-12-06T18:38:07.861+0000] {logging_mixin.py:154} INFO - [2023-12-06T18:38:07.861+0000] {dag.py:3722} INFO - Setting next_dagrun for latest_only to 2023-12-06T14:38:07.860930+00:00, run_after=2023-12-06T18:38:07.860930+00:00
[2023-12-06T18:38:07.888+0000] {processor.py:179} INFO - Processing /usr/local/lib/python3.10/dist-packages/airflow/example_dags/example_latest_only.py took 0.081 seconds
[2023-12-06T18:38:55.661+0000] {processor.py:157} INFO - Started process (PID=4727) to work on /usr/local/lib/python3.10/dist-packages/airflow/example_dags/example_latest_only.py
[2023-12-06T18:38:55.663+0000] {processor.py:829} INFO - Processing file /usr/local/lib/python3.10/dist-packages/airflow/example_dags/example_latest_only.py for tasks to queue
[2023-12-06T18:38:55.664+0000] {logging_mixin.py:154} INFO - [2023-12-06T18:38:55.663+0000] {dagbag.py:536} INFO - Filling up the DagBag from /usr/local/lib/python3.10/dist-packages/airflow/example_dags/example_latest_only.py
[2023-12-06T18:38:55.671+0000] {processor.py:839} INFO - DAG(s) dict_keys(['latest_only']) retrieved from /usr/local/lib/python3.10/dist-packages/airflow/example_dags/example_latest_only.py
[2023-12-06T18:38:55.687+0000] {logging_mixin.py:154} INFO - [2023-12-06T18:38:55.687+0000] {dag.py:2941} INFO - Sync 1 DAGs
[2023-12-06T18:38:55.707+0000] {logging_mixin.py:154} INFO - [2023-12-06T18:38:55.707+0000] {dag.py:3722} INFO - Setting next_dagrun for latest_only to 2023-12-06T14:38:55.707473+00:00, run_after=2023-12-06T18:38:55.707473+00:00
[2023-12-06T18:38:55.730+0000] {processor.py:179} INFO - Processing /usr/local/lib/python3.10/dist-packages/airflow/example_dags/example_latest_only.py took 0.072 seconds
[2023-12-06T18:39:43.470+0000] {processor.py:157} INFO - Started process (PID=4775) to work on /usr/local/lib/python3.10/dist-packages/airflow/example_dags/example_latest_only.py
[2023-12-06T18:39:43.472+0000] {processor.py:829} INFO - Processing file /usr/local/lib/python3.10/dist-packages/airflow/example_dags/example_latest_only.py for tasks to queue
[2023-12-06T18:39:43.472+0000] {logging_mixin.py:154} INFO - [2023-12-06T18:39:43.472+0000] {dagbag.py:536} INFO - Filling up the DagBag from /usr/local/lib/python3.10/dist-packages/airflow/example_dags/example_latest_only.py
[2023-12-06T18:39:43.479+0000] {processor.py:839} INFO - DAG(s) dict_keys(['latest_only']) retrieved from /usr/local/lib/python3.10/dist-packages/airflow/example_dags/example_latest_only.py
[2023-12-06T18:39:43.496+0000] {logging_mixin.py:154} INFO - [2023-12-06T18:39:43.496+0000] {dag.py:2941} INFO - Sync 1 DAGs
[2023-12-06T18:39:43.517+0000] {logging_mixin.py:154} INFO - [2023-12-06T18:39:43.517+0000] {dag.py:3722} INFO - Setting next_dagrun for latest_only to 2023-12-06T14:39:43.517233+00:00, run_after=2023-12-06T18:39:43.517233+00:00
[2023-12-06T18:39:43.539+0000] {processor.py:179} INFO - Processing /usr/local/lib/python3.10/dist-packages/airflow/example_dags/example_latest_only.py took 0.073 seconds
[2023-12-06T18:40:33.958+0000] {processor.py:157} INFO - Started process (PID=4825) to work on /usr/local/lib/python3.10/dist-packages/airflow/example_dags/example_latest_only.py
[2023-12-06T18:40:33.960+0000] {processor.py:829} INFO - Processing file /usr/local/lib/python3.10/dist-packages/airflow/example_dags/example_latest_only.py for tasks to queue
[2023-12-06T18:40:33.960+0000] {logging_mixin.py:154} INFO - [2023-12-06T18:40:33.960+0000] {dagbag.py:536} INFO - Filling up the DagBag from /usr/local/lib/python3.10/dist-packages/airflow/example_dags/example_latest_only.py
[2023-12-06T18:40:33.967+0000] {processor.py:839} INFO - DAG(s) dict_keys(['latest_only']) retrieved from /usr/local/lib/python3.10/dist-packages/airflow/example_dags/example_latest_only.py
[2023-12-06T18:40:33.984+0000] {logging_mixin.py:154} INFO - [2023-12-06T18:40:33.984+0000] {dag.py:2941} INFO - Sync 1 DAGs
[2023-12-06T18:40:34.005+0000] {logging_mixin.py:154} INFO - [2023-12-06T18:40:34.005+0000] {dag.py:3722} INFO - Setting next_dagrun for latest_only to 2023-12-06T14:40:34.005003+00:00, run_after=2023-12-06T18:40:34.005003+00:00
[2023-12-06T18:40:34.039+0000] {processor.py:179} INFO - Processing /usr/local/lib/python3.10/dist-packages/airflow/example_dags/example_latest_only.py took 0.084 seconds
[2023-12-06T18:41:24.641+0000] {processor.py:157} INFO - Started process (PID=4876) to work on /usr/local/lib/python3.10/dist-packages/airflow/example_dags/example_latest_only.py
[2023-12-06T18:41:24.643+0000] {processor.py:829} INFO - Processing file /usr/local/lib/python3.10/dist-packages/airflow/example_dags/example_latest_only.py for tasks to queue
[2023-12-06T18:41:24.644+0000] {logging_mixin.py:154} INFO - [2023-12-06T18:41:24.643+0000] {dagbag.py:536} INFO - Filling up the DagBag from /usr/local/lib/python3.10/dist-packages/airflow/example_dags/example_latest_only.py
[2023-12-06T18:41:24.650+0000] {processor.py:839} INFO - DAG(s) dict_keys(['latest_only']) retrieved from /usr/local/lib/python3.10/dist-packages/airflow/example_dags/example_latest_only.py
[2023-12-06T18:41:24.667+0000] {logging_mixin.py:154} INFO - [2023-12-06T18:41:24.667+0000] {dag.py:2941} INFO - Sync 1 DAGs
[2023-12-06T18:41:24.687+0000] {logging_mixin.py:154} INFO - [2023-12-06T18:41:24.687+0000] {dag.py:3722} INFO - Setting next_dagrun for latest_only to 2023-12-06T14:41:24.686817+00:00, run_after=2023-12-06T18:41:24.686817+00:00
[2023-12-06T18:41:24.708+0000] {processor.py:179} INFO - Processing /usr/local/lib/python3.10/dist-packages/airflow/example_dags/example_latest_only.py took 0.070 seconds
[2023-12-06T18:42:10.173+0000] {processor.py:157} INFO - Started process (PID=4923) to work on /usr/local/lib/python3.10/dist-packages/airflow/example_dags/example_latest_only.py
[2023-12-06T18:42:10.175+0000] {processor.py:829} INFO - Processing file /usr/local/lib/python3.10/dist-packages/airflow/example_dags/example_latest_only.py for tasks to queue
[2023-12-06T18:42:10.176+0000] {logging_mixin.py:154} INFO - [2023-12-06T18:42:10.176+0000] {dagbag.py:536} INFO - Filling up the DagBag from /usr/local/lib/python3.10/dist-packages/airflow/example_dags/example_latest_only.py
[2023-12-06T18:42:10.183+0000] {processor.py:839} INFO - DAG(s) dict_keys(['latest_only']) retrieved from /usr/local/lib/python3.10/dist-packages/airflow/example_dags/example_latest_only.py
[2023-12-06T18:42:10.200+0000] {logging_mixin.py:154} INFO - [2023-12-06T18:42:10.200+0000] {dag.py:2941} INFO - Sync 1 DAGs
[2023-12-06T18:42:10.222+0000] {logging_mixin.py:154} INFO - [2023-12-06T18:42:10.221+0000] {dag.py:3722} INFO - Setting next_dagrun for latest_only to 2023-12-06T14:42:10.221539+00:00, run_after=2023-12-06T18:42:10.221539+00:00
[2023-12-06T18:42:10.258+0000] {processor.py:179} INFO - Processing /usr/local/lib/python3.10/dist-packages/airflow/example_dags/example_latest_only.py took 0.089 seconds
[2023-12-06T18:42:59.050+0000] {processor.py:157} INFO - Started process (PID=4971) to work on /usr/local/lib/python3.10/dist-packages/airflow/example_dags/example_latest_only.py
[2023-12-06T18:42:59.051+0000] {processor.py:829} INFO - Processing file /usr/local/lib/python3.10/dist-packages/airflow/example_dags/example_latest_only.py for tasks to queue
[2023-12-06T18:42:59.052+0000] {logging_mixin.py:154} INFO - [2023-12-06T18:42:59.052+0000] {dagbag.py:536} INFO - Filling up the DagBag from /usr/local/lib/python3.10/dist-packages/airflow/example_dags/example_latest_only.py
[2023-12-06T18:42:59.059+0000] {processor.py:839} INFO - DAG(s) dict_keys(['latest_only']) retrieved from /usr/local/lib/python3.10/dist-packages/airflow/example_dags/example_latest_only.py
[2023-12-06T18:42:59.076+0000] {logging_mixin.py:154} INFO - [2023-12-06T18:42:59.076+0000] {dag.py:2941} INFO - Sync 1 DAGs
[2023-12-06T18:42:59.097+0000] {logging_mixin.py:154} INFO - [2023-12-06T18:42:59.097+0000] {dag.py:3722} INFO - Setting next_dagrun for latest_only to 2023-12-06T14:42:59.097039+00:00, run_after=2023-12-06T18:42:59.097039+00:00
[2023-12-06T18:42:59.119+0000] {processor.py:179} INFO - Processing /usr/local/lib/python3.10/dist-packages/airflow/example_dags/example_latest_only.py took 0.073 seconds
[2023-12-06T18:43:51.968+0000] {processor.py:157} INFO - Started process (PID=5024) to work on /usr/local/lib/python3.10/dist-packages/airflow/example_dags/example_latest_only.py
[2023-12-06T18:43:51.970+0000] {processor.py:829} INFO - Processing file /usr/local/lib/python3.10/dist-packages/airflow/example_dags/example_latest_only.py for tasks to queue
[2023-12-06T18:43:51.971+0000] {logging_mixin.py:154} INFO - [2023-12-06T18:43:51.970+0000] {dagbag.py:536} INFO - Filling up the DagBag from /usr/local/lib/python3.10/dist-packages/airflow/example_dags/example_latest_only.py
[2023-12-06T18:43:51.977+0000] {processor.py:839} INFO - DAG(s) dict_keys(['latest_only']) retrieved from /usr/local/lib/python3.10/dist-packages/airflow/example_dags/example_latest_only.py
[2023-12-06T18:43:51.994+0000] {logging_mixin.py:154} INFO - [2023-12-06T18:43:51.994+0000] {dag.py:2941} INFO - Sync 1 DAGs
[2023-12-06T18:43:52.016+0000] {logging_mixin.py:154} INFO - [2023-12-06T18:43:52.016+0000] {dag.py:3722} INFO - Setting next_dagrun for latest_only to 2023-12-06T14:43:52.015984+00:00, run_after=2023-12-06T18:43:52.015984+00:00
[2023-12-06T18:43:52.039+0000] {processor.py:179} INFO - Processing /usr/local/lib/python3.10/dist-packages/airflow/example_dags/example_latest_only.py took 0.074 seconds
[2023-12-06T18:44:41.311+0000] {processor.py:157} INFO - Started process (PID=5073) to work on /usr/local/lib/python3.10/dist-packages/airflow/example_dags/example_latest_only.py
[2023-12-06T18:44:41.313+0000] {processor.py:829} INFO - Processing file /usr/local/lib/python3.10/dist-packages/airflow/example_dags/example_latest_only.py for tasks to queue
[2023-12-06T18:44:41.314+0000] {logging_mixin.py:154} INFO - [2023-12-06T18:44:41.313+0000] {dagbag.py:536} INFO - Filling up the DagBag from /usr/local/lib/python3.10/dist-packages/airflow/example_dags/example_latest_only.py
[2023-12-06T18:44:41.320+0000] {processor.py:839} INFO - DAG(s) dict_keys(['latest_only']) retrieved from /usr/local/lib/python3.10/dist-packages/airflow/example_dags/example_latest_only.py
[2023-12-06T18:44:41.337+0000] {logging_mixin.py:154} INFO - [2023-12-06T18:44:41.336+0000] {dag.py:2941} INFO - Sync 1 DAGs
[2023-12-06T18:44:41.357+0000] {logging_mixin.py:154} INFO - [2023-12-06T18:44:41.357+0000] {dag.py:3722} INFO - Setting next_dagrun for latest_only to 2023-12-06T14:44:41.357176+00:00, run_after=2023-12-06T18:44:41.357176+00:00
[2023-12-06T18:44:41.380+0000] {processor.py:179} INFO - Processing /usr/local/lib/python3.10/dist-packages/airflow/example_dags/example_latest_only.py took 0.072 seconds
[2023-12-06T18:45:25.897+0000] {processor.py:157} INFO - Started process (PID=5119) to work on /usr/local/lib/python3.10/dist-packages/airflow/example_dags/example_latest_only.py
[2023-12-06T18:45:25.899+0000] {processor.py:829} INFO - Processing file /usr/local/lib/python3.10/dist-packages/airflow/example_dags/example_latest_only.py for tasks to queue
[2023-12-06T18:45:25.900+0000] {logging_mixin.py:154} INFO - [2023-12-06T18:45:25.899+0000] {dagbag.py:536} INFO - Filling up the DagBag from /usr/local/lib/python3.10/dist-packages/airflow/example_dags/example_latest_only.py
[2023-12-06T18:45:25.906+0000] {processor.py:839} INFO - DAG(s) dict_keys(['latest_only']) retrieved from /usr/local/lib/python3.10/dist-packages/airflow/example_dags/example_latest_only.py
[2023-12-06T18:45:25.923+0000] {logging_mixin.py:154} INFO - [2023-12-06T18:45:25.923+0000] {dag.py:2941} INFO - Sync 1 DAGs
[2023-12-06T18:45:25.944+0000] {logging_mixin.py:154} INFO - [2023-12-06T18:45:25.944+0000] {dag.py:3722} INFO - Setting next_dagrun for latest_only to 2023-12-06T14:45:25.944105+00:00, run_after=2023-12-06T18:45:25.944105+00:00
[2023-12-06T18:45:25.968+0000] {processor.py:179} INFO - Processing /usr/local/lib/python3.10/dist-packages/airflow/example_dags/example_latest_only.py took 0.080 seconds
[2023-12-06T18:46:11.409+0000] {processor.py:157} INFO - Started process (PID=5168) to work on /usr/local/lib/python3.10/dist-packages/airflow/example_dags/example_latest_only.py
[2023-12-06T18:46:11.411+0000] {processor.py:829} INFO - Processing file /usr/local/lib/python3.10/dist-packages/airflow/example_dags/example_latest_only.py for tasks to queue
[2023-12-06T18:46:11.412+0000] {logging_mixin.py:154} INFO - [2023-12-06T18:46:11.411+0000] {dagbag.py:536} INFO - Filling up the DagBag from /usr/local/lib/python3.10/dist-packages/airflow/example_dags/example_latest_only.py
[2023-12-06T18:46:11.419+0000] {processor.py:839} INFO - DAG(s) dict_keys(['latest_only']) retrieved from /usr/local/lib/python3.10/dist-packages/airflow/example_dags/example_latest_only.py
[2023-12-06T18:46:11.435+0000] {logging_mixin.py:154} INFO - [2023-12-06T18:46:11.435+0000] {dag.py:2941} INFO - Sync 1 DAGs
[2023-12-06T18:46:11.455+0000] {logging_mixin.py:154} INFO - [2023-12-06T18:46:11.455+0000] {dag.py:3722} INFO - Setting next_dagrun for latest_only to 2023-12-06T14:46:11.455242+00:00, run_after=2023-12-06T18:46:11.455242+00:00
[2023-12-06T18:46:11.479+0000] {processor.py:179} INFO - Processing /usr/local/lib/python3.10/dist-packages/airflow/example_dags/example_latest_only.py took 0.073 seconds
[2023-12-06T18:46:55.098+0000] {processor.py:157} INFO - Started process (PID=5216) to work on /usr/local/lib/python3.10/dist-packages/airflow/example_dags/example_latest_only.py
[2023-12-06T18:46:55.099+0000] {processor.py:829} INFO - Processing file /usr/local/lib/python3.10/dist-packages/airflow/example_dags/example_latest_only.py for tasks to queue
[2023-12-06T18:46:55.100+0000] {logging_mixin.py:154} INFO - [2023-12-06T18:46:55.100+0000] {dagbag.py:536} INFO - Filling up the DagBag from /usr/local/lib/python3.10/dist-packages/airflow/example_dags/example_latest_only.py
[2023-12-06T18:46:55.107+0000] {processor.py:839} INFO - DAG(s) dict_keys(['latest_only']) retrieved from /usr/local/lib/python3.10/dist-packages/airflow/example_dags/example_latest_only.py
[2023-12-06T18:46:55.124+0000] {logging_mixin.py:154} INFO - [2023-12-06T18:46:55.123+0000] {dag.py:2941} INFO - Sync 1 DAGs
[2023-12-06T18:46:55.145+0000] {logging_mixin.py:154} INFO - [2023-12-06T18:46:55.145+0000] {dag.py:3722} INFO - Setting next_dagrun for latest_only to 2023-12-06T14:46:55.144852+00:00, run_after=2023-12-06T18:46:55.144852+00:00
[2023-12-06T18:46:55.169+0000] {processor.py:179} INFO - Processing /usr/local/lib/python3.10/dist-packages/airflow/example_dags/example_latest_only.py took 0.074 seconds
[2023-12-06T18:47:46.524+0000] {processor.py:157} INFO - Started process (PID=5268) to work on /usr/local/lib/python3.10/dist-packages/airflow/example_dags/example_latest_only.py
[2023-12-06T18:47:46.525+0000] {processor.py:829} INFO - Processing file /usr/local/lib/python3.10/dist-packages/airflow/example_dags/example_latest_only.py for tasks to queue
[2023-12-06T18:47:46.526+0000] {logging_mixin.py:154} INFO - [2023-12-06T18:47:46.526+0000] {dagbag.py:536} INFO - Filling up the DagBag from /usr/local/lib/python3.10/dist-packages/airflow/example_dags/example_latest_only.py
[2023-12-06T18:47:46.533+0000] {processor.py:839} INFO - DAG(s) dict_keys(['latest_only']) retrieved from /usr/local/lib/python3.10/dist-packages/airflow/example_dags/example_latest_only.py
[2023-12-06T18:47:46.549+0000] {logging_mixin.py:154} INFO - [2023-12-06T18:47:46.549+0000] {dag.py:2941} INFO - Sync 1 DAGs
[2023-12-06T18:47:46.569+0000] {logging_mixin.py:154} INFO - [2023-12-06T18:47:46.569+0000] {dag.py:3722} INFO - Setting next_dagrun for latest_only to 2023-12-06T14:47:46.569469+00:00, run_after=2023-12-06T18:47:46.569469+00:00
[2023-12-06T18:47:46.647+0000] {processor.py:179} INFO - Processing /usr/local/lib/python3.10/dist-packages/airflow/example_dags/example_latest_only.py took 0.127 seconds
[2023-12-06T18:48:35.689+0000] {processor.py:157} INFO - Started process (PID=5317) to work on /usr/local/lib/python3.10/dist-packages/airflow/example_dags/example_latest_only.py
[2023-12-06T18:48:35.691+0000] {processor.py:829} INFO - Processing file /usr/local/lib/python3.10/dist-packages/airflow/example_dags/example_latest_only.py for tasks to queue
[2023-12-06T18:48:35.692+0000] {logging_mixin.py:154} INFO - [2023-12-06T18:48:35.691+0000] {dagbag.py:536} INFO - Filling up the DagBag from /usr/local/lib/python3.10/dist-packages/airflow/example_dags/example_latest_only.py
[2023-12-06T18:48:35.698+0000] {processor.py:839} INFO - DAG(s) dict_keys(['latest_only']) retrieved from /usr/local/lib/python3.10/dist-packages/airflow/example_dags/example_latest_only.py
[2023-12-06T18:48:35.715+0000] {logging_mixin.py:154} INFO - [2023-12-06T18:48:35.715+0000] {dag.py:2941} INFO - Sync 1 DAGs
[2023-12-06T18:48:35.736+0000] {logging_mixin.py:154} INFO - [2023-12-06T18:48:35.736+0000] {dag.py:3722} INFO - Setting next_dagrun for latest_only to 2023-12-06T14:48:35.735787+00:00, run_after=2023-12-06T18:48:35.735787+00:00
[2023-12-06T18:48:35.758+0000] {processor.py:179} INFO - Processing /usr/local/lib/python3.10/dist-packages/airflow/example_dags/example_latest_only.py took 0.072 seconds
[2023-12-06T18:49:23.379+0000] {processor.py:157} INFO - Started process (PID=5365) to work on /usr/local/lib/python3.10/dist-packages/airflow/example_dags/example_latest_only.py
[2023-12-06T18:49:23.381+0000] {processor.py:829} INFO - Processing file /usr/local/lib/python3.10/dist-packages/airflow/example_dags/example_latest_only.py for tasks to queue
[2023-12-06T18:49:23.381+0000] {logging_mixin.py:154} INFO - [2023-12-06T18:49:23.381+0000] {dagbag.py:536} INFO - Filling up the DagBag from /usr/local/lib/python3.10/dist-packages/airflow/example_dags/example_latest_only.py
[2023-12-06T18:49:23.388+0000] {processor.py:839} INFO - DAG(s) dict_keys(['latest_only']) retrieved from /usr/local/lib/python3.10/dist-packages/airflow/example_dags/example_latest_only.py
[2023-12-06T18:49:23.405+0000] {logging_mixin.py:154} INFO - [2023-12-06T18:49:23.405+0000] {dag.py:2941} INFO - Sync 1 DAGs
[2023-12-06T18:49:23.427+0000] {logging_mixin.py:154} INFO - [2023-12-06T18:49:23.427+0000] {dag.py:3722} INFO - Setting next_dagrun for latest_only to 2023-12-06T14:49:23.427088+00:00, run_after=2023-12-06T18:49:23.427088+00:00
[2023-12-06T18:49:23.450+0000] {processor.py:179} INFO - Processing /usr/local/lib/python3.10/dist-packages/airflow/example_dags/example_latest_only.py took 0.074 seconds
[2023-12-06T18:50:05.141+0000] {processor.py:157} INFO - Started process (PID=5411) to work on /usr/local/lib/python3.10/dist-packages/airflow/example_dags/example_latest_only.py
[2023-12-06T18:50:05.143+0000] {processor.py:829} INFO - Processing file /usr/local/lib/python3.10/dist-packages/airflow/example_dags/example_latest_only.py for tasks to queue
[2023-12-06T18:50:05.144+0000] {logging_mixin.py:154} INFO - [2023-12-06T18:50:05.144+0000] {dagbag.py:536} INFO - Filling up the DagBag from /usr/local/lib/python3.10/dist-packages/airflow/example_dags/example_latest_only.py
[2023-12-06T18:50:05.151+0000] {processor.py:839} INFO - DAG(s) dict_keys(['latest_only']) retrieved from /usr/local/lib/python3.10/dist-packages/airflow/example_dags/example_latest_only.py
[2023-12-06T18:50:05.169+0000] {logging_mixin.py:154} INFO - [2023-12-06T18:50:05.168+0000] {dag.py:2941} INFO - Sync 1 DAGs
[2023-12-06T18:50:05.190+0000] {logging_mixin.py:154} INFO - [2023-12-06T18:50:05.190+0000] {dag.py:3722} INFO - Setting next_dagrun for latest_only to 2023-12-06T14:50:05.189933+00:00, run_after=2023-12-06T18:50:05.189933+00:00
[2023-12-06T18:50:05.215+0000] {processor.py:179} INFO - Processing /usr/local/lib/python3.10/dist-packages/airflow/example_dags/example_latest_only.py took 0.077 seconds
[2023-12-06T18:51:00.611+0000] {processor.py:157} INFO - Started process (PID=5472) to work on /usr/local/lib/python3.10/dist-packages/airflow/example_dags/example_latest_only.py
[2023-12-06T18:51:00.613+0000] {processor.py:829} INFO - Processing file /usr/local/lib/python3.10/dist-packages/airflow/example_dags/example_latest_only.py for tasks to queue
[2023-12-06T18:51:00.614+0000] {logging_mixin.py:154} INFO - [2023-12-06T18:51:00.614+0000] {dagbag.py:536} INFO - Filling up the DagBag from /usr/local/lib/python3.10/dist-packages/airflow/example_dags/example_latest_only.py
[2023-12-06T18:51:00.620+0000] {processor.py:839} INFO - DAG(s) dict_keys(['latest_only']) retrieved from /usr/local/lib/python3.10/dist-packages/airflow/example_dags/example_latest_only.py
[2023-12-06T18:51:00.637+0000] {logging_mixin.py:154} INFO - [2023-12-06T18:51:00.637+0000] {dag.py:2941} INFO - Sync 1 DAGs
[2023-12-06T18:51:00.658+0000] {logging_mixin.py:154} INFO - [2023-12-06T18:51:00.657+0000] {dag.py:3722} INFO - Setting next_dagrun for latest_only to 2023-12-06T14:51:00.657697+00:00, run_after=2023-12-06T18:51:00.657697+00:00
[2023-12-06T18:51:00.679+0000] {processor.py:179} INFO - Processing /usr/local/lib/python3.10/dist-packages/airflow/example_dags/example_latest_only.py took 0.071 seconds
[2023-12-06T18:51:43.835+0000] {processor.py:157} INFO - Started process (PID=5517) to work on /usr/local/lib/python3.10/dist-packages/airflow/example_dags/example_latest_only.py
[2023-12-06T18:51:43.837+0000] {processor.py:829} INFO - Processing file /usr/local/lib/python3.10/dist-packages/airflow/example_dags/example_latest_only.py for tasks to queue
[2023-12-06T18:51:43.837+0000] {logging_mixin.py:154} INFO - [2023-12-06T18:51:43.837+0000] {dagbag.py:536} INFO - Filling up the DagBag from /usr/local/lib/python3.10/dist-packages/airflow/example_dags/example_latest_only.py
[2023-12-06T18:51:43.843+0000] {processor.py:839} INFO - DAG(s) dict_keys(['latest_only']) retrieved from /usr/local/lib/python3.10/dist-packages/airflow/example_dags/example_latest_only.py
[2023-12-06T18:51:43.861+0000] {logging_mixin.py:154} INFO - [2023-12-06T18:51:43.860+0000] {dag.py:2941} INFO - Sync 1 DAGs
[2023-12-06T18:51:43.881+0000] {logging_mixin.py:154} INFO - [2023-12-06T18:51:43.881+0000] {dag.py:3722} INFO - Setting next_dagrun for latest_only to 2023-12-06T14:51:43.880977+00:00, run_after=2023-12-06T18:51:43.880977+00:00
[2023-12-06T18:51:43.903+0000] {processor.py:179} INFO - Processing /usr/local/lib/python3.10/dist-packages/airflow/example_dags/example_latest_only.py took 0.072 seconds
[2023-12-06T18:52:30.383+0000] {processor.py:157} INFO - Started process (PID=5564) to work on /usr/local/lib/python3.10/dist-packages/airflow/example_dags/example_latest_only.py
[2023-12-06T18:52:30.388+0000] {processor.py:829} INFO - Processing file /usr/local/lib/python3.10/dist-packages/airflow/example_dags/example_latest_only.py for tasks to queue
[2023-12-06T18:52:30.389+0000] {logging_mixin.py:154} INFO - [2023-12-06T18:52:30.389+0000] {dagbag.py:536} INFO - Filling up the DagBag from /usr/local/lib/python3.10/dist-packages/airflow/example_dags/example_latest_only.py
[2023-12-06T18:52:30.395+0000] {processor.py:839} INFO - DAG(s) dict_keys(['latest_only']) retrieved from /usr/local/lib/python3.10/dist-packages/airflow/example_dags/example_latest_only.py
[2023-12-06T18:52:30.413+0000] {logging_mixin.py:154} INFO - [2023-12-06T18:52:30.413+0000] {dag.py:2941} INFO - Sync 1 DAGs
[2023-12-06T18:52:30.434+0000] {logging_mixin.py:154} INFO - [2023-12-06T18:52:30.434+0000] {dag.py:3722} INFO - Setting next_dagrun for latest_only to 2023-12-06T14:52:30.434084+00:00, run_after=2023-12-06T18:52:30.434084+00:00
[2023-12-06T18:52:30.457+0000] {processor.py:179} INFO - Processing /usr/local/lib/python3.10/dist-packages/airflow/example_dags/example_latest_only.py took 0.078 seconds
[2023-12-06T18:53:17.207+0000] {processor.py:157} INFO - Started process (PID=5612) to work on /usr/local/lib/python3.10/dist-packages/airflow/example_dags/example_latest_only.py
[2023-12-06T18:53:17.209+0000] {processor.py:829} INFO - Processing file /usr/local/lib/python3.10/dist-packages/airflow/example_dags/example_latest_only.py for tasks to queue
[2023-12-06T18:53:17.210+0000] {logging_mixin.py:154} INFO - [2023-12-06T18:53:17.209+0000] {dagbag.py:536} INFO - Filling up the DagBag from /usr/local/lib/python3.10/dist-packages/airflow/example_dags/example_latest_only.py
[2023-12-06T18:53:17.216+0000] {processor.py:839} INFO - DAG(s) dict_keys(['latest_only']) retrieved from /usr/local/lib/python3.10/dist-packages/airflow/example_dags/example_latest_only.py
[2023-12-06T18:53:17.233+0000] {logging_mixin.py:154} INFO - [2023-12-06T18:53:17.233+0000] {dag.py:2941} INFO - Sync 1 DAGs
[2023-12-06T18:53:17.254+0000] {logging_mixin.py:154} INFO - [2023-12-06T18:53:17.254+0000] {dag.py:3722} INFO - Setting next_dagrun for latest_only to 2023-12-06T14:53:17.253759+00:00, run_after=2023-12-06T18:53:17.253759+00:00
[2023-12-06T18:53:17.277+0000] {processor.py:179} INFO - Processing /usr/local/lib/python3.10/dist-packages/airflow/example_dags/example_latest_only.py took 0.073 seconds
[2023-12-06T18:54:00.684+0000] {processor.py:157} INFO - Started process (PID=5658) to work on /usr/local/lib/python3.10/dist-packages/airflow/example_dags/example_latest_only.py
[2023-12-06T18:54:00.686+0000] {processor.py:829} INFO - Processing file /usr/local/lib/python3.10/dist-packages/airflow/example_dags/example_latest_only.py for tasks to queue
[2023-12-06T18:54:00.686+0000] {logging_mixin.py:154} INFO - [2023-12-06T18:54:00.686+0000] {dagbag.py:536} INFO - Filling up the DagBag from /usr/local/lib/python3.10/dist-packages/airflow/example_dags/example_latest_only.py
[2023-12-06T18:54:00.693+0000] {processor.py:839} INFO - DAG(s) dict_keys(['latest_only']) retrieved from /usr/local/lib/python3.10/dist-packages/airflow/example_dags/example_latest_only.py
[2023-12-06T18:54:00.711+0000] {logging_mixin.py:154} INFO - [2023-12-06T18:54:00.710+0000] {dag.py:2941} INFO - Sync 1 DAGs
[2023-12-06T18:54:00.731+0000] {logging_mixin.py:154} INFO - [2023-12-06T18:54:00.731+0000] {dag.py:3722} INFO - Setting next_dagrun for latest_only to 2023-12-06T14:54:00.731036+00:00, run_after=2023-12-06T18:54:00.731036+00:00
[2023-12-06T18:54:00.754+0000] {processor.py:179} INFO - Processing /usr/local/lib/python3.10/dist-packages/airflow/example_dags/example_latest_only.py took 0.073 seconds
[2023-12-06T18:54:44.083+0000] {processor.py:157} INFO - Started process (PID=5703) to work on /usr/local/lib/python3.10/dist-packages/airflow/example_dags/example_latest_only.py
[2023-12-06T18:54:44.084+0000] {processor.py:829} INFO - Processing file /usr/local/lib/python3.10/dist-packages/airflow/example_dags/example_latest_only.py for tasks to queue
[2023-12-06T18:54:44.085+0000] {logging_mixin.py:154} INFO - [2023-12-06T18:54:44.085+0000] {dagbag.py:536} INFO - Filling up the DagBag from /usr/local/lib/python3.10/dist-packages/airflow/example_dags/example_latest_only.py
[2023-12-06T18:54:44.092+0000] {processor.py:839} INFO - DAG(s) dict_keys(['latest_only']) retrieved from /usr/local/lib/python3.10/dist-packages/airflow/example_dags/example_latest_only.py
[2023-12-06T18:54:44.109+0000] {logging_mixin.py:154} INFO - [2023-12-06T18:54:44.109+0000] {dag.py:2941} INFO - Sync 1 DAGs
[2023-12-06T18:54:44.130+0000] {logging_mixin.py:154} INFO - [2023-12-06T18:54:44.130+0000] {dag.py:3722} INFO - Setting next_dagrun for latest_only to 2023-12-06T14:54:44.129817+00:00, run_after=2023-12-06T18:54:44.129817+00:00
[2023-12-06T18:54:44.154+0000] {processor.py:179} INFO - Processing /usr/local/lib/python3.10/dist-packages/airflow/example_dags/example_latest_only.py took 0.075 seconds
[2023-12-06T18:55:29.433+0000] {processor.py:157} INFO - Started process (PID=5749) to work on /usr/local/lib/python3.10/dist-packages/airflow/example_dags/example_latest_only.py
[2023-12-06T18:55:29.434+0000] {processor.py:829} INFO - Processing file /usr/local/lib/python3.10/dist-packages/airflow/example_dags/example_latest_only.py for tasks to queue
[2023-12-06T18:55:29.435+0000] {logging_mixin.py:154} INFO - [2023-12-06T18:55:29.435+0000] {dagbag.py:536} INFO - Filling up the DagBag from /usr/local/lib/python3.10/dist-packages/airflow/example_dags/example_latest_only.py
[2023-12-06T18:55:29.441+0000] {processor.py:839} INFO - DAG(s) dict_keys(['latest_only']) retrieved from /usr/local/lib/python3.10/dist-packages/airflow/example_dags/example_latest_only.py
[2023-12-06T18:55:29.458+0000] {logging_mixin.py:154} INFO - [2023-12-06T18:55:29.458+0000] {dag.py:2941} INFO - Sync 1 DAGs
[2023-12-06T18:55:29.478+0000] {logging_mixin.py:154} INFO - [2023-12-06T18:55:29.478+0000] {dag.py:3722} INFO - Setting next_dagrun for latest_only to 2023-12-06T14:55:29.477859+00:00, run_after=2023-12-06T18:55:29.477859+00:00
[2023-12-06T18:55:29.502+0000] {processor.py:179} INFO - Processing /usr/local/lib/python3.10/dist-packages/airflow/example_dags/example_latest_only.py took 0.073 seconds
[2023-12-06T18:56:14.952+0000] {processor.py:157} INFO - Started process (PID=5797) to work on /usr/local/lib/python3.10/dist-packages/airflow/example_dags/example_latest_only.py
[2023-12-06T18:56:14.953+0000] {processor.py:829} INFO - Processing file /usr/local/lib/python3.10/dist-packages/airflow/example_dags/example_latest_only.py for tasks to queue
[2023-12-06T18:56:14.954+0000] {logging_mixin.py:154} INFO - [2023-12-06T18:56:14.953+0000] {dagbag.py:536} INFO - Filling up the DagBag from /usr/local/lib/python3.10/dist-packages/airflow/example_dags/example_latest_only.py
[2023-12-06T18:56:14.960+0000] {processor.py:839} INFO - DAG(s) dict_keys(['latest_only']) retrieved from /usr/local/lib/python3.10/dist-packages/airflow/example_dags/example_latest_only.py
[2023-12-06T18:56:14.977+0000] {logging_mixin.py:154} INFO - [2023-12-06T18:56:14.977+0000] {dag.py:2941} INFO - Sync 1 DAGs
[2023-12-06T18:56:14.999+0000] {logging_mixin.py:154} INFO - [2023-12-06T18:56:14.999+0000] {dag.py:3722} INFO - Setting next_dagrun for latest_only to 2023-12-06T14:56:14.999027+00:00, run_after=2023-12-06T18:56:14.999027+00:00
[2023-12-06T18:56:15.024+0000] {processor.py:179} INFO - Processing /usr/local/lib/python3.10/dist-packages/airflow/example_dags/example_latest_only.py took 0.076 seconds
[2023-12-06T18:57:02.468+0000] {processor.py:157} INFO - Started process (PID=5845) to work on /usr/local/lib/python3.10/dist-packages/airflow/example_dags/example_latest_only.py
[2023-12-06T18:57:02.470+0000] {processor.py:829} INFO - Processing file /usr/local/lib/python3.10/dist-packages/airflow/example_dags/example_latest_only.py for tasks to queue
[2023-12-06T18:57:02.470+0000] {logging_mixin.py:154} INFO - [2023-12-06T18:57:02.470+0000] {dagbag.py:536} INFO - Filling up the DagBag from /usr/local/lib/python3.10/dist-packages/airflow/example_dags/example_latest_only.py
[2023-12-06T18:57:02.477+0000] {processor.py:839} INFO - DAG(s) dict_keys(['latest_only']) retrieved from /usr/local/lib/python3.10/dist-packages/airflow/example_dags/example_latest_only.py
[2023-12-06T18:57:02.495+0000] {logging_mixin.py:154} INFO - [2023-12-06T18:57:02.495+0000] {dag.py:2941} INFO - Sync 1 DAGs
[2023-12-06T18:57:02.516+0000] {logging_mixin.py:154} INFO - [2023-12-06T18:57:02.516+0000] {dag.py:3722} INFO - Setting next_dagrun for latest_only to 2023-12-06T14:57:02.516155+00:00, run_after=2023-12-06T18:57:02.516155+00:00
[2023-12-06T18:57:02.542+0000] {processor.py:179} INFO - Processing /usr/local/lib/python3.10/dist-packages/airflow/example_dags/example_latest_only.py took 0.078 seconds
[2023-12-06T18:57:49.728+0000] {processor.py:157} INFO - Started process (PID=5896) to work on /usr/local/lib/python3.10/dist-packages/airflow/example_dags/example_latest_only.py
[2023-12-06T18:57:49.729+0000] {processor.py:829} INFO - Processing file /usr/local/lib/python3.10/dist-packages/airflow/example_dags/example_latest_only.py for tasks to queue
[2023-12-06T18:57:49.730+0000] {logging_mixin.py:154} INFO - [2023-12-06T18:57:49.730+0000] {dagbag.py:536} INFO - Filling up the DagBag from /usr/local/lib/python3.10/dist-packages/airflow/example_dags/example_latest_only.py
[2023-12-06T18:57:49.736+0000] {processor.py:839} INFO - DAG(s) dict_keys(['latest_only']) retrieved from /usr/local/lib/python3.10/dist-packages/airflow/example_dags/example_latest_only.py
[2023-12-06T18:57:49.754+0000] {logging_mixin.py:154} INFO - [2023-12-06T18:57:49.754+0000] {dag.py:2941} INFO - Sync 1 DAGs
[2023-12-06T18:57:49.775+0000] {logging_mixin.py:154} INFO - [2023-12-06T18:57:49.775+0000] {dag.py:3722} INFO - Setting next_dagrun for latest_only to 2023-12-06T14:57:49.775088+00:00, run_after=2023-12-06T18:57:49.775088+00:00
[2023-12-06T18:57:49.804+0000] {processor.py:179} INFO - Processing /usr/local/lib/python3.10/dist-packages/airflow/example_dags/example_latest_only.py took 0.080 seconds
[2023-12-06T18:58:34.442+0000] {processor.py:157} INFO - Started process (PID=5942) to work on /usr/local/lib/python3.10/dist-packages/airflow/example_dags/example_latest_only.py
[2023-12-06T18:58:34.444+0000] {processor.py:829} INFO - Processing file /usr/local/lib/python3.10/dist-packages/airflow/example_dags/example_latest_only.py for tasks to queue
[2023-12-06T18:58:34.444+0000] {logging_mixin.py:154} INFO - [2023-12-06T18:58:34.444+0000] {dagbag.py:536} INFO - Filling up the DagBag from /usr/local/lib/python3.10/dist-packages/airflow/example_dags/example_latest_only.py
[2023-12-06T18:58:34.450+0000] {processor.py:839} INFO - DAG(s) dict_keys(['latest_only']) retrieved from /usr/local/lib/python3.10/dist-packages/airflow/example_dags/example_latest_only.py
[2023-12-06T18:58:34.468+0000] {logging_mixin.py:154} INFO - [2023-12-06T18:58:34.468+0000] {dag.py:2941} INFO - Sync 1 DAGs
[2023-12-06T18:58:34.489+0000] {logging_mixin.py:154} INFO - [2023-12-06T18:58:34.488+0000] {dag.py:3722} INFO - Setting next_dagrun for latest_only to 2023-12-06T14:58:34.488500+00:00, run_after=2023-12-06T18:58:34.488500+00:00
[2023-12-06T18:58:34.514+0000] {processor.py:179} INFO - Processing /usr/local/lib/python3.10/dist-packages/airflow/example_dags/example_latest_only.py took 0.076 seconds
[2023-12-06T18:59:20.835+0000] {processor.py:157} INFO - Started process (PID=5989) to work on /usr/local/lib/python3.10/dist-packages/airflow/example_dags/example_latest_only.py
[2023-12-06T18:59:20.837+0000] {processor.py:829} INFO - Processing file /usr/local/lib/python3.10/dist-packages/airflow/example_dags/example_latest_only.py for tasks to queue
[2023-12-06T18:59:20.838+0000] {logging_mixin.py:154} INFO - [2023-12-06T18:59:20.837+0000] {dagbag.py:536} INFO - Filling up the DagBag from /usr/local/lib/python3.10/dist-packages/airflow/example_dags/example_latest_only.py
[2023-12-06T18:59:20.844+0000] {processor.py:839} INFO - DAG(s) dict_keys(['latest_only']) retrieved from /usr/local/lib/python3.10/dist-packages/airflow/example_dags/example_latest_only.py
[2023-12-06T18:59:20.861+0000] {logging_mixin.py:154} INFO - [2023-12-06T18:59:20.861+0000] {dag.py:2941} INFO - Sync 1 DAGs
[2023-12-06T18:59:20.883+0000] {logging_mixin.py:154} INFO - [2023-12-06T18:59:20.883+0000] {dag.py:3722} INFO - Setting next_dagrun for latest_only to 2023-12-06T14:59:20.882728+00:00, run_after=2023-12-06T18:59:20.882728+00:00
[2023-12-06T18:59:20.919+0000] {processor.py:179} INFO - Processing /usr/local/lib/python3.10/dist-packages/airflow/example_dags/example_latest_only.py took 0.087 seconds
[2023-12-06T19:00:04.947+0000] {processor.py:157} INFO - Started process (PID=6102) to work on /usr/local/lib/python3.10/dist-packages/airflow/example_dags/example_latest_only.py
[2023-12-06T19:00:04.949+0000] {processor.py:829} INFO - Processing file /usr/local/lib/python3.10/dist-packages/airflow/example_dags/example_latest_only.py for tasks to queue
[2023-12-06T19:00:04.950+0000] {logging_mixin.py:154} INFO - [2023-12-06T19:00:04.950+0000] {dagbag.py:536} INFO - Filling up the DagBag from /usr/local/lib/python3.10/dist-packages/airflow/example_dags/example_latest_only.py
[2023-12-06T19:00:04.956+0000] {processor.py:839} INFO - DAG(s) dict_keys(['latest_only']) retrieved from /usr/local/lib/python3.10/dist-packages/airflow/example_dags/example_latest_only.py
[2023-12-06T19:00:04.976+0000] {logging_mixin.py:154} INFO - [2023-12-06T19:00:04.976+0000] {dag.py:2941} INFO - Sync 1 DAGs
[2023-12-06T19:00:05.000+0000] {logging_mixin.py:154} INFO - [2023-12-06T19:00:04.999+0000] {dag.py:3722} INFO - Setting next_dagrun for latest_only to 2023-12-06T15:00:04.999614+00:00, run_after=2023-12-06T19:00:04.999614+00:00
[2023-12-06T19:00:05.043+0000] {processor.py:179} INFO - Processing /usr/local/lib/python3.10/dist-packages/airflow/example_dags/example_latest_only.py took 0.100 seconds
[2023-12-06T19:01:00.541+0000] {processor.py:157} INFO - Started process (PID=6425) to work on /usr/local/lib/python3.10/dist-packages/airflow/example_dags/example_latest_only.py
[2023-12-06T19:01:00.543+0000] {processor.py:829} INFO - Processing file /usr/local/lib/python3.10/dist-packages/airflow/example_dags/example_latest_only.py for tasks to queue
[2023-12-06T19:01:00.544+0000] {logging_mixin.py:154} INFO - [2023-12-06T19:01:00.543+0000] {dagbag.py:536} INFO - Filling up the DagBag from /usr/local/lib/python3.10/dist-packages/airflow/example_dags/example_latest_only.py
[2023-12-06T19:01:00.550+0000] {processor.py:839} INFO - DAG(s) dict_keys(['latest_only']) retrieved from /usr/local/lib/python3.10/dist-packages/airflow/example_dags/example_latest_only.py
[2023-12-06T19:01:00.567+0000] {logging_mixin.py:154} INFO - [2023-12-06T19:01:00.567+0000] {dag.py:2941} INFO - Sync 1 DAGs
[2023-12-06T19:01:00.587+0000] {logging_mixin.py:154} INFO - [2023-12-06T19:01:00.587+0000] {dag.py:3722} INFO - Setting next_dagrun for latest_only to 2023-12-06T15:01:00.586853+00:00, run_after=2023-12-06T19:01:00.586853+00:00
[2023-12-06T19:01:00.609+0000] {processor.py:179} INFO - Processing /usr/local/lib/python3.10/dist-packages/airflow/example_dags/example_latest_only.py took 0.071 seconds
[2023-12-06T19:01:48.809+0000] {processor.py:157} INFO - Started process (PID=6498) to work on /usr/local/lib/python3.10/dist-packages/airflow/example_dags/example_latest_only.py
[2023-12-06T19:01:48.810+0000] {processor.py:829} INFO - Processing file /usr/local/lib/python3.10/dist-packages/airflow/example_dags/example_latest_only.py for tasks to queue
[2023-12-06T19:01:48.811+0000] {logging_mixin.py:154} INFO - [2023-12-06T19:01:48.811+0000] {dagbag.py:536} INFO - Filling up the DagBag from /usr/local/lib/python3.10/dist-packages/airflow/example_dags/example_latest_only.py
[2023-12-06T19:01:48.817+0000] {processor.py:839} INFO - DAG(s) dict_keys(['latest_only']) retrieved from /usr/local/lib/python3.10/dist-packages/airflow/example_dags/example_latest_only.py
[2023-12-06T19:01:48.835+0000] {logging_mixin.py:154} INFO - [2023-12-06T19:01:48.834+0000] {dag.py:2941} INFO - Sync 1 DAGs
[2023-12-06T19:01:48.856+0000] {logging_mixin.py:154} INFO - [2023-12-06T19:01:48.855+0000] {dag.py:3722} INFO - Setting next_dagrun for latest_only to 2023-12-06T15:01:48.855709+00:00, run_after=2023-12-06T19:01:48.855709+00:00
[2023-12-06T19:01:48.885+0000] {processor.py:179} INFO - Processing /usr/local/lib/python3.10/dist-packages/airflow/example_dags/example_latest_only.py took 0.080 seconds
[2023-12-06T19:02:34.524+0000] {processor.py:157} INFO - Started process (PID=6546) to work on /usr/local/lib/python3.10/dist-packages/airflow/example_dags/example_latest_only.py
[2023-12-06T19:02:34.525+0000] {processor.py:829} INFO - Processing file /usr/local/lib/python3.10/dist-packages/airflow/example_dags/example_latest_only.py for tasks to queue
[2023-12-06T19:02:34.526+0000] {logging_mixin.py:154} INFO - [2023-12-06T19:02:34.526+0000] {dagbag.py:536} INFO - Filling up the DagBag from /usr/local/lib/python3.10/dist-packages/airflow/example_dags/example_latest_only.py
[2023-12-06T19:02:34.533+0000] {processor.py:839} INFO - DAG(s) dict_keys(['latest_only']) retrieved from /usr/local/lib/python3.10/dist-packages/airflow/example_dags/example_latest_only.py
[2023-12-06T19:02:34.550+0000] {logging_mixin.py:154} INFO - [2023-12-06T19:02:34.550+0000] {dag.py:2941} INFO - Sync 1 DAGs
[2023-12-06T19:02:34.571+0000] {logging_mixin.py:154} INFO - [2023-12-06T19:02:34.571+0000] {dag.py:3722} INFO - Setting next_dagrun for latest_only to 2023-12-06T15:02:34.571147+00:00, run_after=2023-12-06T19:02:34.571147+00:00
[2023-12-06T19:02:34.599+0000] {processor.py:179} INFO - Processing /usr/local/lib/python3.10/dist-packages/airflow/example_dags/example_latest_only.py took 0.079 seconds
[2023-12-06T19:03:19.462+0000] {processor.py:157} INFO - Started process (PID=6591) to work on /usr/local/lib/python3.10/dist-packages/airflow/example_dags/example_latest_only.py
[2023-12-06T19:03:19.466+0000] {processor.py:829} INFO - Processing file /usr/local/lib/python3.10/dist-packages/airflow/example_dags/example_latest_only.py for tasks to queue
[2023-12-06T19:03:19.466+0000] {logging_mixin.py:154} INFO - [2023-12-06T19:03:19.466+0000] {dagbag.py:536} INFO - Filling up the DagBag from /usr/local/lib/python3.10/dist-packages/airflow/example_dags/example_latest_only.py
[2023-12-06T19:03:19.476+0000] {processor.py:839} INFO - DAG(s) dict_keys(['latest_only']) retrieved from /usr/local/lib/python3.10/dist-packages/airflow/example_dags/example_latest_only.py
[2023-12-06T19:03:19.493+0000] {logging_mixin.py:154} INFO - [2023-12-06T19:03:19.493+0000] {dag.py:2941} INFO - Sync 1 DAGs
[2023-12-06T19:03:19.514+0000] {logging_mixin.py:154} INFO - [2023-12-06T19:03:19.513+0000] {dag.py:3722} INFO - Setting next_dagrun for latest_only to 2023-12-06T15:03:19.513644+00:00, run_after=2023-12-06T19:03:19.513644+00:00
[2023-12-06T19:03:19.535+0000] {processor.py:179} INFO - Processing /usr/local/lib/python3.10/dist-packages/airflow/example_dags/example_latest_only.py took 0.081 seconds
[2023-12-06T19:04:10.462+0000] {processor.py:157} INFO - Started process (PID=6642) to work on /usr/local/lib/python3.10/dist-packages/airflow/example_dags/example_latest_only.py
[2023-12-06T19:04:10.464+0000] {processor.py:829} INFO - Processing file /usr/local/lib/python3.10/dist-packages/airflow/example_dags/example_latest_only.py for tasks to queue
[2023-12-06T19:04:10.465+0000] {logging_mixin.py:154} INFO - [2023-12-06T19:04:10.464+0000] {dagbag.py:536} INFO - Filling up the DagBag from /usr/local/lib/python3.10/dist-packages/airflow/example_dags/example_latest_only.py
[2023-12-06T19:04:10.471+0000] {processor.py:839} INFO - DAG(s) dict_keys(['latest_only']) retrieved from /usr/local/lib/python3.10/dist-packages/airflow/example_dags/example_latest_only.py
[2023-12-06T19:04:10.488+0000] {logging_mixin.py:154} INFO - [2023-12-06T19:04:10.488+0000] {dag.py:2941} INFO - Sync 1 DAGs
[2023-12-06T19:04:10.508+0000] {logging_mixin.py:154} INFO - [2023-12-06T19:04:10.508+0000] {dag.py:3722} INFO - Setting next_dagrun for latest_only to 2023-12-06T15:04:10.508339+00:00, run_after=2023-12-06T19:04:10.508339+00:00
[2023-12-06T19:04:10.535+0000] {processor.py:179} INFO - Processing /usr/local/lib/python3.10/dist-packages/airflow/example_dags/example_latest_only.py took 0.077 seconds
[2023-12-06T19:04:57.268+0000] {processor.py:157} INFO - Started process (PID=6853) to work on /usr/local/lib/python3.10/dist-packages/airflow/example_dags/example_latest_only.py
[2023-12-06T19:04:57.271+0000] {processor.py:829} INFO - Processing file /usr/local/lib/python3.10/dist-packages/airflow/example_dags/example_latest_only.py for tasks to queue
[2023-12-06T19:04:57.272+0000] {logging_mixin.py:154} INFO - [2023-12-06T19:04:57.271+0000] {dagbag.py:536} INFO - Filling up the DagBag from /usr/local/lib/python3.10/dist-packages/airflow/example_dags/example_latest_only.py
[2023-12-06T19:04:57.278+0000] {processor.py:839} INFO - DAG(s) dict_keys(['latest_only']) retrieved from /usr/local/lib/python3.10/dist-packages/airflow/example_dags/example_latest_only.py
[2023-12-06T19:04:57.295+0000] {logging_mixin.py:154} INFO - [2023-12-06T19:04:57.295+0000] {dag.py:2941} INFO - Sync 1 DAGs
[2023-12-06T19:04:57.316+0000] {logging_mixin.py:154} INFO - [2023-12-06T19:04:57.316+0000] {dag.py:3722} INFO - Setting next_dagrun for latest_only to 2023-12-06T15:04:57.316016+00:00, run_after=2023-12-06T19:04:57.316016+00:00
[2023-12-06T19:04:57.351+0000] {processor.py:179} INFO - Processing /usr/local/lib/python3.10/dist-packages/airflow/example_dags/example_latest_only.py took 0.086 seconds
[2023-12-06T19:05:48.614+0000] {processor.py:157} INFO - Started process (PID=6910) to work on /usr/local/lib/python3.10/dist-packages/airflow/example_dags/example_latest_only.py
[2023-12-06T19:05:48.617+0000] {processor.py:829} INFO - Processing file /usr/local/lib/python3.10/dist-packages/airflow/example_dags/example_latest_only.py for tasks to queue
[2023-12-06T19:05:48.618+0000] {logging_mixin.py:154} INFO - [2023-12-06T19:05:48.617+0000] {dagbag.py:536} INFO - Filling up the DagBag from /usr/local/lib/python3.10/dist-packages/airflow/example_dags/example_latest_only.py
[2023-12-06T19:05:48.624+0000] {processor.py:839} INFO - DAG(s) dict_keys(['latest_only']) retrieved from /usr/local/lib/python3.10/dist-packages/airflow/example_dags/example_latest_only.py
[2023-12-06T19:05:48.641+0000] {logging_mixin.py:154} INFO - [2023-12-06T19:05:48.641+0000] {dag.py:2941} INFO - Sync 1 DAGs
[2023-12-06T19:05:48.661+0000] {logging_mixin.py:154} INFO - [2023-12-06T19:05:48.661+0000] {dag.py:3722} INFO - Setting next_dagrun for latest_only to 2023-12-06T15:05:48.661366+00:00, run_after=2023-12-06T19:05:48.661366+00:00
[2023-12-06T19:05:48.686+0000] {processor.py:179} INFO - Processing /usr/local/lib/python3.10/dist-packages/airflow/example_dags/example_latest_only.py took 0.075 seconds
[2023-12-06T19:06:34.257+0000] {processor.py:157} INFO - Started process (PID=6958) to work on /usr/local/lib/python3.10/dist-packages/airflow/example_dags/example_latest_only.py
[2023-12-06T19:06:34.259+0000] {processor.py:829} INFO - Processing file /usr/local/lib/python3.10/dist-packages/airflow/example_dags/example_latest_only.py for tasks to queue
[2023-12-06T19:06:34.260+0000] {logging_mixin.py:154} INFO - [2023-12-06T19:06:34.260+0000] {dagbag.py:536} INFO - Filling up the DagBag from /usr/local/lib/python3.10/dist-packages/airflow/example_dags/example_latest_only.py
[2023-12-06T19:06:34.267+0000] {processor.py:839} INFO - DAG(s) dict_keys(['latest_only']) retrieved from /usr/local/lib/python3.10/dist-packages/airflow/example_dags/example_latest_only.py
[2023-12-06T19:06:34.285+0000] {logging_mixin.py:154} INFO - [2023-12-06T19:06:34.284+0000] {dag.py:2941} INFO - Sync 1 DAGs
[2023-12-06T19:06:34.305+0000] {logging_mixin.py:154} INFO - [2023-12-06T19:06:34.305+0000] {dag.py:3722} INFO - Setting next_dagrun for latest_only to 2023-12-06T15:06:34.305211+00:00, run_after=2023-12-06T19:06:34.305211+00:00
[2023-12-06T19:06:34.331+0000] {processor.py:179} INFO - Processing /usr/local/lib/python3.10/dist-packages/airflow/example_dags/example_latest_only.py took 0.077 seconds
[2023-12-06T19:07:21.873+0000] {processor.py:157} INFO - Started process (PID=7005) to work on /usr/local/lib/python3.10/dist-packages/airflow/example_dags/example_latest_only.py
[2023-12-06T19:07:21.875+0000] {processor.py:829} INFO - Processing file /usr/local/lib/python3.10/dist-packages/airflow/example_dags/example_latest_only.py for tasks to queue
[2023-12-06T19:07:21.876+0000] {logging_mixin.py:154} INFO - [2023-12-06T19:07:21.875+0000] {dagbag.py:536} INFO - Filling up the DagBag from /usr/local/lib/python3.10/dist-packages/airflow/example_dags/example_latest_only.py
[2023-12-06T19:07:21.882+0000] {processor.py:839} INFO - DAG(s) dict_keys(['latest_only']) retrieved from /usr/local/lib/python3.10/dist-packages/airflow/example_dags/example_latest_only.py
[2023-12-06T19:07:21.900+0000] {logging_mixin.py:154} INFO - [2023-12-06T19:07:21.900+0000] {dag.py:2941} INFO - Sync 1 DAGs
[2023-12-06T19:07:21.923+0000] {logging_mixin.py:154} INFO - [2023-12-06T19:07:21.923+0000] {dag.py:3722} INFO - Setting next_dagrun for latest_only to 2023-12-06T15:07:21.922852+00:00, run_after=2023-12-06T19:07:21.922852+00:00
[2023-12-06T19:07:21.947+0000] {processor.py:179} INFO - Processing /usr/local/lib/python3.10/dist-packages/airflow/example_dags/example_latest_only.py took 0.077 seconds
