[2023-12-06T18:22:10.375+0000] {processor.py:157} INFO - Started process (PID=3686) to work on /usr/local/lib/python3.10/dist-packages/airflow/example_dags/example_latest_only_with_trigger.py
[2023-12-06T18:22:10.376+0000] {processor.py:829} INFO - Processing file /usr/local/lib/python3.10/dist-packages/airflow/example_dags/example_latest_only_with_trigger.py for tasks to queue
[2023-12-06T18:22:10.377+0000] {logging_mixin.py:154} INFO - [2023-12-06T18:22:10.376+0000] {dagbag.py:536} INFO - Filling up the DagBag from /usr/local/lib/python3.10/dist-packages/airflow/example_dags/example_latest_only_with_trigger.py
[2023-12-06T18:22:10.384+0000] {processor.py:839} INFO - DAG(s) dict_keys(['latest_only_with_trigger']) retrieved from /usr/local/lib/python3.10/dist-packages/airflow/example_dags/example_latest_only_with_trigger.py
[2023-12-06T18:22:10.499+0000] {logging_mixin.py:154} INFO - [2023-12-06T18:22:10.498+0000] {manager.py:499} INFO - Created Permission View: %s
[2023-12-06T18:22:10.512+0000] {logging_mixin.py:154} INFO - [2023-12-06T18:22:10.512+0000] {manager.py:499} INFO - Created Permission View: %s
[2023-12-06T18:22:10.523+0000] {logging_mixin.py:154} INFO - [2023-12-06T18:22:10.522+0000] {manager.py:499} INFO - Created Permission View: %s
[2023-12-06T18:22:10.523+0000] {logging_mixin.py:154} INFO - [2023-12-06T18:22:10.523+0000] {dag.py:2941} INFO - Sync 1 DAGs
[2023-12-06T18:22:10.535+0000] {logging_mixin.py:154} INFO - [2023-12-06T18:22:10.535+0000] {dag.py:2963} INFO - Creating ORM DAG for latest_only_with_trigger
[2023-12-06T18:22:10.543+0000] {logging_mixin.py:154} INFO - [2023-12-06T18:22:10.543+0000] {dag.py:3722} INFO - Setting next_dagrun for latest_only_with_trigger to 2023-12-06T14:22:10.543558+00:00, run_after=2023-12-06T18:22:10.543558+00:00
[2023-12-06T18:22:10.564+0000] {processor.py:179} INFO - Processing /usr/local/lib/python3.10/dist-packages/airflow/example_dags/example_latest_only_with_trigger.py took 0.193 seconds
[2023-12-06T18:22:58.944+0000] {processor.py:157} INFO - Started process (PID=3737) to work on /usr/local/lib/python3.10/dist-packages/airflow/example_dags/example_latest_only_with_trigger.py
[2023-12-06T18:22:58.945+0000] {processor.py:829} INFO - Processing file /usr/local/lib/python3.10/dist-packages/airflow/example_dags/example_latest_only_with_trigger.py for tasks to queue
[2023-12-06T18:22:58.946+0000] {logging_mixin.py:154} INFO - [2023-12-06T18:22:58.946+0000] {dagbag.py:536} INFO - Filling up the DagBag from /usr/local/lib/python3.10/dist-packages/airflow/example_dags/example_latest_only_with_trigger.py
[2023-12-06T18:22:58.953+0000] {processor.py:839} INFO - DAG(s) dict_keys(['latest_only_with_trigger']) retrieved from /usr/local/lib/python3.10/dist-packages/airflow/example_dags/example_latest_only_with_trigger.py
[2023-12-06T18:22:58.977+0000] {logging_mixin.py:154} INFO - [2023-12-06T18:22:58.977+0000] {dag.py:2941} INFO - Sync 1 DAGs
[2023-12-06T18:22:58.997+0000] {logging_mixin.py:154} INFO - [2023-12-06T18:22:58.997+0000] {dag.py:3722} INFO - Setting next_dagrun for latest_only_with_trigger to 2023-12-06T14:22:58.997192+00:00, run_after=2023-12-06T18:22:58.997192+00:00
[2023-12-06T18:22:59.020+0000] {processor.py:179} INFO - Processing /usr/local/lib/python3.10/dist-packages/airflow/example_dags/example_latest_only_with_trigger.py took 0.080 seconds
[2023-12-06T18:23:44.229+0000] {processor.py:157} INFO - Started process (PID=3783) to work on /usr/local/lib/python3.10/dist-packages/airflow/example_dags/example_latest_only_with_trigger.py
[2023-12-06T18:23:44.230+0000] {processor.py:829} INFO - Processing file /usr/local/lib/python3.10/dist-packages/airflow/example_dags/example_latest_only_with_trigger.py for tasks to queue
[2023-12-06T18:23:44.231+0000] {logging_mixin.py:154} INFO - [2023-12-06T18:23:44.231+0000] {dagbag.py:536} INFO - Filling up the DagBag from /usr/local/lib/python3.10/dist-packages/airflow/example_dags/example_latest_only_with_trigger.py
[2023-12-06T18:23:44.238+0000] {processor.py:839} INFO - DAG(s) dict_keys(['latest_only_with_trigger']) retrieved from /usr/local/lib/python3.10/dist-packages/airflow/example_dags/example_latest_only_with_trigger.py
[2023-12-06T18:23:44.255+0000] {logging_mixin.py:154} INFO - [2023-12-06T18:23:44.255+0000] {dag.py:2941} INFO - Sync 1 DAGs
[2023-12-06T18:23:44.275+0000] {logging_mixin.py:154} INFO - [2023-12-06T18:23:44.275+0000] {dag.py:3722} INFO - Setting next_dagrun for latest_only_with_trigger to 2023-12-06T14:23:44.275536+00:00, run_after=2023-12-06T18:23:44.275536+00:00
[2023-12-06T18:23:44.299+0000] {processor.py:179} INFO - Processing /usr/local/lib/python3.10/dist-packages/airflow/example_dags/example_latest_only_with_trigger.py took 0.073 seconds
[2023-12-06T18:24:34.289+0000] {processor.py:157} INFO - Started process (PID=3833) to work on /usr/local/lib/python3.10/dist-packages/airflow/example_dags/example_latest_only_with_trigger.py
[2023-12-06T18:24:34.290+0000] {processor.py:829} INFO - Processing file /usr/local/lib/python3.10/dist-packages/airflow/example_dags/example_latest_only_with_trigger.py for tasks to queue
[2023-12-06T18:24:34.291+0000] {logging_mixin.py:154} INFO - [2023-12-06T18:24:34.291+0000] {dagbag.py:536} INFO - Filling up the DagBag from /usr/local/lib/python3.10/dist-packages/airflow/example_dags/example_latest_only_with_trigger.py
[2023-12-06T18:24:34.298+0000] {processor.py:839} INFO - DAG(s) dict_keys(['latest_only_with_trigger']) retrieved from /usr/local/lib/python3.10/dist-packages/airflow/example_dags/example_latest_only_with_trigger.py
[2023-12-06T18:24:34.316+0000] {logging_mixin.py:154} INFO - [2023-12-06T18:24:34.315+0000] {dag.py:2941} INFO - Sync 1 DAGs
[2023-12-06T18:24:34.336+0000] {logging_mixin.py:154} INFO - [2023-12-06T18:24:34.336+0000] {dag.py:3722} INFO - Setting next_dagrun for latest_only_with_trigger to 2023-12-06T14:24:34.335765+00:00, run_after=2023-12-06T18:24:34.335765+00:00
[2023-12-06T18:24:34.359+0000] {processor.py:179} INFO - Processing /usr/local/lib/python3.10/dist-packages/airflow/example_dags/example_latest_only_with_trigger.py took 0.074 seconds
[2023-12-06T18:25:21.930+0000] {processor.py:157} INFO - Started process (PID=3884) to work on /usr/local/lib/python3.10/dist-packages/airflow/example_dags/example_latest_only_with_trigger.py
[2023-12-06T18:25:21.931+0000] {processor.py:829} INFO - Processing file /usr/local/lib/python3.10/dist-packages/airflow/example_dags/example_latest_only_with_trigger.py for tasks to queue
[2023-12-06T18:25:21.932+0000] {logging_mixin.py:154} INFO - [2023-12-06T18:25:21.932+0000] {dagbag.py:536} INFO - Filling up the DagBag from /usr/local/lib/python3.10/dist-packages/airflow/example_dags/example_latest_only_with_trigger.py
[2023-12-06T18:25:21.939+0000] {processor.py:839} INFO - DAG(s) dict_keys(['latest_only_with_trigger']) retrieved from /usr/local/lib/python3.10/dist-packages/airflow/example_dags/example_latest_only_with_trigger.py
[2023-12-06T18:25:21.957+0000] {logging_mixin.py:154} INFO - [2023-12-06T18:25:21.957+0000] {dag.py:2941} INFO - Sync 1 DAGs
[2023-12-06T18:25:21.978+0000] {logging_mixin.py:154} INFO - [2023-12-06T18:25:21.978+0000] {dag.py:3722} INFO - Setting next_dagrun for latest_only_with_trigger to 2023-12-06T14:25:21.978212+00:00, run_after=2023-12-06T18:25:21.978212+00:00
[2023-12-06T18:25:22.001+0000] {processor.py:179} INFO - Processing /usr/local/lib/python3.10/dist-packages/airflow/example_dags/example_latest_only_with_trigger.py took 0.075 seconds
[2023-12-06T18:26:06.957+0000] {processor.py:157} INFO - Started process (PID=3932) to work on /usr/local/lib/python3.10/dist-packages/airflow/example_dags/example_latest_only_with_trigger.py
[2023-12-06T18:26:06.958+0000] {processor.py:829} INFO - Processing file /usr/local/lib/python3.10/dist-packages/airflow/example_dags/example_latest_only_with_trigger.py for tasks to queue
[2023-12-06T18:26:06.959+0000] {logging_mixin.py:154} INFO - [2023-12-06T18:26:06.958+0000] {dagbag.py:536} INFO - Filling up the DagBag from /usr/local/lib/python3.10/dist-packages/airflow/example_dags/example_latest_only_with_trigger.py
[2023-12-06T18:26:06.966+0000] {processor.py:839} INFO - DAG(s) dict_keys(['latest_only_with_trigger']) retrieved from /usr/local/lib/python3.10/dist-packages/airflow/example_dags/example_latest_only_with_trigger.py
[2023-12-06T18:26:06.986+0000] {logging_mixin.py:154} INFO - [2023-12-06T18:26:06.985+0000] {dag.py:2941} INFO - Sync 1 DAGs
[2023-12-06T18:26:07.007+0000] {logging_mixin.py:154} INFO - [2023-12-06T18:26:07.007+0000] {dag.py:3722} INFO - Setting next_dagrun for latest_only_with_trigger to 2023-12-06T14:26:07.006776+00:00, run_after=2023-12-06T18:26:07.006776+00:00
[2023-12-06T18:26:07.030+0000] {processor.py:179} INFO - Processing /usr/local/lib/python3.10/dist-packages/airflow/example_dags/example_latest_only_with_trigger.py took 0.079 seconds
[2023-12-06T18:26:54.421+0000] {processor.py:157} INFO - Started process (PID=3982) to work on /usr/local/lib/python3.10/dist-packages/airflow/example_dags/example_latest_only_with_trigger.py
[2023-12-06T18:26:54.422+0000] {processor.py:829} INFO - Processing file /usr/local/lib/python3.10/dist-packages/airflow/example_dags/example_latest_only_with_trigger.py for tasks to queue
[2023-12-06T18:26:54.423+0000] {logging_mixin.py:154} INFO - [2023-12-06T18:26:54.423+0000] {dagbag.py:536} INFO - Filling up the DagBag from /usr/local/lib/python3.10/dist-packages/airflow/example_dags/example_latest_only_with_trigger.py
[2023-12-06T18:26:54.430+0000] {processor.py:839} INFO - DAG(s) dict_keys(['latest_only_with_trigger']) retrieved from /usr/local/lib/python3.10/dist-packages/airflow/example_dags/example_latest_only_with_trigger.py
[2023-12-06T18:26:54.447+0000] {logging_mixin.py:154} INFO - [2023-12-06T18:26:54.447+0000] {dag.py:2941} INFO - Sync 1 DAGs
[2023-12-06T18:26:54.467+0000] {logging_mixin.py:154} INFO - [2023-12-06T18:26:54.467+0000] {dag.py:3722} INFO - Setting next_dagrun for latest_only_with_trigger to 2023-12-06T14:26:54.467532+00:00, run_after=2023-12-06T18:26:54.467532+00:00
[2023-12-06T18:26:54.489+0000] {processor.py:179} INFO - Processing /usr/local/lib/python3.10/dist-packages/airflow/example_dags/example_latest_only_with_trigger.py took 0.072 seconds
[2023-12-06T18:27:39.482+0000] {processor.py:157} INFO - Started process (PID=4028) to work on /usr/local/lib/python3.10/dist-packages/airflow/example_dags/example_latest_only_with_trigger.py
[2023-12-06T18:27:39.484+0000] {processor.py:829} INFO - Processing file /usr/local/lib/python3.10/dist-packages/airflow/example_dags/example_latest_only_with_trigger.py for tasks to queue
[2023-12-06T18:27:39.485+0000] {logging_mixin.py:154} INFO - [2023-12-06T18:27:39.485+0000] {dagbag.py:536} INFO - Filling up the DagBag from /usr/local/lib/python3.10/dist-packages/airflow/example_dags/example_latest_only_with_trigger.py
[2023-12-06T18:27:39.492+0000] {processor.py:839} INFO - DAG(s) dict_keys(['latest_only_with_trigger']) retrieved from /usr/local/lib/python3.10/dist-packages/airflow/example_dags/example_latest_only_with_trigger.py
[2023-12-06T18:27:39.510+0000] {logging_mixin.py:154} INFO - [2023-12-06T18:27:39.510+0000] {dag.py:2941} INFO - Sync 1 DAGs
[2023-12-06T18:27:39.531+0000] {logging_mixin.py:154} INFO - [2023-12-06T18:27:39.530+0000] {dag.py:3722} INFO - Setting next_dagrun for latest_only_with_trigger to 2023-12-06T14:27:39.530558+00:00, run_after=2023-12-06T18:27:39.530558+00:00
[2023-12-06T18:27:39.554+0000] {processor.py:179} INFO - Processing /usr/local/lib/python3.10/dist-packages/airflow/example_dags/example_latest_only_with_trigger.py took 0.076 seconds
[2023-12-06T18:28:25.431+0000] {processor.py:157} INFO - Started process (PID=4076) to work on /usr/local/lib/python3.10/dist-packages/airflow/example_dags/example_latest_only_with_trigger.py
[2023-12-06T18:28:25.433+0000] {processor.py:829} INFO - Processing file /usr/local/lib/python3.10/dist-packages/airflow/example_dags/example_latest_only_with_trigger.py for tasks to queue
[2023-12-06T18:28:25.434+0000] {logging_mixin.py:154} INFO - [2023-12-06T18:28:25.434+0000] {dagbag.py:536} INFO - Filling up the DagBag from /usr/local/lib/python3.10/dist-packages/airflow/example_dags/example_latest_only_with_trigger.py
[2023-12-06T18:28:25.441+0000] {processor.py:839} INFO - DAG(s) dict_keys(['latest_only_with_trigger']) retrieved from /usr/local/lib/python3.10/dist-packages/airflow/example_dags/example_latest_only_with_trigger.py
[2023-12-06T18:28:25.458+0000] {logging_mixin.py:154} INFO - [2023-12-06T18:28:25.458+0000] {dag.py:2941} INFO - Sync 1 DAGs
[2023-12-06T18:28:25.479+0000] {logging_mixin.py:154} INFO - [2023-12-06T18:28:25.479+0000] {dag.py:3722} INFO - Setting next_dagrun for latest_only_with_trigger to 2023-12-06T14:28:25.479225+00:00, run_after=2023-12-06T18:28:25.479225+00:00
[2023-12-06T18:28:25.503+0000] {processor.py:179} INFO - Processing /usr/local/lib/python3.10/dist-packages/airflow/example_dags/example_latest_only_with_trigger.py took 0.080 seconds
[2023-12-06T18:29:13.554+0000] {processor.py:157} INFO - Started process (PID=4127) to work on /usr/local/lib/python3.10/dist-packages/airflow/example_dags/example_latest_only_with_trigger.py
[2023-12-06T18:29:13.556+0000] {processor.py:829} INFO - Processing file /usr/local/lib/python3.10/dist-packages/airflow/example_dags/example_latest_only_with_trigger.py for tasks to queue
[2023-12-06T18:29:13.556+0000] {logging_mixin.py:154} INFO - [2023-12-06T18:29:13.556+0000] {dagbag.py:536} INFO - Filling up the DagBag from /usr/local/lib/python3.10/dist-packages/airflow/example_dags/example_latest_only_with_trigger.py
[2023-12-06T18:29:13.563+0000] {processor.py:839} INFO - DAG(s) dict_keys(['latest_only_with_trigger']) retrieved from /usr/local/lib/python3.10/dist-packages/airflow/example_dags/example_latest_only_with_trigger.py
[2023-12-06T18:29:13.581+0000] {logging_mixin.py:154} INFO - [2023-12-06T18:29:13.581+0000] {dag.py:2941} INFO - Sync 1 DAGs
[2023-12-06T18:29:13.601+0000] {logging_mixin.py:154} INFO - [2023-12-06T18:29:13.601+0000] {dag.py:3722} INFO - Setting next_dagrun for latest_only_with_trigger to 2023-12-06T14:29:13.601128+00:00, run_after=2023-12-06T18:29:13.601128+00:00
[2023-12-06T18:29:13.623+0000] {processor.py:179} INFO - Processing /usr/local/lib/python3.10/dist-packages/airflow/example_dags/example_latest_only_with_trigger.py took 0.072 seconds
[2023-12-06T18:29:57.345+0000] {processor.py:157} INFO - Started process (PID=4173) to work on /usr/local/lib/python3.10/dist-packages/airflow/example_dags/example_latest_only_with_trigger.py
[2023-12-06T18:29:57.346+0000] {processor.py:829} INFO - Processing file /usr/local/lib/python3.10/dist-packages/airflow/example_dags/example_latest_only_with_trigger.py for tasks to queue
[2023-12-06T18:29:57.347+0000] {logging_mixin.py:154} INFO - [2023-12-06T18:29:57.346+0000] {dagbag.py:536} INFO - Filling up the DagBag from /usr/local/lib/python3.10/dist-packages/airflow/example_dags/example_latest_only_with_trigger.py
[2023-12-06T18:29:57.354+0000] {processor.py:839} INFO - DAG(s) dict_keys(['latest_only_with_trigger']) retrieved from /usr/local/lib/python3.10/dist-packages/airflow/example_dags/example_latest_only_with_trigger.py
[2023-12-06T18:29:57.372+0000] {logging_mixin.py:154} INFO - [2023-12-06T18:29:57.372+0000] {dag.py:2941} INFO - Sync 1 DAGs
[2023-12-06T18:29:57.393+0000] {logging_mixin.py:154} INFO - [2023-12-06T18:29:57.392+0000] {dag.py:3722} INFO - Setting next_dagrun for latest_only_with_trigger to 2023-12-06T14:29:57.392599+00:00, run_after=2023-12-06T18:29:57.392599+00:00
[2023-12-06T18:29:57.414+0000] {processor.py:179} INFO - Processing /usr/local/lib/python3.10/dist-packages/airflow/example_dags/example_latest_only_with_trigger.py took 0.073 seconds
[2023-12-06T18:30:43.302+0000] {processor.py:157} INFO - Started process (PID=4220) to work on /usr/local/lib/python3.10/dist-packages/airflow/example_dags/example_latest_only_with_trigger.py
[2023-12-06T18:30:43.303+0000] {processor.py:829} INFO - Processing file /usr/local/lib/python3.10/dist-packages/airflow/example_dags/example_latest_only_with_trigger.py for tasks to queue
[2023-12-06T18:30:43.304+0000] {logging_mixin.py:154} INFO - [2023-12-06T18:30:43.304+0000] {dagbag.py:536} INFO - Filling up the DagBag from /usr/local/lib/python3.10/dist-packages/airflow/example_dags/example_latest_only_with_trigger.py
[2023-12-06T18:30:43.311+0000] {processor.py:839} INFO - DAG(s) dict_keys(['latest_only_with_trigger']) retrieved from /usr/local/lib/python3.10/dist-packages/airflow/example_dags/example_latest_only_with_trigger.py
[2023-12-06T18:30:43.330+0000] {logging_mixin.py:154} INFO - [2023-12-06T18:30:43.330+0000] {dag.py:2941} INFO - Sync 1 DAGs
[2023-12-06T18:30:43.351+0000] {logging_mixin.py:154} INFO - [2023-12-06T18:30:43.351+0000] {dag.py:3722} INFO - Setting next_dagrun for latest_only_with_trigger to 2023-12-06T14:30:43.350897+00:00, run_after=2023-12-06T18:30:43.350897+00:00
[2023-12-06T18:30:43.374+0000] {processor.py:179} INFO - Processing /usr/local/lib/python3.10/dist-packages/airflow/example_dags/example_latest_only_with_trigger.py took 0.076 seconds
[2023-12-06T18:31:26.315+0000] {processor.py:157} INFO - Started process (PID=4265) to work on /usr/local/lib/python3.10/dist-packages/airflow/example_dags/example_latest_only_with_trigger.py
[2023-12-06T18:31:26.317+0000] {processor.py:829} INFO - Processing file /usr/local/lib/python3.10/dist-packages/airflow/example_dags/example_latest_only_with_trigger.py for tasks to queue
[2023-12-06T18:31:26.317+0000] {logging_mixin.py:154} INFO - [2023-12-06T18:31:26.317+0000] {dagbag.py:536} INFO - Filling up the DagBag from /usr/local/lib/python3.10/dist-packages/airflow/example_dags/example_latest_only_with_trigger.py
[2023-12-06T18:31:26.324+0000] {processor.py:839} INFO - DAG(s) dict_keys(['latest_only_with_trigger']) retrieved from /usr/local/lib/python3.10/dist-packages/airflow/example_dags/example_latest_only_with_trigger.py
[2023-12-06T18:31:26.353+0000] {logging_mixin.py:154} INFO - [2023-12-06T18:31:26.353+0000] {dag.py:2941} INFO - Sync 1 DAGs
[2023-12-06T18:31:26.374+0000] {logging_mixin.py:154} INFO - [2023-12-06T18:31:26.374+0000] {dag.py:3722} INFO - Setting next_dagrun for latest_only_with_trigger to 2023-12-06T14:31:26.374306+00:00, run_after=2023-12-06T18:31:26.374306+00:00
[2023-12-06T18:31:26.396+0000] {processor.py:179} INFO - Processing /usr/local/lib/python3.10/dist-packages/airflow/example_dags/example_latest_only_with_trigger.py took 0.085 seconds
[2023-12-06T18:32:07.944+0000] {processor.py:157} INFO - Started process (PID=4311) to work on /usr/local/lib/python3.10/dist-packages/airflow/example_dags/example_latest_only_with_trigger.py
[2023-12-06T18:32:07.945+0000] {processor.py:829} INFO - Processing file /usr/local/lib/python3.10/dist-packages/airflow/example_dags/example_latest_only_with_trigger.py for tasks to queue
[2023-12-06T18:32:07.946+0000] {logging_mixin.py:154} INFO - [2023-12-06T18:32:07.946+0000] {dagbag.py:536} INFO - Filling up the DagBag from /usr/local/lib/python3.10/dist-packages/airflow/example_dags/example_latest_only_with_trigger.py
[2023-12-06T18:32:07.953+0000] {processor.py:839} INFO - DAG(s) dict_keys(['latest_only_with_trigger']) retrieved from /usr/local/lib/python3.10/dist-packages/airflow/example_dags/example_latest_only_with_trigger.py
[2023-12-06T18:32:07.971+0000] {logging_mixin.py:154} INFO - [2023-12-06T18:32:07.971+0000] {dag.py:2941} INFO - Sync 1 DAGs
[2023-12-06T18:32:07.991+0000] {logging_mixin.py:154} INFO - [2023-12-06T18:32:07.991+0000] {dag.py:3722} INFO - Setting next_dagrun for latest_only_with_trigger to 2023-12-06T14:32:07.991236+00:00, run_after=2023-12-06T18:32:07.991236+00:00
[2023-12-06T18:32:08.021+0000] {processor.py:179} INFO - Processing /usr/local/lib/python3.10/dist-packages/airflow/example_dags/example_latest_only_with_trigger.py took 0.081 seconds
[2023-12-06T18:32:53.039+0000] {processor.py:157} INFO - Started process (PID=4356) to work on /usr/local/lib/python3.10/dist-packages/airflow/example_dags/example_latest_only_with_trigger.py
[2023-12-06T18:32:53.041+0000] {processor.py:829} INFO - Processing file /usr/local/lib/python3.10/dist-packages/airflow/example_dags/example_latest_only_with_trigger.py for tasks to queue
[2023-12-06T18:32:53.042+0000] {logging_mixin.py:154} INFO - [2023-12-06T18:32:53.041+0000] {dagbag.py:536} INFO - Filling up the DagBag from /usr/local/lib/python3.10/dist-packages/airflow/example_dags/example_latest_only_with_trigger.py
[2023-12-06T18:32:53.049+0000] {processor.py:839} INFO - DAG(s) dict_keys(['latest_only_with_trigger']) retrieved from /usr/local/lib/python3.10/dist-packages/airflow/example_dags/example_latest_only_with_trigger.py
[2023-12-06T18:32:53.066+0000] {logging_mixin.py:154} INFO - [2023-12-06T18:32:53.066+0000] {dag.py:2941} INFO - Sync 1 DAGs
[2023-12-06T18:32:53.087+0000] {logging_mixin.py:154} INFO - [2023-12-06T18:32:53.086+0000] {dag.py:3722} INFO - Setting next_dagrun for latest_only_with_trigger to 2023-12-06T14:32:53.086715+00:00, run_after=2023-12-06T18:32:53.086715+00:00
[2023-12-06T18:32:53.112+0000] {processor.py:179} INFO - Processing /usr/local/lib/python3.10/dist-packages/airflow/example_dags/example_latest_only_with_trigger.py took 0.076 seconds
[2023-12-06T18:33:40.990+0000] {processor.py:157} INFO - Started process (PID=4404) to work on /usr/local/lib/python3.10/dist-packages/airflow/example_dags/example_latest_only_with_trigger.py
[2023-12-06T18:33:40.991+0000] {processor.py:829} INFO - Processing file /usr/local/lib/python3.10/dist-packages/airflow/example_dags/example_latest_only_with_trigger.py for tasks to queue
[2023-12-06T18:33:40.992+0000] {logging_mixin.py:154} INFO - [2023-12-06T18:33:40.992+0000] {dagbag.py:536} INFO - Filling up the DagBag from /usr/local/lib/python3.10/dist-packages/airflow/example_dags/example_latest_only_with_trigger.py
[2023-12-06T18:33:40.999+0000] {processor.py:839} INFO - DAG(s) dict_keys(['latest_only_with_trigger']) retrieved from /usr/local/lib/python3.10/dist-packages/airflow/example_dags/example_latest_only_with_trigger.py
[2023-12-06T18:33:41.017+0000] {logging_mixin.py:154} INFO - [2023-12-06T18:33:41.017+0000] {dag.py:2941} INFO - Sync 1 DAGs
[2023-12-06T18:33:41.037+0000] {logging_mixin.py:154} INFO - [2023-12-06T18:33:41.037+0000] {dag.py:3722} INFO - Setting next_dagrun for latest_only_with_trigger to 2023-12-06T14:33:41.037402+00:00, run_after=2023-12-06T18:33:41.037402+00:00
[2023-12-06T18:33:41.060+0000] {processor.py:179} INFO - Processing /usr/local/lib/python3.10/dist-packages/airflow/example_dags/example_latest_only_with_trigger.py took 0.074 seconds
[2023-12-06T18:34:28.388+0000] {processor.py:157} INFO - Started process (PID=4452) to work on /usr/local/lib/python3.10/dist-packages/airflow/example_dags/example_latest_only_with_trigger.py
[2023-12-06T18:34:28.389+0000] {processor.py:829} INFO - Processing file /usr/local/lib/python3.10/dist-packages/airflow/example_dags/example_latest_only_with_trigger.py for tasks to queue
[2023-12-06T18:34:28.390+0000] {logging_mixin.py:154} INFO - [2023-12-06T18:34:28.390+0000] {dagbag.py:536} INFO - Filling up the DagBag from /usr/local/lib/python3.10/dist-packages/airflow/example_dags/example_latest_only_with_trigger.py
[2023-12-06T18:34:28.397+0000] {processor.py:839} INFO - DAG(s) dict_keys(['latest_only_with_trigger']) retrieved from /usr/local/lib/python3.10/dist-packages/airflow/example_dags/example_latest_only_with_trigger.py
[2023-12-06T18:34:28.415+0000] {logging_mixin.py:154} INFO - [2023-12-06T18:34:28.415+0000] {dag.py:2941} INFO - Sync 1 DAGs
[2023-12-06T18:34:28.435+0000] {logging_mixin.py:154} INFO - [2023-12-06T18:34:28.435+0000] {dag.py:3722} INFO - Setting next_dagrun for latest_only_with_trigger to 2023-12-06T14:34:28.435485+00:00, run_after=2023-12-06T18:34:28.435485+00:00
[2023-12-06T18:34:28.459+0000] {processor.py:179} INFO - Processing /usr/local/lib/python3.10/dist-packages/airflow/example_dags/example_latest_only_with_trigger.py took 0.075 seconds
[2023-12-06T18:35:13.026+0000] {processor.py:157} INFO - Started process (PID=4498) to work on /usr/local/lib/python3.10/dist-packages/airflow/example_dags/example_latest_only_with_trigger.py
[2023-12-06T18:35:13.028+0000] {processor.py:829} INFO - Processing file /usr/local/lib/python3.10/dist-packages/airflow/example_dags/example_latest_only_with_trigger.py for tasks to queue
[2023-12-06T18:35:13.028+0000] {logging_mixin.py:154} INFO - [2023-12-06T18:35:13.028+0000] {dagbag.py:536} INFO - Filling up the DagBag from /usr/local/lib/python3.10/dist-packages/airflow/example_dags/example_latest_only_with_trigger.py
[2023-12-06T18:35:13.036+0000] {processor.py:839} INFO - DAG(s) dict_keys(['latest_only_with_trigger']) retrieved from /usr/local/lib/python3.10/dist-packages/airflow/example_dags/example_latest_only_with_trigger.py
[2023-12-06T18:35:13.054+0000] {logging_mixin.py:154} INFO - [2023-12-06T18:35:13.053+0000] {dag.py:2941} INFO - Sync 1 DAGs
[2023-12-06T18:35:13.074+0000] {logging_mixin.py:154} INFO - [2023-12-06T18:35:13.074+0000] {dag.py:3722} INFO - Setting next_dagrun for latest_only_with_trigger to 2023-12-06T14:35:13.074256+00:00, run_after=2023-12-06T18:35:13.074256+00:00
[2023-12-06T18:35:13.098+0000] {processor.py:179} INFO - Processing /usr/local/lib/python3.10/dist-packages/airflow/example_dags/example_latest_only_with_trigger.py took 0.076 seconds
[2023-12-06T18:35:59.658+0000] {processor.py:157} INFO - Started process (PID=4547) to work on /usr/local/lib/python3.10/dist-packages/airflow/example_dags/example_latest_only_with_trigger.py
[2023-12-06T18:35:59.660+0000] {processor.py:829} INFO - Processing file /usr/local/lib/python3.10/dist-packages/airflow/example_dags/example_latest_only_with_trigger.py for tasks to queue
[2023-12-06T18:35:59.661+0000] {logging_mixin.py:154} INFO - [2023-12-06T18:35:59.660+0000] {dagbag.py:536} INFO - Filling up the DagBag from /usr/local/lib/python3.10/dist-packages/airflow/example_dags/example_latest_only_with_trigger.py
[2023-12-06T18:35:59.668+0000] {processor.py:839} INFO - DAG(s) dict_keys(['latest_only_with_trigger']) retrieved from /usr/local/lib/python3.10/dist-packages/airflow/example_dags/example_latest_only_with_trigger.py
[2023-12-06T18:35:59.690+0000] {logging_mixin.py:154} INFO - [2023-12-06T18:35:59.689+0000] {dag.py:2941} INFO - Sync 1 DAGs
[2023-12-06T18:35:59.711+0000] {logging_mixin.py:154} INFO - [2023-12-06T18:35:59.711+0000] {dag.py:3722} INFO - Setting next_dagrun for latest_only_with_trigger to 2023-12-06T14:35:59.711246+00:00, run_after=2023-12-06T18:35:59.711246+00:00
[2023-12-06T18:35:59.733+0000] {processor.py:179} INFO - Processing /usr/local/lib/python3.10/dist-packages/airflow/example_dags/example_latest_only_with_trigger.py took 0.078 seconds
[2023-12-06T18:36:46.561+0000] {processor.py:157} INFO - Started process (PID=4595) to work on /usr/local/lib/python3.10/dist-packages/airflow/example_dags/example_latest_only_with_trigger.py
[2023-12-06T18:36:46.562+0000] {processor.py:829} INFO - Processing file /usr/local/lib/python3.10/dist-packages/airflow/example_dags/example_latest_only_with_trigger.py for tasks to queue
[2023-12-06T18:36:46.563+0000] {logging_mixin.py:154} INFO - [2023-12-06T18:36:46.563+0000] {dagbag.py:536} INFO - Filling up the DagBag from /usr/local/lib/python3.10/dist-packages/airflow/example_dags/example_latest_only_with_trigger.py
[2023-12-06T18:36:46.570+0000] {processor.py:839} INFO - DAG(s) dict_keys(['latest_only_with_trigger']) retrieved from /usr/local/lib/python3.10/dist-packages/airflow/example_dags/example_latest_only_with_trigger.py
[2023-12-06T18:36:46.588+0000] {logging_mixin.py:154} INFO - [2023-12-06T18:36:46.588+0000] {dag.py:2941} INFO - Sync 1 DAGs
[2023-12-06T18:36:46.609+0000] {logging_mixin.py:154} INFO - [2023-12-06T18:36:46.609+0000] {dag.py:3722} INFO - Setting next_dagrun for latest_only_with_trigger to 2023-12-06T14:36:46.608743+00:00, run_after=2023-12-06T18:36:46.608743+00:00
[2023-12-06T18:36:46.632+0000] {processor.py:179} INFO - Processing /usr/local/lib/python3.10/dist-packages/airflow/example_dags/example_latest_only_with_trigger.py took 0.075 seconds
[2023-12-06T18:37:31.447+0000] {processor.py:157} INFO - Started process (PID=4642) to work on /usr/local/lib/python3.10/dist-packages/airflow/example_dags/example_latest_only_with_trigger.py
[2023-12-06T18:37:31.448+0000] {processor.py:829} INFO - Processing file /usr/local/lib/python3.10/dist-packages/airflow/example_dags/example_latest_only_with_trigger.py for tasks to queue
[2023-12-06T18:37:31.449+0000] {logging_mixin.py:154} INFO - [2023-12-06T18:37:31.449+0000] {dagbag.py:536} INFO - Filling up the DagBag from /usr/local/lib/python3.10/dist-packages/airflow/example_dags/example_latest_only_with_trigger.py
[2023-12-06T18:37:31.457+0000] {processor.py:839} INFO - DAG(s) dict_keys(['latest_only_with_trigger']) retrieved from /usr/local/lib/python3.10/dist-packages/airflow/example_dags/example_latest_only_with_trigger.py
[2023-12-06T18:37:31.475+0000] {logging_mixin.py:154} INFO - [2023-12-06T18:37:31.475+0000] {dag.py:2941} INFO - Sync 1 DAGs
[2023-12-06T18:37:31.495+0000] {logging_mixin.py:154} INFO - [2023-12-06T18:37:31.495+0000] {dag.py:3722} INFO - Setting next_dagrun for latest_only_with_trigger to 2023-12-06T14:37:31.495246+00:00, run_after=2023-12-06T18:37:31.495246+00:00
[2023-12-06T18:37:31.517+0000] {processor.py:179} INFO - Processing /usr/local/lib/python3.10/dist-packages/airflow/example_dags/example_latest_only_with_trigger.py took 0.074 seconds
[2023-12-06T18:38:17.833+0000] {processor.py:157} INFO - Started process (PID=4689) to work on /usr/local/lib/python3.10/dist-packages/airflow/example_dags/example_latest_only_with_trigger.py
[2023-12-06T18:38:17.835+0000] {processor.py:829} INFO - Processing file /usr/local/lib/python3.10/dist-packages/airflow/example_dags/example_latest_only_with_trigger.py for tasks to queue
[2023-12-06T18:38:17.835+0000] {logging_mixin.py:154} INFO - [2023-12-06T18:38:17.835+0000] {dagbag.py:536} INFO - Filling up the DagBag from /usr/local/lib/python3.10/dist-packages/airflow/example_dags/example_latest_only_with_trigger.py
[2023-12-06T18:38:17.843+0000] {processor.py:839} INFO - DAG(s) dict_keys(['latest_only_with_trigger']) retrieved from /usr/local/lib/python3.10/dist-packages/airflow/example_dags/example_latest_only_with_trigger.py
[2023-12-06T18:38:17.860+0000] {logging_mixin.py:154} INFO - [2023-12-06T18:38:17.860+0000] {dag.py:2941} INFO - Sync 1 DAGs
[2023-12-06T18:38:17.881+0000] {logging_mixin.py:154} INFO - [2023-12-06T18:38:17.881+0000] {dag.py:3722} INFO - Setting next_dagrun for latest_only_with_trigger to 2023-12-06T14:38:17.881093+00:00, run_after=2023-12-06T18:38:17.881093+00:00
[2023-12-06T18:38:17.904+0000] {processor.py:179} INFO - Processing /usr/local/lib/python3.10/dist-packages/airflow/example_dags/example_latest_only_with_trigger.py took 0.074 seconds
[2023-12-06T18:39:07.018+0000] {processor.py:157} INFO - Started process (PID=4738) to work on /usr/local/lib/python3.10/dist-packages/airflow/example_dags/example_latest_only_with_trigger.py
[2023-12-06T18:39:07.019+0000] {processor.py:829} INFO - Processing file /usr/local/lib/python3.10/dist-packages/airflow/example_dags/example_latest_only_with_trigger.py for tasks to queue
[2023-12-06T18:39:07.020+0000] {logging_mixin.py:154} INFO - [2023-12-06T18:39:07.020+0000] {dagbag.py:536} INFO - Filling up the DagBag from /usr/local/lib/python3.10/dist-packages/airflow/example_dags/example_latest_only_with_trigger.py
[2023-12-06T18:39:07.027+0000] {processor.py:839} INFO - DAG(s) dict_keys(['latest_only_with_trigger']) retrieved from /usr/local/lib/python3.10/dist-packages/airflow/example_dags/example_latest_only_with_trigger.py
[2023-12-06T18:39:07.045+0000] {logging_mixin.py:154} INFO - [2023-12-06T18:39:07.044+0000] {dag.py:2941} INFO - Sync 1 DAGs
[2023-12-06T18:39:07.064+0000] {logging_mixin.py:154} INFO - [2023-12-06T18:39:07.064+0000] {dag.py:3722} INFO - Setting next_dagrun for latest_only_with_trigger to 2023-12-06T14:39:07.064313+00:00, run_after=2023-12-06T18:39:07.064313+00:00
[2023-12-06T18:39:07.088+0000] {processor.py:179} INFO - Processing /usr/local/lib/python3.10/dist-packages/airflow/example_dags/example_latest_only_with_trigger.py took 0.074 seconds
[2023-12-06T18:39:53.851+0000] {processor.py:157} INFO - Started process (PID=4786) to work on /usr/local/lib/python3.10/dist-packages/airflow/example_dags/example_latest_only_with_trigger.py
[2023-12-06T18:39:53.853+0000] {processor.py:829} INFO - Processing file /usr/local/lib/python3.10/dist-packages/airflow/example_dags/example_latest_only_with_trigger.py for tasks to queue
[2023-12-06T18:39:53.854+0000] {logging_mixin.py:154} INFO - [2023-12-06T18:39:53.854+0000] {dagbag.py:536} INFO - Filling up the DagBag from /usr/local/lib/python3.10/dist-packages/airflow/example_dags/example_latest_only_with_trigger.py
[2023-12-06T18:39:53.861+0000] {processor.py:839} INFO - DAG(s) dict_keys(['latest_only_with_trigger']) retrieved from /usr/local/lib/python3.10/dist-packages/airflow/example_dags/example_latest_only_with_trigger.py
[2023-12-06T18:39:53.880+0000] {logging_mixin.py:154} INFO - [2023-12-06T18:39:53.879+0000] {dag.py:2941} INFO - Sync 1 DAGs
[2023-12-06T18:39:53.900+0000] {logging_mixin.py:154} INFO - [2023-12-06T18:39:53.900+0000] {dag.py:3722} INFO - Setting next_dagrun for latest_only_with_trigger to 2023-12-06T14:39:53.900423+00:00, run_after=2023-12-06T18:39:53.900423+00:00
[2023-12-06T18:39:53.929+0000] {processor.py:179} INFO - Processing /usr/local/lib/python3.10/dist-packages/airflow/example_dags/example_latest_only_with_trigger.py took 0.081 seconds
[2023-12-06T18:40:45.232+0000] {processor.py:157} INFO - Started process (PID=4837) to work on /usr/local/lib/python3.10/dist-packages/airflow/example_dags/example_latest_only_with_trigger.py
[2023-12-06T18:40:45.234+0000] {processor.py:829} INFO - Processing file /usr/local/lib/python3.10/dist-packages/airflow/example_dags/example_latest_only_with_trigger.py for tasks to queue
[2023-12-06T18:40:45.234+0000] {logging_mixin.py:154} INFO - [2023-12-06T18:40:45.234+0000] {dagbag.py:536} INFO - Filling up the DagBag from /usr/local/lib/python3.10/dist-packages/airflow/example_dags/example_latest_only_with_trigger.py
[2023-12-06T18:40:45.242+0000] {processor.py:839} INFO - DAG(s) dict_keys(['latest_only_with_trigger']) retrieved from /usr/local/lib/python3.10/dist-packages/airflow/example_dags/example_latest_only_with_trigger.py
[2023-12-06T18:40:45.260+0000] {logging_mixin.py:154} INFO - [2023-12-06T18:40:45.260+0000] {dag.py:2941} INFO - Sync 1 DAGs
[2023-12-06T18:40:45.281+0000] {logging_mixin.py:154} INFO - [2023-12-06T18:40:45.281+0000] {dag.py:3722} INFO - Setting next_dagrun for latest_only_with_trigger to 2023-12-06T14:40:45.281039+00:00, run_after=2023-12-06T18:40:45.281039+00:00
[2023-12-06T18:40:45.303+0000] {processor.py:179} INFO - Processing /usr/local/lib/python3.10/dist-packages/airflow/example_dags/example_latest_only_with_trigger.py took 0.075 seconds
[2023-12-06T18:41:35.573+0000] {processor.py:157} INFO - Started process (PID=4887) to work on /usr/local/lib/python3.10/dist-packages/airflow/example_dags/example_latest_only_with_trigger.py
[2023-12-06T18:41:35.575+0000] {processor.py:829} INFO - Processing file /usr/local/lib/python3.10/dist-packages/airflow/example_dags/example_latest_only_with_trigger.py for tasks to queue
[2023-12-06T18:41:35.576+0000] {logging_mixin.py:154} INFO - [2023-12-06T18:41:35.575+0000] {dagbag.py:536} INFO - Filling up the DagBag from /usr/local/lib/python3.10/dist-packages/airflow/example_dags/example_latest_only_with_trigger.py
[2023-12-06T18:41:35.583+0000] {processor.py:839} INFO - DAG(s) dict_keys(['latest_only_with_trigger']) retrieved from /usr/local/lib/python3.10/dist-packages/airflow/example_dags/example_latest_only_with_trigger.py
[2023-12-06T18:41:35.600+0000] {logging_mixin.py:154} INFO - [2023-12-06T18:41:35.600+0000] {dag.py:2941} INFO - Sync 1 DAGs
[2023-12-06T18:41:35.620+0000] {logging_mixin.py:154} INFO - [2023-12-06T18:41:35.620+0000] {dag.py:3722} INFO - Setting next_dagrun for latest_only_with_trigger to 2023-12-06T14:41:35.620414+00:00, run_after=2023-12-06T18:41:35.620414+00:00
[2023-12-06T18:41:35.644+0000] {processor.py:179} INFO - Processing /usr/local/lib/python3.10/dist-packages/airflow/example_dags/example_latest_only_with_trigger.py took 0.074 seconds
[2023-12-06T18:42:20.150+0000] {processor.py:157} INFO - Started process (PID=4933) to work on /usr/local/lib/python3.10/dist-packages/airflow/example_dags/example_latest_only_with_trigger.py
[2023-12-06T18:42:20.152+0000] {processor.py:829} INFO - Processing file /usr/local/lib/python3.10/dist-packages/airflow/example_dags/example_latest_only_with_trigger.py for tasks to queue
[2023-12-06T18:42:20.153+0000] {logging_mixin.py:154} INFO - [2023-12-06T18:42:20.152+0000] {dagbag.py:536} INFO - Filling up the DagBag from /usr/local/lib/python3.10/dist-packages/airflow/example_dags/example_latest_only_with_trigger.py
[2023-12-06T18:42:20.159+0000] {processor.py:839} INFO - DAG(s) dict_keys(['latest_only_with_trigger']) retrieved from /usr/local/lib/python3.10/dist-packages/airflow/example_dags/example_latest_only_with_trigger.py
[2023-12-06T18:42:20.177+0000] {logging_mixin.py:154} INFO - [2023-12-06T18:42:20.177+0000] {dag.py:2941} INFO - Sync 1 DAGs
[2023-12-06T18:42:20.196+0000] {logging_mixin.py:154} INFO - [2023-12-06T18:42:20.196+0000] {dag.py:3722} INFO - Setting next_dagrun for latest_only_with_trigger to 2023-12-06T14:42:20.196440+00:00, run_after=2023-12-06T18:42:20.196440+00:00
[2023-12-06T18:42:20.219+0000] {processor.py:179} INFO - Processing /usr/local/lib/python3.10/dist-packages/airflow/example_dags/example_latest_only_with_trigger.py took 0.072 seconds
[2023-12-06T18:43:10.846+0000] {processor.py:157} INFO - Started process (PID=4984) to work on /usr/local/lib/python3.10/dist-packages/airflow/example_dags/example_latest_only_with_trigger.py
[2023-12-06T18:43:10.848+0000] {processor.py:829} INFO - Processing file /usr/local/lib/python3.10/dist-packages/airflow/example_dags/example_latest_only_with_trigger.py for tasks to queue
[2023-12-06T18:43:10.848+0000] {logging_mixin.py:154} INFO - [2023-12-06T18:43:10.848+0000] {dagbag.py:536} INFO - Filling up the DagBag from /usr/local/lib/python3.10/dist-packages/airflow/example_dags/example_latest_only_with_trigger.py
[2023-12-06T18:43:10.856+0000] {processor.py:839} INFO - DAG(s) dict_keys(['latest_only_with_trigger']) retrieved from /usr/local/lib/python3.10/dist-packages/airflow/example_dags/example_latest_only_with_trigger.py
[2023-12-06T18:43:10.874+0000] {logging_mixin.py:154} INFO - [2023-12-06T18:43:10.874+0000] {dag.py:2941} INFO - Sync 1 DAGs
[2023-12-06T18:43:10.896+0000] {logging_mixin.py:154} INFO - [2023-12-06T18:43:10.895+0000] {dag.py:3722} INFO - Setting next_dagrun for latest_only_with_trigger to 2023-12-06T14:43:10.895586+00:00, run_after=2023-12-06T18:43:10.895586+00:00
[2023-12-06T18:43:10.947+0000] {processor.py:179} INFO - Processing /usr/local/lib/python3.10/dist-packages/airflow/example_dags/example_latest_only_with_trigger.py took 0.105 seconds
[2023-12-06T18:44:02.783+0000] {processor.py:157} INFO - Started process (PID=5035) to work on /usr/local/lib/python3.10/dist-packages/airflow/example_dags/example_latest_only_with_trigger.py
[2023-12-06T18:44:02.784+0000] {processor.py:829} INFO - Processing file /usr/local/lib/python3.10/dist-packages/airflow/example_dags/example_latest_only_with_trigger.py for tasks to queue
[2023-12-06T18:44:02.785+0000] {logging_mixin.py:154} INFO - [2023-12-06T18:44:02.784+0000] {dagbag.py:536} INFO - Filling up the DagBag from /usr/local/lib/python3.10/dist-packages/airflow/example_dags/example_latest_only_with_trigger.py
[2023-12-06T18:44:02.792+0000] {processor.py:839} INFO - DAG(s) dict_keys(['latest_only_with_trigger']) retrieved from /usr/local/lib/python3.10/dist-packages/airflow/example_dags/example_latest_only_with_trigger.py
[2023-12-06T18:44:02.811+0000] {logging_mixin.py:154} INFO - [2023-12-06T18:44:02.810+0000] {dag.py:2941} INFO - Sync 1 DAGs
[2023-12-06T18:44:02.832+0000] {logging_mixin.py:154} INFO - [2023-12-06T18:44:02.832+0000] {dag.py:3722} INFO - Setting next_dagrun for latest_only_with_trigger to 2023-12-06T14:44:02.832113+00:00, run_after=2023-12-06T18:44:02.832113+00:00
[2023-12-06T18:44:02.855+0000] {processor.py:179} INFO - Processing /usr/local/lib/python3.10/dist-packages/airflow/example_dags/example_latest_only_with_trigger.py took 0.076 seconds
[2023-12-06T18:44:51.606+0000] {processor.py:157} INFO - Started process (PID=5085) to work on /usr/local/lib/python3.10/dist-packages/airflow/example_dags/example_latest_only_with_trigger.py
[2023-12-06T18:44:51.607+0000] {processor.py:829} INFO - Processing file /usr/local/lib/python3.10/dist-packages/airflow/example_dags/example_latest_only_with_trigger.py for tasks to queue
[2023-12-06T18:44:51.608+0000] {logging_mixin.py:154} INFO - [2023-12-06T18:44:51.608+0000] {dagbag.py:536} INFO - Filling up the DagBag from /usr/local/lib/python3.10/dist-packages/airflow/example_dags/example_latest_only_with_trigger.py
[2023-12-06T18:44:51.615+0000] {processor.py:839} INFO - DAG(s) dict_keys(['latest_only_with_trigger']) retrieved from /usr/local/lib/python3.10/dist-packages/airflow/example_dags/example_latest_only_with_trigger.py
[2023-12-06T18:44:51.633+0000] {logging_mixin.py:154} INFO - [2023-12-06T18:44:51.633+0000] {dag.py:2941} INFO - Sync 1 DAGs
[2023-12-06T18:44:51.660+0000] {logging_mixin.py:154} INFO - [2023-12-06T18:44:51.659+0000] {dag.py:3722} INFO - Setting next_dagrun for latest_only_with_trigger to 2023-12-06T14:44:51.659667+00:00, run_after=2023-12-06T18:44:51.659667+00:00
[2023-12-06T18:44:51.682+0000] {processor.py:179} INFO - Processing /usr/local/lib/python3.10/dist-packages/airflow/example_dags/example_latest_only_with_trigger.py took 0.080 seconds
[2023-12-06T18:45:37.172+0000] {processor.py:157} INFO - Started process (PID=5133) to work on /usr/local/lib/python3.10/dist-packages/airflow/example_dags/example_latest_only_with_trigger.py
[2023-12-06T18:45:37.174+0000] {processor.py:829} INFO - Processing file /usr/local/lib/python3.10/dist-packages/airflow/example_dags/example_latest_only_with_trigger.py for tasks to queue
[2023-12-06T18:45:37.174+0000] {logging_mixin.py:154} INFO - [2023-12-06T18:45:37.174+0000] {dagbag.py:536} INFO - Filling up the DagBag from /usr/local/lib/python3.10/dist-packages/airflow/example_dags/example_latest_only_with_trigger.py
[2023-12-06T18:45:37.182+0000] {processor.py:839} INFO - DAG(s) dict_keys(['latest_only_with_trigger']) retrieved from /usr/local/lib/python3.10/dist-packages/airflow/example_dags/example_latest_only_with_trigger.py
[2023-12-06T18:45:37.200+0000] {logging_mixin.py:154} INFO - [2023-12-06T18:45:37.200+0000] {dag.py:2941} INFO - Sync 1 DAGs
[2023-12-06T18:45:37.221+0000] {logging_mixin.py:154} INFO - [2023-12-06T18:45:37.221+0000] {dag.py:3722} INFO - Setting next_dagrun for latest_only_with_trigger to 2023-12-06T14:45:37.221147+00:00, run_after=2023-12-06T18:45:37.221147+00:00
[2023-12-06T18:45:37.243+0000] {processor.py:179} INFO - Processing /usr/local/lib/python3.10/dist-packages/airflow/example_dags/example_latest_only_with_trigger.py took 0.075 seconds
[2023-12-06T18:46:20.567+0000] {processor.py:157} INFO - Started process (PID=5179) to work on /usr/local/lib/python3.10/dist-packages/airflow/example_dags/example_latest_only_with_trigger.py
[2023-12-06T18:46:20.569+0000] {processor.py:829} INFO - Processing file /usr/local/lib/python3.10/dist-packages/airflow/example_dags/example_latest_only_with_trigger.py for tasks to queue
[2023-12-06T18:46:20.570+0000] {logging_mixin.py:154} INFO - [2023-12-06T18:46:20.570+0000] {dagbag.py:536} INFO - Filling up the DagBag from /usr/local/lib/python3.10/dist-packages/airflow/example_dags/example_latest_only_with_trigger.py
[2023-12-06T18:46:20.577+0000] {processor.py:839} INFO - DAG(s) dict_keys(['latest_only_with_trigger']) retrieved from /usr/local/lib/python3.10/dist-packages/airflow/example_dags/example_latest_only_with_trigger.py
[2023-12-06T18:46:20.594+0000] {logging_mixin.py:154} INFO - [2023-12-06T18:46:20.594+0000] {dag.py:2941} INFO - Sync 1 DAGs
[2023-12-06T18:46:20.614+0000] {logging_mixin.py:154} INFO - [2023-12-06T18:46:20.614+0000] {dag.py:3722} INFO - Setting next_dagrun for latest_only_with_trigger to 2023-12-06T14:46:20.614417+00:00, run_after=2023-12-06T18:46:20.614417+00:00
[2023-12-06T18:46:20.639+0000] {processor.py:179} INFO - Processing /usr/local/lib/python3.10/dist-packages/airflow/example_dags/example_latest_only_with_trigger.py took 0.075 seconds
[2023-12-06T18:47:05.239+0000] {processor.py:157} INFO - Started process (PID=5226) to work on /usr/local/lib/python3.10/dist-packages/airflow/example_dags/example_latest_only_with_trigger.py
[2023-12-06T18:47:05.241+0000] {processor.py:829} INFO - Processing file /usr/local/lib/python3.10/dist-packages/airflow/example_dags/example_latest_only_with_trigger.py for tasks to queue
[2023-12-06T18:47:05.241+0000] {logging_mixin.py:154} INFO - [2023-12-06T18:47:05.241+0000] {dagbag.py:536} INFO - Filling up the DagBag from /usr/local/lib/python3.10/dist-packages/airflow/example_dags/example_latest_only_with_trigger.py
[2023-12-06T18:47:05.249+0000] {processor.py:839} INFO - DAG(s) dict_keys(['latest_only_with_trigger']) retrieved from /usr/local/lib/python3.10/dist-packages/airflow/example_dags/example_latest_only_with_trigger.py
[2023-12-06T18:47:05.267+0000] {logging_mixin.py:154} INFO - [2023-12-06T18:47:05.267+0000] {dag.py:2941} INFO - Sync 1 DAGs
[2023-12-06T18:47:05.288+0000] {logging_mixin.py:154} INFO - [2023-12-06T18:47:05.288+0000] {dag.py:3722} INFO - Setting next_dagrun for latest_only_with_trigger to 2023-12-06T14:47:05.287781+00:00, run_after=2023-12-06T18:47:05.287781+00:00
[2023-12-06T18:47:05.311+0000] {processor.py:179} INFO - Processing /usr/local/lib/python3.10/dist-packages/airflow/example_dags/example_latest_only_with_trigger.py took 0.076 seconds
[2023-12-06T18:47:55.923+0000] {processor.py:157} INFO - Started process (PID=5278) to work on /usr/local/lib/python3.10/dist-packages/airflow/example_dags/example_latest_only_with_trigger.py
[2023-12-06T18:47:55.924+0000] {processor.py:829} INFO - Processing file /usr/local/lib/python3.10/dist-packages/airflow/example_dags/example_latest_only_with_trigger.py for tasks to queue
[2023-12-06T18:47:55.925+0000] {logging_mixin.py:154} INFO - [2023-12-06T18:47:55.925+0000] {dagbag.py:536} INFO - Filling up the DagBag from /usr/local/lib/python3.10/dist-packages/airflow/example_dags/example_latest_only_with_trigger.py
[2023-12-06T18:47:55.932+0000] {processor.py:839} INFO - DAG(s) dict_keys(['latest_only_with_trigger']) retrieved from /usr/local/lib/python3.10/dist-packages/airflow/example_dags/example_latest_only_with_trigger.py
[2023-12-06T18:47:55.950+0000] {logging_mixin.py:154} INFO - [2023-12-06T18:47:55.950+0000] {dag.py:2941} INFO - Sync 1 DAGs
[2023-12-06T18:47:55.976+0000] {logging_mixin.py:154} INFO - [2023-12-06T18:47:55.976+0000] {dag.py:3722} INFO - Setting next_dagrun for latest_only_with_trigger to 2023-12-06T14:47:55.975887+00:00, run_after=2023-12-06T18:47:55.975887+00:00
[2023-12-06T18:47:56.000+0000] {processor.py:179} INFO - Processing /usr/local/lib/python3.10/dist-packages/airflow/example_dags/example_latest_only_with_trigger.py took 0.081 seconds
[2023-12-06T18:48:46.733+0000] {processor.py:157} INFO - Started process (PID=5328) to work on /usr/local/lib/python3.10/dist-packages/airflow/example_dags/example_latest_only_with_trigger.py
[2023-12-06T18:48:46.735+0000] {processor.py:829} INFO - Processing file /usr/local/lib/python3.10/dist-packages/airflow/example_dags/example_latest_only_with_trigger.py for tasks to queue
[2023-12-06T18:48:46.736+0000] {logging_mixin.py:154} INFO - [2023-12-06T18:48:46.735+0000] {dagbag.py:536} INFO - Filling up the DagBag from /usr/local/lib/python3.10/dist-packages/airflow/example_dags/example_latest_only_with_trigger.py
[2023-12-06T18:48:46.743+0000] {processor.py:839} INFO - DAG(s) dict_keys(['latest_only_with_trigger']) retrieved from /usr/local/lib/python3.10/dist-packages/airflow/example_dags/example_latest_only_with_trigger.py
[2023-12-06T18:48:46.762+0000] {logging_mixin.py:154} INFO - [2023-12-06T18:48:46.761+0000] {dag.py:2941} INFO - Sync 1 DAGs
[2023-12-06T18:48:46.782+0000] {logging_mixin.py:154} INFO - [2023-12-06T18:48:46.782+0000] {dag.py:3722} INFO - Setting next_dagrun for latest_only_with_trigger to 2023-12-06T14:48:46.782087+00:00, run_after=2023-12-06T18:48:46.782087+00:00
[2023-12-06T18:48:46.805+0000] {processor.py:179} INFO - Processing /usr/local/lib/python3.10/dist-packages/airflow/example_dags/example_latest_only_with_trigger.py took 0.075 seconds
[2023-12-06T18:49:32.540+0000] {processor.py:157} INFO - Started process (PID=5375) to work on /usr/local/lib/python3.10/dist-packages/airflow/example_dags/example_latest_only_with_trigger.py
[2023-12-06T18:49:32.542+0000] {processor.py:829} INFO - Processing file /usr/local/lib/python3.10/dist-packages/airflow/example_dags/example_latest_only_with_trigger.py for tasks to queue
[2023-12-06T18:49:32.543+0000] {logging_mixin.py:154} INFO - [2023-12-06T18:49:32.542+0000] {dagbag.py:536} INFO - Filling up the DagBag from /usr/local/lib/python3.10/dist-packages/airflow/example_dags/example_latest_only_with_trigger.py
[2023-12-06T18:49:32.550+0000] {processor.py:839} INFO - DAG(s) dict_keys(['latest_only_with_trigger']) retrieved from /usr/local/lib/python3.10/dist-packages/airflow/example_dags/example_latest_only_with_trigger.py
[2023-12-06T18:49:32.567+0000] {logging_mixin.py:154} INFO - [2023-12-06T18:49:32.567+0000] {dag.py:2941} INFO - Sync 1 DAGs
[2023-12-06T18:49:32.588+0000] {logging_mixin.py:154} INFO - [2023-12-06T18:49:32.588+0000] {dag.py:3722} INFO - Setting next_dagrun for latest_only_with_trigger to 2023-12-06T14:49:32.587861+00:00, run_after=2023-12-06T18:49:32.587861+00:00
[2023-12-06T18:49:32.609+0000] {processor.py:179} INFO - Processing /usr/local/lib/python3.10/dist-packages/airflow/example_dags/example_latest_only_with_trigger.py took 0.073 seconds
[2023-12-06T18:50:13.152+0000] {processor.py:157} INFO - Started process (PID=5419) to work on /usr/local/lib/python3.10/dist-packages/airflow/example_dags/example_latest_only_with_trigger.py
[2023-12-06T18:50:13.153+0000] {processor.py:829} INFO - Processing file /usr/local/lib/python3.10/dist-packages/airflow/example_dags/example_latest_only_with_trigger.py for tasks to queue
[2023-12-06T18:50:13.154+0000] {logging_mixin.py:154} INFO - [2023-12-06T18:50:13.154+0000] {dagbag.py:536} INFO - Filling up the DagBag from /usr/local/lib/python3.10/dist-packages/airflow/example_dags/example_latest_only_with_trigger.py
[2023-12-06T18:50:13.161+0000] {processor.py:839} INFO - DAG(s) dict_keys(['latest_only_with_trigger']) retrieved from /usr/local/lib/python3.10/dist-packages/airflow/example_dags/example_latest_only_with_trigger.py
[2023-12-06T18:50:13.180+0000] {logging_mixin.py:154} INFO - [2023-12-06T18:50:13.179+0000] {dag.py:2941} INFO - Sync 1 DAGs
[2023-12-06T18:50:13.201+0000] {logging_mixin.py:154} INFO - [2023-12-06T18:50:13.201+0000] {dag.py:3722} INFO - Setting next_dagrun for latest_only_with_trigger to 2023-12-06T14:50:13.201300+00:00, run_after=2023-12-06T18:50:13.201300+00:00
[2023-12-06T18:50:13.224+0000] {processor.py:179} INFO - Processing /usr/local/lib/python3.10/dist-packages/airflow/example_dags/example_latest_only_with_trigger.py took 0.075 seconds
[2023-12-06T18:50:57.740+0000] {processor.py:157} INFO - Started process (PID=5468) to work on /usr/local/lib/python3.10/dist-packages/airflow/example_dags/example_latest_only_with_trigger.py
[2023-12-06T18:50:57.742+0000] {processor.py:829} INFO - Processing file /usr/local/lib/python3.10/dist-packages/airflow/example_dags/example_latest_only_with_trigger.py for tasks to queue
[2023-12-06T18:50:57.743+0000] {logging_mixin.py:154} INFO - [2023-12-06T18:50:57.742+0000] {dagbag.py:536} INFO - Filling up the DagBag from /usr/local/lib/python3.10/dist-packages/airflow/example_dags/example_latest_only_with_trigger.py
[2023-12-06T18:50:57.750+0000] {processor.py:839} INFO - DAG(s) dict_keys(['latest_only_with_trigger']) retrieved from /usr/local/lib/python3.10/dist-packages/airflow/example_dags/example_latest_only_with_trigger.py
[2023-12-06T18:50:57.768+0000] {logging_mixin.py:154} INFO - [2023-12-06T18:50:57.768+0000] {dag.py:2941} INFO - Sync 1 DAGs
[2023-12-06T18:50:57.789+0000] {logging_mixin.py:154} INFO - [2023-12-06T18:50:57.789+0000] {dag.py:3722} INFO - Setting next_dagrun for latest_only_with_trigger to 2023-12-06T14:50:57.789103+00:00, run_after=2023-12-06T18:50:57.789103+00:00
[2023-12-06T18:50:57.811+0000] {processor.py:179} INFO - Processing /usr/local/lib/python3.10/dist-packages/airflow/example_dags/example_latest_only_with_trigger.py took 0.075 seconds
[2023-12-06T18:51:39.975+0000] {processor.py:157} INFO - Started process (PID=5513) to work on /usr/local/lib/python3.10/dist-packages/airflow/example_dags/example_latest_only_with_trigger.py
[2023-12-06T18:51:39.976+0000] {processor.py:829} INFO - Processing file /usr/local/lib/python3.10/dist-packages/airflow/example_dags/example_latest_only_with_trigger.py for tasks to queue
[2023-12-06T18:51:39.977+0000] {logging_mixin.py:154} INFO - [2023-12-06T18:51:39.977+0000] {dagbag.py:536} INFO - Filling up the DagBag from /usr/local/lib/python3.10/dist-packages/airflow/example_dags/example_latest_only_with_trigger.py
[2023-12-06T18:51:39.985+0000] {processor.py:839} INFO - DAG(s) dict_keys(['latest_only_with_trigger']) retrieved from /usr/local/lib/python3.10/dist-packages/airflow/example_dags/example_latest_only_with_trigger.py
[2023-12-06T18:51:40.004+0000] {logging_mixin.py:154} INFO - [2023-12-06T18:51:40.003+0000] {dag.py:2941} INFO - Sync 1 DAGs
[2023-12-06T18:51:40.026+0000] {logging_mixin.py:154} INFO - [2023-12-06T18:51:40.026+0000] {dag.py:3722} INFO - Setting next_dagrun for latest_only_with_trigger to 2023-12-06T14:51:40.025909+00:00, run_after=2023-12-06T18:51:40.025909+00:00
[2023-12-06T18:51:40.050+0000] {processor.py:179} INFO - Processing /usr/local/lib/python3.10/dist-packages/airflow/example_dags/example_latest_only_with_trigger.py took 0.079 seconds
[2023-12-06T18:52:26.371+0000] {processor.py:157} INFO - Started process (PID=5560) to work on /usr/local/lib/python3.10/dist-packages/airflow/example_dags/example_latest_only_with_trigger.py
[2023-12-06T18:52:26.372+0000] {processor.py:829} INFO - Processing file /usr/local/lib/python3.10/dist-packages/airflow/example_dags/example_latest_only_with_trigger.py for tasks to queue
[2023-12-06T18:52:26.373+0000] {logging_mixin.py:154} INFO - [2023-12-06T18:52:26.373+0000] {dagbag.py:536} INFO - Filling up the DagBag from /usr/local/lib/python3.10/dist-packages/airflow/example_dags/example_latest_only_with_trigger.py
[2023-12-06T18:52:26.381+0000] {processor.py:839} INFO - DAG(s) dict_keys(['latest_only_with_trigger']) retrieved from /usr/local/lib/python3.10/dist-packages/airflow/example_dags/example_latest_only_with_trigger.py
[2023-12-06T18:52:26.399+0000] {logging_mixin.py:154} INFO - [2023-12-06T18:52:26.398+0000] {dag.py:2941} INFO - Sync 1 DAGs
[2023-12-06T18:52:26.420+0000] {logging_mixin.py:154} INFO - [2023-12-06T18:52:26.419+0000] {dag.py:3722} INFO - Setting next_dagrun for latest_only_with_trigger to 2023-12-06T14:52:26.419539+00:00, run_after=2023-12-06T18:52:26.419539+00:00
[2023-12-06T18:52:26.444+0000] {processor.py:179} INFO - Processing /usr/local/lib/python3.10/dist-packages/airflow/example_dags/example_latest_only_with_trigger.py took 0.077 seconds
[2023-12-06T18:53:13.492+0000] {processor.py:157} INFO - Started process (PID=5608) to work on /usr/local/lib/python3.10/dist-packages/airflow/example_dags/example_latest_only_with_trigger.py
[2023-12-06T18:53:13.494+0000] {processor.py:829} INFO - Processing file /usr/local/lib/python3.10/dist-packages/airflow/example_dags/example_latest_only_with_trigger.py for tasks to queue
[2023-12-06T18:53:13.494+0000] {logging_mixin.py:154} INFO - [2023-12-06T18:53:13.494+0000] {dagbag.py:536} INFO - Filling up the DagBag from /usr/local/lib/python3.10/dist-packages/airflow/example_dags/example_latest_only_with_trigger.py
[2023-12-06T18:53:13.502+0000] {processor.py:839} INFO - DAG(s) dict_keys(['latest_only_with_trigger']) retrieved from /usr/local/lib/python3.10/dist-packages/airflow/example_dags/example_latest_only_with_trigger.py
[2023-12-06T18:53:13.519+0000] {logging_mixin.py:154} INFO - [2023-12-06T18:53:13.519+0000] {dag.py:2941} INFO - Sync 1 DAGs
[2023-12-06T18:53:13.539+0000] {logging_mixin.py:154} INFO - [2023-12-06T18:53:13.539+0000] {dag.py:3722} INFO - Setting next_dagrun for latest_only_with_trigger to 2023-12-06T14:53:13.539227+00:00, run_after=2023-12-06T18:53:13.539227+00:00
[2023-12-06T18:53:13.561+0000] {processor.py:179} INFO - Processing /usr/local/lib/python3.10/dist-packages/airflow/example_dags/example_latest_only_with_trigger.py took 0.072 seconds
[2023-12-06T18:53:56.113+0000] {processor.py:157} INFO - Started process (PID=5654) to work on /usr/local/lib/python3.10/dist-packages/airflow/example_dags/example_latest_only_with_trigger.py
[2023-12-06T18:53:56.115+0000] {processor.py:829} INFO - Processing file /usr/local/lib/python3.10/dist-packages/airflow/example_dags/example_latest_only_with_trigger.py for tasks to queue
[2023-12-06T18:53:56.115+0000] {logging_mixin.py:154} INFO - [2023-12-06T18:53:56.115+0000] {dagbag.py:536} INFO - Filling up the DagBag from /usr/local/lib/python3.10/dist-packages/airflow/example_dags/example_latest_only_with_trigger.py
[2023-12-06T18:53:56.123+0000] {processor.py:839} INFO - DAG(s) dict_keys(['latest_only_with_trigger']) retrieved from /usr/local/lib/python3.10/dist-packages/airflow/example_dags/example_latest_only_with_trigger.py
[2023-12-06T18:53:56.141+0000] {logging_mixin.py:154} INFO - [2023-12-06T18:53:56.141+0000] {dag.py:2941} INFO - Sync 1 DAGs
[2023-12-06T18:53:56.161+0000] {logging_mixin.py:154} INFO - [2023-12-06T18:53:56.161+0000] {dag.py:3722} INFO - Setting next_dagrun for latest_only_with_trigger to 2023-12-06T14:53:56.161165+00:00, run_after=2023-12-06T18:53:56.161165+00:00
[2023-12-06T18:53:56.184+0000] {processor.py:179} INFO - Processing /usr/local/lib/python3.10/dist-packages/airflow/example_dags/example_latest_only_with_trigger.py took 0.075 seconds
[2023-12-06T18:54:39.965+0000] {processor.py:157} INFO - Started process (PID=5698) to work on /usr/local/lib/python3.10/dist-packages/airflow/example_dags/example_latest_only_with_trigger.py
[2023-12-06T18:54:39.966+0000] {processor.py:829} INFO - Processing file /usr/local/lib/python3.10/dist-packages/airflow/example_dags/example_latest_only_with_trigger.py for tasks to queue
[2023-12-06T18:54:39.967+0000] {logging_mixin.py:154} INFO - [2023-12-06T18:54:39.967+0000] {dagbag.py:536} INFO - Filling up the DagBag from /usr/local/lib/python3.10/dist-packages/airflow/example_dags/example_latest_only_with_trigger.py
[2023-12-06T18:54:39.985+0000] {processor.py:839} INFO - DAG(s) dict_keys(['latest_only_with_trigger']) retrieved from /usr/local/lib/python3.10/dist-packages/airflow/example_dags/example_latest_only_with_trigger.py
[2023-12-06T18:54:40.004+0000] {logging_mixin.py:154} INFO - [2023-12-06T18:54:40.004+0000] {dag.py:2941} INFO - Sync 1 DAGs
[2023-12-06T18:54:40.025+0000] {logging_mixin.py:154} INFO - [2023-12-06T18:54:40.025+0000] {dag.py:3722} INFO - Setting next_dagrun for latest_only_with_trigger to 2023-12-06T14:54:40.025393+00:00, run_after=2023-12-06T18:54:40.025393+00:00
[2023-12-06T18:54:40.048+0000] {processor.py:179} INFO - Processing /usr/local/lib/python3.10/dist-packages/airflow/example_dags/example_latest_only_with_trigger.py took 0.087 seconds
[2023-12-06T18:55:24.182+0000] {processor.py:157} INFO - Started process (PID=5744) to work on /usr/local/lib/python3.10/dist-packages/airflow/example_dags/example_latest_only_with_trigger.py
[2023-12-06T18:55:24.183+0000] {processor.py:829} INFO - Processing file /usr/local/lib/python3.10/dist-packages/airflow/example_dags/example_latest_only_with_trigger.py for tasks to queue
[2023-12-06T18:55:24.184+0000] {logging_mixin.py:154} INFO - [2023-12-06T18:55:24.184+0000] {dagbag.py:536} INFO - Filling up the DagBag from /usr/local/lib/python3.10/dist-packages/airflow/example_dags/example_latest_only_with_trigger.py
[2023-12-06T18:55:24.191+0000] {processor.py:839} INFO - DAG(s) dict_keys(['latest_only_with_trigger']) retrieved from /usr/local/lib/python3.10/dist-packages/airflow/example_dags/example_latest_only_with_trigger.py
[2023-12-06T18:55:24.216+0000] {logging_mixin.py:154} INFO - [2023-12-06T18:55:24.215+0000] {dag.py:2941} INFO - Sync 1 DAGs
[2023-12-06T18:55:24.237+0000] {logging_mixin.py:154} INFO - [2023-12-06T18:55:24.236+0000] {dag.py:3722} INFO - Setting next_dagrun for latest_only_with_trigger to 2023-12-06T14:55:24.236599+00:00, run_after=2023-12-06T18:55:24.236599+00:00
[2023-12-06T18:55:24.259+0000] {processor.py:179} INFO - Processing /usr/local/lib/python3.10/dist-packages/airflow/example_dags/example_latest_only_with_trigger.py took 0.081 seconds
[2023-12-06T18:56:09.697+0000] {processor.py:157} INFO - Started process (PID=5792) to work on /usr/local/lib/python3.10/dist-packages/airflow/example_dags/example_latest_only_with_trigger.py
[2023-12-06T18:56:09.699+0000] {processor.py:829} INFO - Processing file /usr/local/lib/python3.10/dist-packages/airflow/example_dags/example_latest_only_with_trigger.py for tasks to queue
[2023-12-06T18:56:09.700+0000] {logging_mixin.py:154} INFO - [2023-12-06T18:56:09.699+0000] {dagbag.py:536} INFO - Filling up the DagBag from /usr/local/lib/python3.10/dist-packages/airflow/example_dags/example_latest_only_with_trigger.py
[2023-12-06T18:56:09.707+0000] {processor.py:839} INFO - DAG(s) dict_keys(['latest_only_with_trigger']) retrieved from /usr/local/lib/python3.10/dist-packages/airflow/example_dags/example_latest_only_with_trigger.py
[2023-12-06T18:56:09.725+0000] {logging_mixin.py:154} INFO - [2023-12-06T18:56:09.725+0000] {dag.py:2941} INFO - Sync 1 DAGs
[2023-12-06T18:56:09.747+0000] {logging_mixin.py:154} INFO - [2023-12-06T18:56:09.746+0000] {dag.py:3722} INFO - Setting next_dagrun for latest_only_with_trigger to 2023-12-06T14:56:09.746611+00:00, run_after=2023-12-06T18:56:09.746611+00:00
[2023-12-06T18:56:09.770+0000] {processor.py:179} INFO - Processing /usr/local/lib/python3.10/dist-packages/airflow/example_dags/example_latest_only_with_trigger.py took 0.076 seconds
[2023-12-06T18:56:56.656+0000] {processor.py:157} INFO - Started process (PID=5840) to work on /usr/local/lib/python3.10/dist-packages/airflow/example_dags/example_latest_only_with_trigger.py
[2023-12-06T18:56:56.657+0000] {processor.py:829} INFO - Processing file /usr/local/lib/python3.10/dist-packages/airflow/example_dags/example_latest_only_with_trigger.py for tasks to queue
[2023-12-06T18:56:56.658+0000] {logging_mixin.py:154} INFO - [2023-12-06T18:56:56.658+0000] {dagbag.py:536} INFO - Filling up the DagBag from /usr/local/lib/python3.10/dist-packages/airflow/example_dags/example_latest_only_with_trigger.py
[2023-12-06T18:56:56.665+0000] {processor.py:839} INFO - DAG(s) dict_keys(['latest_only_with_trigger']) retrieved from /usr/local/lib/python3.10/dist-packages/airflow/example_dags/example_latest_only_with_trigger.py
[2023-12-06T18:56:56.683+0000] {logging_mixin.py:154} INFO - [2023-12-06T18:56:56.682+0000] {dag.py:2941} INFO - Sync 1 DAGs
[2023-12-06T18:56:56.702+0000] {logging_mixin.py:154} INFO - [2023-12-06T18:56:56.702+0000] {dag.py:3722} INFO - Setting next_dagrun for latest_only_with_trigger to 2023-12-06T14:56:56.702326+00:00, run_after=2023-12-06T18:56:56.702326+00:00
[2023-12-06T18:56:56.724+0000] {processor.py:179} INFO - Processing /usr/local/lib/python3.10/dist-packages/airflow/example_dags/example_latest_only_with_trigger.py took 0.072 seconds
[2023-12-06T18:57:45.571+0000] {processor.py:157} INFO - Started process (PID=5891) to work on /usr/local/lib/python3.10/dist-packages/airflow/example_dags/example_latest_only_with_trigger.py
[2023-12-06T18:57:45.572+0000] {processor.py:829} INFO - Processing file /usr/local/lib/python3.10/dist-packages/airflow/example_dags/example_latest_only_with_trigger.py for tasks to queue
[2023-12-06T18:57:45.573+0000] {logging_mixin.py:154} INFO - [2023-12-06T18:57:45.572+0000] {dagbag.py:536} INFO - Filling up the DagBag from /usr/local/lib/python3.10/dist-packages/airflow/example_dags/example_latest_only_with_trigger.py
[2023-12-06T18:57:45.580+0000] {processor.py:839} INFO - DAG(s) dict_keys(['latest_only_with_trigger']) retrieved from /usr/local/lib/python3.10/dist-packages/airflow/example_dags/example_latest_only_with_trigger.py
[2023-12-06T18:57:45.597+0000] {logging_mixin.py:154} INFO - [2023-12-06T18:57:45.597+0000] {dag.py:2941} INFO - Sync 1 DAGs
[2023-12-06T18:57:45.617+0000] {logging_mixin.py:154} INFO - [2023-12-06T18:57:45.617+0000] {dag.py:3722} INFO - Setting next_dagrun for latest_only_with_trigger to 2023-12-06T14:57:45.617063+00:00, run_after=2023-12-06T18:57:45.617063+00:00
[2023-12-06T18:57:45.639+0000] {processor.py:179} INFO - Processing /usr/local/lib/python3.10/dist-packages/airflow/example_dags/example_latest_only_with_trigger.py took 0.072 seconds
[2023-12-06T18:58:29.191+0000] {processor.py:157} INFO - Started process (PID=5937) to work on /usr/local/lib/python3.10/dist-packages/airflow/example_dags/example_latest_only_with_trigger.py
[2023-12-06T18:58:29.192+0000] {processor.py:829} INFO - Processing file /usr/local/lib/python3.10/dist-packages/airflow/example_dags/example_latest_only_with_trigger.py for tasks to queue
[2023-12-06T18:58:29.193+0000] {logging_mixin.py:154} INFO - [2023-12-06T18:58:29.193+0000] {dagbag.py:536} INFO - Filling up the DagBag from /usr/local/lib/python3.10/dist-packages/airflow/example_dags/example_latest_only_with_trigger.py
[2023-12-06T18:58:29.200+0000] {processor.py:839} INFO - DAG(s) dict_keys(['latest_only_with_trigger']) retrieved from /usr/local/lib/python3.10/dist-packages/airflow/example_dags/example_latest_only_with_trigger.py
[2023-12-06T18:58:29.218+0000] {logging_mixin.py:154} INFO - [2023-12-06T18:58:29.218+0000] {dag.py:2941} INFO - Sync 1 DAGs
[2023-12-06T18:58:29.238+0000] {logging_mixin.py:154} INFO - [2023-12-06T18:58:29.238+0000] {dag.py:3722} INFO - Setting next_dagrun for latest_only_with_trigger to 2023-12-06T14:58:29.238265+00:00, run_after=2023-12-06T18:58:29.238265+00:00
[2023-12-06T18:58:29.260+0000] {processor.py:179} INFO - Processing /usr/local/lib/python3.10/dist-packages/airflow/example_dags/example_latest_only_with_trigger.py took 0.073 seconds
[2023-12-06T18:59:15.587+0000] {processor.py:157} INFO - Started process (PID=5984) to work on /usr/local/lib/python3.10/dist-packages/airflow/example_dags/example_latest_only_with_trigger.py
[2023-12-06T18:59:15.589+0000] {processor.py:829} INFO - Processing file /usr/local/lib/python3.10/dist-packages/airflow/example_dags/example_latest_only_with_trigger.py for tasks to queue
[2023-12-06T18:59:15.589+0000] {logging_mixin.py:154} INFO - [2023-12-06T18:59:15.589+0000] {dagbag.py:536} INFO - Filling up the DagBag from /usr/local/lib/python3.10/dist-packages/airflow/example_dags/example_latest_only_with_trigger.py
[2023-12-06T18:59:15.597+0000] {processor.py:839} INFO - DAG(s) dict_keys(['latest_only_with_trigger']) retrieved from /usr/local/lib/python3.10/dist-packages/airflow/example_dags/example_latest_only_with_trigger.py
[2023-12-06T18:59:15.614+0000] {logging_mixin.py:154} INFO - [2023-12-06T18:59:15.614+0000] {dag.py:2941} INFO - Sync 1 DAGs
[2023-12-06T18:59:15.634+0000] {logging_mixin.py:154} INFO - [2023-12-06T18:59:15.634+0000] {dag.py:3722} INFO - Setting next_dagrun for latest_only_with_trigger to 2023-12-06T14:59:15.634055+00:00, run_after=2023-12-06T18:59:15.634055+00:00
[2023-12-06T18:59:15.656+0000] {processor.py:179} INFO - Processing /usr/local/lib/python3.10/dist-packages/airflow/example_dags/example_latest_only_with_trigger.py took 0.072 seconds
[2023-12-06T18:59:59.677+0000] {processor.py:157} INFO - Started process (PID=6096) to work on /usr/local/lib/python3.10/dist-packages/airflow/example_dags/example_latest_only_with_trigger.py
[2023-12-06T18:59:59.679+0000] {processor.py:829} INFO - Processing file /usr/local/lib/python3.10/dist-packages/airflow/example_dags/example_latest_only_with_trigger.py for tasks to queue
[2023-12-06T18:59:59.679+0000] {logging_mixin.py:154} INFO - [2023-12-06T18:59:59.679+0000] {dagbag.py:536} INFO - Filling up the DagBag from /usr/local/lib/python3.10/dist-packages/airflow/example_dags/example_latest_only_with_trigger.py
[2023-12-06T18:59:59.687+0000] {processor.py:839} INFO - DAG(s) dict_keys(['latest_only_with_trigger']) retrieved from /usr/local/lib/python3.10/dist-packages/airflow/example_dags/example_latest_only_with_trigger.py
[2023-12-06T18:59:59.704+0000] {logging_mixin.py:154} INFO - [2023-12-06T18:59:59.704+0000] {dag.py:2941} INFO - Sync 1 DAGs
[2023-12-06T18:59:59.724+0000] {logging_mixin.py:154} INFO - [2023-12-06T18:59:59.724+0000] {dag.py:3722} INFO - Setting next_dagrun for latest_only_with_trigger to 2023-12-06T14:59:59.724033+00:00, run_after=2023-12-06T18:59:59.724033+00:00
[2023-12-06T18:59:59.747+0000] {processor.py:179} INFO - Processing /usr/local/lib/python3.10/dist-packages/airflow/example_dags/example_latest_only_with_trigger.py took 0.073 seconds
[2023-12-06T19:00:52.493+0000] {processor.py:157} INFO - Started process (PID=6387) to work on /usr/local/lib/python3.10/dist-packages/airflow/example_dags/example_latest_only_with_trigger.py
[2023-12-06T19:00:52.494+0000] {processor.py:829} INFO - Processing file /usr/local/lib/python3.10/dist-packages/airflow/example_dags/example_latest_only_with_trigger.py for tasks to queue
[2023-12-06T19:00:52.495+0000] {logging_mixin.py:154} INFO - [2023-12-06T19:00:52.495+0000] {dagbag.py:536} INFO - Filling up the DagBag from /usr/local/lib/python3.10/dist-packages/airflow/example_dags/example_latest_only_with_trigger.py
[2023-12-06T19:00:52.502+0000] {processor.py:839} INFO - DAG(s) dict_keys(['latest_only_with_trigger']) retrieved from /usr/local/lib/python3.10/dist-packages/airflow/example_dags/example_latest_only_with_trigger.py
[2023-12-06T19:00:52.520+0000] {logging_mixin.py:154} INFO - [2023-12-06T19:00:52.520+0000] {dag.py:2941} INFO - Sync 1 DAGs
[2023-12-06T19:00:52.540+0000] {logging_mixin.py:154} INFO - [2023-12-06T19:00:52.540+0000] {dag.py:3722} INFO - Setting next_dagrun for latest_only_with_trigger to 2023-12-06T15:00:52.540298+00:00, run_after=2023-12-06T19:00:52.540298+00:00
[2023-12-06T19:00:52.562+0000] {processor.py:179} INFO - Processing /usr/local/lib/python3.10/dist-packages/airflow/example_dags/example_latest_only_with_trigger.py took 0.073 seconds
[2023-12-06T19:01:42.514+0000] {processor.py:157} INFO - Started process (PID=6491) to work on /usr/local/lib/python3.10/dist-packages/airflow/example_dags/example_latest_only_with_trigger.py
[2023-12-06T19:01:42.515+0000] {processor.py:829} INFO - Processing file /usr/local/lib/python3.10/dist-packages/airflow/example_dags/example_latest_only_with_trigger.py for tasks to queue
[2023-12-06T19:01:42.516+0000] {logging_mixin.py:154} INFO - [2023-12-06T19:01:42.516+0000] {dagbag.py:536} INFO - Filling up the DagBag from /usr/local/lib/python3.10/dist-packages/airflow/example_dags/example_latest_only_with_trigger.py
[2023-12-06T19:01:42.524+0000] {processor.py:839} INFO - DAG(s) dict_keys(['latest_only_with_trigger']) retrieved from /usr/local/lib/python3.10/dist-packages/airflow/example_dags/example_latest_only_with_trigger.py
[2023-12-06T19:01:42.542+0000] {logging_mixin.py:154} INFO - [2023-12-06T19:01:42.542+0000] {dag.py:2941} INFO - Sync 1 DAGs
[2023-12-06T19:01:42.563+0000] {logging_mixin.py:154} INFO - [2023-12-06T19:01:42.563+0000] {dag.py:3722} INFO - Setting next_dagrun for latest_only_with_trigger to 2023-12-06T15:01:42.563132+00:00, run_after=2023-12-06T19:01:42.563132+00:00
[2023-12-06T19:01:42.585+0000] {processor.py:179} INFO - Processing /usr/local/lib/python3.10/dist-packages/airflow/example_dags/example_latest_only_with_trigger.py took 0.075 seconds
[2023-12-06T19:02:27.654+0000] {processor.py:157} INFO - Started process (PID=6539) to work on /usr/local/lib/python3.10/dist-packages/airflow/example_dags/example_latest_only_with_trigger.py
[2023-12-06T19:02:27.655+0000] {processor.py:829} INFO - Processing file /usr/local/lib/python3.10/dist-packages/airflow/example_dags/example_latest_only_with_trigger.py for tasks to queue
[2023-12-06T19:02:27.656+0000] {logging_mixin.py:154} INFO - [2023-12-06T19:02:27.656+0000] {dagbag.py:536} INFO - Filling up the DagBag from /usr/local/lib/python3.10/dist-packages/airflow/example_dags/example_latest_only_with_trigger.py
[2023-12-06T19:02:27.663+0000] {processor.py:839} INFO - DAG(s) dict_keys(['latest_only_with_trigger']) retrieved from /usr/local/lib/python3.10/dist-packages/airflow/example_dags/example_latest_only_with_trigger.py
[2023-12-06T19:02:27.681+0000] {logging_mixin.py:154} INFO - [2023-12-06T19:02:27.681+0000] {dag.py:2941} INFO - Sync 1 DAGs
[2023-12-06T19:02:27.712+0000] {logging_mixin.py:154} INFO - [2023-12-06T19:02:27.709+0000] {dag.py:3722} INFO - Setting next_dagrun for latest_only_with_trigger to 2023-12-06T15:02:27.709246+00:00, run_after=2023-12-06T19:02:27.709246+00:00
[2023-12-06T19:02:27.740+0000] {processor.py:179} INFO - Processing /usr/local/lib/python3.10/dist-packages/airflow/example_dags/example_latest_only_with_trigger.py took 0.089 seconds
[2023-12-06T19:03:11.830+0000] {processor.py:157} INFO - Started process (PID=6584) to work on /usr/local/lib/python3.10/dist-packages/airflow/example_dags/example_latest_only_with_trigger.py
[2023-12-06T19:03:11.831+0000] {processor.py:829} INFO - Processing file /usr/local/lib/python3.10/dist-packages/airflow/example_dags/example_latest_only_with_trigger.py for tasks to queue
[2023-12-06T19:03:11.832+0000] {logging_mixin.py:154} INFO - [2023-12-06T19:03:11.831+0000] {dagbag.py:536} INFO - Filling up the DagBag from /usr/local/lib/python3.10/dist-packages/airflow/example_dags/example_latest_only_with_trigger.py
[2023-12-06T19:03:11.839+0000] {processor.py:839} INFO - DAG(s) dict_keys(['latest_only_with_trigger']) retrieved from /usr/local/lib/python3.10/dist-packages/airflow/example_dags/example_latest_only_with_trigger.py
[2023-12-06T19:03:11.858+0000] {logging_mixin.py:154} INFO - [2023-12-06T19:03:11.857+0000] {dag.py:2941} INFO - Sync 1 DAGs
[2023-12-06T19:03:11.880+0000] {logging_mixin.py:154} INFO - [2023-12-06T19:03:11.880+0000] {dag.py:3722} INFO - Setting next_dagrun for latest_only_with_trigger to 2023-12-06T15:03:11.879692+00:00, run_after=2023-12-06T19:03:11.879692+00:00
[2023-12-06T19:03:11.903+0000] {processor.py:179} INFO - Processing /usr/local/lib/python3.10/dist-packages/airflow/example_dags/example_latest_only_with_trigger.py took 0.077 seconds
[2023-12-06T19:04:03.309+0000] {processor.py:157} INFO - Started process (PID=6635) to work on /usr/local/lib/python3.10/dist-packages/airflow/example_dags/example_latest_only_with_trigger.py
[2023-12-06T19:04:03.310+0000] {processor.py:829} INFO - Processing file /usr/local/lib/python3.10/dist-packages/airflow/example_dags/example_latest_only_with_trigger.py for tasks to queue
[2023-12-06T19:04:03.311+0000] {logging_mixin.py:154} INFO - [2023-12-06T19:04:03.311+0000] {dagbag.py:536} INFO - Filling up the DagBag from /usr/local/lib/python3.10/dist-packages/airflow/example_dags/example_latest_only_with_trigger.py
[2023-12-06T19:04:03.318+0000] {processor.py:839} INFO - DAG(s) dict_keys(['latest_only_with_trigger']) retrieved from /usr/local/lib/python3.10/dist-packages/airflow/example_dags/example_latest_only_with_trigger.py
[2023-12-06T19:04:03.337+0000] {logging_mixin.py:154} INFO - [2023-12-06T19:04:03.336+0000] {dag.py:2941} INFO - Sync 1 DAGs
[2023-12-06T19:04:03.358+0000] {logging_mixin.py:154} INFO - [2023-12-06T19:04:03.358+0000] {dag.py:3722} INFO - Setting next_dagrun for latest_only_with_trigger to 2023-12-06T15:04:03.357727+00:00, run_after=2023-12-06T19:04:03.357727+00:00
[2023-12-06T19:04:03.381+0000] {processor.py:179} INFO - Processing /usr/local/lib/python3.10/dist-packages/airflow/example_dags/example_latest_only_with_trigger.py took 0.076 seconds
[2023-12-06T19:04:49.921+0000] {processor.py:157} INFO - Started process (PID=6846) to work on /usr/local/lib/python3.10/dist-packages/airflow/example_dags/example_latest_only_with_trigger.py
[2023-12-06T19:04:49.923+0000] {processor.py:829} INFO - Processing file /usr/local/lib/python3.10/dist-packages/airflow/example_dags/example_latest_only_with_trigger.py for tasks to queue
[2023-12-06T19:04:49.924+0000] {logging_mixin.py:154} INFO - [2023-12-06T19:04:49.923+0000] {dagbag.py:536} INFO - Filling up the DagBag from /usr/local/lib/python3.10/dist-packages/airflow/example_dags/example_latest_only_with_trigger.py
[2023-12-06T19:04:49.931+0000] {processor.py:839} INFO - DAG(s) dict_keys(['latest_only_with_trigger']) retrieved from /usr/local/lib/python3.10/dist-packages/airflow/example_dags/example_latest_only_with_trigger.py
[2023-12-06T19:04:49.950+0000] {logging_mixin.py:154} INFO - [2023-12-06T19:04:49.950+0000] {dag.py:2941} INFO - Sync 1 DAGs
[2023-12-06T19:04:49.973+0000] {logging_mixin.py:154} INFO - [2023-12-06T19:04:49.973+0000] {dag.py:3722} INFO - Setting next_dagrun for latest_only_with_trigger to 2023-12-06T15:04:49.973416+00:00, run_after=2023-12-06T19:04:49.973416+00:00
[2023-12-06T19:04:49.999+0000] {processor.py:179} INFO - Processing /usr/local/lib/python3.10/dist-packages/airflow/example_dags/example_latest_only_with_trigger.py took 0.082 seconds
[2023-12-06T19:05:41.412+0000] {processor.py:157} INFO - Started process (PID=6903) to work on /usr/local/lib/python3.10/dist-packages/airflow/example_dags/example_latest_only_with_trigger.py
[2023-12-06T19:05:41.418+0000] {processor.py:829} INFO - Processing file /usr/local/lib/python3.10/dist-packages/airflow/example_dags/example_latest_only_with_trigger.py for tasks to queue
[2023-12-06T19:05:41.419+0000] {logging_mixin.py:154} INFO - [2023-12-06T19:05:41.419+0000] {dagbag.py:536} INFO - Filling up the DagBag from /usr/local/lib/python3.10/dist-packages/airflow/example_dags/example_latest_only_with_trigger.py
[2023-12-06T19:05:41.427+0000] {processor.py:839} INFO - DAG(s) dict_keys(['latest_only_with_trigger']) retrieved from /usr/local/lib/python3.10/dist-packages/airflow/example_dags/example_latest_only_with_trigger.py
[2023-12-06T19:05:41.445+0000] {logging_mixin.py:154} INFO - [2023-12-06T19:05:41.445+0000] {dag.py:2941} INFO - Sync 1 DAGs
[2023-12-06T19:05:41.466+0000] {logging_mixin.py:154} INFO - [2023-12-06T19:05:41.466+0000] {dag.py:3722} INFO - Setting next_dagrun for latest_only_with_trigger to 2023-12-06T15:05:41.466456+00:00, run_after=2023-12-06T19:05:41.466456+00:00
[2023-12-06T19:05:41.491+0000] {processor.py:179} INFO - Processing /usr/local/lib/python3.10/dist-packages/airflow/example_dags/example_latest_only_with_trigger.py took 0.082 seconds
[2023-12-06T19:06:26.617+0000] {processor.py:157} INFO - Started process (PID=6951) to work on /usr/local/lib/python3.10/dist-packages/airflow/example_dags/example_latest_only_with_trigger.py
[2023-12-06T19:06:26.619+0000] {processor.py:829} INFO - Processing file /usr/local/lib/python3.10/dist-packages/airflow/example_dags/example_latest_only_with_trigger.py for tasks to queue
[2023-12-06T19:06:26.620+0000] {logging_mixin.py:154} INFO - [2023-12-06T19:06:26.619+0000] {dagbag.py:536} INFO - Filling up the DagBag from /usr/local/lib/python3.10/dist-packages/airflow/example_dags/example_latest_only_with_trigger.py
[2023-12-06T19:06:26.627+0000] {processor.py:839} INFO - DAG(s) dict_keys(['latest_only_with_trigger']) retrieved from /usr/local/lib/python3.10/dist-packages/airflow/example_dags/example_latest_only_with_trigger.py
[2023-12-06T19:06:26.645+0000] {logging_mixin.py:154} INFO - [2023-12-06T19:06:26.645+0000] {dag.py:2941} INFO - Sync 1 DAGs
[2023-12-06T19:06:26.666+0000] {logging_mixin.py:154} INFO - [2023-12-06T19:06:26.666+0000] {dag.py:3722} INFO - Setting next_dagrun for latest_only_with_trigger to 2023-12-06T15:06:26.665785+00:00, run_after=2023-12-06T19:06:26.665785+00:00
[2023-12-06T19:06:26.691+0000] {processor.py:179} INFO - Processing /usr/local/lib/python3.10/dist-packages/airflow/example_dags/example_latest_only_with_trigger.py took 0.078 seconds
[2023-12-06T19:07:14.163+0000] {processor.py:157} INFO - Started process (PID=6998) to work on /usr/local/lib/python3.10/dist-packages/airflow/example_dags/example_latest_only_with_trigger.py
[2023-12-06T19:07:14.165+0000] {processor.py:829} INFO - Processing file /usr/local/lib/python3.10/dist-packages/airflow/example_dags/example_latest_only_with_trigger.py for tasks to queue
[2023-12-06T19:07:14.166+0000] {logging_mixin.py:154} INFO - [2023-12-06T19:07:14.165+0000] {dagbag.py:536} INFO - Filling up the DagBag from /usr/local/lib/python3.10/dist-packages/airflow/example_dags/example_latest_only_with_trigger.py
[2023-12-06T19:07:14.173+0000] {processor.py:839} INFO - DAG(s) dict_keys(['latest_only_with_trigger']) retrieved from /usr/local/lib/python3.10/dist-packages/airflow/example_dags/example_latest_only_with_trigger.py
[2023-12-06T19:07:14.191+0000] {logging_mixin.py:154} INFO - [2023-12-06T19:07:14.191+0000] {dag.py:2941} INFO - Sync 1 DAGs
[2023-12-06T19:07:14.212+0000] {logging_mixin.py:154} INFO - [2023-12-06T19:07:14.212+0000] {dag.py:3722} INFO - Setting next_dagrun for latest_only_with_trigger to 2023-12-06T15:07:14.212301+00:00, run_after=2023-12-06T19:07:14.212301+00:00
[2023-12-06T19:07:14.238+0000] {processor.py:179} INFO - Processing /usr/local/lib/python3.10/dist-packages/airflow/example_dags/example_latest_only_with_trigger.py took 0.079 seconds
