[2023-12-06T18:21:49.658+0000] {processor.py:157} INFO - Started process (PID=3665) to work on /usr/local/lib/python3.10/dist-packages/airflow/example_dags/example_xcom.py
[2023-12-06T18:21:49.659+0000] {processor.py:829} INFO - Processing file /usr/local/lib/python3.10/dist-packages/airflow/example_dags/example_xcom.py for tasks to queue
[2023-12-06T18:21:49.660+0000] {logging_mixin.py:154} INFO - [2023-12-06T18:21:49.660+0000] {dagbag.py:536} INFO - Filling up the DagBag from /usr/local/lib/python3.10/dist-packages/airflow/example_dags/example_xcom.py
[2023-12-06T18:21:49.679+0000] {processor.py:839} INFO - DAG(s) dict_keys(['example_xcom']) retrieved from /usr/local/lib/python3.10/dist-packages/airflow/example_dags/example_xcom.py
[2023-12-06T18:21:50.084+0000] {logging_mixin.py:154} INFO - [2023-12-06T18:21:50.083+0000] {manager.py:499} INFO - Created Permission View: %s
[2023-12-06T18:21:50.153+0000] {logging_mixin.py:154} INFO - [2023-12-06T18:21:50.153+0000] {manager.py:499} INFO - Created Permission View: %s
[2023-12-06T18:21:50.168+0000] {logging_mixin.py:154} INFO - [2023-12-06T18:21:50.168+0000] {manager.py:499} INFO - Created Permission View: %s
[2023-12-06T18:21:50.168+0000] {logging_mixin.py:154} INFO - [2023-12-06T18:21:50.168+0000] {dag.py:2941} INFO - Sync 1 DAGs
[2023-12-06T18:21:50.192+0000] {logging_mixin.py:154} INFO - [2023-12-06T18:21:50.191+0000] {dag.py:2963} INFO - Creating ORM DAG for example_xcom
[2023-12-06T18:21:50.209+0000] {logging_mixin.py:154} INFO - [2023-12-06T18:21:50.209+0000] {dag.py:3722} INFO - Setting next_dagrun for example_xcom to 2021-01-01T00:00:00+00:00, run_after=2021-01-01T00:00:00+00:00
[2023-12-06T18:21:50.261+0000] {processor.py:179} INFO - Processing /usr/local/lib/python3.10/dist-packages/airflow/example_dags/example_xcom.py took 0.610 seconds
[2023-12-06T18:22:41.886+0000] {processor.py:157} INFO - Started process (PID=3715) to work on /usr/local/lib/python3.10/dist-packages/airflow/example_dags/example_xcom.py
[2023-12-06T18:22:41.888+0000] {processor.py:829} INFO - Processing file /usr/local/lib/python3.10/dist-packages/airflow/example_dags/example_xcom.py for tasks to queue
[2023-12-06T18:22:41.889+0000] {logging_mixin.py:154} INFO - [2023-12-06T18:22:41.889+0000] {dagbag.py:536} INFO - Filling up the DagBag from /usr/local/lib/python3.10/dist-packages/airflow/example_dags/example_xcom.py
[2023-12-06T18:22:41.899+0000] {processor.py:839} INFO - DAG(s) dict_keys(['example_xcom']) retrieved from /usr/local/lib/python3.10/dist-packages/airflow/example_dags/example_xcom.py
[2023-12-06T18:22:41.916+0000] {logging_mixin.py:154} INFO - [2023-12-06T18:22:41.916+0000] {dag.py:2941} INFO - Sync 1 DAGs
[2023-12-06T18:22:41.936+0000] {logging_mixin.py:154} INFO - [2023-12-06T18:22:41.936+0000] {dag.py:3722} INFO - Setting next_dagrun for example_xcom to 2021-01-01T00:00:00+00:00, run_after=2021-01-01T00:00:00+00:00
[2023-12-06T18:22:41.958+0000] {processor.py:179} INFO - Processing /usr/local/lib/python3.10/dist-packages/airflow/example_dags/example_xcom.py took 0.076 seconds
[2023-12-06T18:23:17.835+0000] {processor.py:157} INFO - Started process (PID=3756) to work on /usr/local/lib/python3.10/dist-packages/airflow/example_dags/example_xcom.py
[2023-12-06T18:23:17.836+0000] {processor.py:829} INFO - Processing file /usr/local/lib/python3.10/dist-packages/airflow/example_dags/example_xcom.py for tasks to queue
[2023-12-06T18:23:17.837+0000] {logging_mixin.py:154} INFO - [2023-12-06T18:23:17.837+0000] {dagbag.py:536} INFO - Filling up the DagBag from /usr/local/lib/python3.10/dist-packages/airflow/example_dags/example_xcom.py
[2023-12-06T18:23:17.846+0000] {processor.py:839} INFO - DAG(s) dict_keys(['example_xcom']) retrieved from /usr/local/lib/python3.10/dist-packages/airflow/example_dags/example_xcom.py
[2023-12-06T18:23:17.864+0000] {logging_mixin.py:154} INFO - [2023-12-06T18:23:17.864+0000] {dag.py:2941} INFO - Sync 1 DAGs
[2023-12-06T18:23:17.885+0000] {logging_mixin.py:154} INFO - [2023-12-06T18:23:17.885+0000] {dag.py:3722} INFO - Setting next_dagrun for example_xcom to 2021-01-01T00:00:00+00:00, run_after=2021-01-01T00:00:00+00:00
[2023-12-06T18:23:17.953+0000] {processor.py:179} INFO - Processing /usr/local/lib/python3.10/dist-packages/airflow/example_dags/example_xcom.py took 0.121 seconds
[2023-12-06T18:24:03.282+0000] {processor.py:157} INFO - Started process (PID=3802) to work on /usr/local/lib/python3.10/dist-packages/airflow/example_dags/example_xcom.py
[2023-12-06T18:24:03.284+0000] {processor.py:829} INFO - Processing file /usr/local/lib/python3.10/dist-packages/airflow/example_dags/example_xcom.py for tasks to queue
[2023-12-06T18:24:03.284+0000] {logging_mixin.py:154} INFO - [2023-12-06T18:24:03.284+0000] {dagbag.py:536} INFO - Filling up the DagBag from /usr/local/lib/python3.10/dist-packages/airflow/example_dags/example_xcom.py
[2023-12-06T18:24:03.293+0000] {processor.py:839} INFO - DAG(s) dict_keys(['example_xcom']) retrieved from /usr/local/lib/python3.10/dist-packages/airflow/example_dags/example_xcom.py
[2023-12-06T18:24:03.312+0000] {logging_mixin.py:154} INFO - [2023-12-06T18:24:03.312+0000] {dag.py:2941} INFO - Sync 1 DAGs
[2023-12-06T18:24:03.333+0000] {logging_mixin.py:154} INFO - [2023-12-06T18:24:03.333+0000] {dag.py:3722} INFO - Setting next_dagrun for example_xcom to 2021-01-01T00:00:00+00:00, run_after=2021-01-01T00:00:00+00:00
[2023-12-06T18:24:03.357+0000] {processor.py:179} INFO - Processing /usr/local/lib/python3.10/dist-packages/airflow/example_dags/example_xcom.py took 0.079 seconds
[2023-12-06T18:24:38.169+0000] {processor.py:157} INFO - Started process (PID=3837) to work on /usr/local/lib/python3.10/dist-packages/airflow/example_dags/example_xcom.py
[2023-12-06T18:24:38.171+0000] {processor.py:829} INFO - Processing file /usr/local/lib/python3.10/dist-packages/airflow/example_dags/example_xcom.py for tasks to queue
[2023-12-06T18:24:38.172+0000] {logging_mixin.py:154} INFO - [2023-12-06T18:24:38.171+0000] {dagbag.py:536} INFO - Filling up the DagBag from /usr/local/lib/python3.10/dist-packages/airflow/example_dags/example_xcom.py
[2023-12-06T18:24:38.180+0000] {processor.py:839} INFO - DAG(s) dict_keys(['example_xcom']) retrieved from /usr/local/lib/python3.10/dist-packages/airflow/example_dags/example_xcom.py
[2023-12-06T18:24:38.199+0000] {logging_mixin.py:154} INFO - [2023-12-06T18:24:38.198+0000] {dag.py:2941} INFO - Sync 1 DAGs
[2023-12-06T18:24:38.219+0000] {logging_mixin.py:154} INFO - [2023-12-06T18:24:38.219+0000] {dag.py:3722} INFO - Setting next_dagrun for example_xcom to 2021-01-01T00:00:00+00:00, run_after=2021-01-01T00:00:00+00:00
[2023-12-06T18:24:38.241+0000] {processor.py:179} INFO - Processing /usr/local/lib/python3.10/dist-packages/airflow/example_dags/example_xcom.py took 0.075 seconds
[2023-12-06T18:25:10.453+0000] {processor.py:157} INFO - Started process (PID=3872) to work on /usr/local/lib/python3.10/dist-packages/airflow/example_dags/example_xcom.py
[2023-12-06T18:25:10.455+0000] {processor.py:829} INFO - Processing file /usr/local/lib/python3.10/dist-packages/airflow/example_dags/example_xcom.py for tasks to queue
[2023-12-06T18:25:10.456+0000] {logging_mixin.py:154} INFO - [2023-12-06T18:25:10.455+0000] {dagbag.py:536} INFO - Filling up the DagBag from /usr/local/lib/python3.10/dist-packages/airflow/example_dags/example_xcom.py
[2023-12-06T18:25:10.464+0000] {processor.py:839} INFO - DAG(s) dict_keys(['example_xcom']) retrieved from /usr/local/lib/python3.10/dist-packages/airflow/example_dags/example_xcom.py
[2023-12-06T18:25:10.482+0000] {logging_mixin.py:154} INFO - [2023-12-06T18:25:10.482+0000] {dag.py:2941} INFO - Sync 1 DAGs
[2023-12-06T18:25:10.503+0000] {logging_mixin.py:154} INFO - [2023-12-06T18:25:10.503+0000] {dag.py:3722} INFO - Setting next_dagrun for example_xcom to 2021-01-01T00:00:00+00:00, run_after=2021-01-01T00:00:00+00:00
[2023-12-06T18:25:10.546+0000] {processor.py:179} INFO - Processing /usr/local/lib/python3.10/dist-packages/airflow/example_dags/example_xcom.py took 0.096 seconds
[2023-12-06T18:25:55.052+0000] {processor.py:157} INFO - Started process (PID=3920) to work on /usr/local/lib/python3.10/dist-packages/airflow/example_dags/example_xcom.py
[2023-12-06T18:25:55.054+0000] {processor.py:829} INFO - Processing file /usr/local/lib/python3.10/dist-packages/airflow/example_dags/example_xcom.py for tasks to queue
[2023-12-06T18:25:55.055+0000] {logging_mixin.py:154} INFO - [2023-12-06T18:25:55.055+0000] {dagbag.py:536} INFO - Filling up the DagBag from /usr/local/lib/python3.10/dist-packages/airflow/example_dags/example_xcom.py
[2023-12-06T18:25:55.063+0000] {processor.py:839} INFO - DAG(s) dict_keys(['example_xcom']) retrieved from /usr/local/lib/python3.10/dist-packages/airflow/example_dags/example_xcom.py
[2023-12-06T18:25:55.082+0000] {logging_mixin.py:154} INFO - [2023-12-06T18:25:55.082+0000] {dag.py:2941} INFO - Sync 1 DAGs
[2023-12-06T18:25:55.101+0000] {logging_mixin.py:154} INFO - [2023-12-06T18:25:55.101+0000] {dag.py:3722} INFO - Setting next_dagrun for example_xcom to 2021-01-01T00:00:00+00:00, run_after=2021-01-01T00:00:00+00:00
[2023-12-06T18:25:55.124+0000] {processor.py:179} INFO - Processing /usr/local/lib/python3.10/dist-packages/airflow/example_dags/example_xcom.py took 0.075 seconds
[2023-12-06T18:26:42.418+0000] {processor.py:157} INFO - Started process (PID=3967) to work on /usr/local/lib/python3.10/dist-packages/airflow/example_dags/example_xcom.py
[2023-12-06T18:26:42.420+0000] {processor.py:829} INFO - Processing file /usr/local/lib/python3.10/dist-packages/airflow/example_dags/example_xcom.py for tasks to queue
[2023-12-06T18:26:42.421+0000] {logging_mixin.py:154} INFO - [2023-12-06T18:26:42.420+0000] {dagbag.py:536} INFO - Filling up the DagBag from /usr/local/lib/python3.10/dist-packages/airflow/example_dags/example_xcom.py
[2023-12-06T18:26:42.430+0000] {processor.py:839} INFO - DAG(s) dict_keys(['example_xcom']) retrieved from /usr/local/lib/python3.10/dist-packages/airflow/example_dags/example_xcom.py
[2023-12-06T18:26:42.448+0000] {logging_mixin.py:154} INFO - [2023-12-06T18:26:42.448+0000] {dag.py:2941} INFO - Sync 1 DAGs
[2023-12-06T18:26:42.468+0000] {logging_mixin.py:154} INFO - [2023-12-06T18:26:42.468+0000] {dag.py:3722} INFO - Setting next_dagrun for example_xcom to 2021-01-01T00:00:00+00:00, run_after=2021-01-01T00:00:00+00:00
[2023-12-06T18:26:42.491+0000] {processor.py:179} INFO - Processing /usr/local/lib/python3.10/dist-packages/airflow/example_dags/example_xcom.py took 0.076 seconds
[2023-12-06T18:27:26.348+0000] {processor.py:157} INFO - Started process (PID=4014) to work on /usr/local/lib/python3.10/dist-packages/airflow/example_dags/example_xcom.py
[2023-12-06T18:27:26.349+0000] {processor.py:829} INFO - Processing file /usr/local/lib/python3.10/dist-packages/airflow/example_dags/example_xcom.py for tasks to queue
[2023-12-06T18:27:26.350+0000] {logging_mixin.py:154} INFO - [2023-12-06T18:27:26.350+0000] {dagbag.py:536} INFO - Filling up the DagBag from /usr/local/lib/python3.10/dist-packages/airflow/example_dags/example_xcom.py
[2023-12-06T18:27:26.359+0000] {processor.py:839} INFO - DAG(s) dict_keys(['example_xcom']) retrieved from /usr/local/lib/python3.10/dist-packages/airflow/example_dags/example_xcom.py
[2023-12-06T18:27:26.377+0000] {logging_mixin.py:154} INFO - [2023-12-06T18:27:26.377+0000] {dag.py:2941} INFO - Sync 1 DAGs
[2023-12-06T18:27:26.397+0000] {logging_mixin.py:154} INFO - [2023-12-06T18:27:26.397+0000] {dag.py:3722} INFO - Setting next_dagrun for example_xcom to 2021-01-01T00:00:00+00:00, run_after=2021-01-01T00:00:00+00:00
[2023-12-06T18:27:26.422+0000] {processor.py:179} INFO - Processing /usr/local/lib/python3.10/dist-packages/airflow/example_dags/example_xcom.py took 0.078 seconds
[2023-12-06T18:28:07.701+0000] {processor.py:157} INFO - Started process (PID=4058) to work on /usr/local/lib/python3.10/dist-packages/airflow/example_dags/example_xcom.py
[2023-12-06T18:28:07.703+0000] {processor.py:829} INFO - Processing file /usr/local/lib/python3.10/dist-packages/airflow/example_dags/example_xcom.py for tasks to queue
[2023-12-06T18:28:07.704+0000] {logging_mixin.py:154} INFO - [2023-12-06T18:28:07.703+0000] {dagbag.py:536} INFO - Filling up the DagBag from /usr/local/lib/python3.10/dist-packages/airflow/example_dags/example_xcom.py
[2023-12-06T18:28:07.712+0000] {processor.py:839} INFO - DAG(s) dict_keys(['example_xcom']) retrieved from /usr/local/lib/python3.10/dist-packages/airflow/example_dags/example_xcom.py
[2023-12-06T18:28:07.731+0000] {logging_mixin.py:154} INFO - [2023-12-06T18:28:07.731+0000] {dag.py:2941} INFO - Sync 1 DAGs
[2023-12-06T18:28:07.751+0000] {logging_mixin.py:154} INFO - [2023-12-06T18:28:07.751+0000] {dag.py:3722} INFO - Setting next_dagrun for example_xcom to 2021-01-01T00:00:00+00:00, run_after=2021-01-01T00:00:00+00:00
[2023-12-06T18:28:07.774+0000] {processor.py:179} INFO - Processing /usr/local/lib/python3.10/dist-packages/airflow/example_dags/example_xcom.py took 0.077 seconds
[2023-12-06T18:28:56.459+0000] {processor.py:157} INFO - Started process (PID=4106) to work on /usr/local/lib/python3.10/dist-packages/airflow/example_dags/example_xcom.py
[2023-12-06T18:28:56.461+0000] {processor.py:829} INFO - Processing file /usr/local/lib/python3.10/dist-packages/airflow/example_dags/example_xcom.py for tasks to queue
[2023-12-06T18:28:56.462+0000] {logging_mixin.py:154} INFO - [2023-12-06T18:28:56.462+0000] {dagbag.py:536} INFO - Filling up the DagBag from /usr/local/lib/python3.10/dist-packages/airflow/example_dags/example_xcom.py
[2023-12-06T18:28:56.471+0000] {processor.py:839} INFO - DAG(s) dict_keys(['example_xcom']) retrieved from /usr/local/lib/python3.10/dist-packages/airflow/example_dags/example_xcom.py
[2023-12-06T18:28:56.488+0000] {logging_mixin.py:154} INFO - [2023-12-06T18:28:56.488+0000] {dag.py:2941} INFO - Sync 1 DAGs
[2023-12-06T18:28:56.508+0000] {logging_mixin.py:154} INFO - [2023-12-06T18:28:56.508+0000] {dag.py:3722} INFO - Setting next_dagrun for example_xcom to 2021-01-01T00:00:00+00:00, run_after=2021-01-01T00:00:00+00:00
[2023-12-06T18:28:56.537+0000] {processor.py:179} INFO - Processing /usr/local/lib/python3.10/dist-packages/airflow/example_dags/example_xcom.py took 0.082 seconds
[2023-12-06T18:29:39.976+0000] {processor.py:157} INFO - Started process (PID=4154) to work on /usr/local/lib/python3.10/dist-packages/airflow/example_dags/example_xcom.py
[2023-12-06T18:29:39.978+0000] {processor.py:829} INFO - Processing file /usr/local/lib/python3.10/dist-packages/airflow/example_dags/example_xcom.py for tasks to queue
[2023-12-06T18:29:39.978+0000] {logging_mixin.py:154} INFO - [2023-12-06T18:29:39.978+0000] {dagbag.py:536} INFO - Filling up the DagBag from /usr/local/lib/python3.10/dist-packages/airflow/example_dags/example_xcom.py
[2023-12-06T18:29:39.987+0000] {processor.py:839} INFO - DAG(s) dict_keys(['example_xcom']) retrieved from /usr/local/lib/python3.10/dist-packages/airflow/example_dags/example_xcom.py
[2023-12-06T18:29:40.005+0000] {logging_mixin.py:154} INFO - [2023-12-06T18:29:40.005+0000] {dag.py:2941} INFO - Sync 1 DAGs
[2023-12-06T18:29:40.026+0000] {logging_mixin.py:154} INFO - [2023-12-06T18:29:40.026+0000] {dag.py:3722} INFO - Setting next_dagrun for example_xcom to 2021-01-01T00:00:00+00:00, run_after=2021-01-01T00:00:00+00:00
[2023-12-06T18:29:40.048+0000] {processor.py:179} INFO - Processing /usr/local/lib/python3.10/dist-packages/airflow/example_dags/example_xcom.py took 0.075 seconds
[2023-12-06T18:30:23.019+0000] {processor.py:157} INFO - Started process (PID=4198) to work on /usr/local/lib/python3.10/dist-packages/airflow/example_dags/example_xcom.py
[2023-12-06T18:30:23.020+0000] {processor.py:829} INFO - Processing file /usr/local/lib/python3.10/dist-packages/airflow/example_dags/example_xcom.py for tasks to queue
[2023-12-06T18:30:23.021+0000] {logging_mixin.py:154} INFO - [2023-12-06T18:30:23.021+0000] {dagbag.py:536} INFO - Filling up the DagBag from /usr/local/lib/python3.10/dist-packages/airflow/example_dags/example_xcom.py
[2023-12-06T18:30:23.030+0000] {processor.py:839} INFO - DAG(s) dict_keys(['example_xcom']) retrieved from /usr/local/lib/python3.10/dist-packages/airflow/example_dags/example_xcom.py
[2023-12-06T18:30:23.048+0000] {logging_mixin.py:154} INFO - [2023-12-06T18:30:23.048+0000] {dag.py:2941} INFO - Sync 1 DAGs
[2023-12-06T18:30:23.069+0000] {logging_mixin.py:154} INFO - [2023-12-06T18:30:23.069+0000] {dag.py:3722} INFO - Setting next_dagrun for example_xcom to 2021-01-01T00:00:00+00:00, run_after=2021-01-01T00:00:00+00:00
[2023-12-06T18:30:23.157+0000] {processor.py:179} INFO - Processing /usr/local/lib/python3.10/dist-packages/airflow/example_dags/example_xcom.py took 0.142 seconds
[2023-12-06T18:31:06.266+0000] {processor.py:157} INFO - Started process (PID=4245) to work on /usr/local/lib/python3.10/dist-packages/airflow/example_dags/example_xcom.py
[2023-12-06T18:31:06.267+0000] {processor.py:829} INFO - Processing file /usr/local/lib/python3.10/dist-packages/airflow/example_dags/example_xcom.py for tasks to queue
[2023-12-06T18:31:06.268+0000] {logging_mixin.py:154} INFO - [2023-12-06T18:31:06.268+0000] {dagbag.py:536} INFO - Filling up the DagBag from /usr/local/lib/python3.10/dist-packages/airflow/example_dags/example_xcom.py
[2023-12-06T18:31:06.277+0000] {processor.py:839} INFO - DAG(s) dict_keys(['example_xcom']) retrieved from /usr/local/lib/python3.10/dist-packages/airflow/example_dags/example_xcom.py
[2023-12-06T18:31:06.296+0000] {logging_mixin.py:154} INFO - [2023-12-06T18:31:06.296+0000] {dag.py:2941} INFO - Sync 1 DAGs
[2023-12-06T18:31:06.317+0000] {logging_mixin.py:154} INFO - [2023-12-06T18:31:06.317+0000] {dag.py:3722} INFO - Setting next_dagrun for example_xcom to 2021-01-01T00:00:00+00:00, run_after=2021-01-01T00:00:00+00:00
[2023-12-06T18:31:06.339+0000] {processor.py:179} INFO - Processing /usr/local/lib/python3.10/dist-packages/airflow/example_dags/example_xcom.py took 0.077 seconds
[2023-12-06T18:31:49.171+0000] {processor.py:157} INFO - Started process (PID=4291) to work on /usr/local/lib/python3.10/dist-packages/airflow/example_dags/example_xcom.py
[2023-12-06T18:31:49.172+0000] {processor.py:829} INFO - Processing file /usr/local/lib/python3.10/dist-packages/airflow/example_dags/example_xcom.py for tasks to queue
[2023-12-06T18:31:49.173+0000] {logging_mixin.py:154} INFO - [2023-12-06T18:31:49.173+0000] {dagbag.py:536} INFO - Filling up the DagBag from /usr/local/lib/python3.10/dist-packages/airflow/example_dags/example_xcom.py
[2023-12-06T18:31:49.182+0000] {processor.py:839} INFO - DAG(s) dict_keys(['example_xcom']) retrieved from /usr/local/lib/python3.10/dist-packages/airflow/example_dags/example_xcom.py
[2023-12-06T18:31:49.200+0000] {logging_mixin.py:154} INFO - [2023-12-06T18:31:49.200+0000] {dag.py:2941} INFO - Sync 1 DAGs
[2023-12-06T18:31:49.220+0000] {logging_mixin.py:154} INFO - [2023-12-06T18:31:49.220+0000] {dag.py:3722} INFO - Setting next_dagrun for example_xcom to 2021-01-01T00:00:00+00:00, run_after=2021-01-01T00:00:00+00:00
[2023-12-06T18:31:49.241+0000] {processor.py:179} INFO - Processing /usr/local/lib/python3.10/dist-packages/airflow/example_dags/example_xcom.py took 0.074 seconds
[2023-12-06T18:32:31.048+0000] {processor.py:157} INFO - Started process (PID=4333) to work on /usr/local/lib/python3.10/dist-packages/airflow/example_dags/example_xcom.py
[2023-12-06T18:32:31.050+0000] {processor.py:829} INFO - Processing file /usr/local/lib/python3.10/dist-packages/airflow/example_dags/example_xcom.py for tasks to queue
[2023-12-06T18:32:31.051+0000] {logging_mixin.py:154} INFO - [2023-12-06T18:32:31.050+0000] {dagbag.py:536} INFO - Filling up the DagBag from /usr/local/lib/python3.10/dist-packages/airflow/example_dags/example_xcom.py
[2023-12-06T18:32:31.059+0000] {processor.py:839} INFO - DAG(s) dict_keys(['example_xcom']) retrieved from /usr/local/lib/python3.10/dist-packages/airflow/example_dags/example_xcom.py
[2023-12-06T18:32:31.078+0000] {logging_mixin.py:154} INFO - [2023-12-06T18:32:31.077+0000] {dag.py:2941} INFO - Sync 1 DAGs
[2023-12-06T18:32:31.098+0000] {logging_mixin.py:154} INFO - [2023-12-06T18:32:31.098+0000] {dag.py:3722} INFO - Setting next_dagrun for example_xcom to 2021-01-01T00:00:00+00:00, run_after=2021-01-01T00:00:00+00:00
[2023-12-06T18:32:31.123+0000] {processor.py:179} INFO - Processing /usr/local/lib/python3.10/dist-packages/airflow/example_dags/example_xcom.py took 0.079 seconds
[2023-12-06T18:33:03.123+0000] {processor.py:157} INFO - Started process (PID=4366) to work on /usr/local/lib/python3.10/dist-packages/airflow/example_dags/example_xcom.py
[2023-12-06T18:33:03.125+0000] {processor.py:829} INFO - Processing file /usr/local/lib/python3.10/dist-packages/airflow/example_dags/example_xcom.py for tasks to queue
[2023-12-06T18:33:03.126+0000] {logging_mixin.py:154} INFO - [2023-12-06T18:33:03.125+0000] {dagbag.py:536} INFO - Filling up the DagBag from /usr/local/lib/python3.10/dist-packages/airflow/example_dags/example_xcom.py
[2023-12-06T18:33:03.134+0000] {processor.py:839} INFO - DAG(s) dict_keys(['example_xcom']) retrieved from /usr/local/lib/python3.10/dist-packages/airflow/example_dags/example_xcom.py
[2023-12-06T18:33:03.153+0000] {logging_mixin.py:154} INFO - [2023-12-06T18:33:03.153+0000] {dag.py:2941} INFO - Sync 1 DAGs
[2023-12-06T18:33:03.174+0000] {logging_mixin.py:154} INFO - [2023-12-06T18:33:03.174+0000] {dag.py:3722} INFO - Setting next_dagrun for example_xcom to 2021-01-01T00:00:00+00:00, run_after=2021-01-01T00:00:00+00:00
[2023-12-06T18:33:03.197+0000] {processor.py:179} INFO - Processing /usr/local/lib/python3.10/dist-packages/airflow/example_dags/example_xcom.py took 0.077 seconds
[2023-12-06T18:33:36.991+0000] {processor.py:157} INFO - Started process (PID=4400) to work on /usr/local/lib/python3.10/dist-packages/airflow/example_dags/example_xcom.py
[2023-12-06T18:33:36.992+0000] {processor.py:829} INFO - Processing file /usr/local/lib/python3.10/dist-packages/airflow/example_dags/example_xcom.py for tasks to queue
[2023-12-06T18:33:36.993+0000] {logging_mixin.py:154} INFO - [2023-12-06T18:33:36.992+0000] {dagbag.py:536} INFO - Filling up the DagBag from /usr/local/lib/python3.10/dist-packages/airflow/example_dags/example_xcom.py
[2023-12-06T18:33:37.001+0000] {processor.py:839} INFO - DAG(s) dict_keys(['example_xcom']) retrieved from /usr/local/lib/python3.10/dist-packages/airflow/example_dags/example_xcom.py
[2023-12-06T18:33:37.020+0000] {logging_mixin.py:154} INFO - [2023-12-06T18:33:37.019+0000] {dag.py:2941} INFO - Sync 1 DAGs
[2023-12-06T18:33:37.040+0000] {logging_mixin.py:154} INFO - [2023-12-06T18:33:37.040+0000] {dag.py:3722} INFO - Setting next_dagrun for example_xcom to 2021-01-01T00:00:00+00:00, run_after=2021-01-01T00:00:00+00:00
[2023-12-06T18:33:37.063+0000] {processor.py:179} INFO - Processing /usr/local/lib/python3.10/dist-packages/airflow/example_dags/example_xcom.py took 0.076 seconds
[2023-12-06T18:34:24.435+0000] {processor.py:157} INFO - Started process (PID=4448) to work on /usr/local/lib/python3.10/dist-packages/airflow/example_dags/example_xcom.py
[2023-12-06T18:34:24.438+0000] {processor.py:829} INFO - Processing file /usr/local/lib/python3.10/dist-packages/airflow/example_dags/example_xcom.py for tasks to queue
[2023-12-06T18:34:24.439+0000] {logging_mixin.py:154} INFO - [2023-12-06T18:34:24.439+0000] {dagbag.py:536} INFO - Filling up the DagBag from /usr/local/lib/python3.10/dist-packages/airflow/example_dags/example_xcom.py
[2023-12-06T18:34:24.447+0000] {processor.py:839} INFO - DAG(s) dict_keys(['example_xcom']) retrieved from /usr/local/lib/python3.10/dist-packages/airflow/example_dags/example_xcom.py
[2023-12-06T18:34:24.465+0000] {logging_mixin.py:154} INFO - [2023-12-06T18:34:24.465+0000] {dag.py:2941} INFO - Sync 1 DAGs
[2023-12-06T18:34:24.485+0000] {logging_mixin.py:154} INFO - [2023-12-06T18:34:24.485+0000] {dag.py:3722} INFO - Setting next_dagrun for example_xcom to 2021-01-01T00:00:00+00:00, run_after=2021-01-01T00:00:00+00:00
[2023-12-06T18:34:24.506+0000] {processor.py:179} INFO - Processing /usr/local/lib/python3.10/dist-packages/airflow/example_dags/example_xcom.py took 0.075 seconds
[2023-12-06T18:35:08.460+0000] {processor.py:157} INFO - Started process (PID=4494) to work on /usr/local/lib/python3.10/dist-packages/airflow/example_dags/example_xcom.py
[2023-12-06T18:35:08.462+0000] {processor.py:829} INFO - Processing file /usr/local/lib/python3.10/dist-packages/airflow/example_dags/example_xcom.py for tasks to queue
[2023-12-06T18:35:08.463+0000] {logging_mixin.py:154} INFO - [2023-12-06T18:35:08.462+0000] {dagbag.py:536} INFO - Filling up the DagBag from /usr/local/lib/python3.10/dist-packages/airflow/example_dags/example_xcom.py
[2023-12-06T18:35:08.472+0000] {processor.py:839} INFO - DAG(s) dict_keys(['example_xcom']) retrieved from /usr/local/lib/python3.10/dist-packages/airflow/example_dags/example_xcom.py
[2023-12-06T18:35:08.491+0000] {logging_mixin.py:154} INFO - [2023-12-06T18:35:08.490+0000] {dag.py:2941} INFO - Sync 1 DAGs
[2023-12-06T18:35:08.513+0000] {logging_mixin.py:154} INFO - [2023-12-06T18:35:08.512+0000] {dag.py:3722} INFO - Setting next_dagrun for example_xcom to 2021-01-01T00:00:00+00:00, run_after=2021-01-01T00:00:00+00:00
[2023-12-06T18:35:08.538+0000] {processor.py:179} INFO - Processing /usr/local/lib/python3.10/dist-packages/airflow/example_dags/example_xcom.py took 0.081 seconds
[2023-12-06T18:35:41.828+0000] {processor.py:157} INFO - Started process (PID=4528) to work on /usr/local/lib/python3.10/dist-packages/airflow/example_dags/example_xcom.py
[2023-12-06T18:35:41.830+0000] {processor.py:829} INFO - Processing file /usr/local/lib/python3.10/dist-packages/airflow/example_dags/example_xcom.py for tasks to queue
[2023-12-06T18:35:41.831+0000] {logging_mixin.py:154} INFO - [2023-12-06T18:35:41.830+0000] {dagbag.py:536} INFO - Filling up the DagBag from /usr/local/lib/python3.10/dist-packages/airflow/example_dags/example_xcom.py
[2023-12-06T18:35:41.839+0000] {processor.py:839} INFO - DAG(s) dict_keys(['example_xcom']) retrieved from /usr/local/lib/python3.10/dist-packages/airflow/example_dags/example_xcom.py
[2023-12-06T18:35:41.858+0000] {logging_mixin.py:154} INFO - [2023-12-06T18:35:41.857+0000] {dag.py:2941} INFO - Sync 1 DAGs
[2023-12-06T18:35:41.878+0000] {logging_mixin.py:154} INFO - [2023-12-06T18:35:41.877+0000] {dag.py:3722} INFO - Setting next_dagrun for example_xcom to 2021-01-01T00:00:00+00:00, run_after=2021-01-01T00:00:00+00:00
[2023-12-06T18:35:41.900+0000] {processor.py:179} INFO - Processing /usr/local/lib/python3.10/dist-packages/airflow/example_dags/example_xcom.py took 0.075 seconds
[2023-12-06T18:36:26.136+0000] {processor.py:157} INFO - Started process (PID=4574) to work on /usr/local/lib/python3.10/dist-packages/airflow/example_dags/example_xcom.py
[2023-12-06T18:36:26.137+0000] {processor.py:829} INFO - Processing file /usr/local/lib/python3.10/dist-packages/airflow/example_dags/example_xcom.py for tasks to queue
[2023-12-06T18:36:26.138+0000] {logging_mixin.py:154} INFO - [2023-12-06T18:36:26.138+0000] {dagbag.py:536} INFO - Filling up the DagBag from /usr/local/lib/python3.10/dist-packages/airflow/example_dags/example_xcom.py
[2023-12-06T18:36:26.147+0000] {processor.py:839} INFO - DAG(s) dict_keys(['example_xcom']) retrieved from /usr/local/lib/python3.10/dist-packages/airflow/example_dags/example_xcom.py
[2023-12-06T18:36:26.165+0000] {logging_mixin.py:154} INFO - [2023-12-06T18:36:26.164+0000] {dag.py:2941} INFO - Sync 1 DAGs
[2023-12-06T18:36:26.184+0000] {logging_mixin.py:154} INFO - [2023-12-06T18:36:26.184+0000] {dag.py:3722} INFO - Setting next_dagrun for example_xcom to 2021-01-01T00:00:00+00:00, run_after=2021-01-01T00:00:00+00:00
[2023-12-06T18:36:26.226+0000] {processor.py:179} INFO - Processing /usr/local/lib/python3.10/dist-packages/airflow/example_dags/example_xcom.py took 0.094 seconds
[2023-12-06T18:37:12.188+0000] {processor.py:157} INFO - Started process (PID=4621) to work on /usr/local/lib/python3.10/dist-packages/airflow/example_dags/example_xcom.py
[2023-12-06T18:37:12.190+0000] {processor.py:829} INFO - Processing file /usr/local/lib/python3.10/dist-packages/airflow/example_dags/example_xcom.py for tasks to queue
[2023-12-06T18:37:12.190+0000] {logging_mixin.py:154} INFO - [2023-12-06T18:37:12.190+0000] {dagbag.py:536} INFO - Filling up the DagBag from /usr/local/lib/python3.10/dist-packages/airflow/example_dags/example_xcom.py
[2023-12-06T18:37:12.199+0000] {processor.py:839} INFO - DAG(s) dict_keys(['example_xcom']) retrieved from /usr/local/lib/python3.10/dist-packages/airflow/example_dags/example_xcom.py
[2023-12-06T18:37:12.218+0000] {logging_mixin.py:154} INFO - [2023-12-06T18:37:12.217+0000] {dag.py:2941} INFO - Sync 1 DAGs
[2023-12-06T18:37:12.244+0000] {logging_mixin.py:154} INFO - [2023-12-06T18:37:12.244+0000] {dag.py:3722} INFO - Setting next_dagrun for example_xcom to 2021-01-01T00:00:00+00:00, run_after=2021-01-01T00:00:00+00:00
[2023-12-06T18:37:12.269+0000] {processor.py:179} INFO - Processing /usr/local/lib/python3.10/dist-packages/airflow/example_dags/example_xcom.py took 0.085 seconds
[2023-12-06T18:37:57.810+0000] {processor.py:157} INFO - Started process (PID=4669) to work on /usr/local/lib/python3.10/dist-packages/airflow/example_dags/example_xcom.py
[2023-12-06T18:37:57.811+0000] {processor.py:829} INFO - Processing file /usr/local/lib/python3.10/dist-packages/airflow/example_dags/example_xcom.py for tasks to queue
[2023-12-06T18:37:57.812+0000] {logging_mixin.py:154} INFO - [2023-12-06T18:37:57.812+0000] {dagbag.py:536} INFO - Filling up the DagBag from /usr/local/lib/python3.10/dist-packages/airflow/example_dags/example_xcom.py
[2023-12-06T18:37:57.821+0000] {processor.py:839} INFO - DAG(s) dict_keys(['example_xcom']) retrieved from /usr/local/lib/python3.10/dist-packages/airflow/example_dags/example_xcom.py
[2023-12-06T18:37:57.839+0000] {logging_mixin.py:154} INFO - [2023-12-06T18:37:57.839+0000] {dag.py:2941} INFO - Sync 1 DAGs
[2023-12-06T18:37:57.860+0000] {logging_mixin.py:154} INFO - [2023-12-06T18:37:57.860+0000] {dag.py:3722} INFO - Setting next_dagrun for example_xcom to 2021-01-01T00:00:00+00:00, run_after=2021-01-01T00:00:00+00:00
[2023-12-06T18:37:57.883+0000] {processor.py:179} INFO - Processing /usr/local/lib/python3.10/dist-packages/airflow/example_dags/example_xcom.py took 0.077 seconds
[2023-12-06T18:38:45.421+0000] {processor.py:157} INFO - Started process (PID=4716) to work on /usr/local/lib/python3.10/dist-packages/airflow/example_dags/example_xcom.py
[2023-12-06T18:38:45.422+0000] {processor.py:829} INFO - Processing file /usr/local/lib/python3.10/dist-packages/airflow/example_dags/example_xcom.py for tasks to queue
[2023-12-06T18:38:45.423+0000] {logging_mixin.py:154} INFO - [2023-12-06T18:38:45.423+0000] {dagbag.py:536} INFO - Filling up the DagBag from /usr/local/lib/python3.10/dist-packages/airflow/example_dags/example_xcom.py
[2023-12-06T18:38:45.432+0000] {processor.py:839} INFO - DAG(s) dict_keys(['example_xcom']) retrieved from /usr/local/lib/python3.10/dist-packages/airflow/example_dags/example_xcom.py
[2023-12-06T18:38:45.450+0000] {logging_mixin.py:154} INFO - [2023-12-06T18:38:45.450+0000] {dag.py:2941} INFO - Sync 1 DAGs
[2023-12-06T18:38:45.470+0000] {logging_mixin.py:154} INFO - [2023-12-06T18:38:45.470+0000] {dag.py:3722} INFO - Setting next_dagrun for example_xcom to 2021-01-01T00:00:00+00:00, run_after=2021-01-01T00:00:00+00:00
[2023-12-06T18:38:45.492+0000] {processor.py:179} INFO - Processing /usr/local/lib/python3.10/dist-packages/airflow/example_dags/example_xcom.py took 0.074 seconds
[2023-12-06T18:39:33.151+0000] {processor.py:157} INFO - Started process (PID=4764) to work on /usr/local/lib/python3.10/dist-packages/airflow/example_dags/example_xcom.py
[2023-12-06T18:39:33.152+0000] {processor.py:829} INFO - Processing file /usr/local/lib/python3.10/dist-packages/airflow/example_dags/example_xcom.py for tasks to queue
[2023-12-06T18:39:33.153+0000] {logging_mixin.py:154} INFO - [2023-12-06T18:39:33.153+0000] {dagbag.py:536} INFO - Filling up the DagBag from /usr/local/lib/python3.10/dist-packages/airflow/example_dags/example_xcom.py
[2023-12-06T18:39:33.162+0000] {processor.py:839} INFO - DAG(s) dict_keys(['example_xcom']) retrieved from /usr/local/lib/python3.10/dist-packages/airflow/example_dags/example_xcom.py
[2023-12-06T18:39:33.180+0000] {logging_mixin.py:154} INFO - [2023-12-06T18:39:33.180+0000] {dag.py:2941} INFO - Sync 1 DAGs
[2023-12-06T18:39:33.201+0000] {logging_mixin.py:154} INFO - [2023-12-06T18:39:33.200+0000] {dag.py:3722} INFO - Setting next_dagrun for example_xcom to 2021-01-01T00:00:00+00:00, run_after=2021-01-01T00:00:00+00:00
[2023-12-06T18:39:33.232+0000] {processor.py:179} INFO - Processing /usr/local/lib/python3.10/dist-packages/airflow/example_dags/example_xcom.py took 0.085 seconds
[2023-12-06T18:40:06.451+0000] {processor.py:157} INFO - Started process (PID=4797) to work on /usr/local/lib/python3.10/dist-packages/airflow/example_dags/example_xcom.py
[2023-12-06T18:40:06.452+0000] {processor.py:829} INFO - Processing file /usr/local/lib/python3.10/dist-packages/airflow/example_dags/example_xcom.py for tasks to queue
[2023-12-06T18:40:06.452+0000] {logging_mixin.py:154} INFO - [2023-12-06T18:40:06.452+0000] {dagbag.py:536} INFO - Filling up the DagBag from /usr/local/lib/python3.10/dist-packages/airflow/example_dags/example_xcom.py
[2023-12-06T18:40:06.461+0000] {processor.py:839} INFO - DAG(s) dict_keys(['example_xcom']) retrieved from /usr/local/lib/python3.10/dist-packages/airflow/example_dags/example_xcom.py
[2023-12-06T18:40:06.480+0000] {logging_mixin.py:154} INFO - [2023-12-06T18:40:06.480+0000] {dag.py:2941} INFO - Sync 1 DAGs
[2023-12-06T18:40:06.502+0000] {logging_mixin.py:154} INFO - [2023-12-06T18:40:06.502+0000] {dag.py:3722} INFO - Setting next_dagrun for example_xcom to 2021-01-01T00:00:00+00:00, run_after=2021-01-01T00:00:00+00:00
[2023-12-06T18:40:06.527+0000] {processor.py:179} INFO - Processing /usr/local/lib/python3.10/dist-packages/airflow/example_dags/example_xcom.py took 0.080 seconds
[2023-12-06T18:40:39.284+0000] {processor.py:157} INFO - Started process (PID=4831) to work on /usr/local/lib/python3.10/dist-packages/airflow/example_dags/example_xcom.py
[2023-12-06T18:40:39.285+0000] {processor.py:829} INFO - Processing file /usr/local/lib/python3.10/dist-packages/airflow/example_dags/example_xcom.py for tasks to queue
[2023-12-06T18:40:39.286+0000] {logging_mixin.py:154} INFO - [2023-12-06T18:40:39.286+0000] {dagbag.py:536} INFO - Filling up the DagBag from /usr/local/lib/python3.10/dist-packages/airflow/example_dags/example_xcom.py
[2023-12-06T18:40:39.295+0000] {processor.py:839} INFO - DAG(s) dict_keys(['example_xcom']) retrieved from /usr/local/lib/python3.10/dist-packages/airflow/example_dags/example_xcom.py
[2023-12-06T18:40:39.314+0000] {logging_mixin.py:154} INFO - [2023-12-06T18:40:39.313+0000] {dag.py:2941} INFO - Sync 1 DAGs
[2023-12-06T18:40:39.334+0000] {logging_mixin.py:154} INFO - [2023-12-06T18:40:39.334+0000] {dag.py:3722} INFO - Setting next_dagrun for example_xcom to 2021-01-01T00:00:00+00:00, run_after=2021-01-01T00:00:00+00:00
[2023-12-06T18:40:39.356+0000] {processor.py:179} INFO - Processing /usr/local/lib/python3.10/dist-packages/airflow/example_dags/example_xcom.py took 0.076 seconds
[2023-12-06T18:41:13.660+0000] {processor.py:157} INFO - Started process (PID=4865) to work on /usr/local/lib/python3.10/dist-packages/airflow/example_dags/example_xcom.py
[2023-12-06T18:41:13.661+0000] {processor.py:829} INFO - Processing file /usr/local/lib/python3.10/dist-packages/airflow/example_dags/example_xcom.py for tasks to queue
[2023-12-06T18:41:13.661+0000] {logging_mixin.py:154} INFO - [2023-12-06T18:41:13.661+0000] {dagbag.py:536} INFO - Filling up the DagBag from /usr/local/lib/python3.10/dist-packages/airflow/example_dags/example_xcom.py
[2023-12-06T18:41:13.670+0000] {processor.py:839} INFO - DAG(s) dict_keys(['example_xcom']) retrieved from /usr/local/lib/python3.10/dist-packages/airflow/example_dags/example_xcom.py
[2023-12-06T18:41:13.689+0000] {logging_mixin.py:154} INFO - [2023-12-06T18:41:13.688+0000] {dag.py:2941} INFO - Sync 1 DAGs
[2023-12-06T18:41:13.709+0000] {logging_mixin.py:154} INFO - [2023-12-06T18:41:13.708+0000] {dag.py:3722} INFO - Setting next_dagrun for example_xcom to 2021-01-01T00:00:00+00:00, run_after=2021-01-01T00:00:00+00:00
[2023-12-06T18:41:13.730+0000] {processor.py:179} INFO - Processing /usr/local/lib/python3.10/dist-packages/airflow/example_dags/example_xcom.py took 0.074 seconds
[2023-12-06T18:41:45.822+0000] {processor.py:157} INFO - Started process (PID=4898) to work on /usr/local/lib/python3.10/dist-packages/airflow/example_dags/example_xcom.py
[2023-12-06T18:41:45.824+0000] {processor.py:829} INFO - Processing file /usr/local/lib/python3.10/dist-packages/airflow/example_dags/example_xcom.py for tasks to queue
[2023-12-06T18:41:45.825+0000] {logging_mixin.py:154} INFO - [2023-12-06T18:41:45.825+0000] {dagbag.py:536} INFO - Filling up the DagBag from /usr/local/lib/python3.10/dist-packages/airflow/example_dags/example_xcom.py
[2023-12-06T18:41:45.833+0000] {processor.py:839} INFO - DAG(s) dict_keys(['example_xcom']) retrieved from /usr/local/lib/python3.10/dist-packages/airflow/example_dags/example_xcom.py
[2023-12-06T18:41:45.851+0000] {logging_mixin.py:154} INFO - [2023-12-06T18:41:45.851+0000] {dag.py:2941} INFO - Sync 1 DAGs
[2023-12-06T18:41:45.871+0000] {logging_mixin.py:154} INFO - [2023-12-06T18:41:45.871+0000] {dag.py:3722} INFO - Setting next_dagrun for example_xcom to 2021-01-01T00:00:00+00:00, run_after=2021-01-01T00:00:00+00:00
[2023-12-06T18:41:45.893+0000] {processor.py:179} INFO - Processing /usr/local/lib/python3.10/dist-packages/airflow/example_dags/example_xcom.py took 0.074 seconds
[2023-12-06T18:42:31.308+0000] {processor.py:157} INFO - Started process (PID=4944) to work on /usr/local/lib/python3.10/dist-packages/airflow/example_dags/example_xcom.py
[2023-12-06T18:42:31.309+0000] {processor.py:829} INFO - Processing file /usr/local/lib/python3.10/dist-packages/airflow/example_dags/example_xcom.py for tasks to queue
[2023-12-06T18:42:31.310+0000] {logging_mixin.py:154} INFO - [2023-12-06T18:42:31.310+0000] {dagbag.py:536} INFO - Filling up the DagBag from /usr/local/lib/python3.10/dist-packages/airflow/example_dags/example_xcom.py
[2023-12-06T18:42:31.319+0000] {processor.py:839} INFO - DAG(s) dict_keys(['example_xcom']) retrieved from /usr/local/lib/python3.10/dist-packages/airflow/example_dags/example_xcom.py
[2023-12-06T18:42:31.337+0000] {logging_mixin.py:154} INFO - [2023-12-06T18:42:31.337+0000] {dag.py:2941} INFO - Sync 1 DAGs
[2023-12-06T18:42:31.358+0000] {logging_mixin.py:154} INFO - [2023-12-06T18:42:31.358+0000] {dag.py:3722} INFO - Setting next_dagrun for example_xcom to 2021-01-01T00:00:00+00:00, run_after=2021-01-01T00:00:00+00:00
[2023-12-06T18:42:31.380+0000] {processor.py:179} INFO - Processing /usr/local/lib/python3.10/dist-packages/airflow/example_dags/example_xcom.py took 0.076 seconds
[2023-12-06T18:43:05.356+0000] {processor.py:157} INFO - Started process (PID=4977) to work on /usr/local/lib/python3.10/dist-packages/airflow/example_dags/example_xcom.py
[2023-12-06T18:43:05.357+0000] {processor.py:829} INFO - Processing file /usr/local/lib/python3.10/dist-packages/airflow/example_dags/example_xcom.py for tasks to queue
[2023-12-06T18:43:05.358+0000] {logging_mixin.py:154} INFO - [2023-12-06T18:43:05.358+0000] {dagbag.py:536} INFO - Filling up the DagBag from /usr/local/lib/python3.10/dist-packages/airflow/example_dags/example_xcom.py
[2023-12-06T18:43:05.367+0000] {processor.py:839} INFO - DAG(s) dict_keys(['example_xcom']) retrieved from /usr/local/lib/python3.10/dist-packages/airflow/example_dags/example_xcom.py
[2023-12-06T18:43:05.386+0000] {logging_mixin.py:154} INFO - [2023-12-06T18:43:05.385+0000] {dag.py:2941} INFO - Sync 1 DAGs
[2023-12-06T18:43:05.407+0000] {logging_mixin.py:154} INFO - [2023-12-06T18:43:05.406+0000] {dag.py:3722} INFO - Setting next_dagrun for example_xcom to 2021-01-01T00:00:00+00:00, run_after=2021-01-01T00:00:00+00:00
[2023-12-06T18:43:05.433+0000] {processor.py:179} INFO - Processing /usr/local/lib/python3.10/dist-packages/airflow/example_dags/example_xcom.py took 0.081 seconds
[2023-12-06T18:43:40.535+0000] {processor.py:157} INFO - Started process (PID=5012) to work on /usr/local/lib/python3.10/dist-packages/airflow/example_dags/example_xcom.py
[2023-12-06T18:43:40.536+0000] {processor.py:829} INFO - Processing file /usr/local/lib/python3.10/dist-packages/airflow/example_dags/example_xcom.py for tasks to queue
[2023-12-06T18:43:40.537+0000] {logging_mixin.py:154} INFO - [2023-12-06T18:43:40.537+0000] {dagbag.py:536} INFO - Filling up the DagBag from /usr/local/lib/python3.10/dist-packages/airflow/example_dags/example_xcom.py
[2023-12-06T18:43:40.546+0000] {processor.py:839} INFO - DAG(s) dict_keys(['example_xcom']) retrieved from /usr/local/lib/python3.10/dist-packages/airflow/example_dags/example_xcom.py
[2023-12-06T18:43:40.565+0000] {logging_mixin.py:154} INFO - [2023-12-06T18:43:40.564+0000] {dag.py:2941} INFO - Sync 1 DAGs
[2023-12-06T18:43:40.586+0000] {logging_mixin.py:154} INFO - [2023-12-06T18:43:40.586+0000] {dag.py:3722} INFO - Setting next_dagrun for example_xcom to 2021-01-01T00:00:00+00:00, run_after=2021-01-01T00:00:00+00:00
[2023-12-06T18:43:40.610+0000] {processor.py:179} INFO - Processing /usr/local/lib/python3.10/dist-packages/airflow/example_dags/example_xcom.py took 0.079 seconds
[2023-12-06T18:44:13.939+0000] {processor.py:157} INFO - Started process (PID=5046) to work on /usr/local/lib/python3.10/dist-packages/airflow/example_dags/example_xcom.py
[2023-12-06T18:44:13.940+0000] {processor.py:829} INFO - Processing file /usr/local/lib/python3.10/dist-packages/airflow/example_dags/example_xcom.py for tasks to queue
[2023-12-06T18:44:13.941+0000] {logging_mixin.py:154} INFO - [2023-12-06T18:44:13.941+0000] {dagbag.py:536} INFO - Filling up the DagBag from /usr/local/lib/python3.10/dist-packages/airflow/example_dags/example_xcom.py
[2023-12-06T18:44:13.949+0000] {processor.py:839} INFO - DAG(s) dict_keys(['example_xcom']) retrieved from /usr/local/lib/python3.10/dist-packages/airflow/example_dags/example_xcom.py
[2023-12-06T18:44:13.968+0000] {logging_mixin.py:154} INFO - [2023-12-06T18:44:13.968+0000] {dag.py:2941} INFO - Sync 1 DAGs
[2023-12-06T18:44:13.988+0000] {logging_mixin.py:154} INFO - [2023-12-06T18:44:13.988+0000] {dag.py:3722} INFO - Setting next_dagrun for example_xcom to 2021-01-01T00:00:00+00:00, run_after=2021-01-01T00:00:00+00:00
[2023-12-06T18:44:14.010+0000] {processor.py:179} INFO - Processing /usr/local/lib/python3.10/dist-packages/airflow/example_dags/example_xcom.py took 0.075 seconds
[2023-12-06T18:44:46.459+0000] {processor.py:157} INFO - Started process (PID=5079) to work on /usr/local/lib/python3.10/dist-packages/airflow/example_dags/example_xcom.py
[2023-12-06T18:44:46.460+0000] {processor.py:829} INFO - Processing file /usr/local/lib/python3.10/dist-packages/airflow/example_dags/example_xcom.py for tasks to queue
[2023-12-06T18:44:46.461+0000] {logging_mixin.py:154} INFO - [2023-12-06T18:44:46.460+0000] {dagbag.py:536} INFO - Filling up the DagBag from /usr/local/lib/python3.10/dist-packages/airflow/example_dags/example_xcom.py
[2023-12-06T18:44:46.469+0000] {processor.py:839} INFO - DAG(s) dict_keys(['example_xcom']) retrieved from /usr/local/lib/python3.10/dist-packages/airflow/example_dags/example_xcom.py
[2023-12-06T18:44:46.488+0000] {logging_mixin.py:154} INFO - [2023-12-06T18:44:46.487+0000] {dag.py:2941} INFO - Sync 1 DAGs
[2023-12-06T18:44:46.508+0000] {logging_mixin.py:154} INFO - [2023-12-06T18:44:46.508+0000] {dag.py:3722} INFO - Setting next_dagrun for example_xcom to 2021-01-01T00:00:00+00:00, run_after=2021-01-01T00:00:00+00:00
[2023-12-06T18:44:46.530+0000] {processor.py:179} INFO - Processing /usr/local/lib/python3.10/dist-packages/airflow/example_dags/example_xcom.py took 0.074 seconds
[2023-12-06T18:45:31.555+0000] {processor.py:157} INFO - Started process (PID=5127) to work on /usr/local/lib/python3.10/dist-packages/airflow/example_dags/example_xcom.py
[2023-12-06T18:45:31.559+0000] {processor.py:829} INFO - Processing file /usr/local/lib/python3.10/dist-packages/airflow/example_dags/example_xcom.py for tasks to queue
[2023-12-06T18:45:31.560+0000] {logging_mixin.py:154} INFO - [2023-12-06T18:45:31.559+0000] {dagbag.py:536} INFO - Filling up the DagBag from /usr/local/lib/python3.10/dist-packages/airflow/example_dags/example_xcom.py
[2023-12-06T18:45:31.568+0000] {processor.py:839} INFO - DAG(s) dict_keys(['example_xcom']) retrieved from /usr/local/lib/python3.10/dist-packages/airflow/example_dags/example_xcom.py
[2023-12-06T18:45:31.587+0000] {logging_mixin.py:154} INFO - [2023-12-06T18:45:31.587+0000] {dag.py:2941} INFO - Sync 1 DAGs
[2023-12-06T18:45:31.611+0000] {logging_mixin.py:154} INFO - [2023-12-06T18:45:31.611+0000] {dag.py:3722} INFO - Setting next_dagrun for example_xcom to 2021-01-01T00:00:00+00:00, run_after=2021-01-01T00:00:00+00:00
[2023-12-06T18:45:31.641+0000] {processor.py:179} INFO - Processing /usr/local/lib/python3.10/dist-packages/airflow/example_dags/example_xcom.py took 0.089 seconds
[2023-12-06T18:46:14.421+0000] {processor.py:157} INFO - Started process (PID=5173) to work on /usr/local/lib/python3.10/dist-packages/airflow/example_dags/example_xcom.py
[2023-12-06T18:46:14.422+0000] {processor.py:829} INFO - Processing file /usr/local/lib/python3.10/dist-packages/airflow/example_dags/example_xcom.py for tasks to queue
[2023-12-06T18:46:14.423+0000] {logging_mixin.py:154} INFO - [2023-12-06T18:46:14.423+0000] {dagbag.py:536} INFO - Filling up the DagBag from /usr/local/lib/python3.10/dist-packages/airflow/example_dags/example_xcom.py
[2023-12-06T18:46:14.432+0000] {processor.py:839} INFO - DAG(s) dict_keys(['example_xcom']) retrieved from /usr/local/lib/python3.10/dist-packages/airflow/example_dags/example_xcom.py
[2023-12-06T18:46:14.450+0000] {logging_mixin.py:154} INFO - [2023-12-06T18:46:14.450+0000] {dag.py:2941} INFO - Sync 1 DAGs
[2023-12-06T18:46:14.470+0000] {logging_mixin.py:154} INFO - [2023-12-06T18:46:14.470+0000] {dag.py:3722} INFO - Setting next_dagrun for example_xcom to 2021-01-01T00:00:00+00:00, run_after=2021-01-01T00:00:00+00:00
[2023-12-06T18:46:14.492+0000] {processor.py:179} INFO - Processing /usr/local/lib/python3.10/dist-packages/airflow/example_dags/example_xcom.py took 0.074 seconds
[2023-12-06T18:46:59.378+0000] {processor.py:157} INFO - Started process (PID=5220) to work on /usr/local/lib/python3.10/dist-packages/airflow/example_dags/example_xcom.py
[2023-12-06T18:46:59.380+0000] {processor.py:829} INFO - Processing file /usr/local/lib/python3.10/dist-packages/airflow/example_dags/example_xcom.py for tasks to queue
[2023-12-06T18:46:59.381+0000] {logging_mixin.py:154} INFO - [2023-12-06T18:46:59.380+0000] {dagbag.py:536} INFO - Filling up the DagBag from /usr/local/lib/python3.10/dist-packages/airflow/example_dags/example_xcom.py
[2023-12-06T18:46:59.389+0000] {processor.py:839} INFO - DAG(s) dict_keys(['example_xcom']) retrieved from /usr/local/lib/python3.10/dist-packages/airflow/example_dags/example_xcom.py
[2023-12-06T18:46:59.408+0000] {logging_mixin.py:154} INFO - [2023-12-06T18:46:59.408+0000] {dag.py:2941} INFO - Sync 1 DAGs
[2023-12-06T18:46:59.428+0000] {logging_mixin.py:154} INFO - [2023-12-06T18:46:59.428+0000] {dag.py:3722} INFO - Setting next_dagrun for example_xcom to 2021-01-01T00:00:00+00:00, run_after=2021-01-01T00:00:00+00:00
[2023-12-06T18:46:59.454+0000] {processor.py:179} INFO - Processing /usr/local/lib/python3.10/dist-packages/airflow/example_dags/example_xcom.py took 0.079 seconds
[2023-12-06T18:47:33.528+0000] {processor.py:157} INFO - Started process (PID=5253) to work on /usr/local/lib/python3.10/dist-packages/airflow/example_dags/example_xcom.py
[2023-12-06T18:47:33.529+0000] {processor.py:829} INFO - Processing file /usr/local/lib/python3.10/dist-packages/airflow/example_dags/example_xcom.py for tasks to queue
[2023-12-06T18:47:33.530+0000] {logging_mixin.py:154} INFO - [2023-12-06T18:47:33.530+0000] {dagbag.py:536} INFO - Filling up the DagBag from /usr/local/lib/python3.10/dist-packages/airflow/example_dags/example_xcom.py
[2023-12-06T18:47:33.539+0000] {processor.py:839} INFO - DAG(s) dict_keys(['example_xcom']) retrieved from /usr/local/lib/python3.10/dist-packages/airflow/example_dags/example_xcom.py
[2023-12-06T18:47:33.557+0000] {logging_mixin.py:154} INFO - [2023-12-06T18:47:33.557+0000] {dag.py:2941} INFO - Sync 1 DAGs
[2023-12-06T18:47:33.578+0000] {logging_mixin.py:154} INFO - [2023-12-06T18:47:33.577+0000] {dag.py:3722} INFO - Setting next_dagrun for example_xcom to 2021-01-01T00:00:00+00:00, run_after=2021-01-01T00:00:00+00:00
[2023-12-06T18:47:33.599+0000] {processor.py:179} INFO - Processing /usr/local/lib/python3.10/dist-packages/airflow/example_dags/example_xcom.py took 0.075 seconds
[2023-12-06T18:48:07.210+0000] {processor.py:157} INFO - Started process (PID=5289) to work on /usr/local/lib/python3.10/dist-packages/airflow/example_dags/example_xcom.py
[2023-12-06T18:48:07.211+0000] {processor.py:829} INFO - Processing file /usr/local/lib/python3.10/dist-packages/airflow/example_dags/example_xcom.py for tasks to queue
[2023-12-06T18:48:07.212+0000] {logging_mixin.py:154} INFO - [2023-12-06T18:48:07.211+0000] {dagbag.py:536} INFO - Filling up the DagBag from /usr/local/lib/python3.10/dist-packages/airflow/example_dags/example_xcom.py
[2023-12-06T18:48:07.220+0000] {processor.py:839} INFO - DAG(s) dict_keys(['example_xcom']) retrieved from /usr/local/lib/python3.10/dist-packages/airflow/example_dags/example_xcom.py
[2023-12-06T18:48:07.238+0000] {logging_mixin.py:154} INFO - [2023-12-06T18:48:07.238+0000] {dag.py:2941} INFO - Sync 1 DAGs
[2023-12-06T18:48:07.259+0000] {logging_mixin.py:154} INFO - [2023-12-06T18:48:07.259+0000] {dag.py:3722} INFO - Setting next_dagrun for example_xcom to 2021-01-01T00:00:00+00:00, run_after=2021-01-01T00:00:00+00:00
[2023-12-06T18:48:07.284+0000] {processor.py:179} INFO - Processing /usr/local/lib/python3.10/dist-packages/airflow/example_dags/example_xcom.py took 0.078 seconds
[2023-12-06T18:48:40.836+0000] {processor.py:157} INFO - Started process (PID=5322) to work on /usr/local/lib/python3.10/dist-packages/airflow/example_dags/example_xcom.py
[2023-12-06T18:48:40.838+0000] {processor.py:829} INFO - Processing file /usr/local/lib/python3.10/dist-packages/airflow/example_dags/example_xcom.py for tasks to queue
[2023-12-06T18:48:40.839+0000] {logging_mixin.py:154} INFO - [2023-12-06T18:48:40.838+0000] {dagbag.py:536} INFO - Filling up the DagBag from /usr/local/lib/python3.10/dist-packages/airflow/example_dags/example_xcom.py
[2023-12-06T18:48:40.847+0000] {processor.py:839} INFO - DAG(s) dict_keys(['example_xcom']) retrieved from /usr/local/lib/python3.10/dist-packages/airflow/example_dags/example_xcom.py
[2023-12-06T18:48:40.865+0000] {logging_mixin.py:154} INFO - [2023-12-06T18:48:40.865+0000] {dag.py:2941} INFO - Sync 1 DAGs
[2023-12-06T18:48:40.885+0000] {logging_mixin.py:154} INFO - [2023-12-06T18:48:40.885+0000] {dag.py:3722} INFO - Setting next_dagrun for example_xcom to 2021-01-01T00:00:00+00:00, run_after=2021-01-01T00:00:00+00:00
[2023-12-06T18:48:40.907+0000] {processor.py:179} INFO - Processing /usr/local/lib/python3.10/dist-packages/airflow/example_dags/example_xcom.py took 0.074 seconds
[2023-12-06T18:49:27.389+0000] {processor.py:157} INFO - Started process (PID=5369) to work on /usr/local/lib/python3.10/dist-packages/airflow/example_dags/example_xcom.py
[2023-12-06T18:49:27.390+0000] {processor.py:829} INFO - Processing file /usr/local/lib/python3.10/dist-packages/airflow/example_dags/example_xcom.py for tasks to queue
[2023-12-06T18:49:27.391+0000] {logging_mixin.py:154} INFO - [2023-12-06T18:49:27.391+0000] {dagbag.py:536} INFO - Filling up the DagBag from /usr/local/lib/python3.10/dist-packages/airflow/example_dags/example_xcom.py
[2023-12-06T18:49:27.399+0000] {processor.py:839} INFO - DAG(s) dict_keys(['example_xcom']) retrieved from /usr/local/lib/python3.10/dist-packages/airflow/example_dags/example_xcom.py
[2023-12-06T18:49:27.417+0000] {logging_mixin.py:154} INFO - [2023-12-06T18:49:27.417+0000] {dag.py:2941} INFO - Sync 1 DAGs
[2023-12-06T18:49:27.439+0000] {logging_mixin.py:154} INFO - [2023-12-06T18:49:27.439+0000] {dag.py:3722} INFO - Setting next_dagrun for example_xcom to 2021-01-01T00:00:00+00:00, run_after=2021-01-01T00:00:00+00:00
[2023-12-06T18:49:27.460+0000] {processor.py:179} INFO - Processing /usr/local/lib/python3.10/dist-packages/airflow/example_dags/example_xcom.py took 0.075 seconds
[2023-12-06T18:50:07.422+0000] {processor.py:157} INFO - Started process (PID=5413) to work on /usr/local/lib/python3.10/dist-packages/airflow/example_dags/example_xcom.py
[2023-12-06T18:50:07.423+0000] {processor.py:829} INFO - Processing file /usr/local/lib/python3.10/dist-packages/airflow/example_dags/example_xcom.py for tasks to queue
[2023-12-06T18:50:07.424+0000] {logging_mixin.py:154} INFO - [2023-12-06T18:50:07.424+0000] {dagbag.py:536} INFO - Filling up the DagBag from /usr/local/lib/python3.10/dist-packages/airflow/example_dags/example_xcom.py
[2023-12-06T18:50:07.433+0000] {processor.py:839} INFO - DAG(s) dict_keys(['example_xcom']) retrieved from /usr/local/lib/python3.10/dist-packages/airflow/example_dags/example_xcom.py
[2023-12-06T18:50:07.453+0000] {logging_mixin.py:154} INFO - [2023-12-06T18:50:07.452+0000] {dag.py:2941} INFO - Sync 1 DAGs
[2023-12-06T18:50:07.475+0000] {logging_mixin.py:154} INFO - [2023-12-06T18:50:07.474+0000] {dag.py:3722} INFO - Setting next_dagrun for example_xcom to 2021-01-01T00:00:00+00:00, run_after=2021-01-01T00:00:00+00:00
[2023-12-06T18:50:07.500+0000] {processor.py:179} INFO - Processing /usr/local/lib/python3.10/dist-packages/airflow/example_dags/example_xcom.py took 0.082 seconds
[2023-12-06T18:50:51.454+0000] {processor.py:157} INFO - Started process (PID=5462) to work on /usr/local/lib/python3.10/dist-packages/airflow/example_dags/example_xcom.py
[2023-12-06T18:50:51.455+0000] {processor.py:829} INFO - Processing file /usr/local/lib/python3.10/dist-packages/airflow/example_dags/example_xcom.py for tasks to queue
[2023-12-06T18:50:51.456+0000] {logging_mixin.py:154} INFO - [2023-12-06T18:50:51.456+0000] {dagbag.py:536} INFO - Filling up the DagBag from /usr/local/lib/python3.10/dist-packages/airflow/example_dags/example_xcom.py
[2023-12-06T18:50:51.465+0000] {processor.py:839} INFO - DAG(s) dict_keys(['example_xcom']) retrieved from /usr/local/lib/python3.10/dist-packages/airflow/example_dags/example_xcom.py
[2023-12-06T18:50:51.484+0000] {logging_mixin.py:154} INFO - [2023-12-06T18:50:51.484+0000] {dag.py:2941} INFO - Sync 1 DAGs
[2023-12-06T18:50:51.506+0000] {logging_mixin.py:154} INFO - [2023-12-06T18:50:51.506+0000] {dag.py:3722} INFO - Setting next_dagrun for example_xcom to 2021-01-01T00:00:00+00:00, run_after=2021-01-01T00:00:00+00:00
[2023-12-06T18:50:51.529+0000] {processor.py:179} INFO - Processing /usr/local/lib/python3.10/dist-packages/airflow/example_dags/example_xcom.py took 0.079 seconds
[2023-12-06T18:51:34.316+0000] {processor.py:157} INFO - Started process (PID=5507) to work on /usr/local/lib/python3.10/dist-packages/airflow/example_dags/example_xcom.py
[2023-12-06T18:51:34.318+0000] {processor.py:829} INFO - Processing file /usr/local/lib/python3.10/dist-packages/airflow/example_dags/example_xcom.py for tasks to queue
[2023-12-06T18:51:34.319+0000] {logging_mixin.py:154} INFO - [2023-12-06T18:51:34.318+0000] {dagbag.py:536} INFO - Filling up the DagBag from /usr/local/lib/python3.10/dist-packages/airflow/example_dags/example_xcom.py
[2023-12-06T18:51:34.327+0000] {processor.py:839} INFO - DAG(s) dict_keys(['example_xcom']) retrieved from /usr/local/lib/python3.10/dist-packages/airflow/example_dags/example_xcom.py
[2023-12-06T18:51:34.346+0000] {logging_mixin.py:154} INFO - [2023-12-06T18:51:34.345+0000] {dag.py:2941} INFO - Sync 1 DAGs
[2023-12-06T18:51:34.366+0000] {logging_mixin.py:154} INFO - [2023-12-06T18:51:34.366+0000] {dag.py:3722} INFO - Setting next_dagrun for example_xcom to 2021-01-01T00:00:00+00:00, run_after=2021-01-01T00:00:00+00:00
[2023-12-06T18:51:34.388+0000] {processor.py:179} INFO - Processing /usr/local/lib/python3.10/dist-packages/airflow/example_dags/example_xcom.py took 0.075 seconds
[2023-12-06T18:52:20.487+0000] {processor.py:157} INFO - Started process (PID=5554) to work on /usr/local/lib/python3.10/dist-packages/airflow/example_dags/example_xcom.py
[2023-12-06T18:52:20.489+0000] {processor.py:829} INFO - Processing file /usr/local/lib/python3.10/dist-packages/airflow/example_dags/example_xcom.py for tasks to queue
[2023-12-06T18:52:20.490+0000] {logging_mixin.py:154} INFO - [2023-12-06T18:52:20.489+0000] {dagbag.py:536} INFO - Filling up the DagBag from /usr/local/lib/python3.10/dist-packages/airflow/example_dags/example_xcom.py
[2023-12-06T18:52:20.498+0000] {processor.py:839} INFO - DAG(s) dict_keys(['example_xcom']) retrieved from /usr/local/lib/python3.10/dist-packages/airflow/example_dags/example_xcom.py
[2023-12-06T18:52:20.517+0000] {logging_mixin.py:154} INFO - [2023-12-06T18:52:20.517+0000] {dag.py:2941} INFO - Sync 1 DAGs
[2023-12-06T18:52:20.538+0000] {logging_mixin.py:154} INFO - [2023-12-06T18:52:20.538+0000] {dag.py:3722} INFO - Setting next_dagrun for example_xcom to 2021-01-01T00:00:00+00:00, run_after=2021-01-01T00:00:00+00:00
[2023-12-06T18:52:20.565+0000] {processor.py:179} INFO - Processing /usr/local/lib/python3.10/dist-packages/airflow/example_dags/example_xcom.py took 0.081 seconds
[2023-12-06T18:53:08.018+0000] {processor.py:157} INFO - Started process (PID=5602) to work on /usr/local/lib/python3.10/dist-packages/airflow/example_dags/example_xcom.py
[2023-12-06T18:53:08.019+0000] {processor.py:829} INFO - Processing file /usr/local/lib/python3.10/dist-packages/airflow/example_dags/example_xcom.py for tasks to queue
[2023-12-06T18:53:08.020+0000] {logging_mixin.py:154} INFO - [2023-12-06T18:53:08.020+0000] {dagbag.py:536} INFO - Filling up the DagBag from /usr/local/lib/python3.10/dist-packages/airflow/example_dags/example_xcom.py
[2023-12-06T18:53:08.029+0000] {processor.py:839} INFO - DAG(s) dict_keys(['example_xcom']) retrieved from /usr/local/lib/python3.10/dist-packages/airflow/example_dags/example_xcom.py
[2023-12-06T18:53:08.048+0000] {logging_mixin.py:154} INFO - [2023-12-06T18:53:08.048+0000] {dag.py:2941} INFO - Sync 1 DAGs
[2023-12-06T18:53:08.070+0000] {logging_mixin.py:154} INFO - [2023-12-06T18:53:08.069+0000] {dag.py:3722} INFO - Setting next_dagrun for example_xcom to 2021-01-01T00:00:00+00:00, run_after=2021-01-01T00:00:00+00:00
[2023-12-06T18:53:08.092+0000] {processor.py:179} INFO - Processing /usr/local/lib/python3.10/dist-packages/airflow/example_dags/example_xcom.py took 0.077 seconds
[2023-12-06T18:53:50.511+0000] {processor.py:157} INFO - Started process (PID=5648) to work on /usr/local/lib/python3.10/dist-packages/airflow/example_dags/example_xcom.py
[2023-12-06T18:53:50.513+0000] {processor.py:829} INFO - Processing file /usr/local/lib/python3.10/dist-packages/airflow/example_dags/example_xcom.py for tasks to queue
[2023-12-06T18:53:50.513+0000] {logging_mixin.py:154} INFO - [2023-12-06T18:53:50.513+0000] {dagbag.py:536} INFO - Filling up the DagBag from /usr/local/lib/python3.10/dist-packages/airflow/example_dags/example_xcom.py
[2023-12-06T18:53:50.522+0000] {processor.py:839} INFO - DAG(s) dict_keys(['example_xcom']) retrieved from /usr/local/lib/python3.10/dist-packages/airflow/example_dags/example_xcom.py
[2023-12-06T18:53:50.540+0000] {logging_mixin.py:154} INFO - [2023-12-06T18:53:50.540+0000] {dag.py:2941} INFO - Sync 1 DAGs
[2023-12-06T18:53:50.567+0000] {logging_mixin.py:154} INFO - [2023-12-06T18:53:50.566+0000] {dag.py:3722} INFO - Setting next_dagrun for example_xcom to 2021-01-01T00:00:00+00:00, run_after=2021-01-01T00:00:00+00:00
[2023-12-06T18:53:50.592+0000] {processor.py:179} INFO - Processing /usr/local/lib/python3.10/dist-packages/airflow/example_dags/example_xcom.py took 0.084 seconds
[2023-12-06T18:54:33.170+0000] {processor.py:157} INFO - Started process (PID=5692) to work on /usr/local/lib/python3.10/dist-packages/airflow/example_dags/example_xcom.py
[2023-12-06T18:54:33.172+0000] {processor.py:829} INFO - Processing file /usr/local/lib/python3.10/dist-packages/airflow/example_dags/example_xcom.py for tasks to queue
[2023-12-06T18:54:33.173+0000] {logging_mixin.py:154} INFO - [2023-12-06T18:54:33.172+0000] {dagbag.py:536} INFO - Filling up the DagBag from /usr/local/lib/python3.10/dist-packages/airflow/example_dags/example_xcom.py
[2023-12-06T18:54:33.181+0000] {processor.py:839} INFO - DAG(s) dict_keys(['example_xcom']) retrieved from /usr/local/lib/python3.10/dist-packages/airflow/example_dags/example_xcom.py
[2023-12-06T18:54:33.199+0000] {logging_mixin.py:154} INFO - [2023-12-06T18:54:33.199+0000] {dag.py:2941} INFO - Sync 1 DAGs
[2023-12-06T18:54:33.219+0000] {logging_mixin.py:154} INFO - [2023-12-06T18:54:33.219+0000] {dag.py:3722} INFO - Setting next_dagrun for example_xcom to 2021-01-01T00:00:00+00:00, run_after=2021-01-01T00:00:00+00:00
[2023-12-06T18:54:33.244+0000] {processor.py:179} INFO - Processing /usr/local/lib/python3.10/dist-packages/airflow/example_dags/example_xcom.py took 0.077 seconds
[2023-12-06T18:55:17.793+0000] {processor.py:157} INFO - Started process (PID=5738) to work on /usr/local/lib/python3.10/dist-packages/airflow/example_dags/example_xcom.py
[2023-12-06T18:55:17.794+0000] {processor.py:829} INFO - Processing file /usr/local/lib/python3.10/dist-packages/airflow/example_dags/example_xcom.py for tasks to queue
[2023-12-06T18:55:17.795+0000] {logging_mixin.py:154} INFO - [2023-12-06T18:55:17.794+0000] {dagbag.py:536} INFO - Filling up the DagBag from /usr/local/lib/python3.10/dist-packages/airflow/example_dags/example_xcom.py
[2023-12-06T18:55:17.803+0000] {processor.py:839} INFO - DAG(s) dict_keys(['example_xcom']) retrieved from /usr/local/lib/python3.10/dist-packages/airflow/example_dags/example_xcom.py
[2023-12-06T18:55:17.822+0000] {logging_mixin.py:154} INFO - [2023-12-06T18:55:17.822+0000] {dag.py:2941} INFO - Sync 1 DAGs
[2023-12-06T18:55:17.842+0000] {logging_mixin.py:154} INFO - [2023-12-06T18:55:17.842+0000] {dag.py:3722} INFO - Setting next_dagrun for example_xcom to 2021-01-01T00:00:00+00:00, run_after=2021-01-01T00:00:00+00:00
[2023-12-06T18:55:17.864+0000] {processor.py:179} INFO - Processing /usr/local/lib/python3.10/dist-packages/airflow/example_dags/example_xcom.py took 0.075 seconds
[2023-12-06T18:55:50.236+0000] {processor.py:157} INFO - Started process (PID=5771) to work on /usr/local/lib/python3.10/dist-packages/airflow/example_dags/example_xcom.py
[2023-12-06T18:55:50.237+0000] {processor.py:829} INFO - Processing file /usr/local/lib/python3.10/dist-packages/airflow/example_dags/example_xcom.py for tasks to queue
[2023-12-06T18:55:50.238+0000] {logging_mixin.py:154} INFO - [2023-12-06T18:55:50.237+0000] {dagbag.py:536} INFO - Filling up the DagBag from /usr/local/lib/python3.10/dist-packages/airflow/example_dags/example_xcom.py
[2023-12-06T18:55:50.246+0000] {processor.py:839} INFO - DAG(s) dict_keys(['example_xcom']) retrieved from /usr/local/lib/python3.10/dist-packages/airflow/example_dags/example_xcom.py
[2023-12-06T18:55:50.265+0000] {logging_mixin.py:154} INFO - [2023-12-06T18:55:50.264+0000] {dag.py:2941} INFO - Sync 1 DAGs
[2023-12-06T18:55:50.285+0000] {logging_mixin.py:154} INFO - [2023-12-06T18:55:50.285+0000] {dag.py:3722} INFO - Setting next_dagrun for example_xcom to 2021-01-01T00:00:00+00:00, run_after=2021-01-01T00:00:00+00:00
[2023-12-06T18:55:50.308+0000] {processor.py:179} INFO - Processing /usr/local/lib/python3.10/dist-packages/airflow/example_dags/example_xcom.py took 0.076 seconds
[2023-12-06T18:56:37.161+0000] {processor.py:157} INFO - Started process (PID=5819) to work on /usr/local/lib/python3.10/dist-packages/airflow/example_dags/example_xcom.py
[2023-12-06T18:56:37.162+0000] {processor.py:829} INFO - Processing file /usr/local/lib/python3.10/dist-packages/airflow/example_dags/example_xcom.py for tasks to queue
[2023-12-06T18:56:37.163+0000] {logging_mixin.py:154} INFO - [2023-12-06T18:56:37.163+0000] {dagbag.py:536} INFO - Filling up the DagBag from /usr/local/lib/python3.10/dist-packages/airflow/example_dags/example_xcom.py
[2023-12-06T18:56:37.172+0000] {processor.py:839} INFO - DAG(s) dict_keys(['example_xcom']) retrieved from /usr/local/lib/python3.10/dist-packages/airflow/example_dags/example_xcom.py
[2023-12-06T18:56:37.190+0000] {logging_mixin.py:154} INFO - [2023-12-06T18:56:37.190+0000] {dag.py:2941} INFO - Sync 1 DAGs
[2023-12-06T18:56:37.210+0000] {logging_mixin.py:154} INFO - [2023-12-06T18:56:37.210+0000] {dag.py:3722} INFO - Setting next_dagrun for example_xcom to 2021-01-01T00:00:00+00:00, run_after=2021-01-01T00:00:00+00:00
[2023-12-06T18:56:37.232+0000] {processor.py:179} INFO - Processing /usr/local/lib/python3.10/dist-packages/airflow/example_dags/example_xcom.py took 0.075 seconds
[2023-12-06T18:57:22.747+0000] {processor.py:157} INFO - Started process (PID=5868) to work on /usr/local/lib/python3.10/dist-packages/airflow/example_dags/example_xcom.py
[2023-12-06T18:57:22.748+0000] {processor.py:829} INFO - Processing file /usr/local/lib/python3.10/dist-packages/airflow/example_dags/example_xcom.py for tasks to queue
[2023-12-06T18:57:22.749+0000] {logging_mixin.py:154} INFO - [2023-12-06T18:57:22.748+0000] {dagbag.py:536} INFO - Filling up the DagBag from /usr/local/lib/python3.10/dist-packages/airflow/example_dags/example_xcom.py
[2023-12-06T18:57:22.758+0000] {processor.py:839} INFO - DAG(s) dict_keys(['example_xcom']) retrieved from /usr/local/lib/python3.10/dist-packages/airflow/example_dags/example_xcom.py
[2023-12-06T18:57:22.776+0000] {logging_mixin.py:154} INFO - [2023-12-06T18:57:22.776+0000] {dag.py:2941} INFO - Sync 1 DAGs
[2023-12-06T18:57:22.796+0000] {logging_mixin.py:154} INFO - [2023-12-06T18:57:22.796+0000] {dag.py:3722} INFO - Setting next_dagrun for example_xcom to 2021-01-01T00:00:00+00:00, run_after=2021-01-01T00:00:00+00:00
[2023-12-06T18:57:22.818+0000] {processor.py:179} INFO - Processing /usr/local/lib/python3.10/dist-packages/airflow/example_dags/example_xcom.py took 0.075 seconds
[2023-12-06T18:57:55.159+0000] {processor.py:157} INFO - Started process (PID=5902) to work on /usr/local/lib/python3.10/dist-packages/airflow/example_dags/example_xcom.py
[2023-12-06T18:57:55.160+0000] {processor.py:829} INFO - Processing file /usr/local/lib/python3.10/dist-packages/airflow/example_dags/example_xcom.py for tasks to queue
[2023-12-06T18:57:55.160+0000] {logging_mixin.py:154} INFO - [2023-12-06T18:57:55.160+0000] {dagbag.py:536} INFO - Filling up the DagBag from /usr/local/lib/python3.10/dist-packages/airflow/example_dags/example_xcom.py
[2023-12-06T18:57:55.169+0000] {processor.py:839} INFO - DAG(s) dict_keys(['example_xcom']) retrieved from /usr/local/lib/python3.10/dist-packages/airflow/example_dags/example_xcom.py
[2023-12-06T18:57:55.188+0000] {logging_mixin.py:154} INFO - [2023-12-06T18:57:55.187+0000] {dag.py:2941} INFO - Sync 1 DAGs
[2023-12-06T18:57:55.208+0000] {logging_mixin.py:154} INFO - [2023-12-06T18:57:55.208+0000] {dag.py:3722} INFO - Setting next_dagrun for example_xcom to 2021-01-01T00:00:00+00:00, run_after=2021-01-01T00:00:00+00:00
[2023-12-06T18:57:55.230+0000] {processor.py:179} INFO - Processing /usr/local/lib/python3.10/dist-packages/airflow/example_dags/example_xcom.py took 0.075 seconds
[2023-12-06T18:58:39.532+0000] {processor.py:157} INFO - Started process (PID=5947) to work on /usr/local/lib/python3.10/dist-packages/airflow/example_dags/example_xcom.py
[2023-12-06T18:58:39.535+0000] {processor.py:829} INFO - Processing file /usr/local/lib/python3.10/dist-packages/airflow/example_dags/example_xcom.py for tasks to queue
[2023-12-06T18:58:39.536+0000] {logging_mixin.py:154} INFO - [2023-12-06T18:58:39.536+0000] {dagbag.py:536} INFO - Filling up the DagBag from /usr/local/lib/python3.10/dist-packages/airflow/example_dags/example_xcom.py
[2023-12-06T18:58:39.545+0000] {processor.py:839} INFO - DAG(s) dict_keys(['example_xcom']) retrieved from /usr/local/lib/python3.10/dist-packages/airflow/example_dags/example_xcom.py
[2023-12-06T18:58:39.563+0000] {logging_mixin.py:154} INFO - [2023-12-06T18:58:39.563+0000] {dag.py:2941} INFO - Sync 1 DAGs
[2023-12-06T18:58:39.584+0000] {logging_mixin.py:154} INFO - [2023-12-06T18:58:39.584+0000] {dag.py:3722} INFO - Setting next_dagrun for example_xcom to 2021-01-01T00:00:00+00:00, run_after=2021-01-01T00:00:00+00:00
[2023-12-06T18:58:39.606+0000] {processor.py:179} INFO - Processing /usr/local/lib/python3.10/dist-packages/airflow/example_dags/example_xcom.py took 0.078 seconds
[2023-12-06T18:59:25.886+0000] {processor.py:157} INFO - Started process (PID=5994) to work on /usr/local/lib/python3.10/dist-packages/airflow/example_dags/example_xcom.py
[2023-12-06T18:59:25.887+0000] {processor.py:829} INFO - Processing file /usr/local/lib/python3.10/dist-packages/airflow/example_dags/example_xcom.py for tasks to queue
[2023-12-06T18:59:25.888+0000] {logging_mixin.py:154} INFO - [2023-12-06T18:59:25.888+0000] {dagbag.py:536} INFO - Filling up the DagBag from /usr/local/lib/python3.10/dist-packages/airflow/example_dags/example_xcom.py
[2023-12-06T18:59:25.897+0000] {processor.py:839} INFO - DAG(s) dict_keys(['example_xcom']) retrieved from /usr/local/lib/python3.10/dist-packages/airflow/example_dags/example_xcom.py
[2023-12-06T18:59:25.915+0000] {logging_mixin.py:154} INFO - [2023-12-06T18:59:25.915+0000] {dag.py:2941} INFO - Sync 1 DAGs
[2023-12-06T18:59:25.941+0000] {logging_mixin.py:154} INFO - [2023-12-06T18:59:25.940+0000] {dag.py:3722} INFO - Setting next_dagrun for example_xcom to 2021-01-01T00:00:00+00:00, run_after=2021-01-01T00:00:00+00:00
[2023-12-06T18:59:25.964+0000] {processor.py:179} INFO - Processing /usr/local/lib/python3.10/dist-packages/airflow/example_dags/example_xcom.py took 0.082 seconds
[2023-12-06T19:00:10.196+0000] {processor.py:157} INFO - Started process (PID=6160) to work on /usr/local/lib/python3.10/dist-packages/airflow/example_dags/example_xcom.py
[2023-12-06T19:00:10.198+0000] {processor.py:829} INFO - Processing file /usr/local/lib/python3.10/dist-packages/airflow/example_dags/example_xcom.py for tasks to queue
[2023-12-06T19:00:10.199+0000] {logging_mixin.py:154} INFO - [2023-12-06T19:00:10.198+0000] {dagbag.py:536} INFO - Filling up the DagBag from /usr/local/lib/python3.10/dist-packages/airflow/example_dags/example_xcom.py
[2023-12-06T19:00:10.208+0000] {processor.py:839} INFO - DAG(s) dict_keys(['example_xcom']) retrieved from /usr/local/lib/python3.10/dist-packages/airflow/example_dags/example_xcom.py
[2023-12-06T19:00:10.235+0000] {logging_mixin.py:154} INFO - [2023-12-06T19:00:10.235+0000] {dag.py:2941} INFO - Sync 1 DAGs
[2023-12-06T19:00:10.275+0000] {logging_mixin.py:154} INFO - [2023-12-06T19:00:10.275+0000] {dag.py:3722} INFO - Setting next_dagrun for example_xcom to 2021-01-01T00:00:00+00:00, run_after=2021-01-01T00:00:00+00:00
[2023-12-06T19:00:10.307+0000] {processor.py:179} INFO - Processing /usr/local/lib/python3.10/dist-packages/airflow/example_dags/example_xcom.py took 0.115 seconds
[2023-12-06T19:00:47.895+0000] {processor.py:157} INFO - Started process (PID=6382) to work on /usr/local/lib/python3.10/dist-packages/airflow/example_dags/example_xcom.py
[2023-12-06T19:00:47.898+0000] {processor.py:829} INFO - Processing file /usr/local/lib/python3.10/dist-packages/airflow/example_dags/example_xcom.py for tasks to queue
[2023-12-06T19:00:47.898+0000] {logging_mixin.py:154} INFO - [2023-12-06T19:00:47.898+0000] {dagbag.py:536} INFO - Filling up the DagBag from /usr/local/lib/python3.10/dist-packages/airflow/example_dags/example_xcom.py
[2023-12-06T19:00:47.907+0000] {processor.py:839} INFO - DAG(s) dict_keys(['example_xcom']) retrieved from /usr/local/lib/python3.10/dist-packages/airflow/example_dags/example_xcom.py
[2023-12-06T19:00:47.925+0000] {logging_mixin.py:154} INFO - [2023-12-06T19:00:47.925+0000] {dag.py:2941} INFO - Sync 1 DAGs
[2023-12-06T19:00:47.985+0000] {logging_mixin.py:154} INFO - [2023-12-06T19:00:47.984+0000] {dag.py:3722} INFO - Setting next_dagrun for example_xcom to 2021-01-01T00:00:00+00:00, run_after=2021-01-01T00:00:00+00:00
[2023-12-06T19:00:48.031+0000] {processor.py:179} INFO - Processing /usr/local/lib/python3.10/dist-packages/airflow/example_dags/example_xcom.py took 0.139 seconds
[2023-12-06T19:01:20.713+0000] {processor.py:157} INFO - Started process (PID=6469) to work on /usr/local/lib/python3.10/dist-packages/airflow/example_dags/example_xcom.py
[2023-12-06T19:01:20.715+0000] {processor.py:829} INFO - Processing file /usr/local/lib/python3.10/dist-packages/airflow/example_dags/example_xcom.py for tasks to queue
[2023-12-06T19:01:20.716+0000] {logging_mixin.py:154} INFO - [2023-12-06T19:01:20.715+0000] {dagbag.py:536} INFO - Filling up the DagBag from /usr/local/lib/python3.10/dist-packages/airflow/example_dags/example_xcom.py
[2023-12-06T19:01:20.725+0000] {processor.py:839} INFO - DAG(s) dict_keys(['example_xcom']) retrieved from /usr/local/lib/python3.10/dist-packages/airflow/example_dags/example_xcom.py
[2023-12-06T19:01:20.743+0000] {logging_mixin.py:154} INFO - [2023-12-06T19:01:20.743+0000] {dag.py:2941} INFO - Sync 1 DAGs
[2023-12-06T19:01:20.764+0000] {logging_mixin.py:154} INFO - [2023-12-06T19:01:20.764+0000] {dag.py:3722} INFO - Setting next_dagrun for example_xcom to 2021-01-01T00:00:00+00:00, run_after=2021-01-01T00:00:00+00:00
[2023-12-06T19:01:20.788+0000] {processor.py:179} INFO - Processing /usr/local/lib/python3.10/dist-packages/airflow/example_dags/example_xcom.py took 0.078 seconds
[2023-12-06T19:01:54.067+0000] {processor.py:157} INFO - Started process (PID=6503) to work on /usr/local/lib/python3.10/dist-packages/airflow/example_dags/example_xcom.py
[2023-12-06T19:01:54.069+0000] {processor.py:829} INFO - Processing file /usr/local/lib/python3.10/dist-packages/airflow/example_dags/example_xcom.py for tasks to queue
[2023-12-06T19:01:54.070+0000] {logging_mixin.py:154} INFO - [2023-12-06T19:01:54.069+0000] {dagbag.py:536} INFO - Filling up the DagBag from /usr/local/lib/python3.10/dist-packages/airflow/example_dags/example_xcom.py
[2023-12-06T19:01:54.078+0000] {processor.py:839} INFO - DAG(s) dict_keys(['example_xcom']) retrieved from /usr/local/lib/python3.10/dist-packages/airflow/example_dags/example_xcom.py
[2023-12-06T19:01:54.096+0000] {logging_mixin.py:154} INFO - [2023-12-06T19:01:54.096+0000] {dag.py:2941} INFO - Sync 1 DAGs
[2023-12-06T19:01:54.116+0000] {logging_mixin.py:154} INFO - [2023-12-06T19:01:54.116+0000] {dag.py:3722} INFO - Setting next_dagrun for example_xcom to 2021-01-01T00:00:00+00:00, run_after=2021-01-01T00:00:00+00:00
[2023-12-06T19:01:54.139+0000] {processor.py:179} INFO - Processing /usr/local/lib/python3.10/dist-packages/airflow/example_dags/example_xcom.py took 0.075 seconds
[2023-12-06T19:02:38.353+0000] {processor.py:157} INFO - Started process (PID=6550) to work on /usr/local/lib/python3.10/dist-packages/airflow/example_dags/example_xcom.py
[2023-12-06T19:02:38.354+0000] {processor.py:829} INFO - Processing file /usr/local/lib/python3.10/dist-packages/airflow/example_dags/example_xcom.py for tasks to queue
[2023-12-06T19:02:38.355+0000] {logging_mixin.py:154} INFO - [2023-12-06T19:02:38.354+0000] {dagbag.py:536} INFO - Filling up the DagBag from /usr/local/lib/python3.10/dist-packages/airflow/example_dags/example_xcom.py
[2023-12-06T19:02:38.364+0000] {processor.py:839} INFO - DAG(s) dict_keys(['example_xcom']) retrieved from /usr/local/lib/python3.10/dist-packages/airflow/example_dags/example_xcom.py
[2023-12-06T19:02:38.382+0000] {logging_mixin.py:154} INFO - [2023-12-06T19:02:38.382+0000] {dag.py:2941} INFO - Sync 1 DAGs
[2023-12-06T19:02:38.403+0000] {logging_mixin.py:154} INFO - [2023-12-06T19:02:38.403+0000] {dag.py:3722} INFO - Setting next_dagrun for example_xcom to 2021-01-01T00:00:00+00:00, run_after=2021-01-01T00:00:00+00:00
[2023-12-06T19:02:38.430+0000] {processor.py:179} INFO - Processing /usr/local/lib/python3.10/dist-packages/airflow/example_dags/example_xcom.py took 0.081 seconds
[2023-12-06T19:03:23.790+0000] {processor.py:157} INFO - Started process (PID=6596) to work on /usr/local/lib/python3.10/dist-packages/airflow/example_dags/example_xcom.py
[2023-12-06T19:03:23.791+0000] {processor.py:829} INFO - Processing file /usr/local/lib/python3.10/dist-packages/airflow/example_dags/example_xcom.py for tasks to queue
[2023-12-06T19:03:23.792+0000] {logging_mixin.py:154} INFO - [2023-12-06T19:03:23.792+0000] {dagbag.py:536} INFO - Filling up the DagBag from /usr/local/lib/python3.10/dist-packages/airflow/example_dags/example_xcom.py
[2023-12-06T19:03:23.801+0000] {processor.py:839} INFO - DAG(s) dict_keys(['example_xcom']) retrieved from /usr/local/lib/python3.10/dist-packages/airflow/example_dags/example_xcom.py
[2023-12-06T19:03:23.820+0000] {logging_mixin.py:154} INFO - [2023-12-06T19:03:23.819+0000] {dag.py:2941} INFO - Sync 1 DAGs
[2023-12-06T19:03:23.847+0000] {logging_mixin.py:154} INFO - [2023-12-06T19:03:23.845+0000] {dag.py:3722} INFO - Setting next_dagrun for example_xcom to 2021-01-01T00:00:00+00:00, run_after=2021-01-01T00:00:00+00:00
[2023-12-06T19:03:23.870+0000] {processor.py:179} INFO - Processing /usr/local/lib/python3.10/dist-packages/airflow/example_dags/example_xcom.py took 0.084 seconds
[2023-12-06T19:03:59.190+0000] {processor.py:157} INFO - Started process (PID=6630) to work on /usr/local/lib/python3.10/dist-packages/airflow/example_dags/example_xcom.py
[2023-12-06T19:03:59.191+0000] {processor.py:829} INFO - Processing file /usr/local/lib/python3.10/dist-packages/airflow/example_dags/example_xcom.py for tasks to queue
[2023-12-06T19:03:59.192+0000] {logging_mixin.py:154} INFO - [2023-12-06T19:03:59.192+0000] {dagbag.py:536} INFO - Filling up the DagBag from /usr/local/lib/python3.10/dist-packages/airflow/example_dags/example_xcom.py
[2023-12-06T19:03:59.201+0000] {processor.py:839} INFO - DAG(s) dict_keys(['example_xcom']) retrieved from /usr/local/lib/python3.10/dist-packages/airflow/example_dags/example_xcom.py
[2023-12-06T19:03:59.219+0000] {logging_mixin.py:154} INFO - [2023-12-06T19:03:59.219+0000] {dag.py:2941} INFO - Sync 1 DAGs
[2023-12-06T19:03:59.239+0000] {logging_mixin.py:154} INFO - [2023-12-06T19:03:59.239+0000] {dag.py:3722} INFO - Setting next_dagrun for example_xcom to 2021-01-01T00:00:00+00:00, run_after=2021-01-01T00:00:00+00:00
[2023-12-06T19:03:59.263+0000] {processor.py:179} INFO - Processing /usr/local/lib/python3.10/dist-packages/airflow/example_dags/example_xcom.py took 0.077 seconds
[2023-12-06T19:04:44.531+0000] {processor.py:157} INFO - Started process (PID=6805) to work on /usr/local/lib/python3.10/dist-packages/airflow/example_dags/example_xcom.py
[2023-12-06T19:04:44.533+0000] {processor.py:829} INFO - Processing file /usr/local/lib/python3.10/dist-packages/airflow/example_dags/example_xcom.py for tasks to queue
[2023-12-06T19:04:44.534+0000] {logging_mixin.py:154} INFO - [2023-12-06T19:04:44.533+0000] {dagbag.py:536} INFO - Filling up the DagBag from /usr/local/lib/python3.10/dist-packages/airflow/example_dags/example_xcom.py
[2023-12-06T19:04:44.570+0000] {processor.py:839} INFO - DAG(s) dict_keys(['example_xcom']) retrieved from /usr/local/lib/python3.10/dist-packages/airflow/example_dags/example_xcom.py
[2023-12-06T19:04:44.634+0000] {logging_mixin.py:154} INFO - [2023-12-06T19:04:44.634+0000] {dag.py:2941} INFO - Sync 1 DAGs
[2023-12-06T19:04:44.756+0000] {logging_mixin.py:154} INFO - [2023-12-06T19:04:44.756+0000] {dag.py:3722} INFO - Setting next_dagrun for example_xcom to 2021-01-01T00:00:00+00:00, run_after=2021-01-01T00:00:00+00:00
[2023-12-06T19:04:44.840+0000] {processor.py:179} INFO - Processing /usr/local/lib/python3.10/dist-packages/airflow/example_dags/example_xcom.py took 0.323 seconds
[2023-12-06T19:05:19.026+0000] {processor.py:157} INFO - Started process (PID=6881) to work on /usr/local/lib/python3.10/dist-packages/airflow/example_dags/example_xcom.py
[2023-12-06T19:05:19.027+0000] {processor.py:829} INFO - Processing file /usr/local/lib/python3.10/dist-packages/airflow/example_dags/example_xcom.py for tasks to queue
[2023-12-06T19:05:19.028+0000] {logging_mixin.py:154} INFO - [2023-12-06T19:05:19.028+0000] {dagbag.py:536} INFO - Filling up the DagBag from /usr/local/lib/python3.10/dist-packages/airflow/example_dags/example_xcom.py
[2023-12-06T19:05:19.037+0000] {processor.py:839} INFO - DAG(s) dict_keys(['example_xcom']) retrieved from /usr/local/lib/python3.10/dist-packages/airflow/example_dags/example_xcom.py
[2023-12-06T19:05:19.056+0000] {logging_mixin.py:154} INFO - [2023-12-06T19:05:19.056+0000] {dag.py:2941} INFO - Sync 1 DAGs
[2023-12-06T19:05:19.077+0000] {logging_mixin.py:154} INFO - [2023-12-06T19:05:19.077+0000] {dag.py:3722} INFO - Setting next_dagrun for example_xcom to 2021-01-01T00:00:00+00:00, run_after=2021-01-01T00:00:00+00:00
[2023-12-06T19:05:19.100+0000] {processor.py:179} INFO - Processing /usr/local/lib/python3.10/dist-packages/airflow/example_dags/example_xcom.py took 0.078 seconds
[2023-12-06T19:05:52.671+0000] {processor.py:157} INFO - Started process (PID=6915) to work on /usr/local/lib/python3.10/dist-packages/airflow/example_dags/example_xcom.py
[2023-12-06T19:05:52.673+0000] {processor.py:829} INFO - Processing file /usr/local/lib/python3.10/dist-packages/airflow/example_dags/example_xcom.py for tasks to queue
[2023-12-06T19:05:52.674+0000] {logging_mixin.py:154} INFO - [2023-12-06T19:05:52.674+0000] {dagbag.py:536} INFO - Filling up the DagBag from /usr/local/lib/python3.10/dist-packages/airflow/example_dags/example_xcom.py
[2023-12-06T19:05:52.683+0000] {processor.py:839} INFO - DAG(s) dict_keys(['example_xcom']) retrieved from /usr/local/lib/python3.10/dist-packages/airflow/example_dags/example_xcom.py
[2023-12-06T19:05:52.702+0000] {logging_mixin.py:154} INFO - [2023-12-06T19:05:52.702+0000] {dag.py:2941} INFO - Sync 1 DAGs
[2023-12-06T19:05:52.723+0000] {logging_mixin.py:154} INFO - [2023-12-06T19:05:52.723+0000] {dag.py:3722} INFO - Setting next_dagrun for example_xcom to 2021-01-01T00:00:00+00:00, run_after=2021-01-01T00:00:00+00:00
[2023-12-06T19:05:52.746+0000] {processor.py:179} INFO - Processing /usr/local/lib/python3.10/dist-packages/airflow/example_dags/example_xcom.py took 0.078 seconds
[2023-12-06T19:06:39.306+0000] {processor.py:157} INFO - Started process (PID=6963) to work on /usr/local/lib/python3.10/dist-packages/airflow/example_dags/example_xcom.py
[2023-12-06T19:06:39.307+0000] {processor.py:829} INFO - Processing file /usr/local/lib/python3.10/dist-packages/airflow/example_dags/example_xcom.py for tasks to queue
[2023-12-06T19:06:39.308+0000] {logging_mixin.py:154} INFO - [2023-12-06T19:06:39.308+0000] {dagbag.py:536} INFO - Filling up the DagBag from /usr/local/lib/python3.10/dist-packages/airflow/example_dags/example_xcom.py
[2023-12-06T19:06:39.317+0000] {processor.py:839} INFO - DAG(s) dict_keys(['example_xcom']) retrieved from /usr/local/lib/python3.10/dist-packages/airflow/example_dags/example_xcom.py
[2023-12-06T19:06:39.336+0000] {logging_mixin.py:154} INFO - [2023-12-06T19:06:39.335+0000] {dag.py:2941} INFO - Sync 1 DAGs
[2023-12-06T19:06:39.357+0000] {logging_mixin.py:154} INFO - [2023-12-06T19:06:39.357+0000] {dag.py:3722} INFO - Setting next_dagrun for example_xcom to 2021-01-01T00:00:00+00:00, run_after=2021-01-01T00:00:00+00:00
[2023-12-06T19:06:39.380+0000] {processor.py:179} INFO - Processing /usr/local/lib/python3.10/dist-packages/airflow/example_dags/example_xcom.py took 0.078 seconds
[2023-12-06T19:07:27.558+0000] {processor.py:157} INFO - Started process (PID=7011) to work on /usr/local/lib/python3.10/dist-packages/airflow/example_dags/example_xcom.py
[2023-12-06T19:07:27.560+0000] {processor.py:829} INFO - Processing file /usr/local/lib/python3.10/dist-packages/airflow/example_dags/example_xcom.py for tasks to queue
[2023-12-06T19:07:27.561+0000] {logging_mixin.py:154} INFO - [2023-12-06T19:07:27.561+0000] {dagbag.py:536} INFO - Filling up the DagBag from /usr/local/lib/python3.10/dist-packages/airflow/example_dags/example_xcom.py
[2023-12-06T19:07:27.570+0000] {processor.py:839} INFO - DAG(s) dict_keys(['example_xcom']) retrieved from /usr/local/lib/python3.10/dist-packages/airflow/example_dags/example_xcom.py
[2023-12-06T19:07:27.588+0000] {logging_mixin.py:154} INFO - [2023-12-06T19:07:27.588+0000] {dag.py:2941} INFO - Sync 1 DAGs
[2023-12-06T19:07:27.608+0000] {logging_mixin.py:154} INFO - [2023-12-06T19:07:27.608+0000] {dag.py:3722} INFO - Setting next_dagrun for example_xcom to 2021-01-01T00:00:00+00:00, run_after=2021-01-01T00:00:00+00:00
[2023-12-06T19:07:27.631+0000] {processor.py:179} INFO - Processing /usr/local/lib/python3.10/dist-packages/airflow/example_dags/example_xcom.py took 0.077 seconds
