[2023-12-06T18:22:24.456+0000] {processor.py:157} INFO - Started process (PID=3698) to work on /usr/local/lib/python3.10/dist-packages/airflow/example_dags/example_external_task_marker_dag.py
[2023-12-06T18:22:24.457+0000] {processor.py:829} INFO - Processing file /usr/local/lib/python3.10/dist-packages/airflow/example_dags/example_external_task_marker_dag.py for tasks to queue
[2023-12-06T18:22:24.458+0000] {logging_mixin.py:154} INFO - [2023-12-06T18:22:24.457+0000] {dagbag.py:536} INFO - Filling up the DagBag from /usr/local/lib/python3.10/dist-packages/airflow/example_dags/example_external_task_marker_dag.py
[2023-12-06T18:22:24.465+0000] {processor.py:839} INFO - DAG(s) dict_keys(['example_external_task_marker_parent', 'example_external_task_marker_child']) retrieved from /usr/local/lib/python3.10/dist-packages/airflow/example_dags/example_external_task_marker_dag.py
[2023-12-06T18:22:24.580+0000] {logging_mixin.py:154} INFO - [2023-12-06T18:22:24.580+0000] {manager.py:499} INFO - Created Permission View: %s
[2023-12-06T18:22:24.593+0000] {logging_mixin.py:154} INFO - [2023-12-06T18:22:24.592+0000] {manager.py:499} INFO - Created Permission View: %s
[2023-12-06T18:22:24.604+0000] {logging_mixin.py:154} INFO - [2023-12-06T18:22:24.603+0000] {manager.py:499} INFO - Created Permission View: %s
[2023-12-06T18:22:24.628+0000] {logging_mixin.py:154} INFO - [2023-12-06T18:22:24.628+0000] {manager.py:499} INFO - Created Permission View: %s
[2023-12-06T18:22:24.639+0000] {logging_mixin.py:154} INFO - [2023-12-06T18:22:24.638+0000] {manager.py:499} INFO - Created Permission View: %s
[2023-12-06T18:22:24.649+0000] {logging_mixin.py:154} INFO - [2023-12-06T18:22:24.648+0000] {manager.py:499} INFO - Created Permission View: %s
[2023-12-06T18:22:24.649+0000] {logging_mixin.py:154} INFO - [2023-12-06T18:22:24.649+0000] {dag.py:2941} INFO - Sync 2 DAGs
[2023-12-06T18:22:24.660+0000] {logging_mixin.py:154} INFO - [2023-12-06T18:22:24.659+0000] {dag.py:2963} INFO - Creating ORM DAG for example_external_task_marker_parent
[2023-12-06T18:22:24.660+0000] {logging_mixin.py:154} INFO - [2023-12-06T18:22:24.660+0000] {dag.py:2963} INFO - Creating ORM DAG for example_external_task_marker_child
[2023-12-06T18:22:24.661+0000] {logging_mixin.py:154} INFO - [2023-12-06T18:22:24.660+0000] {dag.py:3722} INFO - Setting next_dagrun for example_external_task_marker_child to None, run_after=None
[2023-12-06T18:22:24.661+0000] {logging_mixin.py:154} INFO - [2023-12-06T18:22:24.661+0000] {dag.py:3722} INFO - Setting next_dagrun for example_external_task_marker_parent to None, run_after=None
[2023-12-06T18:22:24.684+0000] {processor.py:179} INFO - Processing /usr/local/lib/python3.10/dist-packages/airflow/example_dags/example_external_task_marker_dag.py took 0.232 seconds
[2023-12-06T18:23:11.530+0000] {processor.py:157} INFO - Started process (PID=3749) to work on /usr/local/lib/python3.10/dist-packages/airflow/example_dags/example_external_task_marker_dag.py
[2023-12-06T18:23:11.531+0000] {processor.py:829} INFO - Processing file /usr/local/lib/python3.10/dist-packages/airflow/example_dags/example_external_task_marker_dag.py for tasks to queue
[2023-12-06T18:23:11.532+0000] {logging_mixin.py:154} INFO - [2023-12-06T18:23:11.532+0000] {dagbag.py:536} INFO - Filling up the DagBag from /usr/local/lib/python3.10/dist-packages/airflow/example_dags/example_external_task_marker_dag.py
[2023-12-06T18:23:11.539+0000] {processor.py:839} INFO - DAG(s) dict_keys(['example_external_task_marker_parent', 'example_external_task_marker_child']) retrieved from /usr/local/lib/python3.10/dist-packages/airflow/example_dags/example_external_task_marker_dag.py
[2023-12-06T18:23:11.560+0000] {logging_mixin.py:154} INFO - [2023-12-06T18:23:11.560+0000] {dag.py:2941} INFO - Sync 2 DAGs
[2023-12-06T18:23:11.572+0000] {logging_mixin.py:154} INFO - [2023-12-06T18:23:11.572+0000] {dag.py:3722} INFO - Setting next_dagrun for example_external_task_marker_child to None, run_after=None
[2023-12-06T18:23:11.575+0000] {logging_mixin.py:154} INFO - [2023-12-06T18:23:11.575+0000] {dag.py:3722} INFO - Setting next_dagrun for example_external_task_marker_parent to None, run_after=None
[2023-12-06T18:23:11.594+0000] {processor.py:179} INFO - Processing /usr/local/lib/python3.10/dist-packages/airflow/example_dags/example_external_task_marker_dag.py took 0.068 seconds
[2023-12-06T18:24:00.423+0000] {processor.py:157} INFO - Started process (PID=3799) to work on /usr/local/lib/python3.10/dist-packages/airflow/example_dags/example_external_task_marker_dag.py
[2023-12-06T18:24:00.424+0000] {processor.py:829} INFO - Processing file /usr/local/lib/python3.10/dist-packages/airflow/example_dags/example_external_task_marker_dag.py for tasks to queue
[2023-12-06T18:24:00.434+0000] {logging_mixin.py:154} INFO - [2023-12-06T18:24:00.434+0000] {dagbag.py:536} INFO - Filling up the DagBag from /usr/local/lib/python3.10/dist-packages/airflow/example_dags/example_external_task_marker_dag.py
[2023-12-06T18:24:00.450+0000] {processor.py:839} INFO - DAG(s) dict_keys(['example_external_task_marker_parent', 'example_external_task_marker_child']) retrieved from /usr/local/lib/python3.10/dist-packages/airflow/example_dags/example_external_task_marker_dag.py
[2023-12-06T18:24:00.492+0000] {logging_mixin.py:154} INFO - [2023-12-06T18:24:00.492+0000] {dag.py:2941} INFO - Sync 2 DAGs
[2023-12-06T18:24:00.504+0000] {logging_mixin.py:154} INFO - [2023-12-06T18:24:00.504+0000] {dag.py:3722} INFO - Setting next_dagrun for example_external_task_marker_child to None, run_after=None
[2023-12-06T18:24:00.507+0000] {logging_mixin.py:154} INFO - [2023-12-06T18:24:00.507+0000] {dag.py:3722} INFO - Setting next_dagrun for example_external_task_marker_parent to None, run_after=None
[2023-12-06T18:24:00.526+0000] {processor.py:179} INFO - Processing /usr/local/lib/python3.10/dist-packages/airflow/example_dags/example_external_task_marker_dag.py took 0.107 seconds
[2023-12-06T18:24:50.755+0000] {processor.py:157} INFO - Started process (PID=3852) to work on /usr/local/lib/python3.10/dist-packages/airflow/example_dags/example_external_task_marker_dag.py
[2023-12-06T18:24:50.756+0000] {processor.py:829} INFO - Processing file /usr/local/lib/python3.10/dist-packages/airflow/example_dags/example_external_task_marker_dag.py for tasks to queue
[2023-12-06T18:24:50.757+0000] {logging_mixin.py:154} INFO - [2023-12-06T18:24:50.757+0000] {dagbag.py:536} INFO - Filling up the DagBag from /usr/local/lib/python3.10/dist-packages/airflow/example_dags/example_external_task_marker_dag.py
[2023-12-06T18:24:50.764+0000] {processor.py:839} INFO - DAG(s) dict_keys(['example_external_task_marker_child', 'example_external_task_marker_parent']) retrieved from /usr/local/lib/python3.10/dist-packages/airflow/example_dags/example_external_task_marker_dag.py
[2023-12-06T18:24:50.784+0000] {logging_mixin.py:154} INFO - [2023-12-06T18:24:50.784+0000] {dag.py:2941} INFO - Sync 2 DAGs
[2023-12-06T18:24:50.796+0000] {logging_mixin.py:154} INFO - [2023-12-06T18:24:50.796+0000] {dag.py:3722} INFO - Setting next_dagrun for example_external_task_marker_child to None, run_after=None
[2023-12-06T18:24:50.799+0000] {logging_mixin.py:154} INFO - [2023-12-06T18:24:50.799+0000] {dag.py:3722} INFO - Setting next_dagrun for example_external_task_marker_parent to None, run_after=None
[2023-12-06T18:24:50.819+0000] {processor.py:179} INFO - Processing /usr/local/lib/python3.10/dist-packages/airflow/example_dags/example_external_task_marker_dag.py took 0.068 seconds
[2023-12-06T18:25:36.227+0000] {processor.py:157} INFO - Started process (PID=3901) to work on /usr/local/lib/python3.10/dist-packages/airflow/example_dags/example_external_task_marker_dag.py
[2023-12-06T18:25:36.229+0000] {processor.py:829} INFO - Processing file /usr/local/lib/python3.10/dist-packages/airflow/example_dags/example_external_task_marker_dag.py for tasks to queue
[2023-12-06T18:25:36.229+0000] {logging_mixin.py:154} INFO - [2023-12-06T18:25:36.229+0000] {dagbag.py:536} INFO - Filling up the DagBag from /usr/local/lib/python3.10/dist-packages/airflow/example_dags/example_external_task_marker_dag.py
[2023-12-06T18:25:36.236+0000] {processor.py:839} INFO - DAG(s) dict_keys(['example_external_task_marker_parent', 'example_external_task_marker_child']) retrieved from /usr/local/lib/python3.10/dist-packages/airflow/example_dags/example_external_task_marker_dag.py
[2023-12-06T18:25:36.258+0000] {logging_mixin.py:154} INFO - [2023-12-06T18:25:36.258+0000] {dag.py:2941} INFO - Sync 2 DAGs
[2023-12-06T18:25:36.271+0000] {logging_mixin.py:154} INFO - [2023-12-06T18:25:36.271+0000] {dag.py:3722} INFO - Setting next_dagrun for example_external_task_marker_child to None, run_after=None
[2023-12-06T18:25:36.274+0000] {logging_mixin.py:154} INFO - [2023-12-06T18:25:36.274+0000] {dag.py:3722} INFO - Setting next_dagrun for example_external_task_marker_parent to None, run_after=None
[2023-12-06T18:25:36.295+0000] {processor.py:179} INFO - Processing /usr/local/lib/python3.10/dist-packages/airflow/example_dags/example_external_task_marker_dag.py took 0.071 seconds
[2023-12-06T18:26:22.027+0000] {processor.py:157} INFO - Started process (PID=3947) to work on /usr/local/lib/python3.10/dist-packages/airflow/example_dags/example_external_task_marker_dag.py
[2023-12-06T18:26:22.028+0000] {processor.py:829} INFO - Processing file /usr/local/lib/python3.10/dist-packages/airflow/example_dags/example_external_task_marker_dag.py for tasks to queue
[2023-12-06T18:26:22.029+0000] {logging_mixin.py:154} INFO - [2023-12-06T18:26:22.029+0000] {dagbag.py:536} INFO - Filling up the DagBag from /usr/local/lib/python3.10/dist-packages/airflow/example_dags/example_external_task_marker_dag.py
[2023-12-06T18:26:22.036+0000] {processor.py:839} INFO - DAG(s) dict_keys(['example_external_task_marker_child', 'example_external_task_marker_parent']) retrieved from /usr/local/lib/python3.10/dist-packages/airflow/example_dags/example_external_task_marker_dag.py
[2023-12-06T18:26:22.057+0000] {logging_mixin.py:154} INFO - [2023-12-06T18:26:22.057+0000] {dag.py:2941} INFO - Sync 2 DAGs
[2023-12-06T18:26:22.069+0000] {logging_mixin.py:154} INFO - [2023-12-06T18:26:22.069+0000] {dag.py:3722} INFO - Setting next_dagrun for example_external_task_marker_child to None, run_after=None
[2023-12-06T18:26:22.072+0000] {logging_mixin.py:154} INFO - [2023-12-06T18:26:22.072+0000] {dag.py:3722} INFO - Setting next_dagrun for example_external_task_marker_parent to None, run_after=None
[2023-12-06T18:26:22.092+0000] {processor.py:179} INFO - Processing /usr/local/lib/python3.10/dist-packages/airflow/example_dags/example_external_task_marker_dag.py took 0.068 seconds
[2023-12-06T18:27:08.613+0000] {processor.py:157} INFO - Started process (PID=3996) to work on /usr/local/lib/python3.10/dist-packages/airflow/example_dags/example_external_task_marker_dag.py
[2023-12-06T18:27:08.615+0000] {processor.py:829} INFO - Processing file /usr/local/lib/python3.10/dist-packages/airflow/example_dags/example_external_task_marker_dag.py for tasks to queue
[2023-12-06T18:27:08.615+0000] {logging_mixin.py:154} INFO - [2023-12-06T18:27:08.615+0000] {dagbag.py:536} INFO - Filling up the DagBag from /usr/local/lib/python3.10/dist-packages/airflow/example_dags/example_external_task_marker_dag.py
[2023-12-06T18:27:08.622+0000] {processor.py:839} INFO - DAG(s) dict_keys(['example_external_task_marker_parent', 'example_external_task_marker_child']) retrieved from /usr/local/lib/python3.10/dist-packages/airflow/example_dags/example_external_task_marker_dag.py
[2023-12-06T18:27:08.643+0000] {logging_mixin.py:154} INFO - [2023-12-06T18:27:08.643+0000] {dag.py:2941} INFO - Sync 2 DAGs
[2023-12-06T18:27:08.656+0000] {logging_mixin.py:154} INFO - [2023-12-06T18:27:08.656+0000] {dag.py:3722} INFO - Setting next_dagrun for example_external_task_marker_child to None, run_after=None
[2023-12-06T18:27:08.659+0000] {logging_mixin.py:154} INFO - [2023-12-06T18:27:08.659+0000] {dag.py:3722} INFO - Setting next_dagrun for example_external_task_marker_parent to None, run_after=None
[2023-12-06T18:27:08.679+0000] {processor.py:179} INFO - Processing /usr/local/lib/python3.10/dist-packages/airflow/example_dags/example_external_task_marker_dag.py took 0.069 seconds
[2023-12-06T18:27:51.031+0000] {processor.py:157} INFO - Started process (PID=4042) to work on /usr/local/lib/python3.10/dist-packages/airflow/example_dags/example_external_task_marker_dag.py
[2023-12-06T18:27:51.033+0000] {processor.py:829} INFO - Processing file /usr/local/lib/python3.10/dist-packages/airflow/example_dags/example_external_task_marker_dag.py for tasks to queue
[2023-12-06T18:27:51.034+0000] {logging_mixin.py:154} INFO - [2023-12-06T18:27:51.034+0000] {dagbag.py:536} INFO - Filling up the DagBag from /usr/local/lib/python3.10/dist-packages/airflow/example_dags/example_external_task_marker_dag.py
[2023-12-06T18:27:51.041+0000] {processor.py:839} INFO - DAG(s) dict_keys(['example_external_task_marker_child', 'example_external_task_marker_parent']) retrieved from /usr/local/lib/python3.10/dist-packages/airflow/example_dags/example_external_task_marker_dag.py
[2023-12-06T18:27:51.061+0000] {logging_mixin.py:154} INFO - [2023-12-06T18:27:51.061+0000] {dag.py:2941} INFO - Sync 2 DAGs
[2023-12-06T18:27:51.073+0000] {logging_mixin.py:154} INFO - [2023-12-06T18:27:51.073+0000] {dag.py:3722} INFO - Setting next_dagrun for example_external_task_marker_child to None, run_after=None
[2023-12-06T18:27:51.076+0000] {logging_mixin.py:154} INFO - [2023-12-06T18:27:51.076+0000] {dag.py:3722} INFO - Setting next_dagrun for example_external_task_marker_parent to None, run_after=None
[2023-12-06T18:27:51.108+0000] {processor.py:179} INFO - Processing /usr/local/lib/python3.10/dist-packages/airflow/example_dags/example_external_task_marker_dag.py took 0.080 seconds
[2023-12-06T18:28:42.603+0000] {processor.py:157} INFO - Started process (PID=4093) to work on /usr/local/lib/python3.10/dist-packages/airflow/example_dags/example_external_task_marker_dag.py
[2023-12-06T18:28:42.604+0000] {processor.py:829} INFO - Processing file /usr/local/lib/python3.10/dist-packages/airflow/example_dags/example_external_task_marker_dag.py for tasks to queue
[2023-12-06T18:28:42.605+0000] {logging_mixin.py:154} INFO - [2023-12-06T18:28:42.605+0000] {dagbag.py:536} INFO - Filling up the DagBag from /usr/local/lib/python3.10/dist-packages/airflow/example_dags/example_external_task_marker_dag.py
[2023-12-06T18:28:42.612+0000] {processor.py:839} INFO - DAG(s) dict_keys(['example_external_task_marker_child', 'example_external_task_marker_parent']) retrieved from /usr/local/lib/python3.10/dist-packages/airflow/example_dags/example_external_task_marker_dag.py
[2023-12-06T18:28:42.634+0000] {logging_mixin.py:154} INFO - [2023-12-06T18:28:42.634+0000] {dag.py:2941} INFO - Sync 2 DAGs
[2023-12-06T18:28:42.647+0000] {logging_mixin.py:154} INFO - [2023-12-06T18:28:42.646+0000] {dag.py:3722} INFO - Setting next_dagrun for example_external_task_marker_child to None, run_after=None
[2023-12-06T18:28:42.650+0000] {logging_mixin.py:154} INFO - [2023-12-06T18:28:42.649+0000] {dag.py:3722} INFO - Setting next_dagrun for example_external_task_marker_parent to None, run_after=None
[2023-12-06T18:28:42.670+0000] {processor.py:179} INFO - Processing /usr/local/lib/python3.10/dist-packages/airflow/example_dags/example_external_task_marker_dag.py took 0.071 seconds
[2023-12-06T18:29:29.109+0000] {processor.py:157} INFO - Started process (PID=4142) to work on /usr/local/lib/python3.10/dist-packages/airflow/example_dags/example_external_task_marker_dag.py
[2023-12-06T18:29:29.111+0000] {processor.py:829} INFO - Processing file /usr/local/lib/python3.10/dist-packages/airflow/example_dags/example_external_task_marker_dag.py for tasks to queue
[2023-12-06T18:29:29.112+0000] {logging_mixin.py:154} INFO - [2023-12-06T18:29:29.111+0000] {dagbag.py:536} INFO - Filling up the DagBag from /usr/local/lib/python3.10/dist-packages/airflow/example_dags/example_external_task_marker_dag.py
[2023-12-06T18:29:29.119+0000] {processor.py:839} INFO - DAG(s) dict_keys(['example_external_task_marker_child', 'example_external_task_marker_parent']) retrieved from /usr/local/lib/python3.10/dist-packages/airflow/example_dags/example_external_task_marker_dag.py
[2023-12-06T18:29:29.140+0000] {logging_mixin.py:154} INFO - [2023-12-06T18:29:29.140+0000] {dag.py:2941} INFO - Sync 2 DAGs
[2023-12-06T18:29:29.152+0000] {logging_mixin.py:154} INFO - [2023-12-06T18:29:29.152+0000] {dag.py:3722} INFO - Setting next_dagrun for example_external_task_marker_child to None, run_after=None
[2023-12-06T18:29:29.155+0000] {logging_mixin.py:154} INFO - [2023-12-06T18:29:29.155+0000] {dag.py:3722} INFO - Setting next_dagrun for example_external_task_marker_parent to None, run_after=None
[2023-12-06T18:29:29.176+0000] {processor.py:179} INFO - Processing /usr/local/lib/python3.10/dist-packages/airflow/example_dags/example_external_task_marker_dag.py took 0.070 seconds
[2023-12-06T18:30:12.678+0000] {processor.py:157} INFO - Started process (PID=4188) to work on /usr/local/lib/python3.10/dist-packages/airflow/example_dags/example_external_task_marker_dag.py
[2023-12-06T18:30:12.680+0000] {processor.py:829} INFO - Processing file /usr/local/lib/python3.10/dist-packages/airflow/example_dags/example_external_task_marker_dag.py for tasks to queue
[2023-12-06T18:30:12.681+0000] {logging_mixin.py:154} INFO - [2023-12-06T18:30:12.681+0000] {dagbag.py:536} INFO - Filling up the DagBag from /usr/local/lib/python3.10/dist-packages/airflow/example_dags/example_external_task_marker_dag.py
[2023-12-06T18:30:12.688+0000] {processor.py:839} INFO - DAG(s) dict_keys(['example_external_task_marker_parent', 'example_external_task_marker_child']) retrieved from /usr/local/lib/python3.10/dist-packages/airflow/example_dags/example_external_task_marker_dag.py
[2023-12-06T18:30:12.710+0000] {logging_mixin.py:154} INFO - [2023-12-06T18:30:12.710+0000] {dag.py:2941} INFO - Sync 2 DAGs
[2023-12-06T18:30:12.723+0000] {logging_mixin.py:154} INFO - [2023-12-06T18:30:12.723+0000] {dag.py:3722} INFO - Setting next_dagrun for example_external_task_marker_child to None, run_after=None
[2023-12-06T18:30:12.726+0000] {logging_mixin.py:154} INFO - [2023-12-06T18:30:12.726+0000] {dag.py:3722} INFO - Setting next_dagrun for example_external_task_marker_parent to None, run_after=None
[2023-12-06T18:30:12.748+0000] {processor.py:179} INFO - Processing /usr/local/lib/python3.10/dist-packages/airflow/example_dags/example_external_task_marker_dag.py took 0.074 seconds
[2023-12-06T18:30:58.256+0000] {processor.py:157} INFO - Started process (PID=4236) to work on /usr/local/lib/python3.10/dist-packages/airflow/example_dags/example_external_task_marker_dag.py
[2023-12-06T18:30:58.257+0000] {processor.py:829} INFO - Processing file /usr/local/lib/python3.10/dist-packages/airflow/example_dags/example_external_task_marker_dag.py for tasks to queue
[2023-12-06T18:30:58.258+0000] {logging_mixin.py:154} INFO - [2023-12-06T18:30:58.258+0000] {dagbag.py:536} INFO - Filling up the DagBag from /usr/local/lib/python3.10/dist-packages/airflow/example_dags/example_external_task_marker_dag.py
[2023-12-06T18:30:58.265+0000] {processor.py:839} INFO - DAG(s) dict_keys(['example_external_task_marker_parent', 'example_external_task_marker_child']) retrieved from /usr/local/lib/python3.10/dist-packages/airflow/example_dags/example_external_task_marker_dag.py
[2023-12-06T18:30:58.286+0000] {logging_mixin.py:154} INFO - [2023-12-06T18:30:58.286+0000] {dag.py:2941} INFO - Sync 2 DAGs
[2023-12-06T18:30:58.299+0000] {logging_mixin.py:154} INFO - [2023-12-06T18:30:58.299+0000] {dag.py:3722} INFO - Setting next_dagrun for example_external_task_marker_child to None, run_after=None
[2023-12-06T18:30:58.302+0000] {logging_mixin.py:154} INFO - [2023-12-06T18:30:58.302+0000] {dag.py:3722} INFO - Setting next_dagrun for example_external_task_marker_parent to None, run_after=None
[2023-12-06T18:30:58.323+0000] {processor.py:179} INFO - Processing /usr/local/lib/python3.10/dist-packages/airflow/example_dags/example_external_task_marker_dag.py took 0.071 seconds
[2023-12-06T18:31:42.196+0000] {processor.py:157} INFO - Started process (PID=4282) to work on /usr/local/lib/python3.10/dist-packages/airflow/example_dags/example_external_task_marker_dag.py
[2023-12-06T18:31:42.198+0000] {processor.py:829} INFO - Processing file /usr/local/lib/python3.10/dist-packages/airflow/example_dags/example_external_task_marker_dag.py for tasks to queue
[2023-12-06T18:31:42.198+0000] {logging_mixin.py:154} INFO - [2023-12-06T18:31:42.198+0000] {dagbag.py:536} INFO - Filling up the DagBag from /usr/local/lib/python3.10/dist-packages/airflow/example_dags/example_external_task_marker_dag.py
[2023-12-06T18:31:42.205+0000] {processor.py:839} INFO - DAG(s) dict_keys(['example_external_task_marker_child', 'example_external_task_marker_parent']) retrieved from /usr/local/lib/python3.10/dist-packages/airflow/example_dags/example_external_task_marker_dag.py
[2023-12-06T18:31:42.226+0000] {logging_mixin.py:154} INFO - [2023-12-06T18:31:42.226+0000] {dag.py:2941} INFO - Sync 2 DAGs
[2023-12-06T18:31:42.239+0000] {logging_mixin.py:154} INFO - [2023-12-06T18:31:42.239+0000] {dag.py:3722} INFO - Setting next_dagrun for example_external_task_marker_child to None, run_after=None
[2023-12-06T18:31:42.242+0000] {logging_mixin.py:154} INFO - [2023-12-06T18:31:42.242+0000] {dag.py:3722} INFO - Setting next_dagrun for example_external_task_marker_parent to None, run_after=None
[2023-12-06T18:31:42.264+0000] {processor.py:179} INFO - Processing /usr/local/lib/python3.10/dist-packages/airflow/example_dags/example_external_task_marker_dag.py took 0.072 seconds
[2023-12-06T18:32:24.657+0000] {processor.py:157} INFO - Started process (PID=4327) to work on /usr/local/lib/python3.10/dist-packages/airflow/example_dags/example_external_task_marker_dag.py
[2023-12-06T18:32:24.659+0000] {processor.py:829} INFO - Processing file /usr/local/lib/python3.10/dist-packages/airflow/example_dags/example_external_task_marker_dag.py for tasks to queue
[2023-12-06T18:32:24.660+0000] {logging_mixin.py:154} INFO - [2023-12-06T18:32:24.659+0000] {dagbag.py:536} INFO - Filling up the DagBag from /usr/local/lib/python3.10/dist-packages/airflow/example_dags/example_external_task_marker_dag.py
[2023-12-06T18:32:24.667+0000] {processor.py:839} INFO - DAG(s) dict_keys(['example_external_task_marker_child', 'example_external_task_marker_parent']) retrieved from /usr/local/lib/python3.10/dist-packages/airflow/example_dags/example_external_task_marker_dag.py
[2023-12-06T18:32:24.688+0000] {logging_mixin.py:154} INFO - [2023-12-06T18:32:24.687+0000] {dag.py:2941} INFO - Sync 2 DAGs
[2023-12-06T18:32:24.700+0000] {logging_mixin.py:154} INFO - [2023-12-06T18:32:24.700+0000] {dag.py:3722} INFO - Setting next_dagrun for example_external_task_marker_child to None, run_after=None
[2023-12-06T18:32:24.704+0000] {logging_mixin.py:154} INFO - [2023-12-06T18:32:24.703+0000] {dag.py:3722} INFO - Setting next_dagrun for example_external_task_marker_parent to None, run_after=None
[2023-12-06T18:32:24.726+0000] {processor.py:179} INFO - Processing /usr/local/lib/python3.10/dist-packages/airflow/example_dags/example_external_task_marker_dag.py took 0.072 seconds
[2023-12-06T18:33:11.140+0000] {processor.py:157} INFO - Started process (PID=4374) to work on /usr/local/lib/python3.10/dist-packages/airflow/example_dags/example_external_task_marker_dag.py
[2023-12-06T18:33:11.141+0000] {processor.py:829} INFO - Processing file /usr/local/lib/python3.10/dist-packages/airflow/example_dags/example_external_task_marker_dag.py for tasks to queue
[2023-12-06T18:33:11.142+0000] {logging_mixin.py:154} INFO - [2023-12-06T18:33:11.142+0000] {dagbag.py:536} INFO - Filling up the DagBag from /usr/local/lib/python3.10/dist-packages/airflow/example_dags/example_external_task_marker_dag.py
[2023-12-06T18:33:11.149+0000] {processor.py:839} INFO - DAG(s) dict_keys(['example_external_task_marker_child', 'example_external_task_marker_parent']) retrieved from /usr/local/lib/python3.10/dist-packages/airflow/example_dags/example_external_task_marker_dag.py
[2023-12-06T18:33:11.170+0000] {logging_mixin.py:154} INFO - [2023-12-06T18:33:11.170+0000] {dag.py:2941} INFO - Sync 2 DAGs
[2023-12-06T18:33:11.182+0000] {logging_mixin.py:154} INFO - [2023-12-06T18:33:11.182+0000] {dag.py:3722} INFO - Setting next_dagrun for example_external_task_marker_child to None, run_after=None
[2023-12-06T18:33:11.185+0000] {logging_mixin.py:154} INFO - [2023-12-06T18:33:11.185+0000] {dag.py:3722} INFO - Setting next_dagrun for example_external_task_marker_parent to None, run_after=None
[2023-12-06T18:33:11.206+0000] {processor.py:179} INFO - Processing /usr/local/lib/python3.10/dist-packages/airflow/example_dags/example_external_task_marker_dag.py took 0.070 seconds
[2023-12-06T18:33:58.739+0000] {processor.py:157} INFO - Started process (PID=4422) to work on /usr/local/lib/python3.10/dist-packages/airflow/example_dags/example_external_task_marker_dag.py
[2023-12-06T18:33:58.741+0000] {processor.py:829} INFO - Processing file /usr/local/lib/python3.10/dist-packages/airflow/example_dags/example_external_task_marker_dag.py for tasks to queue
[2023-12-06T18:33:58.742+0000] {logging_mixin.py:154} INFO - [2023-12-06T18:33:58.741+0000] {dagbag.py:536} INFO - Filling up the DagBag from /usr/local/lib/python3.10/dist-packages/airflow/example_dags/example_external_task_marker_dag.py
[2023-12-06T18:33:58.748+0000] {processor.py:839} INFO - DAG(s) dict_keys(['example_external_task_marker_child', 'example_external_task_marker_parent']) retrieved from /usr/local/lib/python3.10/dist-packages/airflow/example_dags/example_external_task_marker_dag.py
[2023-12-06T18:33:58.769+0000] {logging_mixin.py:154} INFO - [2023-12-06T18:33:58.769+0000] {dag.py:2941} INFO - Sync 2 DAGs
[2023-12-06T18:33:58.782+0000] {logging_mixin.py:154} INFO - [2023-12-06T18:33:58.781+0000] {dag.py:3722} INFO - Setting next_dagrun for example_external_task_marker_child to None, run_after=None
[2023-12-06T18:33:58.785+0000] {logging_mixin.py:154} INFO - [2023-12-06T18:33:58.784+0000] {dag.py:3722} INFO - Setting next_dagrun for example_external_task_marker_parent to None, run_after=None
[2023-12-06T18:33:58.806+0000] {processor.py:179} INFO - Processing /usr/local/lib/python3.10/dist-packages/airflow/example_dags/example_external_task_marker_dag.py took 0.070 seconds
[2023-12-06T18:34:46.282+0000] {processor.py:157} INFO - Started process (PID=4471) to work on /usr/local/lib/python3.10/dist-packages/airflow/example_dags/example_external_task_marker_dag.py
[2023-12-06T18:34:46.284+0000] {processor.py:829} INFO - Processing file /usr/local/lib/python3.10/dist-packages/airflow/example_dags/example_external_task_marker_dag.py for tasks to queue
[2023-12-06T18:34:46.284+0000] {logging_mixin.py:154} INFO - [2023-12-06T18:34:46.284+0000] {dagbag.py:536} INFO - Filling up the DagBag from /usr/local/lib/python3.10/dist-packages/airflow/example_dags/example_external_task_marker_dag.py
[2023-12-06T18:34:46.291+0000] {processor.py:839} INFO - DAG(s) dict_keys(['example_external_task_marker_child', 'example_external_task_marker_parent']) retrieved from /usr/local/lib/python3.10/dist-packages/airflow/example_dags/example_external_task_marker_dag.py
[2023-12-06T18:34:46.312+0000] {logging_mixin.py:154} INFO - [2023-12-06T18:34:46.311+0000] {dag.py:2941} INFO - Sync 2 DAGs
[2023-12-06T18:34:46.324+0000] {logging_mixin.py:154} INFO - [2023-12-06T18:34:46.324+0000] {dag.py:3722} INFO - Setting next_dagrun for example_external_task_marker_child to None, run_after=None
[2023-12-06T18:34:46.327+0000] {logging_mixin.py:154} INFO - [2023-12-06T18:34:46.327+0000] {dag.py:3722} INFO - Setting next_dagrun for example_external_task_marker_parent to None, run_after=None
[2023-12-06T18:34:46.348+0000] {processor.py:179} INFO - Processing /usr/local/lib/python3.10/dist-packages/airflow/example_dags/example_external_task_marker_dag.py took 0.069 seconds
[2023-12-06T18:35:33.794+0000] {processor.py:157} INFO - Started process (PID=4519) to work on /usr/local/lib/python3.10/dist-packages/airflow/example_dags/example_external_task_marker_dag.py
[2023-12-06T18:35:33.796+0000] {processor.py:829} INFO - Processing file /usr/local/lib/python3.10/dist-packages/airflow/example_dags/example_external_task_marker_dag.py for tasks to queue
[2023-12-06T18:35:33.797+0000] {logging_mixin.py:154} INFO - [2023-12-06T18:35:33.796+0000] {dagbag.py:536} INFO - Filling up the DagBag from /usr/local/lib/python3.10/dist-packages/airflow/example_dags/example_external_task_marker_dag.py
[2023-12-06T18:35:33.803+0000] {processor.py:839} INFO - DAG(s) dict_keys(['example_external_task_marker_child', 'example_external_task_marker_parent']) retrieved from /usr/local/lib/python3.10/dist-packages/airflow/example_dags/example_external_task_marker_dag.py
[2023-12-06T18:35:33.824+0000] {logging_mixin.py:154} INFO - [2023-12-06T18:35:33.824+0000] {dag.py:2941} INFO - Sync 2 DAGs
[2023-12-06T18:35:33.837+0000] {logging_mixin.py:154} INFO - [2023-12-06T18:35:33.837+0000] {dag.py:3722} INFO - Setting next_dagrun for example_external_task_marker_child to None, run_after=None
[2023-12-06T18:35:33.840+0000] {logging_mixin.py:154} INFO - [2023-12-06T18:35:33.840+0000] {dag.py:3722} INFO - Setting next_dagrun for example_external_task_marker_parent to None, run_after=None
[2023-12-06T18:35:33.866+0000] {processor.py:179} INFO - Processing /usr/local/lib/python3.10/dist-packages/airflow/example_dags/example_external_task_marker_dag.py took 0.076 seconds
[2023-12-06T18:36:16.515+0000] {processor.py:157} INFO - Started process (PID=4565) to work on /usr/local/lib/python3.10/dist-packages/airflow/example_dags/example_external_task_marker_dag.py
[2023-12-06T18:36:16.517+0000] {processor.py:829} INFO - Processing file /usr/local/lib/python3.10/dist-packages/airflow/example_dags/example_external_task_marker_dag.py for tasks to queue
[2023-12-06T18:36:16.517+0000] {logging_mixin.py:154} INFO - [2023-12-06T18:36:16.517+0000] {dagbag.py:536} INFO - Filling up the DagBag from /usr/local/lib/python3.10/dist-packages/airflow/example_dags/example_external_task_marker_dag.py
[2023-12-06T18:36:16.524+0000] {processor.py:839} INFO - DAG(s) dict_keys(['example_external_task_marker_parent', 'example_external_task_marker_child']) retrieved from /usr/local/lib/python3.10/dist-packages/airflow/example_dags/example_external_task_marker_dag.py
[2023-12-06T18:36:16.544+0000] {logging_mixin.py:154} INFO - [2023-12-06T18:36:16.544+0000] {dag.py:2941} INFO - Sync 2 DAGs
[2023-12-06T18:36:16.556+0000] {logging_mixin.py:154} INFO - [2023-12-06T18:36:16.556+0000] {dag.py:3722} INFO - Setting next_dagrun for example_external_task_marker_child to None, run_after=None
[2023-12-06T18:36:16.559+0000] {logging_mixin.py:154} INFO - [2023-12-06T18:36:16.559+0000] {dag.py:3722} INFO - Setting next_dagrun for example_external_task_marker_parent to None, run_after=None
[2023-12-06T18:36:16.580+0000] {processor.py:179} INFO - Processing /usr/local/lib/python3.10/dist-packages/airflow/example_dags/example_external_task_marker_dag.py took 0.068 seconds
[2023-12-06T18:37:05.699+0000] {processor.py:157} INFO - Started process (PID=4614) to work on /usr/local/lib/python3.10/dist-packages/airflow/example_dags/example_external_task_marker_dag.py
[2023-12-06T18:37:05.701+0000] {processor.py:829} INFO - Processing file /usr/local/lib/python3.10/dist-packages/airflow/example_dags/example_external_task_marker_dag.py for tasks to queue
[2023-12-06T18:37:05.702+0000] {logging_mixin.py:154} INFO - [2023-12-06T18:37:05.702+0000] {dagbag.py:536} INFO - Filling up the DagBag from /usr/local/lib/python3.10/dist-packages/airflow/example_dags/example_external_task_marker_dag.py
[2023-12-06T18:37:05.709+0000] {processor.py:839} INFO - DAG(s) dict_keys(['example_external_task_marker_parent', 'example_external_task_marker_child']) retrieved from /usr/local/lib/python3.10/dist-packages/airflow/example_dags/example_external_task_marker_dag.py
[2023-12-06T18:37:05.731+0000] {logging_mixin.py:154} INFO - [2023-12-06T18:37:05.731+0000] {dag.py:2941} INFO - Sync 2 DAGs
[2023-12-06T18:37:05.744+0000] {logging_mixin.py:154} INFO - [2023-12-06T18:37:05.744+0000] {dag.py:3722} INFO - Setting next_dagrun for example_external_task_marker_child to None, run_after=None
[2023-12-06T18:37:05.747+0000] {logging_mixin.py:154} INFO - [2023-12-06T18:37:05.747+0000] {dag.py:3722} INFO - Setting next_dagrun for example_external_task_marker_parent to None, run_after=None
[2023-12-06T18:37:05.771+0000] {processor.py:179} INFO - Processing /usr/local/lib/python3.10/dist-packages/airflow/example_dags/example_external_task_marker_dag.py took 0.076 seconds
[2023-12-06T18:37:49.874+0000] {processor.py:157} INFO - Started process (PID=4661) to work on /usr/local/lib/python3.10/dist-packages/airflow/example_dags/example_external_task_marker_dag.py
[2023-12-06T18:37:49.875+0000] {processor.py:829} INFO - Processing file /usr/local/lib/python3.10/dist-packages/airflow/example_dags/example_external_task_marker_dag.py for tasks to queue
[2023-12-06T18:37:49.876+0000] {logging_mixin.py:154} INFO - [2023-12-06T18:37:49.875+0000] {dagbag.py:536} INFO - Filling up the DagBag from /usr/local/lib/python3.10/dist-packages/airflow/example_dags/example_external_task_marker_dag.py
[2023-12-06T18:37:49.883+0000] {processor.py:839} INFO - DAG(s) dict_keys(['example_external_task_marker_child', 'example_external_task_marker_parent']) retrieved from /usr/local/lib/python3.10/dist-packages/airflow/example_dags/example_external_task_marker_dag.py
[2023-12-06T18:37:49.903+0000] {logging_mixin.py:154} INFO - [2023-12-06T18:37:49.903+0000] {dag.py:2941} INFO - Sync 2 DAGs
[2023-12-06T18:37:49.915+0000] {logging_mixin.py:154} INFO - [2023-12-06T18:37:49.915+0000] {dag.py:3722} INFO - Setting next_dagrun for example_external_task_marker_child to None, run_after=None
[2023-12-06T18:37:49.918+0000] {logging_mixin.py:154} INFO - [2023-12-06T18:37:49.918+0000] {dag.py:3722} INFO - Setting next_dagrun for example_external_task_marker_parent to None, run_after=None
[2023-12-06T18:37:49.939+0000] {processor.py:179} INFO - Processing /usr/local/lib/python3.10/dist-packages/airflow/example_dags/example_external_task_marker_dag.py took 0.068 seconds
[2023-12-06T18:38:37.510+0000] {processor.py:157} INFO - Started process (PID=4708) to work on /usr/local/lib/python3.10/dist-packages/airflow/example_dags/example_external_task_marker_dag.py
[2023-12-06T18:38:37.511+0000] {processor.py:829} INFO - Processing file /usr/local/lib/python3.10/dist-packages/airflow/example_dags/example_external_task_marker_dag.py for tasks to queue
[2023-12-06T18:38:37.512+0000] {logging_mixin.py:154} INFO - [2023-12-06T18:38:37.512+0000] {dagbag.py:536} INFO - Filling up the DagBag from /usr/local/lib/python3.10/dist-packages/airflow/example_dags/example_external_task_marker_dag.py
[2023-12-06T18:38:37.519+0000] {processor.py:839} INFO - DAG(s) dict_keys(['example_external_task_marker_child', 'example_external_task_marker_parent']) retrieved from /usr/local/lib/python3.10/dist-packages/airflow/example_dags/example_external_task_marker_dag.py
[2023-12-06T18:38:37.539+0000] {logging_mixin.py:154} INFO - [2023-12-06T18:38:37.539+0000] {dag.py:2941} INFO - Sync 2 DAGs
[2023-12-06T18:38:37.552+0000] {logging_mixin.py:154} INFO - [2023-12-06T18:38:37.551+0000] {dag.py:3722} INFO - Setting next_dagrun for example_external_task_marker_child to None, run_after=None
[2023-12-06T18:38:37.555+0000] {logging_mixin.py:154} INFO - [2023-12-06T18:38:37.555+0000] {dag.py:3722} INFO - Setting next_dagrun for example_external_task_marker_parent to None, run_after=None
[2023-12-06T18:38:37.580+0000] {processor.py:179} INFO - Processing /usr/local/lib/python3.10/dist-packages/airflow/example_dags/example_external_task_marker_dag.py took 0.073 seconds
[2023-12-06T18:39:24.707+0000] {processor.py:157} INFO - Started process (PID=4756) to work on /usr/local/lib/python3.10/dist-packages/airflow/example_dags/example_external_task_marker_dag.py
[2023-12-06T18:39:24.709+0000] {processor.py:829} INFO - Processing file /usr/local/lib/python3.10/dist-packages/airflow/example_dags/example_external_task_marker_dag.py for tasks to queue
[2023-12-06T18:39:24.710+0000] {logging_mixin.py:154} INFO - [2023-12-06T18:39:24.709+0000] {dagbag.py:536} INFO - Filling up the DagBag from /usr/local/lib/python3.10/dist-packages/airflow/example_dags/example_external_task_marker_dag.py
[2023-12-06T18:39:24.717+0000] {processor.py:839} INFO - DAG(s) dict_keys(['example_external_task_marker_parent', 'example_external_task_marker_child']) retrieved from /usr/local/lib/python3.10/dist-packages/airflow/example_dags/example_external_task_marker_dag.py
[2023-12-06T18:39:24.738+0000] {logging_mixin.py:154} INFO - [2023-12-06T18:39:24.738+0000] {dag.py:2941} INFO - Sync 2 DAGs
[2023-12-06T18:39:24.750+0000] {logging_mixin.py:154} INFO - [2023-12-06T18:39:24.750+0000] {dag.py:3722} INFO - Setting next_dagrun for example_external_task_marker_child to None, run_after=None
[2023-12-06T18:39:24.753+0000] {logging_mixin.py:154} INFO - [2023-12-06T18:39:24.753+0000] {dag.py:3722} INFO - Setting next_dagrun for example_external_task_marker_parent to None, run_after=None
[2023-12-06T18:39:24.778+0000] {processor.py:179} INFO - Processing /usr/local/lib/python3.10/dist-packages/airflow/example_dags/example_external_task_marker_dag.py took 0.074 seconds
[2023-12-06T18:40:13.320+0000] {processor.py:157} INFO - Started process (PID=4805) to work on /usr/local/lib/python3.10/dist-packages/airflow/example_dags/example_external_task_marker_dag.py
[2023-12-06T18:40:13.322+0000] {processor.py:829} INFO - Processing file /usr/local/lib/python3.10/dist-packages/airflow/example_dags/example_external_task_marker_dag.py for tasks to queue
[2023-12-06T18:40:13.323+0000] {logging_mixin.py:154} INFO - [2023-12-06T18:40:13.322+0000] {dagbag.py:536} INFO - Filling up the DagBag from /usr/local/lib/python3.10/dist-packages/airflow/example_dags/example_external_task_marker_dag.py
[2023-12-06T18:40:13.330+0000] {processor.py:839} INFO - DAG(s) dict_keys(['example_external_task_marker_parent', 'example_external_task_marker_child']) retrieved from /usr/local/lib/python3.10/dist-packages/airflow/example_dags/example_external_task_marker_dag.py
[2023-12-06T18:40:13.351+0000] {logging_mixin.py:154} INFO - [2023-12-06T18:40:13.351+0000] {dag.py:2941} INFO - Sync 2 DAGs
[2023-12-06T18:40:13.364+0000] {logging_mixin.py:154} INFO - [2023-12-06T18:40:13.363+0000] {dag.py:3722} INFO - Setting next_dagrun for example_external_task_marker_child to None, run_after=None
[2023-12-06T18:40:13.367+0000] {logging_mixin.py:154} INFO - [2023-12-06T18:40:13.367+0000] {dag.py:3722} INFO - Setting next_dagrun for example_external_task_marker_parent to None, run_after=None
[2023-12-06T18:40:13.388+0000] {processor.py:179} INFO - Processing /usr/local/lib/python3.10/dist-packages/airflow/example_dags/example_external_task_marker_dag.py took 0.071 seconds
[2023-12-06T18:41:05.878+0000] {processor.py:157} INFO - Started process (PID=4857) to work on /usr/local/lib/python3.10/dist-packages/airflow/example_dags/example_external_task_marker_dag.py
[2023-12-06T18:41:05.880+0000] {processor.py:829} INFO - Processing file /usr/local/lib/python3.10/dist-packages/airflow/example_dags/example_external_task_marker_dag.py for tasks to queue
[2023-12-06T18:41:05.881+0000] {logging_mixin.py:154} INFO - [2023-12-06T18:41:05.880+0000] {dagbag.py:536} INFO - Filling up the DagBag from /usr/local/lib/python3.10/dist-packages/airflow/example_dags/example_external_task_marker_dag.py
[2023-12-06T18:41:05.888+0000] {processor.py:839} INFO - DAG(s) dict_keys(['example_external_task_marker_child', 'example_external_task_marker_parent']) retrieved from /usr/local/lib/python3.10/dist-packages/airflow/example_dags/example_external_task_marker_dag.py
[2023-12-06T18:41:05.908+0000] {logging_mixin.py:154} INFO - [2023-12-06T18:41:05.908+0000] {dag.py:2941} INFO - Sync 2 DAGs
[2023-12-06T18:41:05.921+0000] {logging_mixin.py:154} INFO - [2023-12-06T18:41:05.921+0000] {dag.py:3722} INFO - Setting next_dagrun for example_external_task_marker_child to None, run_after=None
[2023-12-06T18:41:05.924+0000] {logging_mixin.py:154} INFO - [2023-12-06T18:41:05.924+0000] {dag.py:3722} INFO - Setting next_dagrun for example_external_task_marker_parent to None, run_after=None
[2023-12-06T18:41:05.947+0000] {processor.py:179} INFO - Processing /usr/local/lib/python3.10/dist-packages/airflow/example_dags/example_external_task_marker_dag.py took 0.073 seconds
[2023-12-06T18:41:53.281+0000] {processor.py:157} INFO - Started process (PID=4906) to work on /usr/local/lib/python3.10/dist-packages/airflow/example_dags/example_external_task_marker_dag.py
[2023-12-06T18:41:53.283+0000] {processor.py:829} INFO - Processing file /usr/local/lib/python3.10/dist-packages/airflow/example_dags/example_external_task_marker_dag.py for tasks to queue
[2023-12-06T18:41:53.284+0000] {logging_mixin.py:154} INFO - [2023-12-06T18:41:53.283+0000] {dagbag.py:536} INFO - Filling up the DagBag from /usr/local/lib/python3.10/dist-packages/airflow/example_dags/example_external_task_marker_dag.py
[2023-12-06T18:41:53.290+0000] {processor.py:839} INFO - DAG(s) dict_keys(['example_external_task_marker_child', 'example_external_task_marker_parent']) retrieved from /usr/local/lib/python3.10/dist-packages/airflow/example_dags/example_external_task_marker_dag.py
[2023-12-06T18:41:53.311+0000] {logging_mixin.py:154} INFO - [2023-12-06T18:41:53.311+0000] {dag.py:2941} INFO - Sync 2 DAGs
[2023-12-06T18:41:53.323+0000] {logging_mixin.py:154} INFO - [2023-12-06T18:41:53.323+0000] {dag.py:3722} INFO - Setting next_dagrun for example_external_task_marker_child to None, run_after=None
[2023-12-06T18:41:53.326+0000] {logging_mixin.py:154} INFO - [2023-12-06T18:41:53.326+0000] {dag.py:3722} INFO - Setting next_dagrun for example_external_task_marker_parent to None, run_after=None
[2023-12-06T18:41:53.350+0000] {processor.py:179} INFO - Processing /usr/local/lib/python3.10/dist-packages/airflow/example_dags/example_external_task_marker_dag.py took 0.073 seconds
[2023-12-06T18:42:39.649+0000] {processor.py:157} INFO - Started process (PID=4952) to work on /usr/local/lib/python3.10/dist-packages/airflow/example_dags/example_external_task_marker_dag.py
[2023-12-06T18:42:39.651+0000] {processor.py:829} INFO - Processing file /usr/local/lib/python3.10/dist-packages/airflow/example_dags/example_external_task_marker_dag.py for tasks to queue
[2023-12-06T18:42:39.651+0000] {logging_mixin.py:154} INFO - [2023-12-06T18:42:39.651+0000] {dagbag.py:536} INFO - Filling up the DagBag from /usr/local/lib/python3.10/dist-packages/airflow/example_dags/example_external_task_marker_dag.py
[2023-12-06T18:42:39.658+0000] {processor.py:839} INFO - DAG(s) dict_keys(['example_external_task_marker_parent', 'example_external_task_marker_child']) retrieved from /usr/local/lib/python3.10/dist-packages/airflow/example_dags/example_external_task_marker_dag.py
[2023-12-06T18:42:39.680+0000] {logging_mixin.py:154} INFO - [2023-12-06T18:42:39.679+0000] {dag.py:2941} INFO - Sync 2 DAGs
[2023-12-06T18:42:39.697+0000] {logging_mixin.py:154} INFO - [2023-12-06T18:42:39.696+0000] {dag.py:3722} INFO - Setting next_dagrun for example_external_task_marker_child to None, run_after=None
[2023-12-06T18:42:39.701+0000] {logging_mixin.py:154} INFO - [2023-12-06T18:42:39.701+0000] {dag.py:3722} INFO - Setting next_dagrun for example_external_task_marker_parent to None, run_after=None
[2023-12-06T18:42:39.723+0000] {processor.py:179} INFO - Processing /usr/local/lib/python3.10/dist-packages/airflow/example_dags/example_external_task_marker_dag.py took 0.077 seconds
[2023-12-06T18:43:32.362+0000] {processor.py:157} INFO - Started process (PID=5004) to work on /usr/local/lib/python3.10/dist-packages/airflow/example_dags/example_external_task_marker_dag.py
[2023-12-06T18:43:32.364+0000] {processor.py:829} INFO - Processing file /usr/local/lib/python3.10/dist-packages/airflow/example_dags/example_external_task_marker_dag.py for tasks to queue
[2023-12-06T18:43:32.365+0000] {logging_mixin.py:154} INFO - [2023-12-06T18:43:32.365+0000] {dagbag.py:536} INFO - Filling up the DagBag from /usr/local/lib/python3.10/dist-packages/airflow/example_dags/example_external_task_marker_dag.py
[2023-12-06T18:43:32.372+0000] {processor.py:839} INFO - DAG(s) dict_keys(['example_external_task_marker_parent', 'example_external_task_marker_child']) retrieved from /usr/local/lib/python3.10/dist-packages/airflow/example_dags/example_external_task_marker_dag.py
[2023-12-06T18:43:32.393+0000] {logging_mixin.py:154} INFO - [2023-12-06T18:43:32.393+0000] {dag.py:2941} INFO - Sync 2 DAGs
[2023-12-06T18:43:32.406+0000] {logging_mixin.py:154} INFO - [2023-12-06T18:43:32.405+0000] {dag.py:3722} INFO - Setting next_dagrun for example_external_task_marker_child to None, run_after=None
[2023-12-06T18:43:32.409+0000] {logging_mixin.py:154} INFO - [2023-12-06T18:43:32.409+0000] {dag.py:3722} INFO - Setting next_dagrun for example_external_task_marker_parent to None, run_after=None
[2023-12-06T18:43:32.430+0000] {processor.py:179} INFO - Processing /usr/local/lib/python3.10/dist-packages/airflow/example_dags/example_external_task_marker_dag.py took 0.071 seconds
[2023-12-06T18:44:21.665+0000] {processor.py:157} INFO - Started process (PID=5054) to work on /usr/local/lib/python3.10/dist-packages/airflow/example_dags/example_external_task_marker_dag.py
[2023-12-06T18:44:21.666+0000] {processor.py:829} INFO - Processing file /usr/local/lib/python3.10/dist-packages/airflow/example_dags/example_external_task_marker_dag.py for tasks to queue
[2023-12-06T18:44:21.667+0000] {logging_mixin.py:154} INFO - [2023-12-06T18:44:21.667+0000] {dagbag.py:536} INFO - Filling up the DagBag from /usr/local/lib/python3.10/dist-packages/airflow/example_dags/example_external_task_marker_dag.py
[2023-12-06T18:44:21.674+0000] {processor.py:839} INFO - DAG(s) dict_keys(['example_external_task_marker_parent', 'example_external_task_marker_child']) retrieved from /usr/local/lib/python3.10/dist-packages/airflow/example_dags/example_external_task_marker_dag.py
[2023-12-06T18:44:21.695+0000] {logging_mixin.py:154} INFO - [2023-12-06T18:44:21.695+0000] {dag.py:2941} INFO - Sync 2 DAGs
[2023-12-06T18:44:21.707+0000] {logging_mixin.py:154} INFO - [2023-12-06T18:44:21.707+0000] {dag.py:3722} INFO - Setting next_dagrun for example_external_task_marker_child to None, run_after=None
[2023-12-06T18:44:21.710+0000] {logging_mixin.py:154} INFO - [2023-12-06T18:44:21.710+0000] {dag.py:3722} INFO - Setting next_dagrun for example_external_task_marker_parent to None, run_after=None
[2023-12-06T18:44:21.731+0000] {processor.py:179} INFO - Processing /usr/local/lib/python3.10/dist-packages/airflow/example_dags/example_external_task_marker_dag.py took 0.070 seconds
[2023-12-06T18:45:09.620+0000] {processor.py:157} INFO - Started process (PID=5102) to work on /usr/local/lib/python3.10/dist-packages/airflow/example_dags/example_external_task_marker_dag.py
[2023-12-06T18:45:09.621+0000] {processor.py:829} INFO - Processing file /usr/local/lib/python3.10/dist-packages/airflow/example_dags/example_external_task_marker_dag.py for tasks to queue
[2023-12-06T18:45:09.622+0000] {logging_mixin.py:154} INFO - [2023-12-06T18:45:09.622+0000] {dagbag.py:536} INFO - Filling up the DagBag from /usr/local/lib/python3.10/dist-packages/airflow/example_dags/example_external_task_marker_dag.py
[2023-12-06T18:45:09.629+0000] {processor.py:839} INFO - DAG(s) dict_keys(['example_external_task_marker_child', 'example_external_task_marker_parent']) retrieved from /usr/local/lib/python3.10/dist-packages/airflow/example_dags/example_external_task_marker_dag.py
[2023-12-06T18:45:09.651+0000] {logging_mixin.py:154} INFO - [2023-12-06T18:45:09.651+0000] {dag.py:2941} INFO - Sync 2 DAGs
[2023-12-06T18:45:09.664+0000] {logging_mixin.py:154} INFO - [2023-12-06T18:45:09.664+0000] {dag.py:3722} INFO - Setting next_dagrun for example_external_task_marker_child to None, run_after=None
[2023-12-06T18:45:09.668+0000] {logging_mixin.py:154} INFO - [2023-12-06T18:45:09.667+0000] {dag.py:3722} INFO - Setting next_dagrun for example_external_task_marker_parent to None, run_after=None
[2023-12-06T18:45:09.691+0000] {processor.py:179} INFO - Processing /usr/local/lib/python3.10/dist-packages/airflow/example_dags/example_external_task_marker_dag.py took 0.075 seconds
[2023-12-06T18:45:53.274+0000] {processor.py:157} INFO - Started process (PID=5149) to work on /usr/local/lib/python3.10/dist-packages/airflow/example_dags/example_external_task_marker_dag.py
[2023-12-06T18:45:53.276+0000] {processor.py:829} INFO - Processing file /usr/local/lib/python3.10/dist-packages/airflow/example_dags/example_external_task_marker_dag.py for tasks to queue
[2023-12-06T18:45:53.277+0000] {logging_mixin.py:154} INFO - [2023-12-06T18:45:53.276+0000] {dagbag.py:536} INFO - Filling up the DagBag from /usr/local/lib/python3.10/dist-packages/airflow/example_dags/example_external_task_marker_dag.py
[2023-12-06T18:45:53.284+0000] {processor.py:839} INFO - DAG(s) dict_keys(['example_external_task_marker_child', 'example_external_task_marker_parent']) retrieved from /usr/local/lib/python3.10/dist-packages/airflow/example_dags/example_external_task_marker_dag.py
[2023-12-06T18:45:53.305+0000] {logging_mixin.py:154} INFO - [2023-12-06T18:45:53.305+0000] {dag.py:2941} INFO - Sync 2 DAGs
[2023-12-06T18:45:53.317+0000] {logging_mixin.py:154} INFO - [2023-12-06T18:45:53.317+0000] {dag.py:3722} INFO - Setting next_dagrun for example_external_task_marker_child to None, run_after=None
[2023-12-06T18:45:53.320+0000] {logging_mixin.py:154} INFO - [2023-12-06T18:45:53.320+0000] {dag.py:3722} INFO - Setting next_dagrun for example_external_task_marker_parent to None, run_after=None
[2023-12-06T18:45:53.342+0000] {processor.py:179} INFO - Processing /usr/local/lib/python3.10/dist-packages/airflow/example_dags/example_external_task_marker_dag.py took 0.072 seconds
[2023-12-06T18:46:37.555+0000] {processor.py:157} INFO - Started process (PID=5195) to work on /usr/local/lib/python3.10/dist-packages/airflow/example_dags/example_external_task_marker_dag.py
[2023-12-06T18:46:37.556+0000] {processor.py:829} INFO - Processing file /usr/local/lib/python3.10/dist-packages/airflow/example_dags/example_external_task_marker_dag.py for tasks to queue
[2023-12-06T18:46:37.557+0000] {logging_mixin.py:154} INFO - [2023-12-06T18:46:37.557+0000] {dagbag.py:536} INFO - Filling up the DagBag from /usr/local/lib/python3.10/dist-packages/airflow/example_dags/example_external_task_marker_dag.py
[2023-12-06T18:46:37.564+0000] {processor.py:839} INFO - DAG(s) dict_keys(['example_external_task_marker_parent', 'example_external_task_marker_child']) retrieved from /usr/local/lib/python3.10/dist-packages/airflow/example_dags/example_external_task_marker_dag.py
[2023-12-06T18:46:37.585+0000] {logging_mixin.py:154} INFO - [2023-12-06T18:46:37.585+0000] {dag.py:2941} INFO - Sync 2 DAGs
[2023-12-06T18:46:37.598+0000] {logging_mixin.py:154} INFO - [2023-12-06T18:46:37.598+0000] {dag.py:3722} INFO - Setting next_dagrun for example_external_task_marker_child to None, run_after=None
[2023-12-06T18:46:37.601+0000] {logging_mixin.py:154} INFO - [2023-12-06T18:46:37.601+0000] {dag.py:3722} INFO - Setting next_dagrun for example_external_task_marker_parent to None, run_after=None
[2023-12-06T18:46:37.633+0000] {processor.py:179} INFO - Processing /usr/local/lib/python3.10/dist-packages/airflow/example_dags/example_external_task_marker_dag.py took 0.081 seconds
[2023-12-06T18:47:24.360+0000] {processor.py:157} INFO - Started process (PID=5244) to work on /usr/local/lib/python3.10/dist-packages/airflow/example_dags/example_external_task_marker_dag.py
[2023-12-06T18:47:24.362+0000] {processor.py:829} INFO - Processing file /usr/local/lib/python3.10/dist-packages/airflow/example_dags/example_external_task_marker_dag.py for tasks to queue
[2023-12-06T18:47:24.362+0000] {logging_mixin.py:154} INFO - [2023-12-06T18:47:24.362+0000] {dagbag.py:536} INFO - Filling up the DagBag from /usr/local/lib/python3.10/dist-packages/airflow/example_dags/example_external_task_marker_dag.py
[2023-12-06T18:47:24.369+0000] {processor.py:839} INFO - DAG(s) dict_keys(['example_external_task_marker_parent', 'example_external_task_marker_child']) retrieved from /usr/local/lib/python3.10/dist-packages/airflow/example_dags/example_external_task_marker_dag.py
[2023-12-06T18:47:24.391+0000] {logging_mixin.py:154} INFO - [2023-12-06T18:47:24.391+0000] {dag.py:2941} INFO - Sync 2 DAGs
[2023-12-06T18:47:24.404+0000] {logging_mixin.py:154} INFO - [2023-12-06T18:47:24.404+0000] {dag.py:3722} INFO - Setting next_dagrun for example_external_task_marker_child to None, run_after=None
[2023-12-06T18:47:24.407+0000] {logging_mixin.py:154} INFO - [2023-12-06T18:47:24.407+0000] {dag.py:3722} INFO - Setting next_dagrun for example_external_task_marker_parent to None, run_after=None
[2023-12-06T18:47:24.429+0000] {processor.py:179} INFO - Processing /usr/local/lib/python3.10/dist-packages/airflow/example_dags/example_external_task_marker_dag.py took 0.072 seconds
[2023-12-06T18:48:13.909+0000] {processor.py:157} INFO - Started process (PID=5296) to work on /usr/local/lib/python3.10/dist-packages/airflow/example_dags/example_external_task_marker_dag.py
[2023-12-06T18:48:13.911+0000] {processor.py:829} INFO - Processing file /usr/local/lib/python3.10/dist-packages/airflow/example_dags/example_external_task_marker_dag.py for tasks to queue
[2023-12-06T18:48:13.912+0000] {logging_mixin.py:154} INFO - [2023-12-06T18:48:13.911+0000] {dagbag.py:536} INFO - Filling up the DagBag from /usr/local/lib/python3.10/dist-packages/airflow/example_dags/example_external_task_marker_dag.py
[2023-12-06T18:48:13.919+0000] {processor.py:839} INFO - DAG(s) dict_keys(['example_external_task_marker_parent', 'example_external_task_marker_child']) retrieved from /usr/local/lib/python3.10/dist-packages/airflow/example_dags/example_external_task_marker_dag.py
[2023-12-06T18:48:13.939+0000] {logging_mixin.py:154} INFO - [2023-12-06T18:48:13.939+0000] {dag.py:2941} INFO - Sync 2 DAGs
[2023-12-06T18:48:13.951+0000] {logging_mixin.py:154} INFO - [2023-12-06T18:48:13.951+0000] {dag.py:3722} INFO - Setting next_dagrun for example_external_task_marker_child to None, run_after=None
[2023-12-06T18:48:13.955+0000] {logging_mixin.py:154} INFO - [2023-12-06T18:48:13.954+0000] {dag.py:3722} INFO - Setting next_dagrun for example_external_task_marker_parent to None, run_after=None
[2023-12-06T18:48:13.975+0000] {processor.py:179} INFO - Processing /usr/local/lib/python3.10/dist-packages/airflow/example_dags/example_external_task_marker_dag.py took 0.069 seconds
[2023-12-06T18:49:03.919+0000] {processor.py:157} INFO - Started process (PID=5345) to work on /usr/local/lib/python3.10/dist-packages/airflow/example_dags/example_external_task_marker_dag.py
[2023-12-06T18:49:03.921+0000] {processor.py:829} INFO - Processing file /usr/local/lib/python3.10/dist-packages/airflow/example_dags/example_external_task_marker_dag.py for tasks to queue
[2023-12-06T18:49:03.922+0000] {logging_mixin.py:154} INFO - [2023-12-06T18:49:03.921+0000] {dagbag.py:536} INFO - Filling up the DagBag from /usr/local/lib/python3.10/dist-packages/airflow/example_dags/example_external_task_marker_dag.py
[2023-12-06T18:49:03.929+0000] {processor.py:839} INFO - DAG(s) dict_keys(['example_external_task_marker_child', 'example_external_task_marker_parent']) retrieved from /usr/local/lib/python3.10/dist-packages/airflow/example_dags/example_external_task_marker_dag.py
[2023-12-06T18:49:03.951+0000] {logging_mixin.py:154} INFO - [2023-12-06T18:49:03.951+0000] {dag.py:2941} INFO - Sync 2 DAGs
[2023-12-06T18:49:03.964+0000] {logging_mixin.py:154} INFO - [2023-12-06T18:49:03.964+0000] {dag.py:3722} INFO - Setting next_dagrun for example_external_task_marker_child to None, run_after=None
[2023-12-06T18:49:03.967+0000] {logging_mixin.py:154} INFO - [2023-12-06T18:49:03.967+0000] {dag.py:3722} INFO - Setting next_dagrun for example_external_task_marker_parent to None, run_after=None
[2023-12-06T18:49:03.990+0000] {processor.py:179} INFO - Processing /usr/local/lib/python3.10/dist-packages/airflow/example_dags/example_external_task_marker_dag.py took 0.074 seconds
[2023-12-06T18:49:47.239+0000] {processor.py:157} INFO - Started process (PID=5392) to work on /usr/local/lib/python3.10/dist-packages/airflow/example_dags/example_external_task_marker_dag.py
[2023-12-06T18:49:47.240+0000] {processor.py:829} INFO - Processing file /usr/local/lib/python3.10/dist-packages/airflow/example_dags/example_external_task_marker_dag.py for tasks to queue
[2023-12-06T18:49:47.241+0000] {logging_mixin.py:154} INFO - [2023-12-06T18:49:47.241+0000] {dagbag.py:536} INFO - Filling up the DagBag from /usr/local/lib/python3.10/dist-packages/airflow/example_dags/example_external_task_marker_dag.py
[2023-12-06T18:49:47.248+0000] {processor.py:839} INFO - DAG(s) dict_keys(['example_external_task_marker_child', 'example_external_task_marker_parent']) retrieved from /usr/local/lib/python3.10/dist-packages/airflow/example_dags/example_external_task_marker_dag.py
[2023-12-06T18:49:47.269+0000] {logging_mixin.py:154} INFO - [2023-12-06T18:49:47.268+0000] {dag.py:2941} INFO - Sync 2 DAGs
[2023-12-06T18:49:47.281+0000] {logging_mixin.py:154} INFO - [2023-12-06T18:49:47.281+0000] {dag.py:3722} INFO - Setting next_dagrun for example_external_task_marker_child to None, run_after=None
[2023-12-06T18:49:47.284+0000] {logging_mixin.py:154} INFO - [2023-12-06T18:49:47.284+0000] {dag.py:3722} INFO - Setting next_dagrun for example_external_task_marker_parent to None, run_after=None
[2023-12-06T18:49:47.306+0000] {processor.py:179} INFO - Processing /usr/local/lib/python3.10/dist-packages/airflow/example_dags/example_external_task_marker_dag.py took 0.071 seconds
[2023-12-06T18:50:30.097+0000] {processor.py:157} INFO - Started process (PID=5436) to work on /usr/local/lib/python3.10/dist-packages/airflow/example_dags/example_external_task_marker_dag.py
[2023-12-06T18:50:30.099+0000] {processor.py:829} INFO - Processing file /usr/local/lib/python3.10/dist-packages/airflow/example_dags/example_external_task_marker_dag.py for tasks to queue
[2023-12-06T18:50:30.100+0000] {logging_mixin.py:154} INFO - [2023-12-06T18:50:30.100+0000] {dagbag.py:536} INFO - Filling up the DagBag from /usr/local/lib/python3.10/dist-packages/airflow/example_dags/example_external_task_marker_dag.py
[2023-12-06T18:50:30.107+0000] {processor.py:839} INFO - DAG(s) dict_keys(['example_external_task_marker_parent', 'example_external_task_marker_child']) retrieved from /usr/local/lib/python3.10/dist-packages/airflow/example_dags/example_external_task_marker_dag.py
[2023-12-06T18:50:30.128+0000] {logging_mixin.py:154} INFO - [2023-12-06T18:50:30.128+0000] {dag.py:2941} INFO - Sync 2 DAGs
[2023-12-06T18:50:30.141+0000] {logging_mixin.py:154} INFO - [2023-12-06T18:50:30.141+0000] {dag.py:3722} INFO - Setting next_dagrun for example_external_task_marker_child to None, run_after=None
[2023-12-06T18:50:30.144+0000] {logging_mixin.py:154} INFO - [2023-12-06T18:50:30.144+0000] {dag.py:3722} INFO - Setting next_dagrun for example_external_task_marker_parent to None, run_after=None
[2023-12-06T18:50:30.166+0000] {processor.py:179} INFO - Processing /usr/local/lib/python3.10/dist-packages/airflow/example_dags/example_external_task_marker_dag.py took 0.072 seconds
[2023-12-06T18:51:13.299+0000] {processor.py:157} INFO - Started process (PID=5485) to work on /usr/local/lib/python3.10/dist-packages/airflow/example_dags/example_external_task_marker_dag.py
[2023-12-06T18:51:13.300+0000] {processor.py:829} INFO - Processing file /usr/local/lib/python3.10/dist-packages/airflow/example_dags/example_external_task_marker_dag.py for tasks to queue
[2023-12-06T18:51:13.301+0000] {logging_mixin.py:154} INFO - [2023-12-06T18:51:13.301+0000] {dagbag.py:536} INFO - Filling up the DagBag from /usr/local/lib/python3.10/dist-packages/airflow/example_dags/example_external_task_marker_dag.py
[2023-12-06T18:51:13.308+0000] {processor.py:839} INFO - DAG(s) dict_keys(['example_external_task_marker_child', 'example_external_task_marker_parent']) retrieved from /usr/local/lib/python3.10/dist-packages/airflow/example_dags/example_external_task_marker_dag.py
[2023-12-06T18:51:13.329+0000] {logging_mixin.py:154} INFO - [2023-12-06T18:51:13.329+0000] {dag.py:2941} INFO - Sync 2 DAGs
[2023-12-06T18:51:13.342+0000] {logging_mixin.py:154} INFO - [2023-12-06T18:51:13.341+0000] {dag.py:3722} INFO - Setting next_dagrun for example_external_task_marker_child to None, run_after=None
[2023-12-06T18:51:13.345+0000] {logging_mixin.py:154} INFO - [2023-12-06T18:51:13.345+0000] {dag.py:3722} INFO - Setting next_dagrun for example_external_task_marker_parent to None, run_after=None
[2023-12-06T18:51:13.365+0000] {processor.py:179} INFO - Processing /usr/local/lib/python3.10/dist-packages/airflow/example_dags/example_external_task_marker_dag.py took 0.070 seconds
[2023-12-06T18:51:56.377+0000] {processor.py:157} INFO - Started process (PID=5530) to work on /usr/local/lib/python3.10/dist-packages/airflow/example_dags/example_external_task_marker_dag.py
[2023-12-06T18:51:56.379+0000] {processor.py:829} INFO - Processing file /usr/local/lib/python3.10/dist-packages/airflow/example_dags/example_external_task_marker_dag.py for tasks to queue
[2023-12-06T18:51:56.380+0000] {logging_mixin.py:154} INFO - [2023-12-06T18:51:56.379+0000] {dagbag.py:536} INFO - Filling up the DagBag from /usr/local/lib/python3.10/dist-packages/airflow/example_dags/example_external_task_marker_dag.py
[2023-12-06T18:51:56.387+0000] {processor.py:839} INFO - DAG(s) dict_keys(['example_external_task_marker_parent', 'example_external_task_marker_child']) retrieved from /usr/local/lib/python3.10/dist-packages/airflow/example_dags/example_external_task_marker_dag.py
[2023-12-06T18:51:56.407+0000] {logging_mixin.py:154} INFO - [2023-12-06T18:51:56.407+0000] {dag.py:2941} INFO - Sync 2 DAGs
[2023-12-06T18:51:56.419+0000] {logging_mixin.py:154} INFO - [2023-12-06T18:51:56.419+0000] {dag.py:3722} INFO - Setting next_dagrun for example_external_task_marker_child to None, run_after=None
[2023-12-06T18:51:56.422+0000] {logging_mixin.py:154} INFO - [2023-12-06T18:51:56.422+0000] {dag.py:3722} INFO - Setting next_dagrun for example_external_task_marker_parent to None, run_after=None
[2023-12-06T18:51:56.485+0000] {processor.py:179} INFO - Processing /usr/local/lib/python3.10/dist-packages/airflow/example_dags/example_external_task_marker_dag.py took 0.112 seconds
[2023-12-06T18:52:44.739+0000] {processor.py:157} INFO - Started process (PID=5579) to work on /usr/local/lib/python3.10/dist-packages/airflow/example_dags/example_external_task_marker_dag.py
[2023-12-06T18:52:44.740+0000] {processor.py:829} INFO - Processing file /usr/local/lib/python3.10/dist-packages/airflow/example_dags/example_external_task_marker_dag.py for tasks to queue
[2023-12-06T18:52:44.741+0000] {logging_mixin.py:154} INFO - [2023-12-06T18:52:44.741+0000] {dagbag.py:536} INFO - Filling up the DagBag from /usr/local/lib/python3.10/dist-packages/airflow/example_dags/example_external_task_marker_dag.py
[2023-12-06T18:52:44.748+0000] {processor.py:839} INFO - DAG(s) dict_keys(['example_external_task_marker_child', 'example_external_task_marker_parent']) retrieved from /usr/local/lib/python3.10/dist-packages/airflow/example_dags/example_external_task_marker_dag.py
[2023-12-06T18:52:44.770+0000] {logging_mixin.py:154} INFO - [2023-12-06T18:52:44.769+0000] {dag.py:2941} INFO - Sync 2 DAGs
[2023-12-06T18:52:44.783+0000] {logging_mixin.py:154} INFO - [2023-12-06T18:52:44.782+0000] {dag.py:3722} INFO - Setting next_dagrun for example_external_task_marker_child to None, run_after=None
[2023-12-06T18:52:44.786+0000] {logging_mixin.py:154} INFO - [2023-12-06T18:52:44.786+0000] {dag.py:3722} INFO - Setting next_dagrun for example_external_task_marker_parent to None, run_after=None
[2023-12-06T18:52:44.810+0000] {processor.py:179} INFO - Processing /usr/local/lib/python3.10/dist-packages/airflow/example_dags/example_external_task_marker_dag.py took 0.075 seconds
[2023-12-06T18:53:30.364+0000] {processor.py:157} INFO - Started process (PID=5626) to work on /usr/local/lib/python3.10/dist-packages/airflow/example_dags/example_external_task_marker_dag.py
[2023-12-06T18:53:30.366+0000] {processor.py:829} INFO - Processing file /usr/local/lib/python3.10/dist-packages/airflow/example_dags/example_external_task_marker_dag.py for tasks to queue
[2023-12-06T18:53:30.367+0000] {logging_mixin.py:154} INFO - [2023-12-06T18:53:30.366+0000] {dagbag.py:536} INFO - Filling up the DagBag from /usr/local/lib/python3.10/dist-packages/airflow/example_dags/example_external_task_marker_dag.py
[2023-12-06T18:53:30.374+0000] {processor.py:839} INFO - DAG(s) dict_keys(['example_external_task_marker_child', 'example_external_task_marker_parent']) retrieved from /usr/local/lib/python3.10/dist-packages/airflow/example_dags/example_external_task_marker_dag.py
[2023-12-06T18:53:30.395+0000] {logging_mixin.py:154} INFO - [2023-12-06T18:53:30.394+0000] {dag.py:2941} INFO - Sync 2 DAGs
[2023-12-06T18:53:30.407+0000] {logging_mixin.py:154} INFO - [2023-12-06T18:53:30.407+0000] {dag.py:3722} INFO - Setting next_dagrun for example_external_task_marker_child to None, run_after=None
[2023-12-06T18:53:30.416+0000] {logging_mixin.py:154} INFO - [2023-12-06T18:53:30.416+0000] {dag.py:3722} INFO - Setting next_dagrun for example_external_task_marker_parent to None, run_after=None
[2023-12-06T18:53:30.439+0000] {processor.py:179} INFO - Processing /usr/local/lib/python3.10/dist-packages/airflow/example_dags/example_external_task_marker_dag.py took 0.078 seconds
[2023-12-06T18:54:13.125+0000] {processor.py:157} INFO - Started process (PID=5671) to work on /usr/local/lib/python3.10/dist-packages/airflow/example_dags/example_external_task_marker_dag.py
[2023-12-06T18:54:13.126+0000] {processor.py:829} INFO - Processing file /usr/local/lib/python3.10/dist-packages/airflow/example_dags/example_external_task_marker_dag.py for tasks to queue
[2023-12-06T18:54:13.127+0000] {logging_mixin.py:154} INFO - [2023-12-06T18:54:13.127+0000] {dagbag.py:536} INFO - Filling up the DagBag from /usr/local/lib/python3.10/dist-packages/airflow/example_dags/example_external_task_marker_dag.py
[2023-12-06T18:54:13.134+0000] {processor.py:839} INFO - DAG(s) dict_keys(['example_external_task_marker_child', 'example_external_task_marker_parent']) retrieved from /usr/local/lib/python3.10/dist-packages/airflow/example_dags/example_external_task_marker_dag.py
[2023-12-06T18:54:13.154+0000] {logging_mixin.py:154} INFO - [2023-12-06T18:54:13.154+0000] {dag.py:2941} INFO - Sync 2 DAGs
[2023-12-06T18:54:13.166+0000] {logging_mixin.py:154} INFO - [2023-12-06T18:54:13.166+0000] {dag.py:3722} INFO - Setting next_dagrun for example_external_task_marker_child to None, run_after=None
[2023-12-06T18:54:13.169+0000] {logging_mixin.py:154} INFO - [2023-12-06T18:54:13.169+0000] {dag.py:3722} INFO - Setting next_dagrun for example_external_task_marker_parent to None, run_after=None
[2023-12-06T18:54:13.193+0000] {processor.py:179} INFO - Processing /usr/local/lib/python3.10/dist-packages/airflow/example_dags/example_external_task_marker_dag.py took 0.072 seconds
[2023-12-06T18:54:59.955+0000] {processor.py:157} INFO - Started process (PID=5719) to work on /usr/local/lib/python3.10/dist-packages/airflow/example_dags/example_external_task_marker_dag.py
[2023-12-06T18:54:59.956+0000] {processor.py:829} INFO - Processing file /usr/local/lib/python3.10/dist-packages/airflow/example_dags/example_external_task_marker_dag.py for tasks to queue
[2023-12-06T18:54:59.957+0000] {logging_mixin.py:154} INFO - [2023-12-06T18:54:59.957+0000] {dagbag.py:536} INFO - Filling up the DagBag from /usr/local/lib/python3.10/dist-packages/airflow/example_dags/example_external_task_marker_dag.py
[2023-12-06T18:54:59.964+0000] {processor.py:839} INFO - DAG(s) dict_keys(['example_external_task_marker_child', 'example_external_task_marker_parent']) retrieved from /usr/local/lib/python3.10/dist-packages/airflow/example_dags/example_external_task_marker_dag.py
[2023-12-06T18:54:59.984+0000] {logging_mixin.py:154} INFO - [2023-12-06T18:54:59.984+0000] {dag.py:2941} INFO - Sync 2 DAGs
[2023-12-06T18:54:59.997+0000] {logging_mixin.py:154} INFO - [2023-12-06T18:54:59.996+0000] {dag.py:3722} INFO - Setting next_dagrun for example_external_task_marker_child to None, run_after=None
[2023-12-06T18:55:00.000+0000] {logging_mixin.py:154} INFO - [2023-12-06T18:55:00.000+0000] {dag.py:3722} INFO - Setting next_dagrun for example_external_task_marker_parent to None, run_after=None
[2023-12-06T18:55:00.022+0000] {processor.py:179} INFO - Processing /usr/local/lib/python3.10/dist-packages/airflow/example_dags/example_external_task_marker_dag.py took 0.071 seconds
[2023-12-06T18:55:45.763+0000] {processor.py:157} INFO - Started process (PID=5766) to work on /usr/local/lib/python3.10/dist-packages/airflow/example_dags/example_external_task_marker_dag.py
[2023-12-06T18:55:45.764+0000] {processor.py:829} INFO - Processing file /usr/local/lib/python3.10/dist-packages/airflow/example_dags/example_external_task_marker_dag.py for tasks to queue
[2023-12-06T18:55:45.765+0000] {logging_mixin.py:154} INFO - [2023-12-06T18:55:45.765+0000] {dagbag.py:536} INFO - Filling up the DagBag from /usr/local/lib/python3.10/dist-packages/airflow/example_dags/example_external_task_marker_dag.py
[2023-12-06T18:55:45.772+0000] {processor.py:839} INFO - DAG(s) dict_keys(['example_external_task_marker_parent', 'example_external_task_marker_child']) retrieved from /usr/local/lib/python3.10/dist-packages/airflow/example_dags/example_external_task_marker_dag.py
[2023-12-06T18:55:45.792+0000] {logging_mixin.py:154} INFO - [2023-12-06T18:55:45.792+0000] {dag.py:2941} INFO - Sync 2 DAGs
[2023-12-06T18:55:45.804+0000] {logging_mixin.py:154} INFO - [2023-12-06T18:55:45.804+0000] {dag.py:3722} INFO - Setting next_dagrun for example_external_task_marker_child to None, run_after=None
[2023-12-06T18:55:45.807+0000] {logging_mixin.py:154} INFO - [2023-12-06T18:55:45.807+0000] {dag.py:3722} INFO - Setting next_dagrun for example_external_task_marker_parent to None, run_after=None
[2023-12-06T18:55:45.827+0000] {processor.py:179} INFO - Processing /usr/local/lib/python3.10/dist-packages/airflow/example_dags/example_external_task_marker_dag.py took 0.068 seconds
[2023-12-06T18:56:32.009+0000] {processor.py:157} INFO - Started process (PID=5814) to work on /usr/local/lib/python3.10/dist-packages/airflow/example_dags/example_external_task_marker_dag.py
[2023-12-06T18:56:32.010+0000] {processor.py:829} INFO - Processing file /usr/local/lib/python3.10/dist-packages/airflow/example_dags/example_external_task_marker_dag.py for tasks to queue
[2023-12-06T18:56:32.011+0000] {logging_mixin.py:154} INFO - [2023-12-06T18:56:32.011+0000] {dagbag.py:536} INFO - Filling up the DagBag from /usr/local/lib/python3.10/dist-packages/airflow/example_dags/example_external_task_marker_dag.py
[2023-12-06T18:56:32.018+0000] {processor.py:839} INFO - DAG(s) dict_keys(['example_external_task_marker_child', 'example_external_task_marker_parent']) retrieved from /usr/local/lib/python3.10/dist-packages/airflow/example_dags/example_external_task_marker_dag.py
[2023-12-06T18:56:32.039+0000] {logging_mixin.py:154} INFO - [2023-12-06T18:56:32.039+0000] {dag.py:2941} INFO - Sync 2 DAGs
[2023-12-06T18:56:32.051+0000] {logging_mixin.py:154} INFO - [2023-12-06T18:56:32.051+0000] {dag.py:3722} INFO - Setting next_dagrun for example_external_task_marker_child to None, run_after=None
[2023-12-06T18:56:32.054+0000] {logging_mixin.py:154} INFO - [2023-12-06T18:56:32.054+0000] {dag.py:3722} INFO - Setting next_dagrun for example_external_task_marker_parent to None, run_after=None
[2023-12-06T18:56:32.077+0000] {processor.py:179} INFO - Processing /usr/local/lib/python3.10/dist-packages/airflow/example_dags/example_external_task_marker_dag.py took 0.072 seconds
[2023-12-06T18:57:18.014+0000] {processor.py:157} INFO - Started process (PID=5863) to work on /usr/local/lib/python3.10/dist-packages/airflow/example_dags/example_external_task_marker_dag.py
[2023-12-06T18:57:18.015+0000] {processor.py:829} INFO - Processing file /usr/local/lib/python3.10/dist-packages/airflow/example_dags/example_external_task_marker_dag.py for tasks to queue
[2023-12-06T18:57:18.016+0000] {logging_mixin.py:154} INFO - [2023-12-06T18:57:18.016+0000] {dagbag.py:536} INFO - Filling up the DagBag from /usr/local/lib/python3.10/dist-packages/airflow/example_dags/example_external_task_marker_dag.py
[2023-12-06T18:57:18.023+0000] {processor.py:839} INFO - DAG(s) dict_keys(['example_external_task_marker_parent', 'example_external_task_marker_child']) retrieved from /usr/local/lib/python3.10/dist-packages/airflow/example_dags/example_external_task_marker_dag.py
[2023-12-06T18:57:18.051+0000] {logging_mixin.py:154} INFO - [2023-12-06T18:57:18.051+0000] {dag.py:2941} INFO - Sync 2 DAGs
[2023-12-06T18:57:18.064+0000] {logging_mixin.py:154} INFO - [2023-12-06T18:57:18.064+0000] {dag.py:3722} INFO - Setting next_dagrun for example_external_task_marker_child to None, run_after=None
[2023-12-06T18:57:18.067+0000] {logging_mixin.py:154} INFO - [2023-12-06T18:57:18.067+0000] {dag.py:3722} INFO - Setting next_dagrun for example_external_task_marker_parent to None, run_after=None
[2023-12-06T18:57:18.092+0000] {processor.py:179} INFO - Processing /usr/local/lib/python3.10/dist-packages/airflow/example_dags/example_external_task_marker_dag.py took 0.082 seconds
[2023-12-06T18:58:05.892+0000] {processor.py:157} INFO - Started process (PID=5913) to work on /usr/local/lib/python3.10/dist-packages/airflow/example_dags/example_external_task_marker_dag.py
[2023-12-06T18:58:05.893+0000] {processor.py:829} INFO - Processing file /usr/local/lib/python3.10/dist-packages/airflow/example_dags/example_external_task_marker_dag.py for tasks to queue
[2023-12-06T18:58:05.894+0000] {logging_mixin.py:154} INFO - [2023-12-06T18:58:05.894+0000] {dagbag.py:536} INFO - Filling up the DagBag from /usr/local/lib/python3.10/dist-packages/airflow/example_dags/example_external_task_marker_dag.py
[2023-12-06T18:58:05.901+0000] {processor.py:839} INFO - DAG(s) dict_keys(['example_external_task_marker_child', 'example_external_task_marker_parent']) retrieved from /usr/local/lib/python3.10/dist-packages/airflow/example_dags/example_external_task_marker_dag.py
[2023-12-06T18:58:05.922+0000] {logging_mixin.py:154} INFO - [2023-12-06T18:58:05.922+0000] {dag.py:2941} INFO - Sync 2 DAGs
[2023-12-06T18:58:05.935+0000] {logging_mixin.py:154} INFO - [2023-12-06T18:58:05.935+0000] {dag.py:3722} INFO - Setting next_dagrun for example_external_task_marker_child to None, run_after=None
[2023-12-06T18:58:05.938+0000] {logging_mixin.py:154} INFO - [2023-12-06T18:58:05.938+0000] {dag.py:3722} INFO - Setting next_dagrun for example_external_task_marker_parent to None, run_after=None
[2023-12-06T18:58:05.959+0000] {processor.py:179} INFO - Processing /usr/local/lib/python3.10/dist-packages/airflow/example_dags/example_external_task_marker_dag.py took 0.071 seconds
[2023-12-06T18:58:50.334+0000] {processor.py:157} INFO - Started process (PID=5958) to work on /usr/local/lib/python3.10/dist-packages/airflow/example_dags/example_external_task_marker_dag.py
[2023-12-06T18:58:50.335+0000] {processor.py:829} INFO - Processing file /usr/local/lib/python3.10/dist-packages/airflow/example_dags/example_external_task_marker_dag.py for tasks to queue
[2023-12-06T18:58:50.336+0000] {logging_mixin.py:154} INFO - [2023-12-06T18:58:50.336+0000] {dagbag.py:536} INFO - Filling up the DagBag from /usr/local/lib/python3.10/dist-packages/airflow/example_dags/example_external_task_marker_dag.py
[2023-12-06T18:58:50.343+0000] {processor.py:839} INFO - DAG(s) dict_keys(['example_external_task_marker_child', 'example_external_task_marker_parent']) retrieved from /usr/local/lib/python3.10/dist-packages/airflow/example_dags/example_external_task_marker_dag.py
[2023-12-06T18:58:50.364+0000] {logging_mixin.py:154} INFO - [2023-12-06T18:58:50.364+0000] {dag.py:2941} INFO - Sync 2 DAGs
[2023-12-06T18:58:50.377+0000] {logging_mixin.py:154} INFO - [2023-12-06T18:58:50.377+0000] {dag.py:3722} INFO - Setting next_dagrun for example_external_task_marker_child to None, run_after=None
[2023-12-06T18:58:50.380+0000] {logging_mixin.py:154} INFO - [2023-12-06T18:58:50.380+0000] {dag.py:3722} INFO - Setting next_dagrun for example_external_task_marker_parent to None, run_after=None
[2023-12-06T18:58:50.400+0000] {processor.py:179} INFO - Processing /usr/local/lib/python3.10/dist-packages/airflow/example_dags/example_external_task_marker_dag.py took 0.070 seconds
[2023-12-06T18:59:36.564+0000] {processor.py:157} INFO - Started process (PID=6005) to work on /usr/local/lib/python3.10/dist-packages/airflow/example_dags/example_external_task_marker_dag.py
[2023-12-06T18:59:36.565+0000] {processor.py:829} INFO - Processing file /usr/local/lib/python3.10/dist-packages/airflow/example_dags/example_external_task_marker_dag.py for tasks to queue
[2023-12-06T18:59:36.566+0000] {logging_mixin.py:154} INFO - [2023-12-06T18:59:36.566+0000] {dagbag.py:536} INFO - Filling up the DagBag from /usr/local/lib/python3.10/dist-packages/airflow/example_dags/example_external_task_marker_dag.py
[2023-12-06T18:59:36.573+0000] {processor.py:839} INFO - DAG(s) dict_keys(['example_external_task_marker_parent', 'example_external_task_marker_child']) retrieved from /usr/local/lib/python3.10/dist-packages/airflow/example_dags/example_external_task_marker_dag.py
[2023-12-06T18:59:36.593+0000] {logging_mixin.py:154} INFO - [2023-12-06T18:59:36.593+0000] {dag.py:2941} INFO - Sync 2 DAGs
[2023-12-06T18:59:36.606+0000] {logging_mixin.py:154} INFO - [2023-12-06T18:59:36.605+0000] {dag.py:3722} INFO - Setting next_dagrun for example_external_task_marker_child to None, run_after=None
[2023-12-06T18:59:36.609+0000] {logging_mixin.py:154} INFO - [2023-12-06T18:59:36.608+0000] {dag.py:3722} INFO - Setting next_dagrun for example_external_task_marker_parent to None, run_after=None
[2023-12-06T18:59:36.629+0000] {processor.py:179} INFO - Processing /usr/local/lib/python3.10/dist-packages/airflow/example_dags/example_external_task_marker_dag.py took 0.069 seconds
[2023-12-06T19:00:24.504+0000] {processor.py:157} INFO - Started process (PID=6357) to work on /usr/local/lib/python3.10/dist-packages/airflow/example_dags/example_external_task_marker_dag.py
[2023-12-06T19:00:24.505+0000] {processor.py:829} INFO - Processing file /usr/local/lib/python3.10/dist-packages/airflow/example_dags/example_external_task_marker_dag.py for tasks to queue
[2023-12-06T19:00:24.506+0000] {logging_mixin.py:154} INFO - [2023-12-06T19:00:24.506+0000] {dagbag.py:536} INFO - Filling up the DagBag from /usr/local/lib/python3.10/dist-packages/airflow/example_dags/example_external_task_marker_dag.py
[2023-12-06T19:00:24.513+0000] {processor.py:839} INFO - DAG(s) dict_keys(['example_external_task_marker_parent', 'example_external_task_marker_child']) retrieved from /usr/local/lib/python3.10/dist-packages/airflow/example_dags/example_external_task_marker_dag.py
[2023-12-06T19:00:24.535+0000] {logging_mixin.py:154} INFO - [2023-12-06T19:00:24.534+0000] {dag.py:2941} INFO - Sync 2 DAGs
[2023-12-06T19:00:24.547+0000] {logging_mixin.py:154} INFO - [2023-12-06T19:00:24.547+0000] {dag.py:3722} INFO - Setting next_dagrun for example_external_task_marker_child to None, run_after=None
[2023-12-06T19:00:24.550+0000] {logging_mixin.py:154} INFO - [2023-12-06T19:00:24.550+0000] {dag.py:3722} INFO - Setting next_dagrun for example_external_task_marker_parent to None, run_after=None
[2023-12-06T19:00:24.571+0000] {processor.py:179} INFO - Processing /usr/local/lib/python3.10/dist-packages/airflow/example_dags/example_external_task_marker_dag.py took 0.071 seconds
[2023-12-06T19:01:15.878+0000] {processor.py:157} INFO - Started process (PID=6464) to work on /usr/local/lib/python3.10/dist-packages/airflow/example_dags/example_external_task_marker_dag.py
[2023-12-06T19:01:15.879+0000] {processor.py:829} INFO - Processing file /usr/local/lib/python3.10/dist-packages/airflow/example_dags/example_external_task_marker_dag.py for tasks to queue
[2023-12-06T19:01:15.880+0000] {logging_mixin.py:154} INFO - [2023-12-06T19:01:15.880+0000] {dagbag.py:536} INFO - Filling up the DagBag from /usr/local/lib/python3.10/dist-packages/airflow/example_dags/example_external_task_marker_dag.py
[2023-12-06T19:01:15.887+0000] {processor.py:839} INFO - DAG(s) dict_keys(['example_external_task_marker_child', 'example_external_task_marker_parent']) retrieved from /usr/local/lib/python3.10/dist-packages/airflow/example_dags/example_external_task_marker_dag.py
[2023-12-06T19:01:15.908+0000] {logging_mixin.py:154} INFO - [2023-12-06T19:01:15.908+0000] {dag.py:2941} INFO - Sync 2 DAGs
[2023-12-06T19:01:15.921+0000] {logging_mixin.py:154} INFO - [2023-12-06T19:01:15.921+0000] {dag.py:3722} INFO - Setting next_dagrun for example_external_task_marker_child to None, run_after=None
[2023-12-06T19:01:15.924+0000] {logging_mixin.py:154} INFO - [2023-12-06T19:01:15.924+0000] {dag.py:3722} INFO - Setting next_dagrun for example_external_task_marker_parent to None, run_after=None
[2023-12-06T19:01:15.945+0000] {processor.py:179} INFO - Processing /usr/local/lib/python3.10/dist-packages/airflow/example_dags/example_external_task_marker_dag.py took 0.071 seconds
[2023-12-06T19:02:05.522+0000] {processor.py:157} INFO - Started process (PID=6514) to work on /usr/local/lib/python3.10/dist-packages/airflow/example_dags/example_external_task_marker_dag.py
[2023-12-06T19:02:05.524+0000] {processor.py:829} INFO - Processing file /usr/local/lib/python3.10/dist-packages/airflow/example_dags/example_external_task_marker_dag.py for tasks to queue
[2023-12-06T19:02:05.525+0000] {logging_mixin.py:154} INFO - [2023-12-06T19:02:05.524+0000] {dagbag.py:536} INFO - Filling up the DagBag from /usr/local/lib/python3.10/dist-packages/airflow/example_dags/example_external_task_marker_dag.py
[2023-12-06T19:02:05.532+0000] {processor.py:839} INFO - DAG(s) dict_keys(['example_external_task_marker_parent', 'example_external_task_marker_child']) retrieved from /usr/local/lib/python3.10/dist-packages/airflow/example_dags/example_external_task_marker_dag.py
[2023-12-06T19:02:05.553+0000] {logging_mixin.py:154} INFO - [2023-12-06T19:02:05.553+0000] {dag.py:2941} INFO - Sync 2 DAGs
[2023-12-06T19:02:05.566+0000] {logging_mixin.py:154} INFO - [2023-12-06T19:02:05.566+0000] {dag.py:3722} INFO - Setting next_dagrun for example_external_task_marker_child to None, run_after=None
[2023-12-06T19:02:05.569+0000] {logging_mixin.py:154} INFO - [2023-12-06T19:02:05.569+0000] {dag.py:3722} INFO - Setting next_dagrun for example_external_task_marker_parent to None, run_after=None
[2023-12-06T19:02:05.595+0000] {processor.py:179} INFO - Processing /usr/local/lib/python3.10/dist-packages/airflow/example_dags/example_external_task_marker_dag.py took 0.077 seconds
[2023-12-06T19:02:48.950+0000] {processor.py:157} INFO - Started process (PID=6561) to work on /usr/local/lib/python3.10/dist-packages/airflow/example_dags/example_external_task_marker_dag.py
[2023-12-06T19:02:48.951+0000] {processor.py:829} INFO - Processing file /usr/local/lib/python3.10/dist-packages/airflow/example_dags/example_external_task_marker_dag.py for tasks to queue
[2023-12-06T19:02:48.952+0000] {logging_mixin.py:154} INFO - [2023-12-06T19:02:48.952+0000] {dagbag.py:536} INFO - Filling up the DagBag from /usr/local/lib/python3.10/dist-packages/airflow/example_dags/example_external_task_marker_dag.py
[2023-12-06T19:02:48.959+0000] {processor.py:839} INFO - DAG(s) dict_keys(['example_external_task_marker_child', 'example_external_task_marker_parent']) retrieved from /usr/local/lib/python3.10/dist-packages/airflow/example_dags/example_external_task_marker_dag.py
[2023-12-06T19:02:48.980+0000] {logging_mixin.py:154} INFO - [2023-12-06T19:02:48.980+0000] {dag.py:2941} INFO - Sync 2 DAGs
[2023-12-06T19:02:48.993+0000] {logging_mixin.py:154} INFO - [2023-12-06T19:02:48.993+0000] {dag.py:3722} INFO - Setting next_dagrun for example_external_task_marker_child to None, run_after=None
[2023-12-06T19:02:48.996+0000] {logging_mixin.py:154} INFO - [2023-12-06T19:02:48.996+0000] {dag.py:3722} INFO - Setting next_dagrun for example_external_task_marker_parent to None, run_after=None
[2023-12-06T19:02:49.019+0000] {processor.py:179} INFO - Processing /usr/local/lib/python3.10/dist-packages/airflow/example_dags/example_external_task_marker_dag.py took 0.072 seconds
[2023-12-06T19:03:35.883+0000] {processor.py:157} INFO - Started process (PID=6607) to work on /usr/local/lib/python3.10/dist-packages/airflow/example_dags/example_external_task_marker_dag.py
[2023-12-06T19:03:35.885+0000] {processor.py:829} INFO - Processing file /usr/local/lib/python3.10/dist-packages/airflow/example_dags/example_external_task_marker_dag.py for tasks to queue
[2023-12-06T19:03:35.886+0000] {logging_mixin.py:154} INFO - [2023-12-06T19:03:35.885+0000] {dagbag.py:536} INFO - Filling up the DagBag from /usr/local/lib/python3.10/dist-packages/airflow/example_dags/example_external_task_marker_dag.py
[2023-12-06T19:03:35.893+0000] {processor.py:839} INFO - DAG(s) dict_keys(['example_external_task_marker_parent', 'example_external_task_marker_child']) retrieved from /usr/local/lib/python3.10/dist-packages/airflow/example_dags/example_external_task_marker_dag.py
[2023-12-06T19:03:35.915+0000] {logging_mixin.py:154} INFO - [2023-12-06T19:03:35.915+0000] {dag.py:2941} INFO - Sync 2 DAGs
[2023-12-06T19:03:35.928+0000] {logging_mixin.py:154} INFO - [2023-12-06T19:03:35.927+0000] {dag.py:3722} INFO - Setting next_dagrun for example_external_task_marker_child to None, run_after=None
[2023-12-06T19:03:35.935+0000] {logging_mixin.py:154} INFO - [2023-12-06T19:03:35.935+0000] {dag.py:3722} INFO - Setting next_dagrun for example_external_task_marker_parent to None, run_after=None
[2023-12-06T19:03:35.960+0000] {processor.py:179} INFO - Processing /usr/local/lib/python3.10/dist-packages/airflow/example_dags/example_external_task_marker_dag.py took 0.081 seconds
[2023-12-06T19:04:23.905+0000] {processor.py:157} INFO - Started process (PID=6656) to work on /usr/local/lib/python3.10/dist-packages/airflow/example_dags/example_external_task_marker_dag.py
[2023-12-06T19:04:23.907+0000] {processor.py:829} INFO - Processing file /usr/local/lib/python3.10/dist-packages/airflow/example_dags/example_external_task_marker_dag.py for tasks to queue
[2023-12-06T19:04:23.908+0000] {logging_mixin.py:154} INFO - [2023-12-06T19:04:23.907+0000] {dagbag.py:536} INFO - Filling up the DagBag from /usr/local/lib/python3.10/dist-packages/airflow/example_dags/example_external_task_marker_dag.py
[2023-12-06T19:04:23.915+0000] {processor.py:839} INFO - DAG(s) dict_keys(['example_external_task_marker_parent', 'example_external_task_marker_child']) retrieved from /usr/local/lib/python3.10/dist-packages/airflow/example_dags/example_external_task_marker_dag.py
[2023-12-06T19:04:23.936+0000] {logging_mixin.py:154} INFO - [2023-12-06T19:04:23.936+0000] {dag.py:2941} INFO - Sync 2 DAGs
[2023-12-06T19:04:23.949+0000] {logging_mixin.py:154} INFO - [2023-12-06T19:04:23.948+0000] {dag.py:3722} INFO - Setting next_dagrun for example_external_task_marker_child to None, run_after=None
[2023-12-06T19:04:23.952+0000] {logging_mixin.py:154} INFO - [2023-12-06T19:04:23.951+0000] {dag.py:3722} INFO - Setting next_dagrun for example_external_task_marker_parent to None, run_after=None
[2023-12-06T19:04:23.972+0000] {processor.py:179} INFO - Processing /usr/local/lib/python3.10/dist-packages/airflow/example_dags/example_external_task_marker_dag.py took 0.070 seconds
[2023-12-06T19:05:12.104+0000] {processor.py:157} INFO - Started process (PID=6875) to work on /usr/local/lib/python3.10/dist-packages/airflow/example_dags/example_external_task_marker_dag.py
[2023-12-06T19:05:12.106+0000] {processor.py:829} INFO - Processing file /usr/local/lib/python3.10/dist-packages/airflow/example_dags/example_external_task_marker_dag.py for tasks to queue
[2023-12-06T19:05:12.107+0000] {logging_mixin.py:154} INFO - [2023-12-06T19:05:12.107+0000] {dagbag.py:536} INFO - Filling up the DagBag from /usr/local/lib/python3.10/dist-packages/airflow/example_dags/example_external_task_marker_dag.py
[2023-12-06T19:05:12.115+0000] {processor.py:839} INFO - DAG(s) dict_keys(['example_external_task_marker_parent', 'example_external_task_marker_child']) retrieved from /usr/local/lib/python3.10/dist-packages/airflow/example_dags/example_external_task_marker_dag.py
[2023-12-06T19:05:12.136+0000] {logging_mixin.py:154} INFO - [2023-12-06T19:05:12.136+0000] {dag.py:2941} INFO - Sync 2 DAGs
[2023-12-06T19:05:12.149+0000] {logging_mixin.py:154} INFO - [2023-12-06T19:05:12.148+0000] {dag.py:3722} INFO - Setting next_dagrun for example_external_task_marker_child to None, run_after=None
[2023-12-06T19:05:12.152+0000] {logging_mixin.py:154} INFO - [2023-12-06T19:05:12.152+0000] {dag.py:3722} INFO - Setting next_dagrun for example_external_task_marker_parent to None, run_after=None
[2023-12-06T19:05:12.174+0000] {processor.py:179} INFO - Processing /usr/local/lib/python3.10/dist-packages/airflow/example_dags/example_external_task_marker_dag.py took 0.073 seconds
[2023-12-06T19:06:02.027+0000] {processor.py:157} INFO - Started process (PID=6925) to work on /usr/local/lib/python3.10/dist-packages/airflow/example_dags/example_external_task_marker_dag.py
[2023-12-06T19:06:02.029+0000] {processor.py:829} INFO - Processing file /usr/local/lib/python3.10/dist-packages/airflow/example_dags/example_external_task_marker_dag.py for tasks to queue
[2023-12-06T19:06:02.031+0000] {logging_mixin.py:154} INFO - [2023-12-06T19:06:02.030+0000] {dagbag.py:536} INFO - Filling up the DagBag from /usr/local/lib/python3.10/dist-packages/airflow/example_dags/example_external_task_marker_dag.py
[2023-12-06T19:06:02.038+0000] {processor.py:839} INFO - DAG(s) dict_keys(['example_external_task_marker_child', 'example_external_task_marker_parent']) retrieved from /usr/local/lib/python3.10/dist-packages/airflow/example_dags/example_external_task_marker_dag.py
[2023-12-06T19:06:02.062+0000] {logging_mixin.py:154} INFO - [2023-12-06T19:06:02.062+0000] {dag.py:2941} INFO - Sync 2 DAGs
[2023-12-06T19:06:02.076+0000] {logging_mixin.py:154} INFO - [2023-12-06T19:06:02.076+0000] {dag.py:3722} INFO - Setting next_dagrun for example_external_task_marker_child to None, run_after=None
[2023-12-06T19:06:02.080+0000] {logging_mixin.py:154} INFO - [2023-12-06T19:06:02.080+0000] {dag.py:3722} INFO - Setting next_dagrun for example_external_task_marker_parent to None, run_after=None
[2023-12-06T19:06:02.113+0000] {processor.py:179} INFO - Processing /usr/local/lib/python3.10/dist-packages/airflow/example_dags/example_external_task_marker_dag.py took 0.090 seconds
[2023-12-06T19:06:48.468+0000] {processor.py:157} INFO - Started process (PID=6973) to work on /usr/local/lib/python3.10/dist-packages/airflow/example_dags/example_external_task_marker_dag.py
[2023-12-06T19:06:48.470+0000] {processor.py:829} INFO - Processing file /usr/local/lib/python3.10/dist-packages/airflow/example_dags/example_external_task_marker_dag.py for tasks to queue
[2023-12-06T19:06:48.471+0000] {logging_mixin.py:154} INFO - [2023-12-06T19:06:48.471+0000] {dagbag.py:536} INFO - Filling up the DagBag from /usr/local/lib/python3.10/dist-packages/airflow/example_dags/example_external_task_marker_dag.py
[2023-12-06T19:06:48.478+0000] {processor.py:839} INFO - DAG(s) dict_keys(['example_external_task_marker_child', 'example_external_task_marker_parent']) retrieved from /usr/local/lib/python3.10/dist-packages/airflow/example_dags/example_external_task_marker_dag.py
[2023-12-06T19:06:48.507+0000] {logging_mixin.py:154} INFO - [2023-12-06T19:06:48.507+0000] {dag.py:2941} INFO - Sync 2 DAGs
[2023-12-06T19:06:48.520+0000] {logging_mixin.py:154} INFO - [2023-12-06T19:06:48.519+0000] {dag.py:3722} INFO - Setting next_dagrun for example_external_task_marker_child to None, run_after=None
[2023-12-06T19:06:48.523+0000] {logging_mixin.py:154} INFO - [2023-12-06T19:06:48.523+0000] {dag.py:3722} INFO - Setting next_dagrun for example_external_task_marker_parent to None, run_after=None
[2023-12-06T19:06:48.546+0000] {processor.py:179} INFO - Processing /usr/local/lib/python3.10/dist-packages/airflow/example_dags/example_external_task_marker_dag.py took 0.082 seconds
[2023-12-06T19:07:37.965+0000] {processor.py:157} INFO - Started process (PID=7021) to work on /usr/local/lib/python3.10/dist-packages/airflow/example_dags/example_external_task_marker_dag.py
[2023-12-06T19:07:37.967+0000] {processor.py:829} INFO - Processing file /usr/local/lib/python3.10/dist-packages/airflow/example_dags/example_external_task_marker_dag.py for tasks to queue
[2023-12-06T19:07:37.968+0000] {logging_mixin.py:154} INFO - [2023-12-06T19:07:37.968+0000] {dagbag.py:536} INFO - Filling up the DagBag from /usr/local/lib/python3.10/dist-packages/airflow/example_dags/example_external_task_marker_dag.py
[2023-12-06T19:07:37.975+0000] {processor.py:839} INFO - DAG(s) dict_keys(['example_external_task_marker_child', 'example_external_task_marker_parent']) retrieved from /usr/local/lib/python3.10/dist-packages/airflow/example_dags/example_external_task_marker_dag.py
[2023-12-06T19:07:37.998+0000] {logging_mixin.py:154} INFO - [2023-12-06T19:07:37.998+0000] {dag.py:2941} INFO - Sync 2 DAGs
[2023-12-06T19:07:38.011+0000] {logging_mixin.py:154} INFO - [2023-12-06T19:07:38.011+0000] {dag.py:3722} INFO - Setting next_dagrun for example_external_task_marker_child to None, run_after=None
[2023-12-06T19:07:38.014+0000] {logging_mixin.py:154} INFO - [2023-12-06T19:07:38.014+0000] {dag.py:3722} INFO - Setting next_dagrun for example_external_task_marker_parent to None, run_after=None
[2023-12-06T19:07:38.036+0000] {processor.py:179} INFO - Processing /usr/local/lib/python3.10/dist-packages/airflow/example_dags/example_external_task_marker_dag.py took 0.074 seconds
