[2023-12-06T18:22:20.880+0000] {processor.py:157} INFO - Started process (PID=3695) to work on /usr/local/lib/python3.10/dist-packages/airflow/example_dags/example_params_ui_tutorial.py
[2023-12-06T18:22:20.880+0000] {processor.py:829} INFO - Processing file /usr/local/lib/python3.10/dist-packages/airflow/example_dags/example_params_ui_tutorial.py for tasks to queue
[2023-12-06T18:22:20.881+0000] {logging_mixin.py:154} INFO - [2023-12-06T18:22:20.881+0000] {dagbag.py:536} INFO - Filling up the DagBag from /usr/local/lib/python3.10/dist-packages/airflow/example_dags/example_params_ui_tutorial.py
[2023-12-06T18:22:20.925+0000] {processor.py:839} INFO - DAG(s) dict_keys(['example_params_ui_tutorial']) retrieved from /usr/local/lib/python3.10/dist-packages/airflow/example_dags/example_params_ui_tutorial.py
[2023-12-06T18:22:21.073+0000] {logging_mixin.py:154} INFO - [2023-12-06T18:22:21.072+0000] {manager.py:499} INFO - Created Permission View: %s
[2023-12-06T18:22:21.088+0000] {logging_mixin.py:154} INFO - [2023-12-06T18:22:21.088+0000] {manager.py:499} INFO - Created Permission View: %s
[2023-12-06T18:22:21.100+0000] {logging_mixin.py:154} INFO - [2023-12-06T18:22:21.100+0000] {manager.py:499} INFO - Created Permission View: %s
[2023-12-06T18:22:21.101+0000] {logging_mixin.py:154} INFO - [2023-12-06T18:22:21.100+0000] {dag.py:2941} INFO - Sync 1 DAGs
[2023-12-06T18:22:21.111+0000] {logging_mixin.py:154} INFO - [2023-12-06T18:22:21.111+0000] {dag.py:2963} INFO - Creating ORM DAG for example_params_ui_tutorial
[2023-12-06T18:22:21.112+0000] {logging_mixin.py:154} INFO - [2023-12-06T18:22:21.112+0000] {dag.py:3722} INFO - Setting next_dagrun for example_params_ui_tutorial to None, run_after=None
[2023-12-06T18:22:21.139+0000] {processor.py:179} INFO - Processing /usr/local/lib/python3.10/dist-packages/airflow/example_dags/example_params_ui_tutorial.py took 0.263 seconds
[2023-12-06T18:23:08.682+0000] {processor.py:157} INFO - Started process (PID=3746) to work on /usr/local/lib/python3.10/dist-packages/airflow/example_dags/example_params_ui_tutorial.py
[2023-12-06T18:23:08.684+0000] {processor.py:829} INFO - Processing file /usr/local/lib/python3.10/dist-packages/airflow/example_dags/example_params_ui_tutorial.py for tasks to queue
[2023-12-06T18:23:08.685+0000] {logging_mixin.py:154} INFO - [2023-12-06T18:23:08.684+0000] {dagbag.py:536} INFO - Filling up the DagBag from /usr/local/lib/python3.10/dist-packages/airflow/example_dags/example_params_ui_tutorial.py
[2023-12-06T18:23:08.717+0000] {processor.py:839} INFO - DAG(s) dict_keys(['example_params_ui_tutorial']) retrieved from /usr/local/lib/python3.10/dist-packages/airflow/example_dags/example_params_ui_tutorial.py
[2023-12-06T18:23:08.768+0000] {logging_mixin.py:154} INFO - [2023-12-06T18:23:08.767+0000] {dag.py:2941} INFO - Sync 1 DAGs
[2023-12-06T18:23:08.780+0000] {logging_mixin.py:154} INFO - [2023-12-06T18:23:08.780+0000] {dag.py:3722} INFO - Setting next_dagrun for example_params_ui_tutorial to None, run_after=None
[2023-12-06T18:23:08.804+0000] {processor.py:179} INFO - Processing /usr/local/lib/python3.10/dist-packages/airflow/example_dags/example_params_ui_tutorial.py took 0.126 seconds
[2023-12-06T18:23:57.581+0000] {processor.py:157} INFO - Started process (PID=3796) to work on /usr/local/lib/python3.10/dist-packages/airflow/example_dags/example_params_ui_tutorial.py
[2023-12-06T18:23:57.583+0000] {processor.py:829} INFO - Processing file /usr/local/lib/python3.10/dist-packages/airflow/example_dags/example_params_ui_tutorial.py for tasks to queue
[2023-12-06T18:23:57.584+0000] {logging_mixin.py:154} INFO - [2023-12-06T18:23:57.583+0000] {dagbag.py:536} INFO - Filling up the DagBag from /usr/local/lib/python3.10/dist-packages/airflow/example_dags/example_params_ui_tutorial.py
[2023-12-06T18:23:57.616+0000] {processor.py:839} INFO - DAG(s) dict_keys(['example_params_ui_tutorial']) retrieved from /usr/local/lib/python3.10/dist-packages/airflow/example_dags/example_params_ui_tutorial.py
[2023-12-06T18:23:57.664+0000] {logging_mixin.py:154} INFO - [2023-12-06T18:23:57.664+0000] {dag.py:2941} INFO - Sync 1 DAGs
[2023-12-06T18:23:57.676+0000] {logging_mixin.py:154} INFO - [2023-12-06T18:23:57.676+0000] {dag.py:3722} INFO - Setting next_dagrun for example_params_ui_tutorial to None, run_after=None
[2023-12-06T18:23:57.697+0000] {processor.py:179} INFO - Processing /usr/local/lib/python3.10/dist-packages/airflow/example_dags/example_params_ui_tutorial.py took 0.120 seconds
[2023-12-06T18:24:47.258+0000] {processor.py:157} INFO - Started process (PID=3847) to work on /usr/local/lib/python3.10/dist-packages/airflow/example_dags/example_params_ui_tutorial.py
[2023-12-06T18:24:47.259+0000] {processor.py:829} INFO - Processing file /usr/local/lib/python3.10/dist-packages/airflow/example_dags/example_params_ui_tutorial.py for tasks to queue
[2023-12-06T18:24:47.260+0000] {logging_mixin.py:154} INFO - [2023-12-06T18:24:47.260+0000] {dagbag.py:536} INFO - Filling up the DagBag from /usr/local/lib/python3.10/dist-packages/airflow/example_dags/example_params_ui_tutorial.py
[2023-12-06T18:24:47.304+0000] {processor.py:839} INFO - DAG(s) dict_keys(['example_params_ui_tutorial']) retrieved from /usr/local/lib/python3.10/dist-packages/airflow/example_dags/example_params_ui_tutorial.py
[2023-12-06T18:24:47.353+0000] {logging_mixin.py:154} INFO - [2023-12-06T18:24:47.352+0000] {dag.py:2941} INFO - Sync 1 DAGs
[2023-12-06T18:24:47.364+0000] {logging_mixin.py:154} INFO - [2023-12-06T18:24:47.364+0000] {dag.py:3722} INFO - Setting next_dagrun for example_params_ui_tutorial to None, run_after=None
[2023-12-06T18:24:47.386+0000] {processor.py:179} INFO - Processing /usr/local/lib/python3.10/dist-packages/airflow/example_dags/example_params_ui_tutorial.py took 0.131 seconds
[2023-12-06T18:25:33.367+0000] {processor.py:157} INFO - Started process (PID=3898) to work on /usr/local/lib/python3.10/dist-packages/airflow/example_dags/example_params_ui_tutorial.py
[2023-12-06T18:25:33.368+0000] {processor.py:829} INFO - Processing file /usr/local/lib/python3.10/dist-packages/airflow/example_dags/example_params_ui_tutorial.py for tasks to queue
[2023-12-06T18:25:33.369+0000] {logging_mixin.py:154} INFO - [2023-12-06T18:25:33.369+0000] {dagbag.py:536} INFO - Filling up the DagBag from /usr/local/lib/python3.10/dist-packages/airflow/example_dags/example_params_ui_tutorial.py
[2023-12-06T18:25:33.401+0000] {processor.py:839} INFO - DAG(s) dict_keys(['example_params_ui_tutorial']) retrieved from /usr/local/lib/python3.10/dist-packages/airflow/example_dags/example_params_ui_tutorial.py
[2023-12-06T18:25:33.451+0000] {logging_mixin.py:154} INFO - [2023-12-06T18:25:33.451+0000] {dag.py:2941} INFO - Sync 1 DAGs
[2023-12-06T18:25:33.463+0000] {logging_mixin.py:154} INFO - [2023-12-06T18:25:33.463+0000] {dag.py:3722} INFO - Setting next_dagrun for example_params_ui_tutorial to None, run_after=None
[2023-12-06T18:25:33.494+0000] {processor.py:179} INFO - Processing /usr/local/lib/python3.10/dist-packages/airflow/example_dags/example_params_ui_tutorial.py took 0.131 seconds
[2023-12-06T18:26:18.410+0000] {processor.py:157} INFO - Started process (PID=3944) to work on /usr/local/lib/python3.10/dist-packages/airflow/example_dags/example_params_ui_tutorial.py
[2023-12-06T18:26:18.412+0000] {processor.py:829} INFO - Processing file /usr/local/lib/python3.10/dist-packages/airflow/example_dags/example_params_ui_tutorial.py for tasks to queue
[2023-12-06T18:26:18.413+0000] {logging_mixin.py:154} INFO - [2023-12-06T18:26:18.412+0000] {dagbag.py:536} INFO - Filling up the DagBag from /usr/local/lib/python3.10/dist-packages/airflow/example_dags/example_params_ui_tutorial.py
[2023-12-06T18:26:18.445+0000] {processor.py:839} INFO - DAG(s) dict_keys(['example_params_ui_tutorial']) retrieved from /usr/local/lib/python3.10/dist-packages/airflow/example_dags/example_params_ui_tutorial.py
[2023-12-06T18:26:18.499+0000] {logging_mixin.py:154} INFO - [2023-12-06T18:26:18.499+0000] {dag.py:2941} INFO - Sync 1 DAGs
[2023-12-06T18:26:18.511+0000] {logging_mixin.py:154} INFO - [2023-12-06T18:26:18.511+0000] {dag.py:3722} INFO - Setting next_dagrun for example_params_ui_tutorial to None, run_after=None
[2023-12-06T18:26:18.533+0000] {processor.py:179} INFO - Processing /usr/local/lib/python3.10/dist-packages/airflow/example_dags/example_params_ui_tutorial.py took 0.126 seconds
[2023-12-06T18:27:05.754+0000] {processor.py:157} INFO - Started process (PID=3993) to work on /usr/local/lib/python3.10/dist-packages/airflow/example_dags/example_params_ui_tutorial.py
[2023-12-06T18:27:05.756+0000] {processor.py:829} INFO - Processing file /usr/local/lib/python3.10/dist-packages/airflow/example_dags/example_params_ui_tutorial.py for tasks to queue
[2023-12-06T18:27:05.756+0000] {logging_mixin.py:154} INFO - [2023-12-06T18:27:05.756+0000] {dagbag.py:536} INFO - Filling up the DagBag from /usr/local/lib/python3.10/dist-packages/airflow/example_dags/example_params_ui_tutorial.py
[2023-12-06T18:27:05.790+0000] {processor.py:839} INFO - DAG(s) dict_keys(['example_params_ui_tutorial']) retrieved from /usr/local/lib/python3.10/dist-packages/airflow/example_dags/example_params_ui_tutorial.py
[2023-12-06T18:27:05.840+0000] {logging_mixin.py:154} INFO - [2023-12-06T18:27:05.840+0000] {dag.py:2941} INFO - Sync 1 DAGs
[2023-12-06T18:27:05.860+0000] {logging_mixin.py:154} INFO - [2023-12-06T18:27:05.860+0000] {dag.py:3722} INFO - Setting next_dagrun for example_params_ui_tutorial to None, run_after=None
[2023-12-06T18:27:05.884+0000] {processor.py:179} INFO - Processing /usr/local/lib/python3.10/dist-packages/airflow/example_dags/example_params_ui_tutorial.py took 0.133 seconds
[2023-12-06T18:27:48.267+0000] {processor.py:157} INFO - Started process (PID=4039) to work on /usr/local/lib/python3.10/dist-packages/airflow/example_dags/example_params_ui_tutorial.py
[2023-12-06T18:27:48.268+0000] {processor.py:829} INFO - Processing file /usr/local/lib/python3.10/dist-packages/airflow/example_dags/example_params_ui_tutorial.py for tasks to queue
[2023-12-06T18:27:48.269+0000] {logging_mixin.py:154} INFO - [2023-12-06T18:27:48.269+0000] {dagbag.py:536} INFO - Filling up the DagBag from /usr/local/lib/python3.10/dist-packages/airflow/example_dags/example_params_ui_tutorial.py
[2023-12-06T18:27:48.302+0000] {processor.py:839} INFO - DAG(s) dict_keys(['example_params_ui_tutorial']) retrieved from /usr/local/lib/python3.10/dist-packages/airflow/example_dags/example_params_ui_tutorial.py
[2023-12-06T18:27:48.351+0000] {logging_mixin.py:154} INFO - [2023-12-06T18:27:48.351+0000] {dag.py:2941} INFO - Sync 1 DAGs
[2023-12-06T18:27:48.364+0000] {logging_mixin.py:154} INFO - [2023-12-06T18:27:48.363+0000] {dag.py:3722} INFO - Setting next_dagrun for example_params_ui_tutorial to None, run_after=None
[2023-12-06T18:27:48.386+0000] {processor.py:179} INFO - Processing /usr/local/lib/python3.10/dist-packages/airflow/example_dags/example_params_ui_tutorial.py took 0.122 seconds
[2023-12-06T18:28:34.539+0000] {processor.py:157} INFO - Started process (PID=4085) to work on /usr/local/lib/python3.10/dist-packages/airflow/example_dags/example_params_ui_tutorial.py
[2023-12-06T18:28:34.541+0000] {processor.py:829} INFO - Processing file /usr/local/lib/python3.10/dist-packages/airflow/example_dags/example_params_ui_tutorial.py for tasks to queue
[2023-12-06T18:28:34.542+0000] {logging_mixin.py:154} INFO - [2023-12-06T18:28:34.541+0000] {dagbag.py:536} INFO - Filling up the DagBag from /usr/local/lib/python3.10/dist-packages/airflow/example_dags/example_params_ui_tutorial.py
[2023-12-06T18:28:34.574+0000] {processor.py:839} INFO - DAG(s) dict_keys(['example_params_ui_tutorial']) retrieved from /usr/local/lib/python3.10/dist-packages/airflow/example_dags/example_params_ui_tutorial.py
[2023-12-06T18:28:34.624+0000] {logging_mixin.py:154} INFO - [2023-12-06T18:28:34.624+0000] {dag.py:2941} INFO - Sync 1 DAGs
[2023-12-06T18:28:34.636+0000] {logging_mixin.py:154} INFO - [2023-12-06T18:28:34.636+0000] {dag.py:3722} INFO - Setting next_dagrun for example_params_ui_tutorial to None, run_after=None
[2023-12-06T18:28:34.659+0000] {processor.py:179} INFO - Processing /usr/local/lib/python3.10/dist-packages/airflow/example_dags/example_params_ui_tutorial.py took 0.124 seconds
[2023-12-06T18:29:22.708+0000] {processor.py:157} INFO - Started process (PID=4136) to work on /usr/local/lib/python3.10/dist-packages/airflow/example_dags/example_params_ui_tutorial.py
[2023-12-06T18:29:22.710+0000] {processor.py:829} INFO - Processing file /usr/local/lib/python3.10/dist-packages/airflow/example_dags/example_params_ui_tutorial.py for tasks to queue
[2023-12-06T18:29:22.711+0000] {logging_mixin.py:154} INFO - [2023-12-06T18:29:22.710+0000] {dagbag.py:536} INFO - Filling up the DagBag from /usr/local/lib/python3.10/dist-packages/airflow/example_dags/example_params_ui_tutorial.py
[2023-12-06T18:29:22.743+0000] {processor.py:839} INFO - DAG(s) dict_keys(['example_params_ui_tutorial']) retrieved from /usr/local/lib/python3.10/dist-packages/airflow/example_dags/example_params_ui_tutorial.py
[2023-12-06T18:29:22.793+0000] {logging_mixin.py:154} INFO - [2023-12-06T18:29:22.793+0000] {dag.py:2941} INFO - Sync 1 DAGs
[2023-12-06T18:29:22.805+0000] {logging_mixin.py:154} INFO - [2023-12-06T18:29:22.805+0000] {dag.py:3722} INFO - Setting next_dagrun for example_params_ui_tutorial to None, run_after=None
[2023-12-06T18:29:22.831+0000] {processor.py:179} INFO - Processing /usr/local/lib/python3.10/dist-packages/airflow/example_dags/example_params_ui_tutorial.py took 0.127 seconds
[2023-12-06T18:30:09.405+0000] {processor.py:157} INFO - Started process (PID=4185) to work on /usr/local/lib/python3.10/dist-packages/airflow/example_dags/example_params_ui_tutorial.py
[2023-12-06T18:30:09.407+0000] {processor.py:829} INFO - Processing file /usr/local/lib/python3.10/dist-packages/airflow/example_dags/example_params_ui_tutorial.py for tasks to queue
[2023-12-06T18:30:09.408+0000] {logging_mixin.py:154} INFO - [2023-12-06T18:30:09.407+0000] {dagbag.py:536} INFO - Filling up the DagBag from /usr/local/lib/python3.10/dist-packages/airflow/example_dags/example_params_ui_tutorial.py
[2023-12-06T18:30:09.441+0000] {processor.py:839} INFO - DAG(s) dict_keys(['example_params_ui_tutorial']) retrieved from /usr/local/lib/python3.10/dist-packages/airflow/example_dags/example_params_ui_tutorial.py
[2023-12-06T18:30:09.492+0000] {logging_mixin.py:154} INFO - [2023-12-06T18:30:09.492+0000] {dag.py:2941} INFO - Sync 1 DAGs
[2023-12-06T18:30:09.504+0000] {logging_mixin.py:154} INFO - [2023-12-06T18:30:09.504+0000] {dag.py:3722} INFO - Setting next_dagrun for example_params_ui_tutorial to None, run_after=None
[2023-12-06T18:30:09.527+0000] {processor.py:179} INFO - Processing /usr/local/lib/python3.10/dist-packages/airflow/example_dags/example_params_ui_tutorial.py took 0.126 seconds
[2023-12-06T18:30:54.791+0000] {processor.py:157} INFO - Started process (PID=4233) to work on /usr/local/lib/python3.10/dist-packages/airflow/example_dags/example_params_ui_tutorial.py
[2023-12-06T18:30:54.793+0000] {processor.py:829} INFO - Processing file /usr/local/lib/python3.10/dist-packages/airflow/example_dags/example_params_ui_tutorial.py for tasks to queue
[2023-12-06T18:30:54.794+0000] {logging_mixin.py:154} INFO - [2023-12-06T18:30:54.793+0000] {dagbag.py:536} INFO - Filling up the DagBag from /usr/local/lib/python3.10/dist-packages/airflow/example_dags/example_params_ui_tutorial.py
[2023-12-06T18:30:54.826+0000] {processor.py:839} INFO - DAG(s) dict_keys(['example_params_ui_tutorial']) retrieved from /usr/local/lib/python3.10/dist-packages/airflow/example_dags/example_params_ui_tutorial.py
[2023-12-06T18:30:54.887+0000] {logging_mixin.py:154} INFO - [2023-12-06T18:30:54.886+0000] {dag.py:2941} INFO - Sync 1 DAGs
[2023-12-06T18:30:54.900+0000] {logging_mixin.py:154} INFO - [2023-12-06T18:30:54.899+0000] {dag.py:3722} INFO - Setting next_dagrun for example_params_ui_tutorial to None, run_after=None
[2023-12-06T18:30:54.925+0000] {processor.py:179} INFO - Processing /usr/local/lib/python3.10/dist-packages/airflow/example_dags/example_params_ui_tutorial.py took 0.138 seconds
[2023-12-06T18:31:40.476+0000] {processor.py:157} INFO - Started process (PID=4279) to work on /usr/local/lib/python3.10/dist-packages/airflow/example_dags/example_params_ui_tutorial.py
[2023-12-06T18:31:40.477+0000] {processor.py:829} INFO - Processing file /usr/local/lib/python3.10/dist-packages/airflow/example_dags/example_params_ui_tutorial.py for tasks to queue
[2023-12-06T18:31:40.478+0000] {logging_mixin.py:154} INFO - [2023-12-06T18:31:40.477+0000] {dagbag.py:536} INFO - Filling up the DagBag from /usr/local/lib/python3.10/dist-packages/airflow/example_dags/example_params_ui_tutorial.py
[2023-12-06T18:31:40.510+0000] {processor.py:839} INFO - DAG(s) dict_keys(['example_params_ui_tutorial']) retrieved from /usr/local/lib/python3.10/dist-packages/airflow/example_dags/example_params_ui_tutorial.py
[2023-12-06T18:31:40.559+0000] {logging_mixin.py:154} INFO - [2023-12-06T18:31:40.559+0000] {dag.py:2941} INFO - Sync 1 DAGs
[2023-12-06T18:31:40.571+0000] {logging_mixin.py:154} INFO - [2023-12-06T18:31:40.571+0000] {dag.py:3722} INFO - Setting next_dagrun for example_params_ui_tutorial to None, run_after=None
[2023-12-06T18:31:40.605+0000] {processor.py:179} INFO - Processing /usr/local/lib/python3.10/dist-packages/airflow/example_dags/example_params_ui_tutorial.py took 0.133 seconds
[2023-12-06T18:32:21.742+0000] {processor.py:157} INFO - Started process (PID=4324) to work on /usr/local/lib/python3.10/dist-packages/airflow/example_dags/example_params_ui_tutorial.py
[2023-12-06T18:32:21.744+0000] {processor.py:829} INFO - Processing file /usr/local/lib/python3.10/dist-packages/airflow/example_dags/example_params_ui_tutorial.py for tasks to queue
[2023-12-06T18:32:21.745+0000] {logging_mixin.py:154} INFO - [2023-12-06T18:32:21.745+0000] {dagbag.py:536} INFO - Filling up the DagBag from /usr/local/lib/python3.10/dist-packages/airflow/example_dags/example_params_ui_tutorial.py
[2023-12-06T18:32:21.778+0000] {processor.py:839} INFO - DAG(s) dict_keys(['example_params_ui_tutorial']) retrieved from /usr/local/lib/python3.10/dist-packages/airflow/example_dags/example_params_ui_tutorial.py
[2023-12-06T18:32:21.828+0000] {logging_mixin.py:154} INFO - [2023-12-06T18:32:21.828+0000] {dag.py:2941} INFO - Sync 1 DAGs
[2023-12-06T18:32:21.840+0000] {logging_mixin.py:154} INFO - [2023-12-06T18:32:21.840+0000] {dag.py:3722} INFO - Setting next_dagrun for example_params_ui_tutorial to None, run_after=None
[2023-12-06T18:32:21.865+0000] {processor.py:179} INFO - Processing /usr/local/lib/python3.10/dist-packages/airflow/example_dags/example_params_ui_tutorial.py took 0.126 seconds
[2023-12-06T18:33:08.270+0000] {processor.py:157} INFO - Started process (PID=4371) to work on /usr/local/lib/python3.10/dist-packages/airflow/example_dags/example_params_ui_tutorial.py
[2023-12-06T18:33:08.271+0000] {processor.py:829} INFO - Processing file /usr/local/lib/python3.10/dist-packages/airflow/example_dags/example_params_ui_tutorial.py for tasks to queue
[2023-12-06T18:33:08.272+0000] {logging_mixin.py:154} INFO - [2023-12-06T18:33:08.272+0000] {dagbag.py:536} INFO - Filling up the DagBag from /usr/local/lib/python3.10/dist-packages/airflow/example_dags/example_params_ui_tutorial.py
[2023-12-06T18:33:08.304+0000] {processor.py:839} INFO - DAG(s) dict_keys(['example_params_ui_tutorial']) retrieved from /usr/local/lib/python3.10/dist-packages/airflow/example_dags/example_params_ui_tutorial.py
[2023-12-06T18:33:08.354+0000] {logging_mixin.py:154} INFO - [2023-12-06T18:33:08.353+0000] {dag.py:2941} INFO - Sync 1 DAGs
[2023-12-06T18:33:08.366+0000] {logging_mixin.py:154} INFO - [2023-12-06T18:33:08.366+0000] {dag.py:3722} INFO - Setting next_dagrun for example_params_ui_tutorial to None, run_after=None
[2023-12-06T18:33:08.391+0000] {processor.py:179} INFO - Processing /usr/local/lib/python3.10/dist-packages/airflow/example_dags/example_params_ui_tutorial.py took 0.125 seconds
[2023-12-06T18:33:55.370+0000] {processor.py:157} INFO - Started process (PID=4419) to work on /usr/local/lib/python3.10/dist-packages/airflow/example_dags/example_params_ui_tutorial.py
[2023-12-06T18:33:55.371+0000] {processor.py:829} INFO - Processing file /usr/local/lib/python3.10/dist-packages/airflow/example_dags/example_params_ui_tutorial.py for tasks to queue
[2023-12-06T18:33:55.372+0000] {logging_mixin.py:154} INFO - [2023-12-06T18:33:55.372+0000] {dagbag.py:536} INFO - Filling up the DagBag from /usr/local/lib/python3.10/dist-packages/airflow/example_dags/example_params_ui_tutorial.py
[2023-12-06T18:33:55.404+0000] {processor.py:839} INFO - DAG(s) dict_keys(['example_params_ui_tutorial']) retrieved from /usr/local/lib/python3.10/dist-packages/airflow/example_dags/example_params_ui_tutorial.py
[2023-12-06T18:33:55.454+0000] {logging_mixin.py:154} INFO - [2023-12-06T18:33:55.454+0000] {dag.py:2941} INFO - Sync 1 DAGs
[2023-12-06T18:33:55.466+0000] {logging_mixin.py:154} INFO - [2023-12-06T18:33:55.465+0000] {dag.py:3722} INFO - Setting next_dagrun for example_params_ui_tutorial to None, run_after=None
[2023-12-06T18:33:55.489+0000] {processor.py:179} INFO - Processing /usr/local/lib/python3.10/dist-packages/airflow/example_dags/example_params_ui_tutorial.py took 0.122 seconds
[2023-12-06T18:34:43.835+0000] {processor.py:157} INFO - Started process (PID=4468) to work on /usr/local/lib/python3.10/dist-packages/airflow/example_dags/example_params_ui_tutorial.py
[2023-12-06T18:34:43.838+0000] {processor.py:829} INFO - Processing file /usr/local/lib/python3.10/dist-packages/airflow/example_dags/example_params_ui_tutorial.py for tasks to queue
[2023-12-06T18:34:43.839+0000] {logging_mixin.py:154} INFO - [2023-12-06T18:34:43.838+0000] {dagbag.py:536} INFO - Filling up the DagBag from /usr/local/lib/python3.10/dist-packages/airflow/example_dags/example_params_ui_tutorial.py
[2023-12-06T18:34:43.871+0000] {processor.py:839} INFO - DAG(s) dict_keys(['example_params_ui_tutorial']) retrieved from /usr/local/lib/python3.10/dist-packages/airflow/example_dags/example_params_ui_tutorial.py
[2023-12-06T18:34:43.920+0000] {logging_mixin.py:154} INFO - [2023-12-06T18:34:43.919+0000] {dag.py:2941} INFO - Sync 1 DAGs
[2023-12-06T18:34:43.932+0000] {logging_mixin.py:154} INFO - [2023-12-06T18:34:43.931+0000] {dag.py:3722} INFO - Setting next_dagrun for example_params_ui_tutorial to None, run_after=None
[2023-12-06T18:34:43.954+0000] {processor.py:179} INFO - Processing /usr/local/lib/python3.10/dist-packages/airflow/example_dags/example_params_ui_tutorial.py took 0.123 seconds
[2023-12-06T18:35:30.273+0000] {processor.py:157} INFO - Started process (PID=4516) to work on /usr/local/lib/python3.10/dist-packages/airflow/example_dags/example_params_ui_tutorial.py
[2023-12-06T18:35:30.274+0000] {processor.py:829} INFO - Processing file /usr/local/lib/python3.10/dist-packages/airflow/example_dags/example_params_ui_tutorial.py for tasks to queue
[2023-12-06T18:35:30.275+0000] {logging_mixin.py:154} INFO - [2023-12-06T18:35:30.275+0000] {dagbag.py:536} INFO - Filling up the DagBag from /usr/local/lib/python3.10/dist-packages/airflow/example_dags/example_params_ui_tutorial.py
[2023-12-06T18:35:30.307+0000] {processor.py:839} INFO - DAG(s) dict_keys(['example_params_ui_tutorial']) retrieved from /usr/local/lib/python3.10/dist-packages/airflow/example_dags/example_params_ui_tutorial.py
[2023-12-06T18:35:30.357+0000] {logging_mixin.py:154} INFO - [2023-12-06T18:35:30.357+0000] {dag.py:2941} INFO - Sync 1 DAGs
[2023-12-06T18:35:30.369+0000] {logging_mixin.py:154} INFO - [2023-12-06T18:35:30.369+0000] {dag.py:3722} INFO - Setting next_dagrun for example_params_ui_tutorial to None, run_after=None
[2023-12-06T18:35:30.391+0000] {processor.py:179} INFO - Processing /usr/local/lib/python3.10/dist-packages/airflow/example_dags/example_params_ui_tutorial.py took 0.122 seconds
[2023-12-06T18:36:14.103+0000] {processor.py:157} INFO - Started process (PID=4562) to work on /usr/local/lib/python3.10/dist-packages/airflow/example_dags/example_params_ui_tutorial.py
[2023-12-06T18:36:14.105+0000] {processor.py:829} INFO - Processing file /usr/local/lib/python3.10/dist-packages/airflow/example_dags/example_params_ui_tutorial.py for tasks to queue
[2023-12-06T18:36:14.106+0000] {logging_mixin.py:154} INFO - [2023-12-06T18:36:14.105+0000] {dagbag.py:536} INFO - Filling up the DagBag from /usr/local/lib/python3.10/dist-packages/airflow/example_dags/example_params_ui_tutorial.py
[2023-12-06T18:36:14.139+0000] {processor.py:839} INFO - DAG(s) dict_keys(['example_params_ui_tutorial']) retrieved from /usr/local/lib/python3.10/dist-packages/airflow/example_dags/example_params_ui_tutorial.py
[2023-12-06T18:36:14.189+0000] {logging_mixin.py:154} INFO - [2023-12-06T18:36:14.189+0000] {dag.py:2941} INFO - Sync 1 DAGs
[2023-12-06T18:36:14.202+0000] {logging_mixin.py:154} INFO - [2023-12-06T18:36:14.202+0000] {dag.py:3722} INFO - Setting next_dagrun for example_params_ui_tutorial to None, run_after=None
[2023-12-06T18:36:14.226+0000] {processor.py:179} INFO - Processing /usr/local/lib/python3.10/dist-packages/airflow/example_dags/example_params_ui_tutorial.py took 0.127 seconds
[2023-12-06T18:37:02.170+0000] {processor.py:157} INFO - Started process (PID=4611) to work on /usr/local/lib/python3.10/dist-packages/airflow/example_dags/example_params_ui_tutorial.py
[2023-12-06T18:37:02.172+0000] {processor.py:829} INFO - Processing file /usr/local/lib/python3.10/dist-packages/airflow/example_dags/example_params_ui_tutorial.py for tasks to queue
[2023-12-06T18:37:02.173+0000] {logging_mixin.py:154} INFO - [2023-12-06T18:37:02.173+0000] {dagbag.py:536} INFO - Filling up the DagBag from /usr/local/lib/python3.10/dist-packages/airflow/example_dags/example_params_ui_tutorial.py
[2023-12-06T18:37:02.209+0000] {processor.py:839} INFO - DAG(s) dict_keys(['example_params_ui_tutorial']) retrieved from /usr/local/lib/python3.10/dist-packages/airflow/example_dags/example_params_ui_tutorial.py
[2023-12-06T18:37:02.260+0000] {logging_mixin.py:154} INFO - [2023-12-06T18:37:02.260+0000] {dag.py:2941} INFO - Sync 1 DAGs
[2023-12-06T18:37:02.273+0000] {logging_mixin.py:154} INFO - [2023-12-06T18:37:02.273+0000] {dag.py:3722} INFO - Setting next_dagrun for example_params_ui_tutorial to None, run_after=None
[2023-12-06T18:37:02.312+0000] {processor.py:179} INFO - Processing /usr/local/lib/python3.10/dist-packages/airflow/example_dags/example_params_ui_tutorial.py took 0.146 seconds
[2023-12-06T18:37:46.702+0000] {processor.py:157} INFO - Started process (PID=4658) to work on /usr/local/lib/python3.10/dist-packages/airflow/example_dags/example_params_ui_tutorial.py
[2023-12-06T18:37:46.703+0000] {processor.py:829} INFO - Processing file /usr/local/lib/python3.10/dist-packages/airflow/example_dags/example_params_ui_tutorial.py for tasks to queue
[2023-12-06T18:37:46.704+0000] {logging_mixin.py:154} INFO - [2023-12-06T18:37:46.704+0000] {dagbag.py:536} INFO - Filling up the DagBag from /usr/local/lib/python3.10/dist-packages/airflow/example_dags/example_params_ui_tutorial.py
[2023-12-06T18:37:46.737+0000] {processor.py:839} INFO - DAG(s) dict_keys(['example_params_ui_tutorial']) retrieved from /usr/local/lib/python3.10/dist-packages/airflow/example_dags/example_params_ui_tutorial.py
[2023-12-06T18:37:46.786+0000] {logging_mixin.py:154} INFO - [2023-12-06T18:37:46.786+0000] {dag.py:2941} INFO - Sync 1 DAGs
[2023-12-06T18:37:46.798+0000] {logging_mixin.py:154} INFO - [2023-12-06T18:37:46.798+0000] {dag.py:3722} INFO - Setting next_dagrun for example_params_ui_tutorial to None, run_after=None
[2023-12-06T18:37:46.876+0000] {processor.py:179} INFO - Processing /usr/local/lib/python3.10/dist-packages/airflow/example_dags/example_params_ui_tutorial.py took 0.177 seconds
[2023-12-06T18:38:34.526+0000] {processor.py:157} INFO - Started process (PID=4705) to work on /usr/local/lib/python3.10/dist-packages/airflow/example_dags/example_params_ui_tutorial.py
[2023-12-06T18:38:34.528+0000] {processor.py:829} INFO - Processing file /usr/local/lib/python3.10/dist-packages/airflow/example_dags/example_params_ui_tutorial.py for tasks to queue
[2023-12-06T18:38:34.528+0000] {logging_mixin.py:154} INFO - [2023-12-06T18:38:34.528+0000] {dagbag.py:536} INFO - Filling up the DagBag from /usr/local/lib/python3.10/dist-packages/airflow/example_dags/example_params_ui_tutorial.py
[2023-12-06T18:38:34.561+0000] {processor.py:839} INFO - DAG(s) dict_keys(['example_params_ui_tutorial']) retrieved from /usr/local/lib/python3.10/dist-packages/airflow/example_dags/example_params_ui_tutorial.py
[2023-12-06T18:38:34.611+0000] {logging_mixin.py:154} INFO - [2023-12-06T18:38:34.611+0000] {dag.py:2941} INFO - Sync 1 DAGs
[2023-12-06T18:38:34.623+0000] {logging_mixin.py:154} INFO - [2023-12-06T18:38:34.623+0000] {dag.py:3722} INFO - Setting next_dagrun for example_params_ui_tutorial to None, run_after=None
[2023-12-06T18:38:34.656+0000] {processor.py:179} INFO - Processing /usr/local/lib/python3.10/dist-packages/airflow/example_dags/example_params_ui_tutorial.py took 0.133 seconds
[2023-12-06T18:39:21.459+0000] {processor.py:157} INFO - Started process (PID=4753) to work on /usr/local/lib/python3.10/dist-packages/airflow/example_dags/example_params_ui_tutorial.py
[2023-12-06T18:39:21.461+0000] {processor.py:829} INFO - Processing file /usr/local/lib/python3.10/dist-packages/airflow/example_dags/example_params_ui_tutorial.py for tasks to queue
[2023-12-06T18:39:21.462+0000] {logging_mixin.py:154} INFO - [2023-12-06T18:39:21.462+0000] {dagbag.py:536} INFO - Filling up the DagBag from /usr/local/lib/python3.10/dist-packages/airflow/example_dags/example_params_ui_tutorial.py
[2023-12-06T18:39:21.495+0000] {processor.py:839} INFO - DAG(s) dict_keys(['example_params_ui_tutorial']) retrieved from /usr/local/lib/python3.10/dist-packages/airflow/example_dags/example_params_ui_tutorial.py
[2023-12-06T18:39:21.544+0000] {logging_mixin.py:154} INFO - [2023-12-06T18:39:21.544+0000] {dag.py:2941} INFO - Sync 1 DAGs
[2023-12-06T18:39:21.556+0000] {logging_mixin.py:154} INFO - [2023-12-06T18:39:21.556+0000] {dag.py:3722} INFO - Setting next_dagrun for example_params_ui_tutorial to None, run_after=None
[2023-12-06T18:39:21.579+0000] {processor.py:179} INFO - Processing /usr/local/lib/python3.10/dist-packages/airflow/example_dags/example_params_ui_tutorial.py took 0.123 seconds
[2023-12-06T18:40:10.430+0000] {processor.py:157} INFO - Started process (PID=4802) to work on /usr/local/lib/python3.10/dist-packages/airflow/example_dags/example_params_ui_tutorial.py
[2023-12-06T18:40:10.431+0000] {processor.py:829} INFO - Processing file /usr/local/lib/python3.10/dist-packages/airflow/example_dags/example_params_ui_tutorial.py for tasks to queue
[2023-12-06T18:40:10.432+0000] {logging_mixin.py:154} INFO - [2023-12-06T18:40:10.432+0000] {dagbag.py:536} INFO - Filling up the DagBag from /usr/local/lib/python3.10/dist-packages/airflow/example_dags/example_params_ui_tutorial.py
[2023-12-06T18:40:10.465+0000] {processor.py:839} INFO - DAG(s) dict_keys(['example_params_ui_tutorial']) retrieved from /usr/local/lib/python3.10/dist-packages/airflow/example_dags/example_params_ui_tutorial.py
[2023-12-06T18:40:10.515+0000] {logging_mixin.py:154} INFO - [2023-12-06T18:40:10.514+0000] {dag.py:2941} INFO - Sync 1 DAGs
[2023-12-06T18:40:10.527+0000] {logging_mixin.py:154} INFO - [2023-12-06T18:40:10.527+0000] {dag.py:3722} INFO - Setting next_dagrun for example_params_ui_tutorial to None, run_after=None
[2023-12-06T18:40:10.554+0000] {processor.py:179} INFO - Processing /usr/local/lib/python3.10/dist-packages/airflow/example_dags/example_params_ui_tutorial.py took 0.128 seconds
[2023-12-06T18:41:02.383+0000] {processor.py:157} INFO - Started process (PID=4854) to work on /usr/local/lib/python3.10/dist-packages/airflow/example_dags/example_params_ui_tutorial.py
[2023-12-06T18:41:02.385+0000] {processor.py:829} INFO - Processing file /usr/local/lib/python3.10/dist-packages/airflow/example_dags/example_params_ui_tutorial.py for tasks to queue
[2023-12-06T18:41:02.386+0000] {logging_mixin.py:154} INFO - [2023-12-06T18:41:02.385+0000] {dagbag.py:536} INFO - Filling up the DagBag from /usr/local/lib/python3.10/dist-packages/airflow/example_dags/example_params_ui_tutorial.py
[2023-12-06T18:41:02.420+0000] {processor.py:839} INFO - DAG(s) dict_keys(['example_params_ui_tutorial']) retrieved from /usr/local/lib/python3.10/dist-packages/airflow/example_dags/example_params_ui_tutorial.py
[2023-12-06T18:41:02.484+0000] {logging_mixin.py:154} INFO - [2023-12-06T18:41:02.484+0000] {dag.py:2941} INFO - Sync 1 DAGs
[2023-12-06T18:41:02.498+0000] {logging_mixin.py:154} INFO - [2023-12-06T18:41:02.498+0000] {dag.py:3722} INFO - Setting next_dagrun for example_params_ui_tutorial to None, run_after=None
[2023-12-06T18:41:02.523+0000] {processor.py:179} INFO - Processing /usr/local/lib/python3.10/dist-packages/airflow/example_dags/example_params_ui_tutorial.py took 0.144 seconds
[2023-12-06T18:41:50.677+0000] {processor.py:157} INFO - Started process (PID=4903) to work on /usr/local/lib/python3.10/dist-packages/airflow/example_dags/example_params_ui_tutorial.py
[2023-12-06T18:41:50.678+0000] {processor.py:829} INFO - Processing file /usr/local/lib/python3.10/dist-packages/airflow/example_dags/example_params_ui_tutorial.py for tasks to queue
[2023-12-06T18:41:50.679+0000] {logging_mixin.py:154} INFO - [2023-12-06T18:41:50.679+0000] {dagbag.py:536} INFO - Filling up the DagBag from /usr/local/lib/python3.10/dist-packages/airflow/example_dags/example_params_ui_tutorial.py
[2023-12-06T18:41:50.712+0000] {processor.py:839} INFO - DAG(s) dict_keys(['example_params_ui_tutorial']) retrieved from /usr/local/lib/python3.10/dist-packages/airflow/example_dags/example_params_ui_tutorial.py
[2023-12-06T18:41:50.761+0000] {logging_mixin.py:154} INFO - [2023-12-06T18:41:50.761+0000] {dag.py:2941} INFO - Sync 1 DAGs
[2023-12-06T18:41:50.773+0000] {logging_mixin.py:154} INFO - [2023-12-06T18:41:50.773+0000] {dag.py:3722} INFO - Setting next_dagrun for example_params_ui_tutorial to None, run_after=None
[2023-12-06T18:41:50.803+0000] {processor.py:179} INFO - Processing /usr/local/lib/python3.10/dist-packages/airflow/example_dags/example_params_ui_tutorial.py took 0.129 seconds
[2023-12-06T18:42:36.761+0000] {processor.py:157} INFO - Started process (PID=4949) to work on /usr/local/lib/python3.10/dist-packages/airflow/example_dags/example_params_ui_tutorial.py
[2023-12-06T18:42:36.763+0000] {processor.py:829} INFO - Processing file /usr/local/lib/python3.10/dist-packages/airflow/example_dags/example_params_ui_tutorial.py for tasks to queue
[2023-12-06T18:42:36.763+0000] {logging_mixin.py:154} INFO - [2023-12-06T18:42:36.763+0000] {dagbag.py:536} INFO - Filling up the DagBag from /usr/local/lib/python3.10/dist-packages/airflow/example_dags/example_params_ui_tutorial.py
[2023-12-06T18:42:36.796+0000] {processor.py:839} INFO - DAG(s) dict_keys(['example_params_ui_tutorial']) retrieved from /usr/local/lib/python3.10/dist-packages/airflow/example_dags/example_params_ui_tutorial.py
[2023-12-06T18:42:36.845+0000] {logging_mixin.py:154} INFO - [2023-12-06T18:42:36.845+0000] {dag.py:2941} INFO - Sync 1 DAGs
[2023-12-06T18:42:36.858+0000] {logging_mixin.py:154} INFO - [2023-12-06T18:42:36.857+0000] {dag.py:3722} INFO - Setting next_dagrun for example_params_ui_tutorial to None, run_after=None
[2023-12-06T18:42:36.881+0000] {processor.py:179} INFO - Processing /usr/local/lib/python3.10/dist-packages/airflow/example_dags/example_params_ui_tutorial.py took 0.123 seconds
[2023-12-06T18:43:28.888+0000] {processor.py:157} INFO - Started process (PID=5001) to work on /usr/local/lib/python3.10/dist-packages/airflow/example_dags/example_params_ui_tutorial.py
[2023-12-06T18:43:28.889+0000] {processor.py:829} INFO - Processing file /usr/local/lib/python3.10/dist-packages/airflow/example_dags/example_params_ui_tutorial.py for tasks to queue
[2023-12-06T18:43:28.890+0000] {logging_mixin.py:154} INFO - [2023-12-06T18:43:28.890+0000] {dagbag.py:536} INFO - Filling up the DagBag from /usr/local/lib/python3.10/dist-packages/airflow/example_dags/example_params_ui_tutorial.py
[2023-12-06T18:43:28.923+0000] {processor.py:839} INFO - DAG(s) dict_keys(['example_params_ui_tutorial']) retrieved from /usr/local/lib/python3.10/dist-packages/airflow/example_dags/example_params_ui_tutorial.py
[2023-12-06T18:43:28.973+0000] {logging_mixin.py:154} INFO - [2023-12-06T18:43:28.973+0000] {dag.py:2941} INFO - Sync 1 DAGs
[2023-12-06T18:43:28.985+0000] {logging_mixin.py:154} INFO - [2023-12-06T18:43:28.985+0000] {dag.py:3722} INFO - Setting next_dagrun for example_params_ui_tutorial to None, run_after=None
[2023-12-06T18:43:29.009+0000] {processor.py:179} INFO - Processing /usr/local/lib/python3.10/dist-packages/airflow/example_dags/example_params_ui_tutorial.py took 0.125 seconds
[2023-12-06T18:44:18.795+0000] {processor.py:157} INFO - Started process (PID=5051) to work on /usr/local/lib/python3.10/dist-packages/airflow/example_dags/example_params_ui_tutorial.py
[2023-12-06T18:44:18.796+0000] {processor.py:829} INFO - Processing file /usr/local/lib/python3.10/dist-packages/airflow/example_dags/example_params_ui_tutorial.py for tasks to queue
[2023-12-06T18:44:18.797+0000] {logging_mixin.py:154} INFO - [2023-12-06T18:44:18.797+0000] {dagbag.py:536} INFO - Filling up the DagBag from /usr/local/lib/python3.10/dist-packages/airflow/example_dags/example_params_ui_tutorial.py
[2023-12-06T18:44:18.830+0000] {processor.py:839} INFO - DAG(s) dict_keys(['example_params_ui_tutorial']) retrieved from /usr/local/lib/python3.10/dist-packages/airflow/example_dags/example_params_ui_tutorial.py
[2023-12-06T18:44:18.878+0000] {logging_mixin.py:154} INFO - [2023-12-06T18:44:18.878+0000] {dag.py:2941} INFO - Sync 1 DAGs
[2023-12-06T18:44:18.890+0000] {logging_mixin.py:154} INFO - [2023-12-06T18:44:18.890+0000] {dag.py:3722} INFO - Setting next_dagrun for example_params_ui_tutorial to None, run_after=None
[2023-12-06T18:44:18.911+0000] {processor.py:179} INFO - Processing /usr/local/lib/python3.10/dist-packages/airflow/example_dags/example_params_ui_tutorial.py took 0.120 seconds
[2023-12-06T18:45:06.752+0000] {processor.py:157} INFO - Started process (PID=5099) to work on /usr/local/lib/python3.10/dist-packages/airflow/example_dags/example_params_ui_tutorial.py
[2023-12-06T18:45:06.759+0000] {processor.py:829} INFO - Processing file /usr/local/lib/python3.10/dist-packages/airflow/example_dags/example_params_ui_tutorial.py for tasks to queue
[2023-12-06T18:45:06.760+0000] {logging_mixin.py:154} INFO - [2023-12-06T18:45:06.759+0000] {dagbag.py:536} INFO - Filling up the DagBag from /usr/local/lib/python3.10/dist-packages/airflow/example_dags/example_params_ui_tutorial.py
[2023-12-06T18:45:06.794+0000] {processor.py:839} INFO - DAG(s) dict_keys(['example_params_ui_tutorial']) retrieved from /usr/local/lib/python3.10/dist-packages/airflow/example_dags/example_params_ui_tutorial.py
[2023-12-06T18:45:06.845+0000] {logging_mixin.py:154} INFO - [2023-12-06T18:45:06.845+0000] {dag.py:2941} INFO - Sync 1 DAGs
[2023-12-06T18:45:06.858+0000] {logging_mixin.py:154} INFO - [2023-12-06T18:45:06.858+0000] {dag.py:3722} INFO - Setting next_dagrun for example_params_ui_tutorial to None, run_after=None
[2023-12-06T18:45:06.882+0000] {processor.py:179} INFO - Processing /usr/local/lib/python3.10/dist-packages/airflow/example_dags/example_params_ui_tutorial.py took 0.134 seconds
[2023-12-06T18:45:49.758+0000] {processor.py:157} INFO - Started process (PID=5146) to work on /usr/local/lib/python3.10/dist-packages/airflow/example_dags/example_params_ui_tutorial.py
[2023-12-06T18:45:49.759+0000] {processor.py:829} INFO - Processing file /usr/local/lib/python3.10/dist-packages/airflow/example_dags/example_params_ui_tutorial.py for tasks to queue
[2023-12-06T18:45:49.760+0000] {logging_mixin.py:154} INFO - [2023-12-06T18:45:49.759+0000] {dagbag.py:536} INFO - Filling up the DagBag from /usr/local/lib/python3.10/dist-packages/airflow/example_dags/example_params_ui_tutorial.py
[2023-12-06T18:45:49.792+0000] {processor.py:839} INFO - DAG(s) dict_keys(['example_params_ui_tutorial']) retrieved from /usr/local/lib/python3.10/dist-packages/airflow/example_dags/example_params_ui_tutorial.py
[2023-12-06T18:45:49.842+0000] {logging_mixin.py:154} INFO - [2023-12-06T18:45:49.842+0000] {dag.py:2941} INFO - Sync 1 DAGs
[2023-12-06T18:45:49.854+0000] {logging_mixin.py:154} INFO - [2023-12-06T18:45:49.854+0000] {dag.py:3722} INFO - Setting next_dagrun for example_params_ui_tutorial to None, run_after=None
[2023-12-06T18:45:49.876+0000] {processor.py:179} INFO - Processing /usr/local/lib/python3.10/dist-packages/airflow/example_dags/example_params_ui_tutorial.py took 0.122 seconds
[2023-12-06T18:46:34.712+0000] {processor.py:157} INFO - Started process (PID=5192) to work on /usr/local/lib/python3.10/dist-packages/airflow/example_dags/example_params_ui_tutorial.py
[2023-12-06T18:46:34.714+0000] {processor.py:829} INFO - Processing file /usr/local/lib/python3.10/dist-packages/airflow/example_dags/example_params_ui_tutorial.py for tasks to queue
[2023-12-06T18:46:34.715+0000] {logging_mixin.py:154} INFO - [2023-12-06T18:46:34.714+0000] {dagbag.py:536} INFO - Filling up the DagBag from /usr/local/lib/python3.10/dist-packages/airflow/example_dags/example_params_ui_tutorial.py
[2023-12-06T18:46:34.747+0000] {processor.py:839} INFO - DAG(s) dict_keys(['example_params_ui_tutorial']) retrieved from /usr/local/lib/python3.10/dist-packages/airflow/example_dags/example_params_ui_tutorial.py
[2023-12-06T18:46:34.798+0000] {logging_mixin.py:154} INFO - [2023-12-06T18:46:34.798+0000] {dag.py:2941} INFO - Sync 1 DAGs
[2023-12-06T18:46:34.811+0000] {logging_mixin.py:154} INFO - [2023-12-06T18:46:34.810+0000] {dag.py:3722} INFO - Setting next_dagrun for example_params_ui_tutorial to None, run_after=None
[2023-12-06T18:46:34.833+0000] {processor.py:179} INFO - Processing /usr/local/lib/python3.10/dist-packages/airflow/example_dags/example_params_ui_tutorial.py took 0.125 seconds
[2023-12-06T18:47:21.484+0000] {processor.py:157} INFO - Started process (PID=5241) to work on /usr/local/lib/python3.10/dist-packages/airflow/example_dags/example_params_ui_tutorial.py
[2023-12-06T18:47:21.486+0000] {processor.py:829} INFO - Processing file /usr/local/lib/python3.10/dist-packages/airflow/example_dags/example_params_ui_tutorial.py for tasks to queue
[2023-12-06T18:47:21.487+0000] {logging_mixin.py:154} INFO - [2023-12-06T18:47:21.486+0000] {dagbag.py:536} INFO - Filling up the DagBag from /usr/local/lib/python3.10/dist-packages/airflow/example_dags/example_params_ui_tutorial.py
[2023-12-06T18:47:21.520+0000] {processor.py:839} INFO - DAG(s) dict_keys(['example_params_ui_tutorial']) retrieved from /usr/local/lib/python3.10/dist-packages/airflow/example_dags/example_params_ui_tutorial.py
[2023-12-06T18:47:21.570+0000] {logging_mixin.py:154} INFO - [2023-12-06T18:47:21.570+0000] {dag.py:2941} INFO - Sync 1 DAGs
[2023-12-06T18:47:21.582+0000] {logging_mixin.py:154} INFO - [2023-12-06T18:47:21.582+0000] {dag.py:3722} INFO - Setting next_dagrun for example_params_ui_tutorial to None, run_after=None
[2023-12-06T18:47:21.605+0000] {processor.py:179} INFO - Processing /usr/local/lib/python3.10/dist-packages/airflow/example_dags/example_params_ui_tutorial.py took 0.124 seconds
[2023-12-06T18:48:11.776+0000] {processor.py:157} INFO - Started process (PID=5293) to work on /usr/local/lib/python3.10/dist-packages/airflow/example_dags/example_params_ui_tutorial.py
[2023-12-06T18:48:11.778+0000] {processor.py:829} INFO - Processing file /usr/local/lib/python3.10/dist-packages/airflow/example_dags/example_params_ui_tutorial.py for tasks to queue
[2023-12-06T18:48:11.779+0000] {logging_mixin.py:154} INFO - [2023-12-06T18:48:11.778+0000] {dagbag.py:536} INFO - Filling up the DagBag from /usr/local/lib/python3.10/dist-packages/airflow/example_dags/example_params_ui_tutorial.py
[2023-12-06T18:48:11.811+0000] {processor.py:839} INFO - DAG(s) dict_keys(['example_params_ui_tutorial']) retrieved from /usr/local/lib/python3.10/dist-packages/airflow/example_dags/example_params_ui_tutorial.py
[2023-12-06T18:48:11.861+0000] {logging_mixin.py:154} INFO - [2023-12-06T18:48:11.861+0000] {dag.py:2941} INFO - Sync 1 DAGs
[2023-12-06T18:48:11.873+0000] {logging_mixin.py:154} INFO - [2023-12-06T18:48:11.873+0000] {dag.py:3722} INFO - Setting next_dagrun for example_params_ui_tutorial to None, run_after=None
[2023-12-06T18:48:11.895+0000] {processor.py:179} INFO - Processing /usr/local/lib/python3.10/dist-packages/airflow/example_dags/example_params_ui_tutorial.py took 0.122 seconds
[2023-12-06T18:49:00.281+0000] {processor.py:157} INFO - Started process (PID=5342) to work on /usr/local/lib/python3.10/dist-packages/airflow/example_dags/example_params_ui_tutorial.py
[2023-12-06T18:49:00.282+0000] {processor.py:829} INFO - Processing file /usr/local/lib/python3.10/dist-packages/airflow/example_dags/example_params_ui_tutorial.py for tasks to queue
[2023-12-06T18:49:00.283+0000] {logging_mixin.py:154} INFO - [2023-12-06T18:49:00.282+0000] {dagbag.py:536} INFO - Filling up the DagBag from /usr/local/lib/python3.10/dist-packages/airflow/example_dags/example_params_ui_tutorial.py
[2023-12-06T18:49:00.316+0000] {processor.py:839} INFO - DAG(s) dict_keys(['example_params_ui_tutorial']) retrieved from /usr/local/lib/python3.10/dist-packages/airflow/example_dags/example_params_ui_tutorial.py
[2023-12-06T18:49:00.366+0000] {logging_mixin.py:154} INFO - [2023-12-06T18:49:00.365+0000] {dag.py:2941} INFO - Sync 1 DAGs
[2023-12-06T18:49:00.378+0000] {logging_mixin.py:154} INFO - [2023-12-06T18:49:00.378+0000] {dag.py:3722} INFO - Setting next_dagrun for example_params_ui_tutorial to None, run_after=None
[2023-12-06T18:49:00.402+0000] {processor.py:179} INFO - Processing /usr/local/lib/python3.10/dist-packages/airflow/example_dags/example_params_ui_tutorial.py took 0.125 seconds
[2023-12-06T18:49:44.907+0000] {processor.py:157} INFO - Started process (PID=5389) to work on /usr/local/lib/python3.10/dist-packages/airflow/example_dags/example_params_ui_tutorial.py
[2023-12-06T18:49:44.908+0000] {processor.py:829} INFO - Processing file /usr/local/lib/python3.10/dist-packages/airflow/example_dags/example_params_ui_tutorial.py for tasks to queue
[2023-12-06T18:49:44.909+0000] {logging_mixin.py:154} INFO - [2023-12-06T18:49:44.908+0000] {dagbag.py:536} INFO - Filling up the DagBag from /usr/local/lib/python3.10/dist-packages/airflow/example_dags/example_params_ui_tutorial.py
[2023-12-06T18:49:44.941+0000] {processor.py:839} INFO - DAG(s) dict_keys(['example_params_ui_tutorial']) retrieved from /usr/local/lib/python3.10/dist-packages/airflow/example_dags/example_params_ui_tutorial.py
[2023-12-06T18:49:44.990+0000] {logging_mixin.py:154} INFO - [2023-12-06T18:49:44.990+0000] {dag.py:2941} INFO - Sync 1 DAGs
[2023-12-06T18:49:45.002+0000] {logging_mixin.py:154} INFO - [2023-12-06T18:49:45.002+0000] {dag.py:3722} INFO - Setting next_dagrun for example_params_ui_tutorial to None, run_after=None
[2023-12-06T18:49:45.025+0000] {processor.py:179} INFO - Processing /usr/local/lib/python3.10/dist-packages/airflow/example_dags/example_params_ui_tutorial.py took 0.122 seconds
[2023-12-06T18:50:28.117+0000] {processor.py:157} INFO - Started process (PID=5433) to work on /usr/local/lib/python3.10/dist-packages/airflow/example_dags/example_params_ui_tutorial.py
[2023-12-06T18:50:28.119+0000] {processor.py:829} INFO - Processing file /usr/local/lib/python3.10/dist-packages/airflow/example_dags/example_params_ui_tutorial.py for tasks to queue
[2023-12-06T18:50:28.120+0000] {logging_mixin.py:154} INFO - [2023-12-06T18:50:28.119+0000] {dagbag.py:536} INFO - Filling up the DagBag from /usr/local/lib/python3.10/dist-packages/airflow/example_dags/example_params_ui_tutorial.py
[2023-12-06T18:50:28.152+0000] {processor.py:839} INFO - DAG(s) dict_keys(['example_params_ui_tutorial']) retrieved from /usr/local/lib/python3.10/dist-packages/airflow/example_dags/example_params_ui_tutorial.py
[2023-12-06T18:50:28.209+0000] {logging_mixin.py:154} INFO - [2023-12-06T18:50:28.209+0000] {dag.py:2941} INFO - Sync 1 DAGs
[2023-12-06T18:50:28.226+0000] {logging_mixin.py:154} INFO - [2023-12-06T18:50:28.226+0000] {dag.py:3722} INFO - Setting next_dagrun for example_params_ui_tutorial to None, run_after=None
[2023-12-06T18:50:28.251+0000] {processor.py:179} INFO - Processing /usr/local/lib/python3.10/dist-packages/airflow/example_dags/example_params_ui_tutorial.py took 0.138 seconds
[2023-12-06T18:51:09.770+0000] {processor.py:157} INFO - Started process (PID=5482) to work on /usr/local/lib/python3.10/dist-packages/airflow/example_dags/example_params_ui_tutorial.py
[2023-12-06T18:51:09.772+0000] {processor.py:829} INFO - Processing file /usr/local/lib/python3.10/dist-packages/airflow/example_dags/example_params_ui_tutorial.py for tasks to queue
[2023-12-06T18:51:09.773+0000] {logging_mixin.py:154} INFO - [2023-12-06T18:51:09.772+0000] {dagbag.py:536} INFO - Filling up the DagBag from /usr/local/lib/python3.10/dist-packages/airflow/example_dags/example_params_ui_tutorial.py
[2023-12-06T18:51:09.805+0000] {processor.py:839} INFO - DAG(s) dict_keys(['example_params_ui_tutorial']) retrieved from /usr/local/lib/python3.10/dist-packages/airflow/example_dags/example_params_ui_tutorial.py
[2023-12-06T18:51:09.855+0000] {logging_mixin.py:154} INFO - [2023-12-06T18:51:09.855+0000] {dag.py:2941} INFO - Sync 1 DAGs
[2023-12-06T18:51:09.879+0000] {logging_mixin.py:154} INFO - [2023-12-06T18:51:09.877+0000] {dag.py:3722} INFO - Setting next_dagrun for example_params_ui_tutorial to None, run_after=None
[2023-12-06T18:51:09.903+0000] {processor.py:179} INFO - Processing /usr/local/lib/python3.10/dist-packages/airflow/example_dags/example_params_ui_tutorial.py took 0.136 seconds
[2023-12-06T18:51:52.860+0000] {processor.py:157} INFO - Started process (PID=5527) to work on /usr/local/lib/python3.10/dist-packages/airflow/example_dags/example_params_ui_tutorial.py
[2023-12-06T18:51:52.862+0000] {processor.py:829} INFO - Processing file /usr/local/lib/python3.10/dist-packages/airflow/example_dags/example_params_ui_tutorial.py for tasks to queue
[2023-12-06T18:51:52.862+0000] {logging_mixin.py:154} INFO - [2023-12-06T18:51:52.862+0000] {dagbag.py:536} INFO - Filling up the DagBag from /usr/local/lib/python3.10/dist-packages/airflow/example_dags/example_params_ui_tutorial.py
[2023-12-06T18:51:52.895+0000] {processor.py:839} INFO - DAG(s) dict_keys(['example_params_ui_tutorial']) retrieved from /usr/local/lib/python3.10/dist-packages/airflow/example_dags/example_params_ui_tutorial.py
[2023-12-06T18:51:52.944+0000] {logging_mixin.py:154} INFO - [2023-12-06T18:51:52.944+0000] {dag.py:2941} INFO - Sync 1 DAGs
[2023-12-06T18:51:52.956+0000] {logging_mixin.py:154} INFO - [2023-12-06T18:51:52.956+0000] {dag.py:3722} INFO - Setting next_dagrun for example_params_ui_tutorial to None, run_after=None
[2023-12-06T18:51:52.979+0000] {processor.py:179} INFO - Processing /usr/local/lib/python3.10/dist-packages/airflow/example_dags/example_params_ui_tutorial.py took 0.122 seconds
[2023-12-06T18:52:41.825+0000] {processor.py:157} INFO - Started process (PID=5576) to work on /usr/local/lib/python3.10/dist-packages/airflow/example_dags/example_params_ui_tutorial.py
[2023-12-06T18:52:41.827+0000] {processor.py:829} INFO - Processing file /usr/local/lib/python3.10/dist-packages/airflow/example_dags/example_params_ui_tutorial.py for tasks to queue
[2023-12-06T18:52:41.828+0000] {logging_mixin.py:154} INFO - [2023-12-06T18:52:41.828+0000] {dagbag.py:536} INFO - Filling up the DagBag from /usr/local/lib/python3.10/dist-packages/airflow/example_dags/example_params_ui_tutorial.py
[2023-12-06T18:52:41.861+0000] {processor.py:839} INFO - DAG(s) dict_keys(['example_params_ui_tutorial']) retrieved from /usr/local/lib/python3.10/dist-packages/airflow/example_dags/example_params_ui_tutorial.py
[2023-12-06T18:52:41.911+0000] {logging_mixin.py:154} INFO - [2023-12-06T18:52:41.910+0000] {dag.py:2941} INFO - Sync 1 DAGs
[2023-12-06T18:52:41.923+0000] {logging_mixin.py:154} INFO - [2023-12-06T18:52:41.922+0000] {dag.py:3722} INFO - Setting next_dagrun for example_params_ui_tutorial to None, run_after=None
[2023-12-06T18:52:41.946+0000] {processor.py:179} INFO - Processing /usr/local/lib/python3.10/dist-packages/airflow/example_dags/example_params_ui_tutorial.py took 0.124 seconds
[2023-12-06T18:53:27.505+0000] {processor.py:157} INFO - Started process (PID=5623) to work on /usr/local/lib/python3.10/dist-packages/airflow/example_dags/example_params_ui_tutorial.py
[2023-12-06T18:53:27.506+0000] {processor.py:829} INFO - Processing file /usr/local/lib/python3.10/dist-packages/airflow/example_dags/example_params_ui_tutorial.py for tasks to queue
[2023-12-06T18:53:27.507+0000] {logging_mixin.py:154} INFO - [2023-12-06T18:53:27.506+0000] {dagbag.py:536} INFO - Filling up the DagBag from /usr/local/lib/python3.10/dist-packages/airflow/example_dags/example_params_ui_tutorial.py
[2023-12-06T18:53:27.539+0000] {processor.py:839} INFO - DAG(s) dict_keys(['example_params_ui_tutorial']) retrieved from /usr/local/lib/python3.10/dist-packages/airflow/example_dags/example_params_ui_tutorial.py
[2023-12-06T18:53:27.588+0000] {logging_mixin.py:154} INFO - [2023-12-06T18:53:27.588+0000] {dag.py:2941} INFO - Sync 1 DAGs
[2023-12-06T18:53:27.600+0000] {logging_mixin.py:154} INFO - [2023-12-06T18:53:27.600+0000] {dag.py:3722} INFO - Setting next_dagrun for example_params_ui_tutorial to None, run_after=None
[2023-12-06T18:53:27.623+0000] {processor.py:179} INFO - Processing /usr/local/lib/python3.10/dist-packages/airflow/example_dags/example_params_ui_tutorial.py took 0.122 seconds
[2023-12-06T18:54:10.985+0000] {processor.py:157} INFO - Started process (PID=5668) to work on /usr/local/lib/python3.10/dist-packages/airflow/example_dags/example_params_ui_tutorial.py
[2023-12-06T18:54:10.989+0000] {processor.py:829} INFO - Processing file /usr/local/lib/python3.10/dist-packages/airflow/example_dags/example_params_ui_tutorial.py for tasks to queue
[2023-12-06T18:54:10.989+0000] {logging_mixin.py:154} INFO - [2023-12-06T18:54:10.989+0000] {dagbag.py:536} INFO - Filling up the DagBag from /usr/local/lib/python3.10/dist-packages/airflow/example_dags/example_params_ui_tutorial.py
[2023-12-06T18:54:11.023+0000] {processor.py:839} INFO - DAG(s) dict_keys(['example_params_ui_tutorial']) retrieved from /usr/local/lib/python3.10/dist-packages/airflow/example_dags/example_params_ui_tutorial.py
[2023-12-06T18:54:11.073+0000] {logging_mixin.py:154} INFO - [2023-12-06T18:54:11.073+0000] {dag.py:2941} INFO - Sync 1 DAGs
[2023-12-06T18:54:11.085+0000] {logging_mixin.py:154} INFO - [2023-12-06T18:54:11.085+0000] {dag.py:3722} INFO - Setting next_dagrun for example_params_ui_tutorial to None, run_after=None
[2023-12-06T18:54:11.108+0000] {processor.py:179} INFO - Processing /usr/local/lib/python3.10/dist-packages/airflow/example_dags/example_params_ui_tutorial.py took 0.127 seconds
[2023-12-06T18:54:57.086+0000] {processor.py:157} INFO - Started process (PID=5716) to work on /usr/local/lib/python3.10/dist-packages/airflow/example_dags/example_params_ui_tutorial.py
[2023-12-06T18:54:57.087+0000] {processor.py:829} INFO - Processing file /usr/local/lib/python3.10/dist-packages/airflow/example_dags/example_params_ui_tutorial.py for tasks to queue
[2023-12-06T18:54:57.088+0000] {logging_mixin.py:154} INFO - [2023-12-06T18:54:57.088+0000] {dagbag.py:536} INFO - Filling up the DagBag from /usr/local/lib/python3.10/dist-packages/airflow/example_dags/example_params_ui_tutorial.py
[2023-12-06T18:54:57.120+0000] {processor.py:839} INFO - DAG(s) dict_keys(['example_params_ui_tutorial']) retrieved from /usr/local/lib/python3.10/dist-packages/airflow/example_dags/example_params_ui_tutorial.py
[2023-12-06T18:54:57.171+0000] {logging_mixin.py:154} INFO - [2023-12-06T18:54:57.170+0000] {dag.py:2941} INFO - Sync 1 DAGs
[2023-12-06T18:54:57.183+0000] {logging_mixin.py:154} INFO - [2023-12-06T18:54:57.183+0000] {dag.py:3722} INFO - Setting next_dagrun for example_params_ui_tutorial to None, run_after=None
[2023-12-06T18:54:57.205+0000] {processor.py:179} INFO - Processing /usr/local/lib/python3.10/dist-packages/airflow/example_dags/example_params_ui_tutorial.py took 0.123 seconds
[2023-12-06T18:55:43.324+0000] {processor.py:157} INFO - Started process (PID=5763) to work on /usr/local/lib/python3.10/dist-packages/airflow/example_dags/example_params_ui_tutorial.py
[2023-12-06T18:55:43.325+0000] {processor.py:829} INFO - Processing file /usr/local/lib/python3.10/dist-packages/airflow/example_dags/example_params_ui_tutorial.py for tasks to queue
[2023-12-06T18:55:43.326+0000] {logging_mixin.py:154} INFO - [2023-12-06T18:55:43.326+0000] {dagbag.py:536} INFO - Filling up the DagBag from /usr/local/lib/python3.10/dist-packages/airflow/example_dags/example_params_ui_tutorial.py
[2023-12-06T18:55:43.365+0000] {processor.py:839} INFO - DAG(s) dict_keys(['example_params_ui_tutorial']) retrieved from /usr/local/lib/python3.10/dist-packages/airflow/example_dags/example_params_ui_tutorial.py
[2023-12-06T18:55:43.415+0000] {logging_mixin.py:154} INFO - [2023-12-06T18:55:43.414+0000] {dag.py:2941} INFO - Sync 1 DAGs
[2023-12-06T18:55:43.427+0000] {logging_mixin.py:154} INFO - [2023-12-06T18:55:43.426+0000] {dag.py:3722} INFO - Setting next_dagrun for example_params_ui_tutorial to None, run_after=None
[2023-12-06T18:55:43.449+0000] {processor.py:179} INFO - Processing /usr/local/lib/python3.10/dist-packages/airflow/example_dags/example_params_ui_tutorial.py took 0.129 seconds
[2023-12-06T18:56:29.149+0000] {processor.py:157} INFO - Started process (PID=5811) to work on /usr/local/lib/python3.10/dist-packages/airflow/example_dags/example_params_ui_tutorial.py
[2023-12-06T18:56:29.151+0000] {processor.py:829} INFO - Processing file /usr/local/lib/python3.10/dist-packages/airflow/example_dags/example_params_ui_tutorial.py for tasks to queue
[2023-12-06T18:56:29.152+0000] {logging_mixin.py:154} INFO - [2023-12-06T18:56:29.151+0000] {dagbag.py:536} INFO - Filling up the DagBag from /usr/local/lib/python3.10/dist-packages/airflow/example_dags/example_params_ui_tutorial.py
[2023-12-06T18:56:29.184+0000] {processor.py:839} INFO - DAG(s) dict_keys(['example_params_ui_tutorial']) retrieved from /usr/local/lib/python3.10/dist-packages/airflow/example_dags/example_params_ui_tutorial.py
[2023-12-06T18:56:29.234+0000] {logging_mixin.py:154} INFO - [2023-12-06T18:56:29.234+0000] {dag.py:2941} INFO - Sync 1 DAGs
[2023-12-06T18:56:29.246+0000] {logging_mixin.py:154} INFO - [2023-12-06T18:56:29.246+0000] {dag.py:3722} INFO - Setting next_dagrun for example_params_ui_tutorial to None, run_after=None
[2023-12-06T18:56:29.268+0000] {processor.py:179} INFO - Processing /usr/local/lib/python3.10/dist-packages/airflow/example_dags/example_params_ui_tutorial.py took 0.122 seconds
[2023-12-06T18:57:14.494+0000] {processor.py:157} INFO - Started process (PID=5860) to work on /usr/local/lib/python3.10/dist-packages/airflow/example_dags/example_params_ui_tutorial.py
[2023-12-06T18:57:14.496+0000] {processor.py:829} INFO - Processing file /usr/local/lib/python3.10/dist-packages/airflow/example_dags/example_params_ui_tutorial.py for tasks to queue
[2023-12-06T18:57:14.497+0000] {logging_mixin.py:154} INFO - [2023-12-06T18:57:14.496+0000] {dagbag.py:536} INFO - Filling up the DagBag from /usr/local/lib/python3.10/dist-packages/airflow/example_dags/example_params_ui_tutorial.py
[2023-12-06T18:57:14.529+0000] {processor.py:839} INFO - DAG(s) dict_keys(['example_params_ui_tutorial']) retrieved from /usr/local/lib/python3.10/dist-packages/airflow/example_dags/example_params_ui_tutorial.py
[2023-12-06T18:57:14.579+0000] {logging_mixin.py:154} INFO - [2023-12-06T18:57:14.579+0000] {dag.py:2941} INFO - Sync 1 DAGs
[2023-12-06T18:57:14.591+0000] {logging_mixin.py:154} INFO - [2023-12-06T18:57:14.591+0000] {dag.py:3722} INFO - Setting next_dagrun for example_params_ui_tutorial to None, run_after=None
[2023-12-06T18:57:14.615+0000] {processor.py:179} INFO - Processing /usr/local/lib/python3.10/dist-packages/airflow/example_dags/example_params_ui_tutorial.py took 0.124 seconds
[2023-12-06T18:58:03.465+0000] {processor.py:157} INFO - Started process (PID=5910) to work on /usr/local/lib/python3.10/dist-packages/airflow/example_dags/example_params_ui_tutorial.py
[2023-12-06T18:58:03.467+0000] {processor.py:829} INFO - Processing file /usr/local/lib/python3.10/dist-packages/airflow/example_dags/example_params_ui_tutorial.py for tasks to queue
[2023-12-06T18:58:03.468+0000] {logging_mixin.py:154} INFO - [2023-12-06T18:58:03.467+0000] {dagbag.py:536} INFO - Filling up the DagBag from /usr/local/lib/python3.10/dist-packages/airflow/example_dags/example_params_ui_tutorial.py
[2023-12-06T18:58:03.501+0000] {processor.py:839} INFO - DAG(s) dict_keys(['example_params_ui_tutorial']) retrieved from /usr/local/lib/python3.10/dist-packages/airflow/example_dags/example_params_ui_tutorial.py
[2023-12-06T18:58:03.552+0000] {logging_mixin.py:154} INFO - [2023-12-06T18:58:03.552+0000] {dag.py:2941} INFO - Sync 1 DAGs
[2023-12-06T18:58:03.565+0000] {logging_mixin.py:154} INFO - [2023-12-06T18:58:03.564+0000] {dag.py:3722} INFO - Setting next_dagrun for example_params_ui_tutorial to None, run_after=None
[2023-12-06T18:58:03.588+0000] {processor.py:179} INFO - Processing /usr/local/lib/python3.10/dist-packages/airflow/example_dags/example_params_ui_tutorial.py took 0.127 seconds
[2023-12-06T18:58:47.547+0000] {processor.py:157} INFO - Started process (PID=5955) to work on /usr/local/lib/python3.10/dist-packages/airflow/example_dags/example_params_ui_tutorial.py
[2023-12-06T18:58:47.549+0000] {processor.py:829} INFO - Processing file /usr/local/lib/python3.10/dist-packages/airflow/example_dags/example_params_ui_tutorial.py for tasks to queue
[2023-12-06T18:58:47.549+0000] {logging_mixin.py:154} INFO - [2023-12-06T18:58:47.549+0000] {dagbag.py:536} INFO - Filling up the DagBag from /usr/local/lib/python3.10/dist-packages/airflow/example_dags/example_params_ui_tutorial.py
[2023-12-06T18:58:47.582+0000] {processor.py:839} INFO - DAG(s) dict_keys(['example_params_ui_tutorial']) retrieved from /usr/local/lib/python3.10/dist-packages/airflow/example_dags/example_params_ui_tutorial.py
[2023-12-06T18:58:47.632+0000] {logging_mixin.py:154} INFO - [2023-12-06T18:58:47.631+0000] {dag.py:2941} INFO - Sync 1 DAGs
[2023-12-06T18:58:47.644+0000] {logging_mixin.py:154} INFO - [2023-12-06T18:58:47.644+0000] {dag.py:3722} INFO - Setting next_dagrun for example_params_ui_tutorial to None, run_after=None
[2023-12-06T18:58:47.668+0000] {processor.py:179} INFO - Processing /usr/local/lib/python3.10/dist-packages/airflow/example_dags/example_params_ui_tutorial.py took 0.125 seconds
[2023-12-06T18:59:33.912+0000] {processor.py:157} INFO - Started process (PID=6002) to work on /usr/local/lib/python3.10/dist-packages/airflow/example_dags/example_params_ui_tutorial.py
[2023-12-06T18:59:33.914+0000] {processor.py:829} INFO - Processing file /usr/local/lib/python3.10/dist-packages/airflow/example_dags/example_params_ui_tutorial.py for tasks to queue
[2023-12-06T18:59:33.914+0000] {logging_mixin.py:154} INFO - [2023-12-06T18:59:33.914+0000] {dagbag.py:536} INFO - Filling up the DagBag from /usr/local/lib/python3.10/dist-packages/airflow/example_dags/example_params_ui_tutorial.py
[2023-12-06T18:59:33.947+0000] {processor.py:839} INFO - DAG(s) dict_keys(['example_params_ui_tutorial']) retrieved from /usr/local/lib/python3.10/dist-packages/airflow/example_dags/example_params_ui_tutorial.py
[2023-12-06T18:59:34.003+0000] {logging_mixin.py:154} INFO - [2023-12-06T18:59:34.003+0000] {dag.py:2941} INFO - Sync 1 DAGs
[2023-12-06T18:59:34.016+0000] {logging_mixin.py:154} INFO - [2023-12-06T18:59:34.015+0000] {dag.py:3722} INFO - Setting next_dagrun for example_params_ui_tutorial to None, run_after=None
[2023-12-06T18:59:34.038+0000] {processor.py:179} INFO - Processing /usr/local/lib/python3.10/dist-packages/airflow/example_dags/example_params_ui_tutorial.py took 0.129 seconds
[2023-12-06T19:00:20.698+0000] {processor.py:157} INFO - Started process (PID=6354) to work on /usr/local/lib/python3.10/dist-packages/airflow/example_dags/example_params_ui_tutorial.py
[2023-12-06T19:00:20.715+0000] {processor.py:829} INFO - Processing file /usr/local/lib/python3.10/dist-packages/airflow/example_dags/example_params_ui_tutorial.py for tasks to queue
[2023-12-06T19:00:20.716+0000] {logging_mixin.py:154} INFO - [2023-12-06T19:00:20.716+0000] {dagbag.py:536} INFO - Filling up the DagBag from /usr/local/lib/python3.10/dist-packages/airflow/example_dags/example_params_ui_tutorial.py
[2023-12-06T19:00:20.821+0000] {processor.py:839} INFO - DAG(s) dict_keys(['example_params_ui_tutorial']) retrieved from /usr/local/lib/python3.10/dist-packages/airflow/example_dags/example_params_ui_tutorial.py
[2023-12-06T19:00:20.942+0000] {logging_mixin.py:154} INFO - [2023-12-06T19:00:20.942+0000] {dag.py:2941} INFO - Sync 1 DAGs
[2023-12-06T19:00:20.954+0000] {logging_mixin.py:154} INFO - [2023-12-06T19:00:20.954+0000] {dag.py:3722} INFO - Setting next_dagrun for example_params_ui_tutorial to None, run_after=None
[2023-12-06T19:00:20.977+0000] {processor.py:179} INFO - Processing /usr/local/lib/python3.10/dist-packages/airflow/example_dags/example_params_ui_tutorial.py took 0.293 seconds
[2023-12-06T19:01:12.348+0000] {processor.py:157} INFO - Started process (PID=6461) to work on /usr/local/lib/python3.10/dist-packages/airflow/example_dags/example_params_ui_tutorial.py
[2023-12-06T19:01:12.350+0000] {processor.py:829} INFO - Processing file /usr/local/lib/python3.10/dist-packages/airflow/example_dags/example_params_ui_tutorial.py for tasks to queue
[2023-12-06T19:01:12.351+0000] {logging_mixin.py:154} INFO - [2023-12-06T19:01:12.350+0000] {dagbag.py:536} INFO - Filling up the DagBag from /usr/local/lib/python3.10/dist-packages/airflow/example_dags/example_params_ui_tutorial.py
[2023-12-06T19:01:12.383+0000] {processor.py:839} INFO - DAG(s) dict_keys(['example_params_ui_tutorial']) retrieved from /usr/local/lib/python3.10/dist-packages/airflow/example_dags/example_params_ui_tutorial.py
[2023-12-06T19:01:12.433+0000] {logging_mixin.py:154} INFO - [2023-12-06T19:01:12.432+0000] {dag.py:2941} INFO - Sync 1 DAGs
[2023-12-06T19:01:12.445+0000] {logging_mixin.py:154} INFO - [2023-12-06T19:01:12.444+0000] {dag.py:3722} INFO - Setting next_dagrun for example_params_ui_tutorial to None, run_after=None
[2023-12-06T19:01:12.472+0000] {processor.py:179} INFO - Processing /usr/local/lib/python3.10/dist-packages/airflow/example_dags/example_params_ui_tutorial.py took 0.128 seconds
[2023-12-06T19:02:02.483+0000] {processor.py:157} INFO - Started process (PID=6511) to work on /usr/local/lib/python3.10/dist-packages/airflow/example_dags/example_params_ui_tutorial.py
[2023-12-06T19:02:02.484+0000] {processor.py:829} INFO - Processing file /usr/local/lib/python3.10/dist-packages/airflow/example_dags/example_params_ui_tutorial.py for tasks to queue
[2023-12-06T19:02:02.485+0000] {logging_mixin.py:154} INFO - [2023-12-06T19:02:02.485+0000] {dagbag.py:536} INFO - Filling up the DagBag from /usr/local/lib/python3.10/dist-packages/airflow/example_dags/example_params_ui_tutorial.py
[2023-12-06T19:02:02.519+0000] {processor.py:839} INFO - DAG(s) dict_keys(['example_params_ui_tutorial']) retrieved from /usr/local/lib/python3.10/dist-packages/airflow/example_dags/example_params_ui_tutorial.py
[2023-12-06T19:02:02.570+0000] {logging_mixin.py:154} INFO - [2023-12-06T19:02:02.570+0000] {dag.py:2941} INFO - Sync 1 DAGs
[2023-12-06T19:02:02.583+0000] {logging_mixin.py:154} INFO - [2023-12-06T19:02:02.582+0000] {dag.py:3722} INFO - Setting next_dagrun for example_params_ui_tutorial to None, run_after=None
[2023-12-06T19:02:02.610+0000] {processor.py:179} INFO - Processing /usr/local/lib/python3.10/dist-packages/airflow/example_dags/example_params_ui_tutorial.py took 0.132 seconds
[2023-12-06T19:02:45.994+0000] {processor.py:157} INFO - Started process (PID=6558) to work on /usr/local/lib/python3.10/dist-packages/airflow/example_dags/example_params_ui_tutorial.py
[2023-12-06T19:02:45.996+0000] {processor.py:829} INFO - Processing file /usr/local/lib/python3.10/dist-packages/airflow/example_dags/example_params_ui_tutorial.py for tasks to queue
[2023-12-06T19:02:45.997+0000] {logging_mixin.py:154} INFO - [2023-12-06T19:02:45.996+0000] {dagbag.py:536} INFO - Filling up the DagBag from /usr/local/lib/python3.10/dist-packages/airflow/example_dags/example_params_ui_tutorial.py
[2023-12-06T19:02:46.030+0000] {processor.py:839} INFO - DAG(s) dict_keys(['example_params_ui_tutorial']) retrieved from /usr/local/lib/python3.10/dist-packages/airflow/example_dags/example_params_ui_tutorial.py
[2023-12-06T19:02:46.082+0000] {logging_mixin.py:154} INFO - [2023-12-06T19:02:46.081+0000] {dag.py:2941} INFO - Sync 1 DAGs
[2023-12-06T19:02:46.094+0000] {logging_mixin.py:154} INFO - [2023-12-06T19:02:46.094+0000] {dag.py:3722} INFO - Setting next_dagrun for example_params_ui_tutorial to None, run_after=None
[2023-12-06T19:02:46.121+0000] {processor.py:179} INFO - Processing /usr/local/lib/python3.10/dist-packages/airflow/example_dags/example_params_ui_tutorial.py took 0.131 seconds
[2023-12-06T19:03:32.366+0000] {processor.py:157} INFO - Started process (PID=6604) to work on /usr/local/lib/python3.10/dist-packages/airflow/example_dags/example_params_ui_tutorial.py
[2023-12-06T19:03:32.368+0000] {processor.py:829} INFO - Processing file /usr/local/lib/python3.10/dist-packages/airflow/example_dags/example_params_ui_tutorial.py for tasks to queue
[2023-12-06T19:03:32.369+0000] {logging_mixin.py:154} INFO - [2023-12-06T19:03:32.369+0000] {dagbag.py:536} INFO - Filling up the DagBag from /usr/local/lib/python3.10/dist-packages/airflow/example_dags/example_params_ui_tutorial.py
[2023-12-06T19:03:32.402+0000] {processor.py:839} INFO - DAG(s) dict_keys(['example_params_ui_tutorial']) retrieved from /usr/local/lib/python3.10/dist-packages/airflow/example_dags/example_params_ui_tutorial.py
[2023-12-06T19:03:32.453+0000] {logging_mixin.py:154} INFO - [2023-12-06T19:03:32.452+0000] {dag.py:2941} INFO - Sync 1 DAGs
[2023-12-06T19:03:32.464+0000] {logging_mixin.py:154} INFO - [2023-12-06T19:03:32.464+0000] {dag.py:3722} INFO - Setting next_dagrun for example_params_ui_tutorial to None, run_after=None
[2023-12-06T19:03:32.487+0000] {processor.py:179} INFO - Processing /usr/local/lib/python3.10/dist-packages/airflow/example_dags/example_params_ui_tutorial.py took 0.124 seconds
[2023-12-06T19:04:21.037+0000] {processor.py:157} INFO - Started process (PID=6653) to work on /usr/local/lib/python3.10/dist-packages/airflow/example_dags/example_params_ui_tutorial.py
[2023-12-06T19:04:21.039+0000] {processor.py:829} INFO - Processing file /usr/local/lib/python3.10/dist-packages/airflow/example_dags/example_params_ui_tutorial.py for tasks to queue
[2023-12-06T19:04:21.040+0000] {logging_mixin.py:154} INFO - [2023-12-06T19:04:21.039+0000] {dagbag.py:536} INFO - Filling up the DagBag from /usr/local/lib/python3.10/dist-packages/airflow/example_dags/example_params_ui_tutorial.py
[2023-12-06T19:04:21.072+0000] {processor.py:839} INFO - DAG(s) dict_keys(['example_params_ui_tutorial']) retrieved from /usr/local/lib/python3.10/dist-packages/airflow/example_dags/example_params_ui_tutorial.py
[2023-12-06T19:04:21.121+0000] {logging_mixin.py:154} INFO - [2023-12-06T19:04:21.121+0000] {dag.py:2941} INFO - Sync 1 DAGs
[2023-12-06T19:04:21.134+0000] {logging_mixin.py:154} INFO - [2023-12-06T19:04:21.134+0000] {dag.py:3722} INFO - Setting next_dagrun for example_params_ui_tutorial to None, run_after=None
[2023-12-06T19:04:21.156+0000] {processor.py:179} INFO - Processing /usr/local/lib/python3.10/dist-packages/airflow/example_dags/example_params_ui_tutorial.py took 0.122 seconds
[2023-12-06T19:05:09.090+0000] {processor.py:157} INFO - Started process (PID=6872) to work on /usr/local/lib/python3.10/dist-packages/airflow/example_dags/example_params_ui_tutorial.py
[2023-12-06T19:05:09.092+0000] {processor.py:829} INFO - Processing file /usr/local/lib/python3.10/dist-packages/airflow/example_dags/example_params_ui_tutorial.py for tasks to queue
[2023-12-06T19:05:09.093+0000] {logging_mixin.py:154} INFO - [2023-12-06T19:05:09.093+0000] {dagbag.py:536} INFO - Filling up the DagBag from /usr/local/lib/python3.10/dist-packages/airflow/example_dags/example_params_ui_tutorial.py
[2023-12-06T19:05:09.127+0000] {processor.py:839} INFO - DAG(s) dict_keys(['example_params_ui_tutorial']) retrieved from /usr/local/lib/python3.10/dist-packages/airflow/example_dags/example_params_ui_tutorial.py
[2023-12-06T19:05:09.179+0000] {logging_mixin.py:154} INFO - [2023-12-06T19:05:09.179+0000] {dag.py:2941} INFO - Sync 1 DAGs
[2023-12-06T19:05:09.192+0000] {logging_mixin.py:154} INFO - [2023-12-06T19:05:09.191+0000] {dag.py:3722} INFO - Setting next_dagrun for example_params_ui_tutorial to None, run_after=None
[2023-12-06T19:05:09.216+0000] {processor.py:179} INFO - Processing /usr/local/lib/python3.10/dist-packages/airflow/example_dags/example_params_ui_tutorial.py took 0.130 seconds
[2023-12-06T19:05:59.150+0000] {processor.py:157} INFO - Started process (PID=6922) to work on /usr/local/lib/python3.10/dist-packages/airflow/example_dags/example_params_ui_tutorial.py
[2023-12-06T19:05:59.151+0000] {processor.py:829} INFO - Processing file /usr/local/lib/python3.10/dist-packages/airflow/example_dags/example_params_ui_tutorial.py for tasks to queue
[2023-12-06T19:05:59.152+0000] {logging_mixin.py:154} INFO - [2023-12-06T19:05:59.152+0000] {dagbag.py:536} INFO - Filling up the DagBag from /usr/local/lib/python3.10/dist-packages/airflow/example_dags/example_params_ui_tutorial.py
[2023-12-06T19:05:59.186+0000] {processor.py:839} INFO - DAG(s) dict_keys(['example_params_ui_tutorial']) retrieved from /usr/local/lib/python3.10/dist-packages/airflow/example_dags/example_params_ui_tutorial.py
[2023-12-06T19:05:59.236+0000] {logging_mixin.py:154} INFO - [2023-12-06T19:05:59.236+0000] {dag.py:2941} INFO - Sync 1 DAGs
[2023-12-06T19:05:59.248+0000] {logging_mixin.py:154} INFO - [2023-12-06T19:05:59.248+0000] {dag.py:3722} INFO - Setting next_dagrun for example_params_ui_tutorial to None, run_after=None
[2023-12-06T19:05:59.272+0000] {processor.py:179} INFO - Processing /usr/local/lib/python3.10/dist-packages/airflow/example_dags/example_params_ui_tutorial.py took 0.126 seconds
[2023-12-06T19:06:45.495+0000] {processor.py:157} INFO - Started process (PID=6970) to work on /usr/local/lib/python3.10/dist-packages/airflow/example_dags/example_params_ui_tutorial.py
[2023-12-06T19:06:45.496+0000] {processor.py:829} INFO - Processing file /usr/local/lib/python3.10/dist-packages/airflow/example_dags/example_params_ui_tutorial.py for tasks to queue
[2023-12-06T19:06:45.498+0000] {logging_mixin.py:154} INFO - [2023-12-06T19:06:45.497+0000] {dagbag.py:536} INFO - Filling up the DagBag from /usr/local/lib/python3.10/dist-packages/airflow/example_dags/example_params_ui_tutorial.py
[2023-12-06T19:06:45.530+0000] {processor.py:839} INFO - DAG(s) dict_keys(['example_params_ui_tutorial']) retrieved from /usr/local/lib/python3.10/dist-packages/airflow/example_dags/example_params_ui_tutorial.py
[2023-12-06T19:06:45.581+0000] {logging_mixin.py:154} INFO - [2023-12-06T19:06:45.581+0000] {dag.py:2941} INFO - Sync 1 DAGs
[2023-12-06T19:06:45.595+0000] {logging_mixin.py:154} INFO - [2023-12-06T19:06:45.594+0000] {dag.py:3722} INFO - Setting next_dagrun for example_params_ui_tutorial to None, run_after=None
[2023-12-06T19:06:45.626+0000] {processor.py:179} INFO - Processing /usr/local/lib/python3.10/dist-packages/airflow/example_dags/example_params_ui_tutorial.py took 0.134 seconds
[2023-12-06T19:07:34.446+0000] {processor.py:157} INFO - Started process (PID=7018) to work on /usr/local/lib/python3.10/dist-packages/airflow/example_dags/example_params_ui_tutorial.py
[2023-12-06T19:07:34.448+0000] {processor.py:829} INFO - Processing file /usr/local/lib/python3.10/dist-packages/airflow/example_dags/example_params_ui_tutorial.py for tasks to queue
[2023-12-06T19:07:34.449+0000] {logging_mixin.py:154} INFO - [2023-12-06T19:07:34.448+0000] {dagbag.py:536} INFO - Filling up the DagBag from /usr/local/lib/python3.10/dist-packages/airflow/example_dags/example_params_ui_tutorial.py
[2023-12-06T19:07:34.482+0000] {processor.py:839} INFO - DAG(s) dict_keys(['example_params_ui_tutorial']) retrieved from /usr/local/lib/python3.10/dist-packages/airflow/example_dags/example_params_ui_tutorial.py
[2023-12-06T19:07:34.532+0000] {logging_mixin.py:154} INFO - [2023-12-06T19:07:34.532+0000] {dag.py:2941} INFO - Sync 1 DAGs
[2023-12-06T19:07:34.544+0000] {logging_mixin.py:154} INFO - [2023-12-06T19:07:34.544+0000] {dag.py:3722} INFO - Setting next_dagrun for example_params_ui_tutorial to None, run_after=None
[2023-12-06T19:07:34.569+0000] {processor.py:179} INFO - Processing /usr/local/lib/python3.10/dist-packages/airflow/example_dags/example_params_ui_tutorial.py took 0.127 seconds
