[2023-12-06T18:22:14.376+0000] {processor.py:157} INFO - Started process (PID=3690) to work on /usr/local/lib/python3.10/dist-packages/airflow/example_dags/example_kubernetes_executor.py
[2023-12-06T18:22:14.377+0000] {processor.py:829} INFO - Processing file /usr/local/lib/python3.10/dist-packages/airflow/example_dags/example_kubernetes_executor.py for tasks to queue
[2023-12-06T18:22:14.377+0000] {logging_mixin.py:154} INFO - [2023-12-06T18:22:14.377+0000] {dagbag.py:536} INFO - Filling up the DagBag from /usr/local/lib/python3.10/dist-packages/airflow/example_dags/example_kubernetes_executor.py
[2023-12-06T18:22:14.381+0000] {logging_mixin.py:154} INFO - [2023-12-06T18:22:14.381+0000] {example_kubernetes_executor.py:38} WARNING - The example_kubernetes_executor example DAG requires the kubernetes provider. Please install it with: pip install apache-airflow[cncf.kubernetes]
[2023-12-06T18:22:14.381+0000] {processor.py:841} WARNING - No viable dags retrieved from /usr/local/lib/python3.10/dist-packages/airflow/example_dags/example_kubernetes_executor.py
[2023-12-06T18:22:14.392+0000] {processor.py:179} INFO - Processing /usr/local/lib/python3.10/dist-packages/airflow/example_dags/example_kubernetes_executor.py took 0.020 seconds
[2023-12-06T18:23:03.524+0000] {processor.py:157} INFO - Started process (PID=3741) to work on /usr/local/lib/python3.10/dist-packages/airflow/example_dags/example_kubernetes_executor.py
[2023-12-06T18:23:03.526+0000] {processor.py:829} INFO - Processing file /usr/local/lib/python3.10/dist-packages/airflow/example_dags/example_kubernetes_executor.py for tasks to queue
[2023-12-06T18:23:03.527+0000] {logging_mixin.py:154} INFO - [2023-12-06T18:23:03.526+0000] {dagbag.py:536} INFO - Filling up the DagBag from /usr/local/lib/python3.10/dist-packages/airflow/example_dags/example_kubernetes_executor.py
[2023-12-06T18:23:03.530+0000] {logging_mixin.py:154} INFO - [2023-12-06T18:23:03.530+0000] {example_kubernetes_executor.py:38} WARNING - The example_kubernetes_executor example DAG requires the kubernetes provider. Please install it with: pip install apache-airflow[cncf.kubernetes]
[2023-12-06T18:23:03.531+0000] {processor.py:841} WARNING - No viable dags retrieved from /usr/local/lib/python3.10/dist-packages/airflow/example_dags/example_kubernetes_executor.py
[2023-12-06T18:23:03.542+0000] {processor.py:179} INFO - Processing /usr/local/lib/python3.10/dist-packages/airflow/example_dags/example_kubernetes_executor.py took 0.022 seconds
[2023-12-06T18:23:52.307+0000] {processor.py:157} INFO - Started process (PID=3791) to work on /usr/local/lib/python3.10/dist-packages/airflow/example_dags/example_kubernetes_executor.py
[2023-12-06T18:23:52.314+0000] {processor.py:829} INFO - Processing file /usr/local/lib/python3.10/dist-packages/airflow/example_dags/example_kubernetes_executor.py for tasks to queue
[2023-12-06T18:23:52.314+0000] {logging_mixin.py:154} INFO - [2023-12-06T18:23:52.314+0000] {dagbag.py:536} INFO - Filling up the DagBag from /usr/local/lib/python3.10/dist-packages/airflow/example_dags/example_kubernetes_executor.py
[2023-12-06T18:23:52.319+0000] {logging_mixin.py:154} INFO - [2023-12-06T18:23:52.319+0000] {example_kubernetes_executor.py:38} WARNING - The example_kubernetes_executor example DAG requires the kubernetes provider. Please install it with: pip install apache-airflow[cncf.kubernetes]
[2023-12-06T18:23:52.320+0000] {processor.py:841} WARNING - No viable dags retrieved from /usr/local/lib/python3.10/dist-packages/airflow/example_dags/example_kubernetes_executor.py
[2023-12-06T18:23:52.330+0000] {processor.py:179} INFO - Processing /usr/local/lib/python3.10/dist-packages/airflow/example_dags/example_kubernetes_executor.py took 0.031 seconds
[2023-12-06T18:24:43.086+0000] {processor.py:157} INFO - Started process (PID=3842) to work on /usr/local/lib/python3.10/dist-packages/airflow/example_dags/example_kubernetes_executor.py
[2023-12-06T18:24:43.087+0000] {processor.py:829} INFO - Processing file /usr/local/lib/python3.10/dist-packages/airflow/example_dags/example_kubernetes_executor.py for tasks to queue
[2023-12-06T18:24:43.088+0000] {logging_mixin.py:154} INFO - [2023-12-06T18:24:43.088+0000] {dagbag.py:536} INFO - Filling up the DagBag from /usr/local/lib/python3.10/dist-packages/airflow/example_dags/example_kubernetes_executor.py
[2023-12-06T18:24:43.091+0000] {logging_mixin.py:154} INFO - [2023-12-06T18:24:43.091+0000] {example_kubernetes_executor.py:38} WARNING - The example_kubernetes_executor example DAG requires the kubernetes provider. Please install it with: pip install apache-airflow[cncf.kubernetes]
[2023-12-06T18:24:43.091+0000] {processor.py:841} WARNING - No viable dags retrieved from /usr/local/lib/python3.10/dist-packages/airflow/example_dags/example_kubernetes_executor.py
[2023-12-06T18:24:43.102+0000] {processor.py:179} INFO - Processing /usr/local/lib/python3.10/dist-packages/airflow/example_dags/example_kubernetes_executor.py took 0.020 seconds
[2023-12-06T18:25:28.975+0000] {processor.py:157} INFO - Started process (PID=3891) to work on /usr/local/lib/python3.10/dist-packages/airflow/example_dags/example_kubernetes_executor.py
[2023-12-06T18:25:28.977+0000] {processor.py:829} INFO - Processing file /usr/local/lib/python3.10/dist-packages/airflow/example_dags/example_kubernetes_executor.py for tasks to queue
[2023-12-06T18:25:28.978+0000] {logging_mixin.py:154} INFO - [2023-12-06T18:25:28.977+0000] {dagbag.py:536} INFO - Filling up the DagBag from /usr/local/lib/python3.10/dist-packages/airflow/example_dags/example_kubernetes_executor.py
[2023-12-06T18:25:28.981+0000] {logging_mixin.py:154} INFO - [2023-12-06T18:25:28.981+0000] {example_kubernetes_executor.py:38} WARNING - The example_kubernetes_executor example DAG requires the kubernetes provider. Please install it with: pip install apache-airflow[cncf.kubernetes]
[2023-12-06T18:25:28.981+0000] {processor.py:841} WARNING - No viable dags retrieved from /usr/local/lib/python3.10/dist-packages/airflow/example_dags/example_kubernetes_executor.py
[2023-12-06T18:25:28.992+0000] {processor.py:179} INFO - Processing /usr/local/lib/python3.10/dist-packages/airflow/example_dags/example_kubernetes_executor.py took 0.020 seconds
[2023-12-06T18:26:13.277+0000] {processor.py:157} INFO - Started process (PID=3939) to work on /usr/local/lib/python3.10/dist-packages/airflow/example_dags/example_kubernetes_executor.py
[2023-12-06T18:26:13.280+0000] {processor.py:829} INFO - Processing file /usr/local/lib/python3.10/dist-packages/airflow/example_dags/example_kubernetes_executor.py for tasks to queue
[2023-12-06T18:26:13.282+0000] {logging_mixin.py:154} INFO - [2023-12-06T18:26:13.280+0000] {dagbag.py:536} INFO - Filling up the DagBag from /usr/local/lib/python3.10/dist-packages/airflow/example_dags/example_kubernetes_executor.py
[2023-12-06T18:26:13.286+0000] {logging_mixin.py:154} INFO - [2023-12-06T18:26:13.285+0000] {example_kubernetes_executor.py:38} WARNING - The example_kubernetes_executor example DAG requires the kubernetes provider. Please install it with: pip install apache-airflow[cncf.kubernetes]
[2023-12-06T18:26:13.286+0000] {processor.py:841} WARNING - No viable dags retrieved from /usr/local/lib/python3.10/dist-packages/airflow/example_dags/example_kubernetes_executor.py
[2023-12-06T18:26:13.300+0000] {processor.py:179} INFO - Processing /usr/local/lib/python3.10/dist-packages/airflow/example_dags/example_kubernetes_executor.py took 0.027 seconds
[2023-12-06T18:27:00.711+0000] {processor.py:157} INFO - Started process (PID=3988) to work on /usr/local/lib/python3.10/dist-packages/airflow/example_dags/example_kubernetes_executor.py
[2023-12-06T18:27:00.713+0000] {processor.py:829} INFO - Processing file /usr/local/lib/python3.10/dist-packages/airflow/example_dags/example_kubernetes_executor.py for tasks to queue
[2023-12-06T18:27:00.713+0000] {logging_mixin.py:154} INFO - [2023-12-06T18:27:00.713+0000] {dagbag.py:536} INFO - Filling up the DagBag from /usr/local/lib/python3.10/dist-packages/airflow/example_dags/example_kubernetes_executor.py
[2023-12-06T18:27:00.717+0000] {logging_mixin.py:154} INFO - [2023-12-06T18:27:00.717+0000] {example_kubernetes_executor.py:38} WARNING - The example_kubernetes_executor example DAG requires the kubernetes provider. Please install it with: pip install apache-airflow[cncf.kubernetes]
[2023-12-06T18:27:00.717+0000] {processor.py:841} WARNING - No viable dags retrieved from /usr/local/lib/python3.10/dist-packages/airflow/example_dags/example_kubernetes_executor.py
[2023-12-06T18:27:00.729+0000] {processor.py:179} INFO - Processing /usr/local/lib/python3.10/dist-packages/airflow/example_dags/example_kubernetes_executor.py took 0.021 seconds
[2023-12-06T18:27:43.856+0000] {processor.py:157} INFO - Started process (PID=4034) to work on /usr/local/lib/python3.10/dist-packages/airflow/example_dags/example_kubernetes_executor.py
[2023-12-06T18:27:43.858+0000] {processor.py:829} INFO - Processing file /usr/local/lib/python3.10/dist-packages/airflow/example_dags/example_kubernetes_executor.py for tasks to queue
[2023-12-06T18:27:43.858+0000] {logging_mixin.py:154} INFO - [2023-12-06T18:27:43.858+0000] {dagbag.py:536} INFO - Filling up the DagBag from /usr/local/lib/python3.10/dist-packages/airflow/example_dags/example_kubernetes_executor.py
[2023-12-06T18:27:43.862+0000] {logging_mixin.py:154} INFO - [2023-12-06T18:27:43.862+0000] {example_kubernetes_executor.py:38} WARNING - The example_kubernetes_executor example DAG requires the kubernetes provider. Please install it with: pip install apache-airflow[cncf.kubernetes]
[2023-12-06T18:27:43.862+0000] {processor.py:841} WARNING - No viable dags retrieved from /usr/local/lib/python3.10/dist-packages/airflow/example_dags/example_kubernetes_executor.py
[2023-12-06T18:27:43.873+0000] {processor.py:179} INFO - Processing /usr/local/lib/python3.10/dist-packages/airflow/example_dags/example_kubernetes_executor.py took 0.020 seconds
[2023-12-06T18:28:29.033+0000] {processor.py:157} INFO - Started process (PID=4080) to work on /usr/local/lib/python3.10/dist-packages/airflow/example_dags/example_kubernetes_executor.py
[2023-12-06T18:28:29.034+0000] {processor.py:829} INFO - Processing file /usr/local/lib/python3.10/dist-packages/airflow/example_dags/example_kubernetes_executor.py for tasks to queue
[2023-12-06T18:28:29.035+0000] {logging_mixin.py:154} INFO - [2023-12-06T18:28:29.035+0000] {dagbag.py:536} INFO - Filling up the DagBag from /usr/local/lib/python3.10/dist-packages/airflow/example_dags/example_kubernetes_executor.py
[2023-12-06T18:28:29.039+0000] {logging_mixin.py:154} INFO - [2023-12-06T18:28:29.038+0000] {example_kubernetes_executor.py:38} WARNING - The example_kubernetes_executor example DAG requires the kubernetes provider. Please install it with: pip install apache-airflow[cncf.kubernetes]
[2023-12-06T18:28:29.039+0000] {processor.py:841} WARNING - No viable dags retrieved from /usr/local/lib/python3.10/dist-packages/airflow/example_dags/example_kubernetes_executor.py
[2023-12-06T18:28:29.050+0000] {processor.py:179} INFO - Processing /usr/local/lib/python3.10/dist-packages/airflow/example_dags/example_kubernetes_executor.py took 0.021 seconds
[2023-12-06T18:29:17.555+0000] {processor.py:157} INFO - Started process (PID=4131) to work on /usr/local/lib/python3.10/dist-packages/airflow/example_dags/example_kubernetes_executor.py
[2023-12-06T18:29:17.557+0000] {processor.py:829} INFO - Processing file /usr/local/lib/python3.10/dist-packages/airflow/example_dags/example_kubernetes_executor.py for tasks to queue
[2023-12-06T18:29:17.558+0000] {logging_mixin.py:154} INFO - [2023-12-06T18:29:17.557+0000] {dagbag.py:536} INFO - Filling up the DagBag from /usr/local/lib/python3.10/dist-packages/airflow/example_dags/example_kubernetes_executor.py
[2023-12-06T18:29:17.561+0000] {logging_mixin.py:154} INFO - [2023-12-06T18:29:17.561+0000] {example_kubernetes_executor.py:38} WARNING - The example_kubernetes_executor example DAG requires the kubernetes provider. Please install it with: pip install apache-airflow[cncf.kubernetes]
[2023-12-06T18:29:17.562+0000] {processor.py:841} WARNING - No viable dags retrieved from /usr/local/lib/python3.10/dist-packages/airflow/example_dags/example_kubernetes_executor.py
[2023-12-06T18:29:17.572+0000] {processor.py:179} INFO - Processing /usr/local/lib/python3.10/dist-packages/airflow/example_dags/example_kubernetes_executor.py took 0.021 seconds
[2023-12-06T18:30:01.398+0000] {processor.py:157} INFO - Started process (PID=4177) to work on /usr/local/lib/python3.10/dist-packages/airflow/example_dags/example_kubernetes_executor.py
[2023-12-06T18:30:01.400+0000] {processor.py:829} INFO - Processing file /usr/local/lib/python3.10/dist-packages/airflow/example_dags/example_kubernetes_executor.py for tasks to queue
[2023-12-06T18:30:01.401+0000] {logging_mixin.py:154} INFO - [2023-12-06T18:30:01.400+0000] {dagbag.py:536} INFO - Filling up the DagBag from /usr/local/lib/python3.10/dist-packages/airflow/example_dags/example_kubernetes_executor.py
[2023-12-06T18:30:01.404+0000] {logging_mixin.py:154} INFO - [2023-12-06T18:30:01.404+0000] {example_kubernetes_executor.py:38} WARNING - The example_kubernetes_executor example DAG requires the kubernetes provider. Please install it with: pip install apache-airflow[cncf.kubernetes]
[2023-12-06T18:30:01.405+0000] {processor.py:841} WARNING - No viable dags retrieved from /usr/local/lib/python3.10/dist-packages/airflow/example_dags/example_kubernetes_executor.py
[2023-12-06T18:30:01.417+0000] {processor.py:179} INFO - Processing /usr/local/lib/python3.10/dist-packages/airflow/example_dags/example_kubernetes_executor.py took 0.023 seconds
[2023-12-06T18:30:45.664+0000] {processor.py:157} INFO - Started process (PID=4224) to work on /usr/local/lib/python3.10/dist-packages/airflow/example_dags/example_kubernetes_executor.py
[2023-12-06T18:30:45.666+0000] {processor.py:829} INFO - Processing file /usr/local/lib/python3.10/dist-packages/airflow/example_dags/example_kubernetes_executor.py for tasks to queue
[2023-12-06T18:30:45.667+0000] {logging_mixin.py:154} INFO - [2023-12-06T18:30:45.666+0000] {dagbag.py:536} INFO - Filling up the DagBag from /usr/local/lib/python3.10/dist-packages/airflow/example_dags/example_kubernetes_executor.py
[2023-12-06T18:30:45.670+0000] {logging_mixin.py:154} INFO - [2023-12-06T18:30:45.670+0000] {example_kubernetes_executor.py:38} WARNING - The example_kubernetes_executor example DAG requires the kubernetes provider. Please install it with: pip install apache-airflow[cncf.kubernetes]
[2023-12-06T18:30:45.671+0000] {processor.py:841} WARNING - No viable dags retrieved from /usr/local/lib/python3.10/dist-packages/airflow/example_dags/example_kubernetes_executor.py
[2023-12-06T18:30:45.682+0000] {processor.py:179} INFO - Processing /usr/local/lib/python3.10/dist-packages/airflow/example_dags/example_kubernetes_executor.py took 0.021 seconds
[2023-12-06T18:31:30.323+0000] {processor.py:157} INFO - Started process (PID=4269) to work on /usr/local/lib/python3.10/dist-packages/airflow/example_dags/example_kubernetes_executor.py
[2023-12-06T18:31:30.324+0000] {processor.py:829} INFO - Processing file /usr/local/lib/python3.10/dist-packages/airflow/example_dags/example_kubernetes_executor.py for tasks to queue
[2023-12-06T18:31:30.325+0000] {logging_mixin.py:154} INFO - [2023-12-06T18:31:30.325+0000] {dagbag.py:536} INFO - Filling up the DagBag from /usr/local/lib/python3.10/dist-packages/airflow/example_dags/example_kubernetes_executor.py
[2023-12-06T18:31:30.329+0000] {logging_mixin.py:154} INFO - [2023-12-06T18:31:30.328+0000] {example_kubernetes_executor.py:38} WARNING - The example_kubernetes_executor example DAG requires the kubernetes provider. Please install it with: pip install apache-airflow[cncf.kubernetes]
[2023-12-06T18:31:30.329+0000] {processor.py:841} WARNING - No viable dags retrieved from /usr/local/lib/python3.10/dist-packages/airflow/example_dags/example_kubernetes_executor.py
[2023-12-06T18:31:30.340+0000] {processor.py:179} INFO - Processing /usr/local/lib/python3.10/dist-packages/airflow/example_dags/example_kubernetes_executor.py took 0.020 seconds
[2023-12-06T18:32:12.476+0000] {processor.py:157} INFO - Started process (PID=4315) to work on /usr/local/lib/python3.10/dist-packages/airflow/example_dags/example_kubernetes_executor.py
[2023-12-06T18:32:12.479+0000] {processor.py:829} INFO - Processing file /usr/local/lib/python3.10/dist-packages/airflow/example_dags/example_kubernetes_executor.py for tasks to queue
[2023-12-06T18:32:12.480+0000] {logging_mixin.py:154} INFO - [2023-12-06T18:32:12.479+0000] {dagbag.py:536} INFO - Filling up the DagBag from /usr/local/lib/python3.10/dist-packages/airflow/example_dags/example_kubernetes_executor.py
[2023-12-06T18:32:12.483+0000] {logging_mixin.py:154} INFO - [2023-12-06T18:32:12.483+0000] {example_kubernetes_executor.py:38} WARNING - The example_kubernetes_executor example DAG requires the kubernetes provider. Please install it with: pip install apache-airflow[cncf.kubernetes]
[2023-12-06T18:32:12.484+0000] {processor.py:841} WARNING - No viable dags retrieved from /usr/local/lib/python3.10/dist-packages/airflow/example_dags/example_kubernetes_executor.py
[2023-12-06T18:32:12.494+0000] {processor.py:179} INFO - Processing /usr/local/lib/python3.10/dist-packages/airflow/example_dags/example_kubernetes_executor.py took 0.022 seconds
[2023-12-06T18:32:56.823+0000] {processor.py:157} INFO - Started process (PID=4360) to work on /usr/local/lib/python3.10/dist-packages/airflow/example_dags/example_kubernetes_executor.py
[2023-12-06T18:32:56.824+0000] {processor.py:829} INFO - Processing file /usr/local/lib/python3.10/dist-packages/airflow/example_dags/example_kubernetes_executor.py for tasks to queue
[2023-12-06T18:32:56.825+0000] {logging_mixin.py:154} INFO - [2023-12-06T18:32:56.825+0000] {dagbag.py:536} INFO - Filling up the DagBag from /usr/local/lib/python3.10/dist-packages/airflow/example_dags/example_kubernetes_executor.py
[2023-12-06T18:32:56.829+0000] {logging_mixin.py:154} INFO - [2023-12-06T18:32:56.829+0000] {example_kubernetes_executor.py:38} WARNING - The example_kubernetes_executor example DAG requires the kubernetes provider. Please install it with: pip install apache-airflow[cncf.kubernetes]
[2023-12-06T18:32:56.829+0000] {processor.py:841} WARNING - No viable dags retrieved from /usr/local/lib/python3.10/dist-packages/airflow/example_dags/example_kubernetes_executor.py
[2023-12-06T18:32:56.840+0000] {processor.py:179} INFO - Processing /usr/local/lib/python3.10/dist-packages/airflow/example_dags/example_kubernetes_executor.py took 0.020 seconds
[2023-12-06T18:33:44.088+0000] {processor.py:157} INFO - Started process (PID=4408) to work on /usr/local/lib/python3.10/dist-packages/airflow/example_dags/example_kubernetes_executor.py
[2023-12-06T18:33:44.089+0000] {processor.py:829} INFO - Processing file /usr/local/lib/python3.10/dist-packages/airflow/example_dags/example_kubernetes_executor.py for tasks to queue
[2023-12-06T18:33:44.090+0000] {logging_mixin.py:154} INFO - [2023-12-06T18:33:44.090+0000] {dagbag.py:536} INFO - Filling up the DagBag from /usr/local/lib/python3.10/dist-packages/airflow/example_dags/example_kubernetes_executor.py
[2023-12-06T18:33:44.093+0000] {logging_mixin.py:154} INFO - [2023-12-06T18:33:44.093+0000] {example_kubernetes_executor.py:38} WARNING - The example_kubernetes_executor example DAG requires the kubernetes provider. Please install it with: pip install apache-airflow[cncf.kubernetes]
[2023-12-06T18:33:44.094+0000] {processor.py:841} WARNING - No viable dags retrieved from /usr/local/lib/python3.10/dist-packages/airflow/example_dags/example_kubernetes_executor.py
[2023-12-06T18:33:44.105+0000] {processor.py:179} INFO - Processing /usr/local/lib/python3.10/dist-packages/airflow/example_dags/example_kubernetes_executor.py took 0.020 seconds
[2023-12-06T18:34:32.388+0000] {processor.py:157} INFO - Started process (PID=4456) to work on /usr/local/lib/python3.10/dist-packages/airflow/example_dags/example_kubernetes_executor.py
[2023-12-06T18:34:32.390+0000] {processor.py:829} INFO - Processing file /usr/local/lib/python3.10/dist-packages/airflow/example_dags/example_kubernetes_executor.py for tasks to queue
[2023-12-06T18:34:32.390+0000] {logging_mixin.py:154} INFO - [2023-12-06T18:34:32.390+0000] {dagbag.py:536} INFO - Filling up the DagBag from /usr/local/lib/python3.10/dist-packages/airflow/example_dags/example_kubernetes_executor.py
[2023-12-06T18:34:32.394+0000] {logging_mixin.py:154} INFO - [2023-12-06T18:34:32.394+0000] {example_kubernetes_executor.py:38} WARNING - The example_kubernetes_executor example DAG requires the kubernetes provider. Please install it with: pip install apache-airflow[cncf.kubernetes]
[2023-12-06T18:34:32.394+0000] {processor.py:841} WARNING - No viable dags retrieved from /usr/local/lib/python3.10/dist-packages/airflow/example_dags/example_kubernetes_executor.py
[2023-12-06T18:34:32.405+0000] {processor.py:179} INFO - Processing /usr/local/lib/python3.10/dist-packages/airflow/example_dags/example_kubernetes_executor.py took 0.020 seconds
[2023-12-06T18:35:16.808+0000] {processor.py:157} INFO - Started process (PID=4502) to work on /usr/local/lib/python3.10/dist-packages/airflow/example_dags/example_kubernetes_executor.py
[2023-12-06T18:35:16.809+0000] {processor.py:829} INFO - Processing file /usr/local/lib/python3.10/dist-packages/airflow/example_dags/example_kubernetes_executor.py for tasks to queue
[2023-12-06T18:35:16.810+0000] {logging_mixin.py:154} INFO - [2023-12-06T18:35:16.810+0000] {dagbag.py:536} INFO - Filling up the DagBag from /usr/local/lib/python3.10/dist-packages/airflow/example_dags/example_kubernetes_executor.py
[2023-12-06T18:35:16.814+0000] {logging_mixin.py:154} INFO - [2023-12-06T18:35:16.813+0000] {example_kubernetes_executor.py:38} WARNING - The example_kubernetes_executor example DAG requires the kubernetes provider. Please install it with: pip install apache-airflow[cncf.kubernetes]
[2023-12-06T18:35:16.814+0000] {processor.py:841} WARNING - No viable dags retrieved from /usr/local/lib/python3.10/dist-packages/airflow/example_dags/example_kubernetes_executor.py
[2023-12-06T18:35:16.825+0000] {processor.py:179} INFO - Processing /usr/local/lib/python3.10/dist-packages/airflow/example_dags/example_kubernetes_executor.py took 0.021 seconds
[2023-12-06T18:36:03.690+0000] {processor.py:157} INFO - Started process (PID=4551) to work on /usr/local/lib/python3.10/dist-packages/airflow/example_dags/example_kubernetes_executor.py
[2023-12-06T18:36:03.691+0000] {processor.py:829} INFO - Processing file /usr/local/lib/python3.10/dist-packages/airflow/example_dags/example_kubernetes_executor.py for tasks to queue
[2023-12-06T18:36:03.692+0000] {logging_mixin.py:154} INFO - [2023-12-06T18:36:03.692+0000] {dagbag.py:536} INFO - Filling up the DagBag from /usr/local/lib/python3.10/dist-packages/airflow/example_dags/example_kubernetes_executor.py
[2023-12-06T18:36:03.696+0000] {logging_mixin.py:154} INFO - [2023-12-06T18:36:03.696+0000] {example_kubernetes_executor.py:38} WARNING - The example_kubernetes_executor example DAG requires the kubernetes provider. Please install it with: pip install apache-airflow[cncf.kubernetes]
[2023-12-06T18:36:03.696+0000] {processor.py:841} WARNING - No viable dags retrieved from /usr/local/lib/python3.10/dist-packages/airflow/example_dags/example_kubernetes_executor.py
[2023-12-06T18:36:03.707+0000] {processor.py:179} INFO - Processing /usr/local/lib/python3.10/dist-packages/airflow/example_dags/example_kubernetes_executor.py took 0.021 seconds
[2023-12-06T18:36:50.292+0000] {processor.py:157} INFO - Started process (PID=4599) to work on /usr/local/lib/python3.10/dist-packages/airflow/example_dags/example_kubernetes_executor.py
[2023-12-06T18:36:50.293+0000] {processor.py:829} INFO - Processing file /usr/local/lib/python3.10/dist-packages/airflow/example_dags/example_kubernetes_executor.py for tasks to queue
[2023-12-06T18:36:50.294+0000] {logging_mixin.py:154} INFO - [2023-12-06T18:36:50.294+0000] {dagbag.py:536} INFO - Filling up the DagBag from /usr/local/lib/python3.10/dist-packages/airflow/example_dags/example_kubernetes_executor.py
[2023-12-06T18:36:50.298+0000] {logging_mixin.py:154} INFO - [2023-12-06T18:36:50.297+0000] {example_kubernetes_executor.py:38} WARNING - The example_kubernetes_executor example DAG requires the kubernetes provider. Please install it with: pip install apache-airflow[cncf.kubernetes]
[2023-12-06T18:36:50.298+0000] {processor.py:841} WARNING - No viable dags retrieved from /usr/local/lib/python3.10/dist-packages/airflow/example_dags/example_kubernetes_executor.py
[2023-12-06T18:36:50.309+0000] {processor.py:179} INFO - Processing /usr/local/lib/python3.10/dist-packages/airflow/example_dags/example_kubernetes_executor.py took 0.021 seconds
[2023-12-06T18:37:35.460+0000] {processor.py:157} INFO - Started process (PID=4646) to work on /usr/local/lib/python3.10/dist-packages/airflow/example_dags/example_kubernetes_executor.py
[2023-12-06T18:37:35.462+0000] {processor.py:829} INFO - Processing file /usr/local/lib/python3.10/dist-packages/airflow/example_dags/example_kubernetes_executor.py for tasks to queue
[2023-12-06T18:37:35.463+0000] {logging_mixin.py:154} INFO - [2023-12-06T18:37:35.462+0000] {dagbag.py:536} INFO - Filling up the DagBag from /usr/local/lib/python3.10/dist-packages/airflow/example_dags/example_kubernetes_executor.py
[2023-12-06T18:37:35.466+0000] {logging_mixin.py:154} INFO - [2023-12-06T18:37:35.466+0000] {example_kubernetes_executor.py:38} WARNING - The example_kubernetes_executor example DAG requires the kubernetes provider. Please install it with: pip install apache-airflow[cncf.kubernetes]
[2023-12-06T18:37:35.466+0000] {processor.py:841} WARNING - No viable dags retrieved from /usr/local/lib/python3.10/dist-packages/airflow/example_dags/example_kubernetes_executor.py
[2023-12-06T18:37:35.477+0000] {processor.py:179} INFO - Processing /usr/local/lib/python3.10/dist-packages/airflow/example_dags/example_kubernetes_executor.py took 0.021 seconds
[2023-12-06T18:38:21.846+0000] {processor.py:157} INFO - Started process (PID=4693) to work on /usr/local/lib/python3.10/dist-packages/airflow/example_dags/example_kubernetes_executor.py
[2023-12-06T18:38:21.847+0000] {processor.py:829} INFO - Processing file /usr/local/lib/python3.10/dist-packages/airflow/example_dags/example_kubernetes_executor.py for tasks to queue
[2023-12-06T18:38:21.848+0000] {logging_mixin.py:154} INFO - [2023-12-06T18:38:21.848+0000] {dagbag.py:536} INFO - Filling up the DagBag from /usr/local/lib/python3.10/dist-packages/airflow/example_dags/example_kubernetes_executor.py
[2023-12-06T18:38:21.852+0000] {logging_mixin.py:154} INFO - [2023-12-06T18:38:21.852+0000] {example_kubernetes_executor.py:38} WARNING - The example_kubernetes_executor example DAG requires the kubernetes provider. Please install it with: pip install apache-airflow[cncf.kubernetes]
[2023-12-06T18:38:21.852+0000] {processor.py:841} WARNING - No viable dags retrieved from /usr/local/lib/python3.10/dist-packages/airflow/example_dags/example_kubernetes_executor.py
[2023-12-06T18:38:21.863+0000] {processor.py:179} INFO - Processing /usr/local/lib/python3.10/dist-packages/airflow/example_dags/example_kubernetes_executor.py took 0.021 seconds
[2023-12-06T18:39:09.728+0000] {processor.py:157} INFO - Started process (PID=4742) to work on /usr/local/lib/python3.10/dist-packages/airflow/example_dags/example_kubernetes_executor.py
[2023-12-06T18:39:09.731+0000] {processor.py:829} INFO - Processing file /usr/local/lib/python3.10/dist-packages/airflow/example_dags/example_kubernetes_executor.py for tasks to queue
[2023-12-06T18:39:09.732+0000] {logging_mixin.py:154} INFO - [2023-12-06T18:39:09.731+0000] {dagbag.py:536} INFO - Filling up the DagBag from /usr/local/lib/python3.10/dist-packages/airflow/example_dags/example_kubernetes_executor.py
[2023-12-06T18:39:09.736+0000] {logging_mixin.py:154} INFO - [2023-12-06T18:39:09.736+0000] {example_kubernetes_executor.py:38} WARNING - The example_kubernetes_executor example DAG requires the kubernetes provider. Please install it with: pip install apache-airflow[cncf.kubernetes]
[2023-12-06T18:39:09.737+0000] {processor.py:841} WARNING - No viable dags retrieved from /usr/local/lib/python3.10/dist-packages/airflow/example_dags/example_kubernetes_executor.py
[2023-12-06T18:39:09.748+0000] {processor.py:179} INFO - Processing /usr/local/lib/python3.10/dist-packages/airflow/example_dags/example_kubernetes_executor.py took 0.026 seconds
[2023-12-06T18:39:57.897+0000] {processor.py:157} INFO - Started process (PID=4790) to work on /usr/local/lib/python3.10/dist-packages/airflow/example_dags/example_kubernetes_executor.py
[2023-12-06T18:39:57.899+0000] {processor.py:829} INFO - Processing file /usr/local/lib/python3.10/dist-packages/airflow/example_dags/example_kubernetes_executor.py for tasks to queue
[2023-12-06T18:39:57.900+0000] {logging_mixin.py:154} INFO - [2023-12-06T18:39:57.899+0000] {dagbag.py:536} INFO - Filling up the DagBag from /usr/local/lib/python3.10/dist-packages/airflow/example_dags/example_kubernetes_executor.py
[2023-12-06T18:39:57.903+0000] {logging_mixin.py:154} INFO - [2023-12-06T18:39:57.903+0000] {example_kubernetes_executor.py:38} WARNING - The example_kubernetes_executor example DAG requires the kubernetes provider. Please install it with: pip install apache-airflow[cncf.kubernetes]
[2023-12-06T18:39:57.903+0000] {processor.py:841} WARNING - No viable dags retrieved from /usr/local/lib/python3.10/dist-packages/airflow/example_dags/example_kubernetes_executor.py
[2023-12-06T18:39:57.914+0000] {processor.py:179} INFO - Processing /usr/local/lib/python3.10/dist-packages/airflow/example_dags/example_kubernetes_executor.py took 0.020 seconds
[2023-12-06T18:40:49.406+0000] {processor.py:157} INFO - Started process (PID=4841) to work on /usr/local/lib/python3.10/dist-packages/airflow/example_dags/example_kubernetes_executor.py
[2023-12-06T18:40:49.408+0000] {processor.py:829} INFO - Processing file /usr/local/lib/python3.10/dist-packages/airflow/example_dags/example_kubernetes_executor.py for tasks to queue
[2023-12-06T18:40:49.408+0000] {logging_mixin.py:154} INFO - [2023-12-06T18:40:49.408+0000] {dagbag.py:536} INFO - Filling up the DagBag from /usr/local/lib/python3.10/dist-packages/airflow/example_dags/example_kubernetes_executor.py
[2023-12-06T18:40:49.412+0000] {logging_mixin.py:154} INFO - [2023-12-06T18:40:49.412+0000] {example_kubernetes_executor.py:38} WARNING - The example_kubernetes_executor example DAG requires the kubernetes provider. Please install it with: pip install apache-airflow[cncf.kubernetes]
[2023-12-06T18:40:49.412+0000] {processor.py:841} WARNING - No viable dags retrieved from /usr/local/lib/python3.10/dist-packages/airflow/example_dags/example_kubernetes_executor.py
[2023-12-06T18:40:49.423+0000] {processor.py:179} INFO - Processing /usr/local/lib/python3.10/dist-packages/airflow/example_dags/example_kubernetes_executor.py took 0.020 seconds
[2023-12-06T18:41:39.787+0000] {processor.py:157} INFO - Started process (PID=4891) to work on /usr/local/lib/python3.10/dist-packages/airflow/example_dags/example_kubernetes_executor.py
[2023-12-06T18:41:39.789+0000] {processor.py:829} INFO - Processing file /usr/local/lib/python3.10/dist-packages/airflow/example_dags/example_kubernetes_executor.py for tasks to queue
[2023-12-06T18:41:39.790+0000] {logging_mixin.py:154} INFO - [2023-12-06T18:41:39.789+0000] {dagbag.py:536} INFO - Filling up the DagBag from /usr/local/lib/python3.10/dist-packages/airflow/example_dags/example_kubernetes_executor.py
[2023-12-06T18:41:39.793+0000] {logging_mixin.py:154} INFO - [2023-12-06T18:41:39.793+0000] {example_kubernetes_executor.py:38} WARNING - The example_kubernetes_executor example DAG requires the kubernetes provider. Please install it with: pip install apache-airflow[cncf.kubernetes]
[2023-12-06T18:41:39.793+0000] {processor.py:841} WARNING - No viable dags retrieved from /usr/local/lib/python3.10/dist-packages/airflow/example_dags/example_kubernetes_executor.py
[2023-12-06T18:41:39.804+0000] {processor.py:179} INFO - Processing /usr/local/lib/python3.10/dist-packages/airflow/example_dags/example_kubernetes_executor.py took 0.020 seconds
[2023-12-06T18:42:24.187+0000] {processor.py:157} INFO - Started process (PID=4937) to work on /usr/local/lib/python3.10/dist-packages/airflow/example_dags/example_kubernetes_executor.py
[2023-12-06T18:42:24.189+0000] {processor.py:829} INFO - Processing file /usr/local/lib/python3.10/dist-packages/airflow/example_dags/example_kubernetes_executor.py for tasks to queue
[2023-12-06T18:42:24.190+0000] {logging_mixin.py:154} INFO - [2023-12-06T18:42:24.189+0000] {dagbag.py:536} INFO - Filling up the DagBag from /usr/local/lib/python3.10/dist-packages/airflow/example_dags/example_kubernetes_executor.py
[2023-12-06T18:42:24.193+0000] {logging_mixin.py:154} INFO - [2023-12-06T18:42:24.193+0000] {example_kubernetes_executor.py:38} WARNING - The example_kubernetes_executor example DAG requires the kubernetes provider. Please install it with: pip install apache-airflow[cncf.kubernetes]
[2023-12-06T18:42:24.193+0000] {processor.py:841} WARNING - No viable dags retrieved from /usr/local/lib/python3.10/dist-packages/airflow/example_dags/example_kubernetes_executor.py
[2023-12-06T18:42:24.204+0000] {processor.py:179} INFO - Processing /usr/local/lib/python3.10/dist-packages/airflow/example_dags/example_kubernetes_executor.py took 0.021 seconds
[2023-12-06T18:43:15.630+0000] {processor.py:157} INFO - Started process (PID=4988) to work on /usr/local/lib/python3.10/dist-packages/airflow/example_dags/example_kubernetes_executor.py
[2023-12-06T18:43:15.632+0000] {processor.py:829} INFO - Processing file /usr/local/lib/python3.10/dist-packages/airflow/example_dags/example_kubernetes_executor.py for tasks to queue
[2023-12-06T18:43:15.632+0000] {logging_mixin.py:154} INFO - [2023-12-06T18:43:15.632+0000] {dagbag.py:536} INFO - Filling up the DagBag from /usr/local/lib/python3.10/dist-packages/airflow/example_dags/example_kubernetes_executor.py
[2023-12-06T18:43:15.636+0000] {logging_mixin.py:154} INFO - [2023-12-06T18:43:15.636+0000] {example_kubernetes_executor.py:38} WARNING - The example_kubernetes_executor example DAG requires the kubernetes provider. Please install it with: pip install apache-airflow[cncf.kubernetes]
[2023-12-06T18:43:15.636+0000] {processor.py:841} WARNING - No viable dags retrieved from /usr/local/lib/python3.10/dist-packages/airflow/example_dags/example_kubernetes_executor.py
[2023-12-06T18:43:15.647+0000] {processor.py:179} INFO - Processing /usr/local/lib/python3.10/dist-packages/airflow/example_dags/example_kubernetes_executor.py took 0.021 seconds
[2023-12-06T18:44:07.358+0000] {processor.py:157} INFO - Started process (PID=5039) to work on /usr/local/lib/python3.10/dist-packages/airflow/example_dags/example_kubernetes_executor.py
[2023-12-06T18:44:07.359+0000] {processor.py:829} INFO - Processing file /usr/local/lib/python3.10/dist-packages/airflow/example_dags/example_kubernetes_executor.py for tasks to queue
[2023-12-06T18:44:07.360+0000] {logging_mixin.py:154} INFO - [2023-12-06T18:44:07.360+0000] {dagbag.py:536} INFO - Filling up the DagBag from /usr/local/lib/python3.10/dist-packages/airflow/example_dags/example_kubernetes_executor.py
[2023-12-06T18:44:07.363+0000] {logging_mixin.py:154} INFO - [2023-12-06T18:44:07.363+0000] {example_kubernetes_executor.py:38} WARNING - The example_kubernetes_executor example DAG requires the kubernetes provider. Please install it with: pip install apache-airflow[cncf.kubernetes]
[2023-12-06T18:44:07.364+0000] {processor.py:841} WARNING - No viable dags retrieved from /usr/local/lib/python3.10/dist-packages/airflow/example_dags/example_kubernetes_executor.py
[2023-12-06T18:44:07.375+0000] {processor.py:179} INFO - Processing /usr/local/lib/python3.10/dist-packages/airflow/example_dags/example_kubernetes_executor.py took 0.020 seconds
[2023-12-06T18:44:55.505+0000] {processor.py:157} INFO - Started process (PID=5089) to work on /usr/local/lib/python3.10/dist-packages/airflow/example_dags/example_kubernetes_executor.py
[2023-12-06T18:44:55.507+0000] {processor.py:829} INFO - Processing file /usr/local/lib/python3.10/dist-packages/airflow/example_dags/example_kubernetes_executor.py for tasks to queue
[2023-12-06T18:44:55.508+0000] {logging_mixin.py:154} INFO - [2023-12-06T18:44:55.507+0000] {dagbag.py:536} INFO - Filling up the DagBag from /usr/local/lib/python3.10/dist-packages/airflow/example_dags/example_kubernetes_executor.py
[2023-12-06T18:44:55.511+0000] {logging_mixin.py:154} INFO - [2023-12-06T18:44:55.511+0000] {example_kubernetes_executor.py:38} WARNING - The example_kubernetes_executor example DAG requires the kubernetes provider. Please install it with: pip install apache-airflow[cncf.kubernetes]
[2023-12-06T18:44:55.511+0000] {processor.py:841} WARNING - No viable dags retrieved from /usr/local/lib/python3.10/dist-packages/airflow/example_dags/example_kubernetes_executor.py
[2023-12-06T18:44:55.523+0000] {processor.py:179} INFO - Processing /usr/local/lib/python3.10/dist-packages/airflow/example_dags/example_kubernetes_executor.py took 0.021 seconds
[2023-12-06T18:45:41.738+0000] {processor.py:157} INFO - Started process (PID=5137) to work on /usr/local/lib/python3.10/dist-packages/airflow/example_dags/example_kubernetes_executor.py
[2023-12-06T18:45:41.740+0000] {processor.py:829} INFO - Processing file /usr/local/lib/python3.10/dist-packages/airflow/example_dags/example_kubernetes_executor.py for tasks to queue
[2023-12-06T18:45:41.741+0000] {logging_mixin.py:154} INFO - [2023-12-06T18:45:41.740+0000] {dagbag.py:536} INFO - Filling up the DagBag from /usr/local/lib/python3.10/dist-packages/airflow/example_dags/example_kubernetes_executor.py
[2023-12-06T18:45:41.744+0000] {logging_mixin.py:154} INFO - [2023-12-06T18:45:41.744+0000] {example_kubernetes_executor.py:38} WARNING - The example_kubernetes_executor example DAG requires the kubernetes provider. Please install it with: pip install apache-airflow[cncf.kubernetes]
[2023-12-06T18:45:41.745+0000] {processor.py:841} WARNING - No viable dags retrieved from /usr/local/lib/python3.10/dist-packages/airflow/example_dags/example_kubernetes_executor.py
[2023-12-06T18:45:41.763+0000] {processor.py:179} INFO - Processing /usr/local/lib/python3.10/dist-packages/airflow/example_dags/example_kubernetes_executor.py took 0.028 seconds
[2023-12-06T18:46:24.562+0000] {processor.py:157} INFO - Started process (PID=5183) to work on /usr/local/lib/python3.10/dist-packages/airflow/example_dags/example_kubernetes_executor.py
[2023-12-06T18:46:24.564+0000] {processor.py:829} INFO - Processing file /usr/local/lib/python3.10/dist-packages/airflow/example_dags/example_kubernetes_executor.py for tasks to queue
[2023-12-06T18:46:24.565+0000] {logging_mixin.py:154} INFO - [2023-12-06T18:46:24.564+0000] {dagbag.py:536} INFO - Filling up the DagBag from /usr/local/lib/python3.10/dist-packages/airflow/example_dags/example_kubernetes_executor.py
[2023-12-06T18:46:24.568+0000] {logging_mixin.py:154} INFO - [2023-12-06T18:46:24.568+0000] {example_kubernetes_executor.py:38} WARNING - The example_kubernetes_executor example DAG requires the kubernetes provider. Please install it with: pip install apache-airflow[cncf.kubernetes]
[2023-12-06T18:46:24.568+0000] {processor.py:841} WARNING - No viable dags retrieved from /usr/local/lib/python3.10/dist-packages/airflow/example_dags/example_kubernetes_executor.py
[2023-12-06T18:46:24.579+0000] {processor.py:179} INFO - Processing /usr/local/lib/python3.10/dist-packages/airflow/example_dags/example_kubernetes_executor.py took 0.021 seconds
[2023-12-06T18:47:09.810+0000] {processor.py:157} INFO - Started process (PID=5230) to work on /usr/local/lib/python3.10/dist-packages/airflow/example_dags/example_kubernetes_executor.py
[2023-12-06T18:47:09.812+0000] {processor.py:829} INFO - Processing file /usr/local/lib/python3.10/dist-packages/airflow/example_dags/example_kubernetes_executor.py for tasks to queue
[2023-12-06T18:47:09.813+0000] {logging_mixin.py:154} INFO - [2023-12-06T18:47:09.812+0000] {dagbag.py:536} INFO - Filling up the DagBag from /usr/local/lib/python3.10/dist-packages/airflow/example_dags/example_kubernetes_executor.py
[2023-12-06T18:47:09.816+0000] {logging_mixin.py:154} INFO - [2023-12-06T18:47:09.816+0000] {example_kubernetes_executor.py:38} WARNING - The example_kubernetes_executor example DAG requires the kubernetes provider. Please install it with: pip install apache-airflow[cncf.kubernetes]
[2023-12-06T18:47:09.816+0000] {processor.py:841} WARNING - No viable dags retrieved from /usr/local/lib/python3.10/dist-packages/airflow/example_dags/example_kubernetes_executor.py
[2023-12-06T18:47:09.828+0000] {processor.py:179} INFO - Processing /usr/local/lib/python3.10/dist-packages/airflow/example_dags/example_kubernetes_executor.py took 0.021 seconds
[2023-12-06T18:47:59.911+0000] {processor.py:157} INFO - Started process (PID=5282) to work on /usr/local/lib/python3.10/dist-packages/airflow/example_dags/example_kubernetes_executor.py
[2023-12-06T18:47:59.913+0000] {processor.py:829} INFO - Processing file /usr/local/lib/python3.10/dist-packages/airflow/example_dags/example_kubernetes_executor.py for tasks to queue
[2023-12-06T18:47:59.914+0000] {logging_mixin.py:154} INFO - [2023-12-06T18:47:59.913+0000] {dagbag.py:536} INFO - Filling up the DagBag from /usr/local/lib/python3.10/dist-packages/airflow/example_dags/example_kubernetes_executor.py
[2023-12-06T18:47:59.917+0000] {logging_mixin.py:154} INFO - [2023-12-06T18:47:59.917+0000] {example_kubernetes_executor.py:38} WARNING - The example_kubernetes_executor example DAG requires the kubernetes provider. Please install it with: pip install apache-airflow[cncf.kubernetes]
[2023-12-06T18:47:59.917+0000] {processor.py:841} WARNING - No viable dags retrieved from /usr/local/lib/python3.10/dist-packages/airflow/example_dags/example_kubernetes_executor.py
[2023-12-06T18:47:59.928+0000] {processor.py:179} INFO - Processing /usr/local/lib/python3.10/dist-packages/airflow/example_dags/example_kubernetes_executor.py took 0.021 seconds
[2023-12-06T18:48:49.984+0000] {processor.py:157} INFO - Started process (PID=5332) to work on /usr/local/lib/python3.10/dist-packages/airflow/example_dags/example_kubernetes_executor.py
[2023-12-06T18:48:49.985+0000] {processor.py:829} INFO - Processing file /usr/local/lib/python3.10/dist-packages/airflow/example_dags/example_kubernetes_executor.py for tasks to queue
[2023-12-06T18:48:49.986+0000] {logging_mixin.py:154} INFO - [2023-12-06T18:48:49.986+0000] {dagbag.py:536} INFO - Filling up the DagBag from /usr/local/lib/python3.10/dist-packages/airflow/example_dags/example_kubernetes_executor.py
[2023-12-06T18:48:49.990+0000] {logging_mixin.py:154} INFO - [2023-12-06T18:48:49.989+0000] {example_kubernetes_executor.py:38} WARNING - The example_kubernetes_executor example DAG requires the kubernetes provider. Please install it with: pip install apache-airflow[cncf.kubernetes]
[2023-12-06T18:48:49.990+0000] {processor.py:841} WARNING - No viable dags retrieved from /usr/local/lib/python3.10/dist-packages/airflow/example_dags/example_kubernetes_executor.py
[2023-12-06T18:48:50.001+0000] {processor.py:179} INFO - Processing /usr/local/lib/python3.10/dist-packages/airflow/example_dags/example_kubernetes_executor.py took 0.021 seconds
[2023-12-06T18:49:36.541+0000] {processor.py:157} INFO - Started process (PID=5379) to work on /usr/local/lib/python3.10/dist-packages/airflow/example_dags/example_kubernetes_executor.py
[2023-12-06T18:49:36.542+0000] {processor.py:829} INFO - Processing file /usr/local/lib/python3.10/dist-packages/airflow/example_dags/example_kubernetes_executor.py for tasks to queue
[2023-12-06T18:49:36.543+0000] {logging_mixin.py:154} INFO - [2023-12-06T18:49:36.543+0000] {dagbag.py:536} INFO - Filling up the DagBag from /usr/local/lib/python3.10/dist-packages/airflow/example_dags/example_kubernetes_executor.py
[2023-12-06T18:49:36.546+0000] {logging_mixin.py:154} INFO - [2023-12-06T18:49:36.546+0000] {example_kubernetes_executor.py:38} WARNING - The example_kubernetes_executor example DAG requires the kubernetes provider. Please install it with: pip install apache-airflow[cncf.kubernetes]
[2023-12-06T18:49:36.547+0000] {processor.py:841} WARNING - No viable dags retrieved from /usr/local/lib/python3.10/dist-packages/airflow/example_dags/example_kubernetes_executor.py
[2023-12-06T18:49:36.557+0000] {processor.py:179} INFO - Processing /usr/local/lib/python3.10/dist-packages/airflow/example_dags/example_kubernetes_executor.py took 0.020 seconds
[2023-12-06T18:50:22.632+0000] {processor.py:157} INFO - Started process (PID=5428) to work on /usr/local/lib/python3.10/dist-packages/airflow/example_dags/example_kubernetes_executor.py
[2023-12-06T18:50:22.635+0000] {processor.py:829} INFO - Processing file /usr/local/lib/python3.10/dist-packages/airflow/example_dags/example_kubernetes_executor.py for tasks to queue
[2023-12-06T18:50:22.636+0000] {logging_mixin.py:154} INFO - [2023-12-06T18:50:22.635+0000] {dagbag.py:536} INFO - Filling up the DagBag from /usr/local/lib/python3.10/dist-packages/airflow/example_dags/example_kubernetes_executor.py
[2023-12-06T18:50:22.639+0000] {logging_mixin.py:154} INFO - [2023-12-06T18:50:22.639+0000] {example_kubernetes_executor.py:38} WARNING - The example_kubernetes_executor example DAG requires the kubernetes provider. Please install it with: pip install apache-airflow[cncf.kubernetes]
[2023-12-06T18:50:22.640+0000] {processor.py:841} WARNING - No viable dags retrieved from /usr/local/lib/python3.10/dist-packages/airflow/example_dags/example_kubernetes_executor.py
[2023-12-06T18:50:22.650+0000] {processor.py:179} INFO - Processing /usr/local/lib/python3.10/dist-packages/airflow/example_dags/example_kubernetes_executor.py took 0.022 seconds
[2023-12-06T18:51:05.786+0000] {processor.py:157} INFO - Started process (PID=5477) to work on /usr/local/lib/python3.10/dist-packages/airflow/example_dags/example_kubernetes_executor.py
[2023-12-06T18:51:05.788+0000] {processor.py:829} INFO - Processing file /usr/local/lib/python3.10/dist-packages/airflow/example_dags/example_kubernetes_executor.py for tasks to queue
[2023-12-06T18:51:05.789+0000] {logging_mixin.py:154} INFO - [2023-12-06T18:51:05.788+0000] {dagbag.py:536} INFO - Filling up the DagBag from /usr/local/lib/python3.10/dist-packages/airflow/example_dags/example_kubernetes_executor.py
[2023-12-06T18:51:05.792+0000] {logging_mixin.py:154} INFO - [2023-12-06T18:51:05.792+0000] {example_kubernetes_executor.py:38} WARNING - The example_kubernetes_executor example DAG requires the kubernetes provider. Please install it with: pip install apache-airflow[cncf.kubernetes]
[2023-12-06T18:51:05.792+0000] {processor.py:841} WARNING - No viable dags retrieved from /usr/local/lib/python3.10/dist-packages/airflow/example_dags/example_kubernetes_executor.py
[2023-12-06T18:51:05.838+0000] {processor.py:179} INFO - Processing /usr/local/lib/python3.10/dist-packages/airflow/example_dags/example_kubernetes_executor.py took 0.055 seconds
[2023-12-06T18:51:47.843+0000] {processor.py:157} INFO - Started process (PID=5522) to work on /usr/local/lib/python3.10/dist-packages/airflow/example_dags/example_kubernetes_executor.py
[2023-12-06T18:51:47.844+0000] {processor.py:829} INFO - Processing file /usr/local/lib/python3.10/dist-packages/airflow/example_dags/example_kubernetes_executor.py for tasks to queue
[2023-12-06T18:51:47.845+0000] {logging_mixin.py:154} INFO - [2023-12-06T18:51:47.845+0000] {dagbag.py:536} INFO - Filling up the DagBag from /usr/local/lib/python3.10/dist-packages/airflow/example_dags/example_kubernetes_executor.py
[2023-12-06T18:51:47.849+0000] {logging_mixin.py:154} INFO - [2023-12-06T18:51:47.848+0000] {example_kubernetes_executor.py:38} WARNING - The example_kubernetes_executor example DAG requires the kubernetes provider. Please install it with: pip install apache-airflow[cncf.kubernetes]
[2023-12-06T18:51:47.849+0000] {processor.py:841} WARNING - No viable dags retrieved from /usr/local/lib/python3.10/dist-packages/airflow/example_dags/example_kubernetes_executor.py
[2023-12-06T18:51:47.860+0000] {processor.py:179} INFO - Processing /usr/local/lib/python3.10/dist-packages/airflow/example_dags/example_kubernetes_executor.py took 0.021 seconds
[2023-12-06T18:52:36.674+0000] {processor.py:157} INFO - Started process (PID=5571) to work on /usr/local/lib/python3.10/dist-packages/airflow/example_dags/example_kubernetes_executor.py
[2023-12-06T18:52:36.678+0000] {processor.py:829} INFO - Processing file /usr/local/lib/python3.10/dist-packages/airflow/example_dags/example_kubernetes_executor.py for tasks to queue
[2023-12-06T18:52:36.679+0000] {logging_mixin.py:154} INFO - [2023-12-06T18:52:36.679+0000] {dagbag.py:536} INFO - Filling up the DagBag from /usr/local/lib/python3.10/dist-packages/airflow/example_dags/example_kubernetes_executor.py
[2023-12-06T18:52:36.683+0000] {logging_mixin.py:154} INFO - [2023-12-06T18:52:36.683+0000] {example_kubernetes_executor.py:38} WARNING - The example_kubernetes_executor example DAG requires the kubernetes provider. Please install it with: pip install apache-airflow[cncf.kubernetes]
[2023-12-06T18:52:36.683+0000] {processor.py:841} WARNING - No viable dags retrieved from /usr/local/lib/python3.10/dist-packages/airflow/example_dags/example_kubernetes_executor.py
[2023-12-06T18:52:36.695+0000] {processor.py:179} INFO - Processing /usr/local/lib/python3.10/dist-packages/airflow/example_dags/example_kubernetes_executor.py took 0.025 seconds
[2023-12-06T18:53:22.365+0000] {processor.py:157} INFO - Started process (PID=5618) to work on /usr/local/lib/python3.10/dist-packages/airflow/example_dags/example_kubernetes_executor.py
[2023-12-06T18:53:22.366+0000] {processor.py:829} INFO - Processing file /usr/local/lib/python3.10/dist-packages/airflow/example_dags/example_kubernetes_executor.py for tasks to queue
[2023-12-06T18:53:22.367+0000] {logging_mixin.py:154} INFO - [2023-12-06T18:53:22.366+0000] {dagbag.py:536} INFO - Filling up the DagBag from /usr/local/lib/python3.10/dist-packages/airflow/example_dags/example_kubernetes_executor.py
[2023-12-06T18:53:22.370+0000] {logging_mixin.py:154} INFO - [2023-12-06T18:53:22.370+0000] {example_kubernetes_executor.py:38} WARNING - The example_kubernetes_executor example DAG requires the kubernetes provider. Please install it with: pip install apache-airflow[cncf.kubernetes]
[2023-12-06T18:53:22.371+0000] {processor.py:841} WARNING - No viable dags retrieved from /usr/local/lib/python3.10/dist-packages/airflow/example_dags/example_kubernetes_executor.py
[2023-12-06T18:53:22.382+0000] {processor.py:179} INFO - Processing /usr/local/lib/python3.10/dist-packages/airflow/example_dags/example_kubernetes_executor.py took 0.021 seconds
[2023-12-06T18:54:05.171+0000] {processor.py:157} INFO - Started process (PID=5663) to work on /usr/local/lib/python3.10/dist-packages/airflow/example_dags/example_kubernetes_executor.py
[2023-12-06T18:54:05.173+0000] {processor.py:829} INFO - Processing file /usr/local/lib/python3.10/dist-packages/airflow/example_dags/example_kubernetes_executor.py for tasks to queue
[2023-12-06T18:54:05.174+0000] {logging_mixin.py:154} INFO - [2023-12-06T18:54:05.174+0000] {dagbag.py:536} INFO - Filling up the DagBag from /usr/local/lib/python3.10/dist-packages/airflow/example_dags/example_kubernetes_executor.py
[2023-12-06T18:54:05.178+0000] {logging_mixin.py:154} INFO - [2023-12-06T18:54:05.177+0000] {example_kubernetes_executor.py:38} WARNING - The example_kubernetes_executor example DAG requires the kubernetes provider. Please install it with: pip install apache-airflow[cncf.kubernetes]
[2023-12-06T18:54:05.178+0000] {processor.py:841} WARNING - No viable dags retrieved from /usr/local/lib/python3.10/dist-packages/airflow/example_dags/example_kubernetes_executor.py
[2023-12-06T18:54:05.189+0000] {processor.py:179} INFO - Processing /usr/local/lib/python3.10/dist-packages/airflow/example_dags/example_kubernetes_executor.py took 0.022 seconds
[2023-12-06T18:54:51.940+0000] {processor.py:157} INFO - Started process (PID=5711) to work on /usr/local/lib/python3.10/dist-packages/airflow/example_dags/example_kubernetes_executor.py
[2023-12-06T18:54:51.942+0000] {processor.py:829} INFO - Processing file /usr/local/lib/python3.10/dist-packages/airflow/example_dags/example_kubernetes_executor.py for tasks to queue
[2023-12-06T18:54:51.943+0000] {logging_mixin.py:154} INFO - [2023-12-06T18:54:51.942+0000] {dagbag.py:536} INFO - Filling up the DagBag from /usr/local/lib/python3.10/dist-packages/airflow/example_dags/example_kubernetes_executor.py
[2023-12-06T18:54:51.946+0000] {logging_mixin.py:154} INFO - [2023-12-06T18:54:51.946+0000] {example_kubernetes_executor.py:38} WARNING - The example_kubernetes_executor example DAG requires the kubernetes provider. Please install it with: pip install apache-airflow[cncf.kubernetes]
[2023-12-06T18:54:51.946+0000] {processor.py:841} WARNING - No viable dags retrieved from /usr/local/lib/python3.10/dist-packages/airflow/example_dags/example_kubernetes_executor.py
[2023-12-06T18:54:51.958+0000] {processor.py:179} INFO - Processing /usr/local/lib/python3.10/dist-packages/airflow/example_dags/example_kubernetes_executor.py took 0.021 seconds
[2023-12-06T18:55:38.902+0000] {processor.py:157} INFO - Started process (PID=5758) to work on /usr/local/lib/python3.10/dist-packages/airflow/example_dags/example_kubernetes_executor.py
[2023-12-06T18:55:38.904+0000] {processor.py:829} INFO - Processing file /usr/local/lib/python3.10/dist-packages/airflow/example_dags/example_kubernetes_executor.py for tasks to queue
[2023-12-06T18:55:38.905+0000] {logging_mixin.py:154} INFO - [2023-12-06T18:55:38.904+0000] {dagbag.py:536} INFO - Filling up the DagBag from /usr/local/lib/python3.10/dist-packages/airflow/example_dags/example_kubernetes_executor.py
[2023-12-06T18:55:38.908+0000] {logging_mixin.py:154} INFO - [2023-12-06T18:55:38.908+0000] {example_kubernetes_executor.py:38} WARNING - The example_kubernetes_executor example DAG requires the kubernetes provider. Please install it with: pip install apache-airflow[cncf.kubernetes]
[2023-12-06T18:55:38.909+0000] {processor.py:841} WARNING - No viable dags retrieved from /usr/local/lib/python3.10/dist-packages/airflow/example_dags/example_kubernetes_executor.py
[2023-12-06T18:55:38.920+0000] {processor.py:179} INFO - Processing /usr/local/lib/python3.10/dist-packages/airflow/example_dags/example_kubernetes_executor.py took 0.021 seconds
[2023-12-06T18:56:23.953+0000] {processor.py:157} INFO - Started process (PID=5806) to work on /usr/local/lib/python3.10/dist-packages/airflow/example_dags/example_kubernetes_executor.py
[2023-12-06T18:56:23.954+0000] {processor.py:829} INFO - Processing file /usr/local/lib/python3.10/dist-packages/airflow/example_dags/example_kubernetes_executor.py for tasks to queue
[2023-12-06T18:56:23.955+0000] {logging_mixin.py:154} INFO - [2023-12-06T18:56:23.955+0000] {dagbag.py:536} INFO - Filling up the DagBag from /usr/local/lib/python3.10/dist-packages/airflow/example_dags/example_kubernetes_executor.py
[2023-12-06T18:56:23.959+0000] {logging_mixin.py:154} INFO - [2023-12-06T18:56:23.958+0000] {example_kubernetes_executor.py:38} WARNING - The example_kubernetes_executor example DAG requires the kubernetes provider. Please install it with: pip install apache-airflow[cncf.kubernetes]
[2023-12-06T18:56:23.959+0000] {processor.py:841} WARNING - No viable dags retrieved from /usr/local/lib/python3.10/dist-packages/airflow/example_dags/example_kubernetes_executor.py
[2023-12-06T18:56:23.970+0000] {processor.py:179} INFO - Processing /usr/local/lib/python3.10/dist-packages/airflow/example_dags/example_kubernetes_executor.py took 0.021 seconds
[2023-12-06T18:57:09.255+0000] {processor.py:157} INFO - Started process (PID=5853) to work on /usr/local/lib/python3.10/dist-packages/airflow/example_dags/example_kubernetes_executor.py
[2023-12-06T18:57:09.256+0000] {processor.py:829} INFO - Processing file /usr/local/lib/python3.10/dist-packages/airflow/example_dags/example_kubernetes_executor.py for tasks to queue
[2023-12-06T18:57:09.257+0000] {logging_mixin.py:154} INFO - [2023-12-06T18:57:09.257+0000] {dagbag.py:536} INFO - Filling up the DagBag from /usr/local/lib/python3.10/dist-packages/airflow/example_dags/example_kubernetes_executor.py
[2023-12-06T18:57:09.261+0000] {logging_mixin.py:154} INFO - [2023-12-06T18:57:09.260+0000] {example_kubernetes_executor.py:38} WARNING - The example_kubernetes_executor example DAG requires the kubernetes provider. Please install it with: pip install apache-airflow[cncf.kubernetes]
[2023-12-06T18:57:09.261+0000] {processor.py:841} WARNING - No viable dags retrieved from /usr/local/lib/python3.10/dist-packages/airflow/example_dags/example_kubernetes_executor.py
[2023-12-06T18:57:09.272+0000] {processor.py:179} INFO - Processing /usr/local/lib/python3.10/dist-packages/airflow/example_dags/example_kubernetes_executor.py took 0.025 seconds
[2023-12-06T18:57:58.579+0000] {processor.py:157} INFO - Started process (PID=5905) to work on /usr/local/lib/python3.10/dist-packages/airflow/example_dags/example_kubernetes_executor.py
[2023-12-06T18:57:58.580+0000] {processor.py:829} INFO - Processing file /usr/local/lib/python3.10/dist-packages/airflow/example_dags/example_kubernetes_executor.py for tasks to queue
[2023-12-06T18:57:58.581+0000] {logging_mixin.py:154} INFO - [2023-12-06T18:57:58.581+0000] {dagbag.py:536} INFO - Filling up the DagBag from /usr/local/lib/python3.10/dist-packages/airflow/example_dags/example_kubernetes_executor.py
[2023-12-06T18:57:58.585+0000] {logging_mixin.py:154} INFO - [2023-12-06T18:57:58.584+0000] {example_kubernetes_executor.py:38} WARNING - The example_kubernetes_executor example DAG requires the kubernetes provider. Please install it with: pip install apache-airflow[cncf.kubernetes]
[2023-12-06T18:57:58.585+0000] {processor.py:841} WARNING - No viable dags retrieved from /usr/local/lib/python3.10/dist-packages/airflow/example_dags/example_kubernetes_executor.py
[2023-12-06T18:57:58.596+0000] {processor.py:179} INFO - Processing /usr/local/lib/python3.10/dist-packages/airflow/example_dags/example_kubernetes_executor.py took 0.020 seconds
[2023-12-06T18:58:42.401+0000] {processor.py:157} INFO - Started process (PID=5950) to work on /usr/local/lib/python3.10/dist-packages/airflow/example_dags/example_kubernetes_executor.py
[2023-12-06T18:58:42.402+0000] {processor.py:829} INFO - Processing file /usr/local/lib/python3.10/dist-packages/airflow/example_dags/example_kubernetes_executor.py for tasks to queue
[2023-12-06T18:58:42.403+0000] {logging_mixin.py:154} INFO - [2023-12-06T18:58:42.402+0000] {dagbag.py:536} INFO - Filling up the DagBag from /usr/local/lib/python3.10/dist-packages/airflow/example_dags/example_kubernetes_executor.py
[2023-12-06T18:58:42.406+0000] {logging_mixin.py:154} INFO - [2023-12-06T18:58:42.406+0000] {example_kubernetes_executor.py:38} WARNING - The example_kubernetes_executor example DAG requires the kubernetes provider. Please install it with: pip install apache-airflow[cncf.kubernetes]
[2023-12-06T18:58:42.407+0000] {processor.py:841} WARNING - No viable dags retrieved from /usr/local/lib/python3.10/dist-packages/airflow/example_dags/example_kubernetes_executor.py
[2023-12-06T18:58:42.417+0000] {processor.py:179} INFO - Processing /usr/local/lib/python3.10/dist-packages/airflow/example_dags/example_kubernetes_executor.py took 0.020 seconds
[2023-12-06T18:59:28.748+0000] {processor.py:157} INFO - Started process (PID=5997) to work on /usr/local/lib/python3.10/dist-packages/airflow/example_dags/example_kubernetes_executor.py
[2023-12-06T18:59:28.750+0000] {processor.py:829} INFO - Processing file /usr/local/lib/python3.10/dist-packages/airflow/example_dags/example_kubernetes_executor.py for tasks to queue
[2023-12-06T18:59:28.750+0000] {logging_mixin.py:154} INFO - [2023-12-06T18:59:28.750+0000] {dagbag.py:536} INFO - Filling up the DagBag from /usr/local/lib/python3.10/dist-packages/airflow/example_dags/example_kubernetes_executor.py
[2023-12-06T18:59:28.754+0000] {logging_mixin.py:154} INFO - [2023-12-06T18:59:28.754+0000] {example_kubernetes_executor.py:38} WARNING - The example_kubernetes_executor example DAG requires the kubernetes provider. Please install it with: pip install apache-airflow[cncf.kubernetes]
[2023-12-06T18:59:28.754+0000] {processor.py:841} WARNING - No viable dags retrieved from /usr/local/lib/python3.10/dist-packages/airflow/example_dags/example_kubernetes_executor.py
[2023-12-06T18:59:28.765+0000] {processor.py:179} INFO - Processing /usr/local/lib/python3.10/dist-packages/airflow/example_dags/example_kubernetes_executor.py took 0.021 seconds
[2023-12-06T19:00:14.183+0000] {processor.py:157} INFO - Started process (PID=6288) to work on /usr/local/lib/python3.10/dist-packages/airflow/example_dags/example_kubernetes_executor.py
[2023-12-06T19:00:14.185+0000] {processor.py:829} INFO - Processing file /usr/local/lib/python3.10/dist-packages/airflow/example_dags/example_kubernetes_executor.py for tasks to queue
[2023-12-06T19:00:14.186+0000] {logging_mixin.py:154} INFO - [2023-12-06T19:00:14.185+0000] {dagbag.py:536} INFO - Filling up the DagBag from /usr/local/lib/python3.10/dist-packages/airflow/example_dags/example_kubernetes_executor.py
[2023-12-06T19:00:14.189+0000] {logging_mixin.py:154} INFO - [2023-12-06T19:00:14.189+0000] {example_kubernetes_executor.py:38} WARNING - The example_kubernetes_executor example DAG requires the kubernetes provider. Please install it with: pip install apache-airflow[cncf.kubernetes]
[2023-12-06T19:00:14.189+0000] {processor.py:841} WARNING - No viable dags retrieved from /usr/local/lib/python3.10/dist-packages/airflow/example_dags/example_kubernetes_executor.py
[2023-12-06T19:00:14.221+0000] {processor.py:179} INFO - Processing /usr/local/lib/python3.10/dist-packages/airflow/example_dags/example_kubernetes_executor.py took 0.042 seconds
[2023-12-06T19:00:56.907+0000] {processor.py:157} INFO - Started process (PID=6391) to work on /usr/local/lib/python3.10/dist-packages/airflow/example_dags/example_kubernetes_executor.py
[2023-12-06T19:00:56.909+0000] {processor.py:829} INFO - Processing file /usr/local/lib/python3.10/dist-packages/airflow/example_dags/example_kubernetes_executor.py for tasks to queue
[2023-12-06T19:00:56.910+0000] {logging_mixin.py:154} INFO - [2023-12-06T19:00:56.910+0000] {dagbag.py:536} INFO - Filling up the DagBag from /usr/local/lib/python3.10/dist-packages/airflow/example_dags/example_kubernetes_executor.py
[2023-12-06T19:00:56.914+0000] {logging_mixin.py:154} INFO - [2023-12-06T19:00:56.914+0000] {example_kubernetes_executor.py:38} WARNING - The example_kubernetes_executor example DAG requires the kubernetes provider. Please install it with: pip install apache-airflow[cncf.kubernetes]
[2023-12-06T19:00:56.914+0000] {processor.py:841} WARNING - No viable dags retrieved from /usr/local/lib/python3.10/dist-packages/airflow/example_dags/example_kubernetes_executor.py
[2023-12-06T19:00:56.925+0000] {processor.py:179} INFO - Processing /usr/local/lib/python3.10/dist-packages/airflow/example_dags/example_kubernetes_executor.py took 0.021 seconds
[2023-12-06T19:01:45.851+0000] {processor.py:157} INFO - Started process (PID=6495) to work on /usr/local/lib/python3.10/dist-packages/airflow/example_dags/example_kubernetes_executor.py
[2023-12-06T19:01:45.853+0000] {processor.py:829} INFO - Processing file /usr/local/lib/python3.10/dist-packages/airflow/example_dags/example_kubernetes_executor.py for tasks to queue
[2023-12-06T19:01:45.854+0000] {logging_mixin.py:154} INFO - [2023-12-06T19:01:45.853+0000] {dagbag.py:536} INFO - Filling up the DagBag from /usr/local/lib/python3.10/dist-packages/airflow/example_dags/example_kubernetes_executor.py
[2023-12-06T19:01:45.857+0000] {logging_mixin.py:154} INFO - [2023-12-06T19:01:45.857+0000] {example_kubernetes_executor.py:38} WARNING - The example_kubernetes_executor example DAG requires the kubernetes provider. Please install it with: pip install apache-airflow[cncf.kubernetes]
[2023-12-06T19:01:45.857+0000] {processor.py:841} WARNING - No viable dags retrieved from /usr/local/lib/python3.10/dist-packages/airflow/example_dags/example_kubernetes_executor.py
[2023-12-06T19:01:45.868+0000] {processor.py:179} INFO - Processing /usr/local/lib/python3.10/dist-packages/airflow/example_dags/example_kubernetes_executor.py took 0.021 seconds
[2023-12-06T19:02:31.667+0000] {processor.py:157} INFO - Started process (PID=6543) to work on /usr/local/lib/python3.10/dist-packages/airflow/example_dags/example_kubernetes_executor.py
[2023-12-06T19:02:31.668+0000] {processor.py:829} INFO - Processing file /usr/local/lib/python3.10/dist-packages/airflow/example_dags/example_kubernetes_executor.py for tasks to queue
[2023-12-06T19:02:31.669+0000] {logging_mixin.py:154} INFO - [2023-12-06T19:02:31.668+0000] {dagbag.py:536} INFO - Filling up the DagBag from /usr/local/lib/python3.10/dist-packages/airflow/example_dags/example_kubernetes_executor.py
[2023-12-06T19:02:31.672+0000] {logging_mixin.py:154} INFO - [2023-12-06T19:02:31.672+0000] {example_kubernetes_executor.py:38} WARNING - The example_kubernetes_executor example DAG requires the kubernetes provider. Please install it with: pip install apache-airflow[cncf.kubernetes]
[2023-12-06T19:02:31.672+0000] {processor.py:841} WARNING - No viable dags retrieved from /usr/local/lib/python3.10/dist-packages/airflow/example_dags/example_kubernetes_executor.py
[2023-12-06T19:02:31.683+0000] {processor.py:179} INFO - Processing /usr/local/lib/python3.10/dist-packages/airflow/example_dags/example_kubernetes_executor.py took 0.020 seconds
[2023-12-06T19:03:15.830+0000] {processor.py:157} INFO - Started process (PID=6588) to work on /usr/local/lib/python3.10/dist-packages/airflow/example_dags/example_kubernetes_executor.py
[2023-12-06T19:03:15.831+0000] {processor.py:829} INFO - Processing file /usr/local/lib/python3.10/dist-packages/airflow/example_dags/example_kubernetes_executor.py for tasks to queue
[2023-12-06T19:03:15.832+0000] {logging_mixin.py:154} INFO - [2023-12-06T19:03:15.832+0000] {dagbag.py:536} INFO - Filling up the DagBag from /usr/local/lib/python3.10/dist-packages/airflow/example_dags/example_kubernetes_executor.py
[2023-12-06T19:03:15.835+0000] {logging_mixin.py:154} INFO - [2023-12-06T19:03:15.835+0000] {example_kubernetes_executor.py:38} WARNING - The example_kubernetes_executor example DAG requires the kubernetes provider. Please install it with: pip install apache-airflow[cncf.kubernetes]
[2023-12-06T19:03:15.836+0000] {processor.py:841} WARNING - No viable dags retrieved from /usr/local/lib/python3.10/dist-packages/airflow/example_dags/example_kubernetes_executor.py
[2023-12-06T19:03:15.847+0000] {processor.py:179} INFO - Processing /usr/local/lib/python3.10/dist-packages/airflow/example_dags/example_kubernetes_executor.py took 0.020 seconds
[2023-12-06T19:04:07.309+0000] {processor.py:157} INFO - Started process (PID=6639) to work on /usr/local/lib/python3.10/dist-packages/airflow/example_dags/example_kubernetes_executor.py
[2023-12-06T19:04:07.311+0000] {processor.py:829} INFO - Processing file /usr/local/lib/python3.10/dist-packages/airflow/example_dags/example_kubernetes_executor.py for tasks to queue
[2023-12-06T19:04:07.312+0000] {logging_mixin.py:154} INFO - [2023-12-06T19:04:07.311+0000] {dagbag.py:536} INFO - Filling up the DagBag from /usr/local/lib/python3.10/dist-packages/airflow/example_dags/example_kubernetes_executor.py
[2023-12-06T19:04:07.315+0000] {logging_mixin.py:154} INFO - [2023-12-06T19:04:07.315+0000] {example_kubernetes_executor.py:38} WARNING - The example_kubernetes_executor example DAG requires the kubernetes provider. Please install it with: pip install apache-airflow[cncf.kubernetes]
[2023-12-06T19:04:07.316+0000] {processor.py:841} WARNING - No viable dags retrieved from /usr/local/lib/python3.10/dist-packages/airflow/example_dags/example_kubernetes_executor.py
[2023-12-06T19:04:07.327+0000] {processor.py:179} INFO - Processing /usr/local/lib/python3.10/dist-packages/airflow/example_dags/example_kubernetes_executor.py took 0.021 seconds
[2023-12-06T19:04:53.637+0000] {processor.py:157} INFO - Started process (PID=6850) to work on /usr/local/lib/python3.10/dist-packages/airflow/example_dags/example_kubernetes_executor.py
[2023-12-06T19:04:53.639+0000] {processor.py:829} INFO - Processing file /usr/local/lib/python3.10/dist-packages/airflow/example_dags/example_kubernetes_executor.py for tasks to queue
[2023-12-06T19:04:53.640+0000] {logging_mixin.py:154} INFO - [2023-12-06T19:04:53.639+0000] {dagbag.py:536} INFO - Filling up the DagBag from /usr/local/lib/python3.10/dist-packages/airflow/example_dags/example_kubernetes_executor.py
[2023-12-06T19:04:53.643+0000] {logging_mixin.py:154} INFO - [2023-12-06T19:04:53.643+0000] {example_kubernetes_executor.py:38} WARNING - The example_kubernetes_executor example DAG requires the kubernetes provider. Please install it with: pip install apache-airflow[cncf.kubernetes]
[2023-12-06T19:04:53.644+0000] {processor.py:841} WARNING - No viable dags retrieved from /usr/local/lib/python3.10/dist-packages/airflow/example_dags/example_kubernetes_executor.py
[2023-12-06T19:04:53.655+0000] {processor.py:179} INFO - Processing /usr/local/lib/python3.10/dist-packages/airflow/example_dags/example_kubernetes_executor.py took 0.021 seconds
[2023-12-06T19:05:45.411+0000] {processor.py:157} INFO - Started process (PID=6907) to work on /usr/local/lib/python3.10/dist-packages/airflow/example_dags/example_kubernetes_executor.py
[2023-12-06T19:05:45.413+0000] {processor.py:829} INFO - Processing file /usr/local/lib/python3.10/dist-packages/airflow/example_dags/example_kubernetes_executor.py for tasks to queue
[2023-12-06T19:05:45.414+0000] {logging_mixin.py:154} INFO - [2023-12-06T19:05:45.414+0000] {dagbag.py:536} INFO - Filling up the DagBag from /usr/local/lib/python3.10/dist-packages/airflow/example_dags/example_kubernetes_executor.py
[2023-12-06T19:05:45.418+0000] {logging_mixin.py:154} INFO - [2023-12-06T19:05:45.418+0000] {example_kubernetes_executor.py:38} WARNING - The example_kubernetes_executor example DAG requires the kubernetes provider. Please install it with: pip install apache-airflow[cncf.kubernetes]
[2023-12-06T19:05:45.418+0000] {processor.py:841} WARNING - No viable dags retrieved from /usr/local/lib/python3.10/dist-packages/airflow/example_dags/example_kubernetes_executor.py
[2023-12-06T19:05:45.430+0000] {processor.py:179} INFO - Processing /usr/local/lib/python3.10/dist-packages/airflow/example_dags/example_kubernetes_executor.py took 0.023 seconds
[2023-12-06T19:06:31.182+0000] {processor.py:157} INFO - Started process (PID=6955) to work on /usr/local/lib/python3.10/dist-packages/airflow/example_dags/example_kubernetes_executor.py
[2023-12-06T19:06:31.184+0000] {processor.py:829} INFO - Processing file /usr/local/lib/python3.10/dist-packages/airflow/example_dags/example_kubernetes_executor.py for tasks to queue
[2023-12-06T19:06:31.185+0000] {logging_mixin.py:154} INFO - [2023-12-06T19:06:31.185+0000] {dagbag.py:536} INFO - Filling up the DagBag from /usr/local/lib/python3.10/dist-packages/airflow/example_dags/example_kubernetes_executor.py
[2023-12-06T19:06:31.189+0000] {logging_mixin.py:154} INFO - [2023-12-06T19:06:31.189+0000] {example_kubernetes_executor.py:38} WARNING - The example_kubernetes_executor example DAG requires the kubernetes provider. Please install it with: pip install apache-airflow[cncf.kubernetes]
[2023-12-06T19:06:31.189+0000] {processor.py:841} WARNING - No viable dags retrieved from /usr/local/lib/python3.10/dist-packages/airflow/example_dags/example_kubernetes_executor.py
[2023-12-06T19:06:31.201+0000] {processor.py:179} INFO - Processing /usr/local/lib/python3.10/dist-packages/airflow/example_dags/example_kubernetes_executor.py took 0.022 seconds
[2023-12-06T19:07:18.225+0000] {processor.py:157} INFO - Started process (PID=7002) to work on /usr/local/lib/python3.10/dist-packages/airflow/example_dags/example_kubernetes_executor.py
[2023-12-06T19:07:18.227+0000] {processor.py:829} INFO - Processing file /usr/local/lib/python3.10/dist-packages/airflow/example_dags/example_kubernetes_executor.py for tasks to queue
[2023-12-06T19:07:18.228+0000] {logging_mixin.py:154} INFO - [2023-12-06T19:07:18.227+0000] {dagbag.py:536} INFO - Filling up the DagBag from /usr/local/lib/python3.10/dist-packages/airflow/example_dags/example_kubernetes_executor.py
[2023-12-06T19:07:18.231+0000] {logging_mixin.py:154} INFO - [2023-12-06T19:07:18.231+0000] {example_kubernetes_executor.py:38} WARNING - The example_kubernetes_executor example DAG requires the kubernetes provider. Please install it with: pip install apache-airflow[cncf.kubernetes]
[2023-12-06T19:07:18.232+0000] {processor.py:841} WARNING - No viable dags retrieved from /usr/local/lib/python3.10/dist-packages/airflow/example_dags/example_kubernetes_executor.py
[2023-12-06T19:07:18.243+0000] {processor.py:179} INFO - Processing /usr/local/lib/python3.10/dist-packages/airflow/example_dags/example_kubernetes_executor.py took 0.021 seconds
