[2023-12-06T18:22:00.117+0000] {processor.py:157} INFO - Started process (PID=3678) to work on /usr/local/lib/python3.10/dist-packages/airflow/example_dags/example_short_circuit_decorator.py
[2023-12-06T18:22:00.118+0000] {processor.py:829} INFO - Processing file /usr/local/lib/python3.10/dist-packages/airflow/example_dags/example_short_circuit_decorator.py for tasks to queue
[2023-12-06T18:22:00.119+0000] {logging_mixin.py:154} INFO - [2023-12-06T18:22:00.118+0000] {dagbag.py:536} INFO - Filling up the DagBag from /usr/local/lib/python3.10/dist-packages/airflow/example_dags/example_short_circuit_decorator.py
[2023-12-06T18:22:00.132+0000] {processor.py:839} INFO - DAG(s) dict_keys(['example_short_circuit_decorator']) retrieved from /usr/local/lib/python3.10/dist-packages/airflow/example_dags/example_short_circuit_decorator.py
[2023-12-06T18:22:00.254+0000] {logging_mixin.py:154} INFO - [2023-12-06T18:22:00.254+0000] {manager.py:499} INFO - Created Permission View: %s
[2023-12-06T18:22:00.270+0000] {logging_mixin.py:154} INFO - [2023-12-06T18:22:00.269+0000] {manager.py:499} INFO - Created Permission View: %s
[2023-12-06T18:22:00.281+0000] {logging_mixin.py:154} INFO - [2023-12-06T18:22:00.280+0000] {manager.py:499} INFO - Created Permission View: %s
[2023-12-06T18:22:00.281+0000] {logging_mixin.py:154} INFO - [2023-12-06T18:22:00.281+0000] {dag.py:2941} INFO - Sync 1 DAGs
[2023-12-06T18:22:00.294+0000] {logging_mixin.py:154} INFO - [2023-12-06T18:22:00.294+0000] {dag.py:2963} INFO - Creating ORM DAG for example_short_circuit_decorator
[2023-12-06T18:22:00.302+0000] {logging_mixin.py:154} INFO - [2023-12-06T18:22:00.302+0000] {dag.py:3722} INFO - Setting next_dagrun for example_short_circuit_decorator to 2023-12-05T18:22:00.302481+00:00, run_after=2023-12-06T18:22:00.302481+00:00
[2023-12-06T18:22:00.327+0000] {processor.py:179} INFO - Processing /usr/local/lib/python3.10/dist-packages/airflow/example_dags/example_short_circuit_decorator.py took 0.214 seconds
[2023-12-06T18:22:51.044+0000] {processor.py:157} INFO - Started process (PID=3729) to work on /usr/local/lib/python3.10/dist-packages/airflow/example_dags/example_short_circuit_decorator.py
[2023-12-06T18:22:51.046+0000] {processor.py:829} INFO - Processing file /usr/local/lib/python3.10/dist-packages/airflow/example_dags/example_short_circuit_decorator.py for tasks to queue
[2023-12-06T18:22:51.047+0000] {logging_mixin.py:154} INFO - [2023-12-06T18:22:51.046+0000] {dagbag.py:536} INFO - Filling up the DagBag from /usr/local/lib/python3.10/dist-packages/airflow/example_dags/example_short_circuit_decorator.py
[2023-12-06T18:22:51.059+0000] {processor.py:839} INFO - DAG(s) dict_keys(['example_short_circuit_decorator']) retrieved from /usr/local/lib/python3.10/dist-packages/airflow/example_dags/example_short_circuit_decorator.py
[2023-12-06T18:22:51.079+0000] {logging_mixin.py:154} INFO - [2023-12-06T18:22:51.078+0000] {dag.py:2941} INFO - Sync 1 DAGs
[2023-12-06T18:22:51.099+0000] {logging_mixin.py:154} INFO - [2023-12-06T18:22:51.099+0000] {dag.py:3722} INFO - Setting next_dagrun for example_short_circuit_decorator to 2023-12-05T18:22:51.098850+00:00, run_after=2023-12-06T18:22:51.098850+00:00
[2023-12-06T18:22:51.121+0000] {processor.py:179} INFO - Processing /usr/local/lib/python3.10/dist-packages/airflow/example_dags/example_short_circuit_decorator.py took 0.081 seconds
[2023-12-06T18:23:37.200+0000] {processor.py:157} INFO - Started process (PID=3775) to work on /usr/local/lib/python3.10/dist-packages/airflow/example_dags/example_short_circuit_decorator.py
[2023-12-06T18:23:37.201+0000] {processor.py:829} INFO - Processing file /usr/local/lib/python3.10/dist-packages/airflow/example_dags/example_short_circuit_decorator.py for tasks to queue
[2023-12-06T18:23:37.202+0000] {logging_mixin.py:154} INFO - [2023-12-06T18:23:37.202+0000] {dagbag.py:536} INFO - Filling up the DagBag from /usr/local/lib/python3.10/dist-packages/airflow/example_dags/example_short_circuit_decorator.py
[2023-12-06T18:23:37.213+0000] {processor.py:839} INFO - DAG(s) dict_keys(['example_short_circuit_decorator']) retrieved from /usr/local/lib/python3.10/dist-packages/airflow/example_dags/example_short_circuit_decorator.py
[2023-12-06T18:23:37.232+0000] {logging_mixin.py:154} INFO - [2023-12-06T18:23:37.232+0000] {dag.py:2941} INFO - Sync 1 DAGs
[2023-12-06T18:23:37.259+0000] {logging_mixin.py:154} INFO - [2023-12-06T18:23:37.259+0000] {dag.py:3722} INFO - Setting next_dagrun for example_short_circuit_decorator to 2023-12-05T18:23:37.257555+00:00, run_after=2023-12-06T18:23:37.257555+00:00
[2023-12-06T18:23:37.283+0000] {processor.py:179} INFO - Processing /usr/local/lib/python3.10/dist-packages/airflow/example_dags/example_short_circuit_decorator.py took 0.087 seconds
[2023-12-06T18:24:25.733+0000] {processor.py:157} INFO - Started process (PID=3825) to work on /usr/local/lib/python3.10/dist-packages/airflow/example_dags/example_short_circuit_decorator.py
[2023-12-06T18:24:25.734+0000] {processor.py:829} INFO - Processing file /usr/local/lib/python3.10/dist-packages/airflow/example_dags/example_short_circuit_decorator.py for tasks to queue
[2023-12-06T18:24:25.735+0000] {logging_mixin.py:154} INFO - [2023-12-06T18:24:25.735+0000] {dagbag.py:536} INFO - Filling up the DagBag from /usr/local/lib/python3.10/dist-packages/airflow/example_dags/example_short_circuit_decorator.py
[2023-12-06T18:24:25.746+0000] {processor.py:839} INFO - DAG(s) dict_keys(['example_short_circuit_decorator']) retrieved from /usr/local/lib/python3.10/dist-packages/airflow/example_dags/example_short_circuit_decorator.py
[2023-12-06T18:24:25.766+0000] {logging_mixin.py:154} INFO - [2023-12-06T18:24:25.765+0000] {dag.py:2941} INFO - Sync 1 DAGs
[2023-12-06T18:24:25.786+0000] {logging_mixin.py:154} INFO - [2023-12-06T18:24:25.785+0000] {dag.py:3722} INFO - Setting next_dagrun for example_short_circuit_decorator to 2023-12-05T18:24:25.785606+00:00, run_after=2023-12-06T18:24:25.785606+00:00
[2023-12-06T18:24:25.807+0000] {processor.py:179} INFO - Processing /usr/local/lib/python3.10/dist-packages/airflow/example_dags/example_short_circuit_decorator.py took 0.078 seconds
[2023-12-06T18:25:15.030+0000] {processor.py:157} INFO - Started process (PID=3876) to work on /usr/local/lib/python3.10/dist-packages/airflow/example_dags/example_short_circuit_decorator.py
[2023-12-06T18:25:15.031+0000] {processor.py:829} INFO - Processing file /usr/local/lib/python3.10/dist-packages/airflow/example_dags/example_short_circuit_decorator.py for tasks to queue
[2023-12-06T18:25:15.032+0000] {logging_mixin.py:154} INFO - [2023-12-06T18:25:15.032+0000] {dagbag.py:536} INFO - Filling up the DagBag from /usr/local/lib/python3.10/dist-packages/airflow/example_dags/example_short_circuit_decorator.py
[2023-12-06T18:25:15.043+0000] {processor.py:839} INFO - DAG(s) dict_keys(['example_short_circuit_decorator']) retrieved from /usr/local/lib/python3.10/dist-packages/airflow/example_dags/example_short_circuit_decorator.py
[2023-12-06T18:25:15.063+0000] {logging_mixin.py:154} INFO - [2023-12-06T18:25:15.063+0000] {dag.py:2941} INFO - Sync 1 DAGs
[2023-12-06T18:25:15.084+0000] {logging_mixin.py:154} INFO - [2023-12-06T18:25:15.084+0000] {dag.py:3722} INFO - Setting next_dagrun for example_short_circuit_decorator to 2023-12-05T18:25:15.084031+00:00, run_after=2023-12-06T18:25:15.084031+00:00
[2023-12-06T18:25:15.108+0000] {processor.py:179} INFO - Processing /usr/local/lib/python3.10/dist-packages/airflow/example_dags/example_short_circuit_decorator.py took 0.081 seconds
[2023-12-06T18:25:58.247+0000] {processor.py:157} INFO - Started process (PID=3924) to work on /usr/local/lib/python3.10/dist-packages/airflow/example_dags/example_short_circuit_decorator.py
[2023-12-06T18:25:58.249+0000] {processor.py:829} INFO - Processing file /usr/local/lib/python3.10/dist-packages/airflow/example_dags/example_short_circuit_decorator.py for tasks to queue
[2023-12-06T18:25:58.250+0000] {logging_mixin.py:154} INFO - [2023-12-06T18:25:58.249+0000] {dagbag.py:536} INFO - Filling up the DagBag from /usr/local/lib/python3.10/dist-packages/airflow/example_dags/example_short_circuit_decorator.py
[2023-12-06T18:25:58.261+0000] {processor.py:839} INFO - DAG(s) dict_keys(['example_short_circuit_decorator']) retrieved from /usr/local/lib/python3.10/dist-packages/airflow/example_dags/example_short_circuit_decorator.py
[2023-12-06T18:25:58.281+0000] {logging_mixin.py:154} INFO - [2023-12-06T18:25:58.281+0000] {dag.py:2941} INFO - Sync 1 DAGs
[2023-12-06T18:25:58.301+0000] {logging_mixin.py:154} INFO - [2023-12-06T18:25:58.301+0000] {dag.py:3722} INFO - Setting next_dagrun for example_short_circuit_decorator to 2023-12-05T18:25:58.301324+00:00, run_after=2023-12-06T18:25:58.301324+00:00
[2023-12-06T18:25:58.325+0000] {processor.py:179} INFO - Processing /usr/local/lib/python3.10/dist-packages/airflow/example_dags/example_short_circuit_decorator.py took 0.082 seconds
[2023-12-06T18:26:47.079+0000] {processor.py:157} INFO - Started process (PID=3974) to work on /usr/local/lib/python3.10/dist-packages/airflow/example_dags/example_short_circuit_decorator.py
[2023-12-06T18:26:47.080+0000] {processor.py:829} INFO - Processing file /usr/local/lib/python3.10/dist-packages/airflow/example_dags/example_short_circuit_decorator.py for tasks to queue
[2023-12-06T18:26:47.081+0000] {logging_mixin.py:154} INFO - [2023-12-06T18:26:47.081+0000] {dagbag.py:536} INFO - Filling up the DagBag from /usr/local/lib/python3.10/dist-packages/airflow/example_dags/example_short_circuit_decorator.py
[2023-12-06T18:26:47.092+0000] {processor.py:839} INFO - DAG(s) dict_keys(['example_short_circuit_decorator']) retrieved from /usr/local/lib/python3.10/dist-packages/airflow/example_dags/example_short_circuit_decorator.py
[2023-12-06T18:26:47.112+0000] {logging_mixin.py:154} INFO - [2023-12-06T18:26:47.111+0000] {dag.py:2941} INFO - Sync 1 DAGs
[2023-12-06T18:26:47.133+0000] {logging_mixin.py:154} INFO - [2023-12-06T18:26:47.132+0000] {dag.py:3722} INFO - Setting next_dagrun for example_short_circuit_decorator to 2023-12-05T18:26:47.132682+00:00, run_after=2023-12-06T18:26:47.132682+00:00
[2023-12-06T18:26:47.164+0000] {processor.py:179} INFO - Processing /usr/local/lib/python3.10/dist-packages/airflow/example_dags/example_short_circuit_decorator.py took 0.088 seconds
[2023-12-06T18:27:32.602+0000] {processor.py:157} INFO - Started process (PID=4020) to work on /usr/local/lib/python3.10/dist-packages/airflow/example_dags/example_short_circuit_decorator.py
[2023-12-06T18:27:32.603+0000] {processor.py:829} INFO - Processing file /usr/local/lib/python3.10/dist-packages/airflow/example_dags/example_short_circuit_decorator.py for tasks to queue
[2023-12-06T18:27:32.604+0000] {logging_mixin.py:154} INFO - [2023-12-06T18:27:32.603+0000] {dagbag.py:536} INFO - Filling up the DagBag from /usr/local/lib/python3.10/dist-packages/airflow/example_dags/example_short_circuit_decorator.py
[2023-12-06T18:27:32.614+0000] {processor.py:839} INFO - DAG(s) dict_keys(['example_short_circuit_decorator']) retrieved from /usr/local/lib/python3.10/dist-packages/airflow/example_dags/example_short_circuit_decorator.py
[2023-12-06T18:27:32.634+0000] {logging_mixin.py:154} INFO - [2023-12-06T18:27:32.634+0000] {dag.py:2941} INFO - Sync 1 DAGs
[2023-12-06T18:27:32.654+0000] {logging_mixin.py:154} INFO - [2023-12-06T18:27:32.653+0000] {dag.py:3722} INFO - Setting next_dagrun for example_short_circuit_decorator to 2023-12-05T18:27:32.653672+00:00, run_after=2023-12-06T18:27:32.653672+00:00
[2023-12-06T18:27:32.684+0000] {processor.py:179} INFO - Processing /usr/local/lib/python3.10/dist-packages/airflow/example_dags/example_short_circuit_decorator.py took 0.086 seconds
[2023-12-06T18:28:13.986+0000] {processor.py:157} INFO - Started process (PID=4064) to work on /usr/local/lib/python3.10/dist-packages/airflow/example_dags/example_short_circuit_decorator.py
[2023-12-06T18:28:13.988+0000] {processor.py:829} INFO - Processing file /usr/local/lib/python3.10/dist-packages/airflow/example_dags/example_short_circuit_decorator.py for tasks to queue
[2023-12-06T18:28:13.989+0000] {logging_mixin.py:154} INFO - [2023-12-06T18:28:13.988+0000] {dagbag.py:536} INFO - Filling up the DagBag from /usr/local/lib/python3.10/dist-packages/airflow/example_dags/example_short_circuit_decorator.py
[2023-12-06T18:28:14.000+0000] {processor.py:839} INFO - DAG(s) dict_keys(['example_short_circuit_decorator']) retrieved from /usr/local/lib/python3.10/dist-packages/airflow/example_dags/example_short_circuit_decorator.py
[2023-12-06T18:28:14.020+0000] {logging_mixin.py:154} INFO - [2023-12-06T18:28:14.020+0000] {dag.py:2941} INFO - Sync 1 DAGs
[2023-12-06T18:28:14.041+0000] {logging_mixin.py:154} INFO - [2023-12-06T18:28:14.040+0000] {dag.py:3722} INFO - Setting next_dagrun for example_short_circuit_decorator to 2023-12-05T18:28:14.040514+00:00, run_after=2023-12-06T18:28:14.040514+00:00
[2023-12-06T18:28:14.068+0000] {processor.py:179} INFO - Processing /usr/local/lib/python3.10/dist-packages/airflow/example_dags/example_short_circuit_decorator.py took 0.085 seconds
[2023-12-06T18:29:01.735+0000] {processor.py:157} INFO - Started process (PID=4114) to work on /usr/local/lib/python3.10/dist-packages/airflow/example_dags/example_short_circuit_decorator.py
[2023-12-06T18:29:01.737+0000] {processor.py:829} INFO - Processing file /usr/local/lib/python3.10/dist-packages/airflow/example_dags/example_short_circuit_decorator.py for tasks to queue
[2023-12-06T18:29:01.738+0000] {logging_mixin.py:154} INFO - [2023-12-06T18:29:01.737+0000] {dagbag.py:536} INFO - Filling up the DagBag from /usr/local/lib/python3.10/dist-packages/airflow/example_dags/example_short_circuit_decorator.py
[2023-12-06T18:29:01.750+0000] {processor.py:839} INFO - DAG(s) dict_keys(['example_short_circuit_decorator']) retrieved from /usr/local/lib/python3.10/dist-packages/airflow/example_dags/example_short_circuit_decorator.py
[2023-12-06T18:29:01.771+0000] {logging_mixin.py:154} INFO - [2023-12-06T18:29:01.771+0000] {dag.py:2941} INFO - Sync 1 DAGs
[2023-12-06T18:29:01.794+0000] {logging_mixin.py:154} INFO - [2023-12-06T18:29:01.793+0000] {dag.py:3722} INFO - Setting next_dagrun for example_short_circuit_decorator to 2023-12-05T18:29:01.793699+00:00, run_after=2023-12-06T18:29:01.793699+00:00
[2023-12-06T18:29:01.822+0000] {processor.py:179} INFO - Processing /usr/local/lib/python3.10/dist-packages/airflow/example_dags/example_short_circuit_decorator.py took 0.091 seconds
[2023-12-06T18:29:45.376+0000] {processor.py:157} INFO - Started process (PID=4160) to work on /usr/local/lib/python3.10/dist-packages/airflow/example_dags/example_short_circuit_decorator.py
[2023-12-06T18:29:45.378+0000] {processor.py:829} INFO - Processing file /usr/local/lib/python3.10/dist-packages/airflow/example_dags/example_short_circuit_decorator.py for tasks to queue
[2023-12-06T18:29:45.378+0000] {logging_mixin.py:154} INFO - [2023-12-06T18:29:45.378+0000] {dagbag.py:536} INFO - Filling up the DagBag from /usr/local/lib/python3.10/dist-packages/airflow/example_dags/example_short_circuit_decorator.py
[2023-12-06T18:29:45.389+0000] {processor.py:839} INFO - DAG(s) dict_keys(['example_short_circuit_decorator']) retrieved from /usr/local/lib/python3.10/dist-packages/airflow/example_dags/example_short_circuit_decorator.py
[2023-12-06T18:29:45.409+0000] {logging_mixin.py:154} INFO - [2023-12-06T18:29:45.409+0000] {dag.py:2941} INFO - Sync 1 DAGs
[2023-12-06T18:29:45.431+0000] {logging_mixin.py:154} INFO - [2023-12-06T18:29:45.431+0000] {dag.py:3722} INFO - Setting next_dagrun for example_short_circuit_decorator to 2023-12-05T18:29:45.430761+00:00, run_after=2023-12-06T18:29:45.430761+00:00
[2023-12-06T18:29:45.453+0000] {processor.py:179} INFO - Processing /usr/local/lib/python3.10/dist-packages/airflow/example_dags/example_short_circuit_decorator.py took 0.080 seconds
[2023-12-06T18:30:29.740+0000] {processor.py:157} INFO - Started process (PID=4205) to work on /usr/local/lib/python3.10/dist-packages/airflow/example_dags/example_short_circuit_decorator.py
[2023-12-06T18:30:29.742+0000] {processor.py:829} INFO - Processing file /usr/local/lib/python3.10/dist-packages/airflow/example_dags/example_short_circuit_decorator.py for tasks to queue
[2023-12-06T18:30:29.743+0000] {logging_mixin.py:154} INFO - [2023-12-06T18:30:29.742+0000] {dagbag.py:536} INFO - Filling up the DagBag from /usr/local/lib/python3.10/dist-packages/airflow/example_dags/example_short_circuit_decorator.py
[2023-12-06T18:30:29.753+0000] {processor.py:839} INFO - DAG(s) dict_keys(['example_short_circuit_decorator']) retrieved from /usr/local/lib/python3.10/dist-packages/airflow/example_dags/example_short_circuit_decorator.py
[2023-12-06T18:30:29.774+0000] {logging_mixin.py:154} INFO - [2023-12-06T18:30:29.773+0000] {dag.py:2941} INFO - Sync 1 DAGs
[2023-12-06T18:30:29.795+0000] {logging_mixin.py:154} INFO - [2023-12-06T18:30:29.795+0000] {dag.py:3722} INFO - Setting next_dagrun for example_short_circuit_decorator to 2023-12-05T18:30:29.794738+00:00, run_after=2023-12-06T18:30:29.794738+00:00
[2023-12-06T18:30:29.818+0000] {processor.py:179} INFO - Processing /usr/local/lib/python3.10/dist-packages/airflow/example_dags/example_short_circuit_decorator.py took 0.081 seconds
[2023-12-06T18:31:11.752+0000] {processor.py:157} INFO - Started process (PID=4251) to work on /usr/local/lib/python3.10/dist-packages/airflow/example_dags/example_short_circuit_decorator.py
[2023-12-06T18:31:11.753+0000] {processor.py:829} INFO - Processing file /usr/local/lib/python3.10/dist-packages/airflow/example_dags/example_short_circuit_decorator.py for tasks to queue
[2023-12-06T18:31:11.754+0000] {logging_mixin.py:154} INFO - [2023-12-06T18:31:11.754+0000] {dagbag.py:536} INFO - Filling up the DagBag from /usr/local/lib/python3.10/dist-packages/airflow/example_dags/example_short_circuit_decorator.py
[2023-12-06T18:31:11.765+0000] {processor.py:839} INFO - DAG(s) dict_keys(['example_short_circuit_decorator']) retrieved from /usr/local/lib/python3.10/dist-packages/airflow/example_dags/example_short_circuit_decorator.py
[2023-12-06T18:31:11.784+0000] {logging_mixin.py:154} INFO - [2023-12-06T18:31:11.784+0000] {dag.py:2941} INFO - Sync 1 DAGs
[2023-12-06T18:31:11.805+0000] {logging_mixin.py:154} INFO - [2023-12-06T18:31:11.805+0000] {dag.py:3722} INFO - Setting next_dagrun for example_short_circuit_decorator to 2023-12-05T18:31:11.804822+00:00, run_after=2023-12-06T18:31:11.804822+00:00
[2023-12-06T18:31:11.826+0000] {processor.py:179} INFO - Processing /usr/local/lib/python3.10/dist-packages/airflow/example_dags/example_short_circuit_decorator.py took 0.078 seconds
[2023-12-06T18:31:54.782+0000] {processor.py:157} INFO - Started process (PID=4297) to work on /usr/local/lib/python3.10/dist-packages/airflow/example_dags/example_short_circuit_decorator.py
[2023-12-06T18:31:54.784+0000] {processor.py:829} INFO - Processing file /usr/local/lib/python3.10/dist-packages/airflow/example_dags/example_short_circuit_decorator.py for tasks to queue
[2023-12-06T18:31:54.785+0000] {logging_mixin.py:154} INFO - [2023-12-06T18:31:54.784+0000] {dagbag.py:536} INFO - Filling up the DagBag from /usr/local/lib/python3.10/dist-packages/airflow/example_dags/example_short_circuit_decorator.py
[2023-12-06T18:31:54.804+0000] {processor.py:839} INFO - DAG(s) dict_keys(['example_short_circuit_decorator']) retrieved from /usr/local/lib/python3.10/dist-packages/airflow/example_dags/example_short_circuit_decorator.py
[2023-12-06T18:31:54.827+0000] {logging_mixin.py:154} INFO - [2023-12-06T18:31:54.827+0000] {dag.py:2941} INFO - Sync 1 DAGs
[2023-12-06T18:31:54.847+0000] {logging_mixin.py:154} INFO - [2023-12-06T18:31:54.847+0000] {dag.py:3722} INFO - Setting next_dagrun for example_short_circuit_decorator to 2023-12-05T18:31:54.847450+00:00, run_after=2023-12-06T18:31:54.847450+00:00
[2023-12-06T18:31:54.871+0000] {processor.py:179} INFO - Processing /usr/local/lib/python3.10/dist-packages/airflow/example_dags/example_short_circuit_decorator.py took 0.092 seconds
[2023-12-06T18:32:36.882+0000] {processor.py:157} INFO - Started process (PID=4339) to work on /usr/local/lib/python3.10/dist-packages/airflow/example_dags/example_short_circuit_decorator.py
[2023-12-06T18:32:36.883+0000] {processor.py:829} INFO - Processing file /usr/local/lib/python3.10/dist-packages/airflow/example_dags/example_short_circuit_decorator.py for tasks to queue
[2023-12-06T18:32:36.884+0000] {logging_mixin.py:154} INFO - [2023-12-06T18:32:36.883+0000] {dagbag.py:536} INFO - Filling up the DagBag from /usr/local/lib/python3.10/dist-packages/airflow/example_dags/example_short_circuit_decorator.py
[2023-12-06T18:32:36.895+0000] {processor.py:839} INFO - DAG(s) dict_keys(['example_short_circuit_decorator']) retrieved from /usr/local/lib/python3.10/dist-packages/airflow/example_dags/example_short_circuit_decorator.py
[2023-12-06T18:32:36.915+0000] {logging_mixin.py:154} INFO - [2023-12-06T18:32:36.915+0000] {dag.py:2941} INFO - Sync 1 DAGs
[2023-12-06T18:32:36.935+0000] {logging_mixin.py:154} INFO - [2023-12-06T18:32:36.935+0000] {dag.py:3722} INFO - Setting next_dagrun for example_short_circuit_decorator to 2023-12-05T18:32:36.935399+00:00, run_after=2023-12-06T18:32:36.935399+00:00
[2023-12-06T18:32:36.959+0000] {processor.py:179} INFO - Processing /usr/local/lib/python3.10/dist-packages/airflow/example_dags/example_short_circuit_decorator.py took 0.081 seconds
[2023-12-06T18:33:23.505+0000] {processor.py:157} INFO - Started process (PID=4387) to work on /usr/local/lib/python3.10/dist-packages/airflow/example_dags/example_short_circuit_decorator.py
[2023-12-06T18:33:23.506+0000] {processor.py:829} INFO - Processing file /usr/local/lib/python3.10/dist-packages/airflow/example_dags/example_short_circuit_decorator.py for tasks to queue
[2023-12-06T18:33:23.507+0000] {logging_mixin.py:154} INFO - [2023-12-06T18:33:23.507+0000] {dagbag.py:536} INFO - Filling up the DagBag from /usr/local/lib/python3.10/dist-packages/airflow/example_dags/example_short_circuit_decorator.py
[2023-12-06T18:33:23.518+0000] {processor.py:839} INFO - DAG(s) dict_keys(['example_short_circuit_decorator']) retrieved from /usr/local/lib/python3.10/dist-packages/airflow/example_dags/example_short_circuit_decorator.py
[2023-12-06T18:33:23.537+0000] {logging_mixin.py:154} INFO - [2023-12-06T18:33:23.537+0000] {dag.py:2941} INFO - Sync 1 DAGs
[2023-12-06T18:33:23.557+0000] {logging_mixin.py:154} INFO - [2023-12-06T18:33:23.557+0000] {dag.py:3722} INFO - Setting next_dagrun for example_short_circuit_decorator to 2023-12-05T18:33:23.557483+00:00, run_after=2023-12-06T18:33:23.557483+00:00
[2023-12-06T18:33:23.586+0000] {processor.py:179} INFO - Processing /usr/local/lib/python3.10/dist-packages/airflow/example_dags/example_short_circuit_decorator.py took 0.085 seconds
[2023-12-06T18:34:10.190+0000] {processor.py:157} INFO - Started process (PID=4434) to work on /usr/local/lib/python3.10/dist-packages/airflow/example_dags/example_short_circuit_decorator.py
[2023-12-06T18:34:10.191+0000] {processor.py:829} INFO - Processing file /usr/local/lib/python3.10/dist-packages/airflow/example_dags/example_short_circuit_decorator.py for tasks to queue
[2023-12-06T18:34:10.192+0000] {logging_mixin.py:154} INFO - [2023-12-06T18:34:10.192+0000] {dagbag.py:536} INFO - Filling up the DagBag from /usr/local/lib/python3.10/dist-packages/airflow/example_dags/example_short_circuit_decorator.py
[2023-12-06T18:34:10.204+0000] {processor.py:839} INFO - DAG(s) dict_keys(['example_short_circuit_decorator']) retrieved from /usr/local/lib/python3.10/dist-packages/airflow/example_dags/example_short_circuit_decorator.py
[2023-12-06T18:34:10.224+0000] {logging_mixin.py:154} INFO - [2023-12-06T18:34:10.224+0000] {dag.py:2941} INFO - Sync 1 DAGs
[2023-12-06T18:34:10.245+0000] {logging_mixin.py:154} INFO - [2023-12-06T18:34:10.245+0000] {dag.py:3722} INFO - Setting next_dagrun for example_short_circuit_decorator to 2023-12-05T18:34:10.244923+00:00, run_after=2023-12-06T18:34:10.244923+00:00
[2023-12-06T18:34:10.268+0000] {processor.py:179} INFO - Processing /usr/local/lib/python3.10/dist-packages/airflow/example_dags/example_short_circuit_decorator.py took 0.082 seconds
[2023-12-06T18:34:57.670+0000] {processor.py:157} INFO - Started process (PID=4482) to work on /usr/local/lib/python3.10/dist-packages/airflow/example_dags/example_short_circuit_decorator.py
[2023-12-06T18:34:57.672+0000] {processor.py:829} INFO - Processing file /usr/local/lib/python3.10/dist-packages/airflow/example_dags/example_short_circuit_decorator.py for tasks to queue
[2023-12-06T18:34:57.673+0000] {logging_mixin.py:154} INFO - [2023-12-06T18:34:57.672+0000] {dagbag.py:536} INFO - Filling up the DagBag from /usr/local/lib/python3.10/dist-packages/airflow/example_dags/example_short_circuit_decorator.py
[2023-12-06T18:34:57.683+0000] {processor.py:839} INFO - DAG(s) dict_keys(['example_short_circuit_decorator']) retrieved from /usr/local/lib/python3.10/dist-packages/airflow/example_dags/example_short_circuit_decorator.py
[2023-12-06T18:34:57.703+0000] {logging_mixin.py:154} INFO - [2023-12-06T18:34:57.703+0000] {dag.py:2941} INFO - Sync 1 DAGs
[2023-12-06T18:34:57.723+0000] {logging_mixin.py:154} INFO - [2023-12-06T18:34:57.723+0000] {dag.py:3722} INFO - Setting next_dagrun for example_short_circuit_decorator to 2023-12-05T18:34:57.722793+00:00, run_after=2023-12-06T18:34:57.722793+00:00
[2023-12-06T18:34:57.745+0000] {processor.py:179} INFO - Processing /usr/local/lib/python3.10/dist-packages/airflow/example_dags/example_short_circuit_decorator.py took 0.078 seconds
[2023-12-06T18:35:44.689+0000] {processor.py:157} INFO - Started process (PID=4532) to work on /usr/local/lib/python3.10/dist-packages/airflow/example_dags/example_short_circuit_decorator.py
[2023-12-06T18:35:44.690+0000] {processor.py:829} INFO - Processing file /usr/local/lib/python3.10/dist-packages/airflow/example_dags/example_short_circuit_decorator.py for tasks to queue
[2023-12-06T18:35:44.691+0000] {logging_mixin.py:154} INFO - [2023-12-06T18:35:44.691+0000] {dagbag.py:536} INFO - Filling up the DagBag from /usr/local/lib/python3.10/dist-packages/airflow/example_dags/example_short_circuit_decorator.py
[2023-12-06T18:35:44.702+0000] {processor.py:839} INFO - DAG(s) dict_keys(['example_short_circuit_decorator']) retrieved from /usr/local/lib/python3.10/dist-packages/airflow/example_dags/example_short_circuit_decorator.py
[2023-12-06T18:35:44.721+0000] {logging_mixin.py:154} INFO - [2023-12-06T18:35:44.721+0000] {dag.py:2941} INFO - Sync 1 DAGs
[2023-12-06T18:35:44.742+0000] {logging_mixin.py:154} INFO - [2023-12-06T18:35:44.741+0000] {dag.py:3722} INFO - Setting next_dagrun for example_short_circuit_decorator to 2023-12-05T18:35:44.741549+00:00, run_after=2023-12-06T18:35:44.741549+00:00
[2023-12-06T18:35:44.765+0000] {processor.py:179} INFO - Processing /usr/local/lib/python3.10/dist-packages/airflow/example_dags/example_short_circuit_decorator.py took 0.079 seconds
[2023-12-06T18:36:30.084+0000] {processor.py:157} INFO - Started process (PID=4578) to work on /usr/local/lib/python3.10/dist-packages/airflow/example_dags/example_short_circuit_decorator.py
[2023-12-06T18:36:30.086+0000] {processor.py:829} INFO - Processing file /usr/local/lib/python3.10/dist-packages/airflow/example_dags/example_short_circuit_decorator.py for tasks to queue
[2023-12-06T18:36:30.087+0000] {logging_mixin.py:154} INFO - [2023-12-06T18:36:30.087+0000] {dagbag.py:536} INFO - Filling up the DagBag from /usr/local/lib/python3.10/dist-packages/airflow/example_dags/example_short_circuit_decorator.py
[2023-12-06T18:36:30.098+0000] {processor.py:839} INFO - DAG(s) dict_keys(['example_short_circuit_decorator']) retrieved from /usr/local/lib/python3.10/dist-packages/airflow/example_dags/example_short_circuit_decorator.py
[2023-12-06T18:36:30.118+0000] {logging_mixin.py:154} INFO - [2023-12-06T18:36:30.118+0000] {dag.py:2941} INFO - Sync 1 DAGs
[2023-12-06T18:36:30.149+0000] {logging_mixin.py:154} INFO - [2023-12-06T18:36:30.149+0000] {dag.py:3722} INFO - Setting next_dagrun for example_short_circuit_decorator to 2023-12-05T18:36:30.148855+00:00, run_after=2023-12-06T18:36:30.148855+00:00
[2023-12-06T18:36:30.178+0000] {processor.py:179} INFO - Processing /usr/local/lib/python3.10/dist-packages/airflow/example_dags/example_short_circuit_decorator.py took 0.098 seconds
[2023-12-06T18:37:16.007+0000] {processor.py:157} INFO - Started process (PID=4625) to work on /usr/local/lib/python3.10/dist-packages/airflow/example_dags/example_short_circuit_decorator.py
[2023-12-06T18:37:16.008+0000] {processor.py:829} INFO - Processing file /usr/local/lib/python3.10/dist-packages/airflow/example_dags/example_short_circuit_decorator.py for tasks to queue
[2023-12-06T18:37:16.009+0000] {logging_mixin.py:154} INFO - [2023-12-06T18:37:16.009+0000] {dagbag.py:536} INFO - Filling up the DagBag from /usr/local/lib/python3.10/dist-packages/airflow/example_dags/example_short_circuit_decorator.py
[2023-12-06T18:37:16.020+0000] {processor.py:839} INFO - DAG(s) dict_keys(['example_short_circuit_decorator']) retrieved from /usr/local/lib/python3.10/dist-packages/airflow/example_dags/example_short_circuit_decorator.py
[2023-12-06T18:37:16.040+0000] {logging_mixin.py:154} INFO - [2023-12-06T18:37:16.039+0000] {dag.py:2941} INFO - Sync 1 DAGs
[2023-12-06T18:37:16.060+0000] {logging_mixin.py:154} INFO - [2023-12-06T18:37:16.060+0000] {dag.py:3722} INFO - Setting next_dagrun for example_short_circuit_decorator to 2023-12-05T18:37:16.059817+00:00, run_after=2023-12-06T18:37:16.059817+00:00
[2023-12-06T18:37:16.085+0000] {processor.py:179} INFO - Processing /usr/local/lib/python3.10/dist-packages/airflow/example_dags/example_short_circuit_decorator.py took 0.081 seconds
[2023-12-06T18:38:02.379+0000] {processor.py:157} INFO - Started process (PID=4673) to work on /usr/local/lib/python3.10/dist-packages/airflow/example_dags/example_short_circuit_decorator.py
[2023-12-06T18:38:02.381+0000] {processor.py:829} INFO - Processing file /usr/local/lib/python3.10/dist-packages/airflow/example_dags/example_short_circuit_decorator.py for tasks to queue
[2023-12-06T18:38:02.382+0000] {logging_mixin.py:154} INFO - [2023-12-06T18:38:02.381+0000] {dagbag.py:536} INFO - Filling up the DagBag from /usr/local/lib/python3.10/dist-packages/airflow/example_dags/example_short_circuit_decorator.py
[2023-12-06T18:38:02.394+0000] {processor.py:839} INFO - DAG(s) dict_keys(['example_short_circuit_decorator']) retrieved from /usr/local/lib/python3.10/dist-packages/airflow/example_dags/example_short_circuit_decorator.py
[2023-12-06T18:38:02.415+0000] {logging_mixin.py:154} INFO - [2023-12-06T18:38:02.414+0000] {dag.py:2941} INFO - Sync 1 DAGs
[2023-12-06T18:38:02.438+0000] {logging_mixin.py:154} INFO - [2023-12-06T18:38:02.437+0000] {dag.py:3722} INFO - Setting next_dagrun for example_short_circuit_decorator to 2023-12-05T18:38:02.437690+00:00, run_after=2023-12-06T18:38:02.437690+00:00
[2023-12-06T18:38:02.466+0000] {processor.py:179} INFO - Processing /usr/local/lib/python3.10/dist-packages/airflow/example_dags/example_short_circuit_decorator.py took 0.091 seconds
[2023-12-06T18:38:49.446+0000] {processor.py:157} INFO - Started process (PID=4721) to work on /usr/local/lib/python3.10/dist-packages/airflow/example_dags/example_short_circuit_decorator.py
[2023-12-06T18:38:49.447+0000] {processor.py:829} INFO - Processing file /usr/local/lib/python3.10/dist-packages/airflow/example_dags/example_short_circuit_decorator.py for tasks to queue
[2023-12-06T18:38:49.448+0000] {logging_mixin.py:154} INFO - [2023-12-06T18:38:49.448+0000] {dagbag.py:536} INFO - Filling up the DagBag from /usr/local/lib/python3.10/dist-packages/airflow/example_dags/example_short_circuit_decorator.py
[2023-12-06T18:38:49.459+0000] {processor.py:839} INFO - DAG(s) dict_keys(['example_short_circuit_decorator']) retrieved from /usr/local/lib/python3.10/dist-packages/airflow/example_dags/example_short_circuit_decorator.py
[2023-12-06T18:38:49.479+0000] {logging_mixin.py:154} INFO - [2023-12-06T18:38:49.478+0000] {dag.py:2941} INFO - Sync 1 DAGs
[2023-12-06T18:38:49.499+0000] {logging_mixin.py:154} INFO - [2023-12-06T18:38:49.498+0000] {dag.py:3722} INFO - Setting next_dagrun for example_short_circuit_decorator to 2023-12-05T18:38:49.498558+00:00, run_after=2023-12-06T18:38:49.498558+00:00
[2023-12-06T18:38:49.521+0000] {processor.py:179} INFO - Processing /usr/local/lib/python3.10/dist-packages/airflow/example_dags/example_short_circuit_decorator.py took 0.079 seconds
[2023-12-06T18:39:38.317+0000] {processor.py:157} INFO - Started process (PID=4769) to work on /usr/local/lib/python3.10/dist-packages/airflow/example_dags/example_short_circuit_decorator.py
[2023-12-06T18:39:38.319+0000] {processor.py:829} INFO - Processing file /usr/local/lib/python3.10/dist-packages/airflow/example_dags/example_short_circuit_decorator.py for tasks to queue
[2023-12-06T18:39:38.319+0000] {logging_mixin.py:154} INFO - [2023-12-06T18:39:38.319+0000] {dagbag.py:536} INFO - Filling up the DagBag from /usr/local/lib/python3.10/dist-packages/airflow/example_dags/example_short_circuit_decorator.py
[2023-12-06T18:39:38.330+0000] {processor.py:839} INFO - DAG(s) dict_keys(['example_short_circuit_decorator']) retrieved from /usr/local/lib/python3.10/dist-packages/airflow/example_dags/example_short_circuit_decorator.py
[2023-12-06T18:39:38.350+0000] {logging_mixin.py:154} INFO - [2023-12-06T18:39:38.350+0000] {dag.py:2941} INFO - Sync 1 DAGs
[2023-12-06T18:39:38.371+0000] {logging_mixin.py:154} INFO - [2023-12-06T18:39:38.371+0000] {dag.py:3722} INFO - Setting next_dagrun for example_short_circuit_decorator to 2023-12-05T18:39:38.371502+00:00, run_after=2023-12-06T18:39:38.371502+00:00
[2023-12-06T18:39:38.400+0000] {processor.py:179} INFO - Processing /usr/local/lib/python3.10/dist-packages/airflow/example_dags/example_short_circuit_decorator.py took 0.086 seconds
[2023-12-06T18:40:27.563+0000] {processor.py:157} INFO - Started process (PID=4819) to work on /usr/local/lib/python3.10/dist-packages/airflow/example_dags/example_short_circuit_decorator.py
[2023-12-06T18:40:27.565+0000] {processor.py:829} INFO - Processing file /usr/local/lib/python3.10/dist-packages/airflow/example_dags/example_short_circuit_decorator.py for tasks to queue
[2023-12-06T18:40:27.566+0000] {logging_mixin.py:154} INFO - [2023-12-06T18:40:27.565+0000] {dagbag.py:536} INFO - Filling up the DagBag from /usr/local/lib/python3.10/dist-packages/airflow/example_dags/example_short_circuit_decorator.py
[2023-12-06T18:40:27.577+0000] {processor.py:839} INFO - DAG(s) dict_keys(['example_short_circuit_decorator']) retrieved from /usr/local/lib/python3.10/dist-packages/airflow/example_dags/example_short_circuit_decorator.py
[2023-12-06T18:40:27.597+0000] {logging_mixin.py:154} INFO - [2023-12-06T18:40:27.597+0000] {dag.py:2941} INFO - Sync 1 DAGs
[2023-12-06T18:40:27.618+0000] {logging_mixin.py:154} INFO - [2023-12-06T18:40:27.618+0000] {dag.py:3722} INFO - Setting next_dagrun for example_short_circuit_decorator to 2023-12-05T18:40:27.618352+00:00, run_after=2023-12-06T18:40:27.618352+00:00
[2023-12-06T18:40:27.642+0000] {processor.py:179} INFO - Processing /usr/local/lib/python3.10/dist-packages/airflow/example_dags/example_short_circuit_decorator.py took 0.083 seconds
[2023-12-06T18:41:18.553+0000] {processor.py:157} INFO - Started process (PID=4870) to work on /usr/local/lib/python3.10/dist-packages/airflow/example_dags/example_short_circuit_decorator.py
[2023-12-06T18:41:18.554+0000] {processor.py:829} INFO - Processing file /usr/local/lib/python3.10/dist-packages/airflow/example_dags/example_short_circuit_decorator.py for tasks to queue
[2023-12-06T18:41:18.555+0000] {logging_mixin.py:154} INFO - [2023-12-06T18:41:18.555+0000] {dagbag.py:536} INFO - Filling up the DagBag from /usr/local/lib/python3.10/dist-packages/airflow/example_dags/example_short_circuit_decorator.py
[2023-12-06T18:41:18.566+0000] {processor.py:839} INFO - DAG(s) dict_keys(['example_short_circuit_decorator']) retrieved from /usr/local/lib/python3.10/dist-packages/airflow/example_dags/example_short_circuit_decorator.py
[2023-12-06T18:41:18.586+0000] {logging_mixin.py:154} INFO - [2023-12-06T18:41:18.586+0000] {dag.py:2941} INFO - Sync 1 DAGs
[2023-12-06T18:41:18.607+0000] {logging_mixin.py:154} INFO - [2023-12-06T18:41:18.606+0000] {dag.py:3722} INFO - Setting next_dagrun for example_short_circuit_decorator to 2023-12-05T18:41:18.606634+00:00, run_after=2023-12-06T18:41:18.606634+00:00
[2023-12-06T18:41:18.630+0000] {processor.py:179} INFO - Processing /usr/local/lib/python3.10/dist-packages/airflow/example_dags/example_short_circuit_decorator.py took 0.082 seconds
[2023-12-06T18:42:04.710+0000] {processor.py:157} INFO - Started process (PID=4917) to work on /usr/local/lib/python3.10/dist-packages/airflow/example_dags/example_short_circuit_decorator.py
[2023-12-06T18:42:04.712+0000] {processor.py:829} INFO - Processing file /usr/local/lib/python3.10/dist-packages/airflow/example_dags/example_short_circuit_decorator.py for tasks to queue
[2023-12-06T18:42:04.713+0000] {logging_mixin.py:154} INFO - [2023-12-06T18:42:04.712+0000] {dagbag.py:536} INFO - Filling up the DagBag from /usr/local/lib/python3.10/dist-packages/airflow/example_dags/example_short_circuit_decorator.py
[2023-12-06T18:42:04.724+0000] {processor.py:839} INFO - DAG(s) dict_keys(['example_short_circuit_decorator']) retrieved from /usr/local/lib/python3.10/dist-packages/airflow/example_dags/example_short_circuit_decorator.py
[2023-12-06T18:42:04.744+0000] {logging_mixin.py:154} INFO - [2023-12-06T18:42:04.744+0000] {dag.py:2941} INFO - Sync 1 DAGs
[2023-12-06T18:42:04.765+0000] {logging_mixin.py:154} INFO - [2023-12-06T18:42:04.765+0000] {dag.py:3722} INFO - Setting next_dagrun for example_short_circuit_decorator to 2023-12-05T18:42:04.765266+00:00, run_after=2023-12-06T18:42:04.765266+00:00
[2023-12-06T18:42:04.789+0000] {processor.py:179} INFO - Processing /usr/local/lib/python3.10/dist-packages/airflow/example_dags/example_short_circuit_decorator.py took 0.082 seconds
[2023-12-06T18:42:52.753+0000] {processor.py:157} INFO - Started process (PID=4965) to work on /usr/local/lib/python3.10/dist-packages/airflow/example_dags/example_short_circuit_decorator.py
[2023-12-06T18:42:52.754+0000] {processor.py:829} INFO - Processing file /usr/local/lib/python3.10/dist-packages/airflow/example_dags/example_short_circuit_decorator.py for tasks to queue
[2023-12-06T18:42:52.755+0000] {logging_mixin.py:154} INFO - [2023-12-06T18:42:52.755+0000] {dagbag.py:536} INFO - Filling up the DagBag from /usr/local/lib/python3.10/dist-packages/airflow/example_dags/example_short_circuit_decorator.py
[2023-12-06T18:42:52.766+0000] {processor.py:839} INFO - DAG(s) dict_keys(['example_short_circuit_decorator']) retrieved from /usr/local/lib/python3.10/dist-packages/airflow/example_dags/example_short_circuit_decorator.py
[2023-12-06T18:42:52.786+0000] {logging_mixin.py:154} INFO - [2023-12-06T18:42:52.786+0000] {dag.py:2941} INFO - Sync 1 DAGs
[2023-12-06T18:42:52.813+0000] {logging_mixin.py:154} INFO - [2023-12-06T18:42:52.812+0000] {dag.py:3722} INFO - Setting next_dagrun for example_short_circuit_decorator to 2023-12-05T18:42:52.812596+00:00, run_after=2023-12-06T18:42:52.812596+00:00
[2023-12-06T18:42:52.834+0000] {processor.py:179} INFO - Processing /usr/local/lib/python3.10/dist-packages/airflow/example_dags/example_short_circuit_decorator.py took 0.085 seconds
[2023-12-06T18:43:45.655+0000] {processor.py:157} INFO - Started process (PID=5018) to work on /usr/local/lib/python3.10/dist-packages/airflow/example_dags/example_short_circuit_decorator.py
[2023-12-06T18:43:45.657+0000] {processor.py:829} INFO - Processing file /usr/local/lib/python3.10/dist-packages/airflow/example_dags/example_short_circuit_decorator.py for tasks to queue
[2023-12-06T18:43:45.658+0000] {logging_mixin.py:154} INFO - [2023-12-06T18:43:45.657+0000] {dagbag.py:536} INFO - Filling up the DagBag from /usr/local/lib/python3.10/dist-packages/airflow/example_dags/example_short_circuit_decorator.py
[2023-12-06T18:43:45.668+0000] {processor.py:839} INFO - DAG(s) dict_keys(['example_short_circuit_decorator']) retrieved from /usr/local/lib/python3.10/dist-packages/airflow/example_dags/example_short_circuit_decorator.py
[2023-12-06T18:43:45.688+0000] {logging_mixin.py:154} INFO - [2023-12-06T18:43:45.688+0000] {dag.py:2941} INFO - Sync 1 DAGs
[2023-12-06T18:43:45.710+0000] {logging_mixin.py:154} INFO - [2023-12-06T18:43:45.710+0000] {dag.py:3722} INFO - Setting next_dagrun for example_short_circuit_decorator to 2023-12-05T18:43:45.709931+00:00, run_after=2023-12-06T18:43:45.709931+00:00
[2023-12-06T18:43:45.732+0000] {processor.py:179} INFO - Processing /usr/local/lib/python3.10/dist-packages/airflow/example_dags/example_short_circuit_decorator.py took 0.080 seconds
[2023-12-06T18:44:35.221+0000] {processor.py:157} INFO - Started process (PID=5067) to work on /usr/local/lib/python3.10/dist-packages/airflow/example_dags/example_short_circuit_decorator.py
[2023-12-06T18:44:35.223+0000] {processor.py:829} INFO - Processing file /usr/local/lib/python3.10/dist-packages/airflow/example_dags/example_short_circuit_decorator.py for tasks to queue
[2023-12-06T18:44:35.223+0000] {logging_mixin.py:154} INFO - [2023-12-06T18:44:35.223+0000] {dagbag.py:536} INFO - Filling up the DagBag from /usr/local/lib/python3.10/dist-packages/airflow/example_dags/example_short_circuit_decorator.py
[2023-12-06T18:44:35.234+0000] {processor.py:839} INFO - DAG(s) dict_keys(['example_short_circuit_decorator']) retrieved from /usr/local/lib/python3.10/dist-packages/airflow/example_dags/example_short_circuit_decorator.py
[2023-12-06T18:44:35.254+0000] {logging_mixin.py:154} INFO - [2023-12-06T18:44:35.254+0000] {dag.py:2941} INFO - Sync 1 DAGs
[2023-12-06T18:44:35.275+0000] {logging_mixin.py:154} INFO - [2023-12-06T18:44:35.275+0000] {dag.py:3722} INFO - Setting next_dagrun for example_short_circuit_decorator to 2023-12-05T18:44:35.275190+00:00, run_after=2023-12-06T18:44:35.275190+00:00
[2023-12-06T18:44:35.298+0000] {processor.py:179} INFO - Processing /usr/local/lib/python3.10/dist-packages/airflow/example_dags/example_short_circuit_decorator.py took 0.081 seconds
[2023-12-06T18:45:20.116+0000] {processor.py:157} INFO - Started process (PID=5113) to work on /usr/local/lib/python3.10/dist-packages/airflow/example_dags/example_short_circuit_decorator.py
[2023-12-06T18:45:20.117+0000] {processor.py:829} INFO - Processing file /usr/local/lib/python3.10/dist-packages/airflow/example_dags/example_short_circuit_decorator.py for tasks to queue
[2023-12-06T18:45:20.118+0000] {logging_mixin.py:154} INFO - [2023-12-06T18:45:20.118+0000] {dagbag.py:536} INFO - Filling up the DagBag from /usr/local/lib/python3.10/dist-packages/airflow/example_dags/example_short_circuit_decorator.py
[2023-12-06T18:45:20.129+0000] {processor.py:839} INFO - DAG(s) dict_keys(['example_short_circuit_decorator']) retrieved from /usr/local/lib/python3.10/dist-packages/airflow/example_dags/example_short_circuit_decorator.py
[2023-12-06T18:45:20.149+0000] {logging_mixin.py:154} INFO - [2023-12-06T18:45:20.149+0000] {dag.py:2941} INFO - Sync 1 DAGs
[2023-12-06T18:45:20.170+0000] {logging_mixin.py:154} INFO - [2023-12-06T18:45:20.170+0000] {dag.py:3722} INFO - Setting next_dagrun for example_short_circuit_decorator to 2023-12-05T18:45:20.170318+00:00, run_after=2023-12-06T18:45:20.170318+00:00
[2023-12-06T18:45:20.192+0000] {processor.py:179} INFO - Processing /usr/local/lib/python3.10/dist-packages/airflow/example_dags/example_short_circuit_decorator.py took 0.080 seconds
[2023-12-06T18:46:05.422+0000] {processor.py:157} INFO - Started process (PID=5162) to work on /usr/local/lib/python3.10/dist-packages/airflow/example_dags/example_short_circuit_decorator.py
[2023-12-06T18:46:05.423+0000] {processor.py:829} INFO - Processing file /usr/local/lib/python3.10/dist-packages/airflow/example_dags/example_short_circuit_decorator.py for tasks to queue
[2023-12-06T18:46:05.424+0000] {logging_mixin.py:154} INFO - [2023-12-06T18:46:05.424+0000] {dagbag.py:536} INFO - Filling up the DagBag from /usr/local/lib/python3.10/dist-packages/airflow/example_dags/example_short_circuit_decorator.py
[2023-12-06T18:46:05.435+0000] {processor.py:839} INFO - DAG(s) dict_keys(['example_short_circuit_decorator']) retrieved from /usr/local/lib/python3.10/dist-packages/airflow/example_dags/example_short_circuit_decorator.py
[2023-12-06T18:46:05.456+0000] {logging_mixin.py:154} INFO - [2023-12-06T18:46:05.456+0000] {dag.py:2941} INFO - Sync 1 DAGs
[2023-12-06T18:46:05.477+0000] {logging_mixin.py:154} INFO - [2023-12-06T18:46:05.477+0000] {dag.py:3722} INFO - Setting next_dagrun for example_short_circuit_decorator to 2023-12-05T18:46:05.476791+00:00, run_after=2023-12-06T18:46:05.476791+00:00
[2023-12-06T18:46:05.501+0000] {processor.py:179} INFO - Processing /usr/local/lib/python3.10/dist-packages/airflow/example_dags/example_short_circuit_decorator.py took 0.083 seconds
[2023-12-06T18:46:48.278+0000] {processor.py:157} INFO - Started process (PID=5210) to work on /usr/local/lib/python3.10/dist-packages/airflow/example_dags/example_short_circuit_decorator.py
[2023-12-06T18:46:48.280+0000] {processor.py:829} INFO - Processing file /usr/local/lib/python3.10/dist-packages/airflow/example_dags/example_short_circuit_decorator.py for tasks to queue
[2023-12-06T18:46:48.281+0000] {logging_mixin.py:154} INFO - [2023-12-06T18:46:48.280+0000] {dagbag.py:536} INFO - Filling up the DagBag from /usr/local/lib/python3.10/dist-packages/airflow/example_dags/example_short_circuit_decorator.py
[2023-12-06T18:46:48.292+0000] {processor.py:839} INFO - DAG(s) dict_keys(['example_short_circuit_decorator']) retrieved from /usr/local/lib/python3.10/dist-packages/airflow/example_dags/example_short_circuit_decorator.py
[2023-12-06T18:46:48.311+0000] {logging_mixin.py:154} INFO - [2023-12-06T18:46:48.311+0000] {dag.py:2941} INFO - Sync 1 DAGs
[2023-12-06T18:46:48.332+0000] {logging_mixin.py:154} INFO - [2023-12-06T18:46:48.332+0000] {dag.py:3722} INFO - Setting next_dagrun for example_short_circuit_decorator to 2023-12-05T18:46:48.332087+00:00, run_after=2023-12-06T18:46:48.332087+00:00
[2023-12-06T18:46:48.362+0000] {processor.py:179} INFO - Processing /usr/local/lib/python3.10/dist-packages/airflow/example_dags/example_short_circuit_decorator.py took 0.087 seconds
[2023-12-06T18:47:40.955+0000] {processor.py:157} INFO - Started process (PID=5260) to work on /usr/local/lib/python3.10/dist-packages/airflow/example_dags/example_short_circuit_decorator.py
[2023-12-06T18:47:40.956+0000] {processor.py:829} INFO - Processing file /usr/local/lib/python3.10/dist-packages/airflow/example_dags/example_short_circuit_decorator.py for tasks to queue
[2023-12-06T18:47:40.957+0000] {logging_mixin.py:154} INFO - [2023-12-06T18:47:40.957+0000] {dagbag.py:536} INFO - Filling up the DagBag from /usr/local/lib/python3.10/dist-packages/airflow/example_dags/example_short_circuit_decorator.py
[2023-12-06T18:47:40.968+0000] {processor.py:839} INFO - DAG(s) dict_keys(['example_short_circuit_decorator']) retrieved from /usr/local/lib/python3.10/dist-packages/airflow/example_dags/example_short_circuit_decorator.py
[2023-12-06T18:47:40.988+0000] {logging_mixin.py:154} INFO - [2023-12-06T18:47:40.988+0000] {dag.py:2941} INFO - Sync 1 DAGs
[2023-12-06T18:47:41.010+0000] {logging_mixin.py:154} INFO - [2023-12-06T18:47:41.009+0000] {dag.py:3722} INFO - Setting next_dagrun for example_short_circuit_decorator to 2023-12-05T18:47:41.009454+00:00, run_after=2023-12-06T18:47:41.009454+00:00
[2023-12-06T18:47:41.043+0000] {processor.py:179} INFO - Processing /usr/local/lib/python3.10/dist-packages/airflow/example_dags/example_short_circuit_decorator.py took 0.092 seconds
[2023-12-06T18:48:29.394+0000] {processor.py:157} INFO - Started process (PID=5311) to work on /usr/local/lib/python3.10/dist-packages/airflow/example_dags/example_short_circuit_decorator.py
[2023-12-06T18:48:29.400+0000] {processor.py:829} INFO - Processing file /usr/local/lib/python3.10/dist-packages/airflow/example_dags/example_short_circuit_decorator.py for tasks to queue
[2023-12-06T18:48:29.401+0000] {logging_mixin.py:154} INFO - [2023-12-06T18:48:29.400+0000] {dagbag.py:536} INFO - Filling up the DagBag from /usr/local/lib/python3.10/dist-packages/airflow/example_dags/example_short_circuit_decorator.py
[2023-12-06T18:48:29.412+0000] {processor.py:839} INFO - DAG(s) dict_keys(['example_short_circuit_decorator']) retrieved from /usr/local/lib/python3.10/dist-packages/airflow/example_dags/example_short_circuit_decorator.py
[2023-12-06T18:48:29.432+0000] {logging_mixin.py:154} INFO - [2023-12-06T18:48:29.432+0000] {dag.py:2941} INFO - Sync 1 DAGs
[2023-12-06T18:48:29.453+0000] {logging_mixin.py:154} INFO - [2023-12-06T18:48:29.453+0000] {dag.py:3722} INFO - Setting next_dagrun for example_short_circuit_decorator to 2023-12-05T18:48:29.453082+00:00, run_after=2023-12-06T18:48:29.453082+00:00
[2023-12-06T18:48:29.476+0000] {processor.py:179} INFO - Processing /usr/local/lib/python3.10/dist-packages/airflow/example_dags/example_short_circuit_decorator.py took 0.085 seconds
[2023-12-06T18:49:17.087+0000] {processor.py:157} INFO - Started process (PID=5359) to work on /usr/local/lib/python3.10/dist-packages/airflow/example_dags/example_short_circuit_decorator.py
[2023-12-06T18:49:17.089+0000] {processor.py:829} INFO - Processing file /usr/local/lib/python3.10/dist-packages/airflow/example_dags/example_short_circuit_decorator.py for tasks to queue
[2023-12-06T18:49:17.089+0000] {logging_mixin.py:154} INFO - [2023-12-06T18:49:17.089+0000] {dagbag.py:536} INFO - Filling up the DagBag from /usr/local/lib/python3.10/dist-packages/airflow/example_dags/example_short_circuit_decorator.py
[2023-12-06T18:49:17.100+0000] {processor.py:839} INFO - DAG(s) dict_keys(['example_short_circuit_decorator']) retrieved from /usr/local/lib/python3.10/dist-packages/airflow/example_dags/example_short_circuit_decorator.py
[2023-12-06T18:49:17.120+0000] {logging_mixin.py:154} INFO - [2023-12-06T18:49:17.120+0000] {dag.py:2941} INFO - Sync 1 DAGs
[2023-12-06T18:49:17.141+0000] {logging_mixin.py:154} INFO - [2023-12-06T18:49:17.141+0000] {dag.py:3722} INFO - Setting next_dagrun for example_short_circuit_decorator to 2023-12-05T18:49:17.141122+00:00, run_after=2023-12-06T18:49:17.141122+00:00
[2023-12-06T18:49:17.164+0000] {processor.py:179} INFO - Processing /usr/local/lib/python3.10/dist-packages/airflow/example_dags/example_short_circuit_decorator.py took 0.081 seconds
[2023-12-06T18:49:59.566+0000] {processor.py:157} INFO - Started process (PID=5405) to work on /usr/local/lib/python3.10/dist-packages/airflow/example_dags/example_short_circuit_decorator.py
[2023-12-06T18:49:59.568+0000] {processor.py:829} INFO - Processing file /usr/local/lib/python3.10/dist-packages/airflow/example_dags/example_short_circuit_decorator.py for tasks to queue
[2023-12-06T18:49:59.569+0000] {logging_mixin.py:154} INFO - [2023-12-06T18:49:59.568+0000] {dagbag.py:536} INFO - Filling up the DagBag from /usr/local/lib/python3.10/dist-packages/airflow/example_dags/example_short_circuit_decorator.py
[2023-12-06T18:49:59.580+0000] {processor.py:839} INFO - DAG(s) dict_keys(['example_short_circuit_decorator']) retrieved from /usr/local/lib/python3.10/dist-packages/airflow/example_dags/example_short_circuit_decorator.py
[2023-12-06T18:49:59.599+0000] {logging_mixin.py:154} INFO - [2023-12-06T18:49:59.599+0000] {dag.py:2941} INFO - Sync 1 DAGs
[2023-12-06T18:49:59.618+0000] {logging_mixin.py:154} INFO - [2023-12-06T18:49:59.618+0000] {dag.py:3722} INFO - Setting next_dagrun for example_short_circuit_decorator to 2023-12-05T18:49:59.618503+00:00, run_after=2023-12-06T18:49:59.618503+00:00
[2023-12-06T18:49:59.640+0000] {processor.py:179} INFO - Processing /usr/local/lib/python3.10/dist-packages/airflow/example_dags/example_short_circuit_decorator.py took 0.078 seconds
[2023-12-06T18:50:41.306+0000] {processor.py:157} INFO - Started process (PID=5448) to work on /usr/local/lib/python3.10/dist-packages/airflow/example_dags/example_short_circuit_decorator.py
[2023-12-06T18:50:41.307+0000] {processor.py:829} INFO - Processing file /usr/local/lib/python3.10/dist-packages/airflow/example_dags/example_short_circuit_decorator.py for tasks to queue
[2023-12-06T18:50:41.308+0000] {logging_mixin.py:154} INFO - [2023-12-06T18:50:41.308+0000] {dagbag.py:536} INFO - Filling up the DagBag from /usr/local/lib/python3.10/dist-packages/airflow/example_dags/example_short_circuit_decorator.py
[2023-12-06T18:50:41.319+0000] {processor.py:839} INFO - DAG(s) dict_keys(['example_short_circuit_decorator']) retrieved from /usr/local/lib/python3.10/dist-packages/airflow/example_dags/example_short_circuit_decorator.py
[2023-12-06T18:50:41.339+0000] {logging_mixin.py:154} INFO - [2023-12-06T18:50:41.339+0000] {dag.py:2941} INFO - Sync 1 DAGs
[2023-12-06T18:50:41.359+0000] {logging_mixin.py:154} INFO - [2023-12-06T18:50:41.359+0000] {dag.py:3722} INFO - Setting next_dagrun for example_short_circuit_decorator to 2023-12-05T18:50:41.359494+00:00, run_after=2023-12-06T18:50:41.359494+00:00
[2023-12-06T18:50:41.419+0000] {processor.py:179} INFO - Processing /usr/local/lib/python3.10/dist-packages/airflow/example_dags/example_short_circuit_decorator.py took 0.116 seconds
[2023-12-06T18:51:23.795+0000] {processor.py:157} INFO - Started process (PID=5496) to work on /usr/local/lib/python3.10/dist-packages/airflow/example_dags/example_short_circuit_decorator.py
[2023-12-06T18:51:23.796+0000] {processor.py:829} INFO - Processing file /usr/local/lib/python3.10/dist-packages/airflow/example_dags/example_short_circuit_decorator.py for tasks to queue
[2023-12-06T18:51:23.797+0000] {logging_mixin.py:154} INFO - [2023-12-06T18:51:23.796+0000] {dagbag.py:536} INFO - Filling up the DagBag from /usr/local/lib/python3.10/dist-packages/airflow/example_dags/example_short_circuit_decorator.py
[2023-12-06T18:51:23.808+0000] {processor.py:839} INFO - DAG(s) dict_keys(['example_short_circuit_decorator']) retrieved from /usr/local/lib/python3.10/dist-packages/airflow/example_dags/example_short_circuit_decorator.py
[2023-12-06T18:51:23.828+0000] {logging_mixin.py:154} INFO - [2023-12-06T18:51:23.828+0000] {dag.py:2941} INFO - Sync 1 DAGs
[2023-12-06T18:51:23.849+0000] {logging_mixin.py:154} INFO - [2023-12-06T18:51:23.849+0000] {dag.py:3722} INFO - Setting next_dagrun for example_short_circuit_decorator to 2023-12-05T18:51:23.849059+00:00, run_after=2023-12-06T18:51:23.849059+00:00
[2023-12-06T18:51:23.872+0000] {processor.py:179} INFO - Processing /usr/local/lib/python3.10/dist-packages/airflow/example_dags/example_short_circuit_decorator.py took 0.081 seconds
[2023-12-06T18:52:06.717+0000] {processor.py:157} INFO - Started process (PID=5541) to work on /usr/local/lib/python3.10/dist-packages/airflow/example_dags/example_short_circuit_decorator.py
[2023-12-06T18:52:06.719+0000] {processor.py:829} INFO - Processing file /usr/local/lib/python3.10/dist-packages/airflow/example_dags/example_short_circuit_decorator.py for tasks to queue
[2023-12-06T18:52:06.720+0000] {logging_mixin.py:154} INFO - [2023-12-06T18:52:06.719+0000] {dagbag.py:536} INFO - Filling up the DagBag from /usr/local/lib/python3.10/dist-packages/airflow/example_dags/example_short_circuit_decorator.py
[2023-12-06T18:52:06.731+0000] {processor.py:839} INFO - DAG(s) dict_keys(['example_short_circuit_decorator']) retrieved from /usr/local/lib/python3.10/dist-packages/airflow/example_dags/example_short_circuit_decorator.py
[2023-12-06T18:52:06.752+0000] {logging_mixin.py:154} INFO - [2023-12-06T18:52:06.752+0000] {dag.py:2941} INFO - Sync 1 DAGs
[2023-12-06T18:52:06.781+0000] {logging_mixin.py:154} INFO - [2023-12-06T18:52:06.780+0000] {dag.py:3722} INFO - Setting next_dagrun for example_short_circuit_decorator to 2023-12-05T18:52:06.780493+00:00, run_after=2023-12-06T18:52:06.780493+00:00
[2023-12-06T18:52:06.804+0000] {processor.py:179} INFO - Processing /usr/local/lib/python3.10/dist-packages/airflow/example_dags/example_short_circuit_decorator.py took 0.091 seconds
[2023-12-06T18:52:53.888+0000] {processor.py:157} INFO - Started process (PID=5589) to work on /usr/local/lib/python3.10/dist-packages/airflow/example_dags/example_short_circuit_decorator.py
[2023-12-06T18:52:53.889+0000] {processor.py:829} INFO - Processing file /usr/local/lib/python3.10/dist-packages/airflow/example_dags/example_short_circuit_decorator.py for tasks to queue
[2023-12-06T18:52:53.890+0000] {logging_mixin.py:154} INFO - [2023-12-06T18:52:53.890+0000] {dagbag.py:536} INFO - Filling up the DagBag from /usr/local/lib/python3.10/dist-packages/airflow/example_dags/example_short_circuit_decorator.py
[2023-12-06T18:52:53.901+0000] {processor.py:839} INFO - DAG(s) dict_keys(['example_short_circuit_decorator']) retrieved from /usr/local/lib/python3.10/dist-packages/airflow/example_dags/example_short_circuit_decorator.py
[2023-12-06T18:52:53.921+0000] {logging_mixin.py:154} INFO - [2023-12-06T18:52:53.921+0000] {dag.py:2941} INFO - Sync 1 DAGs
[2023-12-06T18:52:53.941+0000] {logging_mixin.py:154} INFO - [2023-12-06T18:52:53.941+0000] {dag.py:3722} INFO - Setting next_dagrun for example_short_circuit_decorator to 2023-12-05T18:52:53.941345+00:00, run_after=2023-12-06T18:52:53.941345+00:00
[2023-12-06T18:52:53.967+0000] {processor.py:179} INFO - Processing /usr/local/lib/python3.10/dist-packages/airflow/example_dags/example_short_circuit_decorator.py took 0.082 seconds
[2023-12-06T18:53:40.662+0000] {processor.py:157} INFO - Started process (PID=5636) to work on /usr/local/lib/python3.10/dist-packages/airflow/example_dags/example_short_circuit_decorator.py
[2023-12-06T18:53:40.664+0000] {processor.py:829} INFO - Processing file /usr/local/lib/python3.10/dist-packages/airflow/example_dags/example_short_circuit_decorator.py for tasks to queue
[2023-12-06T18:53:40.664+0000] {logging_mixin.py:154} INFO - [2023-12-06T18:53:40.664+0000] {dagbag.py:536} INFO - Filling up the DagBag from /usr/local/lib/python3.10/dist-packages/airflow/example_dags/example_short_circuit_decorator.py
[2023-12-06T18:53:40.676+0000] {processor.py:839} INFO - DAG(s) dict_keys(['example_short_circuit_decorator']) retrieved from /usr/local/lib/python3.10/dist-packages/airflow/example_dags/example_short_circuit_decorator.py
[2023-12-06T18:53:40.696+0000] {logging_mixin.py:154} INFO - [2023-12-06T18:53:40.696+0000] {dag.py:2941} INFO - Sync 1 DAGs
[2023-12-06T18:53:40.717+0000] {logging_mixin.py:154} INFO - [2023-12-06T18:53:40.717+0000] {dag.py:3722} INFO - Setting next_dagrun for example_short_circuit_decorator to 2023-12-05T18:53:40.717393+00:00, run_after=2023-12-06T18:53:40.717393+00:00
[2023-12-06T18:53:40.741+0000] {processor.py:179} INFO - Processing /usr/local/lib/python3.10/dist-packages/airflow/example_dags/example_short_circuit_decorator.py took 0.083 seconds
[2023-12-06T18:54:21.448+0000] {processor.py:157} INFO - Started process (PID=5679) to work on /usr/local/lib/python3.10/dist-packages/airflow/example_dags/example_short_circuit_decorator.py
[2023-12-06T18:54:21.450+0000] {processor.py:829} INFO - Processing file /usr/local/lib/python3.10/dist-packages/airflow/example_dags/example_short_circuit_decorator.py for tasks to queue
[2023-12-06T18:54:21.451+0000] {logging_mixin.py:154} INFO - [2023-12-06T18:54:21.450+0000] {dagbag.py:536} INFO - Filling up the DagBag from /usr/local/lib/python3.10/dist-packages/airflow/example_dags/example_short_circuit_decorator.py
[2023-12-06T18:54:21.462+0000] {processor.py:839} INFO - DAG(s) dict_keys(['example_short_circuit_decorator']) retrieved from /usr/local/lib/python3.10/dist-packages/airflow/example_dags/example_short_circuit_decorator.py
[2023-12-06T18:54:21.482+0000] {logging_mixin.py:154} INFO - [2023-12-06T18:54:21.482+0000] {dag.py:2941} INFO - Sync 1 DAGs
[2023-12-06T18:54:21.503+0000] {logging_mixin.py:154} INFO - [2023-12-06T18:54:21.503+0000] {dag.py:3722} INFO - Setting next_dagrun for example_short_circuit_decorator to 2023-12-05T18:54:21.502924+00:00, run_after=2023-12-06T18:54:21.502924+00:00
[2023-12-06T18:54:21.527+0000] {processor.py:179} INFO - Processing /usr/local/lib/python3.10/dist-packages/airflow/example_dags/example_short_circuit_decorator.py took 0.082 seconds
[2023-12-06T18:55:08.528+0000] {processor.py:157} INFO - Started process (PID=5728) to work on /usr/local/lib/python3.10/dist-packages/airflow/example_dags/example_short_circuit_decorator.py
[2023-12-06T18:55:08.529+0000] {processor.py:829} INFO - Processing file /usr/local/lib/python3.10/dist-packages/airflow/example_dags/example_short_circuit_decorator.py for tasks to queue
[2023-12-06T18:55:08.530+0000] {logging_mixin.py:154} INFO - [2023-12-06T18:55:08.530+0000] {dagbag.py:536} INFO - Filling up the DagBag from /usr/local/lib/python3.10/dist-packages/airflow/example_dags/example_short_circuit_decorator.py
[2023-12-06T18:55:08.542+0000] {processor.py:839} INFO - DAG(s) dict_keys(['example_short_circuit_decorator']) retrieved from /usr/local/lib/python3.10/dist-packages/airflow/example_dags/example_short_circuit_decorator.py
[2023-12-06T18:55:08.563+0000] {logging_mixin.py:154} INFO - [2023-12-06T18:55:08.562+0000] {dag.py:2941} INFO - Sync 1 DAGs
[2023-12-06T18:55:08.584+0000] {logging_mixin.py:154} INFO - [2023-12-06T18:55:08.584+0000] {dag.py:3722} INFO - Setting next_dagrun for example_short_circuit_decorator to 2023-12-05T18:55:08.584345+00:00, run_after=2023-12-06T18:55:08.584345+00:00
[2023-12-06T18:55:08.608+0000] {processor.py:179} INFO - Processing /usr/local/lib/python3.10/dist-packages/airflow/example_dags/example_short_circuit_decorator.py took 0.085 seconds
[2023-12-06T18:55:53.565+0000] {processor.py:157} INFO - Started process (PID=5775) to work on /usr/local/lib/python3.10/dist-packages/airflow/example_dags/example_short_circuit_decorator.py
[2023-12-06T18:55:53.567+0000] {processor.py:829} INFO - Processing file /usr/local/lib/python3.10/dist-packages/airflow/example_dags/example_short_circuit_decorator.py for tasks to queue
[2023-12-06T18:55:53.568+0000] {logging_mixin.py:154} INFO - [2023-12-06T18:55:53.567+0000] {dagbag.py:536} INFO - Filling up the DagBag from /usr/local/lib/python3.10/dist-packages/airflow/example_dags/example_short_circuit_decorator.py
[2023-12-06T18:55:53.578+0000] {processor.py:839} INFO - DAG(s) dict_keys(['example_short_circuit_decorator']) retrieved from /usr/local/lib/python3.10/dist-packages/airflow/example_dags/example_short_circuit_decorator.py
[2023-12-06T18:55:53.598+0000] {logging_mixin.py:154} INFO - [2023-12-06T18:55:53.598+0000] {dag.py:2941} INFO - Sync 1 DAGs
[2023-12-06T18:55:53.619+0000] {logging_mixin.py:154} INFO - [2023-12-06T18:55:53.618+0000] {dag.py:3722} INFO - Setting next_dagrun for example_short_circuit_decorator to 2023-12-05T18:55:53.618614+00:00, run_after=2023-12-06T18:55:53.618614+00:00
[2023-12-06T18:55:53.643+0000] {processor.py:179} INFO - Processing /usr/local/lib/python3.10/dist-packages/airflow/example_dags/example_short_circuit_decorator.py took 0.081 seconds
[2023-12-06T18:56:42.309+0000] {processor.py:157} INFO - Started process (PID=5824) to work on /usr/local/lib/python3.10/dist-packages/airflow/example_dags/example_short_circuit_decorator.py
[2023-12-06T18:56:42.310+0000] {processor.py:829} INFO - Processing file /usr/local/lib/python3.10/dist-packages/airflow/example_dags/example_short_circuit_decorator.py for tasks to queue
[2023-12-06T18:56:42.311+0000] {logging_mixin.py:154} INFO - [2023-12-06T18:56:42.311+0000] {dagbag.py:536} INFO - Filling up the DagBag from /usr/local/lib/python3.10/dist-packages/airflow/example_dags/example_short_circuit_decorator.py
[2023-12-06T18:56:42.322+0000] {processor.py:839} INFO - DAG(s) dict_keys(['example_short_circuit_decorator']) retrieved from /usr/local/lib/python3.10/dist-packages/airflow/example_dags/example_short_circuit_decorator.py
[2023-12-06T18:56:42.343+0000] {logging_mixin.py:154} INFO - [2023-12-06T18:56:42.342+0000] {dag.py:2941} INFO - Sync 1 DAGs
[2023-12-06T18:56:42.363+0000] {logging_mixin.py:154} INFO - [2023-12-06T18:56:42.363+0000] {dag.py:3722} INFO - Setting next_dagrun for example_short_circuit_decorator to 2023-12-05T18:56:42.363201+00:00, run_after=2023-12-06T18:56:42.363201+00:00
[2023-12-06T18:56:42.385+0000] {processor.py:179} INFO - Processing /usr/local/lib/python3.10/dist-packages/airflow/example_dags/example_short_circuit_decorator.py took 0.080 seconds
[2023-12-06T18:57:28.157+0000] {processor.py:157} INFO - Started process (PID=5873) to work on /usr/local/lib/python3.10/dist-packages/airflow/example_dags/example_short_circuit_decorator.py
[2023-12-06T18:57:28.158+0000] {processor.py:829} INFO - Processing file /usr/local/lib/python3.10/dist-packages/airflow/example_dags/example_short_circuit_decorator.py for tasks to queue
[2023-12-06T18:57:28.159+0000] {logging_mixin.py:154} INFO - [2023-12-06T18:57:28.159+0000] {dagbag.py:536} INFO - Filling up the DagBag from /usr/local/lib/python3.10/dist-packages/airflow/example_dags/example_short_circuit_decorator.py
[2023-12-06T18:57:28.170+0000] {processor.py:839} INFO - DAG(s) dict_keys(['example_short_circuit_decorator']) retrieved from /usr/local/lib/python3.10/dist-packages/airflow/example_dags/example_short_circuit_decorator.py
[2023-12-06T18:57:28.190+0000] {logging_mixin.py:154} INFO - [2023-12-06T18:57:28.190+0000] {dag.py:2941} INFO - Sync 1 DAGs
[2023-12-06T18:57:28.211+0000] {logging_mixin.py:154} INFO - [2023-12-06T18:57:28.211+0000] {dag.py:3722} INFO - Setting next_dagrun for example_short_circuit_decorator to 2023-12-05T18:57:28.211128+00:00, run_after=2023-12-06T18:57:28.211128+00:00
[2023-12-06T18:57:28.233+0000] {processor.py:179} INFO - Processing /usr/local/lib/python3.10/dist-packages/airflow/example_dags/example_short_circuit_decorator.py took 0.080 seconds
[2023-12-06T18:58:13.848+0000] {processor.py:157} INFO - Started process (PID=5920) to work on /usr/local/lib/python3.10/dist-packages/airflow/example_dags/example_short_circuit_decorator.py
[2023-12-06T18:58:13.850+0000] {processor.py:829} INFO - Processing file /usr/local/lib/python3.10/dist-packages/airflow/example_dags/example_short_circuit_decorator.py for tasks to queue
[2023-12-06T18:58:13.851+0000] {logging_mixin.py:154} INFO - [2023-12-06T18:58:13.850+0000] {dagbag.py:536} INFO - Filling up the DagBag from /usr/local/lib/python3.10/dist-packages/airflow/example_dags/example_short_circuit_decorator.py
[2023-12-06T18:58:13.862+0000] {processor.py:839} INFO - DAG(s) dict_keys(['example_short_circuit_decorator']) retrieved from /usr/local/lib/python3.10/dist-packages/airflow/example_dags/example_short_circuit_decorator.py
[2023-12-06T18:58:13.882+0000] {logging_mixin.py:154} INFO - [2023-12-06T18:58:13.882+0000] {dag.py:2941} INFO - Sync 1 DAGs
[2023-12-06T18:58:13.902+0000] {logging_mixin.py:154} INFO - [2023-12-06T18:58:13.902+0000] {dag.py:3722} INFO - Setting next_dagrun for example_short_circuit_decorator to 2023-12-05T18:58:13.902337+00:00, run_after=2023-12-06T18:58:13.902337+00:00
[2023-12-06T18:58:13.925+0000] {processor.py:179} INFO - Processing /usr/local/lib/python3.10/dist-packages/airflow/example_dags/example_short_circuit_decorator.py took 0.081 seconds
[2023-12-06T18:58:57.843+0000] {processor.py:157} INFO - Started process (PID=5966) to work on /usr/local/lib/python3.10/dist-packages/airflow/example_dags/example_short_circuit_decorator.py
[2023-12-06T18:58:57.844+0000] {processor.py:829} INFO - Processing file /usr/local/lib/python3.10/dist-packages/airflow/example_dags/example_short_circuit_decorator.py for tasks to queue
[2023-12-06T18:58:57.845+0000] {logging_mixin.py:154} INFO - [2023-12-06T18:58:57.845+0000] {dagbag.py:536} INFO - Filling up the DagBag from /usr/local/lib/python3.10/dist-packages/airflow/example_dags/example_short_circuit_decorator.py
[2023-12-06T18:58:57.856+0000] {processor.py:839} INFO - DAG(s) dict_keys(['example_short_circuit_decorator']) retrieved from /usr/local/lib/python3.10/dist-packages/airflow/example_dags/example_short_circuit_decorator.py
[2023-12-06T18:58:57.876+0000] {logging_mixin.py:154} INFO - [2023-12-06T18:58:57.876+0000] {dag.py:2941} INFO - Sync 1 DAGs
[2023-12-06T18:58:57.901+0000] {logging_mixin.py:154} INFO - [2023-12-06T18:58:57.900+0000] {dag.py:3722} INFO - Setting next_dagrun for example_short_circuit_decorator to 2023-12-05T18:58:57.900600+00:00, run_after=2023-12-06T18:58:57.900600+00:00
[2023-12-06T18:58:57.941+0000] {processor.py:179} INFO - Processing /usr/local/lib/python3.10/dist-packages/airflow/example_dags/example_short_circuit_decorator.py took 0.102 seconds
[2023-12-06T18:59:44.208+0000] {processor.py:157} INFO - Started process (PID=6014) to work on /usr/local/lib/python3.10/dist-packages/airflow/example_dags/example_short_circuit_decorator.py
[2023-12-06T18:59:44.209+0000] {processor.py:829} INFO - Processing file /usr/local/lib/python3.10/dist-packages/airflow/example_dags/example_short_circuit_decorator.py for tasks to queue
[2023-12-06T18:59:44.210+0000] {logging_mixin.py:154} INFO - [2023-12-06T18:59:44.209+0000] {dagbag.py:536} INFO - Filling up the DagBag from /usr/local/lib/python3.10/dist-packages/airflow/example_dags/example_short_circuit_decorator.py
[2023-12-06T18:59:44.221+0000] {processor.py:839} INFO - DAG(s) dict_keys(['example_short_circuit_decorator']) retrieved from /usr/local/lib/python3.10/dist-packages/airflow/example_dags/example_short_circuit_decorator.py
[2023-12-06T18:59:44.240+0000] {logging_mixin.py:154} INFO - [2023-12-06T18:59:44.240+0000] {dag.py:2941} INFO - Sync 1 DAGs
[2023-12-06T18:59:44.261+0000] {logging_mixin.py:154} INFO - [2023-12-06T18:59:44.260+0000] {dag.py:3722} INFO - Setting next_dagrun for example_short_circuit_decorator to 2023-12-05T18:59:44.260728+00:00, run_after=2023-12-06T18:59:44.260728+00:00
[2023-12-06T18:59:44.295+0000] {processor.py:179} INFO - Processing /usr/local/lib/python3.10/dist-packages/airflow/example_dags/example_short_circuit_decorator.py took 0.091 seconds
[2023-12-06T19:00:36.306+0000] {processor.py:157} INFO - Started process (PID=6369) to work on /usr/local/lib/python3.10/dist-packages/airflow/example_dags/example_short_circuit_decorator.py
[2023-12-06T19:00:36.311+0000] {processor.py:829} INFO - Processing file /usr/local/lib/python3.10/dist-packages/airflow/example_dags/example_short_circuit_decorator.py for tasks to queue
[2023-12-06T19:00:36.311+0000] {logging_mixin.py:154} INFO - [2023-12-06T19:00:36.311+0000] {dagbag.py:536} INFO - Filling up the DagBag from /usr/local/lib/python3.10/dist-packages/airflow/example_dags/example_short_circuit_decorator.py
[2023-12-06T19:00:36.323+0000] {processor.py:839} INFO - DAG(s) dict_keys(['example_short_circuit_decorator']) retrieved from /usr/local/lib/python3.10/dist-packages/airflow/example_dags/example_short_circuit_decorator.py
[2023-12-06T19:00:36.343+0000] {logging_mixin.py:154} INFO - [2023-12-06T19:00:36.343+0000] {dag.py:2941} INFO - Sync 1 DAGs
[2023-12-06T19:00:36.364+0000] {logging_mixin.py:154} INFO - [2023-12-06T19:00:36.364+0000] {dag.py:3722} INFO - Setting next_dagrun for example_short_circuit_decorator to 2023-12-05T19:00:36.363786+00:00, run_after=2023-12-06T19:00:36.363786+00:00
[2023-12-06T19:00:36.386+0000] {processor.py:179} INFO - Processing /usr/local/lib/python3.10/dist-packages/airflow/example_dags/example_short_circuit_decorator.py took 0.084 seconds
[2023-12-06T19:01:25.024+0000] {processor.py:157} INFO - Started process (PID=6473) to work on /usr/local/lib/python3.10/dist-packages/airflow/example_dags/example_short_circuit_decorator.py
[2023-12-06T19:01:25.028+0000] {processor.py:829} INFO - Processing file /usr/local/lib/python3.10/dist-packages/airflow/example_dags/example_short_circuit_decorator.py for tasks to queue
[2023-12-06T19:01:25.029+0000] {logging_mixin.py:154} INFO - [2023-12-06T19:01:25.029+0000] {dagbag.py:536} INFO - Filling up the DagBag from /usr/local/lib/python3.10/dist-packages/airflow/example_dags/example_short_circuit_decorator.py
[2023-12-06T19:01:25.040+0000] {processor.py:839} INFO - DAG(s) dict_keys(['example_short_circuit_decorator']) retrieved from /usr/local/lib/python3.10/dist-packages/airflow/example_dags/example_short_circuit_decorator.py
[2023-12-06T19:01:25.061+0000] {logging_mixin.py:154} INFO - [2023-12-06T19:01:25.060+0000] {dag.py:2941} INFO - Sync 1 DAGs
[2023-12-06T19:01:25.081+0000] {logging_mixin.py:154} INFO - [2023-12-06T19:01:25.081+0000] {dag.py:3722} INFO - Setting next_dagrun for example_short_circuit_decorator to 2023-12-05T19:01:25.081394+00:00, run_after=2023-12-06T19:01:25.081394+00:00
[2023-12-06T19:01:25.105+0000] {processor.py:179} INFO - Processing /usr/local/lib/python3.10/dist-packages/airflow/example_dags/example_short_circuit_decorator.py took 0.085 seconds
[2023-12-06T19:02:12.619+0000] {processor.py:157} INFO - Started process (PID=6523) to work on /usr/local/lib/python3.10/dist-packages/airflow/example_dags/example_short_circuit_decorator.py
[2023-12-06T19:02:12.621+0000] {processor.py:829} INFO - Processing file /usr/local/lib/python3.10/dist-packages/airflow/example_dags/example_short_circuit_decorator.py for tasks to queue
[2023-12-06T19:02:12.621+0000] {logging_mixin.py:154} INFO - [2023-12-06T19:02:12.621+0000] {dagbag.py:536} INFO - Filling up the DagBag from /usr/local/lib/python3.10/dist-packages/airflow/example_dags/example_short_circuit_decorator.py
[2023-12-06T19:02:12.632+0000] {processor.py:839} INFO - DAG(s) dict_keys(['example_short_circuit_decorator']) retrieved from /usr/local/lib/python3.10/dist-packages/airflow/example_dags/example_short_circuit_decorator.py
[2023-12-06T19:02:12.653+0000] {logging_mixin.py:154} INFO - [2023-12-06T19:02:12.653+0000] {dag.py:2941} INFO - Sync 1 DAGs
[2023-12-06T19:02:12.674+0000] {logging_mixin.py:154} INFO - [2023-12-06T19:02:12.673+0000] {dag.py:3722} INFO - Setting next_dagrun for example_short_circuit_decorator to 2023-12-05T19:02:12.673689+00:00, run_after=2023-12-06T19:02:12.673689+00:00
[2023-12-06T19:02:12.698+0000] {processor.py:179} INFO - Processing /usr/local/lib/python3.10/dist-packages/airflow/example_dags/example_short_circuit_decorator.py took 0.082 seconds
[2023-12-06T19:02:56.283+0000] {processor.py:157} INFO - Started process (PID=6569) to work on /usr/local/lib/python3.10/dist-packages/airflow/example_dags/example_short_circuit_decorator.py
[2023-12-06T19:02:56.284+0000] {processor.py:829} INFO - Processing file /usr/local/lib/python3.10/dist-packages/airflow/example_dags/example_short_circuit_decorator.py for tasks to queue
[2023-12-06T19:02:56.285+0000] {logging_mixin.py:154} INFO - [2023-12-06T19:02:56.284+0000] {dagbag.py:536} INFO - Filling up the DagBag from /usr/local/lib/python3.10/dist-packages/airflow/example_dags/example_short_circuit_decorator.py
[2023-12-06T19:02:56.296+0000] {processor.py:839} INFO - DAG(s) dict_keys(['example_short_circuit_decorator']) retrieved from /usr/local/lib/python3.10/dist-packages/airflow/example_dags/example_short_circuit_decorator.py
[2023-12-06T19:02:56.315+0000] {logging_mixin.py:154} INFO - [2023-12-06T19:02:56.315+0000] {dag.py:2941} INFO - Sync 1 DAGs
[2023-12-06T19:02:56.336+0000] {logging_mixin.py:154} INFO - [2023-12-06T19:02:56.336+0000] {dag.py:3722} INFO - Setting next_dagrun for example_short_circuit_decorator to 2023-12-05T19:02:56.336049+00:00, run_after=2023-12-06T19:02:56.336049+00:00
[2023-12-06T19:02:56.359+0000] {processor.py:179} INFO - Processing /usr/local/lib/python3.10/dist-packages/airflow/example_dags/example_short_circuit_decorator.py took 0.080 seconds
[2023-12-06T19:03:46.662+0000] {processor.py:157} INFO - Started process (PID=6618) to work on /usr/local/lib/python3.10/dist-packages/airflow/example_dags/example_short_circuit_decorator.py
[2023-12-06T19:03:46.664+0000] {processor.py:829} INFO - Processing file /usr/local/lib/python3.10/dist-packages/airflow/example_dags/example_short_circuit_decorator.py for tasks to queue
[2023-12-06T19:03:46.664+0000] {logging_mixin.py:154} INFO - [2023-12-06T19:03:46.664+0000] {dagbag.py:536} INFO - Filling up the DagBag from /usr/local/lib/python3.10/dist-packages/airflow/example_dags/example_short_circuit_decorator.py
[2023-12-06T19:03:46.675+0000] {processor.py:839} INFO - DAG(s) dict_keys(['example_short_circuit_decorator']) retrieved from /usr/local/lib/python3.10/dist-packages/airflow/example_dags/example_short_circuit_decorator.py
[2023-12-06T19:03:46.695+0000] {logging_mixin.py:154} INFO - [2023-12-06T19:03:46.695+0000] {dag.py:2941} INFO - Sync 1 DAGs
[2023-12-06T19:03:46.716+0000] {logging_mixin.py:154} INFO - [2023-12-06T19:03:46.715+0000] {dag.py:3722} INFO - Setting next_dagrun for example_short_circuit_decorator to 2023-12-05T19:03:46.715567+00:00, run_after=2023-12-06T19:03:46.715567+00:00
[2023-12-06T19:03:46.738+0000] {processor.py:179} INFO - Processing /usr/local/lib/python3.10/dist-packages/airflow/example_dags/example_short_circuit_decorator.py took 0.079 seconds
[2023-12-06T19:04:33.033+0000] {processor.py:157} INFO - Started process (PID=6665) to work on /usr/local/lib/python3.10/dist-packages/airflow/example_dags/example_short_circuit_decorator.py
[2023-12-06T19:04:33.034+0000] {processor.py:829} INFO - Processing file /usr/local/lib/python3.10/dist-packages/airflow/example_dags/example_short_circuit_decorator.py for tasks to queue
[2023-12-06T19:04:33.035+0000] {logging_mixin.py:154} INFO - [2023-12-06T19:04:33.035+0000] {dagbag.py:536} INFO - Filling up the DagBag from /usr/local/lib/python3.10/dist-packages/airflow/example_dags/example_short_circuit_decorator.py
[2023-12-06T19:04:33.046+0000] {processor.py:839} INFO - DAG(s) dict_keys(['example_short_circuit_decorator']) retrieved from /usr/local/lib/python3.10/dist-packages/airflow/example_dags/example_short_circuit_decorator.py
[2023-12-06T19:04:33.066+0000] {logging_mixin.py:154} INFO - [2023-12-06T19:04:33.065+0000] {dag.py:2941} INFO - Sync 1 DAGs
[2023-12-06T19:04:33.086+0000] {logging_mixin.py:154} INFO - [2023-12-06T19:04:33.086+0000] {dag.py:3722} INFO - Setting next_dagrun for example_short_circuit_decorator to 2023-12-05T19:04:33.086163+00:00, run_after=2023-12-06T19:04:33.086163+00:00
[2023-12-06T19:04:33.109+0000] {processor.py:179} INFO - Processing /usr/local/lib/python3.10/dist-packages/airflow/example_dags/example_short_circuit_decorator.py took 0.080 seconds
[2023-12-06T19:05:23.387+0000] {processor.py:157} INFO - Started process (PID=6886) to work on /usr/local/lib/python3.10/dist-packages/airflow/example_dags/example_short_circuit_decorator.py
[2023-12-06T19:05:23.388+0000] {processor.py:829} INFO - Processing file /usr/local/lib/python3.10/dist-packages/airflow/example_dags/example_short_circuit_decorator.py for tasks to queue
[2023-12-06T19:05:23.390+0000] {logging_mixin.py:154} INFO - [2023-12-06T19:05:23.389+0000] {dagbag.py:536} INFO - Filling up the DagBag from /usr/local/lib/python3.10/dist-packages/airflow/example_dags/example_short_circuit_decorator.py
[2023-12-06T19:05:23.401+0000] {processor.py:839} INFO - DAG(s) dict_keys(['example_short_circuit_decorator']) retrieved from /usr/local/lib/python3.10/dist-packages/airflow/example_dags/example_short_circuit_decorator.py
[2023-12-06T19:05:23.422+0000] {logging_mixin.py:154} INFO - [2023-12-06T19:05:23.421+0000] {dag.py:2941} INFO - Sync 1 DAGs
[2023-12-06T19:05:23.443+0000] {logging_mixin.py:154} INFO - [2023-12-06T19:05:23.443+0000] {dag.py:3722} INFO - Setting next_dagrun for example_short_circuit_decorator to 2023-12-05T19:05:23.442982+00:00, run_after=2023-12-06T19:05:23.442982+00:00
[2023-12-06T19:05:23.469+0000] {processor.py:179} INFO - Processing /usr/local/lib/python3.10/dist-packages/airflow/example_dags/example_short_circuit_decorator.py took 0.086 seconds
[2023-12-06T19:06:11.161+0000] {processor.py:157} INFO - Started process (PID=6934) to work on /usr/local/lib/python3.10/dist-packages/airflow/example_dags/example_short_circuit_decorator.py
[2023-12-06T19:06:11.163+0000] {processor.py:829} INFO - Processing file /usr/local/lib/python3.10/dist-packages/airflow/example_dags/example_short_circuit_decorator.py for tasks to queue
[2023-12-06T19:06:11.164+0000] {logging_mixin.py:154} INFO - [2023-12-06T19:06:11.164+0000] {dagbag.py:536} INFO - Filling up the DagBag from /usr/local/lib/python3.10/dist-packages/airflow/example_dags/example_short_circuit_decorator.py
[2023-12-06T19:06:11.176+0000] {processor.py:839} INFO - DAG(s) dict_keys(['example_short_circuit_decorator']) retrieved from /usr/local/lib/python3.10/dist-packages/airflow/example_dags/example_short_circuit_decorator.py
[2023-12-06T19:06:11.196+0000] {logging_mixin.py:154} INFO - [2023-12-06T19:06:11.196+0000] {dag.py:2941} INFO - Sync 1 DAGs
[2023-12-06T19:06:11.225+0000] {logging_mixin.py:154} INFO - [2023-12-06T19:06:11.225+0000] {dag.py:3722} INFO - Setting next_dagrun for example_short_circuit_decorator to 2023-12-05T19:06:11.225400+00:00, run_after=2023-12-06T19:06:11.225400+00:00
[2023-12-06T19:06:11.249+0000] {processor.py:179} INFO - Processing /usr/local/lib/python3.10/dist-packages/airflow/example_dags/example_short_circuit_decorator.py took 0.091 seconds
[2023-12-06T19:06:57.622+0000] {processor.py:157} INFO - Started process (PID=6982) to work on /usr/local/lib/python3.10/dist-packages/airflow/example_dags/example_short_circuit_decorator.py
[2023-12-06T19:06:57.623+0000] {processor.py:829} INFO - Processing file /usr/local/lib/python3.10/dist-packages/airflow/example_dags/example_short_circuit_decorator.py for tasks to queue
[2023-12-06T19:06:57.624+0000] {logging_mixin.py:154} INFO - [2023-12-06T19:06:57.624+0000] {dagbag.py:536} INFO - Filling up the DagBag from /usr/local/lib/python3.10/dist-packages/airflow/example_dags/example_short_circuit_decorator.py
[2023-12-06T19:06:57.635+0000] {processor.py:839} INFO - DAG(s) dict_keys(['example_short_circuit_decorator']) retrieved from /usr/local/lib/python3.10/dist-packages/airflow/example_dags/example_short_circuit_decorator.py
[2023-12-06T19:06:57.656+0000] {logging_mixin.py:154} INFO - [2023-12-06T19:06:57.656+0000] {dag.py:2941} INFO - Sync 1 DAGs
[2023-12-06T19:06:57.677+0000] {logging_mixin.py:154} INFO - [2023-12-06T19:06:57.677+0000] {dag.py:3722} INFO - Setting next_dagrun for example_short_circuit_decorator to 2023-12-05T19:06:57.677237+00:00, run_after=2023-12-06T19:06:57.677237+00:00
[2023-12-06T19:06:57.701+0000] {processor.py:179} INFO - Processing /usr/local/lib/python3.10/dist-packages/airflow/example_dags/example_short_circuit_decorator.py took 0.083 seconds
[2023-12-06T19:07:47.515+0000] {processor.py:157} INFO - Started process (PID=7032) to work on /usr/local/lib/python3.10/dist-packages/airflow/example_dags/example_short_circuit_decorator.py
[2023-12-06T19:07:47.517+0000] {processor.py:829} INFO - Processing file /usr/local/lib/python3.10/dist-packages/airflow/example_dags/example_short_circuit_decorator.py for tasks to queue
[2023-12-06T19:07:47.518+0000] {logging_mixin.py:154} INFO - [2023-12-06T19:07:47.517+0000] {dagbag.py:536} INFO - Filling up the DagBag from /usr/local/lib/python3.10/dist-packages/airflow/example_dags/example_short_circuit_decorator.py
[2023-12-06T19:07:47.529+0000] {processor.py:839} INFO - DAG(s) dict_keys(['example_short_circuit_decorator']) retrieved from /usr/local/lib/python3.10/dist-packages/airflow/example_dags/example_short_circuit_decorator.py
[2023-12-06T19:07:47.548+0000] {logging_mixin.py:154} INFO - [2023-12-06T19:07:47.548+0000] {dag.py:2941} INFO - Sync 1 DAGs
[2023-12-06T19:07:47.569+0000] {logging_mixin.py:154} INFO - [2023-12-06T19:07:47.569+0000] {dag.py:3722} INFO - Setting next_dagrun for example_short_circuit_decorator to 2023-12-05T19:07:47.569131+00:00, run_after=2023-12-06T19:07:47.569131+00:00
[2023-12-06T19:07:47.594+0000] {processor.py:179} INFO - Processing /usr/local/lib/python3.10/dist-packages/airflow/example_dags/example_short_circuit_decorator.py took 0.083 seconds
