[2023-12-06T18:21:56.115+0000] {processor.py:157} INFO - Started process (PID=3674) to work on /usr/local/lib/python3.10/dist-packages/airflow/example_dags/example_skip_dag.py
[2023-12-06T18:21:56.116+0000] {processor.py:829} INFO - Processing file /usr/local/lib/python3.10/dist-packages/airflow/example_dags/example_skip_dag.py for tasks to queue
[2023-12-06T18:21:56.117+0000] {logging_mixin.py:154} INFO - [2023-12-06T18:21:56.117+0000] {dagbag.py:536} INFO - Filling up the DagBag from /usr/local/lib/python3.10/dist-packages/airflow/example_dags/example_skip_dag.py
[2023-12-06T18:21:56.127+0000] {processor.py:839} INFO - DAG(s) dict_keys(['example_skip_dag']) retrieved from /usr/local/lib/python3.10/dist-packages/airflow/example_dags/example_skip_dag.py
[2023-12-06T18:21:56.238+0000] {logging_mixin.py:154} INFO - [2023-12-06T18:21:56.238+0000] {manager.py:499} INFO - Created Permission View: %s
[2023-12-06T18:21:56.258+0000] {logging_mixin.py:154} INFO - [2023-12-06T18:21:56.258+0000] {manager.py:499} INFO - Created Permission View: %s
[2023-12-06T18:21:56.268+0000] {logging_mixin.py:154} INFO - [2023-12-06T18:21:56.268+0000] {manager.py:499} INFO - Created Permission View: %s
[2023-12-06T18:21:56.268+0000] {logging_mixin.py:154} INFO - [2023-12-06T18:21:56.268+0000] {dag.py:2941} INFO - Sync 1 DAGs
[2023-12-06T18:21:56.280+0000] {logging_mixin.py:154} INFO - [2023-12-06T18:21:56.280+0000] {dag.py:2963} INFO - Creating ORM DAG for example_skip_dag
[2023-12-06T18:21:56.288+0000] {logging_mixin.py:154} INFO - [2023-12-06T18:21:56.288+0000] {dag.py:3722} INFO - Setting next_dagrun for example_skip_dag to 2023-12-05T18:21:56.288492+00:00, run_after=2023-12-06T18:21:56.288492+00:00
[2023-12-06T18:21:56.311+0000] {processor.py:179} INFO - Processing /usr/local/lib/python3.10/dist-packages/airflow/example_dags/example_skip_dag.py took 0.199 seconds
[2023-12-06T18:22:47.045+0000] {processor.py:157} INFO - Started process (PID=3725) to work on /usr/local/lib/python3.10/dist-packages/airflow/example_dags/example_skip_dag.py
[2023-12-06T18:22:47.046+0000] {processor.py:829} INFO - Processing file /usr/local/lib/python3.10/dist-packages/airflow/example_dags/example_skip_dag.py for tasks to queue
[2023-12-06T18:22:47.047+0000] {logging_mixin.py:154} INFO - [2023-12-06T18:22:47.047+0000] {dagbag.py:536} INFO - Filling up the DagBag from /usr/local/lib/python3.10/dist-packages/airflow/example_dags/example_skip_dag.py
[2023-12-06T18:22:47.057+0000] {processor.py:839} INFO - DAG(s) dict_keys(['example_skip_dag']) retrieved from /usr/local/lib/python3.10/dist-packages/airflow/example_dags/example_skip_dag.py
[2023-12-06T18:22:47.074+0000] {logging_mixin.py:154} INFO - [2023-12-06T18:22:47.074+0000] {dag.py:2941} INFO - Sync 1 DAGs
[2023-12-06T18:22:47.095+0000] {logging_mixin.py:154} INFO - [2023-12-06T18:22:47.094+0000] {dag.py:3722} INFO - Setting next_dagrun for example_skip_dag to 2023-12-05T18:22:47.094564+00:00, run_after=2023-12-06T18:22:47.094564+00:00
[2023-12-06T18:22:47.125+0000] {processor.py:179} INFO - Processing /usr/local/lib/python3.10/dist-packages/airflow/example_dags/example_skip_dag.py took 0.084 seconds
[2023-12-06T18:23:33.271+0000] {processor.py:157} INFO - Started process (PID=3771) to work on /usr/local/lib/python3.10/dist-packages/airflow/example_dags/example_skip_dag.py
[2023-12-06T18:23:33.273+0000] {processor.py:829} INFO - Processing file /usr/local/lib/python3.10/dist-packages/airflow/example_dags/example_skip_dag.py for tasks to queue
[2023-12-06T18:23:33.274+0000] {logging_mixin.py:154} INFO - [2023-12-06T18:23:33.273+0000] {dagbag.py:536} INFO - Filling up the DagBag from /usr/local/lib/python3.10/dist-packages/airflow/example_dags/example_skip_dag.py
[2023-12-06T18:23:33.282+0000] {processor.py:839} INFO - DAG(s) dict_keys(['example_skip_dag']) retrieved from /usr/local/lib/python3.10/dist-packages/airflow/example_dags/example_skip_dag.py
[2023-12-06T18:23:33.300+0000] {logging_mixin.py:154} INFO - [2023-12-06T18:23:33.300+0000] {dag.py:2941} INFO - Sync 1 DAGs
[2023-12-06T18:23:33.328+0000] {logging_mixin.py:154} INFO - [2023-12-06T18:23:33.328+0000] {dag.py:3722} INFO - Setting next_dagrun for example_skip_dag to 2023-12-05T18:23:33.327798+00:00, run_after=2023-12-06T18:23:33.327798+00:00
[2023-12-06T18:23:33.362+0000] {processor.py:179} INFO - Processing /usr/local/lib/python3.10/dist-packages/airflow/example_dags/example_skip_dag.py took 0.094 seconds
[2023-12-06T18:24:22.570+0000] {processor.py:157} INFO - Started process (PID=3821) to work on /usr/local/lib/python3.10/dist-packages/airflow/example_dags/example_skip_dag.py
[2023-12-06T18:24:22.572+0000] {processor.py:829} INFO - Processing file /usr/local/lib/python3.10/dist-packages/airflow/example_dags/example_skip_dag.py for tasks to queue
[2023-12-06T18:24:22.573+0000] {logging_mixin.py:154} INFO - [2023-12-06T18:24:22.573+0000] {dagbag.py:536} INFO - Filling up the DagBag from /usr/local/lib/python3.10/dist-packages/airflow/example_dags/example_skip_dag.py
[2023-12-06T18:24:22.581+0000] {processor.py:839} INFO - DAG(s) dict_keys(['example_skip_dag']) retrieved from /usr/local/lib/python3.10/dist-packages/airflow/example_dags/example_skip_dag.py
[2023-12-06T18:24:22.599+0000] {logging_mixin.py:154} INFO - [2023-12-06T18:24:22.599+0000] {dag.py:2941} INFO - Sync 1 DAGs
[2023-12-06T18:24:22.619+0000] {logging_mixin.py:154} INFO - [2023-12-06T18:24:22.619+0000] {dag.py:3722} INFO - Setting next_dagrun for example_skip_dag to 2023-12-05T18:24:22.619161+00:00, run_after=2023-12-06T18:24:22.619161+00:00
[2023-12-06T18:24:22.648+0000] {processor.py:179} INFO - Processing /usr/local/lib/python3.10/dist-packages/airflow/example_dags/example_skip_dag.py took 0.081 seconds
[2023-12-06T18:24:57.397+0000] {processor.py:157} INFO - Started process (PID=3859) to work on /usr/local/lib/python3.10/dist-packages/airflow/example_dags/example_skip_dag.py
[2023-12-06T18:24:57.399+0000] {processor.py:829} INFO - Processing file /usr/local/lib/python3.10/dist-packages/airflow/example_dags/example_skip_dag.py for tasks to queue
[2023-12-06T18:24:57.399+0000] {logging_mixin.py:154} INFO - [2023-12-06T18:24:57.399+0000] {dagbag.py:536} INFO - Filling up the DagBag from /usr/local/lib/python3.10/dist-packages/airflow/example_dags/example_skip_dag.py
[2023-12-06T18:24:57.407+0000] {processor.py:839} INFO - DAG(s) dict_keys(['example_skip_dag']) retrieved from /usr/local/lib/python3.10/dist-packages/airflow/example_dags/example_skip_dag.py
[2023-12-06T18:24:57.437+0000] {logging_mixin.py:154} INFO - [2023-12-06T18:24:57.437+0000] {dag.py:2941} INFO - Sync 1 DAGs
[2023-12-06T18:24:57.457+0000] {logging_mixin.py:154} INFO - [2023-12-06T18:24:57.457+0000] {dag.py:3722} INFO - Setting next_dagrun for example_skip_dag to 2023-12-05T18:24:57.457081+00:00, run_after=2023-12-06T18:24:57.457081+00:00
[2023-12-06T18:24:57.478+0000] {processor.py:179} INFO - Processing /usr/local/lib/python3.10/dist-packages/airflow/example_dags/example_skip_dag.py took 0.085 seconds
[2023-12-06T18:25:42.524+0000] {processor.py:157} INFO - Started process (PID=3907) to work on /usr/local/lib/python3.10/dist-packages/airflow/example_dags/example_skip_dag.py
[2023-12-06T18:25:42.526+0000] {processor.py:829} INFO - Processing file /usr/local/lib/python3.10/dist-packages/airflow/example_dags/example_skip_dag.py for tasks to queue
[2023-12-06T18:25:42.526+0000] {logging_mixin.py:154} INFO - [2023-12-06T18:25:42.526+0000] {dagbag.py:536} INFO - Filling up the DagBag from /usr/local/lib/python3.10/dist-packages/airflow/example_dags/example_skip_dag.py
[2023-12-06T18:25:42.534+0000] {processor.py:839} INFO - DAG(s) dict_keys(['example_skip_dag']) retrieved from /usr/local/lib/python3.10/dist-packages/airflow/example_dags/example_skip_dag.py
[2023-12-06T18:25:42.553+0000] {logging_mixin.py:154} INFO - [2023-12-06T18:25:42.553+0000] {dag.py:2941} INFO - Sync 1 DAGs
[2023-12-06T18:25:42.574+0000] {logging_mixin.py:154} INFO - [2023-12-06T18:25:42.573+0000] {dag.py:3722} INFO - Setting next_dagrun for example_skip_dag to 2023-12-05T18:25:42.573597+00:00, run_after=2023-12-06T18:25:42.573597+00:00
[2023-12-06T18:25:42.596+0000] {processor.py:179} INFO - Processing /usr/local/lib/python3.10/dist-packages/airflow/example_dags/example_skip_dag.py took 0.076 seconds
[2023-12-06T18:26:28.703+0000] {processor.py:157} INFO - Started process (PID=3954) to work on /usr/local/lib/python3.10/dist-packages/airflow/example_dags/example_skip_dag.py
[2023-12-06T18:26:28.704+0000] {processor.py:829} INFO - Processing file /usr/local/lib/python3.10/dist-packages/airflow/example_dags/example_skip_dag.py for tasks to queue
[2023-12-06T18:26:28.705+0000] {logging_mixin.py:154} INFO - [2023-12-06T18:26:28.705+0000] {dagbag.py:536} INFO - Filling up the DagBag from /usr/local/lib/python3.10/dist-packages/airflow/example_dags/example_skip_dag.py
[2023-12-06T18:26:28.713+0000] {processor.py:839} INFO - DAG(s) dict_keys(['example_skip_dag']) retrieved from /usr/local/lib/python3.10/dist-packages/airflow/example_dags/example_skip_dag.py
[2023-12-06T18:26:28.732+0000] {logging_mixin.py:154} INFO - [2023-12-06T18:26:28.731+0000] {dag.py:2941} INFO - Sync 1 DAGs
[2023-12-06T18:26:28.752+0000] {logging_mixin.py:154} INFO - [2023-12-06T18:26:28.751+0000] {dag.py:3722} INFO - Setting next_dagrun for example_skip_dag to 2023-12-05T18:26:28.751721+00:00, run_after=2023-12-06T18:26:28.751721+00:00
[2023-12-06T18:26:28.774+0000] {processor.py:179} INFO - Processing /usr/local/lib/python3.10/dist-packages/airflow/example_dags/example_skip_dag.py took 0.075 seconds
[2023-12-06T18:27:14.911+0000] {processor.py:157} INFO - Started process (PID=4002) to work on /usr/local/lib/python3.10/dist-packages/airflow/example_dags/example_skip_dag.py
[2023-12-06T18:27:14.913+0000] {processor.py:829} INFO - Processing file /usr/local/lib/python3.10/dist-packages/airflow/example_dags/example_skip_dag.py for tasks to queue
[2023-12-06T18:27:14.917+0000] {logging_mixin.py:154} INFO - [2023-12-06T18:27:14.913+0000] {dagbag.py:536} INFO - Filling up the DagBag from /usr/local/lib/python3.10/dist-packages/airflow/example_dags/example_skip_dag.py
[2023-12-06T18:27:14.928+0000] {processor.py:839} INFO - DAG(s) dict_keys(['example_skip_dag']) retrieved from /usr/local/lib/python3.10/dist-packages/airflow/example_dags/example_skip_dag.py
[2023-12-06T18:27:14.946+0000] {logging_mixin.py:154} INFO - [2023-12-06T18:27:14.946+0000] {dag.py:2941} INFO - Sync 1 DAGs
[2023-12-06T18:27:14.966+0000] {logging_mixin.py:154} INFO - [2023-12-06T18:27:14.966+0000] {dag.py:3722} INFO - Setting next_dagrun for example_skip_dag to 2023-12-05T18:27:14.965889+00:00, run_after=2023-12-06T18:27:14.965889+00:00
[2023-12-06T18:27:14.987+0000] {processor.py:179} INFO - Processing /usr/local/lib/python3.10/dist-packages/airflow/example_dags/example_skip_dag.py took 0.080 seconds
[2023-12-06T18:27:57.378+0000] {processor.py:157} INFO - Started process (PID=4048) to work on /usr/local/lib/python3.10/dist-packages/airflow/example_dags/example_skip_dag.py
[2023-12-06T18:27:57.379+0000] {processor.py:829} INFO - Processing file /usr/local/lib/python3.10/dist-packages/airflow/example_dags/example_skip_dag.py for tasks to queue
[2023-12-06T18:27:57.380+0000] {logging_mixin.py:154} INFO - [2023-12-06T18:27:57.380+0000] {dagbag.py:536} INFO - Filling up the DagBag from /usr/local/lib/python3.10/dist-packages/airflow/example_dags/example_skip_dag.py
[2023-12-06T18:27:57.388+0000] {processor.py:839} INFO - DAG(s) dict_keys(['example_skip_dag']) retrieved from /usr/local/lib/python3.10/dist-packages/airflow/example_dags/example_skip_dag.py
[2023-12-06T18:27:57.406+0000] {logging_mixin.py:154} INFO - [2023-12-06T18:27:57.406+0000] {dag.py:2941} INFO - Sync 1 DAGs
[2023-12-06T18:27:57.426+0000] {logging_mixin.py:154} INFO - [2023-12-06T18:27:57.426+0000] {dag.py:3722} INFO - Setting next_dagrun for example_skip_dag to 2023-12-05T18:27:57.426266+00:00, run_after=2023-12-06T18:27:57.426266+00:00
[2023-12-06T18:27:57.448+0000] {processor.py:179} INFO - Processing /usr/local/lib/python3.10/dist-packages/airflow/example_dags/example_skip_dag.py took 0.074 seconds
[2023-12-06T18:28:39.174+0000] {processor.py:157} INFO - Started process (PID=4090) to work on /usr/local/lib/python3.10/dist-packages/airflow/example_dags/example_skip_dag.py
[2023-12-06T18:28:39.175+0000] {processor.py:829} INFO - Processing file /usr/local/lib/python3.10/dist-packages/airflow/example_dags/example_skip_dag.py for tasks to queue
[2023-12-06T18:28:39.176+0000] {logging_mixin.py:154} INFO - [2023-12-06T18:28:39.176+0000] {dagbag.py:536} INFO - Filling up the DagBag from /usr/local/lib/python3.10/dist-packages/airflow/example_dags/example_skip_dag.py
[2023-12-06T18:28:39.184+0000] {processor.py:839} INFO - DAG(s) dict_keys(['example_skip_dag']) retrieved from /usr/local/lib/python3.10/dist-packages/airflow/example_dags/example_skip_dag.py
[2023-12-06T18:28:39.202+0000] {logging_mixin.py:154} INFO - [2023-12-06T18:28:39.202+0000] {dag.py:2941} INFO - Sync 1 DAGs
[2023-12-06T18:28:39.223+0000] {logging_mixin.py:154} INFO - [2023-12-06T18:28:39.223+0000] {dag.py:3722} INFO - Setting next_dagrun for example_skip_dag to 2023-12-05T18:28:39.223243+00:00, run_after=2023-12-06T18:28:39.223243+00:00
[2023-12-06T18:28:39.245+0000] {processor.py:179} INFO - Processing /usr/local/lib/python3.10/dist-packages/airflow/example_dags/example_skip_dag.py took 0.075 seconds
[2023-12-06T18:29:26.234+0000] {processor.py:157} INFO - Started process (PID=4139) to work on /usr/local/lib/python3.10/dist-packages/airflow/example_dags/example_skip_dag.py
[2023-12-06T18:29:26.236+0000] {processor.py:829} INFO - Processing file /usr/local/lib/python3.10/dist-packages/airflow/example_dags/example_skip_dag.py for tasks to queue
[2023-12-06T18:29:26.237+0000] {logging_mixin.py:154} INFO - [2023-12-06T18:29:26.236+0000] {dagbag.py:536} INFO - Filling up the DagBag from /usr/local/lib/python3.10/dist-packages/airflow/example_dags/example_skip_dag.py
[2023-12-06T18:29:26.245+0000] {processor.py:839} INFO - DAG(s) dict_keys(['example_skip_dag']) retrieved from /usr/local/lib/python3.10/dist-packages/airflow/example_dags/example_skip_dag.py
[2023-12-06T18:29:26.262+0000] {logging_mixin.py:154} INFO - [2023-12-06T18:29:26.262+0000] {dag.py:2941} INFO - Sync 1 DAGs
[2023-12-06T18:29:26.282+0000] {logging_mixin.py:154} INFO - [2023-12-06T18:29:26.282+0000] {dag.py:3722} INFO - Setting next_dagrun for example_skip_dag to 2023-12-05T18:29:26.282313+00:00, run_after=2023-12-06T18:29:26.282313+00:00
[2023-12-06T18:29:26.307+0000] {processor.py:179} INFO - Processing /usr/local/lib/python3.10/dist-packages/airflow/example_dags/example_skip_dag.py took 0.076 seconds
[2023-12-06T18:30:08.824+0000] {processor.py:157} INFO - Started process (PID=4184) to work on /usr/local/lib/python3.10/dist-packages/airflow/example_dags/example_skip_dag.py
[2023-12-06T18:30:08.825+0000] {processor.py:829} INFO - Processing file /usr/local/lib/python3.10/dist-packages/airflow/example_dags/example_skip_dag.py for tasks to queue
[2023-12-06T18:30:08.826+0000] {logging_mixin.py:154} INFO - [2023-12-06T18:30:08.826+0000] {dagbag.py:536} INFO - Filling up the DagBag from /usr/local/lib/python3.10/dist-packages/airflow/example_dags/example_skip_dag.py
[2023-12-06T18:30:08.834+0000] {processor.py:839} INFO - DAG(s) dict_keys(['example_skip_dag']) retrieved from /usr/local/lib/python3.10/dist-packages/airflow/example_dags/example_skip_dag.py
[2023-12-06T18:30:08.854+0000] {logging_mixin.py:154} INFO - [2023-12-06T18:30:08.854+0000] {dag.py:2941} INFO - Sync 1 DAGs
[2023-12-06T18:30:08.876+0000] {logging_mixin.py:154} INFO - [2023-12-06T18:30:08.875+0000] {dag.py:3722} INFO - Setting next_dagrun for example_skip_dag to 2023-12-05T18:30:08.875575+00:00, run_after=2023-12-06T18:30:08.875575+00:00
[2023-12-06T18:30:08.901+0000] {processor.py:179} INFO - Processing /usr/local/lib/python3.10/dist-packages/airflow/example_dags/example_skip_dag.py took 0.081 seconds
[2023-12-06T18:30:53.651+0000] {processor.py:157} INFO - Started process (PID=4232) to work on /usr/local/lib/python3.10/dist-packages/airflow/example_dags/example_skip_dag.py
[2023-12-06T18:30:53.652+0000] {processor.py:829} INFO - Processing file /usr/local/lib/python3.10/dist-packages/airflow/example_dags/example_skip_dag.py for tasks to queue
[2023-12-06T18:30:53.653+0000] {logging_mixin.py:154} INFO - [2023-12-06T18:30:53.653+0000] {dagbag.py:536} INFO - Filling up the DagBag from /usr/local/lib/python3.10/dist-packages/airflow/example_dags/example_skip_dag.py
[2023-12-06T18:30:53.661+0000] {processor.py:839} INFO - DAG(s) dict_keys(['example_skip_dag']) retrieved from /usr/local/lib/python3.10/dist-packages/airflow/example_dags/example_skip_dag.py
[2023-12-06T18:30:53.679+0000] {logging_mixin.py:154} INFO - [2023-12-06T18:30:53.679+0000] {dag.py:2941} INFO - Sync 1 DAGs
[2023-12-06T18:30:53.700+0000] {logging_mixin.py:154} INFO - [2023-12-06T18:30:53.699+0000] {dag.py:3722} INFO - Setting next_dagrun for example_skip_dag to 2023-12-05T18:30:53.699519+00:00, run_after=2023-12-06T18:30:53.699519+00:00
[2023-12-06T18:30:53.723+0000] {processor.py:179} INFO - Processing /usr/local/lib/python3.10/dist-packages/airflow/example_dags/example_skip_dag.py took 0.076 seconds
[2023-12-06T18:31:39.336+0000] {processor.py:157} INFO - Started process (PID=4278) to work on /usr/local/lib/python3.10/dist-packages/airflow/example_dags/example_skip_dag.py
[2023-12-06T18:31:39.337+0000] {processor.py:829} INFO - Processing file /usr/local/lib/python3.10/dist-packages/airflow/example_dags/example_skip_dag.py for tasks to queue
[2023-12-06T18:31:39.338+0000] {logging_mixin.py:154} INFO - [2023-12-06T18:31:39.338+0000] {dagbag.py:536} INFO - Filling up the DagBag from /usr/local/lib/python3.10/dist-packages/airflow/example_dags/example_skip_dag.py
[2023-12-06T18:31:39.346+0000] {processor.py:839} INFO - DAG(s) dict_keys(['example_skip_dag']) retrieved from /usr/local/lib/python3.10/dist-packages/airflow/example_dags/example_skip_dag.py
[2023-12-06T18:31:39.365+0000] {logging_mixin.py:154} INFO - [2023-12-06T18:31:39.365+0000] {dag.py:2941} INFO - Sync 1 DAGs
[2023-12-06T18:31:39.385+0000] {logging_mixin.py:154} INFO - [2023-12-06T18:31:39.385+0000] {dag.py:3722} INFO - Setting next_dagrun for example_skip_dag to 2023-12-05T18:31:39.385218+00:00, run_after=2023-12-06T18:31:39.385218+00:00
[2023-12-06T18:31:39.407+0000] {processor.py:179} INFO - Processing /usr/local/lib/python3.10/dist-packages/airflow/example_dags/example_skip_dag.py took 0.074 seconds
[2023-12-06T18:32:18.353+0000] {processor.py:157} INFO - Started process (PID=4321) to work on /usr/local/lib/python3.10/dist-packages/airflow/example_dags/example_skip_dag.py
[2023-12-06T18:32:18.355+0000] {processor.py:829} INFO - Processing file /usr/local/lib/python3.10/dist-packages/airflow/example_dags/example_skip_dag.py for tasks to queue
[2023-12-06T18:32:18.356+0000] {logging_mixin.py:154} INFO - [2023-12-06T18:32:18.355+0000] {dagbag.py:536} INFO - Filling up the DagBag from /usr/local/lib/python3.10/dist-packages/airflow/example_dags/example_skip_dag.py
[2023-12-06T18:32:18.364+0000] {processor.py:839} INFO - DAG(s) dict_keys(['example_skip_dag']) retrieved from /usr/local/lib/python3.10/dist-packages/airflow/example_dags/example_skip_dag.py
[2023-12-06T18:32:18.382+0000] {logging_mixin.py:154} INFO - [2023-12-06T18:32:18.382+0000] {dag.py:2941} INFO - Sync 1 DAGs
[2023-12-06T18:32:18.402+0000] {logging_mixin.py:154} INFO - [2023-12-06T18:32:18.402+0000] {dag.py:3722} INFO - Setting next_dagrun for example_skip_dag to 2023-12-05T18:32:18.402299+00:00, run_after=2023-12-06T18:32:18.402299+00:00
[2023-12-06T18:32:18.427+0000] {processor.py:179} INFO - Processing /usr/local/lib/python3.10/dist-packages/airflow/example_dags/example_skip_dag.py took 0.077 seconds
[2023-12-06T18:33:04.837+0000] {processor.py:157} INFO - Started process (PID=4368) to work on /usr/local/lib/python3.10/dist-packages/airflow/example_dags/example_skip_dag.py
[2023-12-06T18:33:04.839+0000] {processor.py:829} INFO - Processing file /usr/local/lib/python3.10/dist-packages/airflow/example_dags/example_skip_dag.py for tasks to queue
[2023-12-06T18:33:04.839+0000] {logging_mixin.py:154} INFO - [2023-12-06T18:33:04.839+0000] {dagbag.py:536} INFO - Filling up the DagBag from /usr/local/lib/python3.10/dist-packages/airflow/example_dags/example_skip_dag.py
[2023-12-06T18:33:04.848+0000] {processor.py:839} INFO - DAG(s) dict_keys(['example_skip_dag']) retrieved from /usr/local/lib/python3.10/dist-packages/airflow/example_dags/example_skip_dag.py
[2023-12-06T18:33:04.867+0000] {logging_mixin.py:154} INFO - [2023-12-06T18:33:04.867+0000] {dag.py:2941} INFO - Sync 1 DAGs
[2023-12-06T18:33:04.888+0000] {logging_mixin.py:154} INFO - [2023-12-06T18:33:04.888+0000] {dag.py:3722} INFO - Setting next_dagrun for example_skip_dag to 2023-12-05T18:33:04.887937+00:00, run_after=2023-12-06T18:33:04.887937+00:00
[2023-12-06T18:33:04.925+0000] {processor.py:179} INFO - Processing /usr/local/lib/python3.10/dist-packages/airflow/example_dags/example_skip_dag.py took 0.092 seconds
[2023-12-06T18:33:52.439+0000] {processor.py:157} INFO - Started process (PID=4416) to work on /usr/local/lib/python3.10/dist-packages/airflow/example_dags/example_skip_dag.py
[2023-12-06T18:33:52.444+0000] {processor.py:829} INFO - Processing file /usr/local/lib/python3.10/dist-packages/airflow/example_dags/example_skip_dag.py for tasks to queue
[2023-12-06T18:33:52.445+0000] {logging_mixin.py:154} INFO - [2023-12-06T18:33:52.444+0000] {dagbag.py:536} INFO - Filling up the DagBag from /usr/local/lib/python3.10/dist-packages/airflow/example_dags/example_skip_dag.py
[2023-12-06T18:33:52.453+0000] {processor.py:839} INFO - DAG(s) dict_keys(['example_skip_dag']) retrieved from /usr/local/lib/python3.10/dist-packages/airflow/example_dags/example_skip_dag.py
[2023-12-06T18:33:52.471+0000] {logging_mixin.py:154} INFO - [2023-12-06T18:33:52.471+0000] {dag.py:2941} INFO - Sync 1 DAGs
[2023-12-06T18:33:52.491+0000] {logging_mixin.py:154} INFO - [2023-12-06T18:33:52.491+0000] {dag.py:3722} INFO - Setting next_dagrun for example_skip_dag to 2023-12-05T18:33:52.491535+00:00, run_after=2023-12-06T18:33:52.491535+00:00
[2023-12-06T18:33:52.514+0000] {processor.py:179} INFO - Processing /usr/local/lib/python3.10/dist-packages/airflow/example_dags/example_skip_dag.py took 0.078 seconds
[2023-12-06T18:34:40.962+0000] {processor.py:157} INFO - Started process (PID=4465) to work on /usr/local/lib/python3.10/dist-packages/airflow/example_dags/example_skip_dag.py
[2023-12-06T18:34:40.963+0000] {processor.py:829} INFO - Processing file /usr/local/lib/python3.10/dist-packages/airflow/example_dags/example_skip_dag.py for tasks to queue
[2023-12-06T18:34:40.964+0000] {logging_mixin.py:154} INFO - [2023-12-06T18:34:40.964+0000] {dagbag.py:536} INFO - Filling up the DagBag from /usr/local/lib/python3.10/dist-packages/airflow/example_dags/example_skip_dag.py
[2023-12-06T18:34:40.972+0000] {processor.py:839} INFO - DAG(s) dict_keys(['example_skip_dag']) retrieved from /usr/local/lib/python3.10/dist-packages/airflow/example_dags/example_skip_dag.py
[2023-12-06T18:34:40.991+0000] {logging_mixin.py:154} INFO - [2023-12-06T18:34:40.990+0000] {dag.py:2941} INFO - Sync 1 DAGs
[2023-12-06T18:34:41.012+0000] {logging_mixin.py:154} INFO - [2023-12-06T18:34:41.011+0000] {dag.py:3722} INFO - Setting next_dagrun for example_skip_dag to 2023-12-05T18:34:41.011651+00:00, run_after=2023-12-06T18:34:41.011651+00:00
[2023-12-06T18:34:41.036+0000] {processor.py:179} INFO - Processing /usr/local/lib/python3.10/dist-packages/airflow/example_dags/example_skip_dag.py took 0.078 seconds
[2023-12-06T18:35:26.947+0000] {processor.py:157} INFO - Started process (PID=4513) to work on /usr/local/lib/python3.10/dist-packages/airflow/example_dags/example_skip_dag.py
[2023-12-06T18:35:26.949+0000] {processor.py:829} INFO - Processing file /usr/local/lib/python3.10/dist-packages/airflow/example_dags/example_skip_dag.py for tasks to queue
[2023-12-06T18:35:26.950+0000] {logging_mixin.py:154} INFO - [2023-12-06T18:35:26.949+0000] {dagbag.py:536} INFO - Filling up the DagBag from /usr/local/lib/python3.10/dist-packages/airflow/example_dags/example_skip_dag.py
[2023-12-06T18:35:26.958+0000] {processor.py:839} INFO - DAG(s) dict_keys(['example_skip_dag']) retrieved from /usr/local/lib/python3.10/dist-packages/airflow/example_dags/example_skip_dag.py
[2023-12-06T18:35:26.975+0000] {logging_mixin.py:154} INFO - [2023-12-06T18:35:26.975+0000] {dag.py:2941} INFO - Sync 1 DAGs
[2023-12-06T18:35:26.996+0000] {logging_mixin.py:154} INFO - [2023-12-06T18:35:26.996+0000] {dag.py:3722} INFO - Setting next_dagrun for example_skip_dag to 2023-12-05T18:35:26.996143+00:00, run_after=2023-12-06T18:35:26.996143+00:00
[2023-12-06T18:35:27.021+0000] {processor.py:179} INFO - Processing /usr/local/lib/python3.10/dist-packages/airflow/example_dags/example_skip_dag.py took 0.078 seconds
[2023-12-06T18:36:10.556+0000] {processor.py:157} INFO - Started process (PID=4559) to work on /usr/local/lib/python3.10/dist-packages/airflow/example_dags/example_skip_dag.py
[2023-12-06T18:36:10.557+0000] {processor.py:829} INFO - Processing file /usr/local/lib/python3.10/dist-packages/airflow/example_dags/example_skip_dag.py for tasks to queue
[2023-12-06T18:36:10.558+0000] {logging_mixin.py:154} INFO - [2023-12-06T18:36:10.557+0000] {dagbag.py:536} INFO - Filling up the DagBag from /usr/local/lib/python3.10/dist-packages/airflow/example_dags/example_skip_dag.py
[2023-12-06T18:36:10.566+0000] {processor.py:839} INFO - DAG(s) dict_keys(['example_skip_dag']) retrieved from /usr/local/lib/python3.10/dist-packages/airflow/example_dags/example_skip_dag.py
[2023-12-06T18:36:10.584+0000] {logging_mixin.py:154} INFO - [2023-12-06T18:36:10.584+0000] {dag.py:2941} INFO - Sync 1 DAGs
[2023-12-06T18:36:10.604+0000] {logging_mixin.py:154} INFO - [2023-12-06T18:36:10.604+0000] {dag.py:3722} INFO - Setting next_dagrun for example_skip_dag to 2023-12-05T18:36:10.603941+00:00, run_after=2023-12-06T18:36:10.603941+00:00
[2023-12-06T18:36:10.628+0000] {processor.py:179} INFO - Processing /usr/local/lib/python3.10/dist-packages/airflow/example_dags/example_skip_dag.py took 0.076 seconds
[2023-12-06T18:36:59.300+0000] {processor.py:157} INFO - Started process (PID=4608) to work on /usr/local/lib/python3.10/dist-packages/airflow/example_dags/example_skip_dag.py
[2023-12-06T18:36:59.301+0000] {processor.py:829} INFO - Processing file /usr/local/lib/python3.10/dist-packages/airflow/example_dags/example_skip_dag.py for tasks to queue
[2023-12-06T18:36:59.302+0000] {logging_mixin.py:154} INFO - [2023-12-06T18:36:59.301+0000] {dagbag.py:536} INFO - Filling up the DagBag from /usr/local/lib/python3.10/dist-packages/airflow/example_dags/example_skip_dag.py
[2023-12-06T18:36:59.310+0000] {processor.py:839} INFO - DAG(s) dict_keys(['example_skip_dag']) retrieved from /usr/local/lib/python3.10/dist-packages/airflow/example_dags/example_skip_dag.py
[2023-12-06T18:36:59.328+0000] {logging_mixin.py:154} INFO - [2023-12-06T18:36:59.328+0000] {dag.py:2941} INFO - Sync 1 DAGs
[2023-12-06T18:36:59.349+0000] {logging_mixin.py:154} INFO - [2023-12-06T18:36:59.348+0000] {dag.py:3722} INFO - Setting next_dagrun for example_skip_dag to 2023-12-05T18:36:59.348522+00:00, run_after=2023-12-06T18:36:59.348522+00:00
[2023-12-06T18:36:59.373+0000] {processor.py:179} INFO - Processing /usr/local/lib/python3.10/dist-packages/airflow/example_dags/example_skip_dag.py took 0.077 seconds
[2023-12-06T18:37:44.152+0000] {processor.py:157} INFO - Started process (PID=4655) to work on /usr/local/lib/python3.10/dist-packages/airflow/example_dags/example_skip_dag.py
[2023-12-06T18:37:44.153+0000] {processor.py:829} INFO - Processing file /usr/local/lib/python3.10/dist-packages/airflow/example_dags/example_skip_dag.py for tasks to queue
[2023-12-06T18:37:44.154+0000] {logging_mixin.py:154} INFO - [2023-12-06T18:37:44.154+0000] {dagbag.py:536} INFO - Filling up the DagBag from /usr/local/lib/python3.10/dist-packages/airflow/example_dags/example_skip_dag.py
[2023-12-06T18:37:44.162+0000] {processor.py:839} INFO - DAG(s) dict_keys(['example_skip_dag']) retrieved from /usr/local/lib/python3.10/dist-packages/airflow/example_dags/example_skip_dag.py
[2023-12-06T18:37:44.180+0000] {logging_mixin.py:154} INFO - [2023-12-06T18:37:44.180+0000] {dag.py:2941} INFO - Sync 1 DAGs
[2023-12-06T18:37:44.200+0000] {logging_mixin.py:154} INFO - [2023-12-06T18:37:44.200+0000] {dag.py:3722} INFO - Setting next_dagrun for example_skip_dag to 2023-12-05T18:37:44.200433+00:00, run_after=2023-12-06T18:37:44.200433+00:00
[2023-12-06T18:37:44.222+0000] {processor.py:179} INFO - Processing /usr/local/lib/python3.10/dist-packages/airflow/example_dags/example_skip_dag.py took 0.074 seconds
[2023-12-06T18:38:31.110+0000] {processor.py:157} INFO - Started process (PID=4702) to work on /usr/local/lib/python3.10/dist-packages/airflow/example_dags/example_skip_dag.py
[2023-12-06T18:38:31.112+0000] {processor.py:829} INFO - Processing file /usr/local/lib/python3.10/dist-packages/airflow/example_dags/example_skip_dag.py for tasks to queue
[2023-12-06T18:38:31.112+0000] {logging_mixin.py:154} INFO - [2023-12-06T18:38:31.112+0000] {dagbag.py:536} INFO - Filling up the DagBag from /usr/local/lib/python3.10/dist-packages/airflow/example_dags/example_skip_dag.py
[2023-12-06T18:38:31.120+0000] {processor.py:839} INFO - DAG(s) dict_keys(['example_skip_dag']) retrieved from /usr/local/lib/python3.10/dist-packages/airflow/example_dags/example_skip_dag.py
[2023-12-06T18:38:31.150+0000] {logging_mixin.py:154} INFO - [2023-12-06T18:38:31.150+0000] {dag.py:2941} INFO - Sync 1 DAGs
[2023-12-06T18:38:31.171+0000] {logging_mixin.py:154} INFO - [2023-12-06T18:38:31.171+0000] {dag.py:3722} INFO - Setting next_dagrun for example_skip_dag to 2023-12-05T18:38:31.170951+00:00, run_after=2023-12-06T18:38:31.170951+00:00
[2023-12-06T18:38:31.198+0000] {processor.py:179} INFO - Processing /usr/local/lib/python3.10/dist-packages/airflow/example_dags/example_skip_dag.py took 0.092 seconds
[2023-12-06T18:39:18.597+0000] {processor.py:157} INFO - Started process (PID=4750) to work on /usr/local/lib/python3.10/dist-packages/airflow/example_dags/example_skip_dag.py
[2023-12-06T18:39:18.599+0000] {processor.py:829} INFO - Processing file /usr/local/lib/python3.10/dist-packages/airflow/example_dags/example_skip_dag.py for tasks to queue
[2023-12-06T18:39:18.600+0000] {logging_mixin.py:154} INFO - [2023-12-06T18:39:18.599+0000] {dagbag.py:536} INFO - Filling up the DagBag from /usr/local/lib/python3.10/dist-packages/airflow/example_dags/example_skip_dag.py
[2023-12-06T18:39:18.608+0000] {processor.py:839} INFO - DAG(s) dict_keys(['example_skip_dag']) retrieved from /usr/local/lib/python3.10/dist-packages/airflow/example_dags/example_skip_dag.py
[2023-12-06T18:39:18.626+0000] {logging_mixin.py:154} INFO - [2023-12-06T18:39:18.626+0000] {dag.py:2941} INFO - Sync 1 DAGs
[2023-12-06T18:39:18.647+0000] {logging_mixin.py:154} INFO - [2023-12-06T18:39:18.647+0000] {dag.py:3722} INFO - Setting next_dagrun for example_skip_dag to 2023-12-05T18:39:18.646790+00:00, run_after=2023-12-06T18:39:18.646790+00:00
[2023-12-06T18:39:18.671+0000] {processor.py:179} INFO - Processing /usr/local/lib/python3.10/dist-packages/airflow/example_dags/example_skip_dag.py took 0.077 seconds
[2023-12-06T18:40:08.170+0000] {processor.py:157} INFO - Started process (PID=4799) to work on /usr/local/lib/python3.10/dist-packages/airflow/example_dags/example_skip_dag.py
[2023-12-06T18:40:08.172+0000] {processor.py:829} INFO - Processing file /usr/local/lib/python3.10/dist-packages/airflow/example_dags/example_skip_dag.py for tasks to queue
[2023-12-06T18:40:08.172+0000] {logging_mixin.py:154} INFO - [2023-12-06T18:40:08.172+0000] {dagbag.py:536} INFO - Filling up the DagBag from /usr/local/lib/python3.10/dist-packages/airflow/example_dags/example_skip_dag.py
[2023-12-06T18:40:08.181+0000] {processor.py:839} INFO - DAG(s) dict_keys(['example_skip_dag']) retrieved from /usr/local/lib/python3.10/dist-packages/airflow/example_dags/example_skip_dag.py
[2023-12-06T18:40:08.200+0000] {logging_mixin.py:154} INFO - [2023-12-06T18:40:08.200+0000] {dag.py:2941} INFO - Sync 1 DAGs
[2023-12-06T18:40:08.222+0000] {logging_mixin.py:154} INFO - [2023-12-06T18:40:08.222+0000] {dag.py:3722} INFO - Setting next_dagrun for example_skip_dag to 2023-12-05T18:40:08.222045+00:00, run_after=2023-12-06T18:40:08.222045+00:00
[2023-12-06T18:40:08.248+0000] {processor.py:179} INFO - Processing /usr/local/lib/python3.10/dist-packages/airflow/example_dags/example_skip_dag.py took 0.082 seconds
[2023-12-06T18:40:42.003+0000] {processor.py:157} INFO - Started process (PID=4834) to work on /usr/local/lib/python3.10/dist-packages/airflow/example_dags/example_skip_dag.py
[2023-12-06T18:40:42.004+0000] {processor.py:829} INFO - Processing file /usr/local/lib/python3.10/dist-packages/airflow/example_dags/example_skip_dag.py for tasks to queue
[2023-12-06T18:40:42.005+0000] {logging_mixin.py:154} INFO - [2023-12-06T18:40:42.005+0000] {dagbag.py:536} INFO - Filling up the DagBag from /usr/local/lib/python3.10/dist-packages/airflow/example_dags/example_skip_dag.py
[2023-12-06T18:40:42.013+0000] {processor.py:839} INFO - DAG(s) dict_keys(['example_skip_dag']) retrieved from /usr/local/lib/python3.10/dist-packages/airflow/example_dags/example_skip_dag.py
[2023-12-06T18:40:42.032+0000] {logging_mixin.py:154} INFO - [2023-12-06T18:40:42.032+0000] {dag.py:2941} INFO - Sync 1 DAGs
[2023-12-06T18:40:42.053+0000] {logging_mixin.py:154} INFO - [2023-12-06T18:40:42.052+0000] {dag.py:3722} INFO - Setting next_dagrun for example_skip_dag to 2023-12-05T18:40:42.052496+00:00, run_after=2023-12-06T18:40:42.052496+00:00
[2023-12-06T18:40:42.128+0000] {processor.py:179} INFO - Processing /usr/local/lib/python3.10/dist-packages/airflow/example_dags/example_skip_dag.py took 0.129 seconds
[2023-12-06T18:41:32.712+0000] {processor.py:157} INFO - Started process (PID=4884) to work on /usr/local/lib/python3.10/dist-packages/airflow/example_dags/example_skip_dag.py
[2023-12-06T18:41:32.714+0000] {processor.py:829} INFO - Processing file /usr/local/lib/python3.10/dist-packages/airflow/example_dags/example_skip_dag.py for tasks to queue
[2023-12-06T18:41:32.715+0000] {logging_mixin.py:154} INFO - [2023-12-06T18:41:32.714+0000] {dagbag.py:536} INFO - Filling up the DagBag from /usr/local/lib/python3.10/dist-packages/airflow/example_dags/example_skip_dag.py
[2023-12-06T18:41:32.723+0000] {processor.py:839} INFO - DAG(s) dict_keys(['example_skip_dag']) retrieved from /usr/local/lib/python3.10/dist-packages/airflow/example_dags/example_skip_dag.py
[2023-12-06T18:41:32.742+0000] {logging_mixin.py:154} INFO - [2023-12-06T18:41:32.741+0000] {dag.py:2941} INFO - Sync 1 DAGs
[2023-12-06T18:41:32.762+0000] {logging_mixin.py:154} INFO - [2023-12-06T18:41:32.762+0000] {dag.py:3722} INFO - Setting next_dagrun for example_skip_dag to 2023-12-05T18:41:32.761931+00:00, run_after=2023-12-06T18:41:32.761931+00:00
[2023-12-06T18:41:32.789+0000] {processor.py:179} INFO - Processing /usr/local/lib/python3.10/dist-packages/airflow/example_dags/example_skip_dag.py took 0.080 seconds
[2023-12-06T18:42:16.720+0000] {processor.py:157} INFO - Started process (PID=4930) to work on /usr/local/lib/python3.10/dist-packages/airflow/example_dags/example_skip_dag.py
[2023-12-06T18:42:16.723+0000] {processor.py:829} INFO - Processing file /usr/local/lib/python3.10/dist-packages/airflow/example_dags/example_skip_dag.py for tasks to queue
[2023-12-06T18:42:16.724+0000] {logging_mixin.py:154} INFO - [2023-12-06T18:42:16.724+0000] {dagbag.py:536} INFO - Filling up the DagBag from /usr/local/lib/python3.10/dist-packages/airflow/example_dags/example_skip_dag.py
[2023-12-06T18:42:16.732+0000] {processor.py:839} INFO - DAG(s) dict_keys(['example_skip_dag']) retrieved from /usr/local/lib/python3.10/dist-packages/airflow/example_dags/example_skip_dag.py
[2023-12-06T18:42:16.750+0000] {logging_mixin.py:154} INFO - [2023-12-06T18:42:16.750+0000] {dag.py:2941} INFO - Sync 1 DAGs
[2023-12-06T18:42:16.770+0000] {logging_mixin.py:154} INFO - [2023-12-06T18:42:16.770+0000] {dag.py:3722} INFO - Setting next_dagrun for example_skip_dag to 2023-12-05T18:42:16.770472+00:00, run_after=2023-12-06T18:42:16.770472+00:00
[2023-12-06T18:42:16.798+0000] {processor.py:179} INFO - Processing /usr/local/lib/python3.10/dist-packages/airflow/example_dags/example_skip_dag.py took 0.081 seconds
[2023-12-06T18:43:08.201+0000] {processor.py:157} INFO - Started process (PID=4981) to work on /usr/local/lib/python3.10/dist-packages/airflow/example_dags/example_skip_dag.py
[2023-12-06T18:43:08.202+0000] {processor.py:829} INFO - Processing file /usr/local/lib/python3.10/dist-packages/airflow/example_dags/example_skip_dag.py for tasks to queue
[2023-12-06T18:43:08.203+0000] {logging_mixin.py:154} INFO - [2023-12-06T18:43:08.203+0000] {dagbag.py:536} INFO - Filling up the DagBag from /usr/local/lib/python3.10/dist-packages/airflow/example_dags/example_skip_dag.py
[2023-12-06T18:43:08.211+0000] {processor.py:839} INFO - DAG(s) dict_keys(['example_skip_dag']) retrieved from /usr/local/lib/python3.10/dist-packages/airflow/example_dags/example_skip_dag.py
[2023-12-06T18:43:08.230+0000] {logging_mixin.py:154} INFO - [2023-12-06T18:43:08.230+0000] {dag.py:2941} INFO - Sync 1 DAGs
[2023-12-06T18:43:08.251+0000] {logging_mixin.py:154} INFO - [2023-12-06T18:43:08.250+0000] {dag.py:3722} INFO - Setting next_dagrun for example_skip_dag to 2023-12-05T18:43:08.250687+00:00, run_after=2023-12-06T18:43:08.250687+00:00
[2023-12-06T18:43:08.273+0000] {processor.py:179} INFO - Processing /usr/local/lib/python3.10/dist-packages/airflow/example_dags/example_skip_dag.py took 0.076 seconds
[2023-12-06T18:43:42.502+0000] {processor.py:157} INFO - Started process (PID=5015) to work on /usr/local/lib/python3.10/dist-packages/airflow/example_dags/example_skip_dag.py
[2023-12-06T18:43:42.503+0000] {processor.py:829} INFO - Processing file /usr/local/lib/python3.10/dist-packages/airflow/example_dags/example_skip_dag.py for tasks to queue
[2023-12-06T18:43:42.504+0000] {logging_mixin.py:154} INFO - [2023-12-06T18:43:42.504+0000] {dagbag.py:536} INFO - Filling up the DagBag from /usr/local/lib/python3.10/dist-packages/airflow/example_dags/example_skip_dag.py
[2023-12-06T18:43:42.512+0000] {processor.py:839} INFO - DAG(s) dict_keys(['example_skip_dag']) retrieved from /usr/local/lib/python3.10/dist-packages/airflow/example_dags/example_skip_dag.py
[2023-12-06T18:43:42.530+0000] {logging_mixin.py:154} INFO - [2023-12-06T18:43:42.530+0000] {dag.py:2941} INFO - Sync 1 DAGs
[2023-12-06T18:43:42.551+0000] {logging_mixin.py:154} INFO - [2023-12-06T18:43:42.551+0000] {dag.py:3722} INFO - Setting next_dagrun for example_skip_dag to 2023-12-05T18:43:42.551139+00:00, run_after=2023-12-06T18:43:42.551139+00:00
[2023-12-06T18:43:42.573+0000] {processor.py:179} INFO - Processing /usr/local/lib/python3.10/dist-packages/airflow/example_dags/example_skip_dag.py took 0.074 seconds
[2023-12-06T18:44:32.064+0000] {processor.py:157} INFO - Started process (PID=5064) to work on /usr/local/lib/python3.10/dist-packages/airflow/example_dags/example_skip_dag.py
[2023-12-06T18:44:32.066+0000] {processor.py:829} INFO - Processing file /usr/local/lib/python3.10/dist-packages/airflow/example_dags/example_skip_dag.py for tasks to queue
[2023-12-06T18:44:32.067+0000] {logging_mixin.py:154} INFO - [2023-12-06T18:44:32.066+0000] {dagbag.py:536} INFO - Filling up the DagBag from /usr/local/lib/python3.10/dist-packages/airflow/example_dags/example_skip_dag.py
[2023-12-06T18:44:32.075+0000] {processor.py:839} INFO - DAG(s) dict_keys(['example_skip_dag']) retrieved from /usr/local/lib/python3.10/dist-packages/airflow/example_dags/example_skip_dag.py
[2023-12-06T18:44:32.092+0000] {logging_mixin.py:154} INFO - [2023-12-06T18:44:32.092+0000] {dag.py:2941} INFO - Sync 1 DAGs
[2023-12-06T18:44:32.112+0000] {logging_mixin.py:154} INFO - [2023-12-06T18:44:32.112+0000] {dag.py:3722} INFO - Setting next_dagrun for example_skip_dag to 2023-12-05T18:44:32.112393+00:00, run_after=2023-12-06T18:44:32.112393+00:00
[2023-12-06T18:44:32.134+0000] {processor.py:179} INFO - Processing /usr/local/lib/python3.10/dist-packages/airflow/example_dags/example_skip_dag.py took 0.073 seconds
[2023-12-06T18:45:16.891+0000] {processor.py:157} INFO - Started process (PID=5110) to work on /usr/local/lib/python3.10/dist-packages/airflow/example_dags/example_skip_dag.py
[2023-12-06T18:45:16.892+0000] {processor.py:829} INFO - Processing file /usr/local/lib/python3.10/dist-packages/airflow/example_dags/example_skip_dag.py for tasks to queue
[2023-12-06T18:45:16.893+0000] {logging_mixin.py:154} INFO - [2023-12-06T18:45:16.893+0000] {dagbag.py:536} INFO - Filling up the DagBag from /usr/local/lib/python3.10/dist-packages/airflow/example_dags/example_skip_dag.py
[2023-12-06T18:45:16.901+0000] {processor.py:839} INFO - DAG(s) dict_keys(['example_skip_dag']) retrieved from /usr/local/lib/python3.10/dist-packages/airflow/example_dags/example_skip_dag.py
[2023-12-06T18:45:16.920+0000] {logging_mixin.py:154} INFO - [2023-12-06T18:45:16.920+0000] {dag.py:2941} INFO - Sync 1 DAGs
[2023-12-06T18:45:16.941+0000] {logging_mixin.py:154} INFO - [2023-12-06T18:45:16.941+0000] {dag.py:3722} INFO - Setting next_dagrun for example_skip_dag to 2023-12-05T18:45:16.940905+00:00, run_after=2023-12-06T18:45:16.940905+00:00
[2023-12-06T18:45:16.963+0000] {processor.py:179} INFO - Processing /usr/local/lib/python3.10/dist-packages/airflow/example_dags/example_skip_dag.py took 0.076 seconds
[2023-12-06T18:46:03.474+0000] {processor.py:157} INFO - Started process (PID=5159) to work on /usr/local/lib/python3.10/dist-packages/airflow/example_dags/example_skip_dag.py
[2023-12-06T18:46:03.475+0000] {processor.py:829} INFO - Processing file /usr/local/lib/python3.10/dist-packages/airflow/example_dags/example_skip_dag.py for tasks to queue
[2023-12-06T18:46:03.476+0000] {logging_mixin.py:154} INFO - [2023-12-06T18:46:03.476+0000] {dagbag.py:536} INFO - Filling up the DagBag from /usr/local/lib/python3.10/dist-packages/airflow/example_dags/example_skip_dag.py
[2023-12-06T18:46:03.485+0000] {processor.py:839} INFO - DAG(s) dict_keys(['example_skip_dag']) retrieved from /usr/local/lib/python3.10/dist-packages/airflow/example_dags/example_skip_dag.py
[2023-12-06T18:46:03.504+0000] {logging_mixin.py:154} INFO - [2023-12-06T18:46:03.503+0000] {dag.py:2941} INFO - Sync 1 DAGs
[2023-12-06T18:46:03.525+0000] {logging_mixin.py:154} INFO - [2023-12-06T18:46:03.525+0000] {dag.py:3722} INFO - Setting next_dagrun for example_skip_dag to 2023-12-05T18:46:03.524877+00:00, run_after=2023-12-06T18:46:03.524877+00:00
[2023-12-06T18:46:03.548+0000] {processor.py:179} INFO - Processing /usr/local/lib/python3.10/dist-packages/airflow/example_dags/example_skip_dag.py took 0.077 seconds
[2023-12-06T18:46:45.567+0000] {processor.py:157} INFO - Started process (PID=5207) to work on /usr/local/lib/python3.10/dist-packages/airflow/example_dags/example_skip_dag.py
[2023-12-06T18:46:45.569+0000] {processor.py:829} INFO - Processing file /usr/local/lib/python3.10/dist-packages/airflow/example_dags/example_skip_dag.py for tasks to queue
[2023-12-06T18:46:45.570+0000] {logging_mixin.py:154} INFO - [2023-12-06T18:46:45.569+0000] {dagbag.py:536} INFO - Filling up the DagBag from /usr/local/lib/python3.10/dist-packages/airflow/example_dags/example_skip_dag.py
[2023-12-06T18:46:45.578+0000] {processor.py:839} INFO - DAG(s) dict_keys(['example_skip_dag']) retrieved from /usr/local/lib/python3.10/dist-packages/airflow/example_dags/example_skip_dag.py
[2023-12-06T18:46:45.596+0000] {logging_mixin.py:154} INFO - [2023-12-06T18:46:45.596+0000] {dag.py:2941} INFO - Sync 1 DAGs
[2023-12-06T18:46:45.617+0000] {logging_mixin.py:154} INFO - [2023-12-06T18:46:45.617+0000] {dag.py:3722} INFO - Setting next_dagrun for example_skip_dag to 2023-12-05T18:46:45.616929+00:00, run_after=2023-12-06T18:46:45.616929+00:00
[2023-12-06T18:46:45.639+0000] {processor.py:179} INFO - Processing /usr/local/lib/python3.10/dist-packages/airflow/example_dags/example_skip_dag.py took 0.076 seconds
[2023-12-06T18:47:37.527+0000] {processor.py:157} INFO - Started process (PID=5257) to work on /usr/local/lib/python3.10/dist-packages/airflow/example_dags/example_skip_dag.py
[2023-12-06T18:47:37.528+0000] {processor.py:829} INFO - Processing file /usr/local/lib/python3.10/dist-packages/airflow/example_dags/example_skip_dag.py for tasks to queue
[2023-12-06T18:47:37.529+0000] {logging_mixin.py:154} INFO - [2023-12-06T18:47:37.529+0000] {dagbag.py:536} INFO - Filling up the DagBag from /usr/local/lib/python3.10/dist-packages/airflow/example_dags/example_skip_dag.py
[2023-12-06T18:47:37.538+0000] {processor.py:839} INFO - DAG(s) dict_keys(['example_skip_dag']) retrieved from /usr/local/lib/python3.10/dist-packages/airflow/example_dags/example_skip_dag.py
[2023-12-06T18:47:37.556+0000] {logging_mixin.py:154} INFO - [2023-12-06T18:47:37.556+0000] {dag.py:2941} INFO - Sync 1 DAGs
[2023-12-06T18:47:37.577+0000] {logging_mixin.py:154} INFO - [2023-12-06T18:47:37.577+0000] {dag.py:3722} INFO - Setting next_dagrun for example_skip_dag to 2023-12-05T18:47:37.576810+00:00, run_after=2023-12-06T18:47:37.576810+00:00
[2023-12-06T18:47:37.604+0000] {processor.py:179} INFO - Processing /usr/local/lib/python3.10/dist-packages/airflow/example_dags/example_skip_dag.py took 0.081 seconds
[2023-12-06T18:48:27.593+0000] {processor.py:157} INFO - Started process (PID=5308) to work on /usr/local/lib/python3.10/dist-packages/airflow/example_dags/example_skip_dag.py
[2023-12-06T18:48:27.595+0000] {processor.py:829} INFO - Processing file /usr/local/lib/python3.10/dist-packages/airflow/example_dags/example_skip_dag.py for tasks to queue
[2023-12-06T18:48:27.596+0000] {logging_mixin.py:154} INFO - [2023-12-06T18:48:27.595+0000] {dagbag.py:536} INFO - Filling up the DagBag from /usr/local/lib/python3.10/dist-packages/airflow/example_dags/example_skip_dag.py
[2023-12-06T18:48:27.604+0000] {processor.py:839} INFO - DAG(s) dict_keys(['example_skip_dag']) retrieved from /usr/local/lib/python3.10/dist-packages/airflow/example_dags/example_skip_dag.py
[2023-12-06T18:48:27.623+0000] {logging_mixin.py:154} INFO - [2023-12-06T18:48:27.622+0000] {dag.py:2941} INFO - Sync 1 DAGs
[2023-12-06T18:48:27.643+0000] {logging_mixin.py:154} INFO - [2023-12-06T18:48:27.643+0000] {dag.py:3722} INFO - Setting next_dagrun for example_skip_dag to 2023-12-05T18:48:27.643421+00:00, run_after=2023-12-06T18:48:27.643421+00:00
[2023-12-06T18:48:27.668+0000] {processor.py:179} INFO - Processing /usr/local/lib/python3.10/dist-packages/airflow/example_dags/example_skip_dag.py took 0.079 seconds
[2023-12-06T18:49:14.479+0000] {processor.py:157} INFO - Started process (PID=5356) to work on /usr/local/lib/python3.10/dist-packages/airflow/example_dags/example_skip_dag.py
[2023-12-06T18:49:14.481+0000] {processor.py:829} INFO - Processing file /usr/local/lib/python3.10/dist-packages/airflow/example_dags/example_skip_dag.py for tasks to queue
[2023-12-06T18:49:14.482+0000] {logging_mixin.py:154} INFO - [2023-12-06T18:49:14.482+0000] {dagbag.py:536} INFO - Filling up the DagBag from /usr/local/lib/python3.10/dist-packages/airflow/example_dags/example_skip_dag.py
[2023-12-06T18:49:14.490+0000] {processor.py:839} INFO - DAG(s) dict_keys(['example_skip_dag']) retrieved from /usr/local/lib/python3.10/dist-packages/airflow/example_dags/example_skip_dag.py
[2023-12-06T18:49:14.508+0000] {logging_mixin.py:154} INFO - [2023-12-06T18:49:14.508+0000] {dag.py:2941} INFO - Sync 1 DAGs
[2023-12-06T18:49:14.535+0000] {logging_mixin.py:154} INFO - [2023-12-06T18:49:14.534+0000] {dag.py:3722} INFO - Setting next_dagrun for example_skip_dag to 2023-12-05T18:49:14.534668+00:00, run_after=2023-12-06T18:49:14.534668+00:00
[2023-12-06T18:49:14.558+0000] {processor.py:179} INFO - Processing /usr/local/lib/python3.10/dist-packages/airflow/example_dags/example_skip_dag.py took 0.082 seconds
[2023-12-06T18:49:56.996+0000] {processor.py:157} INFO - Started process (PID=5402) to work on /usr/local/lib/python3.10/dist-packages/airflow/example_dags/example_skip_dag.py
[2023-12-06T18:49:56.998+0000] {processor.py:829} INFO - Processing file /usr/local/lib/python3.10/dist-packages/airflow/example_dags/example_skip_dag.py for tasks to queue
[2023-12-06T18:49:56.999+0000] {logging_mixin.py:154} INFO - [2023-12-06T18:49:56.998+0000] {dagbag.py:536} INFO - Filling up the DagBag from /usr/local/lib/python3.10/dist-packages/airflow/example_dags/example_skip_dag.py
[2023-12-06T18:49:57.007+0000] {processor.py:839} INFO - DAG(s) dict_keys(['example_skip_dag']) retrieved from /usr/local/lib/python3.10/dist-packages/airflow/example_dags/example_skip_dag.py
[2023-12-06T18:49:57.025+0000] {logging_mixin.py:154} INFO - [2023-12-06T18:49:57.025+0000] {dag.py:2941} INFO - Sync 1 DAGs
[2023-12-06T18:49:57.045+0000] {logging_mixin.py:154} INFO - [2023-12-06T18:49:57.044+0000] {dag.py:3722} INFO - Setting next_dagrun for example_skip_dag to 2023-12-05T18:49:57.044631+00:00, run_after=2023-12-06T18:49:57.044631+00:00
[2023-12-06T18:49:57.068+0000] {processor.py:179} INFO - Processing /usr/local/lib/python3.10/dist-packages/airflow/example_dags/example_skip_dag.py took 0.075 seconds
[2023-12-06T18:50:38.423+0000] {processor.py:157} INFO - Started process (PID=5444) to work on /usr/local/lib/python3.10/dist-packages/airflow/example_dags/example_skip_dag.py
[2023-12-06T18:50:38.424+0000] {processor.py:829} INFO - Processing file /usr/local/lib/python3.10/dist-packages/airflow/example_dags/example_skip_dag.py for tasks to queue
[2023-12-06T18:50:38.425+0000] {logging_mixin.py:154} INFO - [2023-12-06T18:50:38.425+0000] {dagbag.py:536} INFO - Filling up the DagBag from /usr/local/lib/python3.10/dist-packages/airflow/example_dags/example_skip_dag.py
[2023-12-06T18:50:38.434+0000] {processor.py:839} INFO - DAG(s) dict_keys(['example_skip_dag']) retrieved from /usr/local/lib/python3.10/dist-packages/airflow/example_dags/example_skip_dag.py
[2023-12-06T18:50:38.453+0000] {logging_mixin.py:154} INFO - [2023-12-06T18:50:38.452+0000] {dag.py:2941} INFO - Sync 1 DAGs
[2023-12-06T18:50:38.474+0000] {logging_mixin.py:154} INFO - [2023-12-06T18:50:38.474+0000] {dag.py:3722} INFO - Setting next_dagrun for example_skip_dag to 2023-12-05T18:50:38.473843+00:00, run_after=2023-12-06T18:50:38.473843+00:00
[2023-12-06T18:50:38.499+0000] {processor.py:179} INFO - Processing /usr/local/lib/python3.10/dist-packages/airflow/example_dags/example_skip_dag.py took 0.079 seconds
[2023-12-06T18:51:20.268+0000] {processor.py:157} INFO - Started process (PID=5493) to work on /usr/local/lib/python3.10/dist-packages/airflow/example_dags/example_skip_dag.py
[2023-12-06T18:51:20.269+0000] {processor.py:829} INFO - Processing file /usr/local/lib/python3.10/dist-packages/airflow/example_dags/example_skip_dag.py for tasks to queue
[2023-12-06T18:51:20.270+0000] {logging_mixin.py:154} INFO - [2023-12-06T18:51:20.269+0000] {dagbag.py:536} INFO - Filling up the DagBag from /usr/local/lib/python3.10/dist-packages/airflow/example_dags/example_skip_dag.py
[2023-12-06T18:51:20.278+0000] {processor.py:839} INFO - DAG(s) dict_keys(['example_skip_dag']) retrieved from /usr/local/lib/python3.10/dist-packages/airflow/example_dags/example_skip_dag.py
[2023-12-06T18:51:20.296+0000] {logging_mixin.py:154} INFO - [2023-12-06T18:51:20.296+0000] {dag.py:2941} INFO - Sync 1 DAGs
[2023-12-06T18:51:20.316+0000] {logging_mixin.py:154} INFO - [2023-12-06T18:51:20.315+0000] {dag.py:3722} INFO - Setting next_dagrun for example_skip_dag to 2023-12-05T18:51:20.315449+00:00, run_after=2023-12-06T18:51:20.315449+00:00
[2023-12-06T18:51:20.337+0000] {processor.py:179} INFO - Processing /usr/local/lib/python3.10/dist-packages/airflow/example_dags/example_skip_dag.py took 0.072 seconds
[2023-12-06T18:52:03.282+0000] {processor.py:157} INFO - Started process (PID=5538) to work on /usr/local/lib/python3.10/dist-packages/airflow/example_dags/example_skip_dag.py
[2023-12-06T18:52:03.284+0000] {processor.py:829} INFO - Processing file /usr/local/lib/python3.10/dist-packages/airflow/example_dags/example_skip_dag.py for tasks to queue
[2023-12-06T18:52:03.285+0000] {logging_mixin.py:154} INFO - [2023-12-06T18:52:03.284+0000] {dagbag.py:536} INFO - Filling up the DagBag from /usr/local/lib/python3.10/dist-packages/airflow/example_dags/example_skip_dag.py
[2023-12-06T18:52:03.293+0000] {processor.py:839} INFO - DAG(s) dict_keys(['example_skip_dag']) retrieved from /usr/local/lib/python3.10/dist-packages/airflow/example_dags/example_skip_dag.py
[2023-12-06T18:52:03.312+0000] {logging_mixin.py:154} INFO - [2023-12-06T18:52:03.312+0000] {dag.py:2941} INFO - Sync 1 DAGs
[2023-12-06T18:52:03.334+0000] {logging_mixin.py:154} INFO - [2023-12-06T18:52:03.334+0000] {dag.py:3722} INFO - Setting next_dagrun for example_skip_dag to 2023-12-05T18:52:03.334001+00:00, run_after=2023-12-06T18:52:03.334001+00:00
[2023-12-06T18:52:03.357+0000] {processor.py:179} INFO - Processing /usr/local/lib/python3.10/dist-packages/airflow/example_dags/example_skip_dag.py took 0.078 seconds
[2023-12-06T18:52:50.824+0000] {processor.py:157} INFO - Started process (PID=5586) to work on /usr/local/lib/python3.10/dist-packages/airflow/example_dags/example_skip_dag.py
[2023-12-06T18:52:50.826+0000] {processor.py:829} INFO - Processing file /usr/local/lib/python3.10/dist-packages/airflow/example_dags/example_skip_dag.py for tasks to queue
[2023-12-06T18:52:50.826+0000] {logging_mixin.py:154} INFO - [2023-12-06T18:52:50.826+0000] {dagbag.py:536} INFO - Filling up the DagBag from /usr/local/lib/python3.10/dist-packages/airflow/example_dags/example_skip_dag.py
[2023-12-06T18:52:50.835+0000] {processor.py:839} INFO - DAG(s) dict_keys(['example_skip_dag']) retrieved from /usr/local/lib/python3.10/dist-packages/airflow/example_dags/example_skip_dag.py
[2023-12-06T18:52:50.853+0000] {logging_mixin.py:154} INFO - [2023-12-06T18:52:50.852+0000] {dag.py:2941} INFO - Sync 1 DAGs
[2023-12-06T18:52:50.873+0000] {logging_mixin.py:154} INFO - [2023-12-06T18:52:50.873+0000] {dag.py:3722} INFO - Setting next_dagrun for example_skip_dag to 2023-12-05T18:52:50.872836+00:00, run_after=2023-12-06T18:52:50.872836+00:00
[2023-12-06T18:52:50.895+0000] {processor.py:179} INFO - Processing /usr/local/lib/python3.10/dist-packages/airflow/example_dags/example_skip_dag.py took 0.075 seconds
[2023-12-06T18:53:38.205+0000] {processor.py:157} INFO - Started process (PID=5633) to work on /usr/local/lib/python3.10/dist-packages/airflow/example_dags/example_skip_dag.py
[2023-12-06T18:53:38.207+0000] {processor.py:829} INFO - Processing file /usr/local/lib/python3.10/dist-packages/airflow/example_dags/example_skip_dag.py for tasks to queue
[2023-12-06T18:53:38.208+0000] {logging_mixin.py:154} INFO - [2023-12-06T18:53:38.208+0000] {dagbag.py:536} INFO - Filling up the DagBag from /usr/local/lib/python3.10/dist-packages/airflow/example_dags/example_skip_dag.py
[2023-12-06T18:53:38.217+0000] {processor.py:839} INFO - DAG(s) dict_keys(['example_skip_dag']) retrieved from /usr/local/lib/python3.10/dist-packages/airflow/example_dags/example_skip_dag.py
[2023-12-06T18:53:38.236+0000] {logging_mixin.py:154} INFO - [2023-12-06T18:53:38.236+0000] {dag.py:2941} INFO - Sync 1 DAGs
[2023-12-06T18:53:38.259+0000] {logging_mixin.py:154} INFO - [2023-12-06T18:53:38.259+0000] {dag.py:3722} INFO - Setting next_dagrun for example_skip_dag to 2023-12-05T18:53:38.259304+00:00, run_after=2023-12-06T18:53:38.259304+00:00
[2023-12-06T18:53:38.296+0000] {processor.py:179} INFO - Processing /usr/local/lib/python3.10/dist-packages/airflow/example_dags/example_skip_dag.py took 0.095 seconds
[2023-12-06T18:54:18.030+0000] {processor.py:157} INFO - Started process (PID=5676) to work on /usr/local/lib/python3.10/dist-packages/airflow/example_dags/example_skip_dag.py
[2023-12-06T18:54:18.032+0000] {processor.py:829} INFO - Processing file /usr/local/lib/python3.10/dist-packages/airflow/example_dags/example_skip_dag.py for tasks to queue
[2023-12-06T18:54:18.033+0000] {logging_mixin.py:154} INFO - [2023-12-06T18:54:18.032+0000] {dagbag.py:536} INFO - Filling up the DagBag from /usr/local/lib/python3.10/dist-packages/airflow/example_dags/example_skip_dag.py
[2023-12-06T18:54:18.041+0000] {processor.py:839} INFO - DAG(s) dict_keys(['example_skip_dag']) retrieved from /usr/local/lib/python3.10/dist-packages/airflow/example_dags/example_skip_dag.py
[2023-12-06T18:54:18.062+0000] {logging_mixin.py:154} INFO - [2023-12-06T18:54:18.061+0000] {dag.py:2941} INFO - Sync 1 DAGs
[2023-12-06T18:54:18.082+0000] {logging_mixin.py:154} INFO - [2023-12-06T18:54:18.082+0000] {dag.py:3722} INFO - Setting next_dagrun for example_skip_dag to 2023-12-05T18:54:18.081938+00:00, run_after=2023-12-06T18:54:18.081938+00:00
[2023-12-06T18:54:18.108+0000] {processor.py:179} INFO - Processing /usr/local/lib/python3.10/dist-packages/airflow/example_dags/example_skip_dag.py took 0.081 seconds
[2023-12-06T18:55:05.107+0000] {processor.py:157} INFO - Started process (PID=5725) to work on /usr/local/lib/python3.10/dist-packages/airflow/example_dags/example_skip_dag.py
[2023-12-06T18:55:05.109+0000] {processor.py:829} INFO - Processing file /usr/local/lib/python3.10/dist-packages/airflow/example_dags/example_skip_dag.py for tasks to queue
[2023-12-06T18:55:05.110+0000] {logging_mixin.py:154} INFO - [2023-12-06T18:55:05.109+0000] {dagbag.py:536} INFO - Filling up the DagBag from /usr/local/lib/python3.10/dist-packages/airflow/example_dags/example_skip_dag.py
[2023-12-06T18:55:05.118+0000] {processor.py:839} INFO - DAG(s) dict_keys(['example_skip_dag']) retrieved from /usr/local/lib/python3.10/dist-packages/airflow/example_dags/example_skip_dag.py
[2023-12-06T18:55:05.138+0000] {logging_mixin.py:154} INFO - [2023-12-06T18:55:05.137+0000] {dag.py:2941} INFO - Sync 1 DAGs
[2023-12-06T18:55:05.159+0000] {logging_mixin.py:154} INFO - [2023-12-06T18:55:05.159+0000] {dag.py:3722} INFO - Setting next_dagrun for example_skip_dag to 2023-12-05T18:55:05.158895+00:00, run_after=2023-12-06T18:55:05.158895+00:00
[2023-12-06T18:55:05.183+0000] {processor.py:179} INFO - Processing /usr/local/lib/python3.10/dist-packages/airflow/example_dags/example_skip_dag.py took 0.080 seconds
[2023-12-06T18:55:50.912+0000] {processor.py:157} INFO - Started process (PID=5772) to work on /usr/local/lib/python3.10/dist-packages/airflow/example_dags/example_skip_dag.py
[2023-12-06T18:55:50.913+0000] {processor.py:829} INFO - Processing file /usr/local/lib/python3.10/dist-packages/airflow/example_dags/example_skip_dag.py for tasks to queue
[2023-12-06T18:55:50.914+0000] {logging_mixin.py:154} INFO - [2023-12-06T18:55:50.914+0000] {dagbag.py:536} INFO - Filling up the DagBag from /usr/local/lib/python3.10/dist-packages/airflow/example_dags/example_skip_dag.py
[2023-12-06T18:55:50.922+0000] {processor.py:839} INFO - DAG(s) dict_keys(['example_skip_dag']) retrieved from /usr/local/lib/python3.10/dist-packages/airflow/example_dags/example_skip_dag.py
[2023-12-06T18:55:50.941+0000] {logging_mixin.py:154} INFO - [2023-12-06T18:55:50.940+0000] {dag.py:2941} INFO - Sync 1 DAGs
[2023-12-06T18:55:50.961+0000] {logging_mixin.py:154} INFO - [2023-12-06T18:55:50.961+0000] {dag.py:3722} INFO - Setting next_dagrun for example_skip_dag to 2023-12-05T18:55:50.961332+00:00, run_after=2023-12-06T18:55:50.961332+00:00
[2023-12-06T18:55:50.990+0000] {processor.py:179} INFO - Processing /usr/local/lib/python3.10/dist-packages/airflow/example_dags/example_skip_dag.py took 0.082 seconds
[2023-12-06T18:56:39.447+0000] {processor.py:157} INFO - Started process (PID=5821) to work on /usr/local/lib/python3.10/dist-packages/airflow/example_dags/example_skip_dag.py
[2023-12-06T18:56:39.449+0000] {processor.py:829} INFO - Processing file /usr/local/lib/python3.10/dist-packages/airflow/example_dags/example_skip_dag.py for tasks to queue
[2023-12-06T18:56:39.450+0000] {logging_mixin.py:154} INFO - [2023-12-06T18:56:39.449+0000] {dagbag.py:536} INFO - Filling up the DagBag from /usr/local/lib/python3.10/dist-packages/airflow/example_dags/example_skip_dag.py
[2023-12-06T18:56:39.458+0000] {processor.py:839} INFO - DAG(s) dict_keys(['example_skip_dag']) retrieved from /usr/local/lib/python3.10/dist-packages/airflow/example_dags/example_skip_dag.py
[2023-12-06T18:56:39.476+0000] {logging_mixin.py:154} INFO - [2023-12-06T18:56:39.476+0000] {dag.py:2941} INFO - Sync 1 DAGs
[2023-12-06T18:56:39.496+0000] {logging_mixin.py:154} INFO - [2023-12-06T18:56:39.496+0000] {dag.py:3722} INFO - Setting next_dagrun for example_skip_dag to 2023-12-05T18:56:39.496064+00:00, run_after=2023-12-06T18:56:39.496064+00:00
[2023-12-06T18:56:39.518+0000] {processor.py:179} INFO - Processing /usr/local/lib/python3.10/dist-packages/airflow/example_dags/example_skip_dag.py took 0.075 seconds
[2023-12-06T18:57:24.736+0000] {processor.py:157} INFO - Started process (PID=5870) to work on /usr/local/lib/python3.10/dist-packages/airflow/example_dags/example_skip_dag.py
[2023-12-06T18:57:24.737+0000] {processor.py:829} INFO - Processing file /usr/local/lib/python3.10/dist-packages/airflow/example_dags/example_skip_dag.py for tasks to queue
[2023-12-06T18:57:24.738+0000] {logging_mixin.py:154} INFO - [2023-12-06T18:57:24.737+0000] {dagbag.py:536} INFO - Filling up the DagBag from /usr/local/lib/python3.10/dist-packages/airflow/example_dags/example_skip_dag.py
[2023-12-06T18:57:24.746+0000] {processor.py:839} INFO - DAG(s) dict_keys(['example_skip_dag']) retrieved from /usr/local/lib/python3.10/dist-packages/airflow/example_dags/example_skip_dag.py
[2023-12-06T18:57:24.765+0000] {logging_mixin.py:154} INFO - [2023-12-06T18:57:24.764+0000] {dag.py:2941} INFO - Sync 1 DAGs
[2023-12-06T18:57:24.786+0000] {logging_mixin.py:154} INFO - [2023-12-06T18:57:24.785+0000] {dag.py:3722} INFO - Setting next_dagrun for example_skip_dag to 2023-12-05T18:57:24.785325+00:00, run_after=2023-12-06T18:57:24.785325+00:00
[2023-12-06T18:57:24.808+0000] {processor.py:179} INFO - Processing /usr/local/lib/python3.10/dist-packages/airflow/example_dags/example_skip_dag.py took 0.076 seconds
[2023-12-06T18:58:10.322+0000] {processor.py:157} INFO - Started process (PID=5917) to work on /usr/local/lib/python3.10/dist-packages/airflow/example_dags/example_skip_dag.py
[2023-12-06T18:58:10.323+0000] {processor.py:829} INFO - Processing file /usr/local/lib/python3.10/dist-packages/airflow/example_dags/example_skip_dag.py for tasks to queue
[2023-12-06T18:58:10.324+0000] {logging_mixin.py:154} INFO - [2023-12-06T18:58:10.324+0000] {dagbag.py:536} INFO - Filling up the DagBag from /usr/local/lib/python3.10/dist-packages/airflow/example_dags/example_skip_dag.py
[2023-12-06T18:58:10.332+0000] {processor.py:839} INFO - DAG(s) dict_keys(['example_skip_dag']) retrieved from /usr/local/lib/python3.10/dist-packages/airflow/example_dags/example_skip_dag.py
[2023-12-06T18:58:10.350+0000] {logging_mixin.py:154} INFO - [2023-12-06T18:58:10.350+0000] {dag.py:2941} INFO - Sync 1 DAGs
[2023-12-06T18:58:10.371+0000] {logging_mixin.py:154} INFO - [2023-12-06T18:58:10.370+0000] {dag.py:3722} INFO - Setting next_dagrun for example_skip_dag to 2023-12-05T18:58:10.370513+00:00, run_after=2023-12-06T18:58:10.370513+00:00
[2023-12-06T18:58:10.392+0000] {processor.py:179} INFO - Processing /usr/local/lib/python3.10/dist-packages/airflow/example_dags/example_skip_dag.py took 0.074 seconds
[2023-12-06T18:58:55.393+0000] {processor.py:157} INFO - Started process (PID=5963) to work on /usr/local/lib/python3.10/dist-packages/airflow/example_dags/example_skip_dag.py
[2023-12-06T18:58:55.395+0000] {processor.py:829} INFO - Processing file /usr/local/lib/python3.10/dist-packages/airflow/example_dags/example_skip_dag.py for tasks to queue
[2023-12-06T18:58:55.396+0000] {logging_mixin.py:154} INFO - [2023-12-06T18:58:55.395+0000] {dagbag.py:536} INFO - Filling up the DagBag from /usr/local/lib/python3.10/dist-packages/airflow/example_dags/example_skip_dag.py
[2023-12-06T18:58:55.404+0000] {processor.py:839} INFO - DAG(s) dict_keys(['example_skip_dag']) retrieved from /usr/local/lib/python3.10/dist-packages/airflow/example_dags/example_skip_dag.py
[2023-12-06T18:58:55.422+0000] {logging_mixin.py:154} INFO - [2023-12-06T18:58:55.422+0000] {dag.py:2941} INFO - Sync 1 DAGs
[2023-12-06T18:58:55.442+0000] {logging_mixin.py:154} INFO - [2023-12-06T18:58:55.442+0000] {dag.py:3722} INFO - Setting next_dagrun for example_skip_dag to 2023-12-05T18:58:55.442416+00:00, run_after=2023-12-06T18:58:55.442416+00:00
[2023-12-06T18:58:55.465+0000] {processor.py:179} INFO - Processing /usr/local/lib/python3.10/dist-packages/airflow/example_dags/example_skip_dag.py took 0.075 seconds
[2023-12-06T18:59:41.738+0000] {processor.py:157} INFO - Started process (PID=6011) to work on /usr/local/lib/python3.10/dist-packages/airflow/example_dags/example_skip_dag.py
[2023-12-06T18:59:41.739+0000] {processor.py:829} INFO - Processing file /usr/local/lib/python3.10/dist-packages/airflow/example_dags/example_skip_dag.py for tasks to queue
[2023-12-06T18:59:41.740+0000] {logging_mixin.py:154} INFO - [2023-12-06T18:59:41.740+0000] {dagbag.py:536} INFO - Filling up the DagBag from /usr/local/lib/python3.10/dist-packages/airflow/example_dags/example_skip_dag.py
[2023-12-06T18:59:41.748+0000] {processor.py:839} INFO - DAG(s) dict_keys(['example_skip_dag']) retrieved from /usr/local/lib/python3.10/dist-packages/airflow/example_dags/example_skip_dag.py
[2023-12-06T18:59:41.766+0000] {logging_mixin.py:154} INFO - [2023-12-06T18:59:41.766+0000] {dag.py:2941} INFO - Sync 1 DAGs
[2023-12-06T18:59:41.786+0000] {logging_mixin.py:154} INFO - [2023-12-06T18:59:41.786+0000] {dag.py:3722} INFO - Setting next_dagrun for example_skip_dag to 2023-12-05T18:59:41.785817+00:00, run_after=2023-12-06T18:59:41.785817+00:00
[2023-12-06T18:59:41.810+0000] {processor.py:179} INFO - Processing /usr/local/lib/python3.10/dist-packages/airflow/example_dags/example_skip_dag.py took 0.076 seconds
[2023-12-06T19:00:32.195+0000] {processor.py:157} INFO - Started process (PID=6365) to work on /usr/local/lib/python3.10/dist-packages/airflow/example_dags/example_skip_dag.py
[2023-12-06T19:00:32.197+0000] {processor.py:829} INFO - Processing file /usr/local/lib/python3.10/dist-packages/airflow/example_dags/example_skip_dag.py for tasks to queue
[2023-12-06T19:00:32.198+0000] {logging_mixin.py:154} INFO - [2023-12-06T19:00:32.197+0000] {dagbag.py:536} INFO - Filling up the DagBag from /usr/local/lib/python3.10/dist-packages/airflow/example_dags/example_skip_dag.py
[2023-12-06T19:00:32.206+0000] {processor.py:839} INFO - DAG(s) dict_keys(['example_skip_dag']) retrieved from /usr/local/lib/python3.10/dist-packages/airflow/example_dags/example_skip_dag.py
[2023-12-06T19:00:32.225+0000] {logging_mixin.py:154} INFO - [2023-12-06T19:00:32.225+0000] {dag.py:2941} INFO - Sync 1 DAGs
[2023-12-06T19:00:32.246+0000] {logging_mixin.py:154} INFO - [2023-12-06T19:00:32.246+0000] {dag.py:3722} INFO - Setting next_dagrun for example_skip_dag to 2023-12-05T19:00:32.246007+00:00, run_after=2023-12-06T19:00:32.246007+00:00
[2023-12-06T19:00:32.273+0000] {processor.py:179} INFO - Processing /usr/local/lib/python3.10/dist-packages/airflow/example_dags/example_skip_dag.py took 0.081 seconds
[2023-12-06T19:01:08.291+0000] {processor.py:157} INFO - Started process (PID=6457) to work on /usr/local/lib/python3.10/dist-packages/airflow/example_dags/example_skip_dag.py
[2023-12-06T19:01:08.292+0000] {processor.py:829} INFO - Processing file /usr/local/lib/python3.10/dist-packages/airflow/example_dags/example_skip_dag.py for tasks to queue
[2023-12-06T19:01:08.293+0000] {logging_mixin.py:154} INFO - [2023-12-06T19:01:08.293+0000] {dagbag.py:536} INFO - Filling up the DagBag from /usr/local/lib/python3.10/dist-packages/airflow/example_dags/example_skip_dag.py
[2023-12-06T19:01:08.301+0000] {processor.py:839} INFO - DAG(s) dict_keys(['example_skip_dag']) retrieved from /usr/local/lib/python3.10/dist-packages/airflow/example_dags/example_skip_dag.py
[2023-12-06T19:01:08.320+0000] {logging_mixin.py:154} INFO - [2023-12-06T19:01:08.320+0000] {dag.py:2941} INFO - Sync 1 DAGs
[2023-12-06T19:01:08.341+0000] {logging_mixin.py:154} INFO - [2023-12-06T19:01:08.341+0000] {dag.py:3722} INFO - Setting next_dagrun for example_skip_dag to 2023-12-05T19:01:08.340862+00:00, run_after=2023-12-06T19:01:08.340862+00:00
[2023-12-06T19:01:08.365+0000] {processor.py:179} INFO - Processing /usr/local/lib/python3.10/dist-packages/airflow/example_dags/example_skip_dag.py took 0.078 seconds
[2023-12-06T19:01:57.492+0000] {processor.py:157} INFO - Started process (PID=6506) to work on /usr/local/lib/python3.10/dist-packages/airflow/example_dags/example_skip_dag.py
[2023-12-06T19:01:57.494+0000] {processor.py:829} INFO - Processing file /usr/local/lib/python3.10/dist-packages/airflow/example_dags/example_skip_dag.py for tasks to queue
[2023-12-06T19:01:57.495+0000] {logging_mixin.py:154} INFO - [2023-12-06T19:01:57.495+0000] {dagbag.py:536} INFO - Filling up the DagBag from /usr/local/lib/python3.10/dist-packages/airflow/example_dags/example_skip_dag.py
[2023-12-06T19:01:57.503+0000] {processor.py:839} INFO - DAG(s) dict_keys(['example_skip_dag']) retrieved from /usr/local/lib/python3.10/dist-packages/airflow/example_dags/example_skip_dag.py
[2023-12-06T19:01:57.521+0000] {logging_mixin.py:154} INFO - [2023-12-06T19:01:57.521+0000] {dag.py:2941} INFO - Sync 1 DAGs
[2023-12-06T19:01:57.542+0000] {logging_mixin.py:154} INFO - [2023-12-06T19:01:57.541+0000] {dag.py:3722} INFO - Setting next_dagrun for example_skip_dag to 2023-12-05T19:01:57.541552+00:00, run_after=2023-12-06T19:01:57.541552+00:00
[2023-12-06T19:01:57.565+0000] {processor.py:179} INFO - Processing /usr/local/lib/python3.10/dist-packages/airflow/example_dags/example_skip_dag.py took 0.077 seconds
[2023-12-06T19:02:40.823+0000] {processor.py:157} INFO - Started process (PID=6553) to work on /usr/local/lib/python3.10/dist-packages/airflow/example_dags/example_skip_dag.py
[2023-12-06T19:02:40.824+0000] {processor.py:829} INFO - Processing file /usr/local/lib/python3.10/dist-packages/airflow/example_dags/example_skip_dag.py for tasks to queue
[2023-12-06T19:02:40.825+0000] {logging_mixin.py:154} INFO - [2023-12-06T19:02:40.825+0000] {dagbag.py:536} INFO - Filling up the DagBag from /usr/local/lib/python3.10/dist-packages/airflow/example_dags/example_skip_dag.py
[2023-12-06T19:02:40.833+0000] {processor.py:839} INFO - DAG(s) dict_keys(['example_skip_dag']) retrieved from /usr/local/lib/python3.10/dist-packages/airflow/example_dags/example_skip_dag.py
[2023-12-06T19:02:40.852+0000] {logging_mixin.py:154} INFO - [2023-12-06T19:02:40.852+0000] {dag.py:2941} INFO - Sync 1 DAGs
[2023-12-06T19:02:40.872+0000] {logging_mixin.py:154} INFO - [2023-12-06T19:02:40.872+0000] {dag.py:3722} INFO - Setting next_dagrun for example_skip_dag to 2023-12-05T19:02:40.872294+00:00, run_after=2023-12-06T19:02:40.872294+00:00
[2023-12-06T19:02:40.909+0000] {processor.py:179} INFO - Processing /usr/local/lib/python3.10/dist-packages/airflow/example_dags/example_skip_dag.py took 0.089 seconds
[2023-12-06T19:03:27.219+0000] {processor.py:157} INFO - Started process (PID=6599) to work on /usr/local/lib/python3.10/dist-packages/airflow/example_dags/example_skip_dag.py
[2023-12-06T19:03:27.221+0000] {processor.py:829} INFO - Processing file /usr/local/lib/python3.10/dist-packages/airflow/example_dags/example_skip_dag.py for tasks to queue
[2023-12-06T19:03:27.222+0000] {logging_mixin.py:154} INFO - [2023-12-06T19:03:27.221+0000] {dagbag.py:536} INFO - Filling up the DagBag from /usr/local/lib/python3.10/dist-packages/airflow/example_dags/example_skip_dag.py
[2023-12-06T19:03:27.230+0000] {processor.py:839} INFO - DAG(s) dict_keys(['example_skip_dag']) retrieved from /usr/local/lib/python3.10/dist-packages/airflow/example_dags/example_skip_dag.py
[2023-12-06T19:03:27.248+0000] {logging_mixin.py:154} INFO - [2023-12-06T19:03:27.247+0000] {dag.py:2941} INFO - Sync 1 DAGs
[2023-12-06T19:03:27.268+0000] {logging_mixin.py:154} INFO - [2023-12-06T19:03:27.268+0000] {dag.py:3722} INFO - Setting next_dagrun for example_skip_dag to 2023-12-05T19:03:27.268093+00:00, run_after=2023-12-06T19:03:27.268093+00:00
[2023-12-06T19:03:27.298+0000] {processor.py:179} INFO - Processing /usr/local/lib/python3.10/dist-packages/airflow/example_dags/example_skip_dag.py took 0.082 seconds
[2023-12-06T19:04:16.287+0000] {processor.py:157} INFO - Started process (PID=6648) to work on /usr/local/lib/python3.10/dist-packages/airflow/example_dags/example_skip_dag.py
[2023-12-06T19:04:16.289+0000] {processor.py:829} INFO - Processing file /usr/local/lib/python3.10/dist-packages/airflow/example_dags/example_skip_dag.py for tasks to queue
[2023-12-06T19:04:16.290+0000] {logging_mixin.py:154} INFO - [2023-12-06T19:04:16.290+0000] {dagbag.py:536} INFO - Filling up the DagBag from /usr/local/lib/python3.10/dist-packages/airflow/example_dags/example_skip_dag.py
[2023-12-06T19:04:16.298+0000] {processor.py:839} INFO - DAG(s) dict_keys(['example_skip_dag']) retrieved from /usr/local/lib/python3.10/dist-packages/airflow/example_dags/example_skip_dag.py
[2023-12-06T19:04:16.316+0000] {logging_mixin.py:154} INFO - [2023-12-06T19:04:16.316+0000] {dag.py:2941} INFO - Sync 1 DAGs
[2023-12-06T19:04:16.337+0000] {logging_mixin.py:154} INFO - [2023-12-06T19:04:16.337+0000] {dag.py:3722} INFO - Setting next_dagrun for example_skip_dag to 2023-12-05T19:04:16.337018+00:00, run_after=2023-12-06T19:04:16.337018+00:00
[2023-12-06T19:04:16.373+0000] {processor.py:179} INFO - Processing /usr/local/lib/python3.10/dist-packages/airflow/example_dags/example_skip_dag.py took 0.089 seconds
[2023-12-06T19:05:03.937+0000] {processor.py:157} INFO - Started process (PID=6860) to work on /usr/local/lib/python3.10/dist-packages/airflow/example_dags/example_skip_dag.py
[2023-12-06T19:05:03.939+0000] {processor.py:829} INFO - Processing file /usr/local/lib/python3.10/dist-packages/airflow/example_dags/example_skip_dag.py for tasks to queue
[2023-12-06T19:05:03.940+0000] {logging_mixin.py:154} INFO - [2023-12-06T19:05:03.940+0000] {dagbag.py:536} INFO - Filling up the DagBag from /usr/local/lib/python3.10/dist-packages/airflow/example_dags/example_skip_dag.py
[2023-12-06T19:05:03.949+0000] {processor.py:839} INFO - DAG(s) dict_keys(['example_skip_dag']) retrieved from /usr/local/lib/python3.10/dist-packages/airflow/example_dags/example_skip_dag.py
[2023-12-06T19:05:03.968+0000] {logging_mixin.py:154} INFO - [2023-12-06T19:05:03.967+0000] {dag.py:2941} INFO - Sync 1 DAGs
[2023-12-06T19:05:03.991+0000] {logging_mixin.py:154} INFO - [2023-12-06T19:05:03.991+0000] {dag.py:3722} INFO - Setting next_dagrun for example_skip_dag to 2023-12-05T19:05:03.990859+00:00, run_after=2023-12-06T19:05:03.990859+00:00
[2023-12-06T19:05:04.018+0000] {processor.py:179} INFO - Processing /usr/local/lib/python3.10/dist-packages/airflow/example_dags/example_skip_dag.py took 0.084 seconds
[2023-12-06T19:05:54.951+0000] {processor.py:157} INFO - Started process (PID=6917) to work on /usr/local/lib/python3.10/dist-packages/airflow/example_dags/example_skip_dag.py
[2023-12-06T19:05:54.953+0000] {processor.py:829} INFO - Processing file /usr/local/lib/python3.10/dist-packages/airflow/example_dags/example_skip_dag.py for tasks to queue
[2023-12-06T19:05:54.954+0000] {logging_mixin.py:154} INFO - [2023-12-06T19:05:54.954+0000] {dagbag.py:536} INFO - Filling up the DagBag from /usr/local/lib/python3.10/dist-packages/airflow/example_dags/example_skip_dag.py
[2023-12-06T19:05:54.962+0000] {processor.py:839} INFO - DAG(s) dict_keys(['example_skip_dag']) retrieved from /usr/local/lib/python3.10/dist-packages/airflow/example_dags/example_skip_dag.py
[2023-12-06T19:05:54.981+0000] {logging_mixin.py:154} INFO - [2023-12-06T19:05:54.981+0000] {dag.py:2941} INFO - Sync 1 DAGs
[2023-12-06T19:05:55.004+0000] {logging_mixin.py:154} INFO - [2023-12-06T19:05:55.004+0000] {dag.py:3722} INFO - Setting next_dagrun for example_skip_dag to 2023-12-05T19:05:55.004307+00:00, run_after=2023-12-06T19:05:55.004307+00:00
[2023-12-06T19:05:55.052+0000] {processor.py:179} INFO - Processing /usr/local/lib/python3.10/dist-packages/airflow/example_dags/example_skip_dag.py took 0.104 seconds
[2023-12-06T19:06:40.838+0000] {processor.py:157} INFO - Started process (PID=6965) to work on /usr/local/lib/python3.10/dist-packages/airflow/example_dags/example_skip_dag.py
[2023-12-06T19:06:40.840+0000] {processor.py:829} INFO - Processing file /usr/local/lib/python3.10/dist-packages/airflow/example_dags/example_skip_dag.py for tasks to queue
[2023-12-06T19:06:40.841+0000] {logging_mixin.py:154} INFO - [2023-12-06T19:06:40.840+0000] {dagbag.py:536} INFO - Filling up the DagBag from /usr/local/lib/python3.10/dist-packages/airflow/example_dags/example_skip_dag.py
[2023-12-06T19:06:40.849+0000] {processor.py:839} INFO - DAG(s) dict_keys(['example_skip_dag']) retrieved from /usr/local/lib/python3.10/dist-packages/airflow/example_dags/example_skip_dag.py
[2023-12-06T19:06:40.868+0000] {logging_mixin.py:154} INFO - [2023-12-06T19:06:40.868+0000] {dag.py:2941} INFO - Sync 1 DAGs
[2023-12-06T19:06:40.889+0000] {logging_mixin.py:154} INFO - [2023-12-06T19:06:40.888+0000] {dag.py:3722} INFO - Setting next_dagrun for example_skip_dag to 2023-12-05T19:06:40.888363+00:00, run_after=2023-12-06T19:06:40.888363+00:00
[2023-12-06T19:06:40.916+0000] {processor.py:179} INFO - Processing /usr/local/lib/python3.10/dist-packages/airflow/example_dags/example_skip_dag.py took 0.082 seconds
[2023-12-06T19:07:29.786+0000] {processor.py:157} INFO - Started process (PID=7013) to work on /usr/local/lib/python3.10/dist-packages/airflow/example_dags/example_skip_dag.py
[2023-12-06T19:07:29.788+0000] {processor.py:829} INFO - Processing file /usr/local/lib/python3.10/dist-packages/airflow/example_dags/example_skip_dag.py for tasks to queue
[2023-12-06T19:07:29.789+0000] {logging_mixin.py:154} INFO - [2023-12-06T19:07:29.788+0000] {dagbag.py:536} INFO - Filling up the DagBag from /usr/local/lib/python3.10/dist-packages/airflow/example_dags/example_skip_dag.py
[2023-12-06T19:07:29.797+0000] {processor.py:839} INFO - DAG(s) dict_keys(['example_skip_dag']) retrieved from /usr/local/lib/python3.10/dist-packages/airflow/example_dags/example_skip_dag.py
[2023-12-06T19:07:29.822+0000] {logging_mixin.py:154} INFO - [2023-12-06T19:07:29.822+0000] {dag.py:2941} INFO - Sync 1 DAGs
[2023-12-06T19:07:29.843+0000] {logging_mixin.py:154} INFO - [2023-12-06T19:07:29.843+0000] {dag.py:3722} INFO - Setting next_dagrun for example_skip_dag to 2023-12-05T19:07:29.842786+00:00, run_after=2023-12-06T19:07:29.842786+00:00
[2023-12-06T19:07:29.866+0000] {processor.py:179} INFO - Processing /usr/local/lib/python3.10/dist-packages/airflow/example_dags/example_skip_dag.py took 0.085 seconds
