[2023-12-06T18:22:28.531+0000] {processor.py:157} INFO - Started process (PID=3702) to work on /usr/local/lib/python3.10/dist-packages/airflow/example_dags/example_params_trigger_ui.py
[2023-12-06T18:22:28.532+0000] {processor.py:829} INFO - Processing file /usr/local/lib/python3.10/dist-packages/airflow/example_dags/example_params_trigger_ui.py for tasks to queue
[2023-12-06T18:22:28.533+0000] {logging_mixin.py:154} INFO - [2023-12-06T18:22:28.533+0000] {dagbag.py:536} INFO - Filling up the DagBag from /usr/local/lib/python3.10/dist-packages/airflow/example_dags/example_params_trigger_ui.py
[2023-12-06T18:22:28.552+0000] {processor.py:839} INFO - DAG(s) dict_keys(['example_params_trigger_ui']) retrieved from /usr/local/lib/python3.10/dist-packages/airflow/example_dags/example_params_trigger_ui.py
[2023-12-06T18:22:28.689+0000] {logging_mixin.py:154} INFO - [2023-12-06T18:22:28.688+0000] {manager.py:499} INFO - Created Permission View: %s
[2023-12-06T18:22:28.701+0000] {logging_mixin.py:154} INFO - [2023-12-06T18:22:28.701+0000] {manager.py:499} INFO - Created Permission View: %s
[2023-12-06T18:22:28.711+0000] {logging_mixin.py:154} INFO - [2023-12-06T18:22:28.711+0000] {manager.py:499} INFO - Created Permission View: %s
[2023-12-06T18:22:28.712+0000] {logging_mixin.py:154} INFO - [2023-12-06T18:22:28.711+0000] {dag.py:2941} INFO - Sync 1 DAGs
[2023-12-06T18:22:28.722+0000] {logging_mixin.py:154} INFO - [2023-12-06T18:22:28.722+0000] {dag.py:2963} INFO - Creating ORM DAG for example_params_trigger_ui
[2023-12-06T18:22:28.722+0000] {logging_mixin.py:154} INFO - [2023-12-06T18:22:28.722+0000] {dag.py:3722} INFO - Setting next_dagrun for example_params_trigger_ui to None, run_after=None
[2023-12-06T18:22:28.750+0000] {processor.py:179} INFO - Processing /usr/local/lib/python3.10/dist-packages/airflow/example_dags/example_params_trigger_ui.py took 0.222 seconds
[2023-12-06T18:23:21.835+0000] {processor.py:157} INFO - Started process (PID=3760) to work on /usr/local/lib/python3.10/dist-packages/airflow/example_dags/example_params_trigger_ui.py
[2023-12-06T18:23:21.836+0000] {processor.py:829} INFO - Processing file /usr/local/lib/python3.10/dist-packages/airflow/example_dags/example_params_trigger_ui.py for tasks to queue
[2023-12-06T18:23:21.837+0000] {logging_mixin.py:154} INFO - [2023-12-06T18:23:21.837+0000] {dagbag.py:536} INFO - Filling up the DagBag from /usr/local/lib/python3.10/dist-packages/airflow/example_dags/example_params_trigger_ui.py
[2023-12-06T18:23:21.864+0000] {processor.py:839} INFO - DAG(s) dict_keys(['example_params_trigger_ui']) retrieved from /usr/local/lib/python3.10/dist-packages/airflow/example_dags/example_params_trigger_ui.py
[2023-12-06T18:23:21.913+0000] {logging_mixin.py:154} INFO - [2023-12-06T18:23:21.913+0000] {dag.py:2941} INFO - Sync 1 DAGs
[2023-12-06T18:23:21.925+0000] {logging_mixin.py:154} INFO - [2023-12-06T18:23:21.925+0000] {dag.py:3722} INFO - Setting next_dagrun for example_params_trigger_ui to None, run_after=None
[2023-12-06T18:23:21.949+0000] {processor.py:179} INFO - Processing /usr/local/lib/python3.10/dist-packages/airflow/example_dags/example_params_trigger_ui.py took 0.118 seconds
[2023-12-06T18:24:10.825+0000] {processor.py:157} INFO - Started process (PID=3809) to work on /usr/local/lib/python3.10/dist-packages/airflow/example_dags/example_params_trigger_ui.py
[2023-12-06T18:24:10.826+0000] {processor.py:829} INFO - Processing file /usr/local/lib/python3.10/dist-packages/airflow/example_dags/example_params_trigger_ui.py for tasks to queue
[2023-12-06T18:24:10.827+0000] {logging_mixin.py:154} INFO - [2023-12-06T18:24:10.827+0000] {dagbag.py:536} INFO - Filling up the DagBag from /usr/local/lib/python3.10/dist-packages/airflow/example_dags/example_params_trigger_ui.py
[2023-12-06T18:24:10.846+0000] {processor.py:839} INFO - DAG(s) dict_keys(['example_params_trigger_ui']) retrieved from /usr/local/lib/python3.10/dist-packages/airflow/example_dags/example_params_trigger_ui.py
[2023-12-06T18:24:10.891+0000] {logging_mixin.py:154} INFO - [2023-12-06T18:24:10.891+0000] {dag.py:2941} INFO - Sync 1 DAGs
[2023-12-06T18:24:10.903+0000] {logging_mixin.py:154} INFO - [2023-12-06T18:24:10.902+0000] {dag.py:3722} INFO - Setting next_dagrun for example_params_trigger_ui to None, run_after=None
[2023-12-06T18:24:10.925+0000] {processor.py:179} INFO - Processing /usr/local/lib/python3.10/dist-packages/airflow/example_dags/example_params_trigger_ui.py took 0.103 seconds
[2023-12-06T18:25:00.054+0000] {processor.py:157} INFO - Started process (PID=3862) to work on /usr/local/lib/python3.10/dist-packages/airflow/example_dags/example_params_trigger_ui.py
[2023-12-06T18:25:00.055+0000] {processor.py:829} INFO - Processing file /usr/local/lib/python3.10/dist-packages/airflow/example_dags/example_params_trigger_ui.py for tasks to queue
[2023-12-06T18:25:00.056+0000] {logging_mixin.py:154} INFO - [2023-12-06T18:25:00.056+0000] {dagbag.py:536} INFO - Filling up the DagBag from /usr/local/lib/python3.10/dist-packages/airflow/example_dags/example_params_trigger_ui.py
[2023-12-06T18:25:00.075+0000] {processor.py:839} INFO - DAG(s) dict_keys(['example_params_trigger_ui']) retrieved from /usr/local/lib/python3.10/dist-packages/airflow/example_dags/example_params_trigger_ui.py
[2023-12-06T18:25:00.122+0000] {logging_mixin.py:154} INFO - [2023-12-06T18:25:00.122+0000] {dag.py:2941} INFO - Sync 1 DAGs
[2023-12-06T18:25:00.135+0000] {logging_mixin.py:154} INFO - [2023-12-06T18:25:00.134+0000] {dag.py:3722} INFO - Setting next_dagrun for example_params_trigger_ui to None, run_after=None
[2023-12-06T18:25:00.159+0000] {processor.py:179} INFO - Processing /usr/local/lib/python3.10/dist-packages/airflow/example_dags/example_params_trigger_ui.py took 0.109 seconds
[2023-12-06T18:25:44.620+0000] {processor.py:157} INFO - Started process (PID=3910) to work on /usr/local/lib/python3.10/dist-packages/airflow/example_dags/example_params_trigger_ui.py
[2023-12-06T18:25:44.621+0000] {processor.py:829} INFO - Processing file /usr/local/lib/python3.10/dist-packages/airflow/example_dags/example_params_trigger_ui.py for tasks to queue
[2023-12-06T18:25:44.622+0000] {logging_mixin.py:154} INFO - [2023-12-06T18:25:44.622+0000] {dagbag.py:536} INFO - Filling up the DagBag from /usr/local/lib/python3.10/dist-packages/airflow/example_dags/example_params_trigger_ui.py
[2023-12-06T18:25:44.641+0000] {processor.py:839} INFO - DAG(s) dict_keys(['example_params_trigger_ui']) retrieved from /usr/local/lib/python3.10/dist-packages/airflow/example_dags/example_params_trigger_ui.py
[2023-12-06T18:25:44.687+0000] {logging_mixin.py:154} INFO - [2023-12-06T18:25:44.687+0000] {dag.py:2941} INFO - Sync 1 DAGs
[2023-12-06T18:25:44.700+0000] {logging_mixin.py:154} INFO - [2023-12-06T18:25:44.699+0000] {dag.py:3722} INFO - Setting next_dagrun for example_params_trigger_ui to None, run_after=None
[2023-12-06T18:25:44.727+0000] {processor.py:179} INFO - Processing /usr/local/lib/python3.10/dist-packages/airflow/example_dags/example_params_trigger_ui.py took 0.111 seconds
[2023-12-06T18:26:31.936+0000] {processor.py:157} INFO - Started process (PID=3957) to work on /usr/local/lib/python3.10/dist-packages/airflow/example_dags/example_params_trigger_ui.py
[2023-12-06T18:26:31.937+0000] {processor.py:829} INFO - Processing file /usr/local/lib/python3.10/dist-packages/airflow/example_dags/example_params_trigger_ui.py for tasks to queue
[2023-12-06T18:26:31.938+0000] {logging_mixin.py:154} INFO - [2023-12-06T18:26:31.938+0000] {dagbag.py:536} INFO - Filling up the DagBag from /usr/local/lib/python3.10/dist-packages/airflow/example_dags/example_params_trigger_ui.py
[2023-12-06T18:26:31.968+0000] {processor.py:839} INFO - DAG(s) dict_keys(['example_params_trigger_ui']) retrieved from /usr/local/lib/python3.10/dist-packages/airflow/example_dags/example_params_trigger_ui.py
[2023-12-06T18:26:32.014+0000] {logging_mixin.py:154} INFO - [2023-12-06T18:26:32.013+0000] {dag.py:2941} INFO - Sync 1 DAGs
[2023-12-06T18:26:32.025+0000] {logging_mixin.py:154} INFO - [2023-12-06T18:26:32.025+0000] {dag.py:3722} INFO - Setting next_dagrun for example_params_trigger_ui to None, run_after=None
[2023-12-06T18:26:32.048+0000] {processor.py:179} INFO - Processing /usr/local/lib/python3.10/dist-packages/airflow/example_dags/example_params_trigger_ui.py took 0.116 seconds
[2023-12-06T18:27:17.461+0000] {processor.py:157} INFO - Started process (PID=4005) to work on /usr/local/lib/python3.10/dist-packages/airflow/example_dags/example_params_trigger_ui.py
[2023-12-06T18:27:17.463+0000] {processor.py:829} INFO - Processing file /usr/local/lib/python3.10/dist-packages/airflow/example_dags/example_params_trigger_ui.py for tasks to queue
[2023-12-06T18:27:17.463+0000] {logging_mixin.py:154} INFO - [2023-12-06T18:27:17.463+0000] {dagbag.py:536} INFO - Filling up the DagBag from /usr/local/lib/python3.10/dist-packages/airflow/example_dags/example_params_trigger_ui.py
[2023-12-06T18:27:17.483+0000] {processor.py:839} INFO - DAG(s) dict_keys(['example_params_trigger_ui']) retrieved from /usr/local/lib/python3.10/dist-packages/airflow/example_dags/example_params_trigger_ui.py
[2023-12-06T18:27:17.529+0000] {logging_mixin.py:154} INFO - [2023-12-06T18:27:17.529+0000] {dag.py:2941} INFO - Sync 1 DAGs
[2023-12-06T18:27:17.541+0000] {logging_mixin.py:154} INFO - [2023-12-06T18:27:17.541+0000] {dag.py:3722} INFO - Setting next_dagrun for example_params_trigger_ui to None, run_after=None
[2023-12-06T18:27:17.563+0000] {processor.py:179} INFO - Processing /usr/local/lib/python3.10/dist-packages/airflow/example_dags/example_params_trigger_ui.py took 0.106 seconds
[2023-12-06T18:28:00.229+0000] {processor.py:157} INFO - Started process (PID=4051) to work on /usr/local/lib/python3.10/dist-packages/airflow/example_dags/example_params_trigger_ui.py
[2023-12-06T18:28:00.231+0000] {processor.py:829} INFO - Processing file /usr/local/lib/python3.10/dist-packages/airflow/example_dags/example_params_trigger_ui.py for tasks to queue
[2023-12-06T18:28:00.232+0000] {logging_mixin.py:154} INFO - [2023-12-06T18:28:00.231+0000] {dagbag.py:536} INFO - Filling up the DagBag from /usr/local/lib/python3.10/dist-packages/airflow/example_dags/example_params_trigger_ui.py
[2023-12-06T18:28:00.255+0000] {processor.py:839} INFO - DAG(s) dict_keys(['example_params_trigger_ui']) retrieved from /usr/local/lib/python3.10/dist-packages/airflow/example_dags/example_params_trigger_ui.py
[2023-12-06T18:28:00.314+0000] {logging_mixin.py:154} INFO - [2023-12-06T18:28:00.313+0000] {dag.py:2941} INFO - Sync 1 DAGs
[2023-12-06T18:28:00.326+0000] {logging_mixin.py:154} INFO - [2023-12-06T18:28:00.326+0000] {dag.py:3722} INFO - Setting next_dagrun for example_params_trigger_ui to None, run_after=None
[2023-12-06T18:28:00.349+0000] {processor.py:179} INFO - Processing /usr/local/lib/python3.10/dist-packages/airflow/example_dags/example_params_trigger_ui.py took 0.123 seconds
[2023-12-06T18:28:46.378+0000] {processor.py:157} INFO - Started process (PID=4097) to work on /usr/local/lib/python3.10/dist-packages/airflow/example_dags/example_params_trigger_ui.py
[2023-12-06T18:28:46.379+0000] {processor.py:829} INFO - Processing file /usr/local/lib/python3.10/dist-packages/airflow/example_dags/example_params_trigger_ui.py for tasks to queue
[2023-12-06T18:28:46.380+0000] {logging_mixin.py:154} INFO - [2023-12-06T18:28:46.380+0000] {dagbag.py:536} INFO - Filling up the DagBag from /usr/local/lib/python3.10/dist-packages/airflow/example_dags/example_params_trigger_ui.py
[2023-12-06T18:28:46.399+0000] {processor.py:839} INFO - DAG(s) dict_keys(['example_params_trigger_ui']) retrieved from /usr/local/lib/python3.10/dist-packages/airflow/example_dags/example_params_trigger_ui.py
[2023-12-06T18:28:46.445+0000] {logging_mixin.py:154} INFO - [2023-12-06T18:28:46.445+0000] {dag.py:2941} INFO - Sync 1 DAGs
[2023-12-06T18:28:46.457+0000] {logging_mixin.py:154} INFO - [2023-12-06T18:28:46.457+0000] {dag.py:3722} INFO - Setting next_dagrun for example_params_trigger_ui to None, run_after=None
[2023-12-06T18:28:46.491+0000] {processor.py:179} INFO - Processing /usr/local/lib/python3.10/dist-packages/airflow/example_dags/example_params_trigger_ui.py took 0.117 seconds
[2023-12-06T18:29:32.709+0000] {processor.py:157} INFO - Started process (PID=4146) to work on /usr/local/lib/python3.10/dist-packages/airflow/example_dags/example_params_trigger_ui.py
[2023-12-06T18:29:32.711+0000] {processor.py:829} INFO - Processing file /usr/local/lib/python3.10/dist-packages/airflow/example_dags/example_params_trigger_ui.py for tasks to queue
[2023-12-06T18:29:32.712+0000] {logging_mixin.py:154} INFO - [2023-12-06T18:29:32.711+0000] {dagbag.py:536} INFO - Filling up the DagBag from /usr/local/lib/python3.10/dist-packages/airflow/example_dags/example_params_trigger_ui.py
[2023-12-06T18:29:32.730+0000] {processor.py:839} INFO - DAG(s) dict_keys(['example_params_trigger_ui']) retrieved from /usr/local/lib/python3.10/dist-packages/airflow/example_dags/example_params_trigger_ui.py
[2023-12-06T18:29:32.776+0000] {logging_mixin.py:154} INFO - [2023-12-06T18:29:32.776+0000] {dag.py:2941} INFO - Sync 1 DAGs
[2023-12-06T18:29:32.788+0000] {logging_mixin.py:154} INFO - [2023-12-06T18:29:32.788+0000] {dag.py:3722} INFO - Setting next_dagrun for example_params_trigger_ui to None, run_after=None
[2023-12-06T18:29:32.811+0000] {processor.py:179} INFO - Processing /usr/local/lib/python3.10/dist-packages/airflow/example_dags/example_params_trigger_ui.py took 0.105 seconds
[2023-12-06T18:30:17.051+0000] {processor.py:157} INFO - Started process (PID=4192) to work on /usr/local/lib/python3.10/dist-packages/airflow/example_dags/example_params_trigger_ui.py
[2023-12-06T18:30:17.052+0000] {processor.py:829} INFO - Processing file /usr/local/lib/python3.10/dist-packages/airflow/example_dags/example_params_trigger_ui.py for tasks to queue
[2023-12-06T18:30:17.053+0000] {logging_mixin.py:154} INFO - [2023-12-06T18:30:17.053+0000] {dagbag.py:536} INFO - Filling up the DagBag from /usr/local/lib/python3.10/dist-packages/airflow/example_dags/example_params_trigger_ui.py
[2023-12-06T18:30:17.072+0000] {processor.py:839} INFO - DAG(s) dict_keys(['example_params_trigger_ui']) retrieved from /usr/local/lib/python3.10/dist-packages/airflow/example_dags/example_params_trigger_ui.py
[2023-12-06T18:30:17.118+0000] {logging_mixin.py:154} INFO - [2023-12-06T18:30:17.118+0000] {dag.py:2941} INFO - Sync 1 DAGs
[2023-12-06T18:30:17.130+0000] {logging_mixin.py:154} INFO - [2023-12-06T18:30:17.130+0000] {dag.py:3722} INFO - Setting next_dagrun for example_params_trigger_ui to None, run_after=None
[2023-12-06T18:30:17.153+0000] {processor.py:179} INFO - Processing /usr/local/lib/python3.10/dist-packages/airflow/example_dags/example_params_trigger_ui.py took 0.106 seconds
[2023-12-06T18:31:01.507+0000] {processor.py:157} INFO - Started process (PID=4240) to work on /usr/local/lib/python3.10/dist-packages/airflow/example_dags/example_params_trigger_ui.py
[2023-12-06T18:31:01.509+0000] {processor.py:829} INFO - Processing file /usr/local/lib/python3.10/dist-packages/airflow/example_dags/example_params_trigger_ui.py for tasks to queue
[2023-12-06T18:31:01.510+0000] {logging_mixin.py:154} INFO - [2023-12-06T18:31:01.510+0000] {dagbag.py:536} INFO - Filling up the DagBag from /usr/local/lib/python3.10/dist-packages/airflow/example_dags/example_params_trigger_ui.py
[2023-12-06T18:31:01.530+0000] {processor.py:839} INFO - DAG(s) dict_keys(['example_params_trigger_ui']) retrieved from /usr/local/lib/python3.10/dist-packages/airflow/example_dags/example_params_trigger_ui.py
[2023-12-06T18:31:01.584+0000] {logging_mixin.py:154} INFO - [2023-12-06T18:31:01.583+0000] {dag.py:2941} INFO - Sync 1 DAGs
[2023-12-06T18:31:01.597+0000] {logging_mixin.py:154} INFO - [2023-12-06T18:31:01.597+0000] {dag.py:3722} INFO - Setting next_dagrun for example_params_trigger_ui to None, run_after=None
[2023-12-06T18:31:01.624+0000] {processor.py:179} INFO - Processing /usr/local/lib/python3.10/dist-packages/airflow/example_dags/example_params_trigger_ui.py took 0.120 seconds
[2023-12-06T18:31:44.516+0000] {processor.py:157} INFO - Started process (PID=4286) to work on /usr/local/lib/python3.10/dist-packages/airflow/example_dags/example_params_trigger_ui.py
[2023-12-06T18:31:44.518+0000] {processor.py:829} INFO - Processing file /usr/local/lib/python3.10/dist-packages/airflow/example_dags/example_params_trigger_ui.py for tasks to queue
[2023-12-06T18:31:44.519+0000] {logging_mixin.py:154} INFO - [2023-12-06T18:31:44.518+0000] {dagbag.py:536} INFO - Filling up the DagBag from /usr/local/lib/python3.10/dist-packages/airflow/example_dags/example_params_trigger_ui.py
[2023-12-06T18:31:44.538+0000] {processor.py:839} INFO - DAG(s) dict_keys(['example_params_trigger_ui']) retrieved from /usr/local/lib/python3.10/dist-packages/airflow/example_dags/example_params_trigger_ui.py
[2023-12-06T18:31:44.584+0000] {logging_mixin.py:154} INFO - [2023-12-06T18:31:44.584+0000] {dag.py:2941} INFO - Sync 1 DAGs
[2023-12-06T18:31:44.596+0000] {logging_mixin.py:154} INFO - [2023-12-06T18:31:44.596+0000] {dag.py:3722} INFO - Setting next_dagrun for example_params_trigger_ui to None, run_after=None
[2023-12-06T18:31:44.617+0000] {processor.py:179} INFO - Processing /usr/local/lib/python3.10/dist-packages/airflow/example_dags/example_params_trigger_ui.py took 0.105 seconds
[2023-12-06T18:32:28.658+0000] {processor.py:157} INFO - Started process (PID=4331) to work on /usr/local/lib/python3.10/dist-packages/airflow/example_dags/example_params_trigger_ui.py
[2023-12-06T18:32:28.659+0000] {processor.py:829} INFO - Processing file /usr/local/lib/python3.10/dist-packages/airflow/example_dags/example_params_trigger_ui.py for tasks to queue
[2023-12-06T18:32:28.660+0000] {logging_mixin.py:154} INFO - [2023-12-06T18:32:28.660+0000] {dagbag.py:536} INFO - Filling up the DagBag from /usr/local/lib/python3.10/dist-packages/airflow/example_dags/example_params_trigger_ui.py
[2023-12-06T18:32:28.679+0000] {processor.py:839} INFO - DAG(s) dict_keys(['example_params_trigger_ui']) retrieved from /usr/local/lib/python3.10/dist-packages/airflow/example_dags/example_params_trigger_ui.py
[2023-12-06T18:32:28.725+0000] {logging_mixin.py:154} INFO - [2023-12-06T18:32:28.725+0000] {dag.py:2941} INFO - Sync 1 DAGs
[2023-12-06T18:32:28.737+0000] {logging_mixin.py:154} INFO - [2023-12-06T18:32:28.737+0000] {dag.py:3722} INFO - Setting next_dagrun for example_params_trigger_ui to None, run_after=None
[2023-12-06T18:32:28.759+0000] {processor.py:179} INFO - Processing /usr/local/lib/python3.10/dist-packages/airflow/example_dags/example_params_trigger_ui.py took 0.105 seconds
[2023-12-06T18:33:15.139+0000] {processor.py:157} INFO - Started process (PID=4378) to work on /usr/local/lib/python3.10/dist-packages/airflow/example_dags/example_params_trigger_ui.py
[2023-12-06T18:33:15.141+0000] {processor.py:829} INFO - Processing file /usr/local/lib/python3.10/dist-packages/airflow/example_dags/example_params_trigger_ui.py for tasks to queue
[2023-12-06T18:33:15.142+0000] {logging_mixin.py:154} INFO - [2023-12-06T18:33:15.141+0000] {dagbag.py:536} INFO - Filling up the DagBag from /usr/local/lib/python3.10/dist-packages/airflow/example_dags/example_params_trigger_ui.py
[2023-12-06T18:33:15.161+0000] {processor.py:839} INFO - DAG(s) dict_keys(['example_params_trigger_ui']) retrieved from /usr/local/lib/python3.10/dist-packages/airflow/example_dags/example_params_trigger_ui.py
[2023-12-06T18:33:15.206+0000] {logging_mixin.py:154} INFO - [2023-12-06T18:33:15.206+0000] {dag.py:2941} INFO - Sync 1 DAGs
[2023-12-06T18:33:15.218+0000] {logging_mixin.py:154} INFO - [2023-12-06T18:33:15.218+0000] {dag.py:3722} INFO - Setting next_dagrun for example_params_trigger_ui to None, run_after=None
[2023-12-06T18:33:15.240+0000] {processor.py:179} INFO - Processing /usr/local/lib/python3.10/dist-packages/airflow/example_dags/example_params_trigger_ui.py took 0.104 seconds
[2023-12-06T18:34:02.740+0000] {processor.py:157} INFO - Started process (PID=4426) to work on /usr/local/lib/python3.10/dist-packages/airflow/example_dags/example_params_trigger_ui.py
[2023-12-06T18:34:02.742+0000] {processor.py:829} INFO - Processing file /usr/local/lib/python3.10/dist-packages/airflow/example_dags/example_params_trigger_ui.py for tasks to queue
[2023-12-06T18:34:02.743+0000] {logging_mixin.py:154} INFO - [2023-12-06T18:34:02.742+0000] {dagbag.py:536} INFO - Filling up the DagBag from /usr/local/lib/python3.10/dist-packages/airflow/example_dags/example_params_trigger_ui.py
[2023-12-06T18:34:02.762+0000] {processor.py:839} INFO - DAG(s) dict_keys(['example_params_trigger_ui']) retrieved from /usr/local/lib/python3.10/dist-packages/airflow/example_dags/example_params_trigger_ui.py
[2023-12-06T18:34:02.820+0000] {logging_mixin.py:154} INFO - [2023-12-06T18:34:02.820+0000] {dag.py:2941} INFO - Sync 1 DAGs
[2023-12-06T18:34:02.832+0000] {logging_mixin.py:154} INFO - [2023-12-06T18:34:02.832+0000] {dag.py:3722} INFO - Setting next_dagrun for example_params_trigger_ui to None, run_after=None
[2023-12-06T18:34:02.863+0000] {processor.py:179} INFO - Processing /usr/local/lib/python3.10/dist-packages/airflow/example_dags/example_params_trigger_ui.py took 0.127 seconds
[2023-12-06T18:34:50.230+0000] {processor.py:157} INFO - Started process (PID=4475) to work on /usr/local/lib/python3.10/dist-packages/airflow/example_dags/example_params_trigger_ui.py
[2023-12-06T18:34:50.232+0000] {processor.py:829} INFO - Processing file /usr/local/lib/python3.10/dist-packages/airflow/example_dags/example_params_trigger_ui.py for tasks to queue
[2023-12-06T18:34:50.232+0000] {logging_mixin.py:154} INFO - [2023-12-06T18:34:50.232+0000] {dagbag.py:536} INFO - Filling up the DagBag from /usr/local/lib/python3.10/dist-packages/airflow/example_dags/example_params_trigger_ui.py
[2023-12-06T18:34:50.252+0000] {processor.py:839} INFO - DAG(s) dict_keys(['example_params_trigger_ui']) retrieved from /usr/local/lib/python3.10/dist-packages/airflow/example_dags/example_params_trigger_ui.py
[2023-12-06T18:34:50.298+0000] {logging_mixin.py:154} INFO - [2023-12-06T18:34:50.298+0000] {dag.py:2941} INFO - Sync 1 DAGs
[2023-12-06T18:34:50.310+0000] {logging_mixin.py:154} INFO - [2023-12-06T18:34:50.310+0000] {dag.py:3722} INFO - Setting next_dagrun for example_params_trigger_ui to None, run_after=None
[2023-12-06T18:34:50.335+0000] {processor.py:179} INFO - Processing /usr/local/lib/python3.10/dist-packages/airflow/example_dags/example_params_trigger_ui.py took 0.108 seconds
[2023-12-06T18:35:36.243+0000] {processor.py:157} INFO - Started process (PID=4523) to work on /usr/local/lib/python3.10/dist-packages/airflow/example_dags/example_params_trigger_ui.py
[2023-12-06T18:35:36.244+0000] {processor.py:829} INFO - Processing file /usr/local/lib/python3.10/dist-packages/airflow/example_dags/example_params_trigger_ui.py for tasks to queue
[2023-12-06T18:35:36.245+0000] {logging_mixin.py:154} INFO - [2023-12-06T18:35:36.245+0000] {dagbag.py:536} INFO - Filling up the DagBag from /usr/local/lib/python3.10/dist-packages/airflow/example_dags/example_params_trigger_ui.py
[2023-12-06T18:35:36.264+0000] {processor.py:839} INFO - DAG(s) dict_keys(['example_params_trigger_ui']) retrieved from /usr/local/lib/python3.10/dist-packages/airflow/example_dags/example_params_trigger_ui.py
[2023-12-06T18:35:36.326+0000] {logging_mixin.py:154} INFO - [2023-12-06T18:35:36.326+0000] {dag.py:2941} INFO - Sync 1 DAGs
[2023-12-06T18:35:36.339+0000] {logging_mixin.py:154} INFO - [2023-12-06T18:35:36.338+0000] {dag.py:3722} INFO - Setting next_dagrun for example_params_trigger_ui to None, run_after=None
[2023-12-06T18:35:36.363+0000] {processor.py:179} INFO - Processing /usr/local/lib/python3.10/dist-packages/airflow/example_dags/example_params_trigger_ui.py took 0.124 seconds
[2023-12-06T18:36:20.884+0000] {processor.py:157} INFO - Started process (PID=4569) to work on /usr/local/lib/python3.10/dist-packages/airflow/example_dags/example_params_trigger_ui.py
[2023-12-06T18:36:20.886+0000] {processor.py:829} INFO - Processing file /usr/local/lib/python3.10/dist-packages/airflow/example_dags/example_params_trigger_ui.py for tasks to queue
[2023-12-06T18:36:20.886+0000] {logging_mixin.py:154} INFO - [2023-12-06T18:36:20.886+0000] {dagbag.py:536} INFO - Filling up the DagBag from /usr/local/lib/python3.10/dist-packages/airflow/example_dags/example_params_trigger_ui.py
[2023-12-06T18:36:20.905+0000] {processor.py:839} INFO - DAG(s) dict_keys(['example_params_trigger_ui']) retrieved from /usr/local/lib/python3.10/dist-packages/airflow/example_dags/example_params_trigger_ui.py
[2023-12-06T18:36:20.951+0000] {logging_mixin.py:154} INFO - [2023-12-06T18:36:20.951+0000] {dag.py:2941} INFO - Sync 1 DAGs
[2023-12-06T18:36:20.963+0000] {logging_mixin.py:154} INFO - [2023-12-06T18:36:20.962+0000] {dag.py:3722} INFO - Setting next_dagrun for example_params_trigger_ui to None, run_after=None
[2023-12-06T18:36:20.988+0000] {processor.py:179} INFO - Processing /usr/local/lib/python3.10/dist-packages/airflow/example_dags/example_params_trigger_ui.py took 0.107 seconds
[2023-12-06T18:37:08.571+0000] {processor.py:157} INFO - Started process (PID=4618) to work on /usr/local/lib/python3.10/dist-packages/airflow/example_dags/example_params_trigger_ui.py
[2023-12-06T18:37:08.573+0000] {processor.py:829} INFO - Processing file /usr/local/lib/python3.10/dist-packages/airflow/example_dags/example_params_trigger_ui.py for tasks to queue
[2023-12-06T18:37:08.574+0000] {logging_mixin.py:154} INFO - [2023-12-06T18:37:08.573+0000] {dagbag.py:536} INFO - Filling up the DagBag from /usr/local/lib/python3.10/dist-packages/airflow/example_dags/example_params_trigger_ui.py
[2023-12-06T18:37:08.593+0000] {processor.py:839} INFO - DAG(s) dict_keys(['example_params_trigger_ui']) retrieved from /usr/local/lib/python3.10/dist-packages/airflow/example_dags/example_params_trigger_ui.py
[2023-12-06T18:37:08.641+0000] {logging_mixin.py:154} INFO - [2023-12-06T18:37:08.640+0000] {dag.py:2941} INFO - Sync 1 DAGs
[2023-12-06T18:37:08.653+0000] {logging_mixin.py:154} INFO - [2023-12-06T18:37:08.653+0000] {dag.py:3722} INFO - Setting next_dagrun for example_params_trigger_ui to None, run_after=None
[2023-12-06T18:37:08.678+0000] {processor.py:179} INFO - Processing /usr/local/lib/python3.10/dist-packages/airflow/example_dags/example_params_trigger_ui.py took 0.111 seconds
[2023-12-06T18:37:53.813+0000] {processor.py:157} INFO - Started process (PID=4665) to work on /usr/local/lib/python3.10/dist-packages/airflow/example_dags/example_params_trigger_ui.py
[2023-12-06T18:37:53.814+0000] {processor.py:829} INFO - Processing file /usr/local/lib/python3.10/dist-packages/airflow/example_dags/example_params_trigger_ui.py for tasks to queue
[2023-12-06T18:37:53.815+0000] {logging_mixin.py:154} INFO - [2023-12-06T18:37:53.815+0000] {dagbag.py:536} INFO - Filling up the DagBag from /usr/local/lib/python3.10/dist-packages/airflow/example_dags/example_params_trigger_ui.py
[2023-12-06T18:37:53.834+0000] {processor.py:839} INFO - DAG(s) dict_keys(['example_params_trigger_ui']) retrieved from /usr/local/lib/python3.10/dist-packages/airflow/example_dags/example_params_trigger_ui.py
[2023-12-06T18:37:53.880+0000] {logging_mixin.py:154} INFO - [2023-12-06T18:37:53.880+0000] {dag.py:2941} INFO - Sync 1 DAGs
[2023-12-06T18:37:53.892+0000] {logging_mixin.py:154} INFO - [2023-12-06T18:37:53.892+0000] {dag.py:3722} INFO - Setting next_dagrun for example_params_trigger_ui to None, run_after=None
[2023-12-06T18:37:53.916+0000] {processor.py:179} INFO - Processing /usr/local/lib/python3.10/dist-packages/airflow/example_dags/example_params_trigger_ui.py took 0.107 seconds
[2023-12-06T18:38:41.422+0000] {processor.py:157} INFO - Started process (PID=4712) to work on /usr/local/lib/python3.10/dist-packages/airflow/example_dags/example_params_trigger_ui.py
[2023-12-06T18:38:41.423+0000] {processor.py:829} INFO - Processing file /usr/local/lib/python3.10/dist-packages/airflow/example_dags/example_params_trigger_ui.py for tasks to queue
[2023-12-06T18:38:41.424+0000] {logging_mixin.py:154} INFO - [2023-12-06T18:38:41.423+0000] {dagbag.py:536} INFO - Filling up the DagBag from /usr/local/lib/python3.10/dist-packages/airflow/example_dags/example_params_trigger_ui.py
[2023-12-06T18:38:41.443+0000] {processor.py:839} INFO - DAG(s) dict_keys(['example_params_trigger_ui']) retrieved from /usr/local/lib/python3.10/dist-packages/airflow/example_dags/example_params_trigger_ui.py
[2023-12-06T18:38:41.488+0000] {logging_mixin.py:154} INFO - [2023-12-06T18:38:41.488+0000] {dag.py:2941} INFO - Sync 1 DAGs
[2023-12-06T18:38:41.500+0000] {logging_mixin.py:154} INFO - [2023-12-06T18:38:41.500+0000] {dag.py:3722} INFO - Setting next_dagrun for example_params_trigger_ui to None, run_after=None
[2023-12-06T18:38:41.524+0000] {processor.py:179} INFO - Processing /usr/local/lib/python3.10/dist-packages/airflow/example_dags/example_params_trigger_ui.py took 0.106 seconds
[2023-12-06T18:39:28.738+0000] {processor.py:157} INFO - Started process (PID=4760) to work on /usr/local/lib/python3.10/dist-packages/airflow/example_dags/example_params_trigger_ui.py
[2023-12-06T18:39:28.739+0000] {processor.py:829} INFO - Processing file /usr/local/lib/python3.10/dist-packages/airflow/example_dags/example_params_trigger_ui.py for tasks to queue
[2023-12-06T18:39:28.740+0000] {logging_mixin.py:154} INFO - [2023-12-06T18:39:28.740+0000] {dagbag.py:536} INFO - Filling up the DagBag from /usr/local/lib/python3.10/dist-packages/airflow/example_dags/example_params_trigger_ui.py
[2023-12-06T18:39:28.759+0000] {processor.py:839} INFO - DAG(s) dict_keys(['example_params_trigger_ui']) retrieved from /usr/local/lib/python3.10/dist-packages/airflow/example_dags/example_params_trigger_ui.py
[2023-12-06T18:39:28.804+0000] {logging_mixin.py:154} INFO - [2023-12-06T18:39:28.804+0000] {dag.py:2941} INFO - Sync 1 DAGs
[2023-12-06T18:39:28.817+0000] {logging_mixin.py:154} INFO - [2023-12-06T18:39:28.817+0000] {dag.py:3722} INFO - Setting next_dagrun for example_params_trigger_ui to None, run_after=None
[2023-12-06T18:39:28.843+0000] {processor.py:179} INFO - Processing /usr/local/lib/python3.10/dist-packages/airflow/example_dags/example_params_trigger_ui.py took 0.109 seconds
[2023-12-06T18:40:17.985+0000] {processor.py:157} INFO - Started process (PID=4809) to work on /usr/local/lib/python3.10/dist-packages/airflow/example_dags/example_params_trigger_ui.py
[2023-12-06T18:40:17.987+0000] {processor.py:829} INFO - Processing file /usr/local/lib/python3.10/dist-packages/airflow/example_dags/example_params_trigger_ui.py for tasks to queue
[2023-12-06T18:40:17.988+0000] {logging_mixin.py:154} INFO - [2023-12-06T18:40:17.987+0000] {dagbag.py:536} INFO - Filling up the DagBag from /usr/local/lib/python3.10/dist-packages/airflow/example_dags/example_params_trigger_ui.py
[2023-12-06T18:40:18.007+0000] {processor.py:839} INFO - DAG(s) dict_keys(['example_params_trigger_ui']) retrieved from /usr/local/lib/python3.10/dist-packages/airflow/example_dags/example_params_trigger_ui.py
[2023-12-06T18:40:18.053+0000] {logging_mixin.py:154} INFO - [2023-12-06T18:40:18.053+0000] {dag.py:2941} INFO - Sync 1 DAGs
[2023-12-06T18:40:18.065+0000] {logging_mixin.py:154} INFO - [2023-12-06T18:40:18.065+0000] {dag.py:3722} INFO - Setting next_dagrun for example_params_trigger_ui to None, run_after=None
[2023-12-06T18:40:18.089+0000] {processor.py:179} INFO - Processing /usr/local/lib/python3.10/dist-packages/airflow/example_dags/example_params_trigger_ui.py took 0.107 seconds
[2023-12-06T18:41:09.877+0000] {processor.py:157} INFO - Started process (PID=4861) to work on /usr/local/lib/python3.10/dist-packages/airflow/example_dags/example_params_trigger_ui.py
[2023-12-06T18:41:09.879+0000] {processor.py:829} INFO - Processing file /usr/local/lib/python3.10/dist-packages/airflow/example_dags/example_params_trigger_ui.py for tasks to queue
[2023-12-06T18:41:09.880+0000] {logging_mixin.py:154} INFO - [2023-12-06T18:41:09.879+0000] {dagbag.py:536} INFO - Filling up the DagBag from /usr/local/lib/python3.10/dist-packages/airflow/example_dags/example_params_trigger_ui.py
[2023-12-06T18:41:09.899+0000] {processor.py:839} INFO - DAG(s) dict_keys(['example_params_trigger_ui']) retrieved from /usr/local/lib/python3.10/dist-packages/airflow/example_dags/example_params_trigger_ui.py
[2023-12-06T18:41:09.946+0000] {logging_mixin.py:154} INFO - [2023-12-06T18:41:09.945+0000] {dag.py:2941} INFO - Sync 1 DAGs
[2023-12-06T18:41:09.958+0000] {logging_mixin.py:154} INFO - [2023-12-06T18:41:09.958+0000] {dag.py:3722} INFO - Setting next_dagrun for example_params_trigger_ui to None, run_after=None
[2023-12-06T18:41:09.983+0000] {processor.py:179} INFO - Processing /usr/local/lib/python3.10/dist-packages/airflow/example_dags/example_params_trigger_ui.py took 0.110 seconds
[2023-12-06T18:41:57.269+0000] {processor.py:157} INFO - Started process (PID=4910) to work on /usr/local/lib/python3.10/dist-packages/airflow/example_dags/example_params_trigger_ui.py
[2023-12-06T18:41:57.270+0000] {processor.py:829} INFO - Processing file /usr/local/lib/python3.10/dist-packages/airflow/example_dags/example_params_trigger_ui.py for tasks to queue
[2023-12-06T18:41:57.271+0000] {logging_mixin.py:154} INFO - [2023-12-06T18:41:57.271+0000] {dagbag.py:536} INFO - Filling up the DagBag from /usr/local/lib/python3.10/dist-packages/airflow/example_dags/example_params_trigger_ui.py
[2023-12-06T18:41:57.290+0000] {processor.py:839} INFO - DAG(s) dict_keys(['example_params_trigger_ui']) retrieved from /usr/local/lib/python3.10/dist-packages/airflow/example_dags/example_params_trigger_ui.py
[2023-12-06T18:41:57.350+0000] {logging_mixin.py:154} INFO - [2023-12-06T18:41:57.350+0000] {dag.py:2941} INFO - Sync 1 DAGs
[2023-12-06T18:41:57.362+0000] {logging_mixin.py:154} INFO - [2023-12-06T18:41:57.362+0000] {dag.py:3722} INFO - Setting next_dagrun for example_params_trigger_ui to None, run_after=None
[2023-12-06T18:41:57.392+0000] {processor.py:179} INFO - Processing /usr/local/lib/python3.10/dist-packages/airflow/example_dags/example_params_trigger_ui.py took 0.127 seconds
[2023-12-06T18:42:43.659+0000] {processor.py:157} INFO - Started process (PID=4956) to work on /usr/local/lib/python3.10/dist-packages/airflow/example_dags/example_params_trigger_ui.py
[2023-12-06T18:42:43.661+0000] {processor.py:829} INFO - Processing file /usr/local/lib/python3.10/dist-packages/airflow/example_dags/example_params_trigger_ui.py for tasks to queue
[2023-12-06T18:42:43.662+0000] {logging_mixin.py:154} INFO - [2023-12-06T18:42:43.662+0000] {dagbag.py:536} INFO - Filling up the DagBag from /usr/local/lib/python3.10/dist-packages/airflow/example_dags/example_params_trigger_ui.py
[2023-12-06T18:42:43.681+0000] {processor.py:839} INFO - DAG(s) dict_keys(['example_params_trigger_ui']) retrieved from /usr/local/lib/python3.10/dist-packages/airflow/example_dags/example_params_trigger_ui.py
[2023-12-06T18:42:43.733+0000] {logging_mixin.py:154} INFO - [2023-12-06T18:42:43.733+0000] {dag.py:2941} INFO - Sync 1 DAGs
[2023-12-06T18:42:43.745+0000] {logging_mixin.py:154} INFO - [2023-12-06T18:42:43.745+0000] {dag.py:3722} INFO - Setting next_dagrun for example_params_trigger_ui to None, run_after=None
[2023-12-06T18:42:43.767+0000] {processor.py:179} INFO - Processing /usr/local/lib/python3.10/dist-packages/airflow/example_dags/example_params_trigger_ui.py took 0.111 seconds
[2023-12-06T18:43:36.527+0000] {processor.py:157} INFO - Started process (PID=5008) to work on /usr/local/lib/python3.10/dist-packages/airflow/example_dags/example_params_trigger_ui.py
[2023-12-06T18:43:36.528+0000] {processor.py:829} INFO - Processing file /usr/local/lib/python3.10/dist-packages/airflow/example_dags/example_params_trigger_ui.py for tasks to queue
[2023-12-06T18:43:36.529+0000] {logging_mixin.py:154} INFO - [2023-12-06T18:43:36.529+0000] {dagbag.py:536} INFO - Filling up the DagBag from /usr/local/lib/python3.10/dist-packages/airflow/example_dags/example_params_trigger_ui.py
[2023-12-06T18:43:36.548+0000] {processor.py:839} INFO - DAG(s) dict_keys(['example_params_trigger_ui']) retrieved from /usr/local/lib/python3.10/dist-packages/airflow/example_dags/example_params_trigger_ui.py
[2023-12-06T18:43:36.594+0000] {logging_mixin.py:154} INFO - [2023-12-06T18:43:36.594+0000] {dag.py:2941} INFO - Sync 1 DAGs
[2023-12-06T18:43:36.606+0000] {logging_mixin.py:154} INFO - [2023-12-06T18:43:36.606+0000] {dag.py:3722} INFO - Setting next_dagrun for example_params_trigger_ui to None, run_after=None
[2023-12-06T18:43:36.629+0000] {processor.py:179} INFO - Processing /usr/local/lib/python3.10/dist-packages/airflow/example_dags/example_params_trigger_ui.py took 0.105 seconds
[2023-12-06T18:44:25.664+0000] {processor.py:157} INFO - Started process (PID=5058) to work on /usr/local/lib/python3.10/dist-packages/airflow/example_dags/example_params_trigger_ui.py
[2023-12-06T18:44:25.666+0000] {processor.py:829} INFO - Processing file /usr/local/lib/python3.10/dist-packages/airflow/example_dags/example_params_trigger_ui.py for tasks to queue
[2023-12-06T18:44:25.667+0000] {logging_mixin.py:154} INFO - [2023-12-06T18:44:25.666+0000] {dagbag.py:536} INFO - Filling up the DagBag from /usr/local/lib/python3.10/dist-packages/airflow/example_dags/example_params_trigger_ui.py
[2023-12-06T18:44:25.685+0000] {processor.py:839} INFO - DAG(s) dict_keys(['example_params_trigger_ui']) retrieved from /usr/local/lib/python3.10/dist-packages/airflow/example_dags/example_params_trigger_ui.py
[2023-12-06T18:44:25.731+0000] {logging_mixin.py:154} INFO - [2023-12-06T18:44:25.731+0000] {dag.py:2941} INFO - Sync 1 DAGs
[2023-12-06T18:44:25.743+0000] {logging_mixin.py:154} INFO - [2023-12-06T18:44:25.743+0000] {dag.py:3722} INFO - Setting next_dagrun for example_params_trigger_ui to None, run_after=None
[2023-12-06T18:44:25.765+0000] {processor.py:179} INFO - Processing /usr/local/lib/python3.10/dist-packages/airflow/example_dags/example_params_trigger_ui.py took 0.104 seconds
[2023-12-06T18:45:12.479+0000] {processor.py:157} INFO - Started process (PID=5106) to work on /usr/local/lib/python3.10/dist-packages/airflow/example_dags/example_params_trigger_ui.py
[2023-12-06T18:45:12.480+0000] {processor.py:829} INFO - Processing file /usr/local/lib/python3.10/dist-packages/airflow/example_dags/example_params_trigger_ui.py for tasks to queue
[2023-12-06T18:45:12.481+0000] {logging_mixin.py:154} INFO - [2023-12-06T18:45:12.480+0000] {dagbag.py:536} INFO - Filling up the DagBag from /usr/local/lib/python3.10/dist-packages/airflow/example_dags/example_params_trigger_ui.py
[2023-12-06T18:45:12.499+0000] {processor.py:839} INFO - DAG(s) dict_keys(['example_params_trigger_ui']) retrieved from /usr/local/lib/python3.10/dist-packages/airflow/example_dags/example_params_trigger_ui.py
[2023-12-06T18:45:12.545+0000] {logging_mixin.py:154} INFO - [2023-12-06T18:45:12.544+0000] {dag.py:2941} INFO - Sync 1 DAGs
[2023-12-06T18:45:12.557+0000] {logging_mixin.py:154} INFO - [2023-12-06T18:45:12.557+0000] {dag.py:3722} INFO - Setting next_dagrun for example_params_trigger_ui to None, run_after=None
[2023-12-06T18:45:12.580+0000] {processor.py:179} INFO - Processing /usr/local/lib/python3.10/dist-packages/airflow/example_dags/example_params_trigger_ui.py took 0.105 seconds
[2023-12-06T18:45:56.424+0000] {processor.py:157} INFO - Started process (PID=5153) to work on /usr/local/lib/python3.10/dist-packages/airflow/example_dags/example_params_trigger_ui.py
[2023-12-06T18:45:56.426+0000] {processor.py:829} INFO - Processing file /usr/local/lib/python3.10/dist-packages/airflow/example_dags/example_params_trigger_ui.py for tasks to queue
[2023-12-06T18:45:56.426+0000] {logging_mixin.py:154} INFO - [2023-12-06T18:45:56.426+0000] {dagbag.py:536} INFO - Filling up the DagBag from /usr/local/lib/python3.10/dist-packages/airflow/example_dags/example_params_trigger_ui.py
[2023-12-06T18:45:56.445+0000] {processor.py:839} INFO - DAG(s) dict_keys(['example_params_trigger_ui']) retrieved from /usr/local/lib/python3.10/dist-packages/airflow/example_dags/example_params_trigger_ui.py
[2023-12-06T18:45:56.492+0000] {logging_mixin.py:154} INFO - [2023-12-06T18:45:56.491+0000] {dag.py:2941} INFO - Sync 1 DAGs
[2023-12-06T18:45:56.504+0000] {logging_mixin.py:154} INFO - [2023-12-06T18:45:56.503+0000] {dag.py:3722} INFO - Setting next_dagrun for example_params_trigger_ui to None, run_after=None
[2023-12-06T18:45:56.526+0000] {processor.py:179} INFO - Processing /usr/local/lib/python3.10/dist-packages/airflow/example_dags/example_params_trigger_ui.py took 0.106 seconds
[2023-12-06T18:46:41.568+0000] {processor.py:157} INFO - Started process (PID=5199) to work on /usr/local/lib/python3.10/dist-packages/airflow/example_dags/example_params_trigger_ui.py
[2023-12-06T18:46:41.570+0000] {processor.py:829} INFO - Processing file /usr/local/lib/python3.10/dist-packages/airflow/example_dags/example_params_trigger_ui.py for tasks to queue
[2023-12-06T18:46:41.571+0000] {logging_mixin.py:154} INFO - [2023-12-06T18:46:41.570+0000] {dagbag.py:536} INFO - Filling up the DagBag from /usr/local/lib/python3.10/dist-packages/airflow/example_dags/example_params_trigger_ui.py
[2023-12-06T18:46:41.590+0000] {processor.py:839} INFO - DAG(s) dict_keys(['example_params_trigger_ui']) retrieved from /usr/local/lib/python3.10/dist-packages/airflow/example_dags/example_params_trigger_ui.py
[2023-12-06T18:46:41.636+0000] {logging_mixin.py:154} INFO - [2023-12-06T18:46:41.636+0000] {dag.py:2941} INFO - Sync 1 DAGs
[2023-12-06T18:46:41.648+0000] {logging_mixin.py:154} INFO - [2023-12-06T18:46:41.648+0000] {dag.py:3722} INFO - Setting next_dagrun for example_params_trigger_ui to None, run_after=None
[2023-12-06T18:46:41.675+0000] {processor.py:179} INFO - Processing /usr/local/lib/python3.10/dist-packages/airflow/example_dags/example_params_trigger_ui.py took 0.110 seconds
[2023-12-06T18:47:28.380+0000] {processor.py:157} INFO - Started process (PID=5248) to work on /usr/local/lib/python3.10/dist-packages/airflow/example_dags/example_params_trigger_ui.py
[2023-12-06T18:47:28.381+0000] {processor.py:829} INFO - Processing file /usr/local/lib/python3.10/dist-packages/airflow/example_dags/example_params_trigger_ui.py for tasks to queue
[2023-12-06T18:47:28.382+0000] {logging_mixin.py:154} INFO - [2023-12-06T18:47:28.382+0000] {dagbag.py:536} INFO - Filling up the DagBag from /usr/local/lib/python3.10/dist-packages/airflow/example_dags/example_params_trigger_ui.py
[2023-12-06T18:47:28.401+0000] {processor.py:839} INFO - DAG(s) dict_keys(['example_params_trigger_ui']) retrieved from /usr/local/lib/python3.10/dist-packages/airflow/example_dags/example_params_trigger_ui.py
[2023-12-06T18:47:28.447+0000] {logging_mixin.py:154} INFO - [2023-12-06T18:47:28.446+0000] {dag.py:2941} INFO - Sync 1 DAGs
[2023-12-06T18:47:28.459+0000] {logging_mixin.py:154} INFO - [2023-12-06T18:47:28.458+0000] {dag.py:3722} INFO - Setting next_dagrun for example_params_trigger_ui to None, run_after=None
[2023-12-06T18:47:28.482+0000] {processor.py:179} INFO - Processing /usr/local/lib/python3.10/dist-packages/airflow/example_dags/example_params_trigger_ui.py took 0.106 seconds
[2023-12-06T18:48:18.590+0000] {processor.py:157} INFO - Started process (PID=5300) to work on /usr/local/lib/python3.10/dist-packages/airflow/example_dags/example_params_trigger_ui.py
[2023-12-06T18:48:18.592+0000] {processor.py:829} INFO - Processing file /usr/local/lib/python3.10/dist-packages/airflow/example_dags/example_params_trigger_ui.py for tasks to queue
[2023-12-06T18:48:18.593+0000] {logging_mixin.py:154} INFO - [2023-12-06T18:48:18.592+0000] {dagbag.py:536} INFO - Filling up the DagBag from /usr/local/lib/python3.10/dist-packages/airflow/example_dags/example_params_trigger_ui.py
[2023-12-06T18:48:18.612+0000] {processor.py:839} INFO - DAG(s) dict_keys(['example_params_trigger_ui']) retrieved from /usr/local/lib/python3.10/dist-packages/airflow/example_dags/example_params_trigger_ui.py
[2023-12-06T18:48:18.658+0000] {logging_mixin.py:154} INFO - [2023-12-06T18:48:18.658+0000] {dag.py:2941} INFO - Sync 1 DAGs
[2023-12-06T18:48:18.670+0000] {logging_mixin.py:154} INFO - [2023-12-06T18:48:18.669+0000] {dag.py:3722} INFO - Setting next_dagrun for example_params_trigger_ui to None, run_after=None
[2023-12-06T18:48:18.694+0000] {processor.py:179} INFO - Processing /usr/local/lib/python3.10/dist-packages/airflow/example_dags/example_params_trigger_ui.py took 0.107 seconds
[2023-12-06T18:49:07.418+0000] {processor.py:157} INFO - Started process (PID=5349) to work on /usr/local/lib/python3.10/dist-packages/airflow/example_dags/example_params_trigger_ui.py
[2023-12-06T18:49:07.419+0000] {processor.py:829} INFO - Processing file /usr/local/lib/python3.10/dist-packages/airflow/example_dags/example_params_trigger_ui.py for tasks to queue
[2023-12-06T18:49:07.420+0000] {logging_mixin.py:154} INFO - [2023-12-06T18:49:07.420+0000] {dagbag.py:536} INFO - Filling up the DagBag from /usr/local/lib/python3.10/dist-packages/airflow/example_dags/example_params_trigger_ui.py
[2023-12-06T18:49:07.439+0000] {processor.py:839} INFO - DAG(s) dict_keys(['example_params_trigger_ui']) retrieved from /usr/local/lib/python3.10/dist-packages/airflow/example_dags/example_params_trigger_ui.py
[2023-12-06T18:49:07.492+0000] {logging_mixin.py:154} INFO - [2023-12-06T18:49:07.491+0000] {dag.py:2941} INFO - Sync 1 DAGs
[2023-12-06T18:49:07.504+0000] {logging_mixin.py:154} INFO - [2023-12-06T18:49:07.504+0000] {dag.py:3722} INFO - Setting next_dagrun for example_params_trigger_ui to None, run_after=None
[2023-12-06T18:49:07.534+0000] {processor.py:179} INFO - Processing /usr/local/lib/python3.10/dist-packages/airflow/example_dags/example_params_trigger_ui.py took 0.120 seconds
[2023-12-06T18:49:50.564+0000] {processor.py:157} INFO - Started process (PID=5396) to work on /usr/local/lib/python3.10/dist-packages/airflow/example_dags/example_params_trigger_ui.py
[2023-12-06T18:49:50.565+0000] {processor.py:829} INFO - Processing file /usr/local/lib/python3.10/dist-packages/airflow/example_dags/example_params_trigger_ui.py for tasks to queue
[2023-12-06T18:49:50.566+0000] {logging_mixin.py:154} INFO - [2023-12-06T18:49:50.566+0000] {dagbag.py:536} INFO - Filling up the DagBag from /usr/local/lib/python3.10/dist-packages/airflow/example_dags/example_params_trigger_ui.py
[2023-12-06T18:49:50.592+0000] {processor.py:839} INFO - DAG(s) dict_keys(['example_params_trigger_ui']) retrieved from /usr/local/lib/python3.10/dist-packages/airflow/example_dags/example_params_trigger_ui.py
[2023-12-06T18:49:50.643+0000] {logging_mixin.py:154} INFO - [2023-12-06T18:49:50.642+0000] {dag.py:2941} INFO - Sync 1 DAGs
[2023-12-06T18:49:50.655+0000] {logging_mixin.py:154} INFO - [2023-12-06T18:49:50.654+0000] {dag.py:3722} INFO - Setting next_dagrun for example_params_trigger_ui to None, run_after=None
[2023-12-06T18:49:50.678+0000] {processor.py:179} INFO - Processing /usr/local/lib/python3.10/dist-packages/airflow/example_dags/example_params_trigger_ui.py took 0.118 seconds
[2023-12-06T18:50:47.017+0000] {processor.py:157} INFO - Started process (PID=5457) to work on /usr/local/lib/python3.10/dist-packages/airflow/example_dags/example_params_trigger_ui.py
[2023-12-06T18:50:47.019+0000] {processor.py:829} INFO - Processing file /usr/local/lib/python3.10/dist-packages/airflow/example_dags/example_params_trigger_ui.py for tasks to queue
[2023-12-06T18:50:47.020+0000] {logging_mixin.py:154} INFO - [2023-12-06T18:50:47.019+0000] {dagbag.py:536} INFO - Filling up the DagBag from /usr/local/lib/python3.10/dist-packages/airflow/example_dags/example_params_trigger_ui.py
[2023-12-06T18:50:47.038+0000] {processor.py:839} INFO - DAG(s) dict_keys(['example_params_trigger_ui']) retrieved from /usr/local/lib/python3.10/dist-packages/airflow/example_dags/example_params_trigger_ui.py
[2023-12-06T18:50:47.084+0000] {logging_mixin.py:154} INFO - [2023-12-06T18:50:47.084+0000] {dag.py:2941} INFO - Sync 1 DAGs
[2023-12-06T18:50:47.097+0000] {logging_mixin.py:154} INFO - [2023-12-06T18:50:47.097+0000] {dag.py:3722} INFO - Setting next_dagrun for example_params_trigger_ui to None, run_after=None
[2023-12-06T18:50:47.121+0000] {processor.py:179} INFO - Processing /usr/local/lib/python3.10/dist-packages/airflow/example_dags/example_params_trigger_ui.py took 0.108 seconds
[2023-12-06T18:51:30.564+0000] {processor.py:157} INFO - Started process (PID=5503) to work on /usr/local/lib/python3.10/dist-packages/airflow/example_dags/example_params_trigger_ui.py
[2023-12-06T18:51:30.566+0000] {processor.py:829} INFO - Processing file /usr/local/lib/python3.10/dist-packages/airflow/example_dags/example_params_trigger_ui.py for tasks to queue
[2023-12-06T18:51:30.566+0000] {logging_mixin.py:154} INFO - [2023-12-06T18:51:30.566+0000] {dagbag.py:536} INFO - Filling up the DagBag from /usr/local/lib/python3.10/dist-packages/airflow/example_dags/example_params_trigger_ui.py
[2023-12-06T18:51:30.585+0000] {processor.py:839} INFO - DAG(s) dict_keys(['example_params_trigger_ui']) retrieved from /usr/local/lib/python3.10/dist-packages/airflow/example_dags/example_params_trigger_ui.py
[2023-12-06T18:51:30.632+0000] {logging_mixin.py:154} INFO - [2023-12-06T18:51:30.631+0000] {dag.py:2941} INFO - Sync 1 DAGs
[2023-12-06T18:51:30.643+0000] {logging_mixin.py:154} INFO - [2023-12-06T18:51:30.643+0000] {dag.py:3722} INFO - Setting next_dagrun for example_params_trigger_ui to None, run_after=None
[2023-12-06T18:51:30.672+0000] {processor.py:179} INFO - Processing /usr/local/lib/python3.10/dist-packages/airflow/example_dags/example_params_trigger_ui.py took 0.111 seconds
[2023-12-06T18:52:13.788+0000] {processor.py:157} INFO - Started process (PID=5548) to work on /usr/local/lib/python3.10/dist-packages/airflow/example_dags/example_params_trigger_ui.py
[2023-12-06T18:52:13.791+0000] {processor.py:829} INFO - Processing file /usr/local/lib/python3.10/dist-packages/airflow/example_dags/example_params_trigger_ui.py for tasks to queue
[2023-12-06T18:52:13.792+0000] {logging_mixin.py:154} INFO - [2023-12-06T18:52:13.791+0000] {dagbag.py:536} INFO - Filling up the DagBag from /usr/local/lib/python3.10/dist-packages/airflow/example_dags/example_params_trigger_ui.py
[2023-12-06T18:52:13.829+0000] {processor.py:839} INFO - DAG(s) dict_keys(['example_params_trigger_ui']) retrieved from /usr/local/lib/python3.10/dist-packages/airflow/example_dags/example_params_trigger_ui.py
[2023-12-06T18:52:13.876+0000] {logging_mixin.py:154} INFO - [2023-12-06T18:52:13.875+0000] {dag.py:2941} INFO - Sync 1 DAGs
[2023-12-06T18:52:13.889+0000] {logging_mixin.py:154} INFO - [2023-12-06T18:52:13.888+0000] {dag.py:3722} INFO - Setting next_dagrun for example_params_trigger_ui to None, run_after=None
[2023-12-06T18:52:13.912+0000] {processor.py:179} INFO - Processing /usr/local/lib/python3.10/dist-packages/airflow/example_dags/example_params_trigger_ui.py took 0.128 seconds
[2023-12-06T18:53:00.965+0000] {processor.py:157} INFO - Started process (PID=5596) to work on /usr/local/lib/python3.10/dist-packages/airflow/example_dags/example_params_trigger_ui.py
[2023-12-06T18:53:00.967+0000] {processor.py:829} INFO - Processing file /usr/local/lib/python3.10/dist-packages/airflow/example_dags/example_params_trigger_ui.py for tasks to queue
[2023-12-06T18:53:00.968+0000] {logging_mixin.py:154} INFO - [2023-12-06T18:53:00.968+0000] {dagbag.py:536} INFO - Filling up the DagBag from /usr/local/lib/python3.10/dist-packages/airflow/example_dags/example_params_trigger_ui.py
[2023-12-06T18:53:00.987+0000] {processor.py:839} INFO - DAG(s) dict_keys(['example_params_trigger_ui']) retrieved from /usr/local/lib/python3.10/dist-packages/airflow/example_dags/example_params_trigger_ui.py
[2023-12-06T18:53:01.033+0000] {logging_mixin.py:154} INFO - [2023-12-06T18:53:01.033+0000] {dag.py:2941} INFO - Sync 1 DAGs
[2023-12-06T18:53:01.045+0000] {logging_mixin.py:154} INFO - [2023-12-06T18:53:01.045+0000] {dag.py:3722} INFO - Setting next_dagrun for example_params_trigger_ui to None, run_after=None
[2023-12-06T18:53:01.067+0000] {processor.py:179} INFO - Processing /usr/local/lib/python3.10/dist-packages/airflow/example_dags/example_params_trigger_ui.py took 0.106 seconds
[2023-12-06T18:53:46.963+0000] {processor.py:157} INFO - Started process (PID=5643) to work on /usr/local/lib/python3.10/dist-packages/airflow/example_dags/example_params_trigger_ui.py
[2023-12-06T18:53:46.965+0000] {processor.py:829} INFO - Processing file /usr/local/lib/python3.10/dist-packages/airflow/example_dags/example_params_trigger_ui.py for tasks to queue
[2023-12-06T18:53:46.965+0000] {logging_mixin.py:154} INFO - [2023-12-06T18:53:46.965+0000] {dagbag.py:536} INFO - Filling up the DagBag from /usr/local/lib/python3.10/dist-packages/airflow/example_dags/example_params_trigger_ui.py
[2023-12-06T18:53:46.985+0000] {processor.py:839} INFO - DAG(s) dict_keys(['example_params_trigger_ui']) retrieved from /usr/local/lib/python3.10/dist-packages/airflow/example_dags/example_params_trigger_ui.py
[2023-12-06T18:53:47.031+0000] {logging_mixin.py:154} INFO - [2023-12-06T18:53:47.031+0000] {dag.py:2941} INFO - Sync 1 DAGs
[2023-12-06T18:53:47.044+0000] {logging_mixin.py:154} INFO - [2023-12-06T18:53:47.043+0000] {dag.py:3722} INFO - Setting next_dagrun for example_params_trigger_ui to None, run_after=None
[2023-12-06T18:53:47.068+0000] {processor.py:179} INFO - Processing /usr/local/lib/python3.10/dist-packages/airflow/example_dags/example_params_trigger_ui.py took 0.109 seconds
[2023-12-06T18:54:42.826+0000] {processor.py:157} INFO - Started process (PID=5702) to work on /usr/local/lib/python3.10/dist-packages/airflow/example_dags/example_params_trigger_ui.py
[2023-12-06T18:54:42.829+0000] {processor.py:829} INFO - Processing file /usr/local/lib/python3.10/dist-packages/airflow/example_dags/example_params_trigger_ui.py for tasks to queue
[2023-12-06T18:54:42.830+0000] {logging_mixin.py:154} INFO - [2023-12-06T18:54:42.830+0000] {dagbag.py:536} INFO - Filling up the DagBag from /usr/local/lib/python3.10/dist-packages/airflow/example_dags/example_params_trigger_ui.py
[2023-12-06T18:54:42.849+0000] {processor.py:839} INFO - DAG(s) dict_keys(['example_params_trigger_ui']) retrieved from /usr/local/lib/python3.10/dist-packages/airflow/example_dags/example_params_trigger_ui.py
[2023-12-06T18:54:42.895+0000] {logging_mixin.py:154} INFO - [2023-12-06T18:54:42.895+0000] {dag.py:2941} INFO - Sync 1 DAGs
[2023-12-06T18:54:42.907+0000] {logging_mixin.py:154} INFO - [2023-12-06T18:54:42.907+0000] {dag.py:3722} INFO - Setting next_dagrun for example_params_trigger_ui to None, run_after=None
[2023-12-06T18:54:42.937+0000] {processor.py:179} INFO - Processing /usr/local/lib/python3.10/dist-packages/airflow/example_dags/example_params_trigger_ui.py took 0.115 seconds
[2023-12-06T18:55:28.194+0000] {processor.py:157} INFO - Started process (PID=5748) to work on /usr/local/lib/python3.10/dist-packages/airflow/example_dags/example_params_trigger_ui.py
[2023-12-06T18:55:28.195+0000] {processor.py:829} INFO - Processing file /usr/local/lib/python3.10/dist-packages/airflow/example_dags/example_params_trigger_ui.py for tasks to queue
[2023-12-06T18:55:28.196+0000] {logging_mixin.py:154} INFO - [2023-12-06T18:55:28.196+0000] {dagbag.py:536} INFO - Filling up the DagBag from /usr/local/lib/python3.10/dist-packages/airflow/example_dags/example_params_trigger_ui.py
[2023-12-06T18:55:28.215+0000] {processor.py:839} INFO - DAG(s) dict_keys(['example_params_trigger_ui']) retrieved from /usr/local/lib/python3.10/dist-packages/airflow/example_dags/example_params_trigger_ui.py
[2023-12-06T18:55:28.267+0000] {logging_mixin.py:154} INFO - [2023-12-06T18:55:28.266+0000] {dag.py:2941} INFO - Sync 1 DAGs
[2023-12-06T18:55:28.278+0000] {logging_mixin.py:154} INFO - [2023-12-06T18:55:28.278+0000] {dag.py:3722} INFO - Setting next_dagrun for example_params_trigger_ui to None, run_after=None
[2023-12-06T18:55:28.301+0000] {processor.py:179} INFO - Processing /usr/local/lib/python3.10/dist-packages/airflow/example_dags/example_params_trigger_ui.py took 0.111 seconds
[2023-12-06T18:56:13.710+0000] {processor.py:157} INFO - Started process (PID=5796) to work on /usr/local/lib/python3.10/dist-packages/airflow/example_dags/example_params_trigger_ui.py
[2023-12-06T18:56:13.712+0000] {processor.py:829} INFO - Processing file /usr/local/lib/python3.10/dist-packages/airflow/example_dags/example_params_trigger_ui.py for tasks to queue
[2023-12-06T18:56:13.712+0000] {logging_mixin.py:154} INFO - [2023-12-06T18:56:13.712+0000] {dagbag.py:536} INFO - Filling up the DagBag from /usr/local/lib/python3.10/dist-packages/airflow/example_dags/example_params_trigger_ui.py
[2023-12-06T18:56:13.732+0000] {processor.py:839} INFO - DAG(s) dict_keys(['example_params_trigger_ui']) retrieved from /usr/local/lib/python3.10/dist-packages/airflow/example_dags/example_params_trigger_ui.py
[2023-12-06T18:56:13.780+0000] {logging_mixin.py:154} INFO - [2023-12-06T18:56:13.779+0000] {dag.py:2941} INFO - Sync 1 DAGs
[2023-12-06T18:56:13.793+0000] {logging_mixin.py:154} INFO - [2023-12-06T18:56:13.792+0000] {dag.py:3722} INFO - Setting next_dagrun for example_params_trigger_ui to None, run_after=None
[2023-12-06T18:56:13.815+0000] {processor.py:179} INFO - Processing /usr/local/lib/python3.10/dist-packages/airflow/example_dags/example_params_trigger_ui.py took 0.109 seconds
[2023-12-06T18:57:01.224+0000] {processor.py:157} INFO - Started process (PID=5844) to work on /usr/local/lib/python3.10/dist-packages/airflow/example_dags/example_params_trigger_ui.py
[2023-12-06T18:57:01.225+0000] {processor.py:829} INFO - Processing file /usr/local/lib/python3.10/dist-packages/airflow/example_dags/example_params_trigger_ui.py for tasks to queue
[2023-12-06T18:57:01.226+0000] {logging_mixin.py:154} INFO - [2023-12-06T18:57:01.226+0000] {dagbag.py:536} INFO - Filling up the DagBag from /usr/local/lib/python3.10/dist-packages/airflow/example_dags/example_params_trigger_ui.py
[2023-12-06T18:57:01.246+0000] {processor.py:839} INFO - DAG(s) dict_keys(['example_params_trigger_ui']) retrieved from /usr/local/lib/python3.10/dist-packages/airflow/example_dags/example_params_trigger_ui.py
[2023-12-06T18:57:01.295+0000] {logging_mixin.py:154} INFO - [2023-12-06T18:57:01.295+0000] {dag.py:2941} INFO - Sync 1 DAGs
[2023-12-06T18:57:01.308+0000] {logging_mixin.py:154} INFO - [2023-12-06T18:57:01.308+0000] {dag.py:3722} INFO - Setting next_dagrun for example_params_trigger_ui to None, run_after=None
[2023-12-06T18:57:01.335+0000] {processor.py:179} INFO - Processing /usr/local/lib/python3.10/dist-packages/airflow/example_dags/example_params_trigger_ui.py took 0.115 seconds
[2023-12-06T18:57:48.952+0000] {processor.py:157} INFO - Started process (PID=5895) to work on /usr/local/lib/python3.10/dist-packages/airflow/example_dags/example_params_trigger_ui.py
[2023-12-06T18:57:48.953+0000] {processor.py:829} INFO - Processing file /usr/local/lib/python3.10/dist-packages/airflow/example_dags/example_params_trigger_ui.py for tasks to queue
[2023-12-06T18:57:48.954+0000] {logging_mixin.py:154} INFO - [2023-12-06T18:57:48.954+0000] {dagbag.py:536} INFO - Filling up the DagBag from /usr/local/lib/python3.10/dist-packages/airflow/example_dags/example_params_trigger_ui.py
[2023-12-06T18:57:48.973+0000] {processor.py:839} INFO - DAG(s) dict_keys(['example_params_trigger_ui']) retrieved from /usr/local/lib/python3.10/dist-packages/airflow/example_dags/example_params_trigger_ui.py
[2023-12-06T18:57:49.020+0000] {logging_mixin.py:154} INFO - [2023-12-06T18:57:49.019+0000] {dag.py:2941} INFO - Sync 1 DAGs
[2023-12-06T18:57:49.032+0000] {logging_mixin.py:154} INFO - [2023-12-06T18:57:49.032+0000] {dag.py:3722} INFO - Setting next_dagrun for example_params_trigger_ui to None, run_after=None
[2023-12-06T18:57:49.054+0000] {processor.py:179} INFO - Processing /usr/local/lib/python3.10/dist-packages/airflow/example_dags/example_params_trigger_ui.py took 0.106 seconds
[2023-12-06T18:58:33.204+0000] {processor.py:157} INFO - Started process (PID=5941) to work on /usr/local/lib/python3.10/dist-packages/airflow/example_dags/example_params_trigger_ui.py
[2023-12-06T18:58:33.205+0000] {processor.py:829} INFO - Processing file /usr/local/lib/python3.10/dist-packages/airflow/example_dags/example_params_trigger_ui.py for tasks to queue
[2023-12-06T18:58:33.206+0000] {logging_mixin.py:154} INFO - [2023-12-06T18:58:33.206+0000] {dagbag.py:536} INFO - Filling up the DagBag from /usr/local/lib/python3.10/dist-packages/airflow/example_dags/example_params_trigger_ui.py
[2023-12-06T18:58:33.225+0000] {processor.py:839} INFO - DAG(s) dict_keys(['example_params_trigger_ui']) retrieved from /usr/local/lib/python3.10/dist-packages/airflow/example_dags/example_params_trigger_ui.py
[2023-12-06T18:58:33.271+0000] {logging_mixin.py:154} INFO - [2023-12-06T18:58:33.271+0000] {dag.py:2941} INFO - Sync 1 DAGs
[2023-12-06T18:58:33.283+0000] {logging_mixin.py:154} INFO - [2023-12-06T18:58:33.283+0000] {dag.py:3722} INFO - Setting next_dagrun for example_params_trigger_ui to None, run_after=None
[2023-12-06T18:58:33.307+0000] {processor.py:179} INFO - Processing /usr/local/lib/python3.10/dist-packages/airflow/example_dags/example_params_trigger_ui.py took 0.107 seconds
[2023-12-06T18:59:19.597+0000] {processor.py:157} INFO - Started process (PID=5988) to work on /usr/local/lib/python3.10/dist-packages/airflow/example_dags/example_params_trigger_ui.py
[2023-12-06T18:59:19.598+0000] {processor.py:829} INFO - Processing file /usr/local/lib/python3.10/dist-packages/airflow/example_dags/example_params_trigger_ui.py for tasks to queue
[2023-12-06T18:59:19.599+0000] {logging_mixin.py:154} INFO - [2023-12-06T18:59:19.599+0000] {dagbag.py:536} INFO - Filling up the DagBag from /usr/local/lib/python3.10/dist-packages/airflow/example_dags/example_params_trigger_ui.py
[2023-12-06T18:59:19.618+0000] {processor.py:839} INFO - DAG(s) dict_keys(['example_params_trigger_ui']) retrieved from /usr/local/lib/python3.10/dist-packages/airflow/example_dags/example_params_trigger_ui.py
[2023-12-06T18:59:19.665+0000] {logging_mixin.py:154} INFO - [2023-12-06T18:59:19.665+0000] {dag.py:2941} INFO - Sync 1 DAGs
[2023-12-06T18:59:19.678+0000] {logging_mixin.py:154} INFO - [2023-12-06T18:59:19.677+0000] {dag.py:3722} INFO - Setting next_dagrun for example_params_trigger_ui to None, run_after=None
[2023-12-06T18:59:19.699+0000] {processor.py:179} INFO - Processing /usr/local/lib/python3.10/dist-packages/airflow/example_dags/example_params_trigger_ui.py took 0.106 seconds
[2023-12-06T19:00:03.684+0000] {processor.py:157} INFO - Started process (PID=6101) to work on /usr/local/lib/python3.10/dist-packages/airflow/example_dags/example_params_trigger_ui.py
[2023-12-06T19:00:03.688+0000] {processor.py:829} INFO - Processing file /usr/local/lib/python3.10/dist-packages/airflow/example_dags/example_params_trigger_ui.py for tasks to queue
[2023-12-06T19:00:03.689+0000] {logging_mixin.py:154} INFO - [2023-12-06T19:00:03.689+0000] {dagbag.py:536} INFO - Filling up the DagBag from /usr/local/lib/python3.10/dist-packages/airflow/example_dags/example_params_trigger_ui.py
[2023-12-06T19:00:03.723+0000] {processor.py:839} INFO - DAG(s) dict_keys(['example_params_trigger_ui']) retrieved from /usr/local/lib/python3.10/dist-packages/airflow/example_dags/example_params_trigger_ui.py
[2023-12-06T19:00:03.786+0000] {logging_mixin.py:154} INFO - [2023-12-06T19:00:03.786+0000] {dag.py:2941} INFO - Sync 1 DAGs
[2023-12-06T19:00:03.802+0000] {logging_mixin.py:154} INFO - [2023-12-06T19:00:03.802+0000] {dag.py:3722} INFO - Setting next_dagrun for example_params_trigger_ui to None, run_after=None
[2023-12-06T19:00:03.840+0000] {processor.py:179} INFO - Processing /usr/local/lib/python3.10/dist-packages/airflow/example_dags/example_params_trigger_ui.py took 0.159 seconds
[2023-12-06T19:00:59.303+0000] {processor.py:157} INFO - Started process (PID=6418) to work on /usr/local/lib/python3.10/dist-packages/airflow/example_dags/example_params_trigger_ui.py
[2023-12-06T19:00:59.305+0000] {processor.py:829} INFO - Processing file /usr/local/lib/python3.10/dist-packages/airflow/example_dags/example_params_trigger_ui.py for tasks to queue
[2023-12-06T19:00:59.306+0000] {logging_mixin.py:154} INFO - [2023-12-06T19:00:59.306+0000] {dagbag.py:536} INFO - Filling up the DagBag from /usr/local/lib/python3.10/dist-packages/airflow/example_dags/example_params_trigger_ui.py
[2023-12-06T19:00:59.326+0000] {processor.py:839} INFO - DAG(s) dict_keys(['example_params_trigger_ui']) retrieved from /usr/local/lib/python3.10/dist-packages/airflow/example_dags/example_params_trigger_ui.py
[2023-12-06T19:00:59.371+0000] {logging_mixin.py:154} INFO - [2023-12-06T19:00:59.371+0000] {dag.py:2941} INFO - Sync 1 DAGs
[2023-12-06T19:00:59.383+0000] {logging_mixin.py:154} INFO - [2023-12-06T19:00:59.383+0000] {dag.py:3722} INFO - Setting next_dagrun for example_params_trigger_ui to None, run_after=None
[2023-12-06T19:00:59.406+0000] {processor.py:179} INFO - Processing /usr/local/lib/python3.10/dist-packages/airflow/example_dags/example_params_trigger_ui.py took 0.107 seconds
[2023-12-06T19:01:47.663+0000] {processor.py:157} INFO - Started process (PID=6497) to work on /usr/local/lib/python3.10/dist-packages/airflow/example_dags/example_params_trigger_ui.py
[2023-12-06T19:01:47.665+0000] {processor.py:829} INFO - Processing file /usr/local/lib/python3.10/dist-packages/airflow/example_dags/example_params_trigger_ui.py for tasks to queue
[2023-12-06T19:01:47.666+0000] {logging_mixin.py:154} INFO - [2023-12-06T19:01:47.665+0000] {dagbag.py:536} INFO - Filling up the DagBag from /usr/local/lib/python3.10/dist-packages/airflow/example_dags/example_params_trigger_ui.py
[2023-12-06T19:01:47.685+0000] {processor.py:839} INFO - DAG(s) dict_keys(['example_params_trigger_ui']) retrieved from /usr/local/lib/python3.10/dist-packages/airflow/example_dags/example_params_trigger_ui.py
[2023-12-06T19:01:47.731+0000] {logging_mixin.py:154} INFO - [2023-12-06T19:01:47.731+0000] {dag.py:2941} INFO - Sync 1 DAGs
[2023-12-06T19:01:47.744+0000] {logging_mixin.py:154} INFO - [2023-12-06T19:01:47.743+0000] {dag.py:3722} INFO - Setting next_dagrun for example_params_trigger_ui to None, run_after=None
[2023-12-06T19:01:47.769+0000] {processor.py:179} INFO - Processing /usr/local/lib/python3.10/dist-packages/airflow/example_dags/example_params_trigger_ui.py took 0.109 seconds
[2023-12-06T19:02:34.056+0000] {processor.py:157} INFO - Started process (PID=6545) to work on /usr/local/lib/python3.10/dist-packages/airflow/example_dags/example_params_trigger_ui.py
[2023-12-06T19:02:34.057+0000] {processor.py:829} INFO - Processing file /usr/local/lib/python3.10/dist-packages/airflow/example_dags/example_params_trigger_ui.py for tasks to queue
[2023-12-06T19:02:34.058+0000] {logging_mixin.py:154} INFO - [2023-12-06T19:02:34.058+0000] {dagbag.py:536} INFO - Filling up the DagBag from /usr/local/lib/python3.10/dist-packages/airflow/example_dags/example_params_trigger_ui.py
[2023-12-06T19:02:34.077+0000] {processor.py:839} INFO - DAG(s) dict_keys(['example_params_trigger_ui']) retrieved from /usr/local/lib/python3.10/dist-packages/airflow/example_dags/example_params_trigger_ui.py
[2023-12-06T19:02:34.124+0000] {logging_mixin.py:154} INFO - [2023-12-06T19:02:34.123+0000] {dag.py:2941} INFO - Sync 1 DAGs
[2023-12-06T19:02:34.136+0000] {logging_mixin.py:154} INFO - [2023-12-06T19:02:34.136+0000] {dag.py:3722} INFO - Setting next_dagrun for example_params_trigger_ui to None, run_after=None
[2023-12-06T19:02:34.159+0000] {processor.py:179} INFO - Processing /usr/local/lib/python3.10/dist-packages/airflow/example_dags/example_params_trigger_ui.py took 0.107 seconds
[2023-12-06T19:03:18.219+0000] {processor.py:157} INFO - Started process (PID=6590) to work on /usr/local/lib/python3.10/dist-packages/airflow/example_dags/example_params_trigger_ui.py
[2023-12-06T19:03:18.221+0000] {processor.py:829} INFO - Processing file /usr/local/lib/python3.10/dist-packages/airflow/example_dags/example_params_trigger_ui.py for tasks to queue
[2023-12-06T19:03:18.221+0000] {logging_mixin.py:154} INFO - [2023-12-06T19:03:18.221+0000] {dagbag.py:536} INFO - Filling up the DagBag from /usr/local/lib/python3.10/dist-packages/airflow/example_dags/example_params_trigger_ui.py
[2023-12-06T19:03:18.241+0000] {processor.py:839} INFO - DAG(s) dict_keys(['example_params_trigger_ui']) retrieved from /usr/local/lib/python3.10/dist-packages/airflow/example_dags/example_params_trigger_ui.py
[2023-12-06T19:03:18.288+0000] {logging_mixin.py:154} INFO - [2023-12-06T19:03:18.288+0000] {dag.py:2941} INFO - Sync 1 DAGs
[2023-12-06T19:03:18.301+0000] {logging_mixin.py:154} INFO - [2023-12-06T19:03:18.301+0000] {dag.py:3722} INFO - Setting next_dagrun for example_params_trigger_ui to None, run_after=None
[2023-12-06T19:03:18.325+0000] {processor.py:179} INFO - Processing /usr/local/lib/python3.10/dist-packages/airflow/example_dags/example_params_trigger_ui.py took 0.110 seconds
[2023-12-06T19:04:09.216+0000] {processor.py:157} INFO - Started process (PID=6641) to work on /usr/local/lib/python3.10/dist-packages/airflow/example_dags/example_params_trigger_ui.py
[2023-12-06T19:04:09.218+0000] {processor.py:829} INFO - Processing file /usr/local/lib/python3.10/dist-packages/airflow/example_dags/example_params_trigger_ui.py for tasks to queue
[2023-12-06T19:04:09.219+0000] {logging_mixin.py:154} INFO - [2023-12-06T19:04:09.218+0000] {dagbag.py:536} INFO - Filling up the DagBag from /usr/local/lib/python3.10/dist-packages/airflow/example_dags/example_params_trigger_ui.py
[2023-12-06T19:04:09.238+0000] {processor.py:839} INFO - DAG(s) dict_keys(['example_params_trigger_ui']) retrieved from /usr/local/lib/python3.10/dist-packages/airflow/example_dags/example_params_trigger_ui.py
[2023-12-06T19:04:09.296+0000] {logging_mixin.py:154} INFO - [2023-12-06T19:04:09.296+0000] {dag.py:2941} INFO - Sync 1 DAGs
[2023-12-06T19:04:09.308+0000] {logging_mixin.py:154} INFO - [2023-12-06T19:04:09.308+0000] {dag.py:3722} INFO - Setting next_dagrun for example_params_trigger_ui to None, run_after=None
[2023-12-06T19:04:09.332+0000] {processor.py:179} INFO - Processing /usr/local/lib/python3.10/dist-packages/airflow/example_dags/example_params_trigger_ui.py took 0.120 seconds
[2023-12-06T19:04:56.030+0000] {processor.py:157} INFO - Started process (PID=6852) to work on /usr/local/lib/python3.10/dist-packages/airflow/example_dags/example_params_trigger_ui.py
[2023-12-06T19:04:56.031+0000] {processor.py:829} INFO - Processing file /usr/local/lib/python3.10/dist-packages/airflow/example_dags/example_params_trigger_ui.py for tasks to queue
[2023-12-06T19:04:56.032+0000] {logging_mixin.py:154} INFO - [2023-12-06T19:04:56.032+0000] {dagbag.py:536} INFO - Filling up the DagBag from /usr/local/lib/python3.10/dist-packages/airflow/example_dags/example_params_trigger_ui.py
[2023-12-06T19:04:56.051+0000] {processor.py:839} INFO - DAG(s) dict_keys(['example_params_trigger_ui']) retrieved from /usr/local/lib/python3.10/dist-packages/airflow/example_dags/example_params_trigger_ui.py
[2023-12-06T19:04:56.098+0000] {logging_mixin.py:154} INFO - [2023-12-06T19:04:56.097+0000] {dag.py:2941} INFO - Sync 1 DAGs
[2023-12-06T19:04:56.110+0000] {logging_mixin.py:154} INFO - [2023-12-06T19:04:56.110+0000] {dag.py:3722} INFO - Setting next_dagrun for example_params_trigger_ui to None, run_after=None
[2023-12-06T19:04:56.133+0000] {processor.py:179} INFO - Processing /usr/local/lib/python3.10/dist-packages/airflow/example_dags/example_params_trigger_ui.py took 0.107 seconds
[2023-12-06T19:05:47.376+0000] {processor.py:157} INFO - Started process (PID=6909) to work on /usr/local/lib/python3.10/dist-packages/airflow/example_dags/example_params_trigger_ui.py
[2023-12-06T19:05:47.378+0000] {processor.py:829} INFO - Processing file /usr/local/lib/python3.10/dist-packages/airflow/example_dags/example_params_trigger_ui.py for tasks to queue
[2023-12-06T19:05:47.379+0000] {logging_mixin.py:154} INFO - [2023-12-06T19:05:47.378+0000] {dagbag.py:536} INFO - Filling up the DagBag from /usr/local/lib/python3.10/dist-packages/airflow/example_dags/example_params_trigger_ui.py
[2023-12-06T19:05:47.397+0000] {processor.py:839} INFO - DAG(s) dict_keys(['example_params_trigger_ui']) retrieved from /usr/local/lib/python3.10/dist-packages/airflow/example_dags/example_params_trigger_ui.py
[2023-12-06T19:05:47.443+0000] {logging_mixin.py:154} INFO - [2023-12-06T19:05:47.443+0000] {dag.py:2941} INFO - Sync 1 DAGs
[2023-12-06T19:05:47.457+0000] {logging_mixin.py:154} INFO - [2023-12-06T19:05:47.457+0000] {dag.py:3722} INFO - Setting next_dagrun for example_params_trigger_ui to None, run_after=None
[2023-12-06T19:05:47.480+0000] {processor.py:179} INFO - Processing /usr/local/lib/python3.10/dist-packages/airflow/example_dags/example_params_trigger_ui.py took 0.107 seconds
[2023-12-06T19:06:33.016+0000] {processor.py:157} INFO - Started process (PID=6957) to work on /usr/local/lib/python3.10/dist-packages/airflow/example_dags/example_params_trigger_ui.py
[2023-12-06T19:06:33.017+0000] {processor.py:829} INFO - Processing file /usr/local/lib/python3.10/dist-packages/airflow/example_dags/example_params_trigger_ui.py for tasks to queue
[2023-12-06T19:06:33.018+0000] {logging_mixin.py:154} INFO - [2023-12-06T19:06:33.018+0000] {dagbag.py:536} INFO - Filling up the DagBag from /usr/local/lib/python3.10/dist-packages/airflow/example_dags/example_params_trigger_ui.py
[2023-12-06T19:06:33.037+0000] {processor.py:839} INFO - DAG(s) dict_keys(['example_params_trigger_ui']) retrieved from /usr/local/lib/python3.10/dist-packages/airflow/example_dags/example_params_trigger_ui.py
[2023-12-06T19:06:33.083+0000] {logging_mixin.py:154} INFO - [2023-12-06T19:06:33.082+0000] {dag.py:2941} INFO - Sync 1 DAGs
[2023-12-06T19:06:33.095+0000] {logging_mixin.py:154} INFO - [2023-12-06T19:06:33.094+0000] {dag.py:3722} INFO - Setting next_dagrun for example_params_trigger_ui to None, run_after=None
[2023-12-06T19:06:33.118+0000] {processor.py:179} INFO - Processing /usr/local/lib/python3.10/dist-packages/airflow/example_dags/example_params_trigger_ui.py took 0.106 seconds
[2023-12-06T19:07:20.633+0000] {processor.py:157} INFO - Started process (PID=7004) to work on /usr/local/lib/python3.10/dist-packages/airflow/example_dags/example_params_trigger_ui.py
[2023-12-06T19:07:20.635+0000] {processor.py:829} INFO - Processing file /usr/local/lib/python3.10/dist-packages/airflow/example_dags/example_params_trigger_ui.py for tasks to queue
[2023-12-06T19:07:20.636+0000] {logging_mixin.py:154} INFO - [2023-12-06T19:07:20.636+0000] {dagbag.py:536} INFO - Filling up the DagBag from /usr/local/lib/python3.10/dist-packages/airflow/example_dags/example_params_trigger_ui.py
[2023-12-06T19:07:20.656+0000] {processor.py:839} INFO - DAG(s) dict_keys(['example_params_trigger_ui']) retrieved from /usr/local/lib/python3.10/dist-packages/airflow/example_dags/example_params_trigger_ui.py
[2023-12-06T19:07:20.702+0000] {logging_mixin.py:154} INFO - [2023-12-06T19:07:20.702+0000] {dag.py:2941} INFO - Sync 1 DAGs
[2023-12-06T19:07:20.716+0000] {logging_mixin.py:154} INFO - [2023-12-06T19:07:20.715+0000] {dag.py:3722} INFO - Setting next_dagrun for example_params_trigger_ui to None, run_after=None
[2023-12-06T19:07:20.746+0000] {processor.py:179} INFO - Processing /usr/local/lib/python3.10/dist-packages/airflow/example_dags/example_params_trigger_ui.py took 0.117 seconds
