[2023-12-06T18:22:11.622+0000] {processor.py:157} INFO - Started process (PID=3687) to work on /usr/local/lib/python3.10/dist-packages/airflow/example_dags/example_nested_branch_dag.py
[2023-12-06T18:22:11.623+0000] {processor.py:829} INFO - Processing file /usr/local/lib/python3.10/dist-packages/airflow/example_dags/example_nested_branch_dag.py for tasks to queue
[2023-12-06T18:22:11.624+0000] {logging_mixin.py:154} INFO - [2023-12-06T18:22:11.623+0000] {dagbag.py:536} INFO - Filling up the DagBag from /usr/local/lib/python3.10/dist-packages/airflow/example_dags/example_nested_branch_dag.py
[2023-12-06T18:22:11.635+0000] {processor.py:839} INFO - DAG(s) dict_keys(['example_nested_branch_dag']) retrieved from /usr/local/lib/python3.10/dist-packages/airflow/example_dags/example_nested_branch_dag.py
[2023-12-06T18:22:11.769+0000] {logging_mixin.py:154} INFO - [2023-12-06T18:22:11.769+0000] {manager.py:499} INFO - Created Permission View: %s
[2023-12-06T18:22:11.786+0000] {logging_mixin.py:154} INFO - [2023-12-06T18:22:11.786+0000] {manager.py:499} INFO - Created Permission View: %s
[2023-12-06T18:22:11.797+0000] {logging_mixin.py:154} INFO - [2023-12-06T18:22:11.797+0000] {manager.py:499} INFO - Created Permission View: %s
[2023-12-06T18:22:11.798+0000] {logging_mixin.py:154} INFO - [2023-12-06T18:22:11.798+0000] {dag.py:2941} INFO - Sync 1 DAGs
[2023-12-06T18:22:11.810+0000] {logging_mixin.py:154} INFO - [2023-12-06T18:22:11.810+0000] {dag.py:2963} INFO - Creating ORM DAG for example_nested_branch_dag
[2023-12-06T18:22:11.820+0000] {logging_mixin.py:154} INFO - [2023-12-06T18:22:11.820+0000] {dag.py:3722} INFO - Setting next_dagrun for example_nested_branch_dag to 2023-12-05T00:00:00+00:00, run_after=2023-12-06T00:00:00+00:00
[2023-12-06T18:22:11.847+0000] {processor.py:179} INFO - Processing /usr/local/lib/python3.10/dist-packages/airflow/example_dags/example_nested_branch_dag.py took 0.228 seconds
[2023-12-06T18:23:00.084+0000] {processor.py:157} INFO - Started process (PID=3738) to work on /usr/local/lib/python3.10/dist-packages/airflow/example_dags/example_nested_branch_dag.py
[2023-12-06T18:23:00.086+0000] {processor.py:829} INFO - Processing file /usr/local/lib/python3.10/dist-packages/airflow/example_dags/example_nested_branch_dag.py for tasks to queue
[2023-12-06T18:23:00.087+0000] {logging_mixin.py:154} INFO - [2023-12-06T18:23:00.086+0000] {dagbag.py:536} INFO - Filling up the DagBag from /usr/local/lib/python3.10/dist-packages/airflow/example_dags/example_nested_branch_dag.py
[2023-12-06T18:23:00.098+0000] {processor.py:839} INFO - DAG(s) dict_keys(['example_nested_branch_dag']) retrieved from /usr/local/lib/python3.10/dist-packages/airflow/example_dags/example_nested_branch_dag.py
[2023-12-06T18:23:00.118+0000] {logging_mixin.py:154} INFO - [2023-12-06T18:23:00.117+0000] {dag.py:2941} INFO - Sync 1 DAGs
[2023-12-06T18:23:00.140+0000] {logging_mixin.py:154} INFO - [2023-12-06T18:23:00.140+0000] {dag.py:3722} INFO - Setting next_dagrun for example_nested_branch_dag to 2023-12-05T00:00:00+00:00, run_after=2023-12-06T00:00:00+00:00
[2023-12-06T18:23:00.163+0000] {processor.py:179} INFO - Processing /usr/local/lib/python3.10/dist-packages/airflow/example_dags/example_nested_branch_dag.py took 0.082 seconds
[2023-12-06T18:23:45.060+0000] {processor.py:157} INFO - Started process (PID=3784) to work on /usr/local/lib/python3.10/dist-packages/airflow/example_dags/example_nested_branch_dag.py
[2023-12-06T18:23:45.061+0000] {processor.py:829} INFO - Processing file /usr/local/lib/python3.10/dist-packages/airflow/example_dags/example_nested_branch_dag.py for tasks to queue
[2023-12-06T18:23:45.062+0000] {logging_mixin.py:154} INFO - [2023-12-06T18:23:45.062+0000] {dagbag.py:536} INFO - Filling up the DagBag from /usr/local/lib/python3.10/dist-packages/airflow/example_dags/example_nested_branch_dag.py
[2023-12-06T18:23:45.074+0000] {processor.py:839} INFO - DAG(s) dict_keys(['example_nested_branch_dag']) retrieved from /usr/local/lib/python3.10/dist-packages/airflow/example_dags/example_nested_branch_dag.py
[2023-12-06T18:23:45.093+0000] {logging_mixin.py:154} INFO - [2023-12-06T18:23:45.092+0000] {dag.py:2941} INFO - Sync 1 DAGs
[2023-12-06T18:23:45.115+0000] {logging_mixin.py:154} INFO - [2023-12-06T18:23:45.115+0000] {dag.py:3722} INFO - Setting next_dagrun for example_nested_branch_dag to 2023-12-05T00:00:00+00:00, run_after=2023-12-06T00:00:00+00:00
[2023-12-06T18:23:45.139+0000] {processor.py:179} INFO - Processing /usr/local/lib/python3.10/dist-packages/airflow/example_dags/example_nested_branch_dag.py took 0.082 seconds
[2023-12-06T18:24:35.438+0000] {processor.py:157} INFO - Started process (PID=3834) to work on /usr/local/lib/python3.10/dist-packages/airflow/example_dags/example_nested_branch_dag.py
[2023-12-06T18:24:35.440+0000] {processor.py:829} INFO - Processing file /usr/local/lib/python3.10/dist-packages/airflow/example_dags/example_nested_branch_dag.py for tasks to queue
[2023-12-06T18:24:35.441+0000] {logging_mixin.py:154} INFO - [2023-12-06T18:24:35.441+0000] {dagbag.py:536} INFO - Filling up the DagBag from /usr/local/lib/python3.10/dist-packages/airflow/example_dags/example_nested_branch_dag.py
[2023-12-06T18:24:35.453+0000] {processor.py:839} INFO - DAG(s) dict_keys(['example_nested_branch_dag']) retrieved from /usr/local/lib/python3.10/dist-packages/airflow/example_dags/example_nested_branch_dag.py
[2023-12-06T18:24:35.471+0000] {logging_mixin.py:154} INFO - [2023-12-06T18:24:35.471+0000] {dag.py:2941} INFO - Sync 1 DAGs
[2023-12-06T18:24:35.493+0000] {logging_mixin.py:154} INFO - [2023-12-06T18:24:35.493+0000] {dag.py:3722} INFO - Setting next_dagrun for example_nested_branch_dag to 2023-12-05T00:00:00+00:00, run_after=2023-12-06T00:00:00+00:00
[2023-12-06T18:24:35.516+0000] {processor.py:179} INFO - Processing /usr/local/lib/python3.10/dist-packages/airflow/example_dags/example_nested_branch_dag.py took 0.082 seconds
[2023-12-06T18:25:23.073+0000] {processor.py:157} INFO - Started process (PID=3885) to work on /usr/local/lib/python3.10/dist-packages/airflow/example_dags/example_nested_branch_dag.py
[2023-12-06T18:25:23.074+0000] {processor.py:829} INFO - Processing file /usr/local/lib/python3.10/dist-packages/airflow/example_dags/example_nested_branch_dag.py for tasks to queue
[2023-12-06T18:25:23.075+0000] {logging_mixin.py:154} INFO - [2023-12-06T18:25:23.075+0000] {dagbag.py:536} INFO - Filling up the DagBag from /usr/local/lib/python3.10/dist-packages/airflow/example_dags/example_nested_branch_dag.py
[2023-12-06T18:25:23.089+0000] {processor.py:839} INFO - DAG(s) dict_keys(['example_nested_branch_dag']) retrieved from /usr/local/lib/python3.10/dist-packages/airflow/example_dags/example_nested_branch_dag.py
[2023-12-06T18:25:23.108+0000] {logging_mixin.py:154} INFO - [2023-12-06T18:25:23.108+0000] {dag.py:2941} INFO - Sync 1 DAGs
[2023-12-06T18:25:23.132+0000] {logging_mixin.py:154} INFO - [2023-12-06T18:25:23.132+0000] {dag.py:3722} INFO - Setting next_dagrun for example_nested_branch_dag to 2023-12-05T00:00:00+00:00, run_after=2023-12-06T00:00:00+00:00
[2023-12-06T18:25:23.158+0000] {processor.py:179} INFO - Processing /usr/local/lib/python3.10/dist-packages/airflow/example_dags/example_nested_branch_dag.py took 0.089 seconds
[2023-12-06T18:26:10.778+0000] {processor.py:157} INFO - Started process (PID=3936) to work on /usr/local/lib/python3.10/dist-packages/airflow/example_dags/example_nested_branch_dag.py
[2023-12-06T18:26:10.779+0000] {processor.py:829} INFO - Processing file /usr/local/lib/python3.10/dist-packages/airflow/example_dags/example_nested_branch_dag.py for tasks to queue
[2023-12-06T18:26:10.780+0000] {logging_mixin.py:154} INFO - [2023-12-06T18:26:10.780+0000] {dagbag.py:536} INFO - Filling up the DagBag from /usr/local/lib/python3.10/dist-packages/airflow/example_dags/example_nested_branch_dag.py
[2023-12-06T18:26:10.792+0000] {processor.py:839} INFO - DAG(s) dict_keys(['example_nested_branch_dag']) retrieved from /usr/local/lib/python3.10/dist-packages/airflow/example_dags/example_nested_branch_dag.py
[2023-12-06T18:26:10.818+0000] {logging_mixin.py:154} INFO - [2023-12-06T18:26:10.818+0000] {dag.py:2941} INFO - Sync 1 DAGs
[2023-12-06T18:26:10.840+0000] {logging_mixin.py:154} INFO - [2023-12-06T18:26:10.839+0000] {dag.py:3722} INFO - Setting next_dagrun for example_nested_branch_dag to 2023-12-05T00:00:00+00:00, run_after=2023-12-06T00:00:00+00:00
[2023-12-06T18:26:10.863+0000] {processor.py:179} INFO - Processing /usr/local/lib/python3.10/dist-packages/airflow/example_dags/example_nested_branch_dag.py took 0.088 seconds
[2023-12-06T18:26:57.560+0000] {processor.py:157} INFO - Started process (PID=3985) to work on /usr/local/lib/python3.10/dist-packages/airflow/example_dags/example_nested_branch_dag.py
[2023-12-06T18:26:57.561+0000] {processor.py:829} INFO - Processing file /usr/local/lib/python3.10/dist-packages/airflow/example_dags/example_nested_branch_dag.py for tasks to queue
[2023-12-06T18:26:57.562+0000] {logging_mixin.py:154} INFO - [2023-12-06T18:26:57.562+0000] {dagbag.py:536} INFO - Filling up the DagBag from /usr/local/lib/python3.10/dist-packages/airflow/example_dags/example_nested_branch_dag.py
[2023-12-06T18:26:57.573+0000] {processor.py:839} INFO - DAG(s) dict_keys(['example_nested_branch_dag']) retrieved from /usr/local/lib/python3.10/dist-packages/airflow/example_dags/example_nested_branch_dag.py
[2023-12-06T18:26:57.592+0000] {logging_mixin.py:154} INFO - [2023-12-06T18:26:57.592+0000] {dag.py:2941} INFO - Sync 1 DAGs
[2023-12-06T18:26:57.615+0000] {logging_mixin.py:154} INFO - [2023-12-06T18:26:57.615+0000] {dag.py:3722} INFO - Setting next_dagrun for example_nested_branch_dag to 2023-12-05T00:00:00+00:00, run_after=2023-12-06T00:00:00+00:00
[2023-12-06T18:26:57.636+0000] {processor.py:179} INFO - Processing /usr/local/lib/python3.10/dist-packages/airflow/example_dags/example_nested_branch_dag.py took 0.080 seconds
[2023-12-06T18:27:43.118+0000] {processor.py:157} INFO - Started process (PID=4031) to work on /usr/local/lib/python3.10/dist-packages/airflow/example_dags/example_nested_branch_dag.py
[2023-12-06T18:27:43.125+0000] {processor.py:829} INFO - Processing file /usr/local/lib/python3.10/dist-packages/airflow/example_dags/example_nested_branch_dag.py for tasks to queue
[2023-12-06T18:27:43.126+0000] {logging_mixin.py:154} INFO - [2023-12-06T18:27:43.125+0000] {dagbag.py:536} INFO - Filling up the DagBag from /usr/local/lib/python3.10/dist-packages/airflow/example_dags/example_nested_branch_dag.py
[2023-12-06T18:27:43.137+0000] {processor.py:839} INFO - DAG(s) dict_keys(['example_nested_branch_dag']) retrieved from /usr/local/lib/python3.10/dist-packages/airflow/example_dags/example_nested_branch_dag.py
[2023-12-06T18:27:43.157+0000] {logging_mixin.py:154} INFO - [2023-12-06T18:27:43.156+0000] {dag.py:2941} INFO - Sync 1 DAGs
[2023-12-06T18:27:43.179+0000] {logging_mixin.py:154} INFO - [2023-12-06T18:27:43.178+0000] {dag.py:3722} INFO - Setting next_dagrun for example_nested_branch_dag to 2023-12-05T00:00:00+00:00, run_after=2023-12-06T00:00:00+00:00
[2023-12-06T18:27:43.200+0000] {processor.py:179} INFO - Processing /usr/local/lib/python3.10/dist-packages/airflow/example_dags/example_nested_branch_dag.py took 0.085 seconds
[2023-12-06T18:28:26.012+0000] {processor.py:157} INFO - Started process (PID=4077) to work on /usr/local/lib/python3.10/dist-packages/airflow/example_dags/example_nested_branch_dag.py
[2023-12-06T18:28:26.014+0000] {processor.py:829} INFO - Processing file /usr/local/lib/python3.10/dist-packages/airflow/example_dags/example_nested_branch_dag.py for tasks to queue
[2023-12-06T18:28:26.014+0000] {logging_mixin.py:154} INFO - [2023-12-06T18:28:26.014+0000] {dagbag.py:536} INFO - Filling up the DagBag from /usr/local/lib/python3.10/dist-packages/airflow/example_dags/example_nested_branch_dag.py
[2023-12-06T18:28:26.026+0000] {processor.py:839} INFO - DAG(s) dict_keys(['example_nested_branch_dag']) retrieved from /usr/local/lib/python3.10/dist-packages/airflow/example_dags/example_nested_branch_dag.py
[2023-12-06T18:28:26.045+0000] {logging_mixin.py:154} INFO - [2023-12-06T18:28:26.045+0000] {dag.py:2941} INFO - Sync 1 DAGs
[2023-12-06T18:28:26.067+0000] {logging_mixin.py:154} INFO - [2023-12-06T18:28:26.067+0000] {dag.py:3722} INFO - Setting next_dagrun for example_nested_branch_dag to 2023-12-05T00:00:00+00:00, run_after=2023-12-06T00:00:00+00:00
[2023-12-06T18:28:26.098+0000] {processor.py:179} INFO - Processing /usr/local/lib/python3.10/dist-packages/airflow/example_dags/example_nested_branch_dag.py took 0.089 seconds
[2023-12-06T18:29:14.693+0000] {processor.py:157} INFO - Started process (PID=4128) to work on /usr/local/lib/python3.10/dist-packages/airflow/example_dags/example_nested_branch_dag.py
[2023-12-06T18:29:14.695+0000] {processor.py:829} INFO - Processing file /usr/local/lib/python3.10/dist-packages/airflow/example_dags/example_nested_branch_dag.py for tasks to queue
[2023-12-06T18:29:14.696+0000] {logging_mixin.py:154} INFO - [2023-12-06T18:29:14.695+0000] {dagbag.py:536} INFO - Filling up the DagBag from /usr/local/lib/python3.10/dist-packages/airflow/example_dags/example_nested_branch_dag.py
[2023-12-06T18:29:14.707+0000] {processor.py:839} INFO - DAG(s) dict_keys(['example_nested_branch_dag']) retrieved from /usr/local/lib/python3.10/dist-packages/airflow/example_dags/example_nested_branch_dag.py
[2023-12-06T18:29:14.726+0000] {logging_mixin.py:154} INFO - [2023-12-06T18:29:14.725+0000] {dag.py:2941} INFO - Sync 1 DAGs
[2023-12-06T18:29:14.747+0000] {logging_mixin.py:154} INFO - [2023-12-06T18:29:14.747+0000] {dag.py:3722} INFO - Setting next_dagrun for example_nested_branch_dag to 2023-12-05T00:00:00+00:00, run_after=2023-12-06T00:00:00+00:00
[2023-12-06T18:29:14.770+0000] {processor.py:179} INFO - Processing /usr/local/lib/python3.10/dist-packages/airflow/example_dags/example_nested_branch_dag.py took 0.080 seconds
[2023-12-06T18:29:58.483+0000] {processor.py:157} INFO - Started process (PID=4174) to work on /usr/local/lib/python3.10/dist-packages/airflow/example_dags/example_nested_branch_dag.py
[2023-12-06T18:29:58.485+0000] {processor.py:829} INFO - Processing file /usr/local/lib/python3.10/dist-packages/airflow/example_dags/example_nested_branch_dag.py for tasks to queue
[2023-12-06T18:29:58.485+0000] {logging_mixin.py:154} INFO - [2023-12-06T18:29:58.485+0000] {dagbag.py:536} INFO - Filling up the DagBag from /usr/local/lib/python3.10/dist-packages/airflow/example_dags/example_nested_branch_dag.py
[2023-12-06T18:29:58.497+0000] {processor.py:839} INFO - DAG(s) dict_keys(['example_nested_branch_dag']) retrieved from /usr/local/lib/python3.10/dist-packages/airflow/example_dags/example_nested_branch_dag.py
[2023-12-06T18:29:58.516+0000] {logging_mixin.py:154} INFO - [2023-12-06T18:29:58.515+0000] {dag.py:2941} INFO - Sync 1 DAGs
[2023-12-06T18:29:58.538+0000] {logging_mixin.py:154} INFO - [2023-12-06T18:29:58.537+0000] {dag.py:3722} INFO - Setting next_dagrun for example_nested_branch_dag to 2023-12-05T00:00:00+00:00, run_after=2023-12-06T00:00:00+00:00
[2023-12-06T18:29:58.559+0000] {processor.py:179} INFO - Processing /usr/local/lib/python3.10/dist-packages/airflow/example_dags/example_nested_branch_dag.py took 0.079 seconds
[2023-12-06T18:30:43.777+0000] {processor.py:157} INFO - Started process (PID=4221) to work on /usr/local/lib/python3.10/dist-packages/airflow/example_dags/example_nested_branch_dag.py
[2023-12-06T18:30:43.778+0000] {processor.py:829} INFO - Processing file /usr/local/lib/python3.10/dist-packages/airflow/example_dags/example_nested_branch_dag.py for tasks to queue
[2023-12-06T18:30:43.779+0000] {logging_mixin.py:154} INFO - [2023-12-06T18:30:43.779+0000] {dagbag.py:536} INFO - Filling up the DagBag from /usr/local/lib/python3.10/dist-packages/airflow/example_dags/example_nested_branch_dag.py
[2023-12-06T18:30:43.790+0000] {processor.py:839} INFO - DAG(s) dict_keys(['example_nested_branch_dag']) retrieved from /usr/local/lib/python3.10/dist-packages/airflow/example_dags/example_nested_branch_dag.py
[2023-12-06T18:30:43.810+0000] {logging_mixin.py:154} INFO - [2023-12-06T18:30:43.809+0000] {dag.py:2941} INFO - Sync 1 DAGs
[2023-12-06T18:30:43.832+0000] {logging_mixin.py:154} INFO - [2023-12-06T18:30:43.831+0000] {dag.py:3722} INFO - Setting next_dagrun for example_nested_branch_dag to 2023-12-05T00:00:00+00:00, run_after=2023-12-06T00:00:00+00:00
[2023-12-06T18:30:43.853+0000] {processor.py:179} INFO - Processing /usr/local/lib/python3.10/dist-packages/airflow/example_dags/example_nested_branch_dag.py took 0.080 seconds
[2023-12-06T18:31:26.896+0000] {processor.py:157} INFO - Started process (PID=4266) to work on /usr/local/lib/python3.10/dist-packages/airflow/example_dags/example_nested_branch_dag.py
[2023-12-06T18:31:26.897+0000] {processor.py:829} INFO - Processing file /usr/local/lib/python3.10/dist-packages/airflow/example_dags/example_nested_branch_dag.py for tasks to queue
[2023-12-06T18:31:26.898+0000] {logging_mixin.py:154} INFO - [2023-12-06T18:31:26.898+0000] {dagbag.py:536} INFO - Filling up the DagBag from /usr/local/lib/python3.10/dist-packages/airflow/example_dags/example_nested_branch_dag.py
[2023-12-06T18:31:26.910+0000] {processor.py:839} INFO - DAG(s) dict_keys(['example_nested_branch_dag']) retrieved from /usr/local/lib/python3.10/dist-packages/airflow/example_dags/example_nested_branch_dag.py
[2023-12-06T18:31:26.929+0000] {logging_mixin.py:154} INFO - [2023-12-06T18:31:26.929+0000] {dag.py:2941} INFO - Sync 1 DAGs
[2023-12-06T18:31:26.952+0000] {logging_mixin.py:154} INFO - [2023-12-06T18:31:26.952+0000] {dag.py:3722} INFO - Setting next_dagrun for example_nested_branch_dag to 2023-12-05T00:00:00+00:00, run_after=2023-12-06T00:00:00+00:00
[2023-12-06T18:31:26.973+0000] {processor.py:179} INFO - Processing /usr/local/lib/python3.10/dist-packages/airflow/example_dags/example_nested_branch_dag.py took 0.081 seconds
[2023-12-06T18:32:09.107+0000] {processor.py:157} INFO - Started process (PID=4312) to work on /usr/local/lib/python3.10/dist-packages/airflow/example_dags/example_nested_branch_dag.py
[2023-12-06T18:32:09.113+0000] {processor.py:829} INFO - Processing file /usr/local/lib/python3.10/dist-packages/airflow/example_dags/example_nested_branch_dag.py for tasks to queue
[2023-12-06T18:32:09.114+0000] {logging_mixin.py:154} INFO - [2023-12-06T18:32:09.114+0000] {dagbag.py:536} INFO - Filling up the DagBag from /usr/local/lib/python3.10/dist-packages/airflow/example_dags/example_nested_branch_dag.py
[2023-12-06T18:32:09.134+0000] {processor.py:839} INFO - DAG(s) dict_keys(['example_nested_branch_dag']) retrieved from /usr/local/lib/python3.10/dist-packages/airflow/example_dags/example_nested_branch_dag.py
[2023-12-06T18:32:09.153+0000] {logging_mixin.py:154} INFO - [2023-12-06T18:32:09.153+0000] {dag.py:2941} INFO - Sync 1 DAGs
[2023-12-06T18:32:09.177+0000] {logging_mixin.py:154} INFO - [2023-12-06T18:32:09.177+0000] {dag.py:3722} INFO - Setting next_dagrun for example_nested_branch_dag to 2023-12-05T00:00:00+00:00, run_after=2023-12-06T00:00:00+00:00
[2023-12-06T18:32:09.202+0000] {processor.py:179} INFO - Processing /usr/local/lib/python3.10/dist-packages/airflow/example_dags/example_nested_branch_dag.py took 0.099 seconds
[2023-12-06T18:32:54.181+0000] {processor.py:157} INFO - Started process (PID=4357) to work on /usr/local/lib/python3.10/dist-packages/airflow/example_dags/example_nested_branch_dag.py
[2023-12-06T18:32:54.182+0000] {processor.py:829} INFO - Processing file /usr/local/lib/python3.10/dist-packages/airflow/example_dags/example_nested_branch_dag.py for tasks to queue
[2023-12-06T18:32:54.183+0000] {logging_mixin.py:154} INFO - [2023-12-06T18:32:54.183+0000] {dagbag.py:536} INFO - Filling up the DagBag from /usr/local/lib/python3.10/dist-packages/airflow/example_dags/example_nested_branch_dag.py
[2023-12-06T18:32:54.194+0000] {processor.py:839} INFO - DAG(s) dict_keys(['example_nested_branch_dag']) retrieved from /usr/local/lib/python3.10/dist-packages/airflow/example_dags/example_nested_branch_dag.py
[2023-12-06T18:32:54.213+0000] {logging_mixin.py:154} INFO - [2023-12-06T18:32:54.213+0000] {dag.py:2941} INFO - Sync 1 DAGs
[2023-12-06T18:32:54.235+0000] {logging_mixin.py:154} INFO - [2023-12-06T18:32:54.235+0000] {dag.py:3722} INFO - Setting next_dagrun for example_nested_branch_dag to 2023-12-05T00:00:00+00:00, run_after=2023-12-06T00:00:00+00:00
[2023-12-06T18:32:54.258+0000] {processor.py:179} INFO - Processing /usr/local/lib/python3.10/dist-packages/airflow/example_dags/example_nested_branch_dag.py took 0.081 seconds
[2023-12-06T18:33:42.139+0000] {processor.py:157} INFO - Started process (PID=4405) to work on /usr/local/lib/python3.10/dist-packages/airflow/example_dags/example_nested_branch_dag.py
[2023-12-06T18:33:42.141+0000] {processor.py:829} INFO - Processing file /usr/local/lib/python3.10/dist-packages/airflow/example_dags/example_nested_branch_dag.py for tasks to queue
[2023-12-06T18:33:42.142+0000] {logging_mixin.py:154} INFO - [2023-12-06T18:33:42.141+0000] {dagbag.py:536} INFO - Filling up the DagBag from /usr/local/lib/python3.10/dist-packages/airflow/example_dags/example_nested_branch_dag.py
[2023-12-06T18:33:42.153+0000] {processor.py:839} INFO - DAG(s) dict_keys(['example_nested_branch_dag']) retrieved from /usr/local/lib/python3.10/dist-packages/airflow/example_dags/example_nested_branch_dag.py
[2023-12-06T18:33:42.172+0000] {logging_mixin.py:154} INFO - [2023-12-06T18:33:42.172+0000] {dag.py:2941} INFO - Sync 1 DAGs
[2023-12-06T18:33:42.195+0000] {logging_mixin.py:154} INFO - [2023-12-06T18:33:42.195+0000] {dag.py:3722} INFO - Setting next_dagrun for example_nested_branch_dag to 2023-12-05T00:00:00+00:00, run_after=2023-12-06T00:00:00+00:00
[2023-12-06T18:33:42.218+0000] {processor.py:179} INFO - Processing /usr/local/lib/python3.10/dist-packages/airflow/example_dags/example_nested_branch_dag.py took 0.082 seconds
[2023-12-06T18:34:29.526+0000] {processor.py:157} INFO - Started process (PID=4453) to work on /usr/local/lib/python3.10/dist-packages/airflow/example_dags/example_nested_branch_dag.py
[2023-12-06T18:34:29.528+0000] {processor.py:829} INFO - Processing file /usr/local/lib/python3.10/dist-packages/airflow/example_dags/example_nested_branch_dag.py for tasks to queue
[2023-12-06T18:34:29.528+0000] {logging_mixin.py:154} INFO - [2023-12-06T18:34:29.528+0000] {dagbag.py:536} INFO - Filling up the DagBag from /usr/local/lib/python3.10/dist-packages/airflow/example_dags/example_nested_branch_dag.py
[2023-12-06T18:34:29.540+0000] {processor.py:839} INFO - DAG(s) dict_keys(['example_nested_branch_dag']) retrieved from /usr/local/lib/python3.10/dist-packages/airflow/example_dags/example_nested_branch_dag.py
[2023-12-06T18:34:29.559+0000] {logging_mixin.py:154} INFO - [2023-12-06T18:34:29.558+0000] {dag.py:2941} INFO - Sync 1 DAGs
[2023-12-06T18:34:29.581+0000] {logging_mixin.py:154} INFO - [2023-12-06T18:34:29.580+0000] {dag.py:3722} INFO - Setting next_dagrun for example_nested_branch_dag to 2023-12-05T00:00:00+00:00, run_after=2023-12-06T00:00:00+00:00
[2023-12-06T18:34:29.603+0000] {processor.py:179} INFO - Processing /usr/local/lib/python3.10/dist-packages/airflow/example_dags/example_nested_branch_dag.py took 0.081 seconds
[2023-12-06T18:35:13.610+0000] {processor.py:157} INFO - Started process (PID=4499) to work on /usr/local/lib/python3.10/dist-packages/airflow/example_dags/example_nested_branch_dag.py
[2023-12-06T18:35:13.612+0000] {processor.py:829} INFO - Processing file /usr/local/lib/python3.10/dist-packages/airflow/example_dags/example_nested_branch_dag.py for tasks to queue
[2023-12-06T18:35:13.613+0000] {logging_mixin.py:154} INFO - [2023-12-06T18:35:13.612+0000] {dagbag.py:536} INFO - Filling up the DagBag from /usr/local/lib/python3.10/dist-packages/airflow/example_dags/example_nested_branch_dag.py
[2023-12-06T18:35:13.624+0000] {processor.py:839} INFO - DAG(s) dict_keys(['example_nested_branch_dag']) retrieved from /usr/local/lib/python3.10/dist-packages/airflow/example_dags/example_nested_branch_dag.py
[2023-12-06T18:35:13.644+0000] {logging_mixin.py:154} INFO - [2023-12-06T18:35:13.644+0000] {dag.py:2941} INFO - Sync 1 DAGs
[2023-12-06T18:35:13.667+0000] {logging_mixin.py:154} INFO - [2023-12-06T18:35:13.666+0000] {dag.py:3722} INFO - Setting next_dagrun for example_nested_branch_dag to 2023-12-05T00:00:00+00:00, run_after=2023-12-06T00:00:00+00:00
[2023-12-06T18:35:13.690+0000] {processor.py:179} INFO - Processing /usr/local/lib/python3.10/dist-packages/airflow/example_dags/example_nested_branch_dag.py took 0.084 seconds
[2023-12-06T18:36:00.259+0000] {processor.py:157} INFO - Started process (PID=4548) to work on /usr/local/lib/python3.10/dist-packages/airflow/example_dags/example_nested_branch_dag.py
[2023-12-06T18:36:00.260+0000] {processor.py:829} INFO - Processing file /usr/local/lib/python3.10/dist-packages/airflow/example_dags/example_nested_branch_dag.py for tasks to queue
[2023-12-06T18:36:00.261+0000] {logging_mixin.py:154} INFO - [2023-12-06T18:36:00.260+0000] {dagbag.py:536} INFO - Filling up the DagBag from /usr/local/lib/python3.10/dist-packages/airflow/example_dags/example_nested_branch_dag.py
[2023-12-06T18:36:00.273+0000] {processor.py:839} INFO - DAG(s) dict_keys(['example_nested_branch_dag']) retrieved from /usr/local/lib/python3.10/dist-packages/airflow/example_dags/example_nested_branch_dag.py
[2023-12-06T18:36:00.292+0000] {logging_mixin.py:154} INFO - [2023-12-06T18:36:00.292+0000] {dag.py:2941} INFO - Sync 1 DAGs
[2023-12-06T18:36:00.314+0000] {logging_mixin.py:154} INFO - [2023-12-06T18:36:00.314+0000] {dag.py:3722} INFO - Setting next_dagrun for example_nested_branch_dag to 2023-12-05T00:00:00+00:00, run_after=2023-12-06T00:00:00+00:00
[2023-12-06T18:36:00.338+0000] {processor.py:179} INFO - Processing /usr/local/lib/python3.10/dist-packages/airflow/example_dags/example_nested_branch_dag.py took 0.083 seconds
[2023-12-06T18:36:46.854+0000] {processor.py:157} INFO - Started process (PID=4596) to work on /usr/local/lib/python3.10/dist-packages/airflow/example_dags/example_nested_branch_dag.py
[2023-12-06T18:36:46.856+0000] {processor.py:829} INFO - Processing file /usr/local/lib/python3.10/dist-packages/airflow/example_dags/example_nested_branch_dag.py for tasks to queue
[2023-12-06T18:36:46.857+0000] {logging_mixin.py:154} INFO - [2023-12-06T18:36:46.856+0000] {dagbag.py:536} INFO - Filling up the DagBag from /usr/local/lib/python3.10/dist-packages/airflow/example_dags/example_nested_branch_dag.py
[2023-12-06T18:36:46.868+0000] {processor.py:839} INFO - DAG(s) dict_keys(['example_nested_branch_dag']) retrieved from /usr/local/lib/python3.10/dist-packages/airflow/example_dags/example_nested_branch_dag.py
[2023-12-06T18:36:46.887+0000] {logging_mixin.py:154} INFO - [2023-12-06T18:36:46.886+0000] {dag.py:2941} INFO - Sync 1 DAGs
[2023-12-06T18:36:46.909+0000] {logging_mixin.py:154} INFO - [2023-12-06T18:36:46.909+0000] {dag.py:3722} INFO - Setting next_dagrun for example_nested_branch_dag to 2023-12-05T00:00:00+00:00, run_after=2023-12-06T00:00:00+00:00
[2023-12-06T18:36:46.939+0000] {processor.py:179} INFO - Processing /usr/local/lib/python3.10/dist-packages/airflow/example_dags/example_nested_branch_dag.py took 0.089 seconds
[2023-12-06T18:37:32.587+0000] {processor.py:157} INFO - Started process (PID=4643) to work on /usr/local/lib/python3.10/dist-packages/airflow/example_dags/example_nested_branch_dag.py
[2023-12-06T18:37:32.588+0000] {processor.py:829} INFO - Processing file /usr/local/lib/python3.10/dist-packages/airflow/example_dags/example_nested_branch_dag.py for tasks to queue
[2023-12-06T18:37:32.589+0000] {logging_mixin.py:154} INFO - [2023-12-06T18:37:32.589+0000] {dagbag.py:536} INFO - Filling up the DagBag from /usr/local/lib/python3.10/dist-packages/airflow/example_dags/example_nested_branch_dag.py
[2023-12-06T18:37:32.601+0000] {processor.py:839} INFO - DAG(s) dict_keys(['example_nested_branch_dag']) retrieved from /usr/local/lib/python3.10/dist-packages/airflow/example_dags/example_nested_branch_dag.py
[2023-12-06T18:37:32.620+0000] {logging_mixin.py:154} INFO - [2023-12-06T18:37:32.620+0000] {dag.py:2941} INFO - Sync 1 DAGs
[2023-12-06T18:37:32.642+0000] {logging_mixin.py:154} INFO - [2023-12-06T18:37:32.642+0000] {dag.py:3722} INFO - Setting next_dagrun for example_nested_branch_dag to 2023-12-05T00:00:00+00:00, run_after=2023-12-06T00:00:00+00:00
[2023-12-06T18:37:32.665+0000] {processor.py:179} INFO - Processing /usr/local/lib/python3.10/dist-packages/airflow/example_dags/example_nested_branch_dag.py took 0.082 seconds
[2023-12-06T18:38:18.974+0000] {processor.py:157} INFO - Started process (PID=4690) to work on /usr/local/lib/python3.10/dist-packages/airflow/example_dags/example_nested_branch_dag.py
[2023-12-06T18:38:18.975+0000] {processor.py:829} INFO - Processing file /usr/local/lib/python3.10/dist-packages/airflow/example_dags/example_nested_branch_dag.py for tasks to queue
[2023-12-06T18:38:18.976+0000] {logging_mixin.py:154} INFO - [2023-12-06T18:38:18.976+0000] {dagbag.py:536} INFO - Filling up the DagBag from /usr/local/lib/python3.10/dist-packages/airflow/example_dags/example_nested_branch_dag.py
[2023-12-06T18:38:18.987+0000] {processor.py:839} INFO - DAG(s) dict_keys(['example_nested_branch_dag']) retrieved from /usr/local/lib/python3.10/dist-packages/airflow/example_dags/example_nested_branch_dag.py
[2023-12-06T18:38:19.007+0000] {logging_mixin.py:154} INFO - [2023-12-06T18:38:19.007+0000] {dag.py:2941} INFO - Sync 1 DAGs
[2023-12-06T18:38:19.029+0000] {logging_mixin.py:154} INFO - [2023-12-06T18:38:19.029+0000] {dag.py:3722} INFO - Setting next_dagrun for example_nested_branch_dag to 2023-12-05T00:00:00+00:00, run_after=2023-12-06T00:00:00+00:00
[2023-12-06T18:38:19.058+0000] {processor.py:179} INFO - Processing /usr/local/lib/python3.10/dist-packages/airflow/example_dags/example_nested_branch_dag.py took 0.088 seconds
[2023-12-06T18:39:08.156+0000] {processor.py:157} INFO - Started process (PID=4739) to work on /usr/local/lib/python3.10/dist-packages/airflow/example_dags/example_nested_branch_dag.py
[2023-12-06T18:39:08.162+0000] {processor.py:829} INFO - Processing file /usr/local/lib/python3.10/dist-packages/airflow/example_dags/example_nested_branch_dag.py for tasks to queue
[2023-12-06T18:39:08.162+0000] {logging_mixin.py:154} INFO - [2023-12-06T18:39:08.162+0000] {dagbag.py:536} INFO - Filling up the DagBag from /usr/local/lib/python3.10/dist-packages/airflow/example_dags/example_nested_branch_dag.py
[2023-12-06T18:39:08.176+0000] {processor.py:839} INFO - DAG(s) dict_keys(['example_nested_branch_dag']) retrieved from /usr/local/lib/python3.10/dist-packages/airflow/example_dags/example_nested_branch_dag.py
[2023-12-06T18:39:08.195+0000] {logging_mixin.py:154} INFO - [2023-12-06T18:39:08.195+0000] {dag.py:2941} INFO - Sync 1 DAGs
[2023-12-06T18:39:08.217+0000] {logging_mixin.py:154} INFO - [2023-12-06T18:39:08.217+0000] {dag.py:3722} INFO - Setting next_dagrun for example_nested_branch_dag to 2023-12-05T00:00:00+00:00, run_after=2023-12-06T00:00:00+00:00
[2023-12-06T18:39:08.239+0000] {processor.py:179} INFO - Processing /usr/local/lib/python3.10/dist-packages/airflow/example_dags/example_nested_branch_dag.py took 0.087 seconds
[2023-12-06T18:39:54.996+0000] {processor.py:157} INFO - Started process (PID=4787) to work on /usr/local/lib/python3.10/dist-packages/airflow/example_dags/example_nested_branch_dag.py
[2023-12-06T18:39:54.998+0000] {processor.py:829} INFO - Processing file /usr/local/lib/python3.10/dist-packages/airflow/example_dags/example_nested_branch_dag.py for tasks to queue
[2023-12-06T18:39:54.999+0000] {logging_mixin.py:154} INFO - [2023-12-06T18:39:54.998+0000] {dagbag.py:536} INFO - Filling up the DagBag from /usr/local/lib/python3.10/dist-packages/airflow/example_dags/example_nested_branch_dag.py
[2023-12-06T18:39:55.010+0000] {processor.py:839} INFO - DAG(s) dict_keys(['example_nested_branch_dag']) retrieved from /usr/local/lib/python3.10/dist-packages/airflow/example_dags/example_nested_branch_dag.py
[2023-12-06T18:39:55.029+0000] {logging_mixin.py:154} INFO - [2023-12-06T18:39:55.029+0000] {dag.py:2941} INFO - Sync 1 DAGs
[2023-12-06T18:39:55.051+0000] {logging_mixin.py:154} INFO - [2023-12-06T18:39:55.051+0000] {dag.py:3722} INFO - Setting next_dagrun for example_nested_branch_dag to 2023-12-05T00:00:00+00:00, run_after=2023-12-06T00:00:00+00:00
[2023-12-06T18:39:55.076+0000] {processor.py:179} INFO - Processing /usr/local/lib/python3.10/dist-packages/airflow/example_dags/example_nested_branch_dag.py took 0.084 seconds
[2023-12-06T18:40:45.980+0000] {processor.py:157} INFO - Started process (PID=4838) to work on /usr/local/lib/python3.10/dist-packages/airflow/example_dags/example_nested_branch_dag.py
[2023-12-06T18:40:45.982+0000] {processor.py:829} INFO - Processing file /usr/local/lib/python3.10/dist-packages/airflow/example_dags/example_nested_branch_dag.py for tasks to queue
[2023-12-06T18:40:45.983+0000] {logging_mixin.py:154} INFO - [2023-12-06T18:40:45.982+0000] {dagbag.py:536} INFO - Filling up the DagBag from /usr/local/lib/python3.10/dist-packages/airflow/example_dags/example_nested_branch_dag.py
[2023-12-06T18:40:45.995+0000] {processor.py:839} INFO - DAG(s) dict_keys(['example_nested_branch_dag']) retrieved from /usr/local/lib/python3.10/dist-packages/airflow/example_dags/example_nested_branch_dag.py
[2023-12-06T18:40:46.015+0000] {logging_mixin.py:154} INFO - [2023-12-06T18:40:46.014+0000] {dag.py:2941} INFO - Sync 1 DAGs
[2023-12-06T18:40:46.038+0000] {logging_mixin.py:154} INFO - [2023-12-06T18:40:46.038+0000] {dag.py:3722} INFO - Setting next_dagrun for example_nested_branch_dag to 2023-12-05T00:00:00+00:00, run_after=2023-12-06T00:00:00+00:00
[2023-12-06T18:40:46.062+0000] {processor.py:179} INFO - Processing /usr/local/lib/python3.10/dist-packages/airflow/example_dags/example_nested_branch_dag.py took 0.085 seconds
[2023-12-06T18:41:36.723+0000] {processor.py:157} INFO - Started process (PID=4888) to work on /usr/local/lib/python3.10/dist-packages/airflow/example_dags/example_nested_branch_dag.py
[2023-12-06T18:41:36.725+0000] {processor.py:829} INFO - Processing file /usr/local/lib/python3.10/dist-packages/airflow/example_dags/example_nested_branch_dag.py for tasks to queue
[2023-12-06T18:41:36.726+0000] {logging_mixin.py:154} INFO - [2023-12-06T18:41:36.726+0000] {dagbag.py:536} INFO - Filling up the DagBag from /usr/local/lib/python3.10/dist-packages/airflow/example_dags/example_nested_branch_dag.py
[2023-12-06T18:41:36.738+0000] {processor.py:839} INFO - DAG(s) dict_keys(['example_nested_branch_dag']) retrieved from /usr/local/lib/python3.10/dist-packages/airflow/example_dags/example_nested_branch_dag.py
[2023-12-06T18:41:36.757+0000] {logging_mixin.py:154} INFO - [2023-12-06T18:41:36.757+0000] {dag.py:2941} INFO - Sync 1 DAGs
[2023-12-06T18:41:36.779+0000] {logging_mixin.py:154} INFO - [2023-12-06T18:41:36.779+0000] {dag.py:3722} INFO - Setting next_dagrun for example_nested_branch_dag to 2023-12-05T00:00:00+00:00, run_after=2023-12-06T00:00:00+00:00
[2023-12-06T18:41:36.801+0000] {processor.py:179} INFO - Processing /usr/local/lib/python3.10/dist-packages/airflow/example_dags/example_nested_branch_dag.py took 0.082 seconds
[2023-12-06T18:42:21.167+0000] {processor.py:157} INFO - Started process (PID=4934) to work on /usr/local/lib/python3.10/dist-packages/airflow/example_dags/example_nested_branch_dag.py
[2023-12-06T18:42:21.169+0000] {processor.py:829} INFO - Processing file /usr/local/lib/python3.10/dist-packages/airflow/example_dags/example_nested_branch_dag.py for tasks to queue
[2023-12-06T18:42:21.170+0000] {logging_mixin.py:154} INFO - [2023-12-06T18:42:21.170+0000] {dagbag.py:536} INFO - Filling up the DagBag from /usr/local/lib/python3.10/dist-packages/airflow/example_dags/example_nested_branch_dag.py
[2023-12-06T18:42:21.181+0000] {processor.py:839} INFO - DAG(s) dict_keys(['example_nested_branch_dag']) retrieved from /usr/local/lib/python3.10/dist-packages/airflow/example_dags/example_nested_branch_dag.py
[2023-12-06T18:42:21.200+0000] {logging_mixin.py:154} INFO - [2023-12-06T18:42:21.200+0000] {dag.py:2941} INFO - Sync 1 DAGs
[2023-12-06T18:42:21.224+0000] {logging_mixin.py:154} INFO - [2023-12-06T18:42:21.223+0000] {dag.py:3722} INFO - Setting next_dagrun for example_nested_branch_dag to 2023-12-05T00:00:00+00:00, run_after=2023-12-06T00:00:00+00:00
[2023-12-06T18:42:21.246+0000] {processor.py:179} INFO - Processing /usr/local/lib/python3.10/dist-packages/airflow/example_dags/example_nested_branch_dag.py took 0.083 seconds
[2023-12-06T18:43:12.086+0000] {processor.py:157} INFO - Started process (PID=4985) to work on /usr/local/lib/python3.10/dist-packages/airflow/example_dags/example_nested_branch_dag.py
[2023-12-06T18:43:12.088+0000] {processor.py:829} INFO - Processing file /usr/local/lib/python3.10/dist-packages/airflow/example_dags/example_nested_branch_dag.py for tasks to queue
[2023-12-06T18:43:12.089+0000] {logging_mixin.py:154} INFO - [2023-12-06T18:43:12.088+0000] {dagbag.py:536} INFO - Filling up the DagBag from /usr/local/lib/python3.10/dist-packages/airflow/example_dags/example_nested_branch_dag.py
[2023-12-06T18:43:12.100+0000] {processor.py:839} INFO - DAG(s) dict_keys(['example_nested_branch_dag']) retrieved from /usr/local/lib/python3.10/dist-packages/airflow/example_dags/example_nested_branch_dag.py
[2023-12-06T18:43:12.120+0000] {logging_mixin.py:154} INFO - [2023-12-06T18:43:12.120+0000] {dag.py:2941} INFO - Sync 1 DAGs
[2023-12-06T18:43:12.143+0000] {logging_mixin.py:154} INFO - [2023-12-06T18:43:12.143+0000] {dag.py:3722} INFO - Setting next_dagrun for example_nested_branch_dag to 2023-12-05T00:00:00+00:00, run_after=2023-12-06T00:00:00+00:00
[2023-12-06T18:43:12.181+0000] {processor.py:179} INFO - Processing /usr/local/lib/python3.10/dist-packages/airflow/example_dags/example_nested_branch_dag.py took 0.098 seconds
[2023-12-06T18:44:03.925+0000] {processor.py:157} INFO - Started process (PID=5036) to work on /usr/local/lib/python3.10/dist-packages/airflow/example_dags/example_nested_branch_dag.py
[2023-12-06T18:44:03.926+0000] {processor.py:829} INFO - Processing file /usr/local/lib/python3.10/dist-packages/airflow/example_dags/example_nested_branch_dag.py for tasks to queue
[2023-12-06T18:44:03.927+0000] {logging_mixin.py:154} INFO - [2023-12-06T18:44:03.927+0000] {dagbag.py:536} INFO - Filling up the DagBag from /usr/local/lib/python3.10/dist-packages/airflow/example_dags/example_nested_branch_dag.py
[2023-12-06T18:44:03.938+0000] {processor.py:839} INFO - DAG(s) dict_keys(['example_nested_branch_dag']) retrieved from /usr/local/lib/python3.10/dist-packages/airflow/example_dags/example_nested_branch_dag.py
[2023-12-06T18:44:03.958+0000] {logging_mixin.py:154} INFO - [2023-12-06T18:44:03.958+0000] {dag.py:2941} INFO - Sync 1 DAGs
[2023-12-06T18:44:03.981+0000] {logging_mixin.py:154} INFO - [2023-12-06T18:44:03.981+0000] {dag.py:3722} INFO - Setting next_dagrun for example_nested_branch_dag to 2023-12-05T00:00:00+00:00, run_after=2023-12-06T00:00:00+00:00
[2023-12-06T18:44:04.005+0000] {processor.py:179} INFO - Processing /usr/local/lib/python3.10/dist-packages/airflow/example_dags/example_nested_branch_dag.py took 0.084 seconds
[2023-12-06T18:44:52.757+0000] {processor.py:157} INFO - Started process (PID=5086) to work on /usr/local/lib/python3.10/dist-packages/airflow/example_dags/example_nested_branch_dag.py
[2023-12-06T18:44:52.759+0000] {processor.py:829} INFO - Processing file /usr/local/lib/python3.10/dist-packages/airflow/example_dags/example_nested_branch_dag.py for tasks to queue
[2023-12-06T18:44:52.759+0000] {logging_mixin.py:154} INFO - [2023-12-06T18:44:52.759+0000] {dagbag.py:536} INFO - Filling up the DagBag from /usr/local/lib/python3.10/dist-packages/airflow/example_dags/example_nested_branch_dag.py
[2023-12-06T18:44:52.771+0000] {processor.py:839} INFO - DAG(s) dict_keys(['example_nested_branch_dag']) retrieved from /usr/local/lib/python3.10/dist-packages/airflow/example_dags/example_nested_branch_dag.py
[2023-12-06T18:44:52.789+0000] {logging_mixin.py:154} INFO - [2023-12-06T18:44:52.789+0000] {dag.py:2941} INFO - Sync 1 DAGs
[2023-12-06T18:44:52.811+0000] {logging_mixin.py:154} INFO - [2023-12-06T18:44:52.810+0000] {dag.py:3722} INFO - Setting next_dagrun for example_nested_branch_dag to 2023-12-05T00:00:00+00:00, run_after=2023-12-06T00:00:00+00:00
[2023-12-06T18:44:52.859+0000] {processor.py:179} INFO - Processing /usr/local/lib/python3.10/dist-packages/airflow/example_dags/example_nested_branch_dag.py took 0.106 seconds
[2023-12-06T18:45:38.311+0000] {processor.py:157} INFO - Started process (PID=5134) to work on /usr/local/lib/python3.10/dist-packages/airflow/example_dags/example_nested_branch_dag.py
[2023-12-06T18:45:38.312+0000] {processor.py:829} INFO - Processing file /usr/local/lib/python3.10/dist-packages/airflow/example_dags/example_nested_branch_dag.py for tasks to queue
[2023-12-06T18:45:38.313+0000] {logging_mixin.py:154} INFO - [2023-12-06T18:45:38.313+0000] {dagbag.py:536} INFO - Filling up the DagBag from /usr/local/lib/python3.10/dist-packages/airflow/example_dags/example_nested_branch_dag.py
[2023-12-06T18:45:38.325+0000] {processor.py:839} INFO - DAG(s) dict_keys(['example_nested_branch_dag']) retrieved from /usr/local/lib/python3.10/dist-packages/airflow/example_dags/example_nested_branch_dag.py
[2023-12-06T18:45:38.345+0000] {logging_mixin.py:154} INFO - [2023-12-06T18:45:38.345+0000] {dag.py:2941} INFO - Sync 1 DAGs
[2023-12-06T18:45:38.368+0000] {logging_mixin.py:154} INFO - [2023-12-06T18:45:38.368+0000] {dag.py:3722} INFO - Setting next_dagrun for example_nested_branch_dag to 2023-12-05T00:00:00+00:00, run_after=2023-12-06T00:00:00+00:00
[2023-12-06T18:45:38.390+0000] {processor.py:179} INFO - Processing /usr/local/lib/python3.10/dist-packages/airflow/example_dags/example_nested_branch_dag.py took 0.083 seconds
[2023-12-06T18:46:21.706+0000] {processor.py:157} INFO - Started process (PID=5180) to work on /usr/local/lib/python3.10/dist-packages/airflow/example_dags/example_nested_branch_dag.py
[2023-12-06T18:46:21.707+0000] {processor.py:829} INFO - Processing file /usr/local/lib/python3.10/dist-packages/airflow/example_dags/example_nested_branch_dag.py for tasks to queue
[2023-12-06T18:46:21.708+0000] {logging_mixin.py:154} INFO - [2023-12-06T18:46:21.708+0000] {dagbag.py:536} INFO - Filling up the DagBag from /usr/local/lib/python3.10/dist-packages/airflow/example_dags/example_nested_branch_dag.py
[2023-12-06T18:46:21.720+0000] {processor.py:839} INFO - DAG(s) dict_keys(['example_nested_branch_dag']) retrieved from /usr/local/lib/python3.10/dist-packages/airflow/example_dags/example_nested_branch_dag.py
[2023-12-06T18:46:21.739+0000] {logging_mixin.py:154} INFO - [2023-12-06T18:46:21.739+0000] {dag.py:2941} INFO - Sync 1 DAGs
[2023-12-06T18:46:21.760+0000] {logging_mixin.py:154} INFO - [2023-12-06T18:46:21.760+0000] {dag.py:3722} INFO - Setting next_dagrun for example_nested_branch_dag to 2023-12-05T00:00:00+00:00, run_after=2023-12-06T00:00:00+00:00
[2023-12-06T18:46:21.783+0000] {processor.py:179} INFO - Processing /usr/local/lib/python3.10/dist-packages/airflow/example_dags/example_nested_branch_dag.py took 0.081 seconds
[2023-12-06T18:47:06.271+0000] {processor.py:157} INFO - Started process (PID=5227) to work on /usr/local/lib/python3.10/dist-packages/airflow/example_dags/example_nested_branch_dag.py
[2023-12-06T18:47:06.273+0000] {processor.py:829} INFO - Processing file /usr/local/lib/python3.10/dist-packages/airflow/example_dags/example_nested_branch_dag.py for tasks to queue
[2023-12-06T18:47:06.274+0000] {logging_mixin.py:154} INFO - [2023-12-06T18:47:06.273+0000] {dagbag.py:536} INFO - Filling up the DagBag from /usr/local/lib/python3.10/dist-packages/airflow/example_dags/example_nested_branch_dag.py
[2023-12-06T18:47:06.285+0000] {processor.py:839} INFO - DAG(s) dict_keys(['example_nested_branch_dag']) retrieved from /usr/local/lib/python3.10/dist-packages/airflow/example_dags/example_nested_branch_dag.py
[2023-12-06T18:47:06.305+0000] {logging_mixin.py:154} INFO - [2023-12-06T18:47:06.304+0000] {dag.py:2941} INFO - Sync 1 DAGs
[2023-12-06T18:47:06.327+0000] {logging_mixin.py:154} INFO - [2023-12-06T18:47:06.327+0000] {dag.py:3722} INFO - Setting next_dagrun for example_nested_branch_dag to 2023-12-05T00:00:00+00:00, run_after=2023-12-06T00:00:00+00:00
[2023-12-06T18:47:06.363+0000] {processor.py:179} INFO - Processing /usr/local/lib/python3.10/dist-packages/airflow/example_dags/example_nested_branch_dag.py took 0.096 seconds
[2023-12-06T18:47:57.063+0000] {processor.py:157} INFO - Started process (PID=5279) to work on /usr/local/lib/python3.10/dist-packages/airflow/example_dags/example_nested_branch_dag.py
[2023-12-06T18:47:57.065+0000] {processor.py:829} INFO - Processing file /usr/local/lib/python3.10/dist-packages/airflow/example_dags/example_nested_branch_dag.py for tasks to queue
[2023-12-06T18:47:57.066+0000] {logging_mixin.py:154} INFO - [2023-12-06T18:47:57.065+0000] {dagbag.py:536} INFO - Filling up the DagBag from /usr/local/lib/python3.10/dist-packages/airflow/example_dags/example_nested_branch_dag.py
[2023-12-06T18:47:57.077+0000] {processor.py:839} INFO - DAG(s) dict_keys(['example_nested_branch_dag']) retrieved from /usr/local/lib/python3.10/dist-packages/airflow/example_dags/example_nested_branch_dag.py
[2023-12-06T18:47:57.096+0000] {logging_mixin.py:154} INFO - [2023-12-06T18:47:57.096+0000] {dag.py:2941} INFO - Sync 1 DAGs
[2023-12-06T18:47:57.117+0000] {logging_mixin.py:154} INFO - [2023-12-06T18:47:57.117+0000] {dag.py:3722} INFO - Setting next_dagrun for example_nested_branch_dag to 2023-12-05T00:00:00+00:00, run_after=2023-12-06T00:00:00+00:00
[2023-12-06T18:47:57.142+0000] {processor.py:179} INFO - Processing /usr/local/lib/python3.10/dist-packages/airflow/example_dags/example_nested_branch_dag.py took 0.083 seconds
[2023-12-06T18:48:47.417+0000] {processor.py:157} INFO - Started process (PID=5329) to work on /usr/local/lib/python3.10/dist-packages/airflow/example_dags/example_nested_branch_dag.py
[2023-12-06T18:48:47.419+0000] {processor.py:829} INFO - Processing file /usr/local/lib/python3.10/dist-packages/airflow/example_dags/example_nested_branch_dag.py for tasks to queue
[2023-12-06T18:48:47.420+0000] {logging_mixin.py:154} INFO - [2023-12-06T18:48:47.419+0000] {dagbag.py:536} INFO - Filling up the DagBag from /usr/local/lib/python3.10/dist-packages/airflow/example_dags/example_nested_branch_dag.py
[2023-12-06T18:48:47.431+0000] {processor.py:839} INFO - DAG(s) dict_keys(['example_nested_branch_dag']) retrieved from /usr/local/lib/python3.10/dist-packages/airflow/example_dags/example_nested_branch_dag.py
[2023-12-06T18:48:47.449+0000] {logging_mixin.py:154} INFO - [2023-12-06T18:48:47.449+0000] {dag.py:2941} INFO - Sync 1 DAGs
[2023-12-06T18:48:47.471+0000] {logging_mixin.py:154} INFO - [2023-12-06T18:48:47.471+0000] {dag.py:3722} INFO - Setting next_dagrun for example_nested_branch_dag to 2023-12-05T00:00:00+00:00, run_after=2023-12-06T00:00:00+00:00
[2023-12-06T18:48:47.498+0000] {processor.py:179} INFO - Processing /usr/local/lib/python3.10/dist-packages/airflow/example_dags/example_nested_branch_dag.py took 0.084 seconds
[2023-12-06T18:49:33.683+0000] {processor.py:157} INFO - Started process (PID=5376) to work on /usr/local/lib/python3.10/dist-packages/airflow/example_dags/example_nested_branch_dag.py
[2023-12-06T18:49:33.684+0000] {processor.py:829} INFO - Processing file /usr/local/lib/python3.10/dist-packages/airflow/example_dags/example_nested_branch_dag.py for tasks to queue
[2023-12-06T18:49:33.685+0000] {logging_mixin.py:154} INFO - [2023-12-06T18:49:33.685+0000] {dagbag.py:536} INFO - Filling up the DagBag from /usr/local/lib/python3.10/dist-packages/airflow/example_dags/example_nested_branch_dag.py
[2023-12-06T18:49:33.696+0000] {processor.py:839} INFO - DAG(s) dict_keys(['example_nested_branch_dag']) retrieved from /usr/local/lib/python3.10/dist-packages/airflow/example_dags/example_nested_branch_dag.py
[2023-12-06T18:49:33.715+0000] {logging_mixin.py:154} INFO - [2023-12-06T18:49:33.715+0000] {dag.py:2941} INFO - Sync 1 DAGs
[2023-12-06T18:49:33.738+0000] {logging_mixin.py:154} INFO - [2023-12-06T18:49:33.738+0000] {dag.py:3722} INFO - Setting next_dagrun for example_nested_branch_dag to 2023-12-05T00:00:00+00:00, run_after=2023-12-06T00:00:00+00:00
[2023-12-06T18:49:33.759+0000] {processor.py:179} INFO - Processing /usr/local/lib/python3.10/dist-packages/airflow/example_dags/example_nested_branch_dag.py took 0.080 seconds
[2023-12-06T18:50:14.301+0000] {processor.py:157} INFO - Started process (PID=5420) to work on /usr/local/lib/python3.10/dist-packages/airflow/example_dags/example_nested_branch_dag.py
[2023-12-06T18:50:14.303+0000] {processor.py:829} INFO - Processing file /usr/local/lib/python3.10/dist-packages/airflow/example_dags/example_nested_branch_dag.py for tasks to queue
[2023-12-06T18:50:14.304+0000] {logging_mixin.py:154} INFO - [2023-12-06T18:50:14.303+0000] {dagbag.py:536} INFO - Filling up the DagBag from /usr/local/lib/python3.10/dist-packages/airflow/example_dags/example_nested_branch_dag.py
[2023-12-06T18:50:14.315+0000] {processor.py:839} INFO - DAG(s) dict_keys(['example_nested_branch_dag']) retrieved from /usr/local/lib/python3.10/dist-packages/airflow/example_dags/example_nested_branch_dag.py
[2023-12-06T18:50:14.334+0000] {logging_mixin.py:154} INFO - [2023-12-06T18:50:14.334+0000] {dag.py:2941} INFO - Sync 1 DAGs
[2023-12-06T18:50:14.357+0000] {logging_mixin.py:154} INFO - [2023-12-06T18:50:14.356+0000] {dag.py:3722} INFO - Setting next_dagrun for example_nested_branch_dag to 2023-12-05T00:00:00+00:00, run_after=2023-12-06T00:00:00+00:00
[2023-12-06T18:50:14.378+0000] {processor.py:179} INFO - Processing /usr/local/lib/python3.10/dist-packages/airflow/example_dags/example_nested_branch_dag.py took 0.081 seconds
[2023-12-06T18:50:58.881+0000] {processor.py:157} INFO - Started process (PID=5469) to work on /usr/local/lib/python3.10/dist-packages/airflow/example_dags/example_nested_branch_dag.py
[2023-12-06T18:50:58.882+0000] {processor.py:829} INFO - Processing file /usr/local/lib/python3.10/dist-packages/airflow/example_dags/example_nested_branch_dag.py for tasks to queue
[2023-12-06T18:50:58.883+0000] {logging_mixin.py:154} INFO - [2023-12-06T18:50:58.883+0000] {dagbag.py:536} INFO - Filling up the DagBag from /usr/local/lib/python3.10/dist-packages/airflow/example_dags/example_nested_branch_dag.py
[2023-12-06T18:50:58.895+0000] {processor.py:839} INFO - DAG(s) dict_keys(['example_nested_branch_dag']) retrieved from /usr/local/lib/python3.10/dist-packages/airflow/example_dags/example_nested_branch_dag.py
[2023-12-06T18:50:58.914+0000] {logging_mixin.py:154} INFO - [2023-12-06T18:50:58.914+0000] {dag.py:2941} INFO - Sync 1 DAGs
[2023-12-06T18:50:58.937+0000] {logging_mixin.py:154} INFO - [2023-12-06T18:50:58.937+0000] {dag.py:3722} INFO - Setting next_dagrun for example_nested_branch_dag to 2023-12-05T00:00:00+00:00, run_after=2023-12-06T00:00:00+00:00
[2023-12-06T18:50:58.960+0000] {processor.py:179} INFO - Processing /usr/local/lib/python3.10/dist-packages/airflow/example_dags/example_nested_branch_dag.py took 0.083 seconds
[2023-12-06T18:51:40.964+0000] {processor.py:157} INFO - Started process (PID=5514) to work on /usr/local/lib/python3.10/dist-packages/airflow/example_dags/example_nested_branch_dag.py
[2023-12-06T18:51:40.966+0000] {processor.py:829} INFO - Processing file /usr/local/lib/python3.10/dist-packages/airflow/example_dags/example_nested_branch_dag.py for tasks to queue
[2023-12-06T18:51:40.967+0000] {logging_mixin.py:154} INFO - [2023-12-06T18:51:40.967+0000] {dagbag.py:536} INFO - Filling up the DagBag from /usr/local/lib/python3.10/dist-packages/airflow/example_dags/example_nested_branch_dag.py
[2023-12-06T18:51:40.978+0000] {processor.py:839} INFO - DAG(s) dict_keys(['example_nested_branch_dag']) retrieved from /usr/local/lib/python3.10/dist-packages/airflow/example_dags/example_nested_branch_dag.py
[2023-12-06T18:51:40.998+0000] {logging_mixin.py:154} INFO - [2023-12-06T18:51:40.997+0000] {dag.py:2941} INFO - Sync 1 DAGs
[2023-12-06T18:51:41.020+0000] {logging_mixin.py:154} INFO - [2023-12-06T18:51:41.020+0000] {dag.py:3722} INFO - Setting next_dagrun for example_nested_branch_dag to 2023-12-05T00:00:00+00:00, run_after=2023-12-06T00:00:00+00:00
[2023-12-06T18:51:41.045+0000] {processor.py:179} INFO - Processing /usr/local/lib/python3.10/dist-packages/airflow/example_dags/example_nested_branch_dag.py took 0.085 seconds
[2023-12-06T18:52:27.510+0000] {processor.py:157} INFO - Started process (PID=5561) to work on /usr/local/lib/python3.10/dist-packages/airflow/example_dags/example_nested_branch_dag.py
[2023-12-06T18:52:27.511+0000] {processor.py:829} INFO - Processing file /usr/local/lib/python3.10/dist-packages/airflow/example_dags/example_nested_branch_dag.py for tasks to queue
[2023-12-06T18:52:27.512+0000] {logging_mixin.py:154} INFO - [2023-12-06T18:52:27.512+0000] {dagbag.py:536} INFO - Filling up the DagBag from /usr/local/lib/python3.10/dist-packages/airflow/example_dags/example_nested_branch_dag.py
[2023-12-06T18:52:27.523+0000] {processor.py:839} INFO - DAG(s) dict_keys(['example_nested_branch_dag']) retrieved from /usr/local/lib/python3.10/dist-packages/airflow/example_dags/example_nested_branch_dag.py
[2023-12-06T18:52:27.543+0000] {logging_mixin.py:154} INFO - [2023-12-06T18:52:27.542+0000] {dag.py:2941} INFO - Sync 1 DAGs
[2023-12-06T18:52:27.565+0000] {logging_mixin.py:154} INFO - [2023-12-06T18:52:27.564+0000] {dag.py:3722} INFO - Setting next_dagrun for example_nested_branch_dag to 2023-12-05T00:00:00+00:00, run_after=2023-12-06T00:00:00+00:00
[2023-12-06T18:52:27.587+0000] {processor.py:179} INFO - Processing /usr/local/lib/python3.10/dist-packages/airflow/example_dags/example_nested_branch_dag.py took 0.081 seconds
[2023-12-06T18:53:14.631+0000] {processor.py:157} INFO - Started process (PID=5609) to work on /usr/local/lib/python3.10/dist-packages/airflow/example_dags/example_nested_branch_dag.py
[2023-12-06T18:53:14.633+0000] {processor.py:829} INFO - Processing file /usr/local/lib/python3.10/dist-packages/airflow/example_dags/example_nested_branch_dag.py for tasks to queue
[2023-12-06T18:53:14.634+0000] {logging_mixin.py:154} INFO - [2023-12-06T18:53:14.633+0000] {dagbag.py:536} INFO - Filling up the DagBag from /usr/local/lib/python3.10/dist-packages/airflow/example_dags/example_nested_branch_dag.py
[2023-12-06T18:53:14.645+0000] {processor.py:839} INFO - DAG(s) dict_keys(['example_nested_branch_dag']) retrieved from /usr/local/lib/python3.10/dist-packages/airflow/example_dags/example_nested_branch_dag.py
[2023-12-06T18:53:14.665+0000] {logging_mixin.py:154} INFO - [2023-12-06T18:53:14.665+0000] {dag.py:2941} INFO - Sync 1 DAGs
[2023-12-06T18:53:14.687+0000] {logging_mixin.py:154} INFO - [2023-12-06T18:53:14.687+0000] {dag.py:3722} INFO - Setting next_dagrun for example_nested_branch_dag to 2023-12-05T00:00:00+00:00, run_after=2023-12-06T00:00:00+00:00
[2023-12-06T18:53:14.723+0000] {processor.py:179} INFO - Processing /usr/local/lib/python3.10/dist-packages/airflow/example_dags/example_nested_branch_dag.py took 0.096 seconds
[2023-12-06T18:53:57.262+0000] {processor.py:157} INFO - Started process (PID=5655) to work on /usr/local/lib/python3.10/dist-packages/airflow/example_dags/example_nested_branch_dag.py
[2023-12-06T18:53:57.263+0000] {processor.py:829} INFO - Processing file /usr/local/lib/python3.10/dist-packages/airflow/example_dags/example_nested_branch_dag.py for tasks to queue
[2023-12-06T18:53:57.264+0000] {logging_mixin.py:154} INFO - [2023-12-06T18:53:57.264+0000] {dagbag.py:536} INFO - Filling up the DagBag from /usr/local/lib/python3.10/dist-packages/airflow/example_dags/example_nested_branch_dag.py
[2023-12-06T18:53:57.276+0000] {processor.py:839} INFO - DAG(s) dict_keys(['example_nested_branch_dag']) retrieved from /usr/local/lib/python3.10/dist-packages/airflow/example_dags/example_nested_branch_dag.py
[2023-12-06T18:53:57.296+0000] {logging_mixin.py:154} INFO - [2023-12-06T18:53:57.296+0000] {dag.py:2941} INFO - Sync 1 DAGs
[2023-12-06T18:53:57.318+0000] {logging_mixin.py:154} INFO - [2023-12-06T18:53:57.318+0000] {dag.py:3722} INFO - Setting next_dagrun for example_nested_branch_dag to 2023-12-05T00:00:00+00:00, run_after=2023-12-06T00:00:00+00:00
[2023-12-06T18:53:57.350+0000] {processor.py:179} INFO - Processing /usr/local/lib/python3.10/dist-packages/airflow/example_dags/example_nested_branch_dag.py took 0.092 seconds
[2023-12-06T18:54:41.104+0000] {processor.py:157} INFO - Started process (PID=5699) to work on /usr/local/lib/python3.10/dist-packages/airflow/example_dags/example_nested_branch_dag.py
[2023-12-06T18:54:41.105+0000] {processor.py:829} INFO - Processing file /usr/local/lib/python3.10/dist-packages/airflow/example_dags/example_nested_branch_dag.py for tasks to queue
[2023-12-06T18:54:41.106+0000] {logging_mixin.py:154} INFO - [2023-12-06T18:54:41.105+0000] {dagbag.py:536} INFO - Filling up the DagBag from /usr/local/lib/python3.10/dist-packages/airflow/example_dags/example_nested_branch_dag.py
[2023-12-06T18:54:41.118+0000] {processor.py:839} INFO - DAG(s) dict_keys(['example_nested_branch_dag']) retrieved from /usr/local/lib/python3.10/dist-packages/airflow/example_dags/example_nested_branch_dag.py
[2023-12-06T18:54:41.137+0000] {logging_mixin.py:154} INFO - [2023-12-06T18:54:41.137+0000] {dag.py:2941} INFO - Sync 1 DAGs
[2023-12-06T18:54:41.160+0000] {logging_mixin.py:154} INFO - [2023-12-06T18:54:41.160+0000] {dag.py:3722} INFO - Setting next_dagrun for example_nested_branch_dag to 2023-12-05T00:00:00+00:00, run_after=2023-12-06T00:00:00+00:00
[2023-12-06T18:54:41.186+0000] {processor.py:179} INFO - Processing /usr/local/lib/python3.10/dist-packages/airflow/example_dags/example_nested_branch_dag.py took 0.086 seconds
[2023-12-06T18:55:24.763+0000] {processor.py:157} INFO - Started process (PID=5745) to work on /usr/local/lib/python3.10/dist-packages/airflow/example_dags/example_nested_branch_dag.py
[2023-12-06T18:55:24.764+0000] {processor.py:829} INFO - Processing file /usr/local/lib/python3.10/dist-packages/airflow/example_dags/example_nested_branch_dag.py for tasks to queue
[2023-12-06T18:55:24.765+0000] {logging_mixin.py:154} INFO - [2023-12-06T18:55:24.765+0000] {dagbag.py:536} INFO - Filling up the DagBag from /usr/local/lib/python3.10/dist-packages/airflow/example_dags/example_nested_branch_dag.py
[2023-12-06T18:55:24.777+0000] {processor.py:839} INFO - DAG(s) dict_keys(['example_nested_branch_dag']) retrieved from /usr/local/lib/python3.10/dist-packages/airflow/example_dags/example_nested_branch_dag.py
[2023-12-06T18:55:24.797+0000] {logging_mixin.py:154} INFO - [2023-12-06T18:55:24.797+0000] {dag.py:2941} INFO - Sync 1 DAGs
[2023-12-06T18:55:24.819+0000] {logging_mixin.py:154} INFO - [2023-12-06T18:55:24.819+0000] {dag.py:3722} INFO - Setting next_dagrun for example_nested_branch_dag to 2023-12-05T00:00:00+00:00, run_after=2023-12-06T00:00:00+00:00
[2023-12-06T18:55:24.847+0000] {processor.py:179} INFO - Processing /usr/local/lib/python3.10/dist-packages/airflow/example_dags/example_nested_branch_dag.py took 0.088 seconds
[2023-12-06T18:56:10.837+0000] {processor.py:157} INFO - Started process (PID=5793) to work on /usr/local/lib/python3.10/dist-packages/airflow/example_dags/example_nested_branch_dag.py
[2023-12-06T18:56:10.838+0000] {processor.py:829} INFO - Processing file /usr/local/lib/python3.10/dist-packages/airflow/example_dags/example_nested_branch_dag.py for tasks to queue
[2023-12-06T18:56:10.839+0000] {logging_mixin.py:154} INFO - [2023-12-06T18:56:10.839+0000] {dagbag.py:536} INFO - Filling up the DagBag from /usr/local/lib/python3.10/dist-packages/airflow/example_dags/example_nested_branch_dag.py
[2023-12-06T18:56:10.851+0000] {processor.py:839} INFO - DAG(s) dict_keys(['example_nested_branch_dag']) retrieved from /usr/local/lib/python3.10/dist-packages/airflow/example_dags/example_nested_branch_dag.py
[2023-12-06T18:56:10.870+0000] {logging_mixin.py:154} INFO - [2023-12-06T18:56:10.870+0000] {dag.py:2941} INFO - Sync 1 DAGs
[2023-12-06T18:56:10.894+0000] {logging_mixin.py:154} INFO - [2023-12-06T18:56:10.894+0000] {dag.py:3722} INFO - Setting next_dagrun for example_nested_branch_dag to 2023-12-05T00:00:00+00:00, run_after=2023-12-06T00:00:00+00:00
[2023-12-06T18:56:10.916+0000] {processor.py:179} INFO - Processing /usr/local/lib/python3.10/dist-packages/airflow/example_dags/example_nested_branch_dag.py took 0.083 seconds
[2023-12-06T18:56:57.794+0000] {processor.py:157} INFO - Started process (PID=5841) to work on /usr/local/lib/python3.10/dist-packages/airflow/example_dags/example_nested_branch_dag.py
[2023-12-06T18:56:57.795+0000] {processor.py:829} INFO - Processing file /usr/local/lib/python3.10/dist-packages/airflow/example_dags/example_nested_branch_dag.py for tasks to queue
[2023-12-06T18:56:57.796+0000] {logging_mixin.py:154} INFO - [2023-12-06T18:56:57.796+0000] {dagbag.py:536} INFO - Filling up the DagBag from /usr/local/lib/python3.10/dist-packages/airflow/example_dags/example_nested_branch_dag.py
[2023-12-06T18:56:57.808+0000] {processor.py:839} INFO - DAG(s) dict_keys(['example_nested_branch_dag']) retrieved from /usr/local/lib/python3.10/dist-packages/airflow/example_dags/example_nested_branch_dag.py
[2023-12-06T18:56:57.827+0000] {logging_mixin.py:154} INFO - [2023-12-06T18:56:57.827+0000] {dag.py:2941} INFO - Sync 1 DAGs
[2023-12-06T18:56:57.850+0000] {logging_mixin.py:154} INFO - [2023-12-06T18:56:57.849+0000] {dag.py:3722} INFO - Setting next_dagrun for example_nested_branch_dag to 2023-12-05T00:00:00+00:00, run_after=2023-12-06T00:00:00+00:00
[2023-12-06T18:56:57.880+0000] {processor.py:179} INFO - Processing /usr/local/lib/python3.10/dist-packages/airflow/example_dags/example_nested_branch_dag.py took 0.090 seconds
[2023-12-06T18:57:46.711+0000] {processor.py:157} INFO - Started process (PID=5892) to work on /usr/local/lib/python3.10/dist-packages/airflow/example_dags/example_nested_branch_dag.py
[2023-12-06T18:57:46.712+0000] {processor.py:829} INFO - Processing file /usr/local/lib/python3.10/dist-packages/airflow/example_dags/example_nested_branch_dag.py for tasks to queue
[2023-12-06T18:57:46.713+0000] {logging_mixin.py:154} INFO - [2023-12-06T18:57:46.713+0000] {dagbag.py:536} INFO - Filling up the DagBag from /usr/local/lib/python3.10/dist-packages/airflow/example_dags/example_nested_branch_dag.py
[2023-12-06T18:57:46.725+0000] {processor.py:839} INFO - DAG(s) dict_keys(['example_nested_branch_dag']) retrieved from /usr/local/lib/python3.10/dist-packages/airflow/example_dags/example_nested_branch_dag.py
[2023-12-06T18:57:46.744+0000] {logging_mixin.py:154} INFO - [2023-12-06T18:57:46.744+0000] {dag.py:2941} INFO - Sync 1 DAGs
[2023-12-06T18:57:46.767+0000] {logging_mixin.py:154} INFO - [2023-12-06T18:57:46.767+0000] {dag.py:3722} INFO - Setting next_dagrun for example_nested_branch_dag to 2023-12-05T00:00:00+00:00, run_after=2023-12-06T00:00:00+00:00
[2023-12-06T18:57:46.802+0000] {processor.py:179} INFO - Processing /usr/local/lib/python3.10/dist-packages/airflow/example_dags/example_nested_branch_dag.py took 0.094 seconds
[2023-12-06T18:58:30.330+0000] {processor.py:157} INFO - Started process (PID=5938) to work on /usr/local/lib/python3.10/dist-packages/airflow/example_dags/example_nested_branch_dag.py
[2023-12-06T18:58:30.331+0000] {processor.py:829} INFO - Processing file /usr/local/lib/python3.10/dist-packages/airflow/example_dags/example_nested_branch_dag.py for tasks to queue
[2023-12-06T18:58:30.332+0000] {logging_mixin.py:154} INFO - [2023-12-06T18:58:30.332+0000] {dagbag.py:536} INFO - Filling up the DagBag from /usr/local/lib/python3.10/dist-packages/airflow/example_dags/example_nested_branch_dag.py
[2023-12-06T18:58:30.344+0000] {processor.py:839} INFO - DAG(s) dict_keys(['example_nested_branch_dag']) retrieved from /usr/local/lib/python3.10/dist-packages/airflow/example_dags/example_nested_branch_dag.py
[2023-12-06T18:58:30.363+0000] {logging_mixin.py:154} INFO - [2023-12-06T18:58:30.363+0000] {dag.py:2941} INFO - Sync 1 DAGs
[2023-12-06T18:58:30.385+0000] {logging_mixin.py:154} INFO - [2023-12-06T18:58:30.385+0000] {dag.py:3722} INFO - Setting next_dagrun for example_nested_branch_dag to 2023-12-05T00:00:00+00:00, run_after=2023-12-06T00:00:00+00:00
[2023-12-06T18:58:30.406+0000] {processor.py:179} INFO - Processing /usr/local/lib/python3.10/dist-packages/airflow/example_dags/example_nested_branch_dag.py took 0.080 seconds
[2023-12-06T18:59:16.276+0000] {processor.py:157} INFO - Started process (PID=5985) to work on /usr/local/lib/python3.10/dist-packages/airflow/example_dags/example_nested_branch_dag.py
[2023-12-06T18:59:16.280+0000] {processor.py:829} INFO - Processing file /usr/local/lib/python3.10/dist-packages/airflow/example_dags/example_nested_branch_dag.py for tasks to queue
[2023-12-06T18:59:16.281+0000] {logging_mixin.py:154} INFO - [2023-12-06T18:59:16.281+0000] {dagbag.py:536} INFO - Filling up the DagBag from /usr/local/lib/python3.10/dist-packages/airflow/example_dags/example_nested_branch_dag.py
[2023-12-06T18:59:16.292+0000] {processor.py:839} INFO - DAG(s) dict_keys(['example_nested_branch_dag']) retrieved from /usr/local/lib/python3.10/dist-packages/airflow/example_dags/example_nested_branch_dag.py
[2023-12-06T18:59:16.312+0000] {logging_mixin.py:154} INFO - [2023-12-06T18:59:16.311+0000] {dag.py:2941} INFO - Sync 1 DAGs
[2023-12-06T18:59:16.333+0000] {logging_mixin.py:154} INFO - [2023-12-06T18:59:16.333+0000] {dag.py:3722} INFO - Setting next_dagrun for example_nested_branch_dag to 2023-12-05T00:00:00+00:00, run_after=2023-12-06T00:00:00+00:00
[2023-12-06T18:59:16.355+0000] {processor.py:179} INFO - Processing /usr/local/lib/python3.10/dist-packages/airflow/example_dags/example_nested_branch_dag.py took 0.083 seconds
[2023-12-06T19:00:00.816+0000] {processor.py:157} INFO - Started process (PID=6098) to work on /usr/local/lib/python3.10/dist-packages/airflow/example_dags/example_nested_branch_dag.py
[2023-12-06T19:00:00.817+0000] {processor.py:829} INFO - Processing file /usr/local/lib/python3.10/dist-packages/airflow/example_dags/example_nested_branch_dag.py for tasks to queue
[2023-12-06T19:00:00.818+0000] {logging_mixin.py:154} INFO - [2023-12-06T19:00:00.818+0000] {dagbag.py:536} INFO - Filling up the DagBag from /usr/local/lib/python3.10/dist-packages/airflow/example_dags/example_nested_branch_dag.py
[2023-12-06T19:00:00.830+0000] {processor.py:839} INFO - DAG(s) dict_keys(['example_nested_branch_dag']) retrieved from /usr/local/lib/python3.10/dist-packages/airflow/example_dags/example_nested_branch_dag.py
[2023-12-06T19:00:00.850+0000] {logging_mixin.py:154} INFO - [2023-12-06T19:00:00.850+0000] {dag.py:2941} INFO - Sync 1 DAGs
[2023-12-06T19:00:00.874+0000] {logging_mixin.py:154} INFO - [2023-12-06T19:00:00.873+0000] {dag.py:3722} INFO - Setting next_dagrun for example_nested_branch_dag to 2023-12-05T00:00:00+00:00, run_after=2023-12-06T00:00:00+00:00
[2023-12-06T19:00:00.896+0000] {processor.py:179} INFO - Processing /usr/local/lib/python3.10/dist-packages/airflow/example_dags/example_nested_branch_dag.py took 0.084 seconds
[2023-12-06T19:00:53.633+0000] {processor.py:157} INFO - Started process (PID=6388) to work on /usr/local/lib/python3.10/dist-packages/airflow/example_dags/example_nested_branch_dag.py
[2023-12-06T19:00:53.635+0000] {processor.py:829} INFO - Processing file /usr/local/lib/python3.10/dist-packages/airflow/example_dags/example_nested_branch_dag.py for tasks to queue
[2023-12-06T19:00:53.636+0000] {logging_mixin.py:154} INFO - [2023-12-06T19:00:53.635+0000] {dagbag.py:536} INFO - Filling up the DagBag from /usr/local/lib/python3.10/dist-packages/airflow/example_dags/example_nested_branch_dag.py
[2023-12-06T19:00:53.647+0000] {processor.py:839} INFO - DAG(s) dict_keys(['example_nested_branch_dag']) retrieved from /usr/local/lib/python3.10/dist-packages/airflow/example_dags/example_nested_branch_dag.py
[2023-12-06T19:00:53.666+0000] {logging_mixin.py:154} INFO - [2023-12-06T19:00:53.666+0000] {dag.py:2941} INFO - Sync 1 DAGs
[2023-12-06T19:00:53.695+0000] {logging_mixin.py:154} INFO - [2023-12-06T19:00:53.695+0000] {dag.py:3722} INFO - Setting next_dagrun for example_nested_branch_dag to 2023-12-05T00:00:00+00:00, run_after=2023-12-06T00:00:00+00:00
[2023-12-06T19:00:53.718+0000] {processor.py:179} INFO - Processing /usr/local/lib/python3.10/dist-packages/airflow/example_dags/example_nested_branch_dag.py took 0.089 seconds
[2023-12-06T19:01:43.663+0000] {processor.py:157} INFO - Started process (PID=6492) to work on /usr/local/lib/python3.10/dist-packages/airflow/example_dags/example_nested_branch_dag.py
[2023-12-06T19:01:43.664+0000] {processor.py:829} INFO - Processing file /usr/local/lib/python3.10/dist-packages/airflow/example_dags/example_nested_branch_dag.py for tasks to queue
[2023-12-06T19:01:43.665+0000] {logging_mixin.py:154} INFO - [2023-12-06T19:01:43.665+0000] {dagbag.py:536} INFO - Filling up the DagBag from /usr/local/lib/python3.10/dist-packages/airflow/example_dags/example_nested_branch_dag.py
[2023-12-06T19:01:43.677+0000] {processor.py:839} INFO - DAG(s) dict_keys(['example_nested_branch_dag']) retrieved from /usr/local/lib/python3.10/dist-packages/airflow/example_dags/example_nested_branch_dag.py
[2023-12-06T19:01:43.695+0000] {logging_mixin.py:154} INFO - [2023-12-06T19:01:43.695+0000] {dag.py:2941} INFO - Sync 1 DAGs
[2023-12-06T19:01:43.718+0000] {logging_mixin.py:154} INFO - [2023-12-06T19:01:43.717+0000] {dag.py:3722} INFO - Setting next_dagrun for example_nested_branch_dag to 2023-12-05T00:00:00+00:00, run_after=2023-12-06T00:00:00+00:00
[2023-12-06T19:01:43.740+0000] {processor.py:179} INFO - Processing /usr/local/lib/python3.10/dist-packages/airflow/example_dags/example_nested_branch_dag.py took 0.081 seconds
[2023-12-06T19:02:28.792+0000] {processor.py:157} INFO - Started process (PID=6540) to work on /usr/local/lib/python3.10/dist-packages/airflow/example_dags/example_nested_branch_dag.py
[2023-12-06T19:02:28.794+0000] {processor.py:829} INFO - Processing file /usr/local/lib/python3.10/dist-packages/airflow/example_dags/example_nested_branch_dag.py for tasks to queue
[2023-12-06T19:02:28.795+0000] {logging_mixin.py:154} INFO - [2023-12-06T19:02:28.794+0000] {dagbag.py:536} INFO - Filling up the DagBag from /usr/local/lib/python3.10/dist-packages/airflow/example_dags/example_nested_branch_dag.py
[2023-12-06T19:02:28.806+0000] {processor.py:839} INFO - DAG(s) dict_keys(['example_nested_branch_dag']) retrieved from /usr/local/lib/python3.10/dist-packages/airflow/example_dags/example_nested_branch_dag.py
[2023-12-06T19:02:28.826+0000] {logging_mixin.py:154} INFO - [2023-12-06T19:02:28.825+0000] {dag.py:2941} INFO - Sync 1 DAGs
[2023-12-06T19:02:28.848+0000] {logging_mixin.py:154} INFO - [2023-12-06T19:02:28.848+0000] {dag.py:3722} INFO - Setting next_dagrun for example_nested_branch_dag to 2023-12-05T00:00:00+00:00, run_after=2023-12-06T00:00:00+00:00
[2023-12-06T19:02:28.871+0000] {processor.py:179} INFO - Processing /usr/local/lib/python3.10/dist-packages/airflow/example_dags/example_nested_branch_dag.py took 0.082 seconds
[2023-12-06T19:03:12.969+0000] {processor.py:157} INFO - Started process (PID=6585) to work on /usr/local/lib/python3.10/dist-packages/airflow/example_dags/example_nested_branch_dag.py
[2023-12-06T19:03:12.970+0000] {processor.py:829} INFO - Processing file /usr/local/lib/python3.10/dist-packages/airflow/example_dags/example_nested_branch_dag.py for tasks to queue
[2023-12-06T19:03:12.971+0000] {logging_mixin.py:154} INFO - [2023-12-06T19:03:12.971+0000] {dagbag.py:536} INFO - Filling up the DagBag from /usr/local/lib/python3.10/dist-packages/airflow/example_dags/example_nested_branch_dag.py
[2023-12-06T19:03:12.983+0000] {processor.py:839} INFO - DAG(s) dict_keys(['example_nested_branch_dag']) retrieved from /usr/local/lib/python3.10/dist-packages/airflow/example_dags/example_nested_branch_dag.py
[2023-12-06T19:03:13.002+0000] {logging_mixin.py:154} INFO - [2023-12-06T19:03:13.002+0000] {dag.py:2941} INFO - Sync 1 DAGs
[2023-12-06T19:03:13.025+0000] {logging_mixin.py:154} INFO - [2023-12-06T19:03:13.025+0000] {dag.py:3722} INFO - Setting next_dagrun for example_nested_branch_dag to 2023-12-05T00:00:00+00:00, run_after=2023-12-06T00:00:00+00:00
[2023-12-06T19:03:13.047+0000] {processor.py:179} INFO - Processing /usr/local/lib/python3.10/dist-packages/airflow/example_dags/example_nested_branch_dag.py took 0.082 seconds
[2023-12-06T19:04:04.448+0000] {processor.py:157} INFO - Started process (PID=6636) to work on /usr/local/lib/python3.10/dist-packages/airflow/example_dags/example_nested_branch_dag.py
[2023-12-06T19:04:04.449+0000] {processor.py:829} INFO - Processing file /usr/local/lib/python3.10/dist-packages/airflow/example_dags/example_nested_branch_dag.py for tasks to queue
[2023-12-06T19:04:04.450+0000] {logging_mixin.py:154} INFO - [2023-12-06T19:04:04.450+0000] {dagbag.py:536} INFO - Filling up the DagBag from /usr/local/lib/python3.10/dist-packages/airflow/example_dags/example_nested_branch_dag.py
[2023-12-06T19:04:04.462+0000] {processor.py:839} INFO - DAG(s) dict_keys(['example_nested_branch_dag']) retrieved from /usr/local/lib/python3.10/dist-packages/airflow/example_dags/example_nested_branch_dag.py
[2023-12-06T19:04:04.482+0000] {logging_mixin.py:154} INFO - [2023-12-06T19:04:04.481+0000] {dag.py:2941} INFO - Sync 1 DAGs
[2023-12-06T19:04:04.504+0000] {logging_mixin.py:154} INFO - [2023-12-06T19:04:04.504+0000] {dag.py:3722} INFO - Setting next_dagrun for example_nested_branch_dag to 2023-12-05T00:00:00+00:00, run_after=2023-12-06T00:00:00+00:00
[2023-12-06T19:04:04.527+0000] {processor.py:179} INFO - Processing /usr/local/lib/python3.10/dist-packages/airflow/example_dags/example_nested_branch_dag.py took 0.083 seconds
[2023-12-06T19:04:51.065+0000] {processor.py:157} INFO - Started process (PID=6847) to work on /usr/local/lib/python3.10/dist-packages/airflow/example_dags/example_nested_branch_dag.py
[2023-12-06T19:04:51.067+0000] {processor.py:829} INFO - Processing file /usr/local/lib/python3.10/dist-packages/airflow/example_dags/example_nested_branch_dag.py for tasks to queue
[2023-12-06T19:04:51.068+0000] {logging_mixin.py:154} INFO - [2023-12-06T19:04:51.067+0000] {dagbag.py:536} INFO - Filling up the DagBag from /usr/local/lib/python3.10/dist-packages/airflow/example_dags/example_nested_branch_dag.py
[2023-12-06T19:04:51.080+0000] {processor.py:839} INFO - DAG(s) dict_keys(['example_nested_branch_dag']) retrieved from /usr/local/lib/python3.10/dist-packages/airflow/example_dags/example_nested_branch_dag.py
[2023-12-06T19:04:51.099+0000] {logging_mixin.py:154} INFO - [2023-12-06T19:04:51.099+0000] {dag.py:2941} INFO - Sync 1 DAGs
[2023-12-06T19:04:51.121+0000] {logging_mixin.py:154} INFO - [2023-12-06T19:04:51.121+0000] {dag.py:3722} INFO - Setting next_dagrun for example_nested_branch_dag to 2023-12-05T00:00:00+00:00, run_after=2023-12-06T00:00:00+00:00
[2023-12-06T19:04:51.145+0000] {processor.py:179} INFO - Processing /usr/local/lib/python3.10/dist-packages/airflow/example_dags/example_nested_branch_dag.py took 0.083 seconds
[2023-12-06T19:05:42.530+0000] {processor.py:157} INFO - Started process (PID=6904) to work on /usr/local/lib/python3.10/dist-packages/airflow/example_dags/example_nested_branch_dag.py
[2023-12-06T19:05:42.533+0000] {processor.py:829} INFO - Processing file /usr/local/lib/python3.10/dist-packages/airflow/example_dags/example_nested_branch_dag.py for tasks to queue
[2023-12-06T19:05:42.534+0000] {logging_mixin.py:154} INFO - [2023-12-06T19:05:42.534+0000] {dagbag.py:536} INFO - Filling up the DagBag from /usr/local/lib/python3.10/dist-packages/airflow/example_dags/example_nested_branch_dag.py
[2023-12-06T19:05:42.546+0000] {processor.py:839} INFO - DAG(s) dict_keys(['example_nested_branch_dag']) retrieved from /usr/local/lib/python3.10/dist-packages/airflow/example_dags/example_nested_branch_dag.py
[2023-12-06T19:05:42.565+0000] {logging_mixin.py:154} INFO - [2023-12-06T19:05:42.565+0000] {dag.py:2941} INFO - Sync 1 DAGs
[2023-12-06T19:05:42.587+0000] {logging_mixin.py:154} INFO - [2023-12-06T19:05:42.587+0000] {dag.py:3722} INFO - Setting next_dagrun for example_nested_branch_dag to 2023-12-05T00:00:00+00:00, run_after=2023-12-06T00:00:00+00:00
[2023-12-06T19:05:42.615+0000] {processor.py:179} INFO - Processing /usr/local/lib/python3.10/dist-packages/airflow/example_dags/example_nested_branch_dag.py took 0.088 seconds
[2023-12-06T19:06:27.767+0000] {processor.py:157} INFO - Started process (PID=6952) to work on /usr/local/lib/python3.10/dist-packages/airflow/example_dags/example_nested_branch_dag.py
[2023-12-06T19:06:27.769+0000] {processor.py:829} INFO - Processing file /usr/local/lib/python3.10/dist-packages/airflow/example_dags/example_nested_branch_dag.py for tasks to queue
[2023-12-06T19:06:27.770+0000] {logging_mixin.py:154} INFO - [2023-12-06T19:06:27.769+0000] {dagbag.py:536} INFO - Filling up the DagBag from /usr/local/lib/python3.10/dist-packages/airflow/example_dags/example_nested_branch_dag.py
[2023-12-06T19:06:27.781+0000] {processor.py:839} INFO - DAG(s) dict_keys(['example_nested_branch_dag']) retrieved from /usr/local/lib/python3.10/dist-packages/airflow/example_dags/example_nested_branch_dag.py
[2023-12-06T19:06:27.800+0000] {logging_mixin.py:154} INFO - [2023-12-06T19:06:27.800+0000] {dag.py:2941} INFO - Sync 1 DAGs
[2023-12-06T19:06:27.822+0000] {logging_mixin.py:154} INFO - [2023-12-06T19:06:27.822+0000] {dag.py:3722} INFO - Setting next_dagrun for example_nested_branch_dag to 2023-12-05T00:00:00+00:00, run_after=2023-12-06T00:00:00+00:00
[2023-12-06T19:06:27.845+0000] {processor.py:179} INFO - Processing /usr/local/lib/python3.10/dist-packages/airflow/example_dags/example_nested_branch_dag.py took 0.083 seconds
[2023-12-06T19:07:15.316+0000] {processor.py:157} INFO - Started process (PID=6999) to work on /usr/local/lib/python3.10/dist-packages/airflow/example_dags/example_nested_branch_dag.py
[2023-12-06T19:07:15.317+0000] {processor.py:829} INFO - Processing file /usr/local/lib/python3.10/dist-packages/airflow/example_dags/example_nested_branch_dag.py for tasks to queue
[2023-12-06T19:07:15.319+0000] {logging_mixin.py:154} INFO - [2023-12-06T19:07:15.318+0000] {dagbag.py:536} INFO - Filling up the DagBag from /usr/local/lib/python3.10/dist-packages/airflow/example_dags/example_nested_branch_dag.py
[2023-12-06T19:07:15.330+0000] {processor.py:839} INFO - DAG(s) dict_keys(['example_nested_branch_dag']) retrieved from /usr/local/lib/python3.10/dist-packages/airflow/example_dags/example_nested_branch_dag.py
[2023-12-06T19:07:15.350+0000] {logging_mixin.py:154} INFO - [2023-12-06T19:07:15.350+0000] {dag.py:2941} INFO - Sync 1 DAGs
[2023-12-06T19:07:15.374+0000] {logging_mixin.py:154} INFO - [2023-12-06T19:07:15.373+0000] {dag.py:3722} INFO - Setting next_dagrun for example_nested_branch_dag to 2023-12-05T00:00:00+00:00, run_after=2023-12-06T00:00:00+00:00
[2023-12-06T19:07:15.397+0000] {processor.py:179} INFO - Processing /usr/local/lib/python3.10/dist-packages/airflow/example_dags/example_nested_branch_dag.py took 0.085 seconds
