[2023-12-06T18:22:30.227+0000] {processor.py:157} INFO - Started process (PID=3704) to work on /usr/local/lib/python3.10/dist-packages/airflow/example_dags/example_branch_day_of_week_operator.py
[2023-12-06T18:22:30.228+0000] {processor.py:829} INFO - Processing file /usr/local/lib/python3.10/dist-packages/airflow/example_dags/example_branch_day_of_week_operator.py for tasks to queue
[2023-12-06T18:22:30.229+0000] {logging_mixin.py:154} INFO - [2023-12-06T18:22:30.228+0000] {dagbag.py:536} INFO - Filling up the DagBag from /usr/local/lib/python3.10/dist-packages/airflow/example_dags/example_branch_day_of_week_operator.py
[2023-12-06T18:22:30.237+0000] {processor.py:839} INFO - DAG(s) dict_keys(['example_weekday_branch_operator']) retrieved from /usr/local/lib/python3.10/dist-packages/airflow/example_dags/example_branch_day_of_week_operator.py
[2023-12-06T18:22:30.351+0000] {logging_mixin.py:154} INFO - [2023-12-06T18:22:30.350+0000] {manager.py:499} INFO - Created Permission View: %s
[2023-12-06T18:22:30.364+0000] {logging_mixin.py:154} INFO - [2023-12-06T18:22:30.364+0000] {manager.py:499} INFO - Created Permission View: %s
[2023-12-06T18:22:30.375+0000] {logging_mixin.py:154} INFO - [2023-12-06T18:22:30.374+0000] {manager.py:499} INFO - Created Permission View: %s
[2023-12-06T18:22:30.375+0000] {logging_mixin.py:154} INFO - [2023-12-06T18:22:30.375+0000] {dag.py:2941} INFO - Sync 1 DAGs
[2023-12-06T18:22:30.386+0000] {logging_mixin.py:154} INFO - [2023-12-06T18:22:30.386+0000] {dag.py:2963} INFO - Creating ORM DAG for example_weekday_branch_operator
[2023-12-06T18:22:30.397+0000] {logging_mixin.py:154} INFO - [2023-12-06T18:22:30.396+0000] {dag.py:3722} INFO - Setting next_dagrun for example_weekday_branch_operator to 2023-12-05T00:00:00+00:00, run_after=2023-12-06T00:00:00+00:00
[2023-12-06T18:22:30.420+0000] {processor.py:179} INFO - Processing /usr/local/lib/python3.10/dist-packages/airflow/example_dags/example_branch_day_of_week_operator.py took 0.196 seconds
[2023-12-06T18:23:24.224+0000] {processor.py:157} INFO - Started process (PID=3762) to work on /usr/local/lib/python3.10/dist-packages/airflow/example_dags/example_branch_day_of_week_operator.py
[2023-12-06T18:23:24.225+0000] {processor.py:829} INFO - Processing file /usr/local/lib/python3.10/dist-packages/airflow/example_dags/example_branch_day_of_week_operator.py for tasks to queue
[2023-12-06T18:23:24.226+0000] {logging_mixin.py:154} INFO - [2023-12-06T18:23:24.226+0000] {dagbag.py:536} INFO - Filling up the DagBag from /usr/local/lib/python3.10/dist-packages/airflow/example_dags/example_branch_day_of_week_operator.py
[2023-12-06T18:23:24.235+0000] {processor.py:839} INFO - DAG(s) dict_keys(['example_weekday_branch_operator']) retrieved from /usr/local/lib/python3.10/dist-packages/airflow/example_dags/example_branch_day_of_week_operator.py
[2023-12-06T18:23:24.253+0000] {logging_mixin.py:154} INFO - [2023-12-06T18:23:24.253+0000] {dag.py:2941} INFO - Sync 1 DAGs
[2023-12-06T18:23:24.275+0000] {logging_mixin.py:154} INFO - [2023-12-06T18:23:24.275+0000] {dag.py:3722} INFO - Setting next_dagrun for example_weekday_branch_operator to 2023-12-05T00:00:00+00:00, run_after=2023-12-06T00:00:00+00:00
[2023-12-06T18:23:24.299+0000] {processor.py:179} INFO - Processing /usr/local/lib/python3.10/dist-packages/airflow/example_dags/example_branch_day_of_week_operator.py took 0.079 seconds
[2023-12-06T18:24:13.206+0000] {processor.py:157} INFO - Started process (PID=3811) to work on /usr/local/lib/python3.10/dist-packages/airflow/example_dags/example_branch_day_of_week_operator.py
[2023-12-06T18:24:13.207+0000] {processor.py:829} INFO - Processing file /usr/local/lib/python3.10/dist-packages/airflow/example_dags/example_branch_day_of_week_operator.py for tasks to queue
[2023-12-06T18:24:13.208+0000] {logging_mixin.py:154} INFO - [2023-12-06T18:24:13.208+0000] {dagbag.py:536} INFO - Filling up the DagBag from /usr/local/lib/python3.10/dist-packages/airflow/example_dags/example_branch_day_of_week_operator.py
[2023-12-06T18:24:13.217+0000] {processor.py:839} INFO - DAG(s) dict_keys(['example_weekday_branch_operator']) retrieved from /usr/local/lib/python3.10/dist-packages/airflow/example_dags/example_branch_day_of_week_operator.py
[2023-12-06T18:24:13.235+0000] {logging_mixin.py:154} INFO - [2023-12-06T18:24:13.235+0000] {dag.py:2941} INFO - Sync 1 DAGs
[2023-12-06T18:24:13.268+0000] {logging_mixin.py:154} INFO - [2023-12-06T18:24:13.268+0000] {dag.py:3722} INFO - Setting next_dagrun for example_weekday_branch_operator to 2023-12-05T00:00:00+00:00, run_after=2023-12-06T00:00:00+00:00
[2023-12-06T18:24:13.308+0000] {processor.py:179} INFO - Processing /usr/local/lib/python3.10/dist-packages/airflow/example_dags/example_branch_day_of_week_operator.py took 0.106 seconds
[2023-12-06T18:25:02.449+0000] {processor.py:157} INFO - Started process (PID=3864) to work on /usr/local/lib/python3.10/dist-packages/airflow/example_dags/example_branch_day_of_week_operator.py
[2023-12-06T18:25:02.451+0000] {processor.py:829} INFO - Processing file /usr/local/lib/python3.10/dist-packages/airflow/example_dags/example_branch_day_of_week_operator.py for tasks to queue
[2023-12-06T18:25:02.451+0000] {logging_mixin.py:154} INFO - [2023-12-06T18:25:02.451+0000] {dagbag.py:536} INFO - Filling up the DagBag from /usr/local/lib/python3.10/dist-packages/airflow/example_dags/example_branch_day_of_week_operator.py
[2023-12-06T18:25:02.470+0000] {processor.py:839} INFO - DAG(s) dict_keys(['example_weekday_branch_operator']) retrieved from /usr/local/lib/python3.10/dist-packages/airflow/example_dags/example_branch_day_of_week_operator.py
[2023-12-06T18:25:02.495+0000] {logging_mixin.py:154} INFO - [2023-12-06T18:25:02.495+0000] {dag.py:2941} INFO - Sync 1 DAGs
[2023-12-06T18:25:02.532+0000] {logging_mixin.py:154} INFO - [2023-12-06T18:25:02.532+0000] {dag.py:3722} INFO - Setting next_dagrun for example_weekday_branch_operator to 2023-12-05T00:00:00+00:00, run_after=2023-12-06T00:00:00+00:00
[2023-12-06T18:25:02.568+0000] {processor.py:179} INFO - Processing /usr/local/lib/python3.10/dist-packages/airflow/example_dags/example_branch_day_of_week_operator.py took 0.123 seconds
[2023-12-06T18:25:46.524+0000] {processor.py:157} INFO - Started process (PID=3912) to work on /usr/local/lib/python3.10/dist-packages/airflow/example_dags/example_branch_day_of_week_operator.py
[2023-12-06T18:25:46.525+0000] {processor.py:829} INFO - Processing file /usr/local/lib/python3.10/dist-packages/airflow/example_dags/example_branch_day_of_week_operator.py for tasks to queue
[2023-12-06T18:25:46.526+0000] {logging_mixin.py:154} INFO - [2023-12-06T18:25:46.526+0000] {dagbag.py:536} INFO - Filling up the DagBag from /usr/local/lib/python3.10/dist-packages/airflow/example_dags/example_branch_day_of_week_operator.py
[2023-12-06T18:25:46.535+0000] {processor.py:839} INFO - DAG(s) dict_keys(['example_weekday_branch_operator']) retrieved from /usr/local/lib/python3.10/dist-packages/airflow/example_dags/example_branch_day_of_week_operator.py
[2023-12-06T18:25:46.554+0000] {logging_mixin.py:154} INFO - [2023-12-06T18:25:46.554+0000] {dag.py:2941} INFO - Sync 1 DAGs
[2023-12-06T18:25:46.577+0000] {logging_mixin.py:154} INFO - [2023-12-06T18:25:46.577+0000] {dag.py:3722} INFO - Setting next_dagrun for example_weekday_branch_operator to 2023-12-05T00:00:00+00:00, run_after=2023-12-06T00:00:00+00:00
[2023-12-06T18:25:46.601+0000] {processor.py:179} INFO - Processing /usr/local/lib/python3.10/dist-packages/airflow/example_dags/example_branch_day_of_week_operator.py took 0.080 seconds
[2023-12-06T18:26:33.854+0000] {processor.py:157} INFO - Started process (PID=3959) to work on /usr/local/lib/python3.10/dist-packages/airflow/example_dags/example_branch_day_of_week_operator.py
[2023-12-06T18:26:33.856+0000] {processor.py:829} INFO - Processing file /usr/local/lib/python3.10/dist-packages/airflow/example_dags/example_branch_day_of_week_operator.py for tasks to queue
[2023-12-06T18:26:33.856+0000] {logging_mixin.py:154} INFO - [2023-12-06T18:26:33.856+0000] {dagbag.py:536} INFO - Filling up the DagBag from /usr/local/lib/python3.10/dist-packages/airflow/example_dags/example_branch_day_of_week_operator.py
[2023-12-06T18:26:33.865+0000] {processor.py:839} INFO - DAG(s) dict_keys(['example_weekday_branch_operator']) retrieved from /usr/local/lib/python3.10/dist-packages/airflow/example_dags/example_branch_day_of_week_operator.py
[2023-12-06T18:26:33.883+0000] {logging_mixin.py:154} INFO - [2023-12-06T18:26:33.883+0000] {dag.py:2941} INFO - Sync 1 DAGs
[2023-12-06T18:26:33.904+0000] {logging_mixin.py:154} INFO - [2023-12-06T18:26:33.904+0000] {dag.py:3722} INFO - Setting next_dagrun for example_weekday_branch_operator to 2023-12-05T00:00:00+00:00, run_after=2023-12-06T00:00:00+00:00
[2023-12-06T18:26:33.929+0000] {processor.py:179} INFO - Processing /usr/local/lib/python3.10/dist-packages/airflow/example_dags/example_branch_day_of_week_operator.py took 0.078 seconds
[2023-12-06T18:27:18.911+0000] {processor.py:157} INFO - Started process (PID=4007) to work on /usr/local/lib/python3.10/dist-packages/airflow/example_dags/example_branch_day_of_week_operator.py
[2023-12-06T18:27:18.912+0000] {processor.py:829} INFO - Processing file /usr/local/lib/python3.10/dist-packages/airflow/example_dags/example_branch_day_of_week_operator.py for tasks to queue
[2023-12-06T18:27:18.913+0000] {logging_mixin.py:154} INFO - [2023-12-06T18:27:18.912+0000] {dagbag.py:536} INFO - Filling up the DagBag from /usr/local/lib/python3.10/dist-packages/airflow/example_dags/example_branch_day_of_week_operator.py
[2023-12-06T18:27:18.921+0000] {processor.py:839} INFO - DAG(s) dict_keys(['example_weekday_branch_operator']) retrieved from /usr/local/lib/python3.10/dist-packages/airflow/example_dags/example_branch_day_of_week_operator.py
[2023-12-06T18:27:18.940+0000] {logging_mixin.py:154} INFO - [2023-12-06T18:27:18.940+0000] {dag.py:2941} INFO - Sync 1 DAGs
[2023-12-06T18:27:18.968+0000] {logging_mixin.py:154} INFO - [2023-12-06T18:27:18.968+0000] {dag.py:3722} INFO - Setting next_dagrun for example_weekday_branch_operator to 2023-12-05T00:00:00+00:00, run_after=2023-12-06T00:00:00+00:00
[2023-12-06T18:27:18.991+0000] {processor.py:179} INFO - Processing /usr/local/lib/python3.10/dist-packages/airflow/example_dags/example_branch_day_of_week_operator.py took 0.084 seconds
[2023-12-06T18:28:01.751+0000] {processor.py:157} INFO - Started process (PID=4053) to work on /usr/local/lib/python3.10/dist-packages/airflow/example_dags/example_branch_day_of_week_operator.py
[2023-12-06T18:28:01.753+0000] {processor.py:829} INFO - Processing file /usr/local/lib/python3.10/dist-packages/airflow/example_dags/example_branch_day_of_week_operator.py for tasks to queue
[2023-12-06T18:28:01.754+0000] {logging_mixin.py:154} INFO - [2023-12-06T18:28:01.754+0000] {dagbag.py:536} INFO - Filling up the DagBag from /usr/local/lib/python3.10/dist-packages/airflow/example_dags/example_branch_day_of_week_operator.py
[2023-12-06T18:28:01.763+0000] {processor.py:839} INFO - DAG(s) dict_keys(['example_weekday_branch_operator']) retrieved from /usr/local/lib/python3.10/dist-packages/airflow/example_dags/example_branch_day_of_week_operator.py
[2023-12-06T18:28:01.784+0000] {logging_mixin.py:154} INFO - [2023-12-06T18:28:01.783+0000] {dag.py:2941} INFO - Sync 1 DAGs
[2023-12-06T18:28:01.808+0000] {logging_mixin.py:154} INFO - [2023-12-06T18:28:01.807+0000] {dag.py:3722} INFO - Setting next_dagrun for example_weekday_branch_operator to 2023-12-05T00:00:00+00:00, run_after=2023-12-06T00:00:00+00:00
[2023-12-06T18:28:01.853+0000] {processor.py:179} INFO - Processing /usr/local/lib/python3.10/dist-packages/airflow/example_dags/example_branch_day_of_week_operator.py took 0.105 seconds
[2023-12-06T18:28:48.540+0000] {processor.py:157} INFO - Started process (PID=4099) to work on /usr/local/lib/python3.10/dist-packages/airflow/example_dags/example_branch_day_of_week_operator.py
[2023-12-06T18:28:48.542+0000] {processor.py:829} INFO - Processing file /usr/local/lib/python3.10/dist-packages/airflow/example_dags/example_branch_day_of_week_operator.py for tasks to queue
[2023-12-06T18:28:48.543+0000] {logging_mixin.py:154} INFO - [2023-12-06T18:28:48.542+0000] {dagbag.py:536} INFO - Filling up the DagBag from /usr/local/lib/python3.10/dist-packages/airflow/example_dags/example_branch_day_of_week_operator.py
[2023-12-06T18:28:48.551+0000] {processor.py:839} INFO - DAG(s) dict_keys(['example_weekday_branch_operator']) retrieved from /usr/local/lib/python3.10/dist-packages/airflow/example_dags/example_branch_day_of_week_operator.py
[2023-12-06T18:28:48.570+0000] {logging_mixin.py:154} INFO - [2023-12-06T18:28:48.570+0000] {dag.py:2941} INFO - Sync 1 DAGs
[2023-12-06T18:28:48.596+0000] {logging_mixin.py:154} INFO - [2023-12-06T18:28:48.596+0000] {dag.py:3722} INFO - Setting next_dagrun for example_weekday_branch_operator to 2023-12-05T00:00:00+00:00, run_after=2023-12-06T00:00:00+00:00
[2023-12-06T18:28:48.620+0000] {processor.py:179} INFO - Processing /usr/local/lib/python3.10/dist-packages/airflow/example_dags/example_branch_day_of_week_operator.py took 0.083 seconds
[2023-12-06T18:29:34.260+0000] {processor.py:157} INFO - Started process (PID=4148) to work on /usr/local/lib/python3.10/dist-packages/airflow/example_dags/example_branch_day_of_week_operator.py
[2023-12-06T18:29:34.262+0000] {processor.py:829} INFO - Processing file /usr/local/lib/python3.10/dist-packages/airflow/example_dags/example_branch_day_of_week_operator.py for tasks to queue
[2023-12-06T18:29:34.262+0000] {logging_mixin.py:154} INFO - [2023-12-06T18:29:34.262+0000] {dagbag.py:536} INFO - Filling up the DagBag from /usr/local/lib/python3.10/dist-packages/airflow/example_dags/example_branch_day_of_week_operator.py
[2023-12-06T18:29:34.271+0000] {processor.py:839} INFO - DAG(s) dict_keys(['example_weekday_branch_operator']) retrieved from /usr/local/lib/python3.10/dist-packages/airflow/example_dags/example_branch_day_of_week_operator.py
[2023-12-06T18:29:34.290+0000] {logging_mixin.py:154} INFO - [2023-12-06T18:29:34.290+0000] {dag.py:2941} INFO - Sync 1 DAGs
[2023-12-06T18:29:34.311+0000] {logging_mixin.py:154} INFO - [2023-12-06T18:29:34.311+0000] {dag.py:3722} INFO - Setting next_dagrun for example_weekday_branch_operator to 2023-12-05T00:00:00+00:00, run_after=2023-12-06T00:00:00+00:00
[2023-12-06T18:29:34.375+0000] {processor.py:179} INFO - Processing /usr/local/lib/python3.10/dist-packages/airflow/example_dags/example_branch_day_of_week_operator.py took 0.119 seconds
[2023-12-06T18:30:19.402+0000] {processor.py:157} INFO - Started process (PID=4194) to work on /usr/local/lib/python3.10/dist-packages/airflow/example_dags/example_branch_day_of_week_operator.py
[2023-12-06T18:30:19.403+0000] {processor.py:829} INFO - Processing file /usr/local/lib/python3.10/dist-packages/airflow/example_dags/example_branch_day_of_week_operator.py for tasks to queue
[2023-12-06T18:30:19.404+0000] {logging_mixin.py:154} INFO - [2023-12-06T18:30:19.404+0000] {dagbag.py:536} INFO - Filling up the DagBag from /usr/local/lib/python3.10/dist-packages/airflow/example_dags/example_branch_day_of_week_operator.py
[2023-12-06T18:30:19.413+0000] {processor.py:839} INFO - DAG(s) dict_keys(['example_weekday_branch_operator']) retrieved from /usr/local/lib/python3.10/dist-packages/airflow/example_dags/example_branch_day_of_week_operator.py
[2023-12-06T18:30:19.431+0000] {logging_mixin.py:154} INFO - [2023-12-06T18:30:19.431+0000] {dag.py:2941} INFO - Sync 1 DAGs
[2023-12-06T18:30:19.453+0000] {logging_mixin.py:154} INFO - [2023-12-06T18:30:19.453+0000] {dag.py:3722} INFO - Setting next_dagrun for example_weekday_branch_operator to 2023-12-05T00:00:00+00:00, run_after=2023-12-06T00:00:00+00:00
[2023-12-06T18:30:19.474+0000] {processor.py:179} INFO - Processing /usr/local/lib/python3.10/dist-packages/airflow/example_dags/example_branch_day_of_week_operator.py took 0.076 seconds
[2023-12-06T18:31:03.688+0000] {processor.py:157} INFO - Started process (PID=4242) to work on /usr/local/lib/python3.10/dist-packages/airflow/example_dags/example_branch_day_of_week_operator.py
[2023-12-06T18:31:03.689+0000] {processor.py:829} INFO - Processing file /usr/local/lib/python3.10/dist-packages/airflow/example_dags/example_branch_day_of_week_operator.py for tasks to queue
[2023-12-06T18:31:03.690+0000] {logging_mixin.py:154} INFO - [2023-12-06T18:31:03.690+0000] {dagbag.py:536} INFO - Filling up the DagBag from /usr/local/lib/python3.10/dist-packages/airflow/example_dags/example_branch_day_of_week_operator.py
[2023-12-06T18:31:03.699+0000] {processor.py:839} INFO - DAG(s) dict_keys(['example_weekday_branch_operator']) retrieved from /usr/local/lib/python3.10/dist-packages/airflow/example_dags/example_branch_day_of_week_operator.py
[2023-12-06T18:31:03.718+0000] {logging_mixin.py:154} INFO - [2023-12-06T18:31:03.718+0000] {dag.py:2941} INFO - Sync 1 DAGs
[2023-12-06T18:31:03.742+0000] {logging_mixin.py:154} INFO - [2023-12-06T18:31:03.741+0000] {dag.py:3722} INFO - Setting next_dagrun for example_weekday_branch_operator to 2023-12-05T00:00:00+00:00, run_after=2023-12-06T00:00:00+00:00
[2023-12-06T18:31:03.815+0000] {processor.py:179} INFO - Processing /usr/local/lib/python3.10/dist-packages/airflow/example_dags/example_branch_day_of_week_operator.py took 0.131 seconds
[2023-12-06T18:31:46.903+0000] {processor.py:157} INFO - Started process (PID=4288) to work on /usr/local/lib/python3.10/dist-packages/airflow/example_dags/example_branch_day_of_week_operator.py
[2023-12-06T18:31:46.904+0000] {processor.py:829} INFO - Processing file /usr/local/lib/python3.10/dist-packages/airflow/example_dags/example_branch_day_of_week_operator.py for tasks to queue
[2023-12-06T18:31:46.905+0000] {logging_mixin.py:154} INFO - [2023-12-06T18:31:46.904+0000] {dagbag.py:536} INFO - Filling up the DagBag from /usr/local/lib/python3.10/dist-packages/airflow/example_dags/example_branch_day_of_week_operator.py
[2023-12-06T18:31:46.913+0000] {processor.py:839} INFO - DAG(s) dict_keys(['example_weekday_branch_operator']) retrieved from /usr/local/lib/python3.10/dist-packages/airflow/example_dags/example_branch_day_of_week_operator.py
[2023-12-06T18:31:46.932+0000] {logging_mixin.py:154} INFO - [2023-12-06T18:31:46.932+0000] {dag.py:2941} INFO - Sync 1 DAGs
[2023-12-06T18:31:46.954+0000] {logging_mixin.py:154} INFO - [2023-12-06T18:31:46.954+0000] {dag.py:3722} INFO - Setting next_dagrun for example_weekday_branch_operator to 2023-12-05T00:00:00+00:00, run_after=2023-12-06T00:00:00+00:00
[2023-12-06T18:31:46.975+0000] {processor.py:179} INFO - Processing /usr/local/lib/python3.10/dist-packages/airflow/example_dags/example_branch_day_of_week_operator.py took 0.076 seconds
[2023-12-06T18:32:44.039+0000] {processor.py:157} INFO - Started process (PID=4346) to work on /usr/local/lib/python3.10/dist-packages/airflow/example_dags/example_branch_day_of_week_operator.py
[2023-12-06T18:32:44.041+0000] {processor.py:829} INFO - Processing file /usr/local/lib/python3.10/dist-packages/airflow/example_dags/example_branch_day_of_week_operator.py for tasks to queue
[2023-12-06T18:32:44.042+0000] {logging_mixin.py:154} INFO - [2023-12-06T18:32:44.042+0000] {dagbag.py:536} INFO - Filling up the DagBag from /usr/local/lib/python3.10/dist-packages/airflow/example_dags/example_branch_day_of_week_operator.py
[2023-12-06T18:32:44.051+0000] {processor.py:839} INFO - DAG(s) dict_keys(['example_weekday_branch_operator']) retrieved from /usr/local/lib/python3.10/dist-packages/airflow/example_dags/example_branch_day_of_week_operator.py
[2023-12-06T18:32:44.070+0000] {logging_mixin.py:154} INFO - [2023-12-06T18:32:44.070+0000] {dag.py:2941} INFO - Sync 1 DAGs
[2023-12-06T18:32:44.092+0000] {logging_mixin.py:154} INFO - [2023-12-06T18:32:44.092+0000] {dag.py:3722} INFO - Setting next_dagrun for example_weekday_branch_operator to 2023-12-05T00:00:00+00:00, run_after=2023-12-06T00:00:00+00:00
[2023-12-06T18:32:44.115+0000] {processor.py:179} INFO - Processing /usr/local/lib/python3.10/dist-packages/airflow/example_dags/example_branch_day_of_week_operator.py took 0.079 seconds
[2023-12-06T18:33:30.692+0000] {processor.py:157} INFO - Started process (PID=4394) to work on /usr/local/lib/python3.10/dist-packages/airflow/example_dags/example_branch_day_of_week_operator.py
[2023-12-06T18:33:30.695+0000] {processor.py:829} INFO - Processing file /usr/local/lib/python3.10/dist-packages/airflow/example_dags/example_branch_day_of_week_operator.py for tasks to queue
[2023-12-06T18:33:30.696+0000] {logging_mixin.py:154} INFO - [2023-12-06T18:33:30.695+0000] {dagbag.py:536} INFO - Filling up the DagBag from /usr/local/lib/python3.10/dist-packages/airflow/example_dags/example_branch_day_of_week_operator.py
[2023-12-06T18:33:30.705+0000] {processor.py:839} INFO - DAG(s) dict_keys(['example_weekday_branch_operator']) retrieved from /usr/local/lib/python3.10/dist-packages/airflow/example_dags/example_branch_day_of_week_operator.py
[2023-12-06T18:33:30.724+0000] {logging_mixin.py:154} INFO - [2023-12-06T18:33:30.724+0000] {dag.py:2941} INFO - Sync 1 DAGs
[2023-12-06T18:33:30.746+0000] {logging_mixin.py:154} INFO - [2023-12-06T18:33:30.746+0000] {dag.py:3722} INFO - Setting next_dagrun for example_weekday_branch_operator to 2023-12-05T00:00:00+00:00, run_after=2023-12-06T00:00:00+00:00
[2023-12-06T18:33:30.768+0000] {processor.py:179} INFO - Processing /usr/local/lib/python3.10/dist-packages/airflow/example_dags/example_branch_day_of_week_operator.py took 0.080 seconds
[2023-12-06T18:34:17.000+0000] {processor.py:157} INFO - Started process (PID=4441) to work on /usr/local/lib/python3.10/dist-packages/airflow/example_dags/example_branch_day_of_week_operator.py
[2023-12-06T18:34:17.001+0000] {processor.py:829} INFO - Processing file /usr/local/lib/python3.10/dist-packages/airflow/example_dags/example_branch_day_of_week_operator.py for tasks to queue
[2023-12-06T18:34:17.002+0000] {logging_mixin.py:154} INFO - [2023-12-06T18:34:17.001+0000] {dagbag.py:536} INFO - Filling up the DagBag from /usr/local/lib/python3.10/dist-packages/airflow/example_dags/example_branch_day_of_week_operator.py
[2023-12-06T18:34:17.011+0000] {processor.py:839} INFO - DAG(s) dict_keys(['example_weekday_branch_operator']) retrieved from /usr/local/lib/python3.10/dist-packages/airflow/example_dags/example_branch_day_of_week_operator.py
[2023-12-06T18:34:17.029+0000] {logging_mixin.py:154} INFO - [2023-12-06T18:34:17.029+0000] {dag.py:2941} INFO - Sync 1 DAGs
[2023-12-06T18:34:17.062+0000] {logging_mixin.py:154} INFO - [2023-12-06T18:34:17.061+0000] {dag.py:3722} INFO - Setting next_dagrun for example_weekday_branch_operator to 2023-12-05T00:00:00+00:00, run_after=2023-12-06T00:00:00+00:00
[2023-12-06T18:34:17.083+0000] {processor.py:179} INFO - Processing /usr/local/lib/python3.10/dist-packages/airflow/example_dags/example_branch_day_of_week_operator.py took 0.087 seconds
[2023-12-06T18:35:04.461+0000] {processor.py:157} INFO - Started process (PID=4489) to work on /usr/local/lib/python3.10/dist-packages/airflow/example_dags/example_branch_day_of_week_operator.py
[2023-12-06T18:35:04.462+0000] {processor.py:829} INFO - Processing file /usr/local/lib/python3.10/dist-packages/airflow/example_dags/example_branch_day_of_week_operator.py for tasks to queue
[2023-12-06T18:35:04.463+0000] {logging_mixin.py:154} INFO - [2023-12-06T18:35:04.463+0000] {dagbag.py:536} INFO - Filling up the DagBag from /usr/local/lib/python3.10/dist-packages/airflow/example_dags/example_branch_day_of_week_operator.py
[2023-12-06T18:35:04.472+0000] {processor.py:839} INFO - DAG(s) dict_keys(['example_weekday_branch_operator']) retrieved from /usr/local/lib/python3.10/dist-packages/airflow/example_dags/example_branch_day_of_week_operator.py
[2023-12-06T18:35:04.491+0000] {logging_mixin.py:154} INFO - [2023-12-06T18:35:04.491+0000] {dag.py:2941} INFO - Sync 1 DAGs
[2023-12-06T18:35:04.515+0000] {logging_mixin.py:154} INFO - [2023-12-06T18:35:04.514+0000] {dag.py:3722} INFO - Setting next_dagrun for example_weekday_branch_operator to 2023-12-05T00:00:00+00:00, run_after=2023-12-06T00:00:00+00:00
[2023-12-06T18:35:04.538+0000] {processor.py:179} INFO - Processing /usr/local/lib/python3.10/dist-packages/airflow/example_dags/example_branch_day_of_week_operator.py took 0.081 seconds
[2023-12-06T18:35:50.985+0000] {processor.py:157} INFO - Started process (PID=4539) to work on /usr/local/lib/python3.10/dist-packages/airflow/example_dags/example_branch_day_of_week_operator.py
[2023-12-06T18:35:50.986+0000] {processor.py:829} INFO - Processing file /usr/local/lib/python3.10/dist-packages/airflow/example_dags/example_branch_day_of_week_operator.py for tasks to queue
[2023-12-06T18:35:50.987+0000] {logging_mixin.py:154} INFO - [2023-12-06T18:35:50.987+0000] {dagbag.py:536} INFO - Filling up the DagBag from /usr/local/lib/python3.10/dist-packages/airflow/example_dags/example_branch_day_of_week_operator.py
[2023-12-06T18:35:50.996+0000] {processor.py:839} INFO - DAG(s) dict_keys(['example_weekday_branch_operator']) retrieved from /usr/local/lib/python3.10/dist-packages/airflow/example_dags/example_branch_day_of_week_operator.py
[2023-12-06T18:35:51.015+0000] {logging_mixin.py:154} INFO - [2023-12-06T18:35:51.015+0000] {dag.py:2941} INFO - Sync 1 DAGs
[2023-12-06T18:35:51.037+0000] {logging_mixin.py:154} INFO - [2023-12-06T18:35:51.037+0000] {dag.py:3722} INFO - Setting next_dagrun for example_weekday_branch_operator to 2023-12-05T00:00:00+00:00, run_after=2023-12-06T00:00:00+00:00
[2023-12-06T18:35:51.059+0000] {processor.py:179} INFO - Processing /usr/local/lib/python3.10/dist-packages/airflow/example_dags/example_branch_day_of_week_operator.py took 0.078 seconds
[2023-12-06T18:36:36.796+0000] {processor.py:157} INFO - Started process (PID=4585) to work on /usr/local/lib/python3.10/dist-packages/airflow/example_dags/example_branch_day_of_week_operator.py
[2023-12-06T18:36:36.798+0000] {processor.py:829} INFO - Processing file /usr/local/lib/python3.10/dist-packages/airflow/example_dags/example_branch_day_of_week_operator.py for tasks to queue
[2023-12-06T18:36:36.798+0000] {logging_mixin.py:154} INFO - [2023-12-06T18:36:36.798+0000] {dagbag.py:536} INFO - Filling up the DagBag from /usr/local/lib/python3.10/dist-packages/airflow/example_dags/example_branch_day_of_week_operator.py
[2023-12-06T18:36:36.808+0000] {processor.py:839} INFO - DAG(s) dict_keys(['example_weekday_branch_operator']) retrieved from /usr/local/lib/python3.10/dist-packages/airflow/example_dags/example_branch_day_of_week_operator.py
[2023-12-06T18:36:36.827+0000] {logging_mixin.py:154} INFO - [2023-12-06T18:36:36.827+0000] {dag.py:2941} INFO - Sync 1 DAGs
[2023-12-06T18:36:36.849+0000] {logging_mixin.py:154} INFO - [2023-12-06T18:36:36.849+0000] {dag.py:3722} INFO - Setting next_dagrun for example_weekday_branch_operator to 2023-12-05T00:00:00+00:00, run_after=2023-12-06T00:00:00+00:00
[2023-12-06T18:36:36.872+0000] {processor.py:179} INFO - Processing /usr/local/lib/python3.10/dist-packages/airflow/example_dags/example_branch_day_of_week_operator.py took 0.080 seconds
[2023-12-06T18:37:22.282+0000] {processor.py:157} INFO - Started process (PID=4633) to work on /usr/local/lib/python3.10/dist-packages/airflow/example_dags/example_branch_day_of_week_operator.py
[2023-12-06T18:37:22.284+0000] {processor.py:829} INFO - Processing file /usr/local/lib/python3.10/dist-packages/airflow/example_dags/example_branch_day_of_week_operator.py for tasks to queue
[2023-12-06T18:37:22.284+0000] {logging_mixin.py:154} INFO - [2023-12-06T18:37:22.284+0000] {dagbag.py:536} INFO - Filling up the DagBag from /usr/local/lib/python3.10/dist-packages/airflow/example_dags/example_branch_day_of_week_operator.py
[2023-12-06T18:37:22.298+0000] {processor.py:839} INFO - DAG(s) dict_keys(['example_weekday_branch_operator']) retrieved from /usr/local/lib/python3.10/dist-packages/airflow/example_dags/example_branch_day_of_week_operator.py
[2023-12-06T18:37:22.318+0000] {logging_mixin.py:154} INFO - [2023-12-06T18:37:22.318+0000] {dag.py:2941} INFO - Sync 1 DAGs
[2023-12-06T18:37:22.340+0000] {logging_mixin.py:154} INFO - [2023-12-06T18:37:22.340+0000] {dag.py:3722} INFO - Setting next_dagrun for example_weekday_branch_operator to 2023-12-05T00:00:00+00:00, run_after=2023-12-06T00:00:00+00:00
[2023-12-06T18:37:22.441+0000] {processor.py:179} INFO - Processing /usr/local/lib/python3.10/dist-packages/airflow/example_dags/example_branch_day_of_week_operator.py took 0.162 seconds
[2023-12-06T18:38:08.955+0000] {processor.py:157} INFO - Started process (PID=4680) to work on /usr/local/lib/python3.10/dist-packages/airflow/example_dags/example_branch_day_of_week_operator.py
[2023-12-06T18:38:08.956+0000] {processor.py:829} INFO - Processing file /usr/local/lib/python3.10/dist-packages/airflow/example_dags/example_branch_day_of_week_operator.py for tasks to queue
[2023-12-06T18:38:08.957+0000] {logging_mixin.py:154} INFO - [2023-12-06T18:38:08.956+0000] {dagbag.py:536} INFO - Filling up the DagBag from /usr/local/lib/python3.10/dist-packages/airflow/example_dags/example_branch_day_of_week_operator.py
[2023-12-06T18:38:08.966+0000] {processor.py:839} INFO - DAG(s) dict_keys(['example_weekday_branch_operator']) retrieved from /usr/local/lib/python3.10/dist-packages/airflow/example_dags/example_branch_day_of_week_operator.py
[2023-12-06T18:38:08.985+0000] {logging_mixin.py:154} INFO - [2023-12-06T18:38:08.985+0000] {dag.py:2941} INFO - Sync 1 DAGs
[2023-12-06T18:38:09.008+0000] {logging_mixin.py:154} INFO - [2023-12-06T18:38:09.008+0000] {dag.py:3722} INFO - Setting next_dagrun for example_weekday_branch_operator to 2023-12-05T00:00:00+00:00, run_after=2023-12-06T00:00:00+00:00
[2023-12-06T18:38:09.034+0000] {processor.py:179} INFO - Processing /usr/local/lib/python3.10/dist-packages/airflow/example_dags/example_branch_day_of_week_operator.py took 0.083 seconds
[2023-12-06T18:38:56.809+0000] {processor.py:157} INFO - Started process (PID=4728) to work on /usr/local/lib/python3.10/dist-packages/airflow/example_dags/example_branch_day_of_week_operator.py
[2023-12-06T18:38:56.810+0000] {processor.py:829} INFO - Processing file /usr/local/lib/python3.10/dist-packages/airflow/example_dags/example_branch_day_of_week_operator.py for tasks to queue
[2023-12-06T18:38:56.811+0000] {logging_mixin.py:154} INFO - [2023-12-06T18:38:56.811+0000] {dagbag.py:536} INFO - Filling up the DagBag from /usr/local/lib/python3.10/dist-packages/airflow/example_dags/example_branch_day_of_week_operator.py
[2023-12-06T18:38:56.820+0000] {processor.py:839} INFO - DAG(s) dict_keys(['example_weekday_branch_operator']) retrieved from /usr/local/lib/python3.10/dist-packages/airflow/example_dags/example_branch_day_of_week_operator.py
[2023-12-06T18:38:56.839+0000] {logging_mixin.py:154} INFO - [2023-12-06T18:38:56.839+0000] {dag.py:2941} INFO - Sync 1 DAGs
[2023-12-06T18:38:56.861+0000] {logging_mixin.py:154} INFO - [2023-12-06T18:38:56.861+0000] {dag.py:3722} INFO - Setting next_dagrun for example_weekday_branch_operator to 2023-12-05T00:00:00+00:00, run_after=2023-12-06T00:00:00+00:00
[2023-12-06T18:38:56.886+0000] {processor.py:179} INFO - Processing /usr/local/lib/python3.10/dist-packages/airflow/example_dags/example_branch_day_of_week_operator.py took 0.081 seconds
[2023-12-06T18:39:44.291+0000] {processor.py:157} INFO - Started process (PID=4776) to work on /usr/local/lib/python3.10/dist-packages/airflow/example_dags/example_branch_day_of_week_operator.py
[2023-12-06T18:39:44.292+0000] {processor.py:829} INFO - Processing file /usr/local/lib/python3.10/dist-packages/airflow/example_dags/example_branch_day_of_week_operator.py for tasks to queue
[2023-12-06T18:39:44.293+0000] {logging_mixin.py:154} INFO - [2023-12-06T18:39:44.293+0000] {dagbag.py:536} INFO - Filling up the DagBag from /usr/local/lib/python3.10/dist-packages/airflow/example_dags/example_branch_day_of_week_operator.py
[2023-12-06T18:39:44.302+0000] {processor.py:839} INFO - DAG(s) dict_keys(['example_weekday_branch_operator']) retrieved from /usr/local/lib/python3.10/dist-packages/airflow/example_dags/example_branch_day_of_week_operator.py
[2023-12-06T18:39:44.320+0000] {logging_mixin.py:154} INFO - [2023-12-06T18:39:44.320+0000] {dag.py:2941} INFO - Sync 1 DAGs
[2023-12-06T18:39:44.343+0000] {logging_mixin.py:154} INFO - [2023-12-06T18:39:44.342+0000] {dag.py:3722} INFO - Setting next_dagrun for example_weekday_branch_operator to 2023-12-05T00:00:00+00:00, run_after=2023-12-06T00:00:00+00:00
[2023-12-06T18:39:44.364+0000] {processor.py:179} INFO - Processing /usr/local/lib/python3.10/dist-packages/airflow/example_dags/example_branch_day_of_week_operator.py took 0.076 seconds
[2023-12-06T18:40:35.107+0000] {processor.py:157} INFO - Started process (PID=4826) to work on /usr/local/lib/python3.10/dist-packages/airflow/example_dags/example_branch_day_of_week_operator.py
[2023-12-06T18:40:35.109+0000] {processor.py:829} INFO - Processing file /usr/local/lib/python3.10/dist-packages/airflow/example_dags/example_branch_day_of_week_operator.py for tasks to queue
[2023-12-06T18:40:35.110+0000] {logging_mixin.py:154} INFO - [2023-12-06T18:40:35.109+0000] {dagbag.py:536} INFO - Filling up the DagBag from /usr/local/lib/python3.10/dist-packages/airflow/example_dags/example_branch_day_of_week_operator.py
[2023-12-06T18:40:35.119+0000] {processor.py:839} INFO - DAG(s) dict_keys(['example_weekday_branch_operator']) retrieved from /usr/local/lib/python3.10/dist-packages/airflow/example_dags/example_branch_day_of_week_operator.py
[2023-12-06T18:40:35.138+0000] {logging_mixin.py:154} INFO - [2023-12-06T18:40:35.138+0000] {dag.py:2941} INFO - Sync 1 DAGs
[2023-12-06T18:40:35.161+0000] {logging_mixin.py:154} INFO - [2023-12-06T18:40:35.161+0000] {dag.py:3722} INFO - Setting next_dagrun for example_weekday_branch_operator to 2023-12-05T00:00:00+00:00, run_after=2023-12-06T00:00:00+00:00
[2023-12-06T18:40:35.185+0000] {processor.py:179} INFO - Processing /usr/local/lib/python3.10/dist-packages/airflow/example_dags/example_branch_day_of_week_operator.py took 0.081 seconds
[2023-12-06T18:41:25.421+0000] {processor.py:157} INFO - Started process (PID=4877) to work on /usr/local/lib/python3.10/dist-packages/airflow/example_dags/example_branch_day_of_week_operator.py
[2023-12-06T18:41:25.423+0000] {processor.py:829} INFO - Processing file /usr/local/lib/python3.10/dist-packages/airflow/example_dags/example_branch_day_of_week_operator.py for tasks to queue
[2023-12-06T18:41:25.424+0000] {logging_mixin.py:154} INFO - [2023-12-06T18:41:25.423+0000] {dagbag.py:536} INFO - Filling up the DagBag from /usr/local/lib/python3.10/dist-packages/airflow/example_dags/example_branch_day_of_week_operator.py
[2023-12-06T18:41:25.433+0000] {processor.py:839} INFO - DAG(s) dict_keys(['example_weekday_branch_operator']) retrieved from /usr/local/lib/python3.10/dist-packages/airflow/example_dags/example_branch_day_of_week_operator.py
[2023-12-06T18:41:25.451+0000] {logging_mixin.py:154} INFO - [2023-12-06T18:41:25.451+0000] {dag.py:2941} INFO - Sync 1 DAGs
[2023-12-06T18:41:25.473+0000] {logging_mixin.py:154} INFO - [2023-12-06T18:41:25.472+0000] {dag.py:3722} INFO - Setting next_dagrun for example_weekday_branch_operator to 2023-12-05T00:00:00+00:00, run_after=2023-12-06T00:00:00+00:00
[2023-12-06T18:41:25.494+0000] {processor.py:179} INFO - Processing /usr/local/lib/python3.10/dist-packages/airflow/example_dags/example_branch_day_of_week_operator.py took 0.077 seconds
[2023-12-06T18:42:11.026+0000] {processor.py:157} INFO - Started process (PID=4924) to work on /usr/local/lib/python3.10/dist-packages/airflow/example_dags/example_branch_day_of_week_operator.py
[2023-12-06T18:42:11.028+0000] {processor.py:829} INFO - Processing file /usr/local/lib/python3.10/dist-packages/airflow/example_dags/example_branch_day_of_week_operator.py for tasks to queue
[2023-12-06T18:42:11.029+0000] {logging_mixin.py:154} INFO - [2023-12-06T18:42:11.028+0000] {dagbag.py:536} INFO - Filling up the DagBag from /usr/local/lib/python3.10/dist-packages/airflow/example_dags/example_branch_day_of_week_operator.py
[2023-12-06T18:42:11.038+0000] {processor.py:839} INFO - DAG(s) dict_keys(['example_weekday_branch_operator']) retrieved from /usr/local/lib/python3.10/dist-packages/airflow/example_dags/example_branch_day_of_week_operator.py
[2023-12-06T18:42:11.057+0000] {logging_mixin.py:154} INFO - [2023-12-06T18:42:11.057+0000] {dag.py:2941} INFO - Sync 1 DAGs
[2023-12-06T18:42:11.079+0000] {logging_mixin.py:154} INFO - [2023-12-06T18:42:11.079+0000] {dag.py:3722} INFO - Setting next_dagrun for example_weekday_branch_operator to 2023-12-05T00:00:00+00:00, run_after=2023-12-06T00:00:00+00:00
[2023-12-06T18:42:11.104+0000] {processor.py:179} INFO - Processing /usr/local/lib/python3.10/dist-packages/airflow/example_dags/example_branch_day_of_week_operator.py took 0.081 seconds
[2023-12-06T18:43:00.189+0000] {processor.py:157} INFO - Started process (PID=4972) to work on /usr/local/lib/python3.10/dist-packages/airflow/example_dags/example_branch_day_of_week_operator.py
[2023-12-06T18:43:00.190+0000] {processor.py:829} INFO - Processing file /usr/local/lib/python3.10/dist-packages/airflow/example_dags/example_branch_day_of_week_operator.py for tasks to queue
[2023-12-06T18:43:00.191+0000] {logging_mixin.py:154} INFO - [2023-12-06T18:43:00.191+0000] {dagbag.py:536} INFO - Filling up the DagBag from /usr/local/lib/python3.10/dist-packages/airflow/example_dags/example_branch_day_of_week_operator.py
[2023-12-06T18:43:00.201+0000] {processor.py:839} INFO - DAG(s) dict_keys(['example_weekday_branch_operator']) retrieved from /usr/local/lib/python3.10/dist-packages/airflow/example_dags/example_branch_day_of_week_operator.py
[2023-12-06T18:43:00.220+0000] {logging_mixin.py:154} INFO - [2023-12-06T18:43:00.220+0000] {dag.py:2941} INFO - Sync 1 DAGs
[2023-12-06T18:43:00.251+0000] {logging_mixin.py:154} INFO - [2023-12-06T18:43:00.251+0000] {dag.py:3722} INFO - Setting next_dagrun for example_weekday_branch_operator to 2023-12-05T00:00:00+00:00, run_after=2023-12-06T00:00:00+00:00
[2023-12-06T18:43:00.278+0000] {processor.py:179} INFO - Processing /usr/local/lib/python3.10/dist-packages/airflow/example_dags/example_branch_day_of_week_operator.py took 0.092 seconds
[2023-12-06T18:43:52.643+0000] {processor.py:157} INFO - Started process (PID=5025) to work on /usr/local/lib/python3.10/dist-packages/airflow/example_dags/example_branch_day_of_week_operator.py
[2023-12-06T18:43:52.644+0000] {processor.py:829} INFO - Processing file /usr/local/lib/python3.10/dist-packages/airflow/example_dags/example_branch_day_of_week_operator.py for tasks to queue
[2023-12-06T18:43:52.645+0000] {logging_mixin.py:154} INFO - [2023-12-06T18:43:52.645+0000] {dagbag.py:536} INFO - Filling up the DagBag from /usr/local/lib/python3.10/dist-packages/airflow/example_dags/example_branch_day_of_week_operator.py
[2023-12-06T18:43:52.654+0000] {processor.py:839} INFO - DAG(s) dict_keys(['example_weekday_branch_operator']) retrieved from /usr/local/lib/python3.10/dist-packages/airflow/example_dags/example_branch_day_of_week_operator.py
[2023-12-06T18:43:52.672+0000] {logging_mixin.py:154} INFO - [2023-12-06T18:43:52.672+0000] {dag.py:2941} INFO - Sync 1 DAGs
[2023-12-06T18:43:52.695+0000] {logging_mixin.py:154} INFO - [2023-12-06T18:43:52.695+0000] {dag.py:3722} INFO - Setting next_dagrun for example_weekday_branch_operator to 2023-12-05T00:00:00+00:00, run_after=2023-12-06T00:00:00+00:00
[2023-12-06T18:43:52.717+0000] {processor.py:179} INFO - Processing /usr/local/lib/python3.10/dist-packages/airflow/example_dags/example_branch_day_of_week_operator.py took 0.078 seconds
[2023-12-06T18:44:41.941+0000] {processor.py:157} INFO - Started process (PID=5074) to work on /usr/local/lib/python3.10/dist-packages/airflow/example_dags/example_branch_day_of_week_operator.py
[2023-12-06T18:44:41.942+0000] {processor.py:829} INFO - Processing file /usr/local/lib/python3.10/dist-packages/airflow/example_dags/example_branch_day_of_week_operator.py for tasks to queue
[2023-12-06T18:44:41.943+0000] {logging_mixin.py:154} INFO - [2023-12-06T18:44:41.943+0000] {dagbag.py:536} INFO - Filling up the DagBag from /usr/local/lib/python3.10/dist-packages/airflow/example_dags/example_branch_day_of_week_operator.py
[2023-12-06T18:44:41.952+0000] {processor.py:839} INFO - DAG(s) dict_keys(['example_weekday_branch_operator']) retrieved from /usr/local/lib/python3.10/dist-packages/airflow/example_dags/example_branch_day_of_week_operator.py
[2023-12-06T18:44:41.970+0000] {logging_mixin.py:154} INFO - [2023-12-06T18:44:41.970+0000] {dag.py:2941} INFO - Sync 1 DAGs
[2023-12-06T18:44:41.992+0000] {logging_mixin.py:154} INFO - [2023-12-06T18:44:41.991+0000] {dag.py:3722} INFO - Setting next_dagrun for example_weekday_branch_operator to 2023-12-05T00:00:00+00:00, run_after=2023-12-06T00:00:00+00:00
[2023-12-06T18:44:42.014+0000] {processor.py:179} INFO - Processing /usr/local/lib/python3.10/dist-packages/airflow/example_dags/example_branch_day_of_week_operator.py took 0.077 seconds
[2023-12-06T18:45:27.030+0000] {processor.py:157} INFO - Started process (PID=5120) to work on /usr/local/lib/python3.10/dist-packages/airflow/example_dags/example_branch_day_of_week_operator.py
[2023-12-06T18:45:27.032+0000] {processor.py:829} INFO - Processing file /usr/local/lib/python3.10/dist-packages/airflow/example_dags/example_branch_day_of_week_operator.py for tasks to queue
[2023-12-06T18:45:27.033+0000] {logging_mixin.py:154} INFO - [2023-12-06T18:45:27.032+0000] {dagbag.py:536} INFO - Filling up the DagBag from /usr/local/lib/python3.10/dist-packages/airflow/example_dags/example_branch_day_of_week_operator.py
[2023-12-06T18:45:27.042+0000] {processor.py:839} INFO - DAG(s) dict_keys(['example_weekday_branch_operator']) retrieved from /usr/local/lib/python3.10/dist-packages/airflow/example_dags/example_branch_day_of_week_operator.py
[2023-12-06T18:45:27.061+0000] {logging_mixin.py:154} INFO - [2023-12-06T18:45:27.061+0000] {dag.py:2941} INFO - Sync 1 DAGs
[2023-12-06T18:45:27.084+0000] {logging_mixin.py:154} INFO - [2023-12-06T18:45:27.084+0000] {dag.py:3722} INFO - Setting next_dagrun for example_weekday_branch_operator to 2023-12-05T00:00:00+00:00, run_after=2023-12-06T00:00:00+00:00
[2023-12-06T18:45:27.108+0000] {processor.py:179} INFO - Processing /usr/local/lib/python3.10/dist-packages/airflow/example_dags/example_branch_day_of_week_operator.py took 0.081 seconds
[2023-12-06T18:46:12.548+0000] {processor.py:157} INFO - Started process (PID=5169) to work on /usr/local/lib/python3.10/dist-packages/airflow/example_dags/example_branch_day_of_week_operator.py
[2023-12-06T18:46:12.550+0000] {processor.py:829} INFO - Processing file /usr/local/lib/python3.10/dist-packages/airflow/example_dags/example_branch_day_of_week_operator.py for tasks to queue
[2023-12-06T18:46:12.551+0000] {logging_mixin.py:154} INFO - [2023-12-06T18:46:12.550+0000] {dagbag.py:536} INFO - Filling up the DagBag from /usr/local/lib/python3.10/dist-packages/airflow/example_dags/example_branch_day_of_week_operator.py
[2023-12-06T18:46:12.560+0000] {processor.py:839} INFO - DAG(s) dict_keys(['example_weekday_branch_operator']) retrieved from /usr/local/lib/python3.10/dist-packages/airflow/example_dags/example_branch_day_of_week_operator.py
[2023-12-06T18:46:12.579+0000] {logging_mixin.py:154} INFO - [2023-12-06T18:46:12.579+0000] {dag.py:2941} INFO - Sync 1 DAGs
[2023-12-06T18:46:12.602+0000] {logging_mixin.py:154} INFO - [2023-12-06T18:46:12.601+0000] {dag.py:3722} INFO - Setting next_dagrun for example_weekday_branch_operator to 2023-12-05T00:00:00+00:00, run_after=2023-12-06T00:00:00+00:00
[2023-12-06T18:46:12.623+0000] {processor.py:179} INFO - Processing /usr/local/lib/python3.10/dist-packages/airflow/example_dags/example_branch_day_of_week_operator.py took 0.079 seconds
[2023-12-06T18:46:55.802+0000] {processor.py:157} INFO - Started process (PID=5217) to work on /usr/local/lib/python3.10/dist-packages/airflow/example_dags/example_branch_day_of_week_operator.py
[2023-12-06T18:46:55.804+0000] {processor.py:829} INFO - Processing file /usr/local/lib/python3.10/dist-packages/airflow/example_dags/example_branch_day_of_week_operator.py for tasks to queue
[2023-12-06T18:46:55.805+0000] {logging_mixin.py:154} INFO - [2023-12-06T18:46:55.804+0000] {dagbag.py:536} INFO - Filling up the DagBag from /usr/local/lib/python3.10/dist-packages/airflow/example_dags/example_branch_day_of_week_operator.py
[2023-12-06T18:46:55.814+0000] {processor.py:839} INFO - DAG(s) dict_keys(['example_weekday_branch_operator']) retrieved from /usr/local/lib/python3.10/dist-packages/airflow/example_dags/example_branch_day_of_week_operator.py
[2023-12-06T18:46:55.832+0000] {logging_mixin.py:154} INFO - [2023-12-06T18:46:55.832+0000] {dag.py:2941} INFO - Sync 1 DAGs
[2023-12-06T18:46:55.854+0000] {logging_mixin.py:154} INFO - [2023-12-06T18:46:55.854+0000] {dag.py:3722} INFO - Setting next_dagrun for example_weekday_branch_operator to 2023-12-05T00:00:00+00:00, run_after=2023-12-06T00:00:00+00:00
[2023-12-06T18:46:55.878+0000] {processor.py:179} INFO - Processing /usr/local/lib/python3.10/dist-packages/airflow/example_dags/example_branch_day_of_week_operator.py took 0.079 seconds
[2023-12-06T18:47:47.277+0000] {processor.py:157} INFO - Started process (PID=5269) to work on /usr/local/lib/python3.10/dist-packages/airflow/example_dags/example_branch_day_of_week_operator.py
[2023-12-06T18:47:47.279+0000] {processor.py:829} INFO - Processing file /usr/local/lib/python3.10/dist-packages/airflow/example_dags/example_branch_day_of_week_operator.py for tasks to queue
[2023-12-06T18:47:47.280+0000] {logging_mixin.py:154} INFO - [2023-12-06T18:47:47.279+0000] {dagbag.py:536} INFO - Filling up the DagBag from /usr/local/lib/python3.10/dist-packages/airflow/example_dags/example_branch_day_of_week_operator.py
[2023-12-06T18:47:47.289+0000] {processor.py:839} INFO - DAG(s) dict_keys(['example_weekday_branch_operator']) retrieved from /usr/local/lib/python3.10/dist-packages/airflow/example_dags/example_branch_day_of_week_operator.py
[2023-12-06T18:47:47.308+0000] {logging_mixin.py:154} INFO - [2023-12-06T18:47:47.308+0000] {dag.py:2941} INFO - Sync 1 DAGs
[2023-12-06T18:47:47.330+0000] {logging_mixin.py:154} INFO - [2023-12-06T18:47:47.330+0000] {dag.py:3722} INFO - Setting next_dagrun for example_weekday_branch_operator to 2023-12-05T00:00:00+00:00, run_after=2023-12-06T00:00:00+00:00
[2023-12-06T18:47:47.354+0000] {processor.py:179} INFO - Processing /usr/local/lib/python3.10/dist-packages/airflow/example_dags/example_branch_day_of_week_operator.py took 0.081 seconds
[2023-12-06T18:48:36.593+0000] {processor.py:157} INFO - Started process (PID=5318) to work on /usr/local/lib/python3.10/dist-packages/airflow/example_dags/example_branch_day_of_week_operator.py
[2023-12-06T18:48:36.594+0000] {processor.py:829} INFO - Processing file /usr/local/lib/python3.10/dist-packages/airflow/example_dags/example_branch_day_of_week_operator.py for tasks to queue
[2023-12-06T18:48:36.595+0000] {logging_mixin.py:154} INFO - [2023-12-06T18:48:36.594+0000] {dagbag.py:536} INFO - Filling up the DagBag from /usr/local/lib/python3.10/dist-packages/airflow/example_dags/example_branch_day_of_week_operator.py
[2023-12-06T18:48:36.604+0000] {processor.py:839} INFO - DAG(s) dict_keys(['example_weekday_branch_operator']) retrieved from /usr/local/lib/python3.10/dist-packages/airflow/example_dags/example_branch_day_of_week_operator.py
[2023-12-06T18:48:36.623+0000] {logging_mixin.py:154} INFO - [2023-12-06T18:48:36.623+0000] {dag.py:2941} INFO - Sync 1 DAGs
[2023-12-06T18:48:36.645+0000] {logging_mixin.py:154} INFO - [2023-12-06T18:48:36.645+0000] {dag.py:3722} INFO - Setting next_dagrun for example_weekday_branch_operator to 2023-12-05T00:00:00+00:00, run_after=2023-12-06T00:00:00+00:00
[2023-12-06T18:48:36.668+0000] {processor.py:179} INFO - Processing /usr/local/lib/python3.10/dist-packages/airflow/example_dags/example_branch_day_of_week_operator.py took 0.079 seconds
[2023-12-06T18:49:24.517+0000] {processor.py:157} INFO - Started process (PID=5366) to work on /usr/local/lib/python3.10/dist-packages/airflow/example_dags/example_branch_day_of_week_operator.py
[2023-12-06T18:49:24.519+0000] {processor.py:829} INFO - Processing file /usr/local/lib/python3.10/dist-packages/airflow/example_dags/example_branch_day_of_week_operator.py for tasks to queue
[2023-12-06T18:49:24.519+0000] {logging_mixin.py:154} INFO - [2023-12-06T18:49:24.519+0000] {dagbag.py:536} INFO - Filling up the DagBag from /usr/local/lib/python3.10/dist-packages/airflow/example_dags/example_branch_day_of_week_operator.py
[2023-12-06T18:49:24.528+0000] {processor.py:839} INFO - DAG(s) dict_keys(['example_weekday_branch_operator']) retrieved from /usr/local/lib/python3.10/dist-packages/airflow/example_dags/example_branch_day_of_week_operator.py
[2023-12-06T18:49:24.547+0000] {logging_mixin.py:154} INFO - [2023-12-06T18:49:24.546+0000] {dag.py:2941} INFO - Sync 1 DAGs
[2023-12-06T18:49:24.569+0000] {logging_mixin.py:154} INFO - [2023-12-06T18:49:24.569+0000] {dag.py:3722} INFO - Setting next_dagrun for example_weekday_branch_operator to 2023-12-05T00:00:00+00:00, run_after=2023-12-06T00:00:00+00:00
[2023-12-06T18:49:24.590+0000] {processor.py:179} INFO - Processing /usr/local/lib/python3.10/dist-packages/airflow/example_dags/example_branch_day_of_week_operator.py took 0.077 seconds
[2023-12-06T18:50:17.529+0000] {processor.py:157} INFO - Started process (PID=5423) to work on /usr/local/lib/python3.10/dist-packages/airflow/example_dags/example_branch_day_of_week_operator.py
[2023-12-06T18:50:17.532+0000] {processor.py:829} INFO - Processing file /usr/local/lib/python3.10/dist-packages/airflow/example_dags/example_branch_day_of_week_operator.py for tasks to queue
[2023-12-06T18:50:17.533+0000] {logging_mixin.py:154} INFO - [2023-12-06T18:50:17.533+0000] {dagbag.py:536} INFO - Filling up the DagBag from /usr/local/lib/python3.10/dist-packages/airflow/example_dags/example_branch_day_of_week_operator.py
[2023-12-06T18:50:17.541+0000] {processor.py:839} INFO - DAG(s) dict_keys(['example_weekday_branch_operator']) retrieved from /usr/local/lib/python3.10/dist-packages/airflow/example_dags/example_branch_day_of_week_operator.py
[2023-12-06T18:50:17.560+0000] {logging_mixin.py:154} INFO - [2023-12-06T18:50:17.560+0000] {dag.py:2941} INFO - Sync 1 DAGs
[2023-12-06T18:50:17.583+0000] {logging_mixin.py:154} INFO - [2023-12-06T18:50:17.582+0000] {dag.py:3722} INFO - Setting next_dagrun for example_weekday_branch_operator to 2023-12-05T00:00:00+00:00, run_after=2023-12-06T00:00:00+00:00
[2023-12-06T18:50:17.606+0000] {processor.py:179} INFO - Processing /usr/local/lib/python3.10/dist-packages/airflow/example_dags/example_branch_day_of_week_operator.py took 0.080 seconds
[2023-12-06T18:51:01.757+0000] {processor.py:157} INFO - Started process (PID=5473) to work on /usr/local/lib/python3.10/dist-packages/airflow/example_dags/example_branch_day_of_week_operator.py
[2023-12-06T18:51:01.759+0000] {processor.py:829} INFO - Processing file /usr/local/lib/python3.10/dist-packages/airflow/example_dags/example_branch_day_of_week_operator.py for tasks to queue
[2023-12-06T18:51:01.760+0000] {logging_mixin.py:154} INFO - [2023-12-06T18:51:01.759+0000] {dagbag.py:536} INFO - Filling up the DagBag from /usr/local/lib/python3.10/dist-packages/airflow/example_dags/example_branch_day_of_week_operator.py
[2023-12-06T18:51:01.769+0000] {processor.py:839} INFO - DAG(s) dict_keys(['example_weekday_branch_operator']) retrieved from /usr/local/lib/python3.10/dist-packages/airflow/example_dags/example_branch_day_of_week_operator.py
[2023-12-06T18:51:01.790+0000] {logging_mixin.py:154} INFO - [2023-12-06T18:51:01.790+0000] {dag.py:2941} INFO - Sync 1 DAGs
[2023-12-06T18:51:01.815+0000] {logging_mixin.py:154} INFO - [2023-12-06T18:51:01.815+0000] {dag.py:3722} INFO - Setting next_dagrun for example_weekday_branch_operator to 2023-12-05T00:00:00+00:00, run_after=2023-12-06T00:00:00+00:00
[2023-12-06T18:51:01.841+0000] {processor.py:179} INFO - Processing /usr/local/lib/python3.10/dist-packages/airflow/example_dags/example_branch_day_of_week_operator.py took 0.087 seconds
[2023-12-06T18:51:44.977+0000] {processor.py:157} INFO - Started process (PID=5518) to work on /usr/local/lib/python3.10/dist-packages/airflow/example_dags/example_branch_day_of_week_operator.py
[2023-12-06T18:51:44.979+0000] {processor.py:829} INFO - Processing file /usr/local/lib/python3.10/dist-packages/airflow/example_dags/example_branch_day_of_week_operator.py for tasks to queue
[2023-12-06T18:51:44.980+0000] {logging_mixin.py:154} INFO - [2023-12-06T18:51:44.979+0000] {dagbag.py:536} INFO - Filling up the DagBag from /usr/local/lib/python3.10/dist-packages/airflow/example_dags/example_branch_day_of_week_operator.py
[2023-12-06T18:51:44.988+0000] {processor.py:839} INFO - DAG(s) dict_keys(['example_weekday_branch_operator']) retrieved from /usr/local/lib/python3.10/dist-packages/airflow/example_dags/example_branch_day_of_week_operator.py
[2023-12-06T18:51:45.007+0000] {logging_mixin.py:154} INFO - [2023-12-06T18:51:45.007+0000] {dag.py:2941} INFO - Sync 1 DAGs
[2023-12-06T18:51:45.030+0000] {logging_mixin.py:154} INFO - [2023-12-06T18:51:45.030+0000] {dag.py:3722} INFO - Setting next_dagrun for example_weekday_branch_operator to 2023-12-05T00:00:00+00:00, run_after=2023-12-06T00:00:00+00:00
[2023-12-06T18:51:45.053+0000] {processor.py:179} INFO - Processing /usr/local/lib/python3.10/dist-packages/airflow/example_dags/example_branch_day_of_week_operator.py took 0.079 seconds
[2023-12-06T18:52:30.628+0000] {processor.py:157} INFO - Started process (PID=5565) to work on /usr/local/lib/python3.10/dist-packages/airflow/example_dags/example_branch_day_of_week_operator.py
[2023-12-06T18:52:30.629+0000] {processor.py:829} INFO - Processing file /usr/local/lib/python3.10/dist-packages/airflow/example_dags/example_branch_day_of_week_operator.py for tasks to queue
[2023-12-06T18:52:30.630+0000] {logging_mixin.py:154} INFO - [2023-12-06T18:52:30.630+0000] {dagbag.py:536} INFO - Filling up the DagBag from /usr/local/lib/python3.10/dist-packages/airflow/example_dags/example_branch_day_of_week_operator.py
[2023-12-06T18:52:30.639+0000] {processor.py:839} INFO - DAG(s) dict_keys(['example_weekday_branch_operator']) retrieved from /usr/local/lib/python3.10/dist-packages/airflow/example_dags/example_branch_day_of_week_operator.py
[2023-12-06T18:52:30.658+0000] {logging_mixin.py:154} INFO - [2023-12-06T18:52:30.657+0000] {dag.py:2941} INFO - Sync 1 DAGs
[2023-12-06T18:52:30.680+0000] {logging_mixin.py:154} INFO - [2023-12-06T18:52:30.679+0000] {dag.py:3722} INFO - Setting next_dagrun for example_weekday_branch_operator to 2023-12-05T00:00:00+00:00, run_after=2023-12-06T00:00:00+00:00
[2023-12-06T18:52:30.707+0000] {processor.py:179} INFO - Processing /usr/local/lib/python3.10/dist-packages/airflow/example_dags/example_branch_day_of_week_operator.py took 0.083 seconds
[2023-12-06T18:53:17.408+0000] {processor.py:157} INFO - Started process (PID=5613) to work on /usr/local/lib/python3.10/dist-packages/airflow/example_dags/example_branch_day_of_week_operator.py
[2023-12-06T18:53:17.410+0000] {processor.py:829} INFO - Processing file /usr/local/lib/python3.10/dist-packages/airflow/example_dags/example_branch_day_of_week_operator.py for tasks to queue
[2023-12-06T18:53:17.411+0000] {logging_mixin.py:154} INFO - [2023-12-06T18:53:17.411+0000] {dagbag.py:536} INFO - Filling up the DagBag from /usr/local/lib/python3.10/dist-packages/airflow/example_dags/example_branch_day_of_week_operator.py
[2023-12-06T18:53:17.420+0000] {processor.py:839} INFO - DAG(s) dict_keys(['example_weekday_branch_operator']) retrieved from /usr/local/lib/python3.10/dist-packages/airflow/example_dags/example_branch_day_of_week_operator.py
[2023-12-06T18:53:17.438+0000] {logging_mixin.py:154} INFO - [2023-12-06T18:53:17.438+0000] {dag.py:2941} INFO - Sync 1 DAGs
[2023-12-06T18:53:17.460+0000] {logging_mixin.py:154} INFO - [2023-12-06T18:53:17.460+0000] {dag.py:3722} INFO - Setting next_dagrun for example_weekday_branch_operator to 2023-12-05T00:00:00+00:00, run_after=2023-12-06T00:00:00+00:00
[2023-12-06T18:53:17.483+0000] {processor.py:179} INFO - Processing /usr/local/lib/python3.10/dist-packages/airflow/example_dags/example_branch_day_of_week_operator.py took 0.078 seconds
[2023-12-06T18:54:01.262+0000] {processor.py:157} INFO - Started process (PID=5659) to work on /usr/local/lib/python3.10/dist-packages/airflow/example_dags/example_branch_day_of_week_operator.py
[2023-12-06T18:54:01.264+0000] {processor.py:829} INFO - Processing file /usr/local/lib/python3.10/dist-packages/airflow/example_dags/example_branch_day_of_week_operator.py for tasks to queue
[2023-12-06T18:54:01.265+0000] {logging_mixin.py:154} INFO - [2023-12-06T18:54:01.264+0000] {dagbag.py:536} INFO - Filling up the DagBag from /usr/local/lib/python3.10/dist-packages/airflow/example_dags/example_branch_day_of_week_operator.py
[2023-12-06T18:54:01.274+0000] {processor.py:839} INFO - DAG(s) dict_keys(['example_weekday_branch_operator']) retrieved from /usr/local/lib/python3.10/dist-packages/airflow/example_dags/example_branch_day_of_week_operator.py
[2023-12-06T18:54:01.294+0000] {logging_mixin.py:154} INFO - [2023-12-06T18:54:01.294+0000] {dag.py:2941} INFO - Sync 1 DAGs
[2023-12-06T18:54:01.318+0000] {logging_mixin.py:154} INFO - [2023-12-06T18:54:01.318+0000] {dag.py:3722} INFO - Setting next_dagrun for example_weekday_branch_operator to 2023-12-05T00:00:00+00:00, run_after=2023-12-06T00:00:00+00:00
[2023-12-06T18:54:01.343+0000] {processor.py:179} INFO - Processing /usr/local/lib/python3.10/dist-packages/airflow/example_dags/example_branch_day_of_week_operator.py took 0.085 seconds
[2023-12-06T18:54:45.221+0000] {processor.py:157} INFO - Started process (PID=5704) to work on /usr/local/lib/python3.10/dist-packages/airflow/example_dags/example_branch_day_of_week_operator.py
[2023-12-06T18:54:45.222+0000] {processor.py:829} INFO - Processing file /usr/local/lib/python3.10/dist-packages/airflow/example_dags/example_branch_day_of_week_operator.py for tasks to queue
[2023-12-06T18:54:45.223+0000] {logging_mixin.py:154} INFO - [2023-12-06T18:54:45.223+0000] {dagbag.py:536} INFO - Filling up the DagBag from /usr/local/lib/python3.10/dist-packages/airflow/example_dags/example_branch_day_of_week_operator.py
[2023-12-06T18:54:45.231+0000] {processor.py:839} INFO - DAG(s) dict_keys(['example_weekday_branch_operator']) retrieved from /usr/local/lib/python3.10/dist-packages/airflow/example_dags/example_branch_day_of_week_operator.py
[2023-12-06T18:54:45.250+0000] {logging_mixin.py:154} INFO - [2023-12-06T18:54:45.250+0000] {dag.py:2941} INFO - Sync 1 DAGs
[2023-12-06T18:54:45.272+0000] {logging_mixin.py:154} INFO - [2023-12-06T18:54:45.272+0000] {dag.py:3722} INFO - Setting next_dagrun for example_weekday_branch_operator to 2023-12-05T00:00:00+00:00, run_after=2023-12-06T00:00:00+00:00
[2023-12-06T18:54:45.294+0000] {processor.py:179} INFO - Processing /usr/local/lib/python3.10/dist-packages/airflow/example_dags/example_branch_day_of_week_operator.py took 0.077 seconds
[2023-12-06T18:55:29.914+0000] {processor.py:157} INFO - Started process (PID=5750) to work on /usr/local/lib/python3.10/dist-packages/airflow/example_dags/example_branch_day_of_week_operator.py
[2023-12-06T18:55:29.915+0000] {processor.py:829} INFO - Processing file /usr/local/lib/python3.10/dist-packages/airflow/example_dags/example_branch_day_of_week_operator.py for tasks to queue
[2023-12-06T18:55:29.916+0000] {logging_mixin.py:154} INFO - [2023-12-06T18:55:29.916+0000] {dagbag.py:536} INFO - Filling up the DagBag from /usr/local/lib/python3.10/dist-packages/airflow/example_dags/example_branch_day_of_week_operator.py
[2023-12-06T18:55:29.925+0000] {processor.py:839} INFO - DAG(s) dict_keys(['example_weekday_branch_operator']) retrieved from /usr/local/lib/python3.10/dist-packages/airflow/example_dags/example_branch_day_of_week_operator.py
[2023-12-06T18:55:29.943+0000] {logging_mixin.py:154} INFO - [2023-12-06T18:55:29.943+0000] {dag.py:2941} INFO - Sync 1 DAGs
[2023-12-06T18:55:29.965+0000] {logging_mixin.py:154} INFO - [2023-12-06T18:55:29.965+0000] {dag.py:3722} INFO - Setting next_dagrun for example_weekday_branch_operator to 2023-12-05T00:00:00+00:00, run_after=2023-12-06T00:00:00+00:00
[2023-12-06T18:55:29.988+0000] {processor.py:179} INFO - Processing /usr/local/lib/python3.10/dist-packages/airflow/example_dags/example_branch_day_of_week_operator.py took 0.077 seconds
[2023-12-06T18:56:16.090+0000] {processor.py:157} INFO - Started process (PID=5798) to work on /usr/local/lib/python3.10/dist-packages/airflow/example_dags/example_branch_day_of_week_operator.py
[2023-12-06T18:56:16.091+0000] {processor.py:829} INFO - Processing file /usr/local/lib/python3.10/dist-packages/airflow/example_dags/example_branch_day_of_week_operator.py for tasks to queue
[2023-12-06T18:56:16.092+0000] {logging_mixin.py:154} INFO - [2023-12-06T18:56:16.092+0000] {dagbag.py:536} INFO - Filling up the DagBag from /usr/local/lib/python3.10/dist-packages/airflow/example_dags/example_branch_day_of_week_operator.py
[2023-12-06T18:56:16.101+0000] {processor.py:839} INFO - DAG(s) dict_keys(['example_weekday_branch_operator']) retrieved from /usr/local/lib/python3.10/dist-packages/airflow/example_dags/example_branch_day_of_week_operator.py
[2023-12-06T18:56:16.120+0000] {logging_mixin.py:154} INFO - [2023-12-06T18:56:16.119+0000] {dag.py:2941} INFO - Sync 1 DAGs
[2023-12-06T18:56:16.142+0000] {logging_mixin.py:154} INFO - [2023-12-06T18:56:16.142+0000] {dag.py:3722} INFO - Setting next_dagrun for example_weekday_branch_operator to 2023-12-05T00:00:00+00:00, run_after=2023-12-06T00:00:00+00:00
[2023-12-06T18:56:16.164+0000] {processor.py:179} INFO - Processing /usr/local/lib/python3.10/dist-packages/airflow/example_dags/example_branch_day_of_week_operator.py took 0.078 seconds
[2023-12-06T18:57:02.950+0000] {processor.py:157} INFO - Started process (PID=5846) to work on /usr/local/lib/python3.10/dist-packages/airflow/example_dags/example_branch_day_of_week_operator.py
[2023-12-06T18:57:02.952+0000] {processor.py:829} INFO - Processing file /usr/local/lib/python3.10/dist-packages/airflow/example_dags/example_branch_day_of_week_operator.py for tasks to queue
[2023-12-06T18:57:02.953+0000] {logging_mixin.py:154} INFO - [2023-12-06T18:57:02.952+0000] {dagbag.py:536} INFO - Filling up the DagBag from /usr/local/lib/python3.10/dist-packages/airflow/example_dags/example_branch_day_of_week_operator.py
[2023-12-06T18:57:02.961+0000] {processor.py:839} INFO - DAG(s) dict_keys(['example_weekday_branch_operator']) retrieved from /usr/local/lib/python3.10/dist-packages/airflow/example_dags/example_branch_day_of_week_operator.py
[2023-12-06T18:57:02.981+0000] {logging_mixin.py:154} INFO - [2023-12-06T18:57:02.981+0000] {dag.py:2941} INFO - Sync 1 DAGs
[2023-12-06T18:57:03.005+0000] {logging_mixin.py:154} INFO - [2023-12-06T18:57:03.004+0000] {dag.py:3722} INFO - Setting next_dagrun for example_weekday_branch_operator to 2023-12-05T00:00:00+00:00, run_after=2023-12-06T00:00:00+00:00
[2023-12-06T18:57:03.028+0000] {processor.py:179} INFO - Processing /usr/local/lib/python3.10/dist-packages/airflow/example_dags/example_branch_day_of_week_operator.py took 0.082 seconds
[2023-12-06T18:57:50.751+0000] {processor.py:157} INFO - Started process (PID=5897) to work on /usr/local/lib/python3.10/dist-packages/airflow/example_dags/example_branch_day_of_week_operator.py
[2023-12-06T18:57:50.753+0000] {processor.py:829} INFO - Processing file /usr/local/lib/python3.10/dist-packages/airflow/example_dags/example_branch_day_of_week_operator.py for tasks to queue
[2023-12-06T18:57:50.753+0000] {logging_mixin.py:154} INFO - [2023-12-06T18:57:50.753+0000] {dagbag.py:536} INFO - Filling up the DagBag from /usr/local/lib/python3.10/dist-packages/airflow/example_dags/example_branch_day_of_week_operator.py
[2023-12-06T18:57:50.762+0000] {processor.py:839} INFO - DAG(s) dict_keys(['example_weekday_branch_operator']) retrieved from /usr/local/lib/python3.10/dist-packages/airflow/example_dags/example_branch_day_of_week_operator.py
[2023-12-06T18:57:50.781+0000] {logging_mixin.py:154} INFO - [2023-12-06T18:57:50.781+0000] {dag.py:2941} INFO - Sync 1 DAGs
[2023-12-06T18:57:50.803+0000] {logging_mixin.py:154} INFO - [2023-12-06T18:57:50.803+0000] {dag.py:3722} INFO - Setting next_dagrun for example_weekday_branch_operator to 2023-12-05T00:00:00+00:00, run_after=2023-12-06T00:00:00+00:00
[2023-12-06T18:57:50.826+0000] {processor.py:179} INFO - Processing /usr/local/lib/python3.10/dist-packages/airflow/example_dags/example_branch_day_of_week_operator.py took 0.079 seconds
[2023-12-06T18:58:35.594+0000] {processor.py:157} INFO - Started process (PID=5943) to work on /usr/local/lib/python3.10/dist-packages/airflow/example_dags/example_branch_day_of_week_operator.py
[2023-12-06T18:58:35.596+0000] {processor.py:829} INFO - Processing file /usr/local/lib/python3.10/dist-packages/airflow/example_dags/example_branch_day_of_week_operator.py for tasks to queue
[2023-12-06T18:58:35.597+0000] {logging_mixin.py:154} INFO - [2023-12-06T18:58:35.596+0000] {dagbag.py:536} INFO - Filling up the DagBag from /usr/local/lib/python3.10/dist-packages/airflow/example_dags/example_branch_day_of_week_operator.py
[2023-12-06T18:58:35.605+0000] {processor.py:839} INFO - DAG(s) dict_keys(['example_weekday_branch_operator']) retrieved from /usr/local/lib/python3.10/dist-packages/airflow/example_dags/example_branch_day_of_week_operator.py
[2023-12-06T18:58:35.624+0000] {logging_mixin.py:154} INFO - [2023-12-06T18:58:35.624+0000] {dag.py:2941} INFO - Sync 1 DAGs
[2023-12-06T18:58:35.647+0000] {logging_mixin.py:154} INFO - [2023-12-06T18:58:35.647+0000] {dag.py:3722} INFO - Setting next_dagrun for example_weekday_branch_operator to 2023-12-05T00:00:00+00:00, run_after=2023-12-06T00:00:00+00:00
[2023-12-06T18:58:35.672+0000] {processor.py:179} INFO - Processing /usr/local/lib/python3.10/dist-packages/airflow/example_dags/example_branch_day_of_week_operator.py took 0.081 seconds
[2023-12-06T18:59:21.537+0000] {processor.py:157} INFO - Started process (PID=5990) to work on /usr/local/lib/python3.10/dist-packages/airflow/example_dags/example_branch_day_of_week_operator.py
[2023-12-06T18:59:21.538+0000] {processor.py:829} INFO - Processing file /usr/local/lib/python3.10/dist-packages/airflow/example_dags/example_branch_day_of_week_operator.py for tasks to queue
[2023-12-06T18:59:21.539+0000] {logging_mixin.py:154} INFO - [2023-12-06T18:59:21.539+0000] {dagbag.py:536} INFO - Filling up the DagBag from /usr/local/lib/python3.10/dist-packages/airflow/example_dags/example_branch_day_of_week_operator.py
[2023-12-06T18:59:21.548+0000] {processor.py:839} INFO - DAG(s) dict_keys(['example_weekday_branch_operator']) retrieved from /usr/local/lib/python3.10/dist-packages/airflow/example_dags/example_branch_day_of_week_operator.py
[2023-12-06T18:59:21.567+0000] {logging_mixin.py:154} INFO - [2023-12-06T18:59:21.567+0000] {dag.py:2941} INFO - Sync 1 DAGs
[2023-12-06T18:59:21.589+0000] {logging_mixin.py:154} INFO - [2023-12-06T18:59:21.588+0000] {dag.py:3722} INFO - Setting next_dagrun for example_weekday_branch_operator to 2023-12-05T00:00:00+00:00, run_after=2023-12-06T00:00:00+00:00
[2023-12-06T18:59:21.613+0000] {processor.py:179} INFO - Processing /usr/local/lib/python3.10/dist-packages/airflow/example_dags/example_branch_day_of_week_operator.py took 0.080 seconds
[2023-12-06T19:00:06.187+0000] {processor.py:157} INFO - Started process (PID=6103) to work on /usr/local/lib/python3.10/dist-packages/airflow/example_dags/example_branch_day_of_week_operator.py
[2023-12-06T19:00:06.189+0000] {processor.py:829} INFO - Processing file /usr/local/lib/python3.10/dist-packages/airflow/example_dags/example_branch_day_of_week_operator.py for tasks to queue
[2023-12-06T19:00:06.190+0000] {logging_mixin.py:154} INFO - [2023-12-06T19:00:06.189+0000] {dagbag.py:536} INFO - Filling up the DagBag from /usr/local/lib/python3.10/dist-packages/airflow/example_dags/example_branch_day_of_week_operator.py
[2023-12-06T19:00:06.199+0000] {processor.py:839} INFO - DAG(s) dict_keys(['example_weekday_branch_operator']) retrieved from /usr/local/lib/python3.10/dist-packages/airflow/example_dags/example_branch_day_of_week_operator.py
[2023-12-06T19:00:06.218+0000] {logging_mixin.py:154} INFO - [2023-12-06T19:00:06.218+0000] {dag.py:2941} INFO - Sync 1 DAGs
[2023-12-06T19:00:06.248+0000] {logging_mixin.py:154} INFO - [2023-12-06T19:00:06.248+0000] {dag.py:3722} INFO - Setting next_dagrun for example_weekday_branch_operator to 2023-12-05T00:00:00+00:00, run_after=2023-12-06T00:00:00+00:00
[2023-12-06T19:00:06.271+0000] {processor.py:179} INFO - Processing /usr/local/lib/python3.10/dist-packages/airflow/example_dags/example_branch_day_of_week_operator.py took 0.088 seconds
[2023-12-06T19:01:00.905+0000] {processor.py:157} INFO - Started process (PID=6426) to work on /usr/local/lib/python3.10/dist-packages/airflow/example_dags/example_branch_day_of_week_operator.py
[2023-12-06T19:01:00.909+0000] {processor.py:829} INFO - Processing file /usr/local/lib/python3.10/dist-packages/airflow/example_dags/example_branch_day_of_week_operator.py for tasks to queue
[2023-12-06T19:01:00.910+0000] {logging_mixin.py:154} INFO - [2023-12-06T19:01:00.910+0000] {dagbag.py:536} INFO - Filling up the DagBag from /usr/local/lib/python3.10/dist-packages/airflow/example_dags/example_branch_day_of_week_operator.py
[2023-12-06T19:01:00.919+0000] {processor.py:839} INFO - DAG(s) dict_keys(['example_weekday_branch_operator']) retrieved from /usr/local/lib/python3.10/dist-packages/airflow/example_dags/example_branch_day_of_week_operator.py
[2023-12-06T19:01:00.938+0000] {logging_mixin.py:154} INFO - [2023-12-06T19:01:00.938+0000] {dag.py:2941} INFO - Sync 1 DAGs
[2023-12-06T19:01:00.962+0000] {logging_mixin.py:154} INFO - [2023-12-06T19:01:00.962+0000] {dag.py:3722} INFO - Setting next_dagrun for example_weekday_branch_operator to 2023-12-05T00:00:00+00:00, run_after=2023-12-06T00:00:00+00:00
[2023-12-06T19:01:00.985+0000] {processor.py:179} INFO - Processing /usr/local/lib/python3.10/dist-packages/airflow/example_dags/example_branch_day_of_week_operator.py took 0.084 seconds
[2023-12-06T19:01:49.625+0000] {processor.py:157} INFO - Started process (PID=6499) to work on /usr/local/lib/python3.10/dist-packages/airflow/example_dags/example_branch_day_of_week_operator.py
[2023-12-06T19:01:49.628+0000] {processor.py:829} INFO - Processing file /usr/local/lib/python3.10/dist-packages/airflow/example_dags/example_branch_day_of_week_operator.py for tasks to queue
[2023-12-06T19:01:49.629+0000] {logging_mixin.py:154} INFO - [2023-12-06T19:01:49.629+0000] {dagbag.py:536} INFO - Filling up the DagBag from /usr/local/lib/python3.10/dist-packages/airflow/example_dags/example_branch_day_of_week_operator.py
[2023-12-06T19:01:49.638+0000] {processor.py:839} INFO - DAG(s) dict_keys(['example_weekday_branch_operator']) retrieved from /usr/local/lib/python3.10/dist-packages/airflow/example_dags/example_branch_day_of_week_operator.py
[2023-12-06T19:01:49.656+0000] {logging_mixin.py:154} INFO - [2023-12-06T19:01:49.656+0000] {dag.py:2941} INFO - Sync 1 DAGs
[2023-12-06T19:01:49.678+0000] {logging_mixin.py:154} INFO - [2023-12-06T19:01:49.678+0000] {dag.py:3722} INFO - Setting next_dagrun for example_weekday_branch_operator to 2023-12-05T00:00:00+00:00, run_after=2023-12-06T00:00:00+00:00
[2023-12-06T19:01:49.699+0000] {processor.py:179} INFO - Processing /usr/local/lib/python3.10/dist-packages/airflow/example_dags/example_branch_day_of_week_operator.py took 0.078 seconds
[2023-12-06T19:02:35.676+0000] {processor.py:157} INFO - Started process (PID=6547) to work on /usr/local/lib/python3.10/dist-packages/airflow/example_dags/example_branch_day_of_week_operator.py
[2023-12-06T19:02:35.677+0000] {processor.py:829} INFO - Processing file /usr/local/lib/python3.10/dist-packages/airflow/example_dags/example_branch_day_of_week_operator.py for tasks to queue
[2023-12-06T19:02:35.678+0000] {logging_mixin.py:154} INFO - [2023-12-06T19:02:35.678+0000] {dagbag.py:536} INFO - Filling up the DagBag from /usr/local/lib/python3.10/dist-packages/airflow/example_dags/example_branch_day_of_week_operator.py
[2023-12-06T19:02:35.687+0000] {processor.py:839} INFO - DAG(s) dict_keys(['example_weekday_branch_operator']) retrieved from /usr/local/lib/python3.10/dist-packages/airflow/example_dags/example_branch_day_of_week_operator.py
[2023-12-06T19:02:35.705+0000] {logging_mixin.py:154} INFO - [2023-12-06T19:02:35.705+0000] {dag.py:2941} INFO - Sync 1 DAGs
[2023-12-06T19:02:35.727+0000] {logging_mixin.py:154} INFO - [2023-12-06T19:02:35.727+0000] {dag.py:3722} INFO - Setting next_dagrun for example_weekday_branch_operator to 2023-12-05T00:00:00+00:00, run_after=2023-12-06T00:00:00+00:00
[2023-12-06T19:02:35.757+0000] {processor.py:179} INFO - Processing /usr/local/lib/python3.10/dist-packages/airflow/example_dags/example_branch_day_of_week_operator.py took 0.085 seconds
[2023-12-06T19:03:19.930+0000] {processor.py:157} INFO - Started process (PID=6592) to work on /usr/local/lib/python3.10/dist-packages/airflow/example_dags/example_branch_day_of_week_operator.py
[2023-12-06T19:03:19.931+0000] {processor.py:829} INFO - Processing file /usr/local/lib/python3.10/dist-packages/airflow/example_dags/example_branch_day_of_week_operator.py for tasks to queue
[2023-12-06T19:03:19.932+0000] {logging_mixin.py:154} INFO - [2023-12-06T19:03:19.932+0000] {dagbag.py:536} INFO - Filling up the DagBag from /usr/local/lib/python3.10/dist-packages/airflow/example_dags/example_branch_day_of_week_operator.py
[2023-12-06T19:03:19.941+0000] {processor.py:839} INFO - DAG(s) dict_keys(['example_weekday_branch_operator']) retrieved from /usr/local/lib/python3.10/dist-packages/airflow/example_dags/example_branch_day_of_week_operator.py
[2023-12-06T19:03:19.959+0000] {logging_mixin.py:154} INFO - [2023-12-06T19:03:19.959+0000] {dag.py:2941} INFO - Sync 1 DAGs
[2023-12-06T19:03:19.981+0000] {logging_mixin.py:154} INFO - [2023-12-06T19:03:19.981+0000] {dag.py:3722} INFO - Setting next_dagrun for example_weekday_branch_operator to 2023-12-05T00:00:00+00:00, run_after=2023-12-06T00:00:00+00:00
[2023-12-06T19:03:20.003+0000] {processor.py:179} INFO - Processing /usr/local/lib/python3.10/dist-packages/airflow/example_dags/example_branch_day_of_week_operator.py took 0.077 seconds
[2023-12-06T19:04:10.894+0000] {processor.py:157} INFO - Started process (PID=6643) to work on /usr/local/lib/python3.10/dist-packages/airflow/example_dags/example_branch_day_of_week_operator.py
[2023-12-06T19:04:10.896+0000] {processor.py:829} INFO - Processing file /usr/local/lib/python3.10/dist-packages/airflow/example_dags/example_branch_day_of_week_operator.py for tasks to queue
[2023-12-06T19:04:10.897+0000] {logging_mixin.py:154} INFO - [2023-12-06T19:04:10.896+0000] {dagbag.py:536} INFO - Filling up the DagBag from /usr/local/lib/python3.10/dist-packages/airflow/example_dags/example_branch_day_of_week_operator.py
[2023-12-06T19:04:10.905+0000] {processor.py:839} INFO - DAG(s) dict_keys(['example_weekday_branch_operator']) retrieved from /usr/local/lib/python3.10/dist-packages/airflow/example_dags/example_branch_day_of_week_operator.py
[2023-12-06T19:04:10.925+0000] {logging_mixin.py:154} INFO - [2023-12-06T19:04:10.924+0000] {dag.py:2941} INFO - Sync 1 DAGs
[2023-12-06T19:04:10.947+0000] {logging_mixin.py:154} INFO - [2023-12-06T19:04:10.947+0000] {dag.py:3722} INFO - Setting next_dagrun for example_weekday_branch_operator to 2023-12-05T00:00:00+00:00, run_after=2023-12-06T00:00:00+00:00
[2023-12-06T19:04:10.971+0000] {processor.py:179} INFO - Processing /usr/local/lib/python3.10/dist-packages/airflow/example_dags/example_branch_day_of_week_operator.py took 0.080 seconds
[2023-12-06T19:04:58.407+0000] {processor.py:157} INFO - Started process (PID=6854) to work on /usr/local/lib/python3.10/dist-packages/airflow/example_dags/example_branch_day_of_week_operator.py
[2023-12-06T19:04:58.408+0000] {processor.py:829} INFO - Processing file /usr/local/lib/python3.10/dist-packages/airflow/example_dags/example_branch_day_of_week_operator.py for tasks to queue
[2023-12-06T19:04:58.409+0000] {logging_mixin.py:154} INFO - [2023-12-06T19:04:58.409+0000] {dagbag.py:536} INFO - Filling up the DagBag from /usr/local/lib/python3.10/dist-packages/airflow/example_dags/example_branch_day_of_week_operator.py
[2023-12-06T19:04:58.418+0000] {processor.py:839} INFO - DAG(s) dict_keys(['example_weekday_branch_operator']) retrieved from /usr/local/lib/python3.10/dist-packages/airflow/example_dags/example_branch_day_of_week_operator.py
[2023-12-06T19:04:58.437+0000] {logging_mixin.py:154} INFO - [2023-12-06T19:04:58.437+0000] {dag.py:2941} INFO - Sync 1 DAGs
[2023-12-06T19:04:58.459+0000] {logging_mixin.py:154} INFO - [2023-12-06T19:04:58.459+0000] {dag.py:3722} INFO - Setting next_dagrun for example_weekday_branch_operator to 2023-12-05T00:00:00+00:00, run_after=2023-12-06T00:00:00+00:00
[2023-12-06T19:04:58.482+0000] {processor.py:179} INFO - Processing /usr/local/lib/python3.10/dist-packages/airflow/example_dags/example_branch_day_of_week_operator.py took 0.079 seconds
[2023-12-06T19:05:49.341+0000] {processor.py:157} INFO - Started process (PID=6911) to work on /usr/local/lib/python3.10/dist-packages/airflow/example_dags/example_branch_day_of_week_operator.py
[2023-12-06T19:05:49.343+0000] {processor.py:829} INFO - Processing file /usr/local/lib/python3.10/dist-packages/airflow/example_dags/example_branch_day_of_week_operator.py for tasks to queue
[2023-12-06T19:05:49.344+0000] {logging_mixin.py:154} INFO - [2023-12-06T19:05:49.344+0000] {dagbag.py:536} INFO - Filling up the DagBag from /usr/local/lib/python3.10/dist-packages/airflow/example_dags/example_branch_day_of_week_operator.py
[2023-12-06T19:05:49.353+0000] {processor.py:839} INFO - DAG(s) dict_keys(['example_weekday_branch_operator']) retrieved from /usr/local/lib/python3.10/dist-packages/airflow/example_dags/example_branch_day_of_week_operator.py
[2023-12-06T19:05:49.372+0000] {logging_mixin.py:154} INFO - [2023-12-06T19:05:49.372+0000] {dag.py:2941} INFO - Sync 1 DAGs
[2023-12-06T19:05:49.394+0000] {logging_mixin.py:154} INFO - [2023-12-06T19:05:49.394+0000] {dag.py:3722} INFO - Setting next_dagrun for example_weekday_branch_operator to 2023-12-05T00:00:00+00:00, run_after=2023-12-06T00:00:00+00:00
[2023-12-06T19:05:49.417+0000] {processor.py:179} INFO - Processing /usr/local/lib/python3.10/dist-packages/airflow/example_dags/example_branch_day_of_week_operator.py took 0.079 seconds
[2023-12-06T19:06:35.407+0000] {processor.py:157} INFO - Started process (PID=6959) to work on /usr/local/lib/python3.10/dist-packages/airflow/example_dags/example_branch_day_of_week_operator.py
[2023-12-06T19:06:35.409+0000] {processor.py:829} INFO - Processing file /usr/local/lib/python3.10/dist-packages/airflow/example_dags/example_branch_day_of_week_operator.py for tasks to queue
[2023-12-06T19:06:35.410+0000] {logging_mixin.py:154} INFO - [2023-12-06T19:06:35.410+0000] {dagbag.py:536} INFO - Filling up the DagBag from /usr/local/lib/python3.10/dist-packages/airflow/example_dags/example_branch_day_of_week_operator.py
[2023-12-06T19:06:35.419+0000] {processor.py:839} INFO - DAG(s) dict_keys(['example_weekday_branch_operator']) retrieved from /usr/local/lib/python3.10/dist-packages/airflow/example_dags/example_branch_day_of_week_operator.py
[2023-12-06T19:06:35.438+0000] {logging_mixin.py:154} INFO - [2023-12-06T19:06:35.438+0000] {dag.py:2941} INFO - Sync 1 DAGs
[2023-12-06T19:06:35.460+0000] {logging_mixin.py:154} INFO - [2023-12-06T19:06:35.460+0000] {dag.py:3722} INFO - Setting next_dagrun for example_weekday_branch_operator to 2023-12-05T00:00:00+00:00, run_after=2023-12-06T00:00:00+00:00
[2023-12-06T19:06:35.485+0000] {processor.py:179} INFO - Processing /usr/local/lib/python3.10/dist-packages/airflow/example_dags/example_branch_day_of_week_operator.py took 0.081 seconds
[2023-12-06T19:07:23.013+0000] {processor.py:157} INFO - Started process (PID=7006) to work on /usr/local/lib/python3.10/dist-packages/airflow/example_dags/example_branch_day_of_week_operator.py
[2023-12-06T19:07:23.015+0000] {processor.py:829} INFO - Processing file /usr/local/lib/python3.10/dist-packages/airflow/example_dags/example_branch_day_of_week_operator.py for tasks to queue
[2023-12-06T19:07:23.016+0000] {logging_mixin.py:154} INFO - [2023-12-06T19:07:23.016+0000] {dagbag.py:536} INFO - Filling up the DagBag from /usr/local/lib/python3.10/dist-packages/airflow/example_dags/example_branch_day_of_week_operator.py
[2023-12-06T19:07:23.025+0000] {processor.py:839} INFO - DAG(s) dict_keys(['example_weekday_branch_operator']) retrieved from /usr/local/lib/python3.10/dist-packages/airflow/example_dags/example_branch_day_of_week_operator.py
[2023-12-06T19:07:23.045+0000] {logging_mixin.py:154} INFO - [2023-12-06T19:07:23.044+0000] {dag.py:2941} INFO - Sync 1 DAGs
[2023-12-06T19:07:23.068+0000] {logging_mixin.py:154} INFO - [2023-12-06T19:07:23.067+0000] {dag.py:3722} INFO - Setting next_dagrun for example_weekday_branch_operator to 2023-12-05T00:00:00+00:00, run_after=2023-12-06T00:00:00+00:00
[2023-12-06T19:07:23.100+0000] {processor.py:179} INFO - Processing /usr/local/lib/python3.10/dist-packages/airflow/example_dags/example_branch_day_of_week_operator.py took 0.091 seconds
