[2023-12-06T18:21:52.740+0000] {processor.py:157} INFO - Started process (PID=3671) to work on /usr/local/lib/python3.10/dist-packages/airflow/example_dags/example_trigger_controller_dag.py
[2023-12-06T18:21:52.741+0000] {processor.py:829} INFO - Processing file /usr/local/lib/python3.10/dist-packages/airflow/example_dags/example_trigger_controller_dag.py for tasks to queue
[2023-12-06T18:21:52.742+0000] {logging_mixin.py:154} INFO - [2023-12-06T18:21:52.742+0000] {dagbag.py:536} INFO - Filling up the DagBag from /usr/local/lib/python3.10/dist-packages/airflow/example_dags/example_trigger_controller_dag.py
[2023-12-06T18:21:52.750+0000] {processor.py:839} INFO - DAG(s) dict_keys(['example_trigger_controller_dag']) retrieved from /usr/local/lib/python3.10/dist-packages/airflow/example_dags/example_trigger_controller_dag.py
[2023-12-06T18:21:52.860+0000] {logging_mixin.py:154} INFO - [2023-12-06T18:21:52.860+0000] {manager.py:499} INFO - Created Permission View: %s
[2023-12-06T18:21:52.873+0000] {logging_mixin.py:154} INFO - [2023-12-06T18:21:52.873+0000] {manager.py:499} INFO - Created Permission View: %s
[2023-12-06T18:21:52.883+0000] {logging_mixin.py:154} INFO - [2023-12-06T18:21:52.883+0000] {manager.py:499} INFO - Created Permission View: %s
[2023-12-06T18:21:52.883+0000] {logging_mixin.py:154} INFO - [2023-12-06T18:21:52.883+0000] {dag.py:2941} INFO - Sync 1 DAGs
[2023-12-06T18:21:52.894+0000] {logging_mixin.py:154} INFO - [2023-12-06T18:21:52.893+0000] {dag.py:2963} INFO - Creating ORM DAG for example_trigger_controller_dag
[2023-12-06T18:21:52.903+0000] {logging_mixin.py:154} INFO - [2023-12-06T18:21:52.903+0000] {dag.py:3722} INFO - Setting next_dagrun for example_trigger_controller_dag to 2021-01-01T00:00:00+00:00, run_after=2021-01-01T00:00:00+00:00
[2023-12-06T18:21:52.925+0000] {processor.py:179} INFO - Processing /usr/local/lib/python3.10/dist-packages/airflow/example_dags/example_trigger_controller_dag.py took 0.189 seconds
[2023-12-06T18:22:43.797+0000] {processor.py:157} INFO - Started process (PID=3720) to work on /usr/local/lib/python3.10/dist-packages/airflow/example_dags/example_trigger_controller_dag.py
[2023-12-06T18:22:43.798+0000] {processor.py:829} INFO - Processing file /usr/local/lib/python3.10/dist-packages/airflow/example_dags/example_trigger_controller_dag.py for tasks to queue
[2023-12-06T18:22:43.799+0000] {logging_mixin.py:154} INFO - [2023-12-06T18:22:43.799+0000] {dagbag.py:536} INFO - Filling up the DagBag from /usr/local/lib/python3.10/dist-packages/airflow/example_dags/example_trigger_controller_dag.py
[2023-12-06T18:22:43.806+0000] {processor.py:839} INFO - DAG(s) dict_keys(['example_trigger_controller_dag']) retrieved from /usr/local/lib/python3.10/dist-packages/airflow/example_dags/example_trigger_controller_dag.py
[2023-12-06T18:22:43.823+0000] {logging_mixin.py:154} INFO - [2023-12-06T18:22:43.823+0000] {dag.py:2941} INFO - Sync 1 DAGs
[2023-12-06T18:22:43.843+0000] {logging_mixin.py:154} INFO - [2023-12-06T18:22:43.843+0000] {dag.py:3722} INFO - Setting next_dagrun for example_trigger_controller_dag to 2021-01-01T00:00:00+00:00, run_after=2021-01-01T00:00:00+00:00
[2023-12-06T18:22:43.871+0000] {processor.py:179} INFO - Processing /usr/local/lib/python3.10/dist-packages/airflow/example_dags/example_trigger_controller_dag.py took 0.078 seconds
[2023-12-06T18:23:30.363+0000] {processor.py:157} INFO - Started process (PID=3768) to work on /usr/local/lib/python3.10/dist-packages/airflow/example_dags/example_trigger_controller_dag.py
[2023-12-06T18:23:30.365+0000] {processor.py:829} INFO - Processing file /usr/local/lib/python3.10/dist-packages/airflow/example_dags/example_trigger_controller_dag.py for tasks to queue
[2023-12-06T18:23:30.366+0000] {logging_mixin.py:154} INFO - [2023-12-06T18:23:30.365+0000] {dagbag.py:536} INFO - Filling up the DagBag from /usr/local/lib/python3.10/dist-packages/airflow/example_dags/example_trigger_controller_dag.py
[2023-12-06T18:23:30.371+0000] {processor.py:839} INFO - DAG(s) dict_keys(['example_trigger_controller_dag']) retrieved from /usr/local/lib/python3.10/dist-packages/airflow/example_dags/example_trigger_controller_dag.py
[2023-12-06T18:23:30.388+0000] {logging_mixin.py:154} INFO - [2023-12-06T18:23:30.388+0000] {dag.py:2941} INFO - Sync 1 DAGs
[2023-12-06T18:23:30.409+0000] {logging_mixin.py:154} INFO - [2023-12-06T18:23:30.409+0000] {dag.py:3722} INFO - Setting next_dagrun for example_trigger_controller_dag to 2021-01-01T00:00:00+00:00, run_after=2021-01-01T00:00:00+00:00
[2023-12-06T18:23:30.431+0000] {processor.py:179} INFO - Processing /usr/local/lib/python3.10/dist-packages/airflow/example_dags/example_trigger_controller_dag.py took 0.071 seconds
[2023-12-06T18:24:05.342+0000] {processor.py:157} INFO - Started process (PID=3804) to work on /usr/local/lib/python3.10/dist-packages/airflow/example_dags/example_trigger_controller_dag.py
[2023-12-06T18:24:05.343+0000] {processor.py:829} INFO - Processing file /usr/local/lib/python3.10/dist-packages/airflow/example_dags/example_trigger_controller_dag.py for tasks to queue
[2023-12-06T18:24:05.344+0000] {logging_mixin.py:154} INFO - [2023-12-06T18:24:05.344+0000] {dagbag.py:536} INFO - Filling up the DagBag from /usr/local/lib/python3.10/dist-packages/airflow/example_dags/example_trigger_controller_dag.py
[2023-12-06T18:24:05.350+0000] {processor.py:839} INFO - DAG(s) dict_keys(['example_trigger_controller_dag']) retrieved from /usr/local/lib/python3.10/dist-packages/airflow/example_dags/example_trigger_controller_dag.py
[2023-12-06T18:24:05.367+0000] {logging_mixin.py:154} INFO - [2023-12-06T18:24:05.367+0000] {dag.py:2941} INFO - Sync 1 DAGs
[2023-12-06T18:24:05.387+0000] {logging_mixin.py:154} INFO - [2023-12-06T18:24:05.387+0000] {dag.py:3722} INFO - Setting next_dagrun for example_trigger_controller_dag to 2021-01-01T00:00:00+00:00, run_after=2021-01-01T00:00:00+00:00
[2023-12-06T18:24:05.415+0000] {processor.py:179} INFO - Processing /usr/local/lib/python3.10/dist-packages/airflow/example_dags/example_trigger_controller_dag.py took 0.077 seconds
[2023-12-06T18:24:40.456+0000] {processor.py:157} INFO - Started process (PID=3839) to work on /usr/local/lib/python3.10/dist-packages/airflow/example_dags/example_trigger_controller_dag.py
[2023-12-06T18:24:40.457+0000] {processor.py:829} INFO - Processing file /usr/local/lib/python3.10/dist-packages/airflow/example_dags/example_trigger_controller_dag.py for tasks to queue
[2023-12-06T18:24:40.458+0000] {logging_mixin.py:154} INFO - [2023-12-06T18:24:40.458+0000] {dagbag.py:536} INFO - Filling up the DagBag from /usr/local/lib/python3.10/dist-packages/airflow/example_dags/example_trigger_controller_dag.py
[2023-12-06T18:24:40.464+0000] {processor.py:839} INFO - DAG(s) dict_keys(['example_trigger_controller_dag']) retrieved from /usr/local/lib/python3.10/dist-packages/airflow/example_dags/example_trigger_controller_dag.py
[2023-12-06T18:24:40.481+0000] {logging_mixin.py:154} INFO - [2023-12-06T18:24:40.481+0000] {dag.py:2941} INFO - Sync 1 DAGs
[2023-12-06T18:24:40.501+0000] {logging_mixin.py:154} INFO - [2023-12-06T18:24:40.501+0000] {dag.py:3722} INFO - Setting next_dagrun for example_trigger_controller_dag to 2021-01-01T00:00:00+00:00, run_after=2021-01-01T00:00:00+00:00
[2023-12-06T18:24:40.522+0000] {processor.py:179} INFO - Processing /usr/local/lib/python3.10/dist-packages/airflow/example_dags/example_trigger_controller_dag.py took 0.070 seconds
[2023-12-06T18:25:25.929+0000] {processor.py:157} INFO - Started process (PID=3888) to work on /usr/local/lib/python3.10/dist-packages/airflow/example_dags/example_trigger_controller_dag.py
[2023-12-06T18:25:25.931+0000] {processor.py:829} INFO - Processing file /usr/local/lib/python3.10/dist-packages/airflow/example_dags/example_trigger_controller_dag.py for tasks to queue
[2023-12-06T18:25:25.932+0000] {logging_mixin.py:154} INFO - [2023-12-06T18:25:25.931+0000] {dagbag.py:536} INFO - Filling up the DagBag from /usr/local/lib/python3.10/dist-packages/airflow/example_dags/example_trigger_controller_dag.py
[2023-12-06T18:25:25.937+0000] {processor.py:839} INFO - DAG(s) dict_keys(['example_trigger_controller_dag']) retrieved from /usr/local/lib/python3.10/dist-packages/airflow/example_dags/example_trigger_controller_dag.py
[2023-12-06T18:25:25.955+0000] {logging_mixin.py:154} INFO - [2023-12-06T18:25:25.955+0000] {dag.py:2941} INFO - Sync 1 DAGs
[2023-12-06T18:25:25.976+0000] {logging_mixin.py:154} INFO - [2023-12-06T18:25:25.976+0000] {dag.py:3722} INFO - Setting next_dagrun for example_trigger_controller_dag to 2021-01-01T00:00:00+00:00, run_after=2021-01-01T00:00:00+00:00
[2023-12-06T18:25:25.999+0000] {processor.py:179} INFO - Processing /usr/local/lib/python3.10/dist-packages/airflow/example_dags/example_trigger_controller_dag.py took 0.074 seconds
[2023-12-06T18:26:09.639+0000] {processor.py:157} INFO - Started process (PID=3935) to work on /usr/local/lib/python3.10/dist-packages/airflow/example_dags/example_trigger_controller_dag.py
[2023-12-06T18:26:09.640+0000] {processor.py:829} INFO - Processing file /usr/local/lib/python3.10/dist-packages/airflow/example_dags/example_trigger_controller_dag.py for tasks to queue
[2023-12-06T18:26:09.641+0000] {logging_mixin.py:154} INFO - [2023-12-06T18:26:09.641+0000] {dagbag.py:536} INFO - Filling up the DagBag from /usr/local/lib/python3.10/dist-packages/airflow/example_dags/example_trigger_controller_dag.py
[2023-12-06T18:26:09.646+0000] {processor.py:839} INFO - DAG(s) dict_keys(['example_trigger_controller_dag']) retrieved from /usr/local/lib/python3.10/dist-packages/airflow/example_dags/example_trigger_controller_dag.py
[2023-12-06T18:26:09.664+0000] {logging_mixin.py:154} INFO - [2023-12-06T18:26:09.664+0000] {dag.py:2941} INFO - Sync 1 DAGs
[2023-12-06T18:26:09.686+0000] {logging_mixin.py:154} INFO - [2023-12-06T18:26:09.685+0000] {dag.py:3722} INFO - Setting next_dagrun for example_trigger_controller_dag to 2021-01-01T00:00:00+00:00, run_after=2021-01-01T00:00:00+00:00
[2023-12-06T18:26:09.710+0000] {processor.py:179} INFO - Processing /usr/local/lib/python3.10/dist-packages/airflow/example_dags/example_trigger_controller_dag.py took 0.074 seconds
[2023-12-06T18:26:43.325+0000] {processor.py:157} INFO - Started process (PID=3970) to work on /usr/local/lib/python3.10/dist-packages/airflow/example_dags/example_trigger_controller_dag.py
[2023-12-06T18:26:43.326+0000] {processor.py:829} INFO - Processing file /usr/local/lib/python3.10/dist-packages/airflow/example_dags/example_trigger_controller_dag.py for tasks to queue
[2023-12-06T18:26:43.327+0000] {logging_mixin.py:154} INFO - [2023-12-06T18:26:43.327+0000] {dagbag.py:536} INFO - Filling up the DagBag from /usr/local/lib/python3.10/dist-packages/airflow/example_dags/example_trigger_controller_dag.py
[2023-12-06T18:26:43.333+0000] {processor.py:839} INFO - DAG(s) dict_keys(['example_trigger_controller_dag']) retrieved from /usr/local/lib/python3.10/dist-packages/airflow/example_dags/example_trigger_controller_dag.py
[2023-12-06T18:26:43.350+0000] {logging_mixin.py:154} INFO - [2023-12-06T18:26:43.350+0000] {dag.py:2941} INFO - Sync 1 DAGs
[2023-12-06T18:26:43.369+0000] {logging_mixin.py:154} INFO - [2023-12-06T18:26:43.369+0000] {dag.py:3722} INFO - Setting next_dagrun for example_trigger_controller_dag to 2021-01-01T00:00:00+00:00, run_after=2021-01-01T00:00:00+00:00
[2023-12-06T18:26:43.392+0000] {processor.py:179} INFO - Processing /usr/local/lib/python3.10/dist-packages/airflow/example_dags/example_trigger_controller_dag.py took 0.070 seconds
[2023-12-06T18:27:27.985+0000] {processor.py:157} INFO - Started process (PID=4016) to work on /usr/local/lib/python3.10/dist-packages/airflow/example_dags/example_trigger_controller_dag.py
[2023-12-06T18:27:27.987+0000] {processor.py:829} INFO - Processing file /usr/local/lib/python3.10/dist-packages/airflow/example_dags/example_trigger_controller_dag.py for tasks to queue
[2023-12-06T18:27:27.988+0000] {logging_mixin.py:154} INFO - [2023-12-06T18:27:27.987+0000] {dagbag.py:536} INFO - Filling up the DagBag from /usr/local/lib/python3.10/dist-packages/airflow/example_dags/example_trigger_controller_dag.py
[2023-12-06T18:27:27.993+0000] {processor.py:839} INFO - DAG(s) dict_keys(['example_trigger_controller_dag']) retrieved from /usr/local/lib/python3.10/dist-packages/airflow/example_dags/example_trigger_controller_dag.py
[2023-12-06T18:27:28.011+0000] {logging_mixin.py:154} INFO - [2023-12-06T18:27:28.011+0000] {dag.py:2941} INFO - Sync 1 DAGs
[2023-12-06T18:27:28.036+0000] {logging_mixin.py:154} INFO - [2023-12-06T18:27:28.036+0000] {dag.py:3722} INFO - Setting next_dagrun for example_trigger_controller_dag to 2021-01-01T00:00:00+00:00, run_after=2021-01-01T00:00:00+00:00
[2023-12-06T18:27:28.057+0000] {processor.py:179} INFO - Processing /usr/local/lib/python3.10/dist-packages/airflow/example_dags/example_trigger_controller_dag.py took 0.075 seconds
[2023-12-06T18:28:09.891+0000] {processor.py:157} INFO - Started process (PID=4060) to work on /usr/local/lib/python3.10/dist-packages/airflow/example_dags/example_trigger_controller_dag.py
[2023-12-06T18:28:09.892+0000] {processor.py:829} INFO - Processing file /usr/local/lib/python3.10/dist-packages/airflow/example_dags/example_trigger_controller_dag.py for tasks to queue
[2023-12-06T18:28:09.893+0000] {logging_mixin.py:154} INFO - [2023-12-06T18:28:09.893+0000] {dagbag.py:536} INFO - Filling up the DagBag from /usr/local/lib/python3.10/dist-packages/airflow/example_dags/example_trigger_controller_dag.py
[2023-12-06T18:28:09.899+0000] {processor.py:839} INFO - DAG(s) dict_keys(['example_trigger_controller_dag']) retrieved from /usr/local/lib/python3.10/dist-packages/airflow/example_dags/example_trigger_controller_dag.py
[2023-12-06T18:28:09.917+0000] {logging_mixin.py:154} INFO - [2023-12-06T18:28:09.917+0000] {dag.py:2941} INFO - Sync 1 DAGs
[2023-12-06T18:28:09.937+0000] {logging_mixin.py:154} INFO - [2023-12-06T18:28:09.937+0000] {dag.py:3722} INFO - Setting next_dagrun for example_trigger_controller_dag to 2021-01-01T00:00:00+00:00, run_after=2021-01-01T00:00:00+00:00
[2023-12-06T18:28:09.960+0000] {processor.py:179} INFO - Processing /usr/local/lib/python3.10/dist-packages/airflow/example_dags/example_trigger_controller_dag.py took 0.073 seconds
[2023-12-06T18:28:57.993+0000] {processor.py:157} INFO - Started process (PID=4108) to work on /usr/local/lib/python3.10/dist-packages/airflow/example_dags/example_trigger_controller_dag.py
[2023-12-06T18:28:57.994+0000] {processor.py:829} INFO - Processing file /usr/local/lib/python3.10/dist-packages/airflow/example_dags/example_trigger_controller_dag.py for tasks to queue
[2023-12-06T18:28:57.995+0000] {logging_mixin.py:154} INFO - [2023-12-06T18:28:57.995+0000] {dagbag.py:536} INFO - Filling up the DagBag from /usr/local/lib/python3.10/dist-packages/airflow/example_dags/example_trigger_controller_dag.py
[2023-12-06T18:28:58.000+0000] {processor.py:839} INFO - DAG(s) dict_keys(['example_trigger_controller_dag']) retrieved from /usr/local/lib/python3.10/dist-packages/airflow/example_dags/example_trigger_controller_dag.py
[2023-12-06T18:28:58.018+0000] {logging_mixin.py:154} INFO - [2023-12-06T18:28:58.018+0000] {dag.py:2941} INFO - Sync 1 DAGs
[2023-12-06T18:28:58.039+0000] {logging_mixin.py:154} INFO - [2023-12-06T18:28:58.039+0000] {dag.py:3722} INFO - Setting next_dagrun for example_trigger_controller_dag to 2021-01-01T00:00:00+00:00, run_after=2021-01-01T00:00:00+00:00
[2023-12-06T18:28:58.061+0000] {processor.py:179} INFO - Processing /usr/local/lib/python3.10/dist-packages/airflow/example_dags/example_trigger_controller_dag.py took 0.072 seconds
[2023-12-06T18:29:42.254+0000] {processor.py:157} INFO - Started process (PID=4156) to work on /usr/local/lib/python3.10/dist-packages/airflow/example_dags/example_trigger_controller_dag.py
[2023-12-06T18:29:42.255+0000] {processor.py:829} INFO - Processing file /usr/local/lib/python3.10/dist-packages/airflow/example_dags/example_trigger_controller_dag.py for tasks to queue
[2023-12-06T18:29:42.256+0000] {logging_mixin.py:154} INFO - [2023-12-06T18:29:42.256+0000] {dagbag.py:536} INFO - Filling up the DagBag from /usr/local/lib/python3.10/dist-packages/airflow/example_dags/example_trigger_controller_dag.py
[2023-12-06T18:29:42.261+0000] {processor.py:839} INFO - DAG(s) dict_keys(['example_trigger_controller_dag']) retrieved from /usr/local/lib/python3.10/dist-packages/airflow/example_dags/example_trigger_controller_dag.py
[2023-12-06T18:29:42.279+0000] {logging_mixin.py:154} INFO - [2023-12-06T18:29:42.279+0000] {dag.py:2941} INFO - Sync 1 DAGs
[2023-12-06T18:29:42.300+0000] {logging_mixin.py:154} INFO - [2023-12-06T18:29:42.300+0000] {dag.py:3722} INFO - Setting next_dagrun for example_trigger_controller_dag to 2021-01-01T00:00:00+00:00, run_after=2021-01-01T00:00:00+00:00
[2023-12-06T18:29:42.324+0000] {processor.py:179} INFO - Processing /usr/local/lib/python3.10/dist-packages/airflow/example_dags/example_trigger_controller_dag.py took 0.074 seconds
[2023-12-06T18:30:25.060+0000] {processor.py:157} INFO - Started process (PID=4200) to work on /usr/local/lib/python3.10/dist-packages/airflow/example_dags/example_trigger_controller_dag.py
[2023-12-06T18:30:25.061+0000] {processor.py:829} INFO - Processing file /usr/local/lib/python3.10/dist-packages/airflow/example_dags/example_trigger_controller_dag.py for tasks to queue
[2023-12-06T18:30:25.062+0000] {logging_mixin.py:154} INFO - [2023-12-06T18:30:25.062+0000] {dagbag.py:536} INFO - Filling up the DagBag from /usr/local/lib/python3.10/dist-packages/airflow/example_dags/example_trigger_controller_dag.py
[2023-12-06T18:30:25.068+0000] {processor.py:839} INFO - DAG(s) dict_keys(['example_trigger_controller_dag']) retrieved from /usr/local/lib/python3.10/dist-packages/airflow/example_dags/example_trigger_controller_dag.py
[2023-12-06T18:30:25.085+0000] {logging_mixin.py:154} INFO - [2023-12-06T18:30:25.085+0000] {dag.py:2941} INFO - Sync 1 DAGs
[2023-12-06T18:30:25.106+0000] {logging_mixin.py:154} INFO - [2023-12-06T18:30:25.105+0000] {dag.py:3722} INFO - Setting next_dagrun for example_trigger_controller_dag to 2021-01-01T00:00:00+00:00, run_after=2021-01-01T00:00:00+00:00
[2023-12-06T18:30:25.128+0000] {processor.py:179} INFO - Processing /usr/local/lib/python3.10/dist-packages/airflow/example_dags/example_trigger_controller_dag.py took 0.072 seconds
[2023-12-06T18:31:08.558+0000] {processor.py:157} INFO - Started process (PID=4247) to work on /usr/local/lib/python3.10/dist-packages/airflow/example_dags/example_trigger_controller_dag.py
[2023-12-06T18:31:08.560+0000] {processor.py:829} INFO - Processing file /usr/local/lib/python3.10/dist-packages/airflow/example_dags/example_trigger_controller_dag.py for tasks to queue
[2023-12-06T18:31:08.561+0000] {logging_mixin.py:154} INFO - [2023-12-06T18:31:08.560+0000] {dagbag.py:536} INFO - Filling up the DagBag from /usr/local/lib/python3.10/dist-packages/airflow/example_dags/example_trigger_controller_dag.py
[2023-12-06T18:31:08.566+0000] {processor.py:839} INFO - DAG(s) dict_keys(['example_trigger_controller_dag']) retrieved from /usr/local/lib/python3.10/dist-packages/airflow/example_dags/example_trigger_controller_dag.py
[2023-12-06T18:31:08.584+0000] {logging_mixin.py:154} INFO - [2023-12-06T18:31:08.584+0000] {dag.py:2941} INFO - Sync 1 DAGs
[2023-12-06T18:31:08.605+0000] {logging_mixin.py:154} INFO - [2023-12-06T18:31:08.605+0000] {dag.py:3722} INFO - Setting next_dagrun for example_trigger_controller_dag to 2021-01-01T00:00:00+00:00, run_after=2021-01-01T00:00:00+00:00
[2023-12-06T18:31:08.633+0000] {processor.py:179} INFO - Processing /usr/local/lib/python3.10/dist-packages/airflow/example_dags/example_trigger_controller_dag.py took 0.078 seconds
[2023-12-06T18:31:51.454+0000] {processor.py:157} INFO - Started process (PID=4293) to work on /usr/local/lib/python3.10/dist-packages/airflow/example_dags/example_trigger_controller_dag.py
[2023-12-06T18:31:51.455+0000] {processor.py:829} INFO - Processing file /usr/local/lib/python3.10/dist-packages/airflow/example_dags/example_trigger_controller_dag.py for tasks to queue
[2023-12-06T18:31:51.456+0000] {logging_mixin.py:154} INFO - [2023-12-06T18:31:51.455+0000] {dagbag.py:536} INFO - Filling up the DagBag from /usr/local/lib/python3.10/dist-packages/airflow/example_dags/example_trigger_controller_dag.py
[2023-12-06T18:31:51.461+0000] {processor.py:839} INFO - DAG(s) dict_keys(['example_trigger_controller_dag']) retrieved from /usr/local/lib/python3.10/dist-packages/airflow/example_dags/example_trigger_controller_dag.py
[2023-12-06T18:31:51.479+0000] {logging_mixin.py:154} INFO - [2023-12-06T18:31:51.479+0000] {dag.py:2941} INFO - Sync 1 DAGs
[2023-12-06T18:31:51.499+0000] {logging_mixin.py:154} INFO - [2023-12-06T18:31:51.499+0000] {dag.py:3722} INFO - Setting next_dagrun for example_trigger_controller_dag to 2021-01-01T00:00:00+00:00, run_after=2021-01-01T00:00:00+00:00
[2023-12-06T18:31:51.522+0000] {processor.py:179} INFO - Processing /usr/local/lib/python3.10/dist-packages/airflow/example_dags/example_trigger_controller_dag.py took 0.072 seconds
[2023-12-06T18:32:32.758+0000] {processor.py:157} INFO - Started process (PID=4335) to work on /usr/local/lib/python3.10/dist-packages/airflow/example_dags/example_trigger_controller_dag.py
[2023-12-06T18:32:32.759+0000] {processor.py:829} INFO - Processing file /usr/local/lib/python3.10/dist-packages/airflow/example_dags/example_trigger_controller_dag.py for tasks to queue
[2023-12-06T18:32:32.760+0000] {logging_mixin.py:154} INFO - [2023-12-06T18:32:32.760+0000] {dagbag.py:536} INFO - Filling up the DagBag from /usr/local/lib/python3.10/dist-packages/airflow/example_dags/example_trigger_controller_dag.py
[2023-12-06T18:32:32.766+0000] {processor.py:839} INFO - DAG(s) dict_keys(['example_trigger_controller_dag']) retrieved from /usr/local/lib/python3.10/dist-packages/airflow/example_dags/example_trigger_controller_dag.py
[2023-12-06T18:32:32.784+0000] {logging_mixin.py:154} INFO - [2023-12-06T18:32:32.784+0000] {dag.py:2941} INFO - Sync 1 DAGs
[2023-12-06T18:32:32.804+0000] {logging_mixin.py:154} INFO - [2023-12-06T18:32:32.804+0000] {dag.py:3722} INFO - Setting next_dagrun for example_trigger_controller_dag to 2021-01-01T00:00:00+00:00, run_after=2021-01-01T00:00:00+00:00
[2023-12-06T18:32:32.831+0000] {processor.py:179} INFO - Processing /usr/local/lib/python3.10/dist-packages/airflow/example_dags/example_trigger_controller_dag.py took 0.077 seconds
[2023-12-06T18:33:19.989+0000] {processor.py:157} INFO - Started process (PID=4383) to work on /usr/local/lib/python3.10/dist-packages/airflow/example_dags/example_trigger_controller_dag.py
[2023-12-06T18:33:19.991+0000] {processor.py:829} INFO - Processing file /usr/local/lib/python3.10/dist-packages/airflow/example_dags/example_trigger_controller_dag.py for tasks to queue
[2023-12-06T18:33:19.992+0000] {logging_mixin.py:154} INFO - [2023-12-06T18:33:19.991+0000] {dagbag.py:536} INFO - Filling up the DagBag from /usr/local/lib/python3.10/dist-packages/airflow/example_dags/example_trigger_controller_dag.py
[2023-12-06T18:33:19.997+0000] {processor.py:839} INFO - DAG(s) dict_keys(['example_trigger_controller_dag']) retrieved from /usr/local/lib/python3.10/dist-packages/airflow/example_dags/example_trigger_controller_dag.py
[2023-12-06T18:33:20.015+0000] {logging_mixin.py:154} INFO - [2023-12-06T18:33:20.015+0000] {dag.py:2941} INFO - Sync 1 DAGs
[2023-12-06T18:33:20.035+0000] {logging_mixin.py:154} INFO - [2023-12-06T18:33:20.035+0000] {dag.py:3722} INFO - Setting next_dagrun for example_trigger_controller_dag to 2021-01-01T00:00:00+00:00, run_after=2021-01-01T00:00:00+00:00
[2023-12-06T18:33:20.056+0000] {processor.py:179} INFO - Processing /usr/local/lib/python3.10/dist-packages/airflow/example_dags/example_trigger_controller_dag.py took 0.070 seconds
[2023-12-06T18:34:06.514+0000] {processor.py:157} INFO - Started process (PID=4430) to work on /usr/local/lib/python3.10/dist-packages/airflow/example_dags/example_trigger_controller_dag.py
[2023-12-06T18:34:06.516+0000] {processor.py:829} INFO - Processing file /usr/local/lib/python3.10/dist-packages/airflow/example_dags/example_trigger_controller_dag.py for tasks to queue
[2023-12-06T18:34:06.516+0000] {logging_mixin.py:154} INFO - [2023-12-06T18:34:06.516+0000] {dagbag.py:536} INFO - Filling up the DagBag from /usr/local/lib/python3.10/dist-packages/airflow/example_dags/example_trigger_controller_dag.py
[2023-12-06T18:34:06.522+0000] {processor.py:839} INFO - DAG(s) dict_keys(['example_trigger_controller_dag']) retrieved from /usr/local/lib/python3.10/dist-packages/airflow/example_dags/example_trigger_controller_dag.py
[2023-12-06T18:34:06.540+0000] {logging_mixin.py:154} INFO - [2023-12-06T18:34:06.540+0000] {dag.py:2941} INFO - Sync 1 DAGs
[2023-12-06T18:34:06.560+0000] {logging_mixin.py:154} INFO - [2023-12-06T18:34:06.560+0000] {dag.py:3722} INFO - Setting next_dagrun for example_trigger_controller_dag to 2021-01-01T00:00:00+00:00, run_after=2021-01-01T00:00:00+00:00
[2023-12-06T18:34:06.582+0000] {processor.py:179} INFO - Processing /usr/local/lib/python3.10/dist-packages/airflow/example_dags/example_trigger_controller_dag.py took 0.071 seconds
[2023-12-06T18:34:38.685+0000] {processor.py:157} INFO - Started process (PID=4463) to work on /usr/local/lib/python3.10/dist-packages/airflow/example_dags/example_trigger_controller_dag.py
[2023-12-06T18:34:38.686+0000] {processor.py:829} INFO - Processing file /usr/local/lib/python3.10/dist-packages/airflow/example_dags/example_trigger_controller_dag.py for tasks to queue
[2023-12-06T18:34:38.687+0000] {logging_mixin.py:154} INFO - [2023-12-06T18:34:38.687+0000] {dagbag.py:536} INFO - Filling up the DagBag from /usr/local/lib/python3.10/dist-packages/airflow/example_dags/example_trigger_controller_dag.py
[2023-12-06T18:34:38.692+0000] {processor.py:839} INFO - DAG(s) dict_keys(['example_trigger_controller_dag']) retrieved from /usr/local/lib/python3.10/dist-packages/airflow/example_dags/example_trigger_controller_dag.py
[2023-12-06T18:34:38.710+0000] {logging_mixin.py:154} INFO - [2023-12-06T18:34:38.710+0000] {dag.py:2941} INFO - Sync 1 DAGs
[2023-12-06T18:34:38.731+0000] {logging_mixin.py:154} INFO - [2023-12-06T18:34:38.731+0000] {dag.py:3722} INFO - Setting next_dagrun for example_trigger_controller_dag to 2021-01-01T00:00:00+00:00, run_after=2021-01-01T00:00:00+00:00
[2023-12-06T18:34:38.754+0000] {processor.py:179} INFO - Processing /usr/local/lib/python3.10/dist-packages/airflow/example_dags/example_trigger_controller_dag.py took 0.073 seconds
[2023-12-06T18:35:25.121+0000] {processor.py:157} INFO - Started process (PID=4511) to work on /usr/local/lib/python3.10/dist-packages/airflow/example_dags/example_trigger_controller_dag.py
[2023-12-06T18:35:25.122+0000] {processor.py:829} INFO - Processing file /usr/local/lib/python3.10/dist-packages/airflow/example_dags/example_trigger_controller_dag.py for tasks to queue
[2023-12-06T18:35:25.123+0000] {logging_mixin.py:154} INFO - [2023-12-06T18:35:25.123+0000] {dagbag.py:536} INFO - Filling up the DagBag from /usr/local/lib/python3.10/dist-packages/airflow/example_dags/example_trigger_controller_dag.py
[2023-12-06T18:35:25.129+0000] {processor.py:839} INFO - DAG(s) dict_keys(['example_trigger_controller_dag']) retrieved from /usr/local/lib/python3.10/dist-packages/airflow/example_dags/example_trigger_controller_dag.py
[2023-12-06T18:35:25.147+0000] {logging_mixin.py:154} INFO - [2023-12-06T18:35:25.147+0000] {dag.py:2941} INFO - Sync 1 DAGs
[2023-12-06T18:35:25.169+0000] {logging_mixin.py:154} INFO - [2023-12-06T18:35:25.169+0000] {dag.py:3722} INFO - Setting next_dagrun for example_trigger_controller_dag to 2021-01-01T00:00:00+00:00, run_after=2021-01-01T00:00:00+00:00
[2023-12-06T18:35:25.198+0000] {processor.py:179} INFO - Processing /usr/local/lib/python3.10/dist-packages/airflow/example_dags/example_trigger_controller_dag.py took 0.081 seconds
[2023-12-06T18:36:09.014+0000] {processor.py:157} INFO - Started process (PID=4557) to work on /usr/local/lib/python3.10/dist-packages/airflow/example_dags/example_trigger_controller_dag.py
[2023-12-06T18:36:09.015+0000] {processor.py:829} INFO - Processing file /usr/local/lib/python3.10/dist-packages/airflow/example_dags/example_trigger_controller_dag.py for tasks to queue
[2023-12-06T18:36:09.016+0000] {logging_mixin.py:154} INFO - [2023-12-06T18:36:09.016+0000] {dagbag.py:536} INFO - Filling up the DagBag from /usr/local/lib/python3.10/dist-packages/airflow/example_dags/example_trigger_controller_dag.py
[2023-12-06T18:36:09.022+0000] {processor.py:839} INFO - DAG(s) dict_keys(['example_trigger_controller_dag']) retrieved from /usr/local/lib/python3.10/dist-packages/airflow/example_dags/example_trigger_controller_dag.py
[2023-12-06T18:36:09.040+0000] {logging_mixin.py:154} INFO - [2023-12-06T18:36:09.040+0000] {dag.py:2941} INFO - Sync 1 DAGs
[2023-12-06T18:36:09.061+0000] {logging_mixin.py:154} INFO - [2023-12-06T18:36:09.060+0000] {dag.py:3722} INFO - Setting next_dagrun for example_trigger_controller_dag to 2021-01-01T00:00:00+00:00, run_after=2021-01-01T00:00:00+00:00
[2023-12-06T18:36:09.084+0000] {processor.py:179} INFO - Processing /usr/local/lib/python3.10/dist-packages/airflow/example_dags/example_trigger_controller_dag.py took 0.074 seconds
[2023-12-06T18:36:42.854+0000] {processor.py:157} INFO - Started process (PID=4591) to work on /usr/local/lib/python3.10/dist-packages/airflow/example_dags/example_trigger_controller_dag.py
[2023-12-06T18:36:42.856+0000] {processor.py:829} INFO - Processing file /usr/local/lib/python3.10/dist-packages/airflow/example_dags/example_trigger_controller_dag.py for tasks to queue
[2023-12-06T18:36:42.856+0000] {logging_mixin.py:154} INFO - [2023-12-06T18:36:42.856+0000] {dagbag.py:536} INFO - Filling up the DagBag from /usr/local/lib/python3.10/dist-packages/airflow/example_dags/example_trigger_controller_dag.py
[2023-12-06T18:36:42.862+0000] {processor.py:839} INFO - DAG(s) dict_keys(['example_trigger_controller_dag']) retrieved from /usr/local/lib/python3.10/dist-packages/airflow/example_dags/example_trigger_controller_dag.py
[2023-12-06T18:36:42.879+0000] {logging_mixin.py:154} INFO - [2023-12-06T18:36:42.879+0000] {dag.py:2941} INFO - Sync 1 DAGs
[2023-12-06T18:36:42.899+0000] {logging_mixin.py:154} INFO - [2023-12-06T18:36:42.899+0000] {dag.py:3722} INFO - Setting next_dagrun for example_trigger_controller_dag to 2021-01-01T00:00:00+00:00, run_after=2021-01-01T00:00:00+00:00
[2023-12-06T18:36:42.925+0000] {processor.py:179} INFO - Processing /usr/local/lib/python3.10/dist-packages/airflow/example_dags/example_trigger_controller_dag.py took 0.074 seconds
[2023-12-06T18:37:27.477+0000] {processor.py:157} INFO - Started process (PID=4638) to work on /usr/local/lib/python3.10/dist-packages/airflow/example_dags/example_trigger_controller_dag.py
[2023-12-06T18:37:27.479+0000] {processor.py:829} INFO - Processing file /usr/local/lib/python3.10/dist-packages/airflow/example_dags/example_trigger_controller_dag.py for tasks to queue
[2023-12-06T18:37:27.479+0000] {logging_mixin.py:154} INFO - [2023-12-06T18:37:27.479+0000] {dagbag.py:536} INFO - Filling up the DagBag from /usr/local/lib/python3.10/dist-packages/airflow/example_dags/example_trigger_controller_dag.py
[2023-12-06T18:37:27.485+0000] {processor.py:839} INFO - DAG(s) dict_keys(['example_trigger_controller_dag']) retrieved from /usr/local/lib/python3.10/dist-packages/airflow/example_dags/example_trigger_controller_dag.py
[2023-12-06T18:37:27.502+0000] {logging_mixin.py:154} INFO - [2023-12-06T18:37:27.502+0000] {dag.py:2941} INFO - Sync 1 DAGs
[2023-12-06T18:37:27.522+0000] {logging_mixin.py:154} INFO - [2023-12-06T18:37:27.522+0000] {dag.py:3722} INFO - Setting next_dagrun for example_trigger_controller_dag to 2021-01-01T00:00:00+00:00, run_after=2021-01-01T00:00:00+00:00
[2023-12-06T18:37:27.545+0000] {processor.py:179} INFO - Processing /usr/local/lib/python3.10/dist-packages/airflow/example_dags/example_trigger_controller_dag.py took 0.072 seconds
[2023-12-06T18:38:13.830+0000] {processor.py:157} INFO - Started process (PID=4685) to work on /usr/local/lib/python3.10/dist-packages/airflow/example_dags/example_trigger_controller_dag.py
[2023-12-06T18:38:13.832+0000] {processor.py:829} INFO - Processing file /usr/local/lib/python3.10/dist-packages/airflow/example_dags/example_trigger_controller_dag.py for tasks to queue
[2023-12-06T18:38:13.833+0000] {logging_mixin.py:154} INFO - [2023-12-06T18:38:13.832+0000] {dagbag.py:536} INFO - Filling up the DagBag from /usr/local/lib/python3.10/dist-packages/airflow/example_dags/example_trigger_controller_dag.py
[2023-12-06T18:38:13.842+0000] {processor.py:839} INFO - DAG(s) dict_keys(['example_trigger_controller_dag']) retrieved from /usr/local/lib/python3.10/dist-packages/airflow/example_dags/example_trigger_controller_dag.py
[2023-12-06T18:38:13.871+0000] {logging_mixin.py:154} INFO - [2023-12-06T18:38:13.871+0000] {dag.py:2941} INFO - Sync 1 DAGs
[2023-12-06T18:38:13.892+0000] {logging_mixin.py:154} INFO - [2023-12-06T18:38:13.892+0000] {dag.py:3722} INFO - Setting next_dagrun for example_trigger_controller_dag to 2021-01-01T00:00:00+00:00, run_after=2021-01-01T00:00:00+00:00
[2023-12-06T18:38:13.917+0000] {processor.py:179} INFO - Processing /usr/local/lib/python3.10/dist-packages/airflow/example_dags/example_trigger_controller_dag.py took 0.090 seconds
[2023-12-06T18:39:03.242+0000] {processor.py:157} INFO - Started process (PID=4734) to work on /usr/local/lib/python3.10/dist-packages/airflow/example_dags/example_trigger_controller_dag.py
[2023-12-06T18:39:03.244+0000] {processor.py:829} INFO - Processing file /usr/local/lib/python3.10/dist-packages/airflow/example_dags/example_trigger_controller_dag.py for tasks to queue
[2023-12-06T18:39:03.245+0000] {logging_mixin.py:154} INFO - [2023-12-06T18:39:03.245+0000] {dagbag.py:536} INFO - Filling up the DagBag from /usr/local/lib/python3.10/dist-packages/airflow/example_dags/example_trigger_controller_dag.py
[2023-12-06T18:39:03.250+0000] {processor.py:839} INFO - DAG(s) dict_keys(['example_trigger_controller_dag']) retrieved from /usr/local/lib/python3.10/dist-packages/airflow/example_dags/example_trigger_controller_dag.py
[2023-12-06T18:39:03.269+0000] {logging_mixin.py:154} INFO - [2023-12-06T18:39:03.269+0000] {dag.py:2941} INFO - Sync 1 DAGs
[2023-12-06T18:39:03.290+0000] {logging_mixin.py:154} INFO - [2023-12-06T18:39:03.290+0000] {dag.py:3722} INFO - Setting next_dagrun for example_trigger_controller_dag to 2021-01-01T00:00:00+00:00, run_after=2021-01-01T00:00:00+00:00
[2023-12-06T18:39:03.316+0000] {processor.py:179} INFO - Processing /usr/local/lib/python3.10/dist-packages/airflow/example_dags/example_trigger_controller_dag.py took 0.077 seconds
[2023-12-06T18:39:49.119+0000] {processor.py:157} INFO - Started process (PID=4782) to work on /usr/local/lib/python3.10/dist-packages/airflow/example_dags/example_trigger_controller_dag.py
[2023-12-06T18:39:49.120+0000] {processor.py:829} INFO - Processing file /usr/local/lib/python3.10/dist-packages/airflow/example_dags/example_trigger_controller_dag.py for tasks to queue
[2023-12-06T18:39:49.121+0000] {logging_mixin.py:154} INFO - [2023-12-06T18:39:49.121+0000] {dagbag.py:536} INFO - Filling up the DagBag from /usr/local/lib/python3.10/dist-packages/airflow/example_dags/example_trigger_controller_dag.py
[2023-12-06T18:39:49.127+0000] {processor.py:839} INFO - DAG(s) dict_keys(['example_trigger_controller_dag']) retrieved from /usr/local/lib/python3.10/dist-packages/airflow/example_dags/example_trigger_controller_dag.py
[2023-12-06T18:39:49.145+0000] {logging_mixin.py:154} INFO - [2023-12-06T18:39:49.144+0000] {dag.py:2941} INFO - Sync 1 DAGs
[2023-12-06T18:39:49.165+0000] {logging_mixin.py:154} INFO - [2023-12-06T18:39:49.165+0000] {dag.py:3722} INFO - Setting next_dagrun for example_trigger_controller_dag to 2021-01-01T00:00:00+00:00, run_after=2021-01-01T00:00:00+00:00
[2023-12-06T18:39:49.187+0000] {processor.py:179} INFO - Processing /usr/local/lib/python3.10/dist-packages/airflow/example_dags/example_trigger_controller_dag.py took 0.072 seconds
[2023-12-06T18:40:23.619+0000] {processor.py:157} INFO - Started process (PID=4815) to work on /usr/local/lib/python3.10/dist-packages/airflow/example_dags/example_trigger_controller_dag.py
[2023-12-06T18:40:23.621+0000] {processor.py:829} INFO - Processing file /usr/local/lib/python3.10/dist-packages/airflow/example_dags/example_trigger_controller_dag.py for tasks to queue
[2023-12-06T18:40:23.622+0000] {logging_mixin.py:154} INFO - [2023-12-06T18:40:23.621+0000] {dagbag.py:536} INFO - Filling up the DagBag from /usr/local/lib/python3.10/dist-packages/airflow/example_dags/example_trigger_controller_dag.py
[2023-12-06T18:40:23.627+0000] {processor.py:839} INFO - DAG(s) dict_keys(['example_trigger_controller_dag']) retrieved from /usr/local/lib/python3.10/dist-packages/airflow/example_dags/example_trigger_controller_dag.py
[2023-12-06T18:40:23.645+0000] {logging_mixin.py:154} INFO - [2023-12-06T18:40:23.645+0000] {dag.py:2941} INFO - Sync 1 DAGs
[2023-12-06T18:40:23.666+0000] {logging_mixin.py:154} INFO - [2023-12-06T18:40:23.666+0000] {dag.py:3722} INFO - Setting next_dagrun for example_trigger_controller_dag to 2021-01-01T00:00:00+00:00, run_after=2021-01-01T00:00:00+00:00
[2023-12-06T18:40:23.689+0000] {processor.py:179} INFO - Processing /usr/local/lib/python3.10/dist-packages/airflow/example_dags/example_trigger_controller_dag.py took 0.074 seconds
[2023-12-06T18:40:59.197+0000] {processor.py:157} INFO - Started process (PID=4850) to work on /usr/local/lib/python3.10/dist-packages/airflow/example_dags/example_trigger_controller_dag.py
[2023-12-06T18:40:59.198+0000] {processor.py:829} INFO - Processing file /usr/local/lib/python3.10/dist-packages/airflow/example_dags/example_trigger_controller_dag.py for tasks to queue
[2023-12-06T18:40:59.199+0000] {logging_mixin.py:154} INFO - [2023-12-06T18:40:59.199+0000] {dagbag.py:536} INFO - Filling up the DagBag from /usr/local/lib/python3.10/dist-packages/airflow/example_dags/example_trigger_controller_dag.py
[2023-12-06T18:40:59.204+0000] {processor.py:839} INFO - DAG(s) dict_keys(['example_trigger_controller_dag']) retrieved from /usr/local/lib/python3.10/dist-packages/airflow/example_dags/example_trigger_controller_dag.py
[2023-12-06T18:40:59.222+0000] {logging_mixin.py:154} INFO - [2023-12-06T18:40:59.222+0000] {dag.py:2941} INFO - Sync 1 DAGs
[2023-12-06T18:40:59.242+0000] {logging_mixin.py:154} INFO - [2023-12-06T18:40:59.242+0000] {dag.py:3722} INFO - Setting next_dagrun for example_trigger_controller_dag to 2021-01-01T00:00:00+00:00, run_after=2021-01-01T00:00:00+00:00
[2023-12-06T18:40:59.263+0000] {processor.py:179} INFO - Processing /usr/local/lib/python3.10/dist-packages/airflow/example_dags/example_trigger_controller_dag.py took 0.070 seconds
[2023-12-06T18:41:46.120+0000] {processor.py:157} INFO - Started process (PID=4899) to work on /usr/local/lib/python3.10/dist-packages/airflow/example_dags/example_trigger_controller_dag.py
[2023-12-06T18:41:46.122+0000] {processor.py:829} INFO - Processing file /usr/local/lib/python3.10/dist-packages/airflow/example_dags/example_trigger_controller_dag.py for tasks to queue
[2023-12-06T18:41:46.123+0000] {logging_mixin.py:154} INFO - [2023-12-06T18:41:46.122+0000] {dagbag.py:536} INFO - Filling up the DagBag from /usr/local/lib/python3.10/dist-packages/airflow/example_dags/example_trigger_controller_dag.py
[2023-12-06T18:41:46.128+0000] {processor.py:839} INFO - DAG(s) dict_keys(['example_trigger_controller_dag']) retrieved from /usr/local/lib/python3.10/dist-packages/airflow/example_dags/example_trigger_controller_dag.py
[2023-12-06T18:41:46.156+0000] {logging_mixin.py:154} INFO - [2023-12-06T18:41:46.156+0000] {dag.py:2941} INFO - Sync 1 DAGs
[2023-12-06T18:41:46.176+0000] {logging_mixin.py:154} INFO - [2023-12-06T18:41:46.176+0000] {dag.py:3722} INFO - Setting next_dagrun for example_trigger_controller_dag to 2021-01-01T00:00:00+00:00, run_after=2021-01-01T00:00:00+00:00
[2023-12-06T18:41:46.200+0000] {processor.py:179} INFO - Processing /usr/local/lib/python3.10/dist-packages/airflow/example_dags/example_trigger_controller_dag.py took 0.083 seconds
[2023-12-06T18:42:32.197+0000] {processor.py:157} INFO - Started process (PID=4945) to work on /usr/local/lib/python3.10/dist-packages/airflow/example_dags/example_trigger_controller_dag.py
[2023-12-06T18:42:32.198+0000] {processor.py:829} INFO - Processing file /usr/local/lib/python3.10/dist-packages/airflow/example_dags/example_trigger_controller_dag.py for tasks to queue
[2023-12-06T18:42:32.199+0000] {logging_mixin.py:154} INFO - [2023-12-06T18:42:32.199+0000] {dagbag.py:536} INFO - Filling up the DagBag from /usr/local/lib/python3.10/dist-packages/airflow/example_dags/example_trigger_controller_dag.py
[2023-12-06T18:42:32.205+0000] {processor.py:839} INFO - DAG(s) dict_keys(['example_trigger_controller_dag']) retrieved from /usr/local/lib/python3.10/dist-packages/airflow/example_dags/example_trigger_controller_dag.py
[2023-12-06T18:42:32.223+0000] {logging_mixin.py:154} INFO - [2023-12-06T18:42:32.223+0000] {dag.py:2941} INFO - Sync 1 DAGs
[2023-12-06T18:42:32.243+0000] {logging_mixin.py:154} INFO - [2023-12-06T18:42:32.243+0000] {dag.py:3722} INFO - Setting next_dagrun for example_trigger_controller_dag to 2021-01-01T00:00:00+00:00, run_after=2021-01-01T00:00:00+00:00
[2023-12-06T18:42:32.265+0000] {processor.py:179} INFO - Processing /usr/local/lib/python3.10/dist-packages/airflow/example_dags/example_trigger_controller_dag.py took 0.071 seconds
[2023-12-06T18:43:07.733+0000] {processor.py:157} INFO - Started process (PID=4980) to work on /usr/local/lib/python3.10/dist-packages/airflow/example_dags/example_trigger_controller_dag.py
[2023-12-06T18:43:07.735+0000] {processor.py:829} INFO - Processing file /usr/local/lib/python3.10/dist-packages/airflow/example_dags/example_trigger_controller_dag.py for tasks to queue
[2023-12-06T18:43:07.736+0000] {logging_mixin.py:154} INFO - [2023-12-06T18:43:07.735+0000] {dagbag.py:536} INFO - Filling up the DagBag from /usr/local/lib/python3.10/dist-packages/airflow/example_dags/example_trigger_controller_dag.py
[2023-12-06T18:43:07.741+0000] {processor.py:839} INFO - DAG(s) dict_keys(['example_trigger_controller_dag']) retrieved from /usr/local/lib/python3.10/dist-packages/airflow/example_dags/example_trigger_controller_dag.py
[2023-12-06T18:43:07.758+0000] {logging_mixin.py:154} INFO - [2023-12-06T18:43:07.758+0000] {dag.py:2941} INFO - Sync 1 DAGs
[2023-12-06T18:43:07.778+0000] {logging_mixin.py:154} INFO - [2023-12-06T18:43:07.778+0000] {dag.py:3722} INFO - Setting next_dagrun for example_trigger_controller_dag to 2021-01-01T00:00:00+00:00, run_after=2021-01-01T00:00:00+00:00
[2023-12-06T18:43:07.800+0000] {processor.py:179} INFO - Processing /usr/local/lib/python3.10/dist-packages/airflow/example_dags/example_trigger_controller_dag.py took 0.070 seconds
[2023-12-06T18:43:42.312+0000] {processor.py:157} INFO - Started process (PID=5014) to work on /usr/local/lib/python3.10/dist-packages/airflow/example_dags/example_trigger_controller_dag.py
[2023-12-06T18:43:42.313+0000] {processor.py:829} INFO - Processing file /usr/local/lib/python3.10/dist-packages/airflow/example_dags/example_trigger_controller_dag.py for tasks to queue
[2023-12-06T18:43:42.313+0000] {logging_mixin.py:154} INFO - [2023-12-06T18:43:42.313+0000] {dagbag.py:536} INFO - Filling up the DagBag from /usr/local/lib/python3.10/dist-packages/airflow/example_dags/example_trigger_controller_dag.py
[2023-12-06T18:43:42.319+0000] {processor.py:839} INFO - DAG(s) dict_keys(['example_trigger_controller_dag']) retrieved from /usr/local/lib/python3.10/dist-packages/airflow/example_dags/example_trigger_controller_dag.py
[2023-12-06T18:43:42.337+0000] {logging_mixin.py:154} INFO - [2023-12-06T18:43:42.337+0000] {dag.py:2941} INFO - Sync 1 DAGs
[2023-12-06T18:43:42.358+0000] {logging_mixin.py:154} INFO - [2023-12-06T18:43:42.358+0000] {dag.py:3722} INFO - Setting next_dagrun for example_trigger_controller_dag to 2021-01-01T00:00:00+00:00, run_after=2021-01-01T00:00:00+00:00
[2023-12-06T18:43:42.380+0000] {processor.py:179} INFO - Processing /usr/local/lib/python3.10/dist-packages/airflow/example_dags/example_trigger_controller_dag.py took 0.072 seconds
[2023-12-06T18:44:30.912+0000] {processor.py:157} INFO - Started process (PID=5063) to work on /usr/local/lib/python3.10/dist-packages/airflow/example_dags/example_trigger_controller_dag.py
[2023-12-06T18:44:30.915+0000] {processor.py:829} INFO - Processing file /usr/local/lib/python3.10/dist-packages/airflow/example_dags/example_trigger_controller_dag.py for tasks to queue
[2023-12-06T18:44:30.916+0000] {logging_mixin.py:154} INFO - [2023-12-06T18:44:30.916+0000] {dagbag.py:536} INFO - Filling up the DagBag from /usr/local/lib/python3.10/dist-packages/airflow/example_dags/example_trigger_controller_dag.py
[2023-12-06T18:44:30.922+0000] {processor.py:839} INFO - DAG(s) dict_keys(['example_trigger_controller_dag']) retrieved from /usr/local/lib/python3.10/dist-packages/airflow/example_dags/example_trigger_controller_dag.py
[2023-12-06T18:44:30.939+0000] {logging_mixin.py:154} INFO - [2023-12-06T18:44:30.939+0000] {dag.py:2941} INFO - Sync 1 DAGs
[2023-12-06T18:44:30.959+0000] {logging_mixin.py:154} INFO - [2023-12-06T18:44:30.959+0000] {dag.py:3722} INFO - Setting next_dagrun for example_trigger_controller_dag to 2021-01-01T00:00:00+00:00, run_after=2021-01-01T00:00:00+00:00
[2023-12-06T18:44:30.983+0000] {processor.py:179} INFO - Processing /usr/local/lib/python3.10/dist-packages/airflow/example_dags/example_trigger_controller_dag.py took 0.074 seconds
[2023-12-06T18:45:15.752+0000] {processor.py:157} INFO - Started process (PID=5109) to work on /usr/local/lib/python3.10/dist-packages/airflow/example_dags/example_trigger_controller_dag.py
[2023-12-06T18:45:15.754+0000] {processor.py:829} INFO - Processing file /usr/local/lib/python3.10/dist-packages/airflow/example_dags/example_trigger_controller_dag.py for tasks to queue
[2023-12-06T18:45:15.755+0000] {logging_mixin.py:154} INFO - [2023-12-06T18:45:15.754+0000] {dagbag.py:536} INFO - Filling up the DagBag from /usr/local/lib/python3.10/dist-packages/airflow/example_dags/example_trigger_controller_dag.py
[2023-12-06T18:45:15.760+0000] {processor.py:839} INFO - DAG(s) dict_keys(['example_trigger_controller_dag']) retrieved from /usr/local/lib/python3.10/dist-packages/airflow/example_dags/example_trigger_controller_dag.py
[2023-12-06T18:45:15.777+0000] {logging_mixin.py:154} INFO - [2023-12-06T18:45:15.777+0000] {dag.py:2941} INFO - Sync 1 DAGs
[2023-12-06T18:45:15.798+0000] {logging_mixin.py:154} INFO - [2023-12-06T18:45:15.797+0000] {dag.py:3722} INFO - Setting next_dagrun for example_trigger_controller_dag to 2021-01-01T00:00:00+00:00, run_after=2021-01-01T00:00:00+00:00
[2023-12-06T18:45:15.819+0000] {processor.py:179} INFO - Processing /usr/local/lib/python3.10/dist-packages/airflow/example_dags/example_trigger_controller_dag.py took 0.070 seconds
[2023-12-06T18:46:02.256+0000] {processor.py:157} INFO - Started process (PID=5158) to work on /usr/local/lib/python3.10/dist-packages/airflow/example_dags/example_trigger_controller_dag.py
[2023-12-06T18:46:02.262+0000] {processor.py:829} INFO - Processing file /usr/local/lib/python3.10/dist-packages/airflow/example_dags/example_trigger_controller_dag.py for tasks to queue
[2023-12-06T18:46:02.263+0000] {logging_mixin.py:154} INFO - [2023-12-06T18:46:02.263+0000] {dagbag.py:536} INFO - Filling up the DagBag from /usr/local/lib/python3.10/dist-packages/airflow/example_dags/example_trigger_controller_dag.py
[2023-12-06T18:46:02.269+0000] {processor.py:839} INFO - DAG(s) dict_keys(['example_trigger_controller_dag']) retrieved from /usr/local/lib/python3.10/dist-packages/airflow/example_dags/example_trigger_controller_dag.py
[2023-12-06T18:46:02.303+0000] {logging_mixin.py:154} INFO - [2023-12-06T18:46:02.303+0000] {dag.py:2941} INFO - Sync 1 DAGs
[2023-12-06T18:46:02.344+0000] {logging_mixin.py:154} INFO - [2023-12-06T18:46:02.344+0000] {dag.py:3722} INFO - Setting next_dagrun for example_trigger_controller_dag to 2021-01-01T00:00:00+00:00, run_after=2021-01-01T00:00:00+00:00
[2023-12-06T18:46:02.372+0000] {processor.py:179} INFO - Processing /usr/local/lib/python3.10/dist-packages/airflow/example_dags/example_trigger_controller_dag.py took 0.133 seconds
[2023-12-06T18:46:44.953+0000] {processor.py:157} INFO - Started process (PID=5206) to work on /usr/local/lib/python3.10/dist-packages/airflow/example_dags/example_trigger_controller_dag.py
[2023-12-06T18:46:44.954+0000] {processor.py:829} INFO - Processing file /usr/local/lib/python3.10/dist-packages/airflow/example_dags/example_trigger_controller_dag.py for tasks to queue
[2023-12-06T18:46:44.955+0000] {logging_mixin.py:154} INFO - [2023-12-06T18:46:44.955+0000] {dagbag.py:536} INFO - Filling up the DagBag from /usr/local/lib/python3.10/dist-packages/airflow/example_dags/example_trigger_controller_dag.py
[2023-12-06T18:46:44.961+0000] {processor.py:839} INFO - DAG(s) dict_keys(['example_trigger_controller_dag']) retrieved from /usr/local/lib/python3.10/dist-packages/airflow/example_dags/example_trigger_controller_dag.py
[2023-12-06T18:46:44.978+0000] {logging_mixin.py:154} INFO - [2023-12-06T18:46:44.978+0000] {dag.py:2941} INFO - Sync 1 DAGs
[2023-12-06T18:46:44.999+0000] {logging_mixin.py:154} INFO - [2023-12-06T18:46:44.998+0000] {dag.py:3722} INFO - Setting next_dagrun for example_trigger_controller_dag to 2021-01-01T00:00:00+00:00, run_after=2021-01-01T00:00:00+00:00
[2023-12-06T18:46:45.021+0000] {processor.py:179} INFO - Processing /usr/local/lib/python3.10/dist-packages/airflow/example_dags/example_trigger_controller_dag.py took 0.072 seconds
[2023-12-06T18:47:35.640+0000] {processor.py:157} INFO - Started process (PID=5255) to work on /usr/local/lib/python3.10/dist-packages/airflow/example_dags/example_trigger_controller_dag.py
[2023-12-06T18:47:35.641+0000] {processor.py:829} INFO - Processing file /usr/local/lib/python3.10/dist-packages/airflow/example_dags/example_trigger_controller_dag.py for tasks to queue
[2023-12-06T18:47:35.642+0000] {logging_mixin.py:154} INFO - [2023-12-06T18:47:35.642+0000] {dagbag.py:536} INFO - Filling up the DagBag from /usr/local/lib/python3.10/dist-packages/airflow/example_dags/example_trigger_controller_dag.py
[2023-12-06T18:47:35.647+0000] {processor.py:839} INFO - DAG(s) dict_keys(['example_trigger_controller_dag']) retrieved from /usr/local/lib/python3.10/dist-packages/airflow/example_dags/example_trigger_controller_dag.py
[2023-12-06T18:47:35.665+0000] {logging_mixin.py:154} INFO - [2023-12-06T18:47:35.665+0000] {dag.py:2941} INFO - Sync 1 DAGs
[2023-12-06T18:47:35.685+0000] {logging_mixin.py:154} INFO - [2023-12-06T18:47:35.684+0000] {dag.py:3722} INFO - Setting next_dagrun for example_trigger_controller_dag to 2021-01-01T00:00:00+00:00, run_after=2021-01-01T00:00:00+00:00
[2023-12-06T18:47:35.707+0000] {processor.py:179} INFO - Processing /usr/local/lib/python3.10/dist-packages/airflow/example_dags/example_trigger_controller_dag.py took 0.071 seconds
[2023-12-06T18:48:25.394+0000] {processor.py:157} INFO - Started process (PID=5306) to work on /usr/local/lib/python3.10/dist-packages/airflow/example_dags/example_trigger_controller_dag.py
[2023-12-06T18:48:25.396+0000] {processor.py:829} INFO - Processing file /usr/local/lib/python3.10/dist-packages/airflow/example_dags/example_trigger_controller_dag.py for tasks to queue
[2023-12-06T18:48:25.397+0000] {logging_mixin.py:154} INFO - [2023-12-06T18:48:25.396+0000] {dagbag.py:536} INFO - Filling up the DagBag from /usr/local/lib/python3.10/dist-packages/airflow/example_dags/example_trigger_controller_dag.py
[2023-12-06T18:48:25.402+0000] {processor.py:839} INFO - DAG(s) dict_keys(['example_trigger_controller_dag']) retrieved from /usr/local/lib/python3.10/dist-packages/airflow/example_dags/example_trigger_controller_dag.py
[2023-12-06T18:48:25.420+0000] {logging_mixin.py:154} INFO - [2023-12-06T18:48:25.420+0000] {dag.py:2941} INFO - Sync 1 DAGs
[2023-12-06T18:48:25.440+0000] {logging_mixin.py:154} INFO - [2023-12-06T18:48:25.440+0000] {dag.py:3722} INFO - Setting next_dagrun for example_trigger_controller_dag to 2021-01-01T00:00:00+00:00, run_after=2021-01-01T00:00:00+00:00
[2023-12-06T18:48:25.463+0000] {processor.py:179} INFO - Processing /usr/local/lib/python3.10/dist-packages/airflow/example_dags/example_trigger_controller_dag.py took 0.073 seconds
[2023-12-06T18:49:13.066+0000] {processor.py:157} INFO - Started process (PID=5354) to work on /usr/local/lib/python3.10/dist-packages/airflow/example_dags/example_trigger_controller_dag.py
[2023-12-06T18:49:13.068+0000] {processor.py:829} INFO - Processing file /usr/local/lib/python3.10/dist-packages/airflow/example_dags/example_trigger_controller_dag.py for tasks to queue
[2023-12-06T18:49:13.069+0000] {logging_mixin.py:154} INFO - [2023-12-06T18:49:13.069+0000] {dagbag.py:536} INFO - Filling up the DagBag from /usr/local/lib/python3.10/dist-packages/airflow/example_dags/example_trigger_controller_dag.py
[2023-12-06T18:49:13.074+0000] {processor.py:839} INFO - DAG(s) dict_keys(['example_trigger_controller_dag']) retrieved from /usr/local/lib/python3.10/dist-packages/airflow/example_dags/example_trigger_controller_dag.py
[2023-12-06T18:49:13.092+0000] {logging_mixin.py:154} INFO - [2023-12-06T18:49:13.092+0000] {dag.py:2941} INFO - Sync 1 DAGs
[2023-12-06T18:49:13.113+0000] {logging_mixin.py:154} INFO - [2023-12-06T18:49:13.112+0000] {dag.py:3722} INFO - Setting next_dagrun for example_trigger_controller_dag to 2021-01-01T00:00:00+00:00, run_after=2021-01-01T00:00:00+00:00
[2023-12-06T18:49:13.140+0000] {processor.py:179} INFO - Processing /usr/local/lib/python3.10/dist-packages/airflow/example_dags/example_trigger_controller_dag.py took 0.077 seconds
[2023-12-06T18:49:54.714+0000] {processor.py:157} INFO - Started process (PID=5400) to work on /usr/local/lib/python3.10/dist-packages/airflow/example_dags/example_trigger_controller_dag.py
[2023-12-06T18:49:54.715+0000] {processor.py:829} INFO - Processing file /usr/local/lib/python3.10/dist-packages/airflow/example_dags/example_trigger_controller_dag.py for tasks to queue
[2023-12-06T18:49:54.716+0000] {logging_mixin.py:154} INFO - [2023-12-06T18:49:54.716+0000] {dagbag.py:536} INFO - Filling up the DagBag from /usr/local/lib/python3.10/dist-packages/airflow/example_dags/example_trigger_controller_dag.py
[2023-12-06T18:49:54.722+0000] {processor.py:839} INFO - DAG(s) dict_keys(['example_trigger_controller_dag']) retrieved from /usr/local/lib/python3.10/dist-packages/airflow/example_dags/example_trigger_controller_dag.py
[2023-12-06T18:49:54.739+0000] {logging_mixin.py:154} INFO - [2023-12-06T18:49:54.739+0000] {dag.py:2941} INFO - Sync 1 DAGs
[2023-12-06T18:49:54.759+0000] {logging_mixin.py:154} INFO - [2023-12-06T18:49:54.758+0000] {dag.py:3722} INFO - Setting next_dagrun for example_trigger_controller_dag to 2021-01-01T00:00:00+00:00, run_after=2021-01-01T00:00:00+00:00
[2023-12-06T18:49:54.780+0000] {processor.py:179} INFO - Processing /usr/local/lib/python3.10/dist-packages/airflow/example_dags/example_trigger_controller_dag.py took 0.070 seconds
[2023-12-06T18:50:36.147+0000] {processor.py:157} INFO - Started process (PID=5442) to work on /usr/local/lib/python3.10/dist-packages/airflow/example_dags/example_trigger_controller_dag.py
[2023-12-06T18:50:36.148+0000] {processor.py:829} INFO - Processing file /usr/local/lib/python3.10/dist-packages/airflow/example_dags/example_trigger_controller_dag.py for tasks to queue
[2023-12-06T18:50:36.149+0000] {logging_mixin.py:154} INFO - [2023-12-06T18:50:36.148+0000] {dagbag.py:536} INFO - Filling up the DagBag from /usr/local/lib/python3.10/dist-packages/airflow/example_dags/example_trigger_controller_dag.py
[2023-12-06T18:50:36.155+0000] {processor.py:839} INFO - DAG(s) dict_keys(['example_trigger_controller_dag']) retrieved from /usr/local/lib/python3.10/dist-packages/airflow/example_dags/example_trigger_controller_dag.py
[2023-12-06T18:50:36.172+0000] {logging_mixin.py:154} INFO - [2023-12-06T18:50:36.172+0000] {dag.py:2941} INFO - Sync 1 DAGs
[2023-12-06T18:50:36.193+0000] {logging_mixin.py:154} INFO - [2023-12-06T18:50:36.192+0000] {dag.py:3722} INFO - Setting next_dagrun for example_trigger_controller_dag to 2021-01-01T00:00:00+00:00, run_after=2021-01-01T00:00:00+00:00
[2023-12-06T18:50:36.217+0000] {processor.py:179} INFO - Processing /usr/local/lib/python3.10/dist-packages/airflow/example_dags/example_trigger_controller_dag.py took 0.074 seconds
[2023-12-06T18:51:19.176+0000] {processor.py:157} INFO - Started process (PID=5491) to work on /usr/local/lib/python3.10/dist-packages/airflow/example_dags/example_trigger_controller_dag.py
[2023-12-06T18:51:19.178+0000] {processor.py:829} INFO - Processing file /usr/local/lib/python3.10/dist-packages/airflow/example_dags/example_trigger_controller_dag.py for tasks to queue
[2023-12-06T18:51:19.179+0000] {logging_mixin.py:154} INFO - [2023-12-06T18:51:19.178+0000] {dagbag.py:536} INFO - Filling up the DagBag from /usr/local/lib/python3.10/dist-packages/airflow/example_dags/example_trigger_controller_dag.py
[2023-12-06T18:51:19.184+0000] {processor.py:839} INFO - DAG(s) dict_keys(['example_trigger_controller_dag']) retrieved from /usr/local/lib/python3.10/dist-packages/airflow/example_dags/example_trigger_controller_dag.py
[2023-12-06T18:51:19.202+0000] {logging_mixin.py:154} INFO - [2023-12-06T18:51:19.202+0000] {dag.py:2941} INFO - Sync 1 DAGs
[2023-12-06T18:51:19.222+0000] {logging_mixin.py:154} INFO - [2023-12-06T18:51:19.222+0000] {dag.py:3722} INFO - Setting next_dagrun for example_trigger_controller_dag to 2021-01-01T00:00:00+00:00, run_after=2021-01-01T00:00:00+00:00
[2023-12-06T18:51:19.245+0000] {processor.py:179} INFO - Processing /usr/local/lib/python3.10/dist-packages/airflow/example_dags/example_trigger_controller_dag.py took 0.072 seconds
[2023-12-06T18:52:01.589+0000] {processor.py:157} INFO - Started process (PID=5536) to work on /usr/local/lib/python3.10/dist-packages/airflow/example_dags/example_trigger_controller_dag.py
[2023-12-06T18:52:01.591+0000] {processor.py:829} INFO - Processing file /usr/local/lib/python3.10/dist-packages/airflow/example_dags/example_trigger_controller_dag.py for tasks to queue
[2023-12-06T18:52:01.592+0000] {logging_mixin.py:154} INFO - [2023-12-06T18:52:01.591+0000] {dagbag.py:536} INFO - Filling up the DagBag from /usr/local/lib/python3.10/dist-packages/airflow/example_dags/example_trigger_controller_dag.py
[2023-12-06T18:52:01.598+0000] {processor.py:839} INFO - DAG(s) dict_keys(['example_trigger_controller_dag']) retrieved from /usr/local/lib/python3.10/dist-packages/airflow/example_dags/example_trigger_controller_dag.py
[2023-12-06T18:52:01.630+0000] {logging_mixin.py:154} INFO - [2023-12-06T18:52:01.630+0000] {dag.py:2941} INFO - Sync 1 DAGs
[2023-12-06T18:52:01.655+0000] {logging_mixin.py:154} INFO - [2023-12-06T18:52:01.654+0000] {dag.py:3722} INFO - Setting next_dagrun for example_trigger_controller_dag to 2021-01-01T00:00:00+00:00, run_after=2021-01-01T00:00:00+00:00
[2023-12-06T18:52:01.679+0000] {processor.py:179} INFO - Processing /usr/local/lib/python3.10/dist-packages/airflow/example_dags/example_trigger_controller_dag.py took 0.093 seconds
[2023-12-06T18:52:34.394+0000] {processor.py:157} INFO - Started process (PID=5569) to work on /usr/local/lib/python3.10/dist-packages/airflow/example_dags/example_trigger_controller_dag.py
[2023-12-06T18:52:34.395+0000] {processor.py:829} INFO - Processing file /usr/local/lib/python3.10/dist-packages/airflow/example_dags/example_trigger_controller_dag.py for tasks to queue
[2023-12-06T18:52:34.396+0000] {logging_mixin.py:154} INFO - [2023-12-06T18:52:34.395+0000] {dagbag.py:536} INFO - Filling up the DagBag from /usr/local/lib/python3.10/dist-packages/airflow/example_dags/example_trigger_controller_dag.py
[2023-12-06T18:52:34.401+0000] {processor.py:839} INFO - DAG(s) dict_keys(['example_trigger_controller_dag']) retrieved from /usr/local/lib/python3.10/dist-packages/airflow/example_dags/example_trigger_controller_dag.py
[2023-12-06T18:52:34.419+0000] {logging_mixin.py:154} INFO - [2023-12-06T18:52:34.419+0000] {dag.py:2941} INFO - Sync 1 DAGs
[2023-12-06T18:52:34.439+0000] {logging_mixin.py:154} INFO - [2023-12-06T18:52:34.439+0000] {dag.py:3722} INFO - Setting next_dagrun for example_trigger_controller_dag to 2021-01-01T00:00:00+00:00, run_after=2021-01-01T00:00:00+00:00
[2023-12-06T18:52:34.477+0000] {processor.py:179} INFO - Processing /usr/local/lib/python3.10/dist-packages/airflow/example_dags/example_trigger_controller_dag.py took 0.087 seconds
[2023-12-06T18:53:20.068+0000] {processor.py:157} INFO - Started process (PID=5616) to work on /usr/local/lib/python3.10/dist-packages/airflow/example_dags/example_trigger_controller_dag.py
[2023-12-06T18:53:20.069+0000] {processor.py:829} INFO - Processing file /usr/local/lib/python3.10/dist-packages/airflow/example_dags/example_trigger_controller_dag.py for tasks to queue
[2023-12-06T18:53:20.070+0000] {logging_mixin.py:154} INFO - [2023-12-06T18:53:20.070+0000] {dagbag.py:536} INFO - Filling up the DagBag from /usr/local/lib/python3.10/dist-packages/airflow/example_dags/example_trigger_controller_dag.py
[2023-12-06T18:53:20.076+0000] {processor.py:839} INFO - DAG(s) dict_keys(['example_trigger_controller_dag']) retrieved from /usr/local/lib/python3.10/dist-packages/airflow/example_dags/example_trigger_controller_dag.py
[2023-12-06T18:53:20.093+0000] {logging_mixin.py:154} INFO - [2023-12-06T18:53:20.093+0000] {dag.py:2941} INFO - Sync 1 DAGs
[2023-12-06T18:53:20.113+0000] {logging_mixin.py:154} INFO - [2023-12-06T18:53:20.112+0000] {dag.py:3722} INFO - Setting next_dagrun for example_trigger_controller_dag to 2021-01-01T00:00:00+00:00, run_after=2021-01-01T00:00:00+00:00
[2023-12-06T18:53:20.136+0000] {processor.py:179} INFO - Processing /usr/local/lib/python3.10/dist-packages/airflow/example_dags/example_trigger_controller_dag.py took 0.071 seconds
[2023-12-06T18:54:02.884+0000] {processor.py:157} INFO - Started process (PID=5661) to work on /usr/local/lib/python3.10/dist-packages/airflow/example_dags/example_trigger_controller_dag.py
[2023-12-06T18:54:02.886+0000] {processor.py:829} INFO - Processing file /usr/local/lib/python3.10/dist-packages/airflow/example_dags/example_trigger_controller_dag.py for tasks to queue
[2023-12-06T18:54:02.887+0000] {logging_mixin.py:154} INFO - [2023-12-06T18:54:02.886+0000] {dagbag.py:536} INFO - Filling up the DagBag from /usr/local/lib/python3.10/dist-packages/airflow/example_dags/example_trigger_controller_dag.py
[2023-12-06T18:54:02.892+0000] {processor.py:839} INFO - DAG(s) dict_keys(['example_trigger_controller_dag']) retrieved from /usr/local/lib/python3.10/dist-packages/airflow/example_dags/example_trigger_controller_dag.py
[2023-12-06T18:54:02.911+0000] {logging_mixin.py:154} INFO - [2023-12-06T18:54:02.911+0000] {dag.py:2941} INFO - Sync 1 DAGs
[2023-12-06T18:54:02.932+0000] {logging_mixin.py:154} INFO - [2023-12-06T18:54:02.932+0000] {dag.py:3722} INFO - Setting next_dagrun for example_trigger_controller_dag to 2021-01-01T00:00:00+00:00, run_after=2021-01-01T00:00:00+00:00
[2023-12-06T18:54:02.959+0000] {processor.py:179} INFO - Processing /usr/local/lib/python3.10/dist-packages/airflow/example_dags/example_trigger_controller_dag.py took 0.078 seconds
[2023-12-06T18:54:49.662+0000] {processor.py:157} INFO - Started process (PID=5709) to work on /usr/local/lib/python3.10/dist-packages/airflow/example_dags/example_trigger_controller_dag.py
[2023-12-06T18:54:49.663+0000] {processor.py:829} INFO - Processing file /usr/local/lib/python3.10/dist-packages/airflow/example_dags/example_trigger_controller_dag.py for tasks to queue
[2023-12-06T18:54:49.664+0000] {logging_mixin.py:154} INFO - [2023-12-06T18:54:49.664+0000] {dagbag.py:536} INFO - Filling up the DagBag from /usr/local/lib/python3.10/dist-packages/airflow/example_dags/example_trigger_controller_dag.py
[2023-12-06T18:54:49.669+0000] {processor.py:839} INFO - DAG(s) dict_keys(['example_trigger_controller_dag']) retrieved from /usr/local/lib/python3.10/dist-packages/airflow/example_dags/example_trigger_controller_dag.py
[2023-12-06T18:54:49.687+0000] {logging_mixin.py:154} INFO - [2023-12-06T18:54:49.687+0000] {dag.py:2941} INFO - Sync 1 DAGs
[2023-12-06T18:54:49.708+0000] {logging_mixin.py:154} INFO - [2023-12-06T18:54:49.708+0000] {dag.py:3722} INFO - Setting next_dagrun for example_trigger_controller_dag to 2021-01-01T00:00:00+00:00, run_after=2021-01-01T00:00:00+00:00
[2023-12-06T18:54:49.730+0000] {processor.py:179} INFO - Processing /usr/local/lib/python3.10/dist-packages/airflow/example_dags/example_trigger_controller_dag.py took 0.072 seconds
[2023-12-06T18:55:36.615+0000] {processor.py:157} INFO - Started process (PID=5756) to work on /usr/local/lib/python3.10/dist-packages/airflow/example_dags/example_trigger_controller_dag.py
[2023-12-06T18:55:36.616+0000] {processor.py:829} INFO - Processing file /usr/local/lib/python3.10/dist-packages/airflow/example_dags/example_trigger_controller_dag.py for tasks to queue
[2023-12-06T18:55:36.617+0000] {logging_mixin.py:154} INFO - [2023-12-06T18:55:36.617+0000] {dagbag.py:536} INFO - Filling up the DagBag from /usr/local/lib/python3.10/dist-packages/airflow/example_dags/example_trigger_controller_dag.py
[2023-12-06T18:55:36.622+0000] {processor.py:839} INFO - DAG(s) dict_keys(['example_trigger_controller_dag']) retrieved from /usr/local/lib/python3.10/dist-packages/airflow/example_dags/example_trigger_controller_dag.py
[2023-12-06T18:55:36.641+0000] {logging_mixin.py:154} INFO - [2023-12-06T18:55:36.641+0000] {dag.py:2941} INFO - Sync 1 DAGs
[2023-12-06T18:55:36.662+0000] {logging_mixin.py:154} INFO - [2023-12-06T18:55:36.661+0000] {dag.py:3722} INFO - Setting next_dagrun for example_trigger_controller_dag to 2021-01-01T00:00:00+00:00, run_after=2021-01-01T00:00:00+00:00
[2023-12-06T18:55:36.685+0000] {processor.py:179} INFO - Processing /usr/local/lib/python3.10/dist-packages/airflow/example_dags/example_trigger_controller_dag.py took 0.074 seconds
[2023-12-06T18:56:21.714+0000] {processor.py:157} INFO - Started process (PID=5804) to work on /usr/local/lib/python3.10/dist-packages/airflow/example_dags/example_trigger_controller_dag.py
[2023-12-06T18:56:21.715+0000] {processor.py:829} INFO - Processing file /usr/local/lib/python3.10/dist-packages/airflow/example_dags/example_trigger_controller_dag.py for tasks to queue
[2023-12-06T18:56:21.716+0000] {logging_mixin.py:154} INFO - [2023-12-06T18:56:21.716+0000] {dagbag.py:536} INFO - Filling up the DagBag from /usr/local/lib/python3.10/dist-packages/airflow/example_dags/example_trigger_controller_dag.py
[2023-12-06T18:56:21.721+0000] {processor.py:839} INFO - DAG(s) dict_keys(['example_trigger_controller_dag']) retrieved from /usr/local/lib/python3.10/dist-packages/airflow/example_dags/example_trigger_controller_dag.py
[2023-12-06T18:56:21.739+0000] {logging_mixin.py:154} INFO - [2023-12-06T18:56:21.739+0000] {dag.py:2941} INFO - Sync 1 DAGs
[2023-12-06T18:56:21.759+0000] {logging_mixin.py:154} INFO - [2023-12-06T18:56:21.759+0000] {dag.py:3722} INFO - Setting next_dagrun for example_trigger_controller_dag to 2021-01-01T00:00:00+00:00, run_after=2021-01-01T00:00:00+00:00
[2023-12-06T18:56:21.781+0000] {processor.py:179} INFO - Processing /usr/local/lib/python3.10/dist-packages/airflow/example_dags/example_trigger_controller_dag.py took 0.071 seconds
[2023-12-06T18:57:07.607+0000] {processor.py:157} INFO - Started process (PID=5851) to work on /usr/local/lib/python3.10/dist-packages/airflow/example_dags/example_trigger_controller_dag.py
[2023-12-06T18:57:07.608+0000] {processor.py:829} INFO - Processing file /usr/local/lib/python3.10/dist-packages/airflow/example_dags/example_trigger_controller_dag.py for tasks to queue
[2023-12-06T18:57:07.609+0000] {logging_mixin.py:154} INFO - [2023-12-06T18:57:07.609+0000] {dagbag.py:536} INFO - Filling up the DagBag from /usr/local/lib/python3.10/dist-packages/airflow/example_dags/example_trigger_controller_dag.py
[2023-12-06T18:57:07.614+0000] {processor.py:839} INFO - DAG(s) dict_keys(['example_trigger_controller_dag']) retrieved from /usr/local/lib/python3.10/dist-packages/airflow/example_dags/example_trigger_controller_dag.py
[2023-12-06T18:57:07.632+0000] {logging_mixin.py:154} INFO - [2023-12-06T18:57:07.632+0000] {dag.py:2941} INFO - Sync 1 DAGs
[2023-12-06T18:57:07.652+0000] {logging_mixin.py:154} INFO - [2023-12-06T18:57:07.652+0000] {dag.py:3722} INFO - Setting next_dagrun for example_trigger_controller_dag to 2021-01-01T00:00:00+00:00, run_after=2021-01-01T00:00:00+00:00
[2023-12-06T18:57:07.676+0000] {processor.py:179} INFO - Processing /usr/local/lib/python3.10/dist-packages/airflow/example_dags/example_trigger_controller_dag.py took 0.073 seconds
[2023-12-06T18:57:41.731+0000] {processor.py:157} INFO - Started process (PID=5886) to work on /usr/local/lib/python3.10/dist-packages/airflow/example_dags/example_trigger_controller_dag.py
[2023-12-06T18:57:41.733+0000] {processor.py:829} INFO - Processing file /usr/local/lib/python3.10/dist-packages/airflow/example_dags/example_trigger_controller_dag.py for tasks to queue
[2023-12-06T18:57:41.734+0000] {logging_mixin.py:154} INFO - [2023-12-06T18:57:41.734+0000] {dagbag.py:536} INFO - Filling up the DagBag from /usr/local/lib/python3.10/dist-packages/airflow/example_dags/example_trigger_controller_dag.py
[2023-12-06T18:57:41.739+0000] {processor.py:839} INFO - DAG(s) dict_keys(['example_trigger_controller_dag']) retrieved from /usr/local/lib/python3.10/dist-packages/airflow/example_dags/example_trigger_controller_dag.py
[2023-12-06T18:57:41.757+0000] {logging_mixin.py:154} INFO - [2023-12-06T18:57:41.756+0000] {dag.py:2941} INFO - Sync 1 DAGs
[2023-12-06T18:57:41.777+0000] {logging_mixin.py:154} INFO - [2023-12-06T18:57:41.776+0000] {dag.py:3722} INFO - Setting next_dagrun for example_trigger_controller_dag to 2021-01-01T00:00:00+00:00, run_after=2021-01-01T00:00:00+00:00
[2023-12-06T18:57:41.799+0000] {processor.py:179} INFO - Processing /usr/local/lib/python3.10/dist-packages/airflow/example_dags/example_trigger_controller_dag.py took 0.072 seconds
[2023-12-06T18:58:24.858+0000] {processor.py:157} INFO - Started process (PID=5932) to work on /usr/local/lib/python3.10/dist-packages/airflow/example_dags/example_trigger_controller_dag.py
[2023-12-06T18:58:24.859+0000] {processor.py:829} INFO - Processing file /usr/local/lib/python3.10/dist-packages/airflow/example_dags/example_trigger_controller_dag.py for tasks to queue
[2023-12-06T18:58:24.860+0000] {logging_mixin.py:154} INFO - [2023-12-06T18:58:24.860+0000] {dagbag.py:536} INFO - Filling up the DagBag from /usr/local/lib/python3.10/dist-packages/airflow/example_dags/example_trigger_controller_dag.py
[2023-12-06T18:58:24.865+0000] {processor.py:839} INFO - DAG(s) dict_keys(['example_trigger_controller_dag']) retrieved from /usr/local/lib/python3.10/dist-packages/airflow/example_dags/example_trigger_controller_dag.py
[2023-12-06T18:58:24.883+0000] {logging_mixin.py:154} INFO - [2023-12-06T18:58:24.883+0000] {dag.py:2941} INFO - Sync 1 DAGs
[2023-12-06T18:58:24.903+0000] {logging_mixin.py:154} INFO - [2023-12-06T18:58:24.903+0000] {dag.py:3722} INFO - Setting next_dagrun for example_trigger_controller_dag to 2021-01-01T00:00:00+00:00, run_after=2021-01-01T00:00:00+00:00
[2023-12-06T18:58:24.926+0000] {processor.py:179} INFO - Processing /usr/local/lib/python3.10/dist-packages/airflow/example_dags/example_trigger_controller_dag.py took 0.072 seconds
[2023-12-06T18:59:10.439+0000] {processor.py:157} INFO - Started process (PID=5979) to work on /usr/local/lib/python3.10/dist-packages/airflow/example_dags/example_trigger_controller_dag.py
[2023-12-06T18:59:10.441+0000] {processor.py:829} INFO - Processing file /usr/local/lib/python3.10/dist-packages/airflow/example_dags/example_trigger_controller_dag.py for tasks to queue
[2023-12-06T18:59:10.441+0000] {logging_mixin.py:154} INFO - [2023-12-06T18:59:10.441+0000] {dagbag.py:536} INFO - Filling up the DagBag from /usr/local/lib/python3.10/dist-packages/airflow/example_dags/example_trigger_controller_dag.py
[2023-12-06T18:59:10.446+0000] {processor.py:839} INFO - DAG(s) dict_keys(['example_trigger_controller_dag']) retrieved from /usr/local/lib/python3.10/dist-packages/airflow/example_dags/example_trigger_controller_dag.py
[2023-12-06T18:59:10.464+0000] {logging_mixin.py:154} INFO - [2023-12-06T18:59:10.464+0000] {dag.py:2941} INFO - Sync 1 DAGs
[2023-12-06T18:59:10.484+0000] {logging_mixin.py:154} INFO - [2023-12-06T18:59:10.484+0000] {dag.py:3722} INFO - Setting next_dagrun for example_trigger_controller_dag to 2021-01-01T00:00:00+00:00, run_after=2021-01-01T00:00:00+00:00
[2023-12-06T18:59:10.508+0000] {processor.py:179} INFO - Processing /usr/local/lib/python3.10/dist-packages/airflow/example_dags/example_trigger_controller_dag.py took 0.072 seconds
[2023-12-06T18:59:54.529+0000] {processor.py:157} INFO - Started process (PID=6091) to work on /usr/local/lib/python3.10/dist-packages/airflow/example_dags/example_trigger_controller_dag.py
[2023-12-06T18:59:54.530+0000] {processor.py:829} INFO - Processing file /usr/local/lib/python3.10/dist-packages/airflow/example_dags/example_trigger_controller_dag.py for tasks to queue
[2023-12-06T18:59:54.531+0000] {logging_mixin.py:154} INFO - [2023-12-06T18:59:54.531+0000] {dagbag.py:536} INFO - Filling up the DagBag from /usr/local/lib/python3.10/dist-packages/airflow/example_dags/example_trigger_controller_dag.py
[2023-12-06T18:59:54.536+0000] {processor.py:839} INFO - DAG(s) dict_keys(['example_trigger_controller_dag']) retrieved from /usr/local/lib/python3.10/dist-packages/airflow/example_dags/example_trigger_controller_dag.py
[2023-12-06T18:59:54.554+0000] {logging_mixin.py:154} INFO - [2023-12-06T18:59:54.554+0000] {dag.py:2941} INFO - Sync 1 DAGs
[2023-12-06T18:59:54.573+0000] {logging_mixin.py:154} INFO - [2023-12-06T18:59:54.573+0000] {dag.py:3722} INFO - Setting next_dagrun for example_trigger_controller_dag to 2021-01-01T00:00:00+00:00, run_after=2021-01-01T00:00:00+00:00
[2023-12-06T18:59:54.596+0000] {processor.py:179} INFO - Processing /usr/local/lib/python3.10/dist-packages/airflow/example_dags/example_trigger_controller_dag.py took 0.071 seconds
[2023-12-06T19:00:29.806+0000] {processor.py:157} INFO - Started process (PID=6363) to work on /usr/local/lib/python3.10/dist-packages/airflow/example_dags/example_trigger_controller_dag.py
[2023-12-06T19:00:29.808+0000] {processor.py:829} INFO - Processing file /usr/local/lib/python3.10/dist-packages/airflow/example_dags/example_trigger_controller_dag.py for tasks to queue
[2023-12-06T19:00:29.809+0000] {logging_mixin.py:154} INFO - [2023-12-06T19:00:29.808+0000] {dagbag.py:536} INFO - Filling up the DagBag from /usr/local/lib/python3.10/dist-packages/airflow/example_dags/example_trigger_controller_dag.py
[2023-12-06T19:00:29.814+0000] {processor.py:839} INFO - DAG(s) dict_keys(['example_trigger_controller_dag']) retrieved from /usr/local/lib/python3.10/dist-packages/airflow/example_dags/example_trigger_controller_dag.py
[2023-12-06T19:00:29.832+0000] {logging_mixin.py:154} INFO - [2023-12-06T19:00:29.832+0000] {dag.py:2941} INFO - Sync 1 DAGs
[2023-12-06T19:00:29.875+0000] {logging_mixin.py:154} INFO - [2023-12-06T19:00:29.875+0000] {dag.py:3722} INFO - Setting next_dagrun for example_trigger_controller_dag to 2021-01-01T00:00:00+00:00, run_after=2021-01-01T00:00:00+00:00
[2023-12-06T19:00:29.898+0000] {processor.py:179} INFO - Processing /usr/local/lib/python3.10/dist-packages/airflow/example_dags/example_trigger_controller_dag.py took 0.096 seconds
[2023-12-06T19:01:07.162+0000] {processor.py:157} INFO - Started process (PID=6455) to work on /usr/local/lib/python3.10/dist-packages/airflow/example_dags/example_trigger_controller_dag.py
[2023-12-06T19:01:07.163+0000] {processor.py:829} INFO - Processing file /usr/local/lib/python3.10/dist-packages/airflow/example_dags/example_trigger_controller_dag.py for tasks to queue
[2023-12-06T19:01:07.164+0000] {logging_mixin.py:154} INFO - [2023-12-06T19:01:07.164+0000] {dagbag.py:536} INFO - Filling up the DagBag from /usr/local/lib/python3.10/dist-packages/airflow/example_dags/example_trigger_controller_dag.py
[2023-12-06T19:01:07.170+0000] {processor.py:839} INFO - DAG(s) dict_keys(['example_trigger_controller_dag']) retrieved from /usr/local/lib/python3.10/dist-packages/airflow/example_dags/example_trigger_controller_dag.py
[2023-12-06T19:01:07.188+0000] {logging_mixin.py:154} INFO - [2023-12-06T19:01:07.188+0000] {dag.py:2941} INFO - Sync 1 DAGs
[2023-12-06T19:01:07.209+0000] {logging_mixin.py:154} INFO - [2023-12-06T19:01:07.209+0000] {dag.py:3722} INFO - Setting next_dagrun for example_trigger_controller_dag to 2021-01-01T00:00:00+00:00, run_after=2021-01-01T00:00:00+00:00
[2023-12-06T19:01:07.233+0000] {processor.py:179} INFO - Processing /usr/local/lib/python3.10/dist-packages/airflow/example_dags/example_trigger_controller_dag.py took 0.075 seconds
[2023-12-06T19:01:55.215+0000] {processor.py:157} INFO - Started process (PID=6504) to work on /usr/local/lib/python3.10/dist-packages/airflow/example_dags/example_trigger_controller_dag.py
[2023-12-06T19:01:55.216+0000] {processor.py:829} INFO - Processing file /usr/local/lib/python3.10/dist-packages/airflow/example_dags/example_trigger_controller_dag.py for tasks to queue
[2023-12-06T19:01:55.217+0000] {logging_mixin.py:154} INFO - [2023-12-06T19:01:55.217+0000] {dagbag.py:536} INFO - Filling up the DagBag from /usr/local/lib/python3.10/dist-packages/airflow/example_dags/example_trigger_controller_dag.py
[2023-12-06T19:01:55.223+0000] {processor.py:839} INFO - DAG(s) dict_keys(['example_trigger_controller_dag']) retrieved from /usr/local/lib/python3.10/dist-packages/airflow/example_dags/example_trigger_controller_dag.py
[2023-12-06T19:01:55.241+0000] {logging_mixin.py:154} INFO - [2023-12-06T19:01:55.240+0000] {dag.py:2941} INFO - Sync 1 DAGs
[2023-12-06T19:01:55.261+0000] {logging_mixin.py:154} INFO - [2023-12-06T19:01:55.260+0000] {dag.py:3722} INFO - Setting next_dagrun for example_trigger_controller_dag to 2021-01-01T00:00:00+00:00, run_after=2021-01-01T00:00:00+00:00
[2023-12-06T19:01:55.284+0000] {processor.py:179} INFO - Processing /usr/local/lib/python3.10/dist-packages/airflow/example_dags/example_trigger_controller_dag.py took 0.073 seconds
[2023-12-06T19:02:39.497+0000] {processor.py:157} INFO - Started process (PID=6551) to work on /usr/local/lib/python3.10/dist-packages/airflow/example_dags/example_trigger_controller_dag.py
[2023-12-06T19:02:39.498+0000] {processor.py:829} INFO - Processing file /usr/local/lib/python3.10/dist-packages/airflow/example_dags/example_trigger_controller_dag.py for tasks to queue
[2023-12-06T19:02:39.505+0000] {logging_mixin.py:154} INFO - [2023-12-06T19:02:39.505+0000] {dagbag.py:536} INFO - Filling up the DagBag from /usr/local/lib/python3.10/dist-packages/airflow/example_dags/example_trigger_controller_dag.py
[2023-12-06T19:02:39.511+0000] {processor.py:839} INFO - DAG(s) dict_keys(['example_trigger_controller_dag']) retrieved from /usr/local/lib/python3.10/dist-packages/airflow/example_dags/example_trigger_controller_dag.py
[2023-12-06T19:02:39.528+0000] {logging_mixin.py:154} INFO - [2023-12-06T19:02:39.528+0000] {dag.py:2941} INFO - Sync 1 DAGs
[2023-12-06T19:02:39.548+0000] {logging_mixin.py:154} INFO - [2023-12-06T19:02:39.548+0000] {dag.py:3722} INFO - Setting next_dagrun for example_trigger_controller_dag to 2021-01-01T00:00:00+00:00, run_after=2021-01-01T00:00:00+00:00
[2023-12-06T19:02:39.571+0000] {processor.py:179} INFO - Processing /usr/local/lib/python3.10/dist-packages/airflow/example_dags/example_trigger_controller_dag.py took 0.078 seconds
[2023-12-06T19:03:24.931+0000] {processor.py:157} INFO - Started process (PID=6597) to work on /usr/local/lib/python3.10/dist-packages/airflow/example_dags/example_trigger_controller_dag.py
[2023-12-06T19:03:24.932+0000] {processor.py:829} INFO - Processing file /usr/local/lib/python3.10/dist-packages/airflow/example_dags/example_trigger_controller_dag.py for tasks to queue
[2023-12-06T19:03:24.933+0000] {logging_mixin.py:154} INFO - [2023-12-06T19:03:24.933+0000] {dagbag.py:536} INFO - Filling up the DagBag from /usr/local/lib/python3.10/dist-packages/airflow/example_dags/example_trigger_controller_dag.py
[2023-12-06T19:03:24.939+0000] {processor.py:839} INFO - DAG(s) dict_keys(['example_trigger_controller_dag']) retrieved from /usr/local/lib/python3.10/dist-packages/airflow/example_dags/example_trigger_controller_dag.py
[2023-12-06T19:03:24.957+0000] {logging_mixin.py:154} INFO - [2023-12-06T19:03:24.957+0000] {dag.py:2941} INFO - Sync 1 DAGs
[2023-12-06T19:03:24.978+0000] {logging_mixin.py:154} INFO - [2023-12-06T19:03:24.978+0000] {dag.py:3722} INFO - Setting next_dagrun for example_trigger_controller_dag to 2021-01-01T00:00:00+00:00, run_after=2021-01-01T00:00:00+00:00
[2023-12-06T19:03:25.002+0000] {processor.py:179} INFO - Processing /usr/local/lib/python3.10/dist-packages/airflow/example_dags/example_trigger_controller_dag.py took 0.075 seconds
[2023-12-06T19:04:00.328+0000] {processor.py:157} INFO - Started process (PID=6631) to work on /usr/local/lib/python3.10/dist-packages/airflow/example_dags/example_trigger_controller_dag.py
[2023-12-06T19:04:00.329+0000] {processor.py:829} INFO - Processing file /usr/local/lib/python3.10/dist-packages/airflow/example_dags/example_trigger_controller_dag.py for tasks to queue
[2023-12-06T19:04:00.330+0000] {logging_mixin.py:154} INFO - [2023-12-06T19:04:00.330+0000] {dagbag.py:536} INFO - Filling up the DagBag from /usr/local/lib/python3.10/dist-packages/airflow/example_dags/example_trigger_controller_dag.py
[2023-12-06T19:04:00.336+0000] {processor.py:839} INFO - DAG(s) dict_keys(['example_trigger_controller_dag']) retrieved from /usr/local/lib/python3.10/dist-packages/airflow/example_dags/example_trigger_controller_dag.py
[2023-12-06T19:04:00.353+0000] {logging_mixin.py:154} INFO - [2023-12-06T19:04:00.353+0000] {dag.py:2941} INFO - Sync 1 DAGs
[2023-12-06T19:04:00.373+0000] {logging_mixin.py:154} INFO - [2023-12-06T19:04:00.373+0000] {dag.py:3722} INFO - Setting next_dagrun for example_trigger_controller_dag to 2021-01-01T00:00:00+00:00, run_after=2021-01-01T00:00:00+00:00
[2023-12-06T19:04:00.397+0000] {processor.py:179} INFO - Processing /usr/local/lib/python3.10/dist-packages/airflow/example_dags/example_trigger_controller_dag.py took 0.073 seconds
[2023-12-06T19:04:46.054+0000] {processor.py:157} INFO - Started process (PID=6819) to work on /usr/local/lib/python3.10/dist-packages/airflow/example_dags/example_trigger_controller_dag.py
[2023-12-06T19:04:46.058+0000] {processor.py:829} INFO - Processing file /usr/local/lib/python3.10/dist-packages/airflow/example_dags/example_trigger_controller_dag.py for tasks to queue
[2023-12-06T19:04:46.058+0000] {logging_mixin.py:154} INFO - [2023-12-06T19:04:46.058+0000] {dagbag.py:536} INFO - Filling up the DagBag from /usr/local/lib/python3.10/dist-packages/airflow/example_dags/example_trigger_controller_dag.py
[2023-12-06T19:04:46.077+0000] {processor.py:839} INFO - DAG(s) dict_keys(['example_trigger_controller_dag']) retrieved from /usr/local/lib/python3.10/dist-packages/airflow/example_dags/example_trigger_controller_dag.py
[2023-12-06T19:04:46.164+0000] {logging_mixin.py:154} INFO - [2023-12-06T19:04:46.163+0000] {dag.py:2941} INFO - Sync 1 DAGs
[2023-12-06T19:04:46.284+0000] {logging_mixin.py:154} INFO - [2023-12-06T19:04:46.284+0000] {dag.py:3722} INFO - Setting next_dagrun for example_trigger_controller_dag to 2021-01-01T00:00:00+00:00, run_after=2021-01-01T00:00:00+00:00
[2023-12-06T19:04:46.424+0000] {processor.py:179} INFO - Processing /usr/local/lib/python3.10/dist-packages/airflow/example_dags/example_trigger_controller_dag.py took 0.386 seconds
[2023-12-06T19:05:19.608+0000] {processor.py:157} INFO - Started process (PID=6882) to work on /usr/local/lib/python3.10/dist-packages/airflow/example_dags/example_trigger_controller_dag.py
[2023-12-06T19:05:19.609+0000] {processor.py:829} INFO - Processing file /usr/local/lib/python3.10/dist-packages/airflow/example_dags/example_trigger_controller_dag.py for tasks to queue
[2023-12-06T19:05:19.610+0000] {logging_mixin.py:154} INFO - [2023-12-06T19:05:19.610+0000] {dagbag.py:536} INFO - Filling up the DagBag from /usr/local/lib/python3.10/dist-packages/airflow/example_dags/example_trigger_controller_dag.py
[2023-12-06T19:05:19.616+0000] {processor.py:839} INFO - DAG(s) dict_keys(['example_trigger_controller_dag']) retrieved from /usr/local/lib/python3.10/dist-packages/airflow/example_dags/example_trigger_controller_dag.py
[2023-12-06T19:05:19.634+0000] {logging_mixin.py:154} INFO - [2023-12-06T19:05:19.634+0000] {dag.py:2941} INFO - Sync 1 DAGs
[2023-12-06T19:05:19.654+0000] {logging_mixin.py:154} INFO - [2023-12-06T19:05:19.654+0000] {dag.py:3722} INFO - Setting next_dagrun for example_trigger_controller_dag to 2021-01-01T00:00:00+00:00, run_after=2021-01-01T00:00:00+00:00
[2023-12-06T19:05:19.677+0000] {processor.py:179} INFO - Processing /usr/local/lib/python3.10/dist-packages/airflow/example_dags/example_trigger_controller_dag.py took 0.073 seconds
[2023-12-06T19:05:53.813+0000] {processor.py:157} INFO - Started process (PID=6916) to work on /usr/local/lib/python3.10/dist-packages/airflow/example_dags/example_trigger_controller_dag.py
[2023-12-06T19:05:53.814+0000] {processor.py:829} INFO - Processing file /usr/local/lib/python3.10/dist-packages/airflow/example_dags/example_trigger_controller_dag.py for tasks to queue
[2023-12-06T19:05:53.815+0000] {logging_mixin.py:154} INFO - [2023-12-06T19:05:53.815+0000] {dagbag.py:536} INFO - Filling up the DagBag from /usr/local/lib/python3.10/dist-packages/airflow/example_dags/example_trigger_controller_dag.py
[2023-12-06T19:05:53.821+0000] {processor.py:839} INFO - DAG(s) dict_keys(['example_trigger_controller_dag']) retrieved from /usr/local/lib/python3.10/dist-packages/airflow/example_dags/example_trigger_controller_dag.py
[2023-12-06T19:05:53.841+0000] {logging_mixin.py:154} INFO - [2023-12-06T19:05:53.840+0000] {dag.py:2941} INFO - Sync 1 DAGs
[2023-12-06T19:05:53.862+0000] {logging_mixin.py:154} INFO - [2023-12-06T19:05:53.861+0000] {dag.py:3722} INFO - Setting next_dagrun for example_trigger_controller_dag to 2021-01-01T00:00:00+00:00, run_after=2021-01-01T00:00:00+00:00
[2023-12-06T19:05:53.885+0000] {processor.py:179} INFO - Processing /usr/local/lib/python3.10/dist-packages/airflow/example_dags/example_trigger_controller_dag.py took 0.076 seconds
[2023-12-06T19:06:40.451+0000] {processor.py:157} INFO - Started process (PID=6964) to work on /usr/local/lib/python3.10/dist-packages/airflow/example_dags/example_trigger_controller_dag.py
[2023-12-06T19:06:40.453+0000] {processor.py:829} INFO - Processing file /usr/local/lib/python3.10/dist-packages/airflow/example_dags/example_trigger_controller_dag.py for tasks to queue
[2023-12-06T19:06:40.454+0000] {logging_mixin.py:154} INFO - [2023-12-06T19:06:40.454+0000] {dagbag.py:536} INFO - Filling up the DagBag from /usr/local/lib/python3.10/dist-packages/airflow/example_dags/example_trigger_controller_dag.py
[2023-12-06T19:06:40.459+0000] {processor.py:839} INFO - DAG(s) dict_keys(['example_trigger_controller_dag']) retrieved from /usr/local/lib/python3.10/dist-packages/airflow/example_dags/example_trigger_controller_dag.py
[2023-12-06T19:06:40.478+0000] {logging_mixin.py:154} INFO - [2023-12-06T19:06:40.477+0000] {dag.py:2941} INFO - Sync 1 DAGs
[2023-12-06T19:06:40.498+0000] {logging_mixin.py:154} INFO - [2023-12-06T19:06:40.498+0000] {dag.py:3722} INFO - Setting next_dagrun for example_trigger_controller_dag to 2021-01-01T00:00:00+00:00, run_after=2021-01-01T00:00:00+00:00
[2023-12-06T19:06:40.523+0000] {processor.py:179} INFO - Processing /usr/local/lib/python3.10/dist-packages/airflow/example_dags/example_trigger_controller_dag.py took 0.075 seconds
[2023-12-06T19:07:28.635+0000] {processor.py:157} INFO - Started process (PID=7012) to work on /usr/local/lib/python3.10/dist-packages/airflow/example_dags/example_trigger_controller_dag.py
[2023-12-06T19:07:28.637+0000] {processor.py:829} INFO - Processing file /usr/local/lib/python3.10/dist-packages/airflow/example_dags/example_trigger_controller_dag.py for tasks to queue
[2023-12-06T19:07:28.638+0000] {logging_mixin.py:154} INFO - [2023-12-06T19:07:28.638+0000] {dagbag.py:536} INFO - Filling up the DagBag from /usr/local/lib/python3.10/dist-packages/airflow/example_dags/example_trigger_controller_dag.py
[2023-12-06T19:07:28.644+0000] {processor.py:839} INFO - DAG(s) dict_keys(['example_trigger_controller_dag']) retrieved from /usr/local/lib/python3.10/dist-packages/airflow/example_dags/example_trigger_controller_dag.py
[2023-12-06T19:07:28.662+0000] {logging_mixin.py:154} INFO - [2023-12-06T19:07:28.662+0000] {dag.py:2941} INFO - Sync 1 DAGs
[2023-12-06T19:07:28.683+0000] {logging_mixin.py:154} INFO - [2023-12-06T19:07:28.682+0000] {dag.py:3722} INFO - Setting next_dagrun for example_trigger_controller_dag to 2021-01-01T00:00:00+00:00, run_after=2021-01-01T00:00:00+00:00
[2023-12-06T19:07:28.711+0000] {processor.py:179} INFO - Processing /usr/local/lib/python3.10/dist-packages/airflow/example_dags/example_trigger_controller_dag.py took 0.079 seconds
