[2023-12-06T18:22:12.963+0000] {processor.py:157} INFO - Started process (PID=3688) to work on /usr/local/lib/python3.10/dist-packages/airflow/example_dags/example_sensors.py
[2023-12-06T18:22:12.964+0000] {processor.py:829} INFO - Processing file /usr/local/lib/python3.10/dist-packages/airflow/example_dags/example_sensors.py for tasks to queue
[2023-12-06T18:22:12.965+0000] {logging_mixin.py:154} INFO - [2023-12-06T18:22:12.964+0000] {dagbag.py:536} INFO - Filling up the DagBag from /usr/local/lib/python3.10/dist-packages/airflow/example_dags/example_sensors.py
[2023-12-06T18:22:12.975+0000] {processor.py:839} INFO - DAG(s) dict_keys(['example_sensors']) retrieved from /usr/local/lib/python3.10/dist-packages/airflow/example_dags/example_sensors.py
[2023-12-06T18:22:13.094+0000] {logging_mixin.py:154} INFO - [2023-12-06T18:22:13.094+0000] {manager.py:499} INFO - Created Permission View: %s
[2023-12-06T18:22:13.108+0000] {logging_mixin.py:154} INFO - [2023-12-06T18:22:13.107+0000] {manager.py:499} INFO - Created Permission View: %s
[2023-12-06T18:22:13.119+0000] {logging_mixin.py:154} INFO - [2023-12-06T18:22:13.119+0000] {manager.py:499} INFO - Created Permission View: %s
[2023-12-06T18:22:13.120+0000] {logging_mixin.py:154} INFO - [2023-12-06T18:22:13.119+0000] {dag.py:2941} INFO - Sync 1 DAGs
[2023-12-06T18:22:13.130+0000] {logging_mixin.py:154} INFO - [2023-12-06T18:22:13.130+0000] {dag.py:2963} INFO - Creating ORM DAG for example_sensors
[2023-12-06T18:22:13.131+0000] {logging_mixin.py:154} INFO - [2023-12-06T18:22:13.131+0000] {dag.py:3722} INFO - Setting next_dagrun for example_sensors to None, run_after=None
[2023-12-06T18:22:13.155+0000] {processor.py:179} INFO - Processing /usr/local/lib/python3.10/dist-packages/airflow/example_dags/example_sensors.py took 0.196 seconds
[2023-12-06T18:23:01.225+0000] {processor.py:157} INFO - Started process (PID=3739) to work on /usr/local/lib/python3.10/dist-packages/airflow/example_dags/example_sensors.py
[2023-12-06T18:23:01.227+0000] {processor.py:829} INFO - Processing file /usr/local/lib/python3.10/dist-packages/airflow/example_dags/example_sensors.py for tasks to queue
[2023-12-06T18:23:01.228+0000] {logging_mixin.py:154} INFO - [2023-12-06T18:23:01.227+0000] {dagbag.py:536} INFO - Filling up the DagBag from /usr/local/lib/python3.10/dist-packages/airflow/example_dags/example_sensors.py
[2023-12-06T18:23:01.239+0000] {processor.py:839} INFO - DAG(s) dict_keys(['example_sensors']) retrieved from /usr/local/lib/python3.10/dist-packages/airflow/example_dags/example_sensors.py
[2023-12-06T18:23:01.262+0000] {logging_mixin.py:154} INFO - [2023-12-06T18:23:01.262+0000] {dag.py:2941} INFO - Sync 1 DAGs
[2023-12-06T18:23:01.275+0000] {logging_mixin.py:154} INFO - [2023-12-06T18:23:01.275+0000] {dag.py:3722} INFO - Setting next_dagrun for example_sensors to None, run_after=None
[2023-12-06T18:23:01.300+0000] {processor.py:179} INFO - Processing /usr/local/lib/python3.10/dist-packages/airflow/example_dags/example_sensors.py took 0.078 seconds
[2023-12-06T18:23:50.026+0000] {processor.py:157} INFO - Started process (PID=3789) to work on /usr/local/lib/python3.10/dist-packages/airflow/example_dags/example_sensors.py
[2023-12-06T18:23:50.027+0000] {processor.py:829} INFO - Processing file /usr/local/lib/python3.10/dist-packages/airflow/example_dags/example_sensors.py for tasks to queue
[2023-12-06T18:23:50.028+0000] {logging_mixin.py:154} INFO - [2023-12-06T18:23:50.028+0000] {dagbag.py:536} INFO - Filling up the DagBag from /usr/local/lib/python3.10/dist-packages/airflow/example_dags/example_sensors.py
[2023-12-06T18:23:50.039+0000] {processor.py:839} INFO - DAG(s) dict_keys(['example_sensors']) retrieved from /usr/local/lib/python3.10/dist-packages/airflow/example_dags/example_sensors.py
[2023-12-06T18:23:50.061+0000] {logging_mixin.py:154} INFO - [2023-12-06T18:23:50.060+0000] {dag.py:2941} INFO - Sync 1 DAGs
[2023-12-06T18:23:50.073+0000] {logging_mixin.py:154} INFO - [2023-12-06T18:23:50.073+0000] {dag.py:3722} INFO - Setting next_dagrun for example_sensors to None, run_after=None
[2023-12-06T18:23:50.097+0000] {processor.py:179} INFO - Processing /usr/local/lib/python3.10/dist-packages/airflow/example_dags/example_sensors.py took 0.075 seconds
[2023-12-06T18:24:41.595+0000] {processor.py:157} INFO - Started process (PID=3840) to work on /usr/local/lib/python3.10/dist-packages/airflow/example_dags/example_sensors.py
[2023-12-06T18:24:41.596+0000] {processor.py:829} INFO - Processing file /usr/local/lib/python3.10/dist-packages/airflow/example_dags/example_sensors.py for tasks to queue
[2023-12-06T18:24:41.597+0000] {logging_mixin.py:154} INFO - [2023-12-06T18:24:41.596+0000] {dagbag.py:536} INFO - Filling up the DagBag from /usr/local/lib/python3.10/dist-packages/airflow/example_dags/example_sensors.py
[2023-12-06T18:24:41.608+0000] {processor.py:839} INFO - DAG(s) dict_keys(['example_sensors']) retrieved from /usr/local/lib/python3.10/dist-packages/airflow/example_dags/example_sensors.py
[2023-12-06T18:24:41.629+0000] {logging_mixin.py:154} INFO - [2023-12-06T18:24:41.629+0000] {dag.py:2941} INFO - Sync 1 DAGs
[2023-12-06T18:24:41.641+0000] {logging_mixin.py:154} INFO - [2023-12-06T18:24:41.641+0000] {dag.py:3722} INFO - Setting next_dagrun for example_sensors to None, run_after=None
[2023-12-06T18:24:41.667+0000] {processor.py:179} INFO - Processing /usr/local/lib/python3.10/dist-packages/airflow/example_dags/example_sensors.py took 0.076 seconds
[2023-12-06T18:25:26.682+0000] {processor.py:157} INFO - Started process (PID=3889) to work on /usr/local/lib/python3.10/dist-packages/airflow/example_dags/example_sensors.py
[2023-12-06T18:25:26.684+0000] {processor.py:829} INFO - Processing file /usr/local/lib/python3.10/dist-packages/airflow/example_dags/example_sensors.py for tasks to queue
[2023-12-06T18:25:26.684+0000] {logging_mixin.py:154} INFO - [2023-12-06T18:25:26.684+0000] {dagbag.py:536} INFO - Filling up the DagBag from /usr/local/lib/python3.10/dist-packages/airflow/example_dags/example_sensors.py
[2023-12-06T18:25:26.695+0000] {processor.py:839} INFO - DAG(s) dict_keys(['example_sensors']) retrieved from /usr/local/lib/python3.10/dist-packages/airflow/example_dags/example_sensors.py
[2023-12-06T18:25:26.718+0000] {logging_mixin.py:154} INFO - [2023-12-06T18:25:26.718+0000] {dag.py:2941} INFO - Sync 1 DAGs
[2023-12-06T18:25:26.731+0000] {logging_mixin.py:154} INFO - [2023-12-06T18:25:26.731+0000] {dag.py:3722} INFO - Setting next_dagrun for example_sensors to None, run_after=None
[2023-12-06T18:25:26.755+0000] {processor.py:179} INFO - Processing /usr/local/lib/python3.10/dist-packages/airflow/example_dags/example_sensors.py took 0.076 seconds
[2023-12-06T18:26:11.916+0000] {processor.py:157} INFO - Started process (PID=3937) to work on /usr/local/lib/python3.10/dist-packages/airflow/example_dags/example_sensors.py
[2023-12-06T18:26:11.918+0000] {processor.py:829} INFO - Processing file /usr/local/lib/python3.10/dist-packages/airflow/example_dags/example_sensors.py for tasks to queue
[2023-12-06T18:26:11.919+0000] {logging_mixin.py:154} INFO - [2023-12-06T18:26:11.918+0000] {dagbag.py:536} INFO - Filling up the DagBag from /usr/local/lib/python3.10/dist-packages/airflow/example_dags/example_sensors.py
[2023-12-06T18:26:11.929+0000] {processor.py:839} INFO - DAG(s) dict_keys(['example_sensors']) retrieved from /usr/local/lib/python3.10/dist-packages/airflow/example_dags/example_sensors.py
[2023-12-06T18:26:11.951+0000] {logging_mixin.py:154} INFO - [2023-12-06T18:26:11.951+0000] {dag.py:2941} INFO - Sync 1 DAGs
[2023-12-06T18:26:11.963+0000] {logging_mixin.py:154} INFO - [2023-12-06T18:26:11.963+0000] {dag.py:3722} INFO - Setting next_dagrun for example_sensors to None, run_after=None
[2023-12-06T18:26:11.986+0000] {processor.py:179} INFO - Processing /usr/local/lib/python3.10/dist-packages/airflow/example_dags/example_sensors.py took 0.073 seconds
[2023-12-06T18:26:58.422+0000] {processor.py:157} INFO - Started process (PID=3986) to work on /usr/local/lib/python3.10/dist-packages/airflow/example_dags/example_sensors.py
[2023-12-06T18:26:58.423+0000] {processor.py:829} INFO - Processing file /usr/local/lib/python3.10/dist-packages/airflow/example_dags/example_sensors.py for tasks to queue
[2023-12-06T18:26:58.424+0000] {logging_mixin.py:154} INFO - [2023-12-06T18:26:58.424+0000] {dagbag.py:536} INFO - Filling up the DagBag from /usr/local/lib/python3.10/dist-packages/airflow/example_dags/example_sensors.py
[2023-12-06T18:26:58.435+0000] {processor.py:839} INFO - DAG(s) dict_keys(['example_sensors']) retrieved from /usr/local/lib/python3.10/dist-packages/airflow/example_dags/example_sensors.py
[2023-12-06T18:26:58.457+0000] {logging_mixin.py:154} INFO - [2023-12-06T18:26:58.457+0000] {dag.py:2941} INFO - Sync 1 DAGs
[2023-12-06T18:26:58.470+0000] {logging_mixin.py:154} INFO - [2023-12-06T18:26:58.470+0000] {dag.py:3722} INFO - Setting next_dagrun for example_sensors to None, run_after=None
[2023-12-06T18:26:58.494+0000] {processor.py:179} INFO - Processing /usr/local/lib/python3.10/dist-packages/airflow/example_dags/example_sensors.py took 0.075 seconds
[2023-12-06T18:27:43.323+0000] {processor.py:157} INFO - Started process (PID=4032) to work on /usr/local/lib/python3.10/dist-packages/airflow/example_dags/example_sensors.py
[2023-12-06T18:27:43.324+0000] {processor.py:829} INFO - Processing file /usr/local/lib/python3.10/dist-packages/airflow/example_dags/example_sensors.py for tasks to queue
[2023-12-06T18:27:43.325+0000] {logging_mixin.py:154} INFO - [2023-12-06T18:27:43.325+0000] {dagbag.py:536} INFO - Filling up the DagBag from /usr/local/lib/python3.10/dist-packages/airflow/example_dags/example_sensors.py
[2023-12-06T18:27:43.336+0000] {processor.py:839} INFO - DAG(s) dict_keys(['example_sensors']) retrieved from /usr/local/lib/python3.10/dist-packages/airflow/example_dags/example_sensors.py
[2023-12-06T18:27:43.358+0000] {logging_mixin.py:154} INFO - [2023-12-06T18:27:43.358+0000] {dag.py:2941} INFO - Sync 1 DAGs
[2023-12-06T18:27:43.370+0000] {logging_mixin.py:154} INFO - [2023-12-06T18:27:43.370+0000] {dag.py:3722} INFO - Setting next_dagrun for example_sensors to None, run_after=None
[2023-12-06T18:27:43.392+0000] {processor.py:179} INFO - Processing /usr/local/lib/python3.10/dist-packages/airflow/example_dags/example_sensors.py took 0.073 seconds
[2023-12-06T18:28:27.161+0000] {processor.py:157} INFO - Started process (PID=4078) to work on /usr/local/lib/python3.10/dist-packages/airflow/example_dags/example_sensors.py
[2023-12-06T18:28:27.162+0000] {processor.py:829} INFO - Processing file /usr/local/lib/python3.10/dist-packages/airflow/example_dags/example_sensors.py for tasks to queue
[2023-12-06T18:28:27.163+0000] {logging_mixin.py:154} INFO - [2023-12-06T18:28:27.163+0000] {dagbag.py:536} INFO - Filling up the DagBag from /usr/local/lib/python3.10/dist-packages/airflow/example_dags/example_sensors.py
[2023-12-06T18:28:27.174+0000] {processor.py:839} INFO - DAG(s) dict_keys(['example_sensors']) retrieved from /usr/local/lib/python3.10/dist-packages/airflow/example_dags/example_sensors.py
[2023-12-06T18:28:27.196+0000] {logging_mixin.py:154} INFO - [2023-12-06T18:28:27.196+0000] {dag.py:2941} INFO - Sync 1 DAGs
[2023-12-06T18:28:27.209+0000] {logging_mixin.py:154} INFO - [2023-12-06T18:28:27.209+0000] {dag.py:3722} INFO - Setting next_dagrun for example_sensors to None, run_after=None
[2023-12-06T18:28:27.232+0000] {processor.py:179} INFO - Processing /usr/local/lib/python3.10/dist-packages/airflow/example_dags/example_sensors.py took 0.074 seconds
[2023-12-06T18:29:15.832+0000] {processor.py:157} INFO - Started process (PID=4129) to work on /usr/local/lib/python3.10/dist-packages/airflow/example_dags/example_sensors.py
[2023-12-06T18:29:15.833+0000] {processor.py:829} INFO - Processing file /usr/local/lib/python3.10/dist-packages/airflow/example_dags/example_sensors.py for tasks to queue
[2023-12-06T18:29:15.834+0000] {logging_mixin.py:154} INFO - [2023-12-06T18:29:15.834+0000] {dagbag.py:536} INFO - Filling up the DagBag from /usr/local/lib/python3.10/dist-packages/airflow/example_dags/example_sensors.py
[2023-12-06T18:29:15.845+0000] {processor.py:839} INFO - DAG(s) dict_keys(['example_sensors']) retrieved from /usr/local/lib/python3.10/dist-packages/airflow/example_dags/example_sensors.py
[2023-12-06T18:29:15.867+0000] {logging_mixin.py:154} INFO - [2023-12-06T18:29:15.866+0000] {dag.py:2941} INFO - Sync 1 DAGs
[2023-12-06T18:29:15.878+0000] {logging_mixin.py:154} INFO - [2023-12-06T18:29:15.878+0000] {dag.py:3722} INFO - Setting next_dagrun for example_sensors to None, run_after=None
[2023-12-06T18:29:15.940+0000] {processor.py:179} INFO - Processing /usr/local/lib/python3.10/dist-packages/airflow/example_dags/example_sensors.py took 0.112 seconds
[2023-12-06T18:29:59.068+0000] {processor.py:157} INFO - Started process (PID=4175) to work on /usr/local/lib/python3.10/dist-packages/airflow/example_dags/example_sensors.py
[2023-12-06T18:29:59.070+0000] {processor.py:829} INFO - Processing file /usr/local/lib/python3.10/dist-packages/airflow/example_dags/example_sensors.py for tasks to queue
[2023-12-06T18:29:59.071+0000] {logging_mixin.py:154} INFO - [2023-12-06T18:29:59.070+0000] {dagbag.py:536} INFO - Filling up the DagBag from /usr/local/lib/python3.10/dist-packages/airflow/example_dags/example_sensors.py
[2023-12-06T18:29:59.081+0000] {processor.py:839} INFO - DAG(s) dict_keys(['example_sensors']) retrieved from /usr/local/lib/python3.10/dist-packages/airflow/example_dags/example_sensors.py
[2023-12-06T18:29:59.109+0000] {logging_mixin.py:154} INFO - [2023-12-06T18:29:59.109+0000] {dag.py:2941} INFO - Sync 1 DAGs
[2023-12-06T18:29:59.121+0000] {logging_mixin.py:154} INFO - [2023-12-06T18:29:59.121+0000] {dag.py:3722} INFO - Setting next_dagrun for example_sensors to None, run_after=None
[2023-12-06T18:29:59.162+0000] {processor.py:179} INFO - Processing /usr/local/lib/python3.10/dist-packages/airflow/example_dags/example_sensors.py took 0.097 seconds
[2023-12-06T18:30:44.376+0000] {processor.py:157} INFO - Started process (PID=4222) to work on /usr/local/lib/python3.10/dist-packages/airflow/example_dags/example_sensors.py
[2023-12-06T18:30:44.378+0000] {processor.py:829} INFO - Processing file /usr/local/lib/python3.10/dist-packages/airflow/example_dags/example_sensors.py for tasks to queue
[2023-12-06T18:30:44.379+0000] {logging_mixin.py:154} INFO - [2023-12-06T18:30:44.378+0000] {dagbag.py:536} INFO - Filling up the DagBag from /usr/local/lib/python3.10/dist-packages/airflow/example_dags/example_sensors.py
[2023-12-06T18:30:44.389+0000] {processor.py:839} INFO - DAG(s) dict_keys(['example_sensors']) retrieved from /usr/local/lib/python3.10/dist-packages/airflow/example_dags/example_sensors.py
[2023-12-06T18:30:44.411+0000] {logging_mixin.py:154} INFO - [2023-12-06T18:30:44.410+0000] {dag.py:2941} INFO - Sync 1 DAGs
[2023-12-06T18:30:44.422+0000] {logging_mixin.py:154} INFO - [2023-12-06T18:30:44.422+0000] {dag.py:3722} INFO - Setting next_dagrun for example_sensors to None, run_after=None
[2023-12-06T18:30:44.450+0000] {processor.py:179} INFO - Processing /usr/local/lib/python3.10/dist-packages/airflow/example_dags/example_sensors.py took 0.077 seconds
[2023-12-06T18:31:28.044+0000] {processor.py:157} INFO - Started process (PID=4267) to work on /usr/local/lib/python3.10/dist-packages/airflow/example_dags/example_sensors.py
[2023-12-06T18:31:28.046+0000] {processor.py:829} INFO - Processing file /usr/local/lib/python3.10/dist-packages/airflow/example_dags/example_sensors.py for tasks to queue
[2023-12-06T18:31:28.047+0000] {logging_mixin.py:154} INFO - [2023-12-06T18:31:28.046+0000] {dagbag.py:536} INFO - Filling up the DagBag from /usr/local/lib/python3.10/dist-packages/airflow/example_dags/example_sensors.py
[2023-12-06T18:31:28.057+0000] {processor.py:839} INFO - DAG(s) dict_keys(['example_sensors']) retrieved from /usr/local/lib/python3.10/dist-packages/airflow/example_dags/example_sensors.py
[2023-12-06T18:31:28.079+0000] {logging_mixin.py:154} INFO - [2023-12-06T18:31:28.079+0000] {dag.py:2941} INFO - Sync 1 DAGs
[2023-12-06T18:31:28.091+0000] {logging_mixin.py:154} INFO - [2023-12-06T18:31:28.090+0000] {dag.py:3722} INFO - Setting next_dagrun for example_sensors to None, run_after=None
[2023-12-06T18:31:28.111+0000] {processor.py:179} INFO - Processing /usr/local/lib/python3.10/dist-packages/airflow/example_dags/example_sensors.py took 0.070 seconds
[2023-12-06T18:32:10.347+0000] {processor.py:157} INFO - Started process (PID=4313) to work on /usr/local/lib/python3.10/dist-packages/airflow/example_dags/example_sensors.py
[2023-12-06T18:32:10.349+0000] {processor.py:829} INFO - Processing file /usr/local/lib/python3.10/dist-packages/airflow/example_dags/example_sensors.py for tasks to queue
[2023-12-06T18:32:10.350+0000] {logging_mixin.py:154} INFO - [2023-12-06T18:32:10.349+0000] {dagbag.py:536} INFO - Filling up the DagBag from /usr/local/lib/python3.10/dist-packages/airflow/example_dags/example_sensors.py
[2023-12-06T18:32:10.360+0000] {processor.py:839} INFO - DAG(s) dict_keys(['example_sensors']) retrieved from /usr/local/lib/python3.10/dist-packages/airflow/example_dags/example_sensors.py
[2023-12-06T18:32:10.383+0000] {logging_mixin.py:154} INFO - [2023-12-06T18:32:10.383+0000] {dag.py:2941} INFO - Sync 1 DAGs
[2023-12-06T18:32:10.396+0000] {logging_mixin.py:154} INFO - [2023-12-06T18:32:10.396+0000] {dag.py:3722} INFO - Setting next_dagrun for example_sensors to None, run_after=None
[2023-12-06T18:32:10.430+0000] {processor.py:179} INFO - Processing /usr/local/lib/python3.10/dist-packages/airflow/example_dags/example_sensors.py took 0.086 seconds
[2023-12-06T18:32:54.535+0000] {processor.py:157} INFO - Started process (PID=4358) to work on /usr/local/lib/python3.10/dist-packages/airflow/example_dags/example_sensors.py
[2023-12-06T18:32:54.537+0000] {processor.py:829} INFO - Processing file /usr/local/lib/python3.10/dist-packages/airflow/example_dags/example_sensors.py for tasks to queue
[2023-12-06T18:32:54.537+0000] {logging_mixin.py:154} INFO - [2023-12-06T18:32:54.537+0000] {dagbag.py:536} INFO - Filling up the DagBag from /usr/local/lib/python3.10/dist-packages/airflow/example_dags/example_sensors.py
[2023-12-06T18:32:54.548+0000] {processor.py:839} INFO - DAG(s) dict_keys(['example_sensors']) retrieved from /usr/local/lib/python3.10/dist-packages/airflow/example_dags/example_sensors.py
[2023-12-06T18:32:54.569+0000] {logging_mixin.py:154} INFO - [2023-12-06T18:32:54.569+0000] {dag.py:2941} INFO - Sync 1 DAGs
[2023-12-06T18:32:54.581+0000] {logging_mixin.py:154} INFO - [2023-12-06T18:32:54.581+0000] {dag.py:3722} INFO - Setting next_dagrun for example_sensors to None, run_after=None
[2023-12-06T18:32:54.603+0000] {processor.py:179} INFO - Processing /usr/local/lib/python3.10/dist-packages/airflow/example_dags/example_sensors.py took 0.072 seconds
[2023-12-06T18:33:43.278+0000] {processor.py:157} INFO - Started process (PID=4406) to work on /usr/local/lib/python3.10/dist-packages/airflow/example_dags/example_sensors.py
[2023-12-06T18:33:43.280+0000] {processor.py:829} INFO - Processing file /usr/local/lib/python3.10/dist-packages/airflow/example_dags/example_sensors.py for tasks to queue
[2023-12-06T18:33:43.281+0000] {logging_mixin.py:154} INFO - [2023-12-06T18:33:43.280+0000] {dagbag.py:536} INFO - Filling up the DagBag from /usr/local/lib/python3.10/dist-packages/airflow/example_dags/example_sensors.py
[2023-12-06T18:33:43.291+0000] {processor.py:839} INFO - DAG(s) dict_keys(['example_sensors']) retrieved from /usr/local/lib/python3.10/dist-packages/airflow/example_dags/example_sensors.py
[2023-12-06T18:33:43.313+0000] {logging_mixin.py:154} INFO - [2023-12-06T18:33:43.313+0000] {dag.py:2941} INFO - Sync 1 DAGs
[2023-12-06T18:33:43.325+0000] {logging_mixin.py:154} INFO - [2023-12-06T18:33:43.325+0000] {dag.py:3722} INFO - Setting next_dagrun for example_sensors to None, run_after=None
[2023-12-06T18:33:43.349+0000] {processor.py:179} INFO - Processing /usr/local/lib/python3.10/dist-packages/airflow/example_dags/example_sensors.py took 0.075 seconds
[2023-12-06T18:34:30.666+0000] {processor.py:157} INFO - Started process (PID=4454) to work on /usr/local/lib/python3.10/dist-packages/airflow/example_dags/example_sensors.py
[2023-12-06T18:34:30.667+0000] {processor.py:829} INFO - Processing file /usr/local/lib/python3.10/dist-packages/airflow/example_dags/example_sensors.py for tasks to queue
[2023-12-06T18:34:30.668+0000] {logging_mixin.py:154} INFO - [2023-12-06T18:34:30.668+0000] {dagbag.py:536} INFO - Filling up the DagBag from /usr/local/lib/python3.10/dist-packages/airflow/example_dags/example_sensors.py
[2023-12-06T18:34:30.679+0000] {processor.py:839} INFO - DAG(s) dict_keys(['example_sensors']) retrieved from /usr/local/lib/python3.10/dist-packages/airflow/example_dags/example_sensors.py
[2023-12-06T18:34:30.701+0000] {logging_mixin.py:154} INFO - [2023-12-06T18:34:30.701+0000] {dag.py:2941} INFO - Sync 1 DAGs
[2023-12-06T18:34:30.713+0000] {logging_mixin.py:154} INFO - [2023-12-06T18:34:30.713+0000] {dag.py:3722} INFO - Setting next_dagrun for example_sensors to None, run_after=None
[2023-12-06T18:34:30.740+0000] {processor.py:179} INFO - Processing /usr/local/lib/python3.10/dist-packages/airflow/example_dags/example_sensors.py took 0.079 seconds
[2023-12-06T18:35:14.761+0000] {processor.py:157} INFO - Started process (PID=4500) to work on /usr/local/lib/python3.10/dist-packages/airflow/example_dags/example_sensors.py
[2023-12-06T18:35:14.763+0000] {processor.py:829} INFO - Processing file /usr/local/lib/python3.10/dist-packages/airflow/example_dags/example_sensors.py for tasks to queue
[2023-12-06T18:35:14.763+0000] {logging_mixin.py:154} INFO - [2023-12-06T18:35:14.763+0000] {dagbag.py:536} INFO - Filling up the DagBag from /usr/local/lib/python3.10/dist-packages/airflow/example_dags/example_sensors.py
[2023-12-06T18:35:14.774+0000] {processor.py:839} INFO - DAG(s) dict_keys(['example_sensors']) retrieved from /usr/local/lib/python3.10/dist-packages/airflow/example_dags/example_sensors.py
[2023-12-06T18:35:14.796+0000] {logging_mixin.py:154} INFO - [2023-12-06T18:35:14.796+0000] {dag.py:2941} INFO - Sync 1 DAGs
[2023-12-06T18:35:14.808+0000] {logging_mixin.py:154} INFO - [2023-12-06T18:35:14.808+0000] {dag.py:3722} INFO - Setting next_dagrun for example_sensors to None, run_after=None
[2023-12-06T18:35:14.832+0000] {processor.py:179} INFO - Processing /usr/local/lib/python3.10/dist-packages/airflow/example_dags/example_sensors.py took 0.075 seconds
[2023-12-06T18:36:01.409+0000] {processor.py:157} INFO - Started process (PID=4549) to work on /usr/local/lib/python3.10/dist-packages/airflow/example_dags/example_sensors.py
[2023-12-06T18:36:01.410+0000] {processor.py:829} INFO - Processing file /usr/local/lib/python3.10/dist-packages/airflow/example_dags/example_sensors.py for tasks to queue
[2023-12-06T18:36:01.411+0000] {logging_mixin.py:154} INFO - [2023-12-06T18:36:01.411+0000] {dagbag.py:536} INFO - Filling up the DagBag from /usr/local/lib/python3.10/dist-packages/airflow/example_dags/example_sensors.py
[2023-12-06T18:36:01.422+0000] {processor.py:839} INFO - DAG(s) dict_keys(['example_sensors']) retrieved from /usr/local/lib/python3.10/dist-packages/airflow/example_dags/example_sensors.py
[2023-12-06T18:36:01.446+0000] {logging_mixin.py:154} INFO - [2023-12-06T18:36:01.445+0000] {dag.py:2941} INFO - Sync 1 DAGs
[2023-12-06T18:36:01.459+0000] {logging_mixin.py:154} INFO - [2023-12-06T18:36:01.459+0000] {dag.py:3722} INFO - Setting next_dagrun for example_sensors to None, run_after=None
[2023-12-06T18:36:01.485+0000] {processor.py:179} INFO - Processing /usr/local/lib/python3.10/dist-packages/airflow/example_dags/example_sensors.py took 0.080 seconds
[2023-12-06T18:36:48.011+0000] {processor.py:157} INFO - Started process (PID=4597) to work on /usr/local/lib/python3.10/dist-packages/airflow/example_dags/example_sensors.py
[2023-12-06T18:36:48.013+0000] {processor.py:829} INFO - Processing file /usr/local/lib/python3.10/dist-packages/airflow/example_dags/example_sensors.py for tasks to queue
[2023-12-06T18:36:48.014+0000] {logging_mixin.py:154} INFO - [2023-12-06T18:36:48.013+0000] {dagbag.py:536} INFO - Filling up the DagBag from /usr/local/lib/python3.10/dist-packages/airflow/example_dags/example_sensors.py
[2023-12-06T18:36:48.024+0000] {processor.py:839} INFO - DAG(s) dict_keys(['example_sensors']) retrieved from /usr/local/lib/python3.10/dist-packages/airflow/example_dags/example_sensors.py
[2023-12-06T18:36:48.046+0000] {logging_mixin.py:154} INFO - [2023-12-06T18:36:48.046+0000] {dag.py:2941} INFO - Sync 1 DAGs
[2023-12-06T18:36:48.063+0000] {logging_mixin.py:154} INFO - [2023-12-06T18:36:48.063+0000] {dag.py:3722} INFO - Setting next_dagrun for example_sensors to None, run_after=None
[2023-12-06T18:36:48.087+0000] {processor.py:179} INFO - Processing /usr/local/lib/python3.10/dist-packages/airflow/example_dags/example_sensors.py took 0.079 seconds
[2023-12-06T18:37:33.170+0000] {processor.py:157} INFO - Started process (PID=4644) to work on /usr/local/lib/python3.10/dist-packages/airflow/example_dags/example_sensors.py
[2023-12-06T18:37:33.172+0000] {processor.py:829} INFO - Processing file /usr/local/lib/python3.10/dist-packages/airflow/example_dags/example_sensors.py for tasks to queue
[2023-12-06T18:37:33.172+0000] {logging_mixin.py:154} INFO - [2023-12-06T18:37:33.172+0000] {dagbag.py:536} INFO - Filling up the DagBag from /usr/local/lib/python3.10/dist-packages/airflow/example_dags/example_sensors.py
[2023-12-06T18:37:33.183+0000] {processor.py:839} INFO - DAG(s) dict_keys(['example_sensors']) retrieved from /usr/local/lib/python3.10/dist-packages/airflow/example_dags/example_sensors.py
[2023-12-06T18:37:33.206+0000] {logging_mixin.py:154} INFO - [2023-12-06T18:37:33.206+0000] {dag.py:2941} INFO - Sync 1 DAGs
[2023-12-06T18:37:33.218+0000] {logging_mixin.py:154} INFO - [2023-12-06T18:37:33.218+0000] {dag.py:3722} INFO - Setting next_dagrun for example_sensors to None, run_after=None
[2023-12-06T18:37:33.241+0000] {processor.py:179} INFO - Processing /usr/local/lib/python3.10/dist-packages/airflow/example_dags/example_sensors.py took 0.075 seconds
[2023-12-06T18:38:19.557+0000] {processor.py:157} INFO - Started process (PID=4691) to work on /usr/local/lib/python3.10/dist-packages/airflow/example_dags/example_sensors.py
[2023-12-06T18:38:19.559+0000] {processor.py:829} INFO - Processing file /usr/local/lib/python3.10/dist-packages/airflow/example_dags/example_sensors.py for tasks to queue
[2023-12-06T18:38:19.560+0000] {logging_mixin.py:154} INFO - [2023-12-06T18:38:19.559+0000] {dagbag.py:536} INFO - Filling up the DagBag from /usr/local/lib/python3.10/dist-packages/airflow/example_dags/example_sensors.py
[2023-12-06T18:38:19.570+0000] {processor.py:839} INFO - DAG(s) dict_keys(['example_sensors']) retrieved from /usr/local/lib/python3.10/dist-packages/airflow/example_dags/example_sensors.py
[2023-12-06T18:38:19.593+0000] {logging_mixin.py:154} INFO - [2023-12-06T18:38:19.593+0000] {dag.py:2941} INFO - Sync 1 DAGs
[2023-12-06T18:38:19.606+0000] {logging_mixin.py:154} INFO - [2023-12-06T18:38:19.606+0000] {dag.py:3722} INFO - Setting next_dagrun for example_sensors to None, run_after=None
[2023-12-06T18:38:19.631+0000] {processor.py:179} INFO - Processing /usr/local/lib/python3.10/dist-packages/airflow/example_dags/example_sensors.py took 0.077 seconds
[2023-12-06T18:39:08.422+0000] {processor.py:157} INFO - Started process (PID=4740) to work on /usr/local/lib/python3.10/dist-packages/airflow/example_dags/example_sensors.py
[2023-12-06T18:39:08.424+0000] {processor.py:829} INFO - Processing file /usr/local/lib/python3.10/dist-packages/airflow/example_dags/example_sensors.py for tasks to queue
[2023-12-06T18:39:08.425+0000] {logging_mixin.py:154} INFO - [2023-12-06T18:39:08.424+0000] {dagbag.py:536} INFO - Filling up the DagBag from /usr/local/lib/python3.10/dist-packages/airflow/example_dags/example_sensors.py
[2023-12-06T18:39:08.435+0000] {processor.py:839} INFO - DAG(s) dict_keys(['example_sensors']) retrieved from /usr/local/lib/python3.10/dist-packages/airflow/example_dags/example_sensors.py
[2023-12-06T18:39:08.458+0000] {logging_mixin.py:154} INFO - [2023-12-06T18:39:08.458+0000] {dag.py:2941} INFO - Sync 1 DAGs
[2023-12-06T18:39:08.470+0000] {logging_mixin.py:154} INFO - [2023-12-06T18:39:08.470+0000] {dag.py:3722} INFO - Setting next_dagrun for example_sensors to None, run_after=None
[2023-12-06T18:39:08.494+0000] {processor.py:179} INFO - Processing /usr/local/lib/python3.10/dist-packages/airflow/example_dags/example_sensors.py took 0.075 seconds
[2023-12-06T18:39:56.135+0000] {processor.py:157} INFO - Started process (PID=4788) to work on /usr/local/lib/python3.10/dist-packages/airflow/example_dags/example_sensors.py
[2023-12-06T18:39:56.136+0000] {processor.py:829} INFO - Processing file /usr/local/lib/python3.10/dist-packages/airflow/example_dags/example_sensors.py for tasks to queue
[2023-12-06T18:39:56.137+0000] {logging_mixin.py:154} INFO - [2023-12-06T18:39:56.137+0000] {dagbag.py:536} INFO - Filling up the DagBag from /usr/local/lib/python3.10/dist-packages/airflow/example_dags/example_sensors.py
[2023-12-06T18:39:56.147+0000] {processor.py:839} INFO - DAG(s) dict_keys(['example_sensors']) retrieved from /usr/local/lib/python3.10/dist-packages/airflow/example_dags/example_sensors.py
[2023-12-06T18:39:56.170+0000] {logging_mixin.py:154} INFO - [2023-12-06T18:39:56.170+0000] {dag.py:2941} INFO - Sync 1 DAGs
[2023-12-06T18:39:56.182+0000] {logging_mixin.py:154} INFO - [2023-12-06T18:39:56.182+0000] {dag.py:3722} INFO - Setting next_dagrun for example_sensors to None, run_after=None
[2023-12-06T18:39:56.204+0000] {processor.py:179} INFO - Processing /usr/local/lib/python3.10/dist-packages/airflow/example_dags/example_sensors.py took 0.073 seconds
[2023-12-06T18:40:47.123+0000] {processor.py:157} INFO - Started process (PID=4839) to work on /usr/local/lib/python3.10/dist-packages/airflow/example_dags/example_sensors.py
[2023-12-06T18:40:47.124+0000] {processor.py:829} INFO - Processing file /usr/local/lib/python3.10/dist-packages/airflow/example_dags/example_sensors.py for tasks to queue
[2023-12-06T18:40:47.125+0000] {logging_mixin.py:154} INFO - [2023-12-06T18:40:47.125+0000] {dagbag.py:536} INFO - Filling up the DagBag from /usr/local/lib/python3.10/dist-packages/airflow/example_dags/example_sensors.py
[2023-12-06T18:40:47.136+0000] {processor.py:839} INFO - DAG(s) dict_keys(['example_sensors']) retrieved from /usr/local/lib/python3.10/dist-packages/airflow/example_dags/example_sensors.py
[2023-12-06T18:40:47.158+0000] {logging_mixin.py:154} INFO - [2023-12-06T18:40:47.158+0000] {dag.py:2941} INFO - Sync 1 DAGs
[2023-12-06T18:40:47.171+0000] {logging_mixin.py:154} INFO - [2023-12-06T18:40:47.171+0000] {dag.py:3722} INFO - Setting next_dagrun for example_sensors to None, run_after=None
[2023-12-06T18:40:47.194+0000] {processor.py:179} INFO - Processing /usr/local/lib/python3.10/dist-packages/airflow/example_dags/example_sensors.py took 0.075 seconds
[2023-12-06T18:41:37.862+0000] {processor.py:157} INFO - Started process (PID=4889) to work on /usr/local/lib/python3.10/dist-packages/airflow/example_dags/example_sensors.py
[2023-12-06T18:41:37.863+0000] {processor.py:829} INFO - Processing file /usr/local/lib/python3.10/dist-packages/airflow/example_dags/example_sensors.py for tasks to queue
[2023-12-06T18:41:37.864+0000] {logging_mixin.py:154} INFO - [2023-12-06T18:41:37.864+0000] {dagbag.py:536} INFO - Filling up the DagBag from /usr/local/lib/python3.10/dist-packages/airflow/example_dags/example_sensors.py
[2023-12-06T18:41:37.875+0000] {processor.py:839} INFO - DAG(s) dict_keys(['example_sensors']) retrieved from /usr/local/lib/python3.10/dist-packages/airflow/example_dags/example_sensors.py
[2023-12-06T18:41:37.898+0000] {logging_mixin.py:154} INFO - [2023-12-06T18:41:37.897+0000] {dag.py:2941} INFO - Sync 1 DAGs
[2023-12-06T18:41:37.910+0000] {logging_mixin.py:154} INFO - [2023-12-06T18:41:37.910+0000] {dag.py:3722} INFO - Setting next_dagrun for example_sensors to None, run_after=None
[2023-12-06T18:41:37.932+0000] {processor.py:179} INFO - Processing /usr/local/lib/python3.10/dist-packages/airflow/example_dags/example_sensors.py took 0.074 seconds
[2023-12-06T18:42:21.873+0000] {processor.py:157} INFO - Started process (PID=4935) to work on /usr/local/lib/python3.10/dist-packages/airflow/example_dags/example_sensors.py
[2023-12-06T18:42:21.874+0000] {processor.py:829} INFO - Processing file /usr/local/lib/python3.10/dist-packages/airflow/example_dags/example_sensors.py for tasks to queue
[2023-12-06T18:42:21.875+0000] {logging_mixin.py:154} INFO - [2023-12-06T18:42:21.875+0000] {dagbag.py:536} INFO - Filling up the DagBag from /usr/local/lib/python3.10/dist-packages/airflow/example_dags/example_sensors.py
[2023-12-06T18:42:21.886+0000] {processor.py:839} INFO - DAG(s) dict_keys(['example_sensors']) retrieved from /usr/local/lib/python3.10/dist-packages/airflow/example_dags/example_sensors.py
[2023-12-06T18:42:21.908+0000] {logging_mixin.py:154} INFO - [2023-12-06T18:42:21.908+0000] {dag.py:2941} INFO - Sync 1 DAGs
[2023-12-06T18:42:21.921+0000] {logging_mixin.py:154} INFO - [2023-12-06T18:42:21.921+0000] {dag.py:3722} INFO - Setting next_dagrun for example_sensors to None, run_after=None
[2023-12-06T18:42:21.944+0000] {processor.py:179} INFO - Processing /usr/local/lib/python3.10/dist-packages/airflow/example_dags/example_sensors.py took 0.075 seconds
[2023-12-06T18:43:13.329+0000] {processor.py:157} INFO - Started process (PID=4986) to work on /usr/local/lib/python3.10/dist-packages/airflow/example_dags/example_sensors.py
[2023-12-06T18:43:13.330+0000] {processor.py:829} INFO - Processing file /usr/local/lib/python3.10/dist-packages/airflow/example_dags/example_sensors.py for tasks to queue
[2023-12-06T18:43:13.331+0000] {logging_mixin.py:154} INFO - [2023-12-06T18:43:13.331+0000] {dagbag.py:536} INFO - Filling up the DagBag from /usr/local/lib/python3.10/dist-packages/airflow/example_dags/example_sensors.py
[2023-12-06T18:43:13.343+0000] {processor.py:839} INFO - DAG(s) dict_keys(['example_sensors']) retrieved from /usr/local/lib/python3.10/dist-packages/airflow/example_dags/example_sensors.py
[2023-12-06T18:43:13.366+0000] {logging_mixin.py:154} INFO - [2023-12-06T18:43:13.366+0000] {dag.py:2941} INFO - Sync 1 DAGs
[2023-12-06T18:43:13.379+0000] {logging_mixin.py:154} INFO - [2023-12-06T18:43:13.378+0000] {dag.py:3722} INFO - Setting next_dagrun for example_sensors to None, run_after=None
[2023-12-06T18:43:13.404+0000] {processor.py:179} INFO - Processing /usr/local/lib/python3.10/dist-packages/airflow/example_dags/example_sensors.py took 0.079 seconds
[2023-12-06T18:44:05.064+0000] {processor.py:157} INFO - Started process (PID=5037) to work on /usr/local/lib/python3.10/dist-packages/airflow/example_dags/example_sensors.py
[2023-12-06T18:44:05.066+0000] {processor.py:829} INFO - Processing file /usr/local/lib/python3.10/dist-packages/airflow/example_dags/example_sensors.py for tasks to queue
[2023-12-06T18:44:05.067+0000] {logging_mixin.py:154} INFO - [2023-12-06T18:44:05.067+0000] {dagbag.py:536} INFO - Filling up the DagBag from /usr/local/lib/python3.10/dist-packages/airflow/example_dags/example_sensors.py
[2023-12-06T18:44:05.078+0000] {processor.py:839} INFO - DAG(s) dict_keys(['example_sensors']) retrieved from /usr/local/lib/python3.10/dist-packages/airflow/example_dags/example_sensors.py
[2023-12-06T18:44:05.100+0000] {logging_mixin.py:154} INFO - [2023-12-06T18:44:05.100+0000] {dag.py:2941} INFO - Sync 1 DAGs
[2023-12-06T18:44:05.113+0000] {logging_mixin.py:154} INFO - [2023-12-06T18:44:05.113+0000] {dag.py:3722} INFO - Setting next_dagrun for example_sensors to None, run_after=None
[2023-12-06T18:44:05.136+0000] {processor.py:179} INFO - Processing /usr/local/lib/python3.10/dist-packages/airflow/example_dags/example_sensors.py took 0.075 seconds
[2023-12-06T18:44:53.223+0000] {processor.py:157} INFO - Started process (PID=5087) to work on /usr/local/lib/python3.10/dist-packages/airflow/example_dags/example_sensors.py
[2023-12-06T18:44:53.224+0000] {processor.py:829} INFO - Processing file /usr/local/lib/python3.10/dist-packages/airflow/example_dags/example_sensors.py for tasks to queue
[2023-12-06T18:44:53.225+0000] {logging_mixin.py:154} INFO - [2023-12-06T18:44:53.225+0000] {dagbag.py:536} INFO - Filling up the DagBag from /usr/local/lib/python3.10/dist-packages/airflow/example_dags/example_sensors.py
[2023-12-06T18:44:53.235+0000] {processor.py:839} INFO - DAG(s) dict_keys(['example_sensors']) retrieved from /usr/local/lib/python3.10/dist-packages/airflow/example_dags/example_sensors.py
[2023-12-06T18:44:53.258+0000] {logging_mixin.py:154} INFO - [2023-12-06T18:44:53.257+0000] {dag.py:2941} INFO - Sync 1 DAGs
[2023-12-06T18:44:53.270+0000] {logging_mixin.py:154} INFO - [2023-12-06T18:44:53.269+0000] {dag.py:3722} INFO - Setting next_dagrun for example_sensors to None, run_after=None
[2023-12-06T18:44:53.293+0000] {processor.py:179} INFO - Processing /usr/local/lib/python3.10/dist-packages/airflow/example_dags/example_sensors.py took 0.073 seconds
[2023-12-06T18:45:39.460+0000] {processor.py:157} INFO - Started process (PID=5135) to work on /usr/local/lib/python3.10/dist-packages/airflow/example_dags/example_sensors.py
[2023-12-06T18:45:39.461+0000] {processor.py:829} INFO - Processing file /usr/local/lib/python3.10/dist-packages/airflow/example_dags/example_sensors.py for tasks to queue
[2023-12-06T18:45:39.462+0000] {logging_mixin.py:154} INFO - [2023-12-06T18:45:39.462+0000] {dagbag.py:536} INFO - Filling up the DagBag from /usr/local/lib/python3.10/dist-packages/airflow/example_dags/example_sensors.py
[2023-12-06T18:45:39.473+0000] {processor.py:839} INFO - DAG(s) dict_keys(['example_sensors']) retrieved from /usr/local/lib/python3.10/dist-packages/airflow/example_dags/example_sensors.py
[2023-12-06T18:45:39.495+0000] {logging_mixin.py:154} INFO - [2023-12-06T18:45:39.495+0000] {dag.py:2941} INFO - Sync 1 DAGs
[2023-12-06T18:45:39.507+0000] {logging_mixin.py:154} INFO - [2023-12-06T18:45:39.507+0000] {dag.py:3722} INFO - Setting next_dagrun for example_sensors to None, run_after=None
[2023-12-06T18:45:39.529+0000] {processor.py:179} INFO - Processing /usr/local/lib/python3.10/dist-packages/airflow/example_dags/example_sensors.py took 0.073 seconds
[2023-12-06T18:46:22.845+0000] {processor.py:157} INFO - Started process (PID=5181) to work on /usr/local/lib/python3.10/dist-packages/airflow/example_dags/example_sensors.py
[2023-12-06T18:46:22.846+0000] {processor.py:829} INFO - Processing file /usr/local/lib/python3.10/dist-packages/airflow/example_dags/example_sensors.py for tasks to queue
[2023-12-06T18:46:22.847+0000] {logging_mixin.py:154} INFO - [2023-12-06T18:46:22.847+0000] {dagbag.py:536} INFO - Filling up the DagBag from /usr/local/lib/python3.10/dist-packages/airflow/example_dags/example_sensors.py
[2023-12-06T18:46:22.857+0000] {processor.py:839} INFO - DAG(s) dict_keys(['example_sensors']) retrieved from /usr/local/lib/python3.10/dist-packages/airflow/example_dags/example_sensors.py
[2023-12-06T18:46:22.879+0000] {logging_mixin.py:154} INFO - [2023-12-06T18:46:22.879+0000] {dag.py:2941} INFO - Sync 1 DAGs
[2023-12-06T18:46:22.891+0000] {logging_mixin.py:154} INFO - [2023-12-06T18:46:22.891+0000] {dag.py:3722} INFO - Setting next_dagrun for example_sensors to None, run_after=None
[2023-12-06T18:46:22.916+0000] {processor.py:179} INFO - Processing /usr/local/lib/python3.10/dist-packages/airflow/example_dags/example_sensors.py took 0.075 seconds
[2023-12-06T18:47:07.526+0000] {processor.py:157} INFO - Started process (PID=5228) to work on /usr/local/lib/python3.10/dist-packages/airflow/example_dags/example_sensors.py
[2023-12-06T18:47:07.528+0000] {processor.py:829} INFO - Processing file /usr/local/lib/python3.10/dist-packages/airflow/example_dags/example_sensors.py for tasks to queue
[2023-12-06T18:47:07.528+0000] {logging_mixin.py:154} INFO - [2023-12-06T18:47:07.528+0000] {dagbag.py:536} INFO - Filling up the DagBag from /usr/local/lib/python3.10/dist-packages/airflow/example_dags/example_sensors.py
[2023-12-06T18:47:07.539+0000] {processor.py:839} INFO - DAG(s) dict_keys(['example_sensors']) retrieved from /usr/local/lib/python3.10/dist-packages/airflow/example_dags/example_sensors.py
[2023-12-06T18:47:07.561+0000] {logging_mixin.py:154} INFO - [2023-12-06T18:47:07.561+0000] {dag.py:2941} INFO - Sync 1 DAGs
[2023-12-06T18:47:07.574+0000] {logging_mixin.py:154} INFO - [2023-12-06T18:47:07.573+0000] {dag.py:3722} INFO - Setting next_dagrun for example_sensors to None, run_after=None
[2023-12-06T18:47:07.600+0000] {processor.py:179} INFO - Processing /usr/local/lib/python3.10/dist-packages/airflow/example_dags/example_sensors.py took 0.078 seconds
[2023-12-06T18:47:58.133+0000] {processor.py:157} INFO - Started process (PID=5280) to work on /usr/local/lib/python3.10/dist-packages/airflow/example_dags/example_sensors.py
[2023-12-06T18:47:58.134+0000] {processor.py:829} INFO - Processing file /usr/local/lib/python3.10/dist-packages/airflow/example_dags/example_sensors.py for tasks to queue
[2023-12-06T18:47:58.135+0000] {logging_mixin.py:154} INFO - [2023-12-06T18:47:58.135+0000] {dagbag.py:536} INFO - Filling up the DagBag from /usr/local/lib/python3.10/dist-packages/airflow/example_dags/example_sensors.py
[2023-12-06T18:47:58.146+0000] {processor.py:839} INFO - DAG(s) dict_keys(['example_sensors']) retrieved from /usr/local/lib/python3.10/dist-packages/airflow/example_dags/example_sensors.py
[2023-12-06T18:47:58.169+0000] {logging_mixin.py:154} INFO - [2023-12-06T18:47:58.169+0000] {dag.py:2941} INFO - Sync 1 DAGs
[2023-12-06T18:47:58.182+0000] {logging_mixin.py:154} INFO - [2023-12-06T18:47:58.182+0000] {dag.py:3722} INFO - Setting next_dagrun for example_sensors to None, run_after=None
[2023-12-06T18:47:58.209+0000] {processor.py:179} INFO - Processing /usr/local/lib/python3.10/dist-packages/airflow/example_dags/example_sensors.py took 0.080 seconds
[2023-12-06T18:48:48.558+0000] {processor.py:157} INFO - Started process (PID=5330) to work on /usr/local/lib/python3.10/dist-packages/airflow/example_dags/example_sensors.py
[2023-12-06T18:48:48.560+0000] {processor.py:829} INFO - Processing file /usr/local/lib/python3.10/dist-packages/airflow/example_dags/example_sensors.py for tasks to queue
[2023-12-06T18:48:48.560+0000] {logging_mixin.py:154} INFO - [2023-12-06T18:48:48.560+0000] {dagbag.py:536} INFO - Filling up the DagBag from /usr/local/lib/python3.10/dist-packages/airflow/example_dags/example_sensors.py
[2023-12-06T18:48:48.583+0000] {processor.py:839} INFO - DAG(s) dict_keys(['example_sensors']) retrieved from /usr/local/lib/python3.10/dist-packages/airflow/example_dags/example_sensors.py
[2023-12-06T18:48:48.615+0000] {logging_mixin.py:154} INFO - [2023-12-06T18:48:48.615+0000] {dag.py:2941} INFO - Sync 1 DAGs
[2023-12-06T18:48:48.627+0000] {logging_mixin.py:154} INFO - [2023-12-06T18:48:48.627+0000] {dag.py:3722} INFO - Setting next_dagrun for example_sensors to None, run_after=None
[2023-12-06T18:48:48.654+0000] {processor.py:179} INFO - Processing /usr/local/lib/python3.10/dist-packages/airflow/example_dags/example_sensors.py took 0.099 seconds
[2023-12-06T18:49:34.822+0000] {processor.py:157} INFO - Started process (PID=5377) to work on /usr/local/lib/python3.10/dist-packages/airflow/example_dags/example_sensors.py
[2023-12-06T18:49:34.823+0000] {processor.py:829} INFO - Processing file /usr/local/lib/python3.10/dist-packages/airflow/example_dags/example_sensors.py for tasks to queue
[2023-12-06T18:49:34.824+0000] {logging_mixin.py:154} INFO - [2023-12-06T18:49:34.824+0000] {dagbag.py:536} INFO - Filling up the DagBag from /usr/local/lib/python3.10/dist-packages/airflow/example_dags/example_sensors.py
[2023-12-06T18:49:34.834+0000] {processor.py:839} INFO - DAG(s) dict_keys(['example_sensors']) retrieved from /usr/local/lib/python3.10/dist-packages/airflow/example_dags/example_sensors.py
[2023-12-06T18:49:34.857+0000] {logging_mixin.py:154} INFO - [2023-12-06T18:49:34.856+0000] {dag.py:2941} INFO - Sync 1 DAGs
[2023-12-06T18:49:34.869+0000] {logging_mixin.py:154} INFO - [2023-12-06T18:49:34.869+0000] {dag.py:3722} INFO - Setting next_dagrun for example_sensors to None, run_after=None
[2023-12-06T18:49:34.893+0000] {processor.py:179} INFO - Processing /usr/local/lib/python3.10/dist-packages/airflow/example_dags/example_sensors.py took 0.074 seconds
[2023-12-06T18:50:15.150+0000] {processor.py:157} INFO - Started process (PID=5421) to work on /usr/local/lib/python3.10/dist-packages/airflow/example_dags/example_sensors.py
[2023-12-06T18:50:15.151+0000] {processor.py:829} INFO - Processing file /usr/local/lib/python3.10/dist-packages/airflow/example_dags/example_sensors.py for tasks to queue
[2023-12-06T18:50:15.152+0000] {logging_mixin.py:154} INFO - [2023-12-06T18:50:15.152+0000] {dagbag.py:536} INFO - Filling up the DagBag from /usr/local/lib/python3.10/dist-packages/airflow/example_dags/example_sensors.py
[2023-12-06T18:50:15.163+0000] {processor.py:839} INFO - DAG(s) dict_keys(['example_sensors']) retrieved from /usr/local/lib/python3.10/dist-packages/airflow/example_dags/example_sensors.py
[2023-12-06T18:50:15.186+0000] {logging_mixin.py:154} INFO - [2023-12-06T18:50:15.185+0000] {dag.py:2941} INFO - Sync 1 DAGs
[2023-12-06T18:50:15.198+0000] {logging_mixin.py:154} INFO - [2023-12-06T18:50:15.198+0000] {dag.py:3722} INFO - Setting next_dagrun for example_sensors to None, run_after=None
[2023-12-06T18:50:15.283+0000] {processor.py:179} INFO - Processing /usr/local/lib/python3.10/dist-packages/airflow/example_dags/example_sensors.py took 0.137 seconds
[2023-12-06T18:50:59.312+0000] {processor.py:157} INFO - Started process (PID=5470) to work on /usr/local/lib/python3.10/dist-packages/airflow/example_dags/example_sensors.py
[2023-12-06T18:50:59.314+0000] {processor.py:829} INFO - Processing file /usr/local/lib/python3.10/dist-packages/airflow/example_dags/example_sensors.py for tasks to queue
[2023-12-06T18:50:59.314+0000] {logging_mixin.py:154} INFO - [2023-12-06T18:50:59.314+0000] {dagbag.py:536} INFO - Filling up the DagBag from /usr/local/lib/python3.10/dist-packages/airflow/example_dags/example_sensors.py
[2023-12-06T18:50:59.325+0000] {processor.py:839} INFO - DAG(s) dict_keys(['example_sensors']) retrieved from /usr/local/lib/python3.10/dist-packages/airflow/example_dags/example_sensors.py
[2023-12-06T18:50:59.348+0000] {logging_mixin.py:154} INFO - [2023-12-06T18:50:59.347+0000] {dag.py:2941} INFO - Sync 1 DAGs
[2023-12-06T18:50:59.360+0000] {logging_mixin.py:154} INFO - [2023-12-06T18:50:59.360+0000] {dag.py:3722} INFO - Setting next_dagrun for example_sensors to None, run_after=None
[2023-12-06T18:50:59.386+0000] {processor.py:179} INFO - Processing /usr/local/lib/python3.10/dist-packages/airflow/example_dags/example_sensors.py took 0.077 seconds
[2023-12-06T18:51:42.116+0000] {processor.py:157} INFO - Started process (PID=5515) to work on /usr/local/lib/python3.10/dist-packages/airflow/example_dags/example_sensors.py
[2023-12-06T18:51:42.117+0000] {processor.py:829} INFO - Processing file /usr/local/lib/python3.10/dist-packages/airflow/example_dags/example_sensors.py for tasks to queue
[2023-12-06T18:51:42.118+0000] {logging_mixin.py:154} INFO - [2023-12-06T18:51:42.117+0000] {dagbag.py:536} INFO - Filling up the DagBag from /usr/local/lib/python3.10/dist-packages/airflow/example_dags/example_sensors.py
[2023-12-06T18:51:42.128+0000] {processor.py:839} INFO - DAG(s) dict_keys(['example_sensors']) retrieved from /usr/local/lib/python3.10/dist-packages/airflow/example_dags/example_sensors.py
[2023-12-06T18:51:42.151+0000] {logging_mixin.py:154} INFO - [2023-12-06T18:51:42.151+0000] {dag.py:2941} INFO - Sync 1 DAGs
[2023-12-06T18:51:42.164+0000] {logging_mixin.py:154} INFO - [2023-12-06T18:51:42.164+0000] {dag.py:3722} INFO - Setting next_dagrun for example_sensors to None, run_after=None
[2023-12-06T18:51:42.187+0000] {processor.py:179} INFO - Processing /usr/local/lib/python3.10/dist-packages/airflow/example_dags/example_sensors.py took 0.075 seconds
[2023-12-06T18:52:28.095+0000] {processor.py:157} INFO - Started process (PID=5562) to work on /usr/local/lib/python3.10/dist-packages/airflow/example_dags/example_sensors.py
[2023-12-06T18:52:28.096+0000] {processor.py:829} INFO - Processing file /usr/local/lib/python3.10/dist-packages/airflow/example_dags/example_sensors.py for tasks to queue
[2023-12-06T18:52:28.097+0000] {logging_mixin.py:154} INFO - [2023-12-06T18:52:28.096+0000] {dagbag.py:536} INFO - Filling up the DagBag from /usr/local/lib/python3.10/dist-packages/airflow/example_dags/example_sensors.py
[2023-12-06T18:52:28.107+0000] {processor.py:839} INFO - DAG(s) dict_keys(['example_sensors']) retrieved from /usr/local/lib/python3.10/dist-packages/airflow/example_dags/example_sensors.py
[2023-12-06T18:52:28.130+0000] {logging_mixin.py:154} INFO - [2023-12-06T18:52:28.130+0000] {dag.py:2941} INFO - Sync 1 DAGs
[2023-12-06T18:52:28.142+0000] {logging_mixin.py:154} INFO - [2023-12-06T18:52:28.142+0000] {dag.py:3722} INFO - Setting next_dagrun for example_sensors to None, run_after=None
[2023-12-06T18:52:28.165+0000] {processor.py:179} INFO - Processing /usr/local/lib/python3.10/dist-packages/airflow/example_dags/example_sensors.py took 0.074 seconds
[2023-12-06T18:53:14.917+0000] {processor.py:157} INFO - Started process (PID=5610) to work on /usr/local/lib/python3.10/dist-packages/airflow/example_dags/example_sensors.py
[2023-12-06T18:53:14.919+0000] {processor.py:829} INFO - Processing file /usr/local/lib/python3.10/dist-packages/airflow/example_dags/example_sensors.py for tasks to queue
[2023-12-06T18:53:14.920+0000] {logging_mixin.py:154} INFO - [2023-12-06T18:53:14.919+0000] {dagbag.py:536} INFO - Filling up the DagBag from /usr/local/lib/python3.10/dist-packages/airflow/example_dags/example_sensors.py
[2023-12-06T18:53:14.930+0000] {processor.py:839} INFO - DAG(s) dict_keys(['example_sensors']) retrieved from /usr/local/lib/python3.10/dist-packages/airflow/example_dags/example_sensors.py
[2023-12-06T18:53:14.953+0000] {logging_mixin.py:154} INFO - [2023-12-06T18:53:14.952+0000] {dag.py:2941} INFO - Sync 1 DAGs
[2023-12-06T18:53:14.965+0000] {logging_mixin.py:154} INFO - [2023-12-06T18:53:14.965+0000] {dag.py:3722} INFO - Setting next_dagrun for example_sensors to None, run_after=None
[2023-12-06T18:53:15.006+0000] {processor.py:179} INFO - Processing /usr/local/lib/python3.10/dist-packages/airflow/example_dags/example_sensors.py took 0.092 seconds
[2023-12-06T18:53:58.405+0000] {processor.py:157} INFO - Started process (PID=5656) to work on /usr/local/lib/python3.10/dist-packages/airflow/example_dags/example_sensors.py
[2023-12-06T18:53:58.407+0000] {processor.py:829} INFO - Processing file /usr/local/lib/python3.10/dist-packages/airflow/example_dags/example_sensors.py for tasks to queue
[2023-12-06T18:53:58.408+0000] {logging_mixin.py:154} INFO - [2023-12-06T18:53:58.407+0000] {dagbag.py:536} INFO - Filling up the DagBag from /usr/local/lib/python3.10/dist-packages/airflow/example_dags/example_sensors.py
[2023-12-06T18:53:58.418+0000] {processor.py:839} INFO - DAG(s) dict_keys(['example_sensors']) retrieved from /usr/local/lib/python3.10/dist-packages/airflow/example_dags/example_sensors.py
[2023-12-06T18:53:58.441+0000] {logging_mixin.py:154} INFO - [2023-12-06T18:53:58.441+0000] {dag.py:2941} INFO - Sync 1 DAGs
[2023-12-06T18:53:58.454+0000] {logging_mixin.py:154} INFO - [2023-12-06T18:53:58.453+0000] {dag.py:3722} INFO - Setting next_dagrun for example_sensors to None, run_after=None
[2023-12-06T18:53:58.477+0000] {processor.py:179} INFO - Processing /usr/local/lib/python3.10/dist-packages/airflow/example_dags/example_sensors.py took 0.075 seconds
[2023-12-06T18:54:42.243+0000] {processor.py:157} INFO - Started process (PID=5700) to work on /usr/local/lib/python3.10/dist-packages/airflow/example_dags/example_sensors.py
[2023-12-06T18:54:42.245+0000] {processor.py:829} INFO - Processing file /usr/local/lib/python3.10/dist-packages/airflow/example_dags/example_sensors.py for tasks to queue
[2023-12-06T18:54:42.245+0000] {logging_mixin.py:154} INFO - [2023-12-06T18:54:42.245+0000] {dagbag.py:536} INFO - Filling up the DagBag from /usr/local/lib/python3.10/dist-packages/airflow/example_dags/example_sensors.py
[2023-12-06T18:54:42.256+0000] {processor.py:839} INFO - DAG(s) dict_keys(['example_sensors']) retrieved from /usr/local/lib/python3.10/dist-packages/airflow/example_dags/example_sensors.py
[2023-12-06T18:54:42.280+0000] {logging_mixin.py:154} INFO - [2023-12-06T18:54:42.279+0000] {dag.py:2941} INFO - Sync 1 DAGs
[2023-12-06T18:54:42.292+0000] {logging_mixin.py:154} INFO - [2023-12-06T18:54:42.292+0000] {dag.py:3722} INFO - Setting next_dagrun for example_sensors to None, run_after=None
[2023-12-06T18:54:42.317+0000] {processor.py:179} INFO - Processing /usr/local/lib/python3.10/dist-packages/airflow/example_dags/example_sensors.py took 0.078 seconds
[2023-12-06T18:55:25.916+0000] {processor.py:157} INFO - Started process (PID=5746) to work on /usr/local/lib/python3.10/dist-packages/airflow/example_dags/example_sensors.py
[2023-12-06T18:55:25.917+0000] {processor.py:829} INFO - Processing file /usr/local/lib/python3.10/dist-packages/airflow/example_dags/example_sensors.py for tasks to queue
[2023-12-06T18:55:25.918+0000] {logging_mixin.py:154} INFO - [2023-12-06T18:55:25.918+0000] {dagbag.py:536} INFO - Filling up the DagBag from /usr/local/lib/python3.10/dist-packages/airflow/example_dags/example_sensors.py
[2023-12-06T18:55:25.928+0000] {processor.py:839} INFO - DAG(s) dict_keys(['example_sensors']) retrieved from /usr/local/lib/python3.10/dist-packages/airflow/example_dags/example_sensors.py
[2023-12-06T18:55:25.951+0000] {logging_mixin.py:154} INFO - [2023-12-06T18:55:25.950+0000] {dag.py:2941} INFO - Sync 1 DAGs
[2023-12-06T18:55:25.963+0000] {logging_mixin.py:154} INFO - [2023-12-06T18:55:25.962+0000] {dag.py:3722} INFO - Setting next_dagrun for example_sensors to None, run_after=None
[2023-12-06T18:55:25.984+0000] {processor.py:179} INFO - Processing /usr/local/lib/python3.10/dist-packages/airflow/example_dags/example_sensors.py took 0.072 seconds
[2023-12-06T18:56:11.413+0000] {processor.py:157} INFO - Started process (PID=5794) to work on /usr/local/lib/python3.10/dist-packages/airflow/example_dags/example_sensors.py
[2023-12-06T18:56:11.414+0000] {processor.py:829} INFO - Processing file /usr/local/lib/python3.10/dist-packages/airflow/example_dags/example_sensors.py for tasks to queue
[2023-12-06T18:56:11.415+0000] {logging_mixin.py:154} INFO - [2023-12-06T18:56:11.415+0000] {dagbag.py:536} INFO - Filling up the DagBag from /usr/local/lib/python3.10/dist-packages/airflow/example_dags/example_sensors.py
[2023-12-06T18:56:11.425+0000] {processor.py:839} INFO - DAG(s) dict_keys(['example_sensors']) retrieved from /usr/local/lib/python3.10/dist-packages/airflow/example_dags/example_sensors.py
[2023-12-06T18:56:11.448+0000] {logging_mixin.py:154} INFO - [2023-12-06T18:56:11.448+0000] {dag.py:2941} INFO - Sync 1 DAGs
[2023-12-06T18:56:11.460+0000] {logging_mixin.py:154} INFO - [2023-12-06T18:56:11.460+0000] {dag.py:3722} INFO - Setting next_dagrun for example_sensors to None, run_after=None
[2023-12-06T18:56:11.483+0000] {processor.py:179} INFO - Processing /usr/local/lib/python3.10/dist-packages/airflow/example_dags/example_sensors.py took 0.074 seconds
[2023-12-06T18:56:58.945+0000] {processor.py:157} INFO - Started process (PID=5842) to work on /usr/local/lib/python3.10/dist-packages/airflow/example_dags/example_sensors.py
[2023-12-06T18:56:58.947+0000] {processor.py:829} INFO - Processing file /usr/local/lib/python3.10/dist-packages/airflow/example_dags/example_sensors.py for tasks to queue
[2023-12-06T18:56:58.947+0000] {logging_mixin.py:154} INFO - [2023-12-06T18:56:58.947+0000] {dagbag.py:536} INFO - Filling up the DagBag from /usr/local/lib/python3.10/dist-packages/airflow/example_dags/example_sensors.py
[2023-12-06T18:56:58.958+0000] {processor.py:839} INFO - DAG(s) dict_keys(['example_sensors']) retrieved from /usr/local/lib/python3.10/dist-packages/airflow/example_dags/example_sensors.py
[2023-12-06T18:56:58.981+0000] {logging_mixin.py:154} INFO - [2023-12-06T18:56:58.981+0000] {dag.py:2941} INFO - Sync 1 DAGs
[2023-12-06T18:56:58.993+0000] {logging_mixin.py:154} INFO - [2023-12-06T18:56:58.993+0000] {dag.py:3722} INFO - Setting next_dagrun for example_sensors to None, run_after=None
[2023-12-06T18:56:59.016+0000] {processor.py:179} INFO - Processing /usr/local/lib/python3.10/dist-packages/airflow/example_dags/example_sensors.py took 0.074 seconds
[2023-12-06T18:57:47.889+0000] {processor.py:157} INFO - Started process (PID=5893) to work on /usr/local/lib/python3.10/dist-packages/airflow/example_dags/example_sensors.py
[2023-12-06T18:57:47.890+0000] {processor.py:829} INFO - Processing file /usr/local/lib/python3.10/dist-packages/airflow/example_dags/example_sensors.py for tasks to queue
[2023-12-06T18:57:47.891+0000] {logging_mixin.py:154} INFO - [2023-12-06T18:57:47.891+0000] {dagbag.py:536} INFO - Filling up the DagBag from /usr/local/lib/python3.10/dist-packages/airflow/example_dags/example_sensors.py
[2023-12-06T18:57:47.902+0000] {processor.py:839} INFO - DAG(s) dict_keys(['example_sensors']) retrieved from /usr/local/lib/python3.10/dist-packages/airflow/example_dags/example_sensors.py
[2023-12-06T18:57:47.924+0000] {logging_mixin.py:154} INFO - [2023-12-06T18:57:47.924+0000] {dag.py:2941} INFO - Sync 1 DAGs
[2023-12-06T18:57:47.936+0000] {logging_mixin.py:154} INFO - [2023-12-06T18:57:47.936+0000] {dag.py:3722} INFO - Setting next_dagrun for example_sensors to None, run_after=None
[2023-12-06T18:57:47.957+0000] {processor.py:179} INFO - Processing /usr/local/lib/python3.10/dist-packages/airflow/example_dags/example_sensors.py took 0.072 seconds
[2023-12-06T18:58:30.913+0000] {processor.py:157} INFO - Started process (PID=5939) to work on /usr/local/lib/python3.10/dist-packages/airflow/example_dags/example_sensors.py
[2023-12-06T18:58:30.915+0000] {processor.py:829} INFO - Processing file /usr/local/lib/python3.10/dist-packages/airflow/example_dags/example_sensors.py for tasks to queue
[2023-12-06T18:58:30.915+0000] {logging_mixin.py:154} INFO - [2023-12-06T18:58:30.915+0000] {dagbag.py:536} INFO - Filling up the DagBag from /usr/local/lib/python3.10/dist-packages/airflow/example_dags/example_sensors.py
[2023-12-06T18:58:30.926+0000] {processor.py:839} INFO - DAG(s) dict_keys(['example_sensors']) retrieved from /usr/local/lib/python3.10/dist-packages/airflow/example_dags/example_sensors.py
[2023-12-06T18:58:30.948+0000] {logging_mixin.py:154} INFO - [2023-12-06T18:58:30.948+0000] {dag.py:2941} INFO - Sync 1 DAGs
[2023-12-06T18:58:30.961+0000] {logging_mixin.py:154} INFO - [2023-12-06T18:58:30.960+0000] {dag.py:3722} INFO - Setting next_dagrun for example_sensors to None, run_after=None
[2023-12-06T18:58:30.985+0000] {processor.py:179} INFO - Processing /usr/local/lib/python3.10/dist-packages/airflow/example_dags/example_sensors.py took 0.075 seconds
[2023-12-06T18:59:17.309+0000] {processor.py:157} INFO - Started process (PID=5986) to work on /usr/local/lib/python3.10/dist-packages/airflow/example_dags/example_sensors.py
[2023-12-06T18:59:17.311+0000] {processor.py:829} INFO - Processing file /usr/local/lib/python3.10/dist-packages/airflow/example_dags/example_sensors.py for tasks to queue
[2023-12-06T18:59:17.311+0000] {logging_mixin.py:154} INFO - [2023-12-06T18:59:17.311+0000] {dagbag.py:536} INFO - Filling up the DagBag from /usr/local/lib/python3.10/dist-packages/airflow/example_dags/example_sensors.py
[2023-12-06T18:59:17.322+0000] {processor.py:839} INFO - DAG(s) dict_keys(['example_sensors']) retrieved from /usr/local/lib/python3.10/dist-packages/airflow/example_dags/example_sensors.py
[2023-12-06T18:59:17.345+0000] {logging_mixin.py:154} INFO - [2023-12-06T18:59:17.345+0000] {dag.py:2941} INFO - Sync 1 DAGs
[2023-12-06T18:59:17.358+0000] {logging_mixin.py:154} INFO - [2023-12-06T18:59:17.357+0000] {dag.py:3722} INFO - Setting next_dagrun for example_sensors to None, run_after=None
[2023-12-06T18:59:17.381+0000] {processor.py:179} INFO - Processing /usr/local/lib/python3.10/dist-packages/airflow/example_dags/example_sensors.py took 0.075 seconds
[2023-12-06T19:00:02.017+0000] {processor.py:157} INFO - Started process (PID=6099) to work on /usr/local/lib/python3.10/dist-packages/airflow/example_dags/example_sensors.py
[2023-12-06T19:00:02.018+0000] {processor.py:829} INFO - Processing file /usr/local/lib/python3.10/dist-packages/airflow/example_dags/example_sensors.py for tasks to queue
[2023-12-06T19:00:02.019+0000] {logging_mixin.py:154} INFO - [2023-12-06T19:00:02.019+0000] {dagbag.py:536} INFO - Filling up the DagBag from /usr/local/lib/python3.10/dist-packages/airflow/example_dags/example_sensors.py
[2023-12-06T19:00:02.050+0000] {processor.py:839} INFO - DAG(s) dict_keys(['example_sensors']) retrieved from /usr/local/lib/python3.10/dist-packages/airflow/example_dags/example_sensors.py
[2023-12-06T19:00:02.093+0000] {logging_mixin.py:154} INFO - [2023-12-06T19:00:02.093+0000] {dag.py:2941} INFO - Sync 1 DAGs
[2023-12-06T19:00:02.154+0000] {logging_mixin.py:154} INFO - [2023-12-06T19:00:02.153+0000] {dag.py:3722} INFO - Setting next_dagrun for example_sensors to None, run_after=None
[2023-12-06T19:00:02.226+0000] {processor.py:179} INFO - Processing /usr/local/lib/python3.10/dist-packages/airflow/example_dags/example_sensors.py took 0.220 seconds
[2023-12-06T19:00:54.772+0000] {processor.py:157} INFO - Started process (PID=6389) to work on /usr/local/lib/python3.10/dist-packages/airflow/example_dags/example_sensors.py
[2023-12-06T19:00:54.774+0000] {processor.py:829} INFO - Processing file /usr/local/lib/python3.10/dist-packages/airflow/example_dags/example_sensors.py for tasks to queue
[2023-12-06T19:00:54.775+0000] {logging_mixin.py:154} INFO - [2023-12-06T19:00:54.774+0000] {dagbag.py:536} INFO - Filling up the DagBag from /usr/local/lib/python3.10/dist-packages/airflow/example_dags/example_sensors.py
[2023-12-06T19:00:54.785+0000] {processor.py:839} INFO - DAG(s) dict_keys(['example_sensors']) retrieved from /usr/local/lib/python3.10/dist-packages/airflow/example_dags/example_sensors.py
[2023-12-06T19:00:54.807+0000] {logging_mixin.py:154} INFO - [2023-12-06T19:00:54.807+0000] {dag.py:2941} INFO - Sync 1 DAGs
[2023-12-06T19:00:54.819+0000] {logging_mixin.py:154} INFO - [2023-12-06T19:00:54.819+0000] {dag.py:3722} INFO - Setting next_dagrun for example_sensors to None, run_after=None
[2023-12-06T19:00:54.841+0000] {processor.py:179} INFO - Processing /usr/local/lib/python3.10/dist-packages/airflow/example_dags/example_sensors.py took 0.072 seconds
[2023-12-06T19:01:44.173+0000] {processor.py:157} INFO - Started process (PID=6493) to work on /usr/local/lib/python3.10/dist-packages/airflow/example_dags/example_sensors.py
[2023-12-06T19:01:44.175+0000] {processor.py:829} INFO - Processing file /usr/local/lib/python3.10/dist-packages/airflow/example_dags/example_sensors.py for tasks to queue
[2023-12-06T19:01:44.176+0000] {logging_mixin.py:154} INFO - [2023-12-06T19:01:44.176+0000] {dagbag.py:536} INFO - Filling up the DagBag from /usr/local/lib/python3.10/dist-packages/airflow/example_dags/example_sensors.py
[2023-12-06T19:01:44.187+0000] {processor.py:839} INFO - DAG(s) dict_keys(['example_sensors']) retrieved from /usr/local/lib/python3.10/dist-packages/airflow/example_dags/example_sensors.py
[2023-12-06T19:01:44.208+0000] {logging_mixin.py:154} INFO - [2023-12-06T19:01:44.208+0000] {dag.py:2941} INFO - Sync 1 DAGs
[2023-12-06T19:01:44.220+0000] {logging_mixin.py:154} INFO - [2023-12-06T19:01:44.220+0000] {dag.py:3722} INFO - Setting next_dagrun for example_sensors to None, run_after=None
[2023-12-06T19:01:44.243+0000] {processor.py:179} INFO - Processing /usr/local/lib/python3.10/dist-packages/airflow/example_dags/example_sensors.py took 0.073 seconds
[2023-12-06T19:02:29.377+0000] {processor.py:157} INFO - Started process (PID=6541) to work on /usr/local/lib/python3.10/dist-packages/airflow/example_dags/example_sensors.py
[2023-12-06T19:02:29.379+0000] {processor.py:829} INFO - Processing file /usr/local/lib/python3.10/dist-packages/airflow/example_dags/example_sensors.py for tasks to queue
[2023-12-06T19:02:29.380+0000] {logging_mixin.py:154} INFO - [2023-12-06T19:02:29.379+0000] {dagbag.py:536} INFO - Filling up the DagBag from /usr/local/lib/python3.10/dist-packages/airflow/example_dags/example_sensors.py
[2023-12-06T19:02:29.390+0000] {processor.py:839} INFO - DAG(s) dict_keys(['example_sensors']) retrieved from /usr/local/lib/python3.10/dist-packages/airflow/example_dags/example_sensors.py
[2023-12-06T19:02:29.412+0000] {logging_mixin.py:154} INFO - [2023-12-06T19:02:29.412+0000] {dag.py:2941} INFO - Sync 1 DAGs
[2023-12-06T19:02:29.428+0000] {logging_mixin.py:154} INFO - [2023-12-06T19:02:29.428+0000] {dag.py:3722} INFO - Setting next_dagrun for example_sensors to None, run_after=None
[2023-12-06T19:02:29.452+0000] {processor.py:179} INFO - Processing /usr/local/lib/python3.10/dist-packages/airflow/example_dags/example_sensors.py took 0.079 seconds
[2023-12-06T19:03:14.108+0000] {processor.py:157} INFO - Started process (PID=6586) to work on /usr/local/lib/python3.10/dist-packages/airflow/example_dags/example_sensors.py
[2023-12-06T19:03:14.109+0000] {processor.py:829} INFO - Processing file /usr/local/lib/python3.10/dist-packages/airflow/example_dags/example_sensors.py for tasks to queue
[2023-12-06T19:03:14.110+0000] {logging_mixin.py:154} INFO - [2023-12-06T19:03:14.110+0000] {dagbag.py:536} INFO - Filling up the DagBag from /usr/local/lib/python3.10/dist-packages/airflow/example_dags/example_sensors.py
[2023-12-06T19:03:14.121+0000] {processor.py:839} INFO - DAG(s) dict_keys(['example_sensors']) retrieved from /usr/local/lib/python3.10/dist-packages/airflow/example_dags/example_sensors.py
[2023-12-06T19:03:14.143+0000] {logging_mixin.py:154} INFO - [2023-12-06T19:03:14.143+0000] {dag.py:2941} INFO - Sync 1 DAGs
[2023-12-06T19:03:14.155+0000] {logging_mixin.py:154} INFO - [2023-12-06T19:03:14.155+0000] {dag.py:3722} INFO - Setting next_dagrun for example_sensors to None, run_after=None
[2023-12-06T19:03:14.178+0000] {processor.py:179} INFO - Processing /usr/local/lib/python3.10/dist-packages/airflow/example_dags/example_sensors.py took 0.074 seconds
[2023-12-06T19:04:05.588+0000] {processor.py:157} INFO - Started process (PID=6637) to work on /usr/local/lib/python3.10/dist-packages/airflow/example_dags/example_sensors.py
[2023-12-06T19:04:05.590+0000] {processor.py:829} INFO - Processing file /usr/local/lib/python3.10/dist-packages/airflow/example_dags/example_sensors.py for tasks to queue
[2023-12-06T19:04:05.591+0000] {logging_mixin.py:154} INFO - [2023-12-06T19:04:05.590+0000] {dagbag.py:536} INFO - Filling up the DagBag from /usr/local/lib/python3.10/dist-packages/airflow/example_dags/example_sensors.py
[2023-12-06T19:04:05.601+0000] {processor.py:839} INFO - DAG(s) dict_keys(['example_sensors']) retrieved from /usr/local/lib/python3.10/dist-packages/airflow/example_dags/example_sensors.py
[2023-12-06T19:04:05.624+0000] {logging_mixin.py:154} INFO - [2023-12-06T19:04:05.624+0000] {dag.py:2941} INFO - Sync 1 DAGs
[2023-12-06T19:04:05.637+0000] {logging_mixin.py:154} INFO - [2023-12-06T19:04:05.637+0000] {dag.py:3722} INFO - Setting next_dagrun for example_sensors to None, run_after=None
[2023-12-06T19:04:05.660+0000] {processor.py:179} INFO - Processing /usr/local/lib/python3.10/dist-packages/airflow/example_dags/example_sensors.py took 0.075 seconds
[2023-12-06T19:04:51.676+0000] {processor.py:157} INFO - Started process (PID=6848) to work on /usr/local/lib/python3.10/dist-packages/airflow/example_dags/example_sensors.py
[2023-12-06T19:04:51.678+0000] {processor.py:829} INFO - Processing file /usr/local/lib/python3.10/dist-packages/airflow/example_dags/example_sensors.py for tasks to queue
[2023-12-06T19:04:51.679+0000] {logging_mixin.py:154} INFO - [2023-12-06T19:04:51.678+0000] {dagbag.py:536} INFO - Filling up the DagBag from /usr/local/lib/python3.10/dist-packages/airflow/example_dags/example_sensors.py
[2023-12-06T19:04:51.689+0000] {processor.py:839} INFO - DAG(s) dict_keys(['example_sensors']) retrieved from /usr/local/lib/python3.10/dist-packages/airflow/example_dags/example_sensors.py
[2023-12-06T19:04:51.712+0000] {logging_mixin.py:154} INFO - [2023-12-06T19:04:51.712+0000] {dag.py:2941} INFO - Sync 1 DAGs
[2023-12-06T19:04:51.724+0000] {logging_mixin.py:154} INFO - [2023-12-06T19:04:51.724+0000] {dag.py:3722} INFO - Setting next_dagrun for example_sensors to None, run_after=None
[2023-12-06T19:04:51.748+0000] {processor.py:179} INFO - Processing /usr/local/lib/python3.10/dist-packages/airflow/example_dags/example_sensors.py took 0.075 seconds
[2023-12-06T19:05:43.672+0000] {processor.py:157} INFO - Started process (PID=6905) to work on /usr/local/lib/python3.10/dist-packages/airflow/example_dags/example_sensors.py
[2023-12-06T19:05:43.675+0000] {processor.py:829} INFO - Processing file /usr/local/lib/python3.10/dist-packages/airflow/example_dags/example_sensors.py for tasks to queue
[2023-12-06T19:05:43.677+0000] {logging_mixin.py:154} INFO - [2023-12-06T19:05:43.676+0000] {dagbag.py:536} INFO - Filling up the DagBag from /usr/local/lib/python3.10/dist-packages/airflow/example_dags/example_sensors.py
[2023-12-06T19:05:43.687+0000] {processor.py:839} INFO - DAG(s) dict_keys(['example_sensors']) retrieved from /usr/local/lib/python3.10/dist-packages/airflow/example_dags/example_sensors.py
[2023-12-06T19:05:43.710+0000] {logging_mixin.py:154} INFO - [2023-12-06T19:05:43.710+0000] {dag.py:2941} INFO - Sync 1 DAGs
[2023-12-06T19:05:43.722+0000] {logging_mixin.py:154} INFO - [2023-12-06T19:05:43.722+0000] {dag.py:3722} INFO - Setting next_dagrun for example_sensors to None, run_after=None
[2023-12-06T19:05:43.746+0000] {processor.py:179} INFO - Processing /usr/local/lib/python3.10/dist-packages/airflow/example_dags/example_sensors.py took 0.078 seconds
[2023-12-06T19:06:28.904+0000] {processor.py:157} INFO - Started process (PID=6953) to work on /usr/local/lib/python3.10/dist-packages/airflow/example_dags/example_sensors.py
[2023-12-06T19:06:28.906+0000] {processor.py:829} INFO - Processing file /usr/local/lib/python3.10/dist-packages/airflow/example_dags/example_sensors.py for tasks to queue
[2023-12-06T19:06:28.907+0000] {logging_mixin.py:154} INFO - [2023-12-06T19:06:28.906+0000] {dagbag.py:536} INFO - Filling up the DagBag from /usr/local/lib/python3.10/dist-packages/airflow/example_dags/example_sensors.py
[2023-12-06T19:06:28.917+0000] {processor.py:839} INFO - DAG(s) dict_keys(['example_sensors']) retrieved from /usr/local/lib/python3.10/dist-packages/airflow/example_dags/example_sensors.py
[2023-12-06T19:06:28.940+0000] {logging_mixin.py:154} INFO - [2023-12-06T19:06:28.940+0000] {dag.py:2941} INFO - Sync 1 DAGs
[2023-12-06T19:06:28.953+0000] {logging_mixin.py:154} INFO - [2023-12-06T19:06:28.953+0000] {dag.py:3722} INFO - Setting next_dagrun for example_sensors to None, run_after=None
[2023-12-06T19:06:28.978+0000] {processor.py:179} INFO - Processing /usr/local/lib/python3.10/dist-packages/airflow/example_dags/example_sensors.py took 0.077 seconds
[2023-12-06T19:07:16.457+0000] {processor.py:157} INFO - Started process (PID=7000) to work on /usr/local/lib/python3.10/dist-packages/airflow/example_dags/example_sensors.py
[2023-12-06T19:07:16.459+0000] {processor.py:829} INFO - Processing file /usr/local/lib/python3.10/dist-packages/airflow/example_dags/example_sensors.py for tasks to queue
[2023-12-06T19:07:16.460+0000] {logging_mixin.py:154} INFO - [2023-12-06T19:07:16.459+0000] {dagbag.py:536} INFO - Filling up the DagBag from /usr/local/lib/python3.10/dist-packages/airflow/example_dags/example_sensors.py
[2023-12-06T19:07:16.470+0000] {processor.py:839} INFO - DAG(s) dict_keys(['example_sensors']) retrieved from /usr/local/lib/python3.10/dist-packages/airflow/example_dags/example_sensors.py
[2023-12-06T19:07:16.492+0000] {logging_mixin.py:154} INFO - [2023-12-06T19:07:16.492+0000] {dag.py:2941} INFO - Sync 1 DAGs
[2023-12-06T19:07:16.505+0000] {logging_mixin.py:154} INFO - [2023-12-06T19:07:16.504+0000] {dag.py:3722} INFO - Setting next_dagrun for example_sensors to None, run_after=None
[2023-12-06T19:07:16.528+0000] {processor.py:179} INFO - Processing /usr/local/lib/python3.10/dist-packages/airflow/example_dags/example_sensors.py took 0.074 seconds
