[2023-12-06T18:22:34.801+0000] {processor.py:157} INFO - Started process (PID=3708) to work on /usr/local/lib/python3.10/dist-packages/airflow/example_dags/example_bash_operator.py
[2023-12-06T18:22:34.802+0000] {processor.py:829} INFO - Processing file /usr/local/lib/python3.10/dist-packages/airflow/example_dags/example_bash_operator.py for tasks to queue
[2023-12-06T18:22:34.803+0000] {logging_mixin.py:154} INFO - [2023-12-06T18:22:34.802+0000] {dagbag.py:536} INFO - Filling up the DagBag from /usr/local/lib/python3.10/dist-packages/airflow/example_dags/example_bash_operator.py
[2023-12-06T18:22:34.816+0000] {processor.py:839} INFO - DAG(s) dict_keys(['example_bash_operator']) retrieved from /usr/local/lib/python3.10/dist-packages/airflow/example_dags/example_bash_operator.py
[2023-12-06T18:22:34.938+0000] {logging_mixin.py:154} INFO - [2023-12-06T18:22:34.938+0000] {manager.py:499} INFO - Created Permission View: %s
[2023-12-06T18:22:34.953+0000] {logging_mixin.py:154} INFO - [2023-12-06T18:22:34.953+0000] {manager.py:499} INFO - Created Permission View: %s
[2023-12-06T18:22:34.964+0000] {logging_mixin.py:154} INFO - [2023-12-06T18:22:34.964+0000] {manager.py:499} INFO - Created Permission View: %s
[2023-12-06T18:22:34.965+0000] {logging_mixin.py:154} INFO - [2023-12-06T18:22:34.965+0000] {dag.py:2941} INFO - Sync 1 DAGs
[2023-12-06T18:22:34.975+0000] {logging_mixin.py:154} INFO - [2023-12-06T18:22:34.975+0000] {dag.py:2963} INFO - Creating ORM DAG for example_bash_operator
[2023-12-06T18:22:34.986+0000] {logging_mixin.py:154} INFO - [2023-12-06T18:22:34.986+0000] {dag.py:3722} INFO - Setting next_dagrun for example_bash_operator to 2023-12-05T00:00:00+00:00, run_after=2023-12-06T00:00:00+00:00
[2023-12-06T18:22:35.047+0000] {processor.py:179} INFO - Processing /usr/local/lib/python3.10/dist-packages/airflow/example_dags/example_bash_operator.py took 0.250 seconds
[2023-12-06T18:23:28.120+0000] {processor.py:157} INFO - Started process (PID=3766) to work on /usr/local/lib/python3.10/dist-packages/airflow/example_dags/example_bash_operator.py
[2023-12-06T18:23:28.121+0000] {processor.py:829} INFO - Processing file /usr/local/lib/python3.10/dist-packages/airflow/example_dags/example_bash_operator.py for tasks to queue
[2023-12-06T18:23:28.122+0000] {logging_mixin.py:154} INFO - [2023-12-06T18:23:28.122+0000] {dagbag.py:536} INFO - Filling up the DagBag from /usr/local/lib/python3.10/dist-packages/airflow/example_dags/example_bash_operator.py
[2023-12-06T18:23:28.135+0000] {processor.py:839} INFO - DAG(s) dict_keys(['example_bash_operator']) retrieved from /usr/local/lib/python3.10/dist-packages/airflow/example_dags/example_bash_operator.py
[2023-12-06T18:23:28.161+0000] {logging_mixin.py:154} INFO - [2023-12-06T18:23:28.160+0000] {dag.py:2941} INFO - Sync 1 DAGs
[2023-12-06T18:23:28.189+0000] {logging_mixin.py:154} INFO - [2023-12-06T18:23:28.189+0000] {dag.py:3722} INFO - Setting next_dagrun for example_bash_operator to 2023-12-05T00:00:00+00:00, run_after=2023-12-06T00:00:00+00:00
[2023-12-06T18:23:28.211+0000] {processor.py:179} INFO - Processing /usr/local/lib/python3.10/dist-packages/airflow/example_dags/example_bash_operator.py took 0.095 seconds
[2023-12-06T18:24:16.734+0000] {processor.py:157} INFO - Started process (PID=3816) to work on /usr/local/lib/python3.10/dist-packages/airflow/example_dags/example_bash_operator.py
[2023-12-06T18:24:16.736+0000] {processor.py:829} INFO - Processing file /usr/local/lib/python3.10/dist-packages/airflow/example_dags/example_bash_operator.py for tasks to queue
[2023-12-06T18:24:16.736+0000] {logging_mixin.py:154} INFO - [2023-12-06T18:24:16.736+0000] {dagbag.py:536} INFO - Filling up the DagBag from /usr/local/lib/python3.10/dist-packages/airflow/example_dags/example_bash_operator.py
[2023-12-06T18:24:16.750+0000] {processor.py:839} INFO - DAG(s) dict_keys(['example_bash_operator']) retrieved from /usr/local/lib/python3.10/dist-packages/airflow/example_dags/example_bash_operator.py
[2023-12-06T18:24:16.776+0000] {logging_mixin.py:154} INFO - [2023-12-06T18:24:16.776+0000] {dag.py:2941} INFO - Sync 1 DAGs
[2023-12-06T18:24:16.798+0000] {logging_mixin.py:154} INFO - [2023-12-06T18:24:16.798+0000] {dag.py:3722} INFO - Setting next_dagrun for example_bash_operator to 2023-12-05T00:00:00+00:00, run_after=2023-12-06T00:00:00+00:00
[2023-12-06T18:24:16.831+0000] {processor.py:179} INFO - Processing /usr/local/lib/python3.10/dist-packages/airflow/example_dags/example_bash_operator.py took 0.101 seconds
[2023-12-06T18:25:06.397+0000] {processor.py:157} INFO - Started process (PID=3868) to work on /usr/local/lib/python3.10/dist-packages/airflow/example_dags/example_bash_operator.py
[2023-12-06T18:25:06.398+0000] {processor.py:829} INFO - Processing file /usr/local/lib/python3.10/dist-packages/airflow/example_dags/example_bash_operator.py for tasks to queue
[2023-12-06T18:25:06.399+0000] {logging_mixin.py:154} INFO - [2023-12-06T18:25:06.399+0000] {dagbag.py:536} INFO - Filling up the DagBag from /usr/local/lib/python3.10/dist-packages/airflow/example_dags/example_bash_operator.py
[2023-12-06T18:25:06.413+0000] {processor.py:839} INFO - DAG(s) dict_keys(['example_bash_operator']) retrieved from /usr/local/lib/python3.10/dist-packages/airflow/example_dags/example_bash_operator.py
[2023-12-06T18:25:06.439+0000] {logging_mixin.py:154} INFO - [2023-12-06T18:25:06.439+0000] {dag.py:2941} INFO - Sync 1 DAGs
[2023-12-06T18:25:06.462+0000] {logging_mixin.py:154} INFO - [2023-12-06T18:25:06.462+0000] {dag.py:3722} INFO - Setting next_dagrun for example_bash_operator to 2023-12-05T00:00:00+00:00, run_after=2023-12-06T00:00:00+00:00
[2023-12-06T18:25:06.485+0000] {processor.py:179} INFO - Processing /usr/local/lib/python3.10/dist-packages/airflow/example_dags/example_bash_operator.py took 0.092 seconds
[2023-12-06T18:25:50.483+0000] {processor.py:157} INFO - Started process (PID=3916) to work on /usr/local/lib/python3.10/dist-packages/airflow/example_dags/example_bash_operator.py
[2023-12-06T18:25:50.484+0000] {processor.py:829} INFO - Processing file /usr/local/lib/python3.10/dist-packages/airflow/example_dags/example_bash_operator.py for tasks to queue
[2023-12-06T18:25:50.485+0000] {logging_mixin.py:154} INFO - [2023-12-06T18:25:50.485+0000] {dagbag.py:536} INFO - Filling up the DagBag from /usr/local/lib/python3.10/dist-packages/airflow/example_dags/example_bash_operator.py
[2023-12-06T18:25:50.498+0000] {processor.py:839} INFO - DAG(s) dict_keys(['example_bash_operator']) retrieved from /usr/local/lib/python3.10/dist-packages/airflow/example_dags/example_bash_operator.py
[2023-12-06T18:25:50.524+0000] {logging_mixin.py:154} INFO - [2023-12-06T18:25:50.524+0000] {dag.py:2941} INFO - Sync 1 DAGs
[2023-12-06T18:25:50.546+0000] {logging_mixin.py:154} INFO - [2023-12-06T18:25:50.545+0000] {dag.py:3722} INFO - Setting next_dagrun for example_bash_operator to 2023-12-05T00:00:00+00:00, run_after=2023-12-06T00:00:00+00:00
[2023-12-06T18:25:50.568+0000] {processor.py:179} INFO - Processing /usr/local/lib/python3.10/dist-packages/airflow/example_dags/example_bash_operator.py took 0.089 seconds
[2023-12-06T18:26:37.854+0000] {processor.py:157} INFO - Started process (PID=3963) to work on /usr/local/lib/python3.10/dist-packages/airflow/example_dags/example_bash_operator.py
[2023-12-06T18:26:37.855+0000] {processor.py:829} INFO - Processing file /usr/local/lib/python3.10/dist-packages/airflow/example_dags/example_bash_operator.py for tasks to queue
[2023-12-06T18:26:37.856+0000] {logging_mixin.py:154} INFO - [2023-12-06T18:26:37.855+0000] {dagbag.py:536} INFO - Filling up the DagBag from /usr/local/lib/python3.10/dist-packages/airflow/example_dags/example_bash_operator.py
[2023-12-06T18:26:37.869+0000] {processor.py:839} INFO - DAG(s) dict_keys(['example_bash_operator']) retrieved from /usr/local/lib/python3.10/dist-packages/airflow/example_dags/example_bash_operator.py
[2023-12-06T18:26:37.895+0000] {logging_mixin.py:154} INFO - [2023-12-06T18:26:37.895+0000] {dag.py:2941} INFO - Sync 1 DAGs
[2023-12-06T18:26:37.918+0000] {logging_mixin.py:154} INFO - [2023-12-06T18:26:37.917+0000] {dag.py:3722} INFO - Setting next_dagrun for example_bash_operator to 2023-12-05T00:00:00+00:00, run_after=2023-12-06T00:00:00+00:00
[2023-12-06T18:26:37.941+0000] {processor.py:179} INFO - Processing /usr/local/lib/python3.10/dist-packages/airflow/example_dags/example_bash_operator.py took 0.091 seconds
[2023-12-06T18:27:23.479+0000] {processor.py:157} INFO - Started process (PID=4011) to work on /usr/local/lib/python3.10/dist-packages/airflow/example_dags/example_bash_operator.py
[2023-12-06T18:27:23.480+0000] {processor.py:829} INFO - Processing file /usr/local/lib/python3.10/dist-packages/airflow/example_dags/example_bash_operator.py for tasks to queue
[2023-12-06T18:27:23.481+0000] {logging_mixin.py:154} INFO - [2023-12-06T18:27:23.481+0000] {dagbag.py:536} INFO - Filling up the DagBag from /usr/local/lib/python3.10/dist-packages/airflow/example_dags/example_bash_operator.py
[2023-12-06T18:27:23.495+0000] {processor.py:839} INFO - DAG(s) dict_keys(['example_bash_operator']) retrieved from /usr/local/lib/python3.10/dist-packages/airflow/example_dags/example_bash_operator.py
[2023-12-06T18:27:23.521+0000] {logging_mixin.py:154} INFO - [2023-12-06T18:27:23.521+0000] {dag.py:2941} INFO - Sync 1 DAGs
[2023-12-06T18:27:23.544+0000] {logging_mixin.py:154} INFO - [2023-12-06T18:27:23.543+0000] {dag.py:3722} INFO - Setting next_dagrun for example_bash_operator to 2023-12-05T00:00:00+00:00, run_after=2023-12-06T00:00:00+00:00
[2023-12-06T18:27:23.567+0000] {processor.py:179} INFO - Processing /usr/local/lib/python3.10/dist-packages/airflow/example_dags/example_bash_operator.py took 0.092 seconds
[2023-12-06T18:28:17.016+0000] {processor.py:157} INFO - Started process (PID=4068) to work on /usr/local/lib/python3.10/dist-packages/airflow/example_dags/example_bash_operator.py
[2023-12-06T18:28:17.018+0000] {processor.py:829} INFO - Processing file /usr/local/lib/python3.10/dist-packages/airflow/example_dags/example_bash_operator.py for tasks to queue
[2023-12-06T18:28:17.018+0000] {logging_mixin.py:154} INFO - [2023-12-06T18:28:17.018+0000] {dagbag.py:536} INFO - Filling up the DagBag from /usr/local/lib/python3.10/dist-packages/airflow/example_dags/example_bash_operator.py
[2023-12-06T18:28:17.032+0000] {processor.py:839} INFO - DAG(s) dict_keys(['example_bash_operator']) retrieved from /usr/local/lib/python3.10/dist-packages/airflow/example_dags/example_bash_operator.py
[2023-12-06T18:28:17.058+0000] {logging_mixin.py:154} INFO - [2023-12-06T18:28:17.057+0000] {dag.py:2941} INFO - Sync 1 DAGs
[2023-12-06T18:28:17.081+0000] {logging_mixin.py:154} INFO - [2023-12-06T18:28:17.081+0000] {dag.py:3722} INFO - Setting next_dagrun for example_bash_operator to 2023-12-05T00:00:00+00:00, run_after=2023-12-06T00:00:00+00:00
[2023-12-06T18:28:17.110+0000] {processor.py:179} INFO - Processing /usr/local/lib/python3.10/dist-packages/airflow/example_dags/example_bash_operator.py took 0.098 seconds
[2023-12-06T18:29:07.097+0000] {processor.py:157} INFO - Started process (PID=4120) to work on /usr/local/lib/python3.10/dist-packages/airflow/example_dags/example_bash_operator.py
[2023-12-06T18:29:07.099+0000] {processor.py:829} INFO - Processing file /usr/local/lib/python3.10/dist-packages/airflow/example_dags/example_bash_operator.py for tasks to queue
[2023-12-06T18:29:07.099+0000] {logging_mixin.py:154} INFO - [2023-12-06T18:29:07.099+0000] {dagbag.py:536} INFO - Filling up the DagBag from /usr/local/lib/python3.10/dist-packages/airflow/example_dags/example_bash_operator.py
[2023-12-06T18:29:07.113+0000] {processor.py:839} INFO - DAG(s) dict_keys(['example_bash_operator']) retrieved from /usr/local/lib/python3.10/dist-packages/airflow/example_dags/example_bash_operator.py
[2023-12-06T18:29:07.139+0000] {logging_mixin.py:154} INFO - [2023-12-06T18:29:07.138+0000] {dag.py:2941} INFO - Sync 1 DAGs
[2023-12-06T18:29:07.160+0000] {logging_mixin.py:154} INFO - [2023-12-06T18:29:07.160+0000] {dag.py:3722} INFO - Setting next_dagrun for example_bash_operator to 2023-12-05T00:00:00+00:00, run_after=2023-12-06T00:00:00+00:00
[2023-12-06T18:29:07.183+0000] {processor.py:179} INFO - Processing /usr/local/lib/python3.10/dist-packages/airflow/example_dags/example_bash_operator.py took 0.089 seconds
[2023-12-06T18:29:50.114+0000] {processor.py:157} INFO - Started process (PID=4166) to work on /usr/local/lib/python3.10/dist-packages/airflow/example_dags/example_bash_operator.py
[2023-12-06T18:29:50.115+0000] {processor.py:829} INFO - Processing file /usr/local/lib/python3.10/dist-packages/airflow/example_dags/example_bash_operator.py for tasks to queue
[2023-12-06T18:29:50.116+0000] {logging_mixin.py:154} INFO - [2023-12-06T18:29:50.116+0000] {dagbag.py:536} INFO - Filling up the DagBag from /usr/local/lib/python3.10/dist-packages/airflow/example_dags/example_bash_operator.py
[2023-12-06T18:29:50.129+0000] {processor.py:839} INFO - DAG(s) dict_keys(['example_bash_operator']) retrieved from /usr/local/lib/python3.10/dist-packages/airflow/example_dags/example_bash_operator.py
[2023-12-06T18:29:50.155+0000] {logging_mixin.py:154} INFO - [2023-12-06T18:29:50.155+0000] {dag.py:2941} INFO - Sync 1 DAGs
[2023-12-06T18:29:50.177+0000] {logging_mixin.py:154} INFO - [2023-12-06T18:29:50.177+0000] {dag.py:3722} INFO - Setting next_dagrun for example_bash_operator to 2023-12-05T00:00:00+00:00, run_after=2023-12-06T00:00:00+00:00
[2023-12-06T18:29:50.200+0000] {processor.py:179} INFO - Processing /usr/local/lib/python3.10/dist-packages/airflow/example_dags/example_bash_operator.py took 0.089 seconds
[2023-12-06T18:30:36.514+0000] {processor.py:157} INFO - Started process (PID=4213) to work on /usr/local/lib/python3.10/dist-packages/airflow/example_dags/example_bash_operator.py
[2023-12-06T18:30:36.516+0000] {processor.py:829} INFO - Processing file /usr/local/lib/python3.10/dist-packages/airflow/example_dags/example_bash_operator.py for tasks to queue
[2023-12-06T18:30:36.517+0000] {logging_mixin.py:154} INFO - [2023-12-06T18:30:36.516+0000] {dagbag.py:536} INFO - Filling up the DagBag from /usr/local/lib/python3.10/dist-packages/airflow/example_dags/example_bash_operator.py
[2023-12-06T18:30:36.530+0000] {processor.py:839} INFO - DAG(s) dict_keys(['example_bash_operator']) retrieved from /usr/local/lib/python3.10/dist-packages/airflow/example_dags/example_bash_operator.py
[2023-12-06T18:30:36.555+0000] {logging_mixin.py:154} INFO - [2023-12-06T18:30:36.555+0000] {dag.py:2941} INFO - Sync 1 DAGs
[2023-12-06T18:30:36.577+0000] {logging_mixin.py:154} INFO - [2023-12-06T18:30:36.577+0000] {dag.py:3722} INFO - Setting next_dagrun for example_bash_operator to 2023-12-05T00:00:00+00:00, run_after=2023-12-06T00:00:00+00:00
[2023-12-06T18:30:36.622+0000] {processor.py:179} INFO - Processing /usr/local/lib/python3.10/dist-packages/airflow/example_dags/example_bash_operator.py took 0.111 seconds
[2023-12-06T18:31:35.170+0000] {processor.py:157} INFO - Started process (PID=4274) to work on /usr/local/lib/python3.10/dist-packages/airflow/example_dags/example_bash_operator.py
[2023-12-06T18:31:35.173+0000] {processor.py:829} INFO - Processing file /usr/local/lib/python3.10/dist-packages/airflow/example_dags/example_bash_operator.py for tasks to queue
[2023-12-06T18:31:35.173+0000] {logging_mixin.py:154} INFO - [2023-12-06T18:31:35.173+0000] {dagbag.py:536} INFO - Filling up the DagBag from /usr/local/lib/python3.10/dist-packages/airflow/example_dags/example_bash_operator.py
[2023-12-06T18:31:35.187+0000] {processor.py:839} INFO - DAG(s) dict_keys(['example_bash_operator']) retrieved from /usr/local/lib/python3.10/dist-packages/airflow/example_dags/example_bash_operator.py
[2023-12-06T18:31:35.212+0000] {logging_mixin.py:154} INFO - [2023-12-06T18:31:35.212+0000] {dag.py:2941} INFO - Sync 1 DAGs
[2023-12-06T18:31:35.234+0000] {logging_mixin.py:154} INFO - [2023-12-06T18:31:35.234+0000] {dag.py:3722} INFO - Setting next_dagrun for example_bash_operator to 2023-12-05T00:00:00+00:00, run_after=2023-12-06T00:00:00+00:00
[2023-12-06T18:31:35.256+0000] {processor.py:179} INFO - Processing /usr/local/lib/python3.10/dist-packages/airflow/example_dags/example_bash_operator.py took 0.090 seconds
[2023-12-06T18:32:29.907+0000] {processor.py:157} INFO - Started process (PID=4332) to work on /usr/local/lib/python3.10/dist-packages/airflow/example_dags/example_bash_operator.py
[2023-12-06T18:32:29.909+0000] {processor.py:829} INFO - Processing file /usr/local/lib/python3.10/dist-packages/airflow/example_dags/example_bash_operator.py for tasks to queue
[2023-12-06T18:32:29.910+0000] {logging_mixin.py:154} INFO - [2023-12-06T18:32:29.910+0000] {dagbag.py:536} INFO - Filling up the DagBag from /usr/local/lib/python3.10/dist-packages/airflow/example_dags/example_bash_operator.py
[2023-12-06T18:32:29.923+0000] {processor.py:839} INFO - DAG(s) dict_keys(['example_bash_operator']) retrieved from /usr/local/lib/python3.10/dist-packages/airflow/example_dags/example_bash_operator.py
[2023-12-06T18:32:29.950+0000] {logging_mixin.py:154} INFO - [2023-12-06T18:32:29.950+0000] {dag.py:2941} INFO - Sync 1 DAGs
[2023-12-06T18:32:29.973+0000] {logging_mixin.py:154} INFO - [2023-12-06T18:32:29.972+0000] {dag.py:3722} INFO - Setting next_dagrun for example_bash_operator to 2023-12-05T00:00:00+00:00, run_after=2023-12-06T00:00:00+00:00
[2023-12-06T18:32:29.995+0000] {processor.py:179} INFO - Processing /usr/local/lib/python3.10/dist-packages/airflow/example_dags/example_bash_operator.py took 0.091 seconds
[2023-12-06T18:33:16.389+0000] {processor.py:157} INFO - Started process (PID=4379) to work on /usr/local/lib/python3.10/dist-packages/airflow/example_dags/example_bash_operator.py
[2023-12-06T18:33:16.392+0000] {processor.py:829} INFO - Processing file /usr/local/lib/python3.10/dist-packages/airflow/example_dags/example_bash_operator.py for tasks to queue
[2023-12-06T18:33:16.393+0000] {logging_mixin.py:154} INFO - [2023-12-06T18:33:16.392+0000] {dagbag.py:536} INFO - Filling up the DagBag from /usr/local/lib/python3.10/dist-packages/airflow/example_dags/example_bash_operator.py
[2023-12-06T18:33:16.406+0000] {processor.py:839} INFO - DAG(s) dict_keys(['example_bash_operator']) retrieved from /usr/local/lib/python3.10/dist-packages/airflow/example_dags/example_bash_operator.py
[2023-12-06T18:33:16.433+0000] {logging_mixin.py:154} INFO - [2023-12-06T18:33:16.432+0000] {dag.py:2941} INFO - Sync 1 DAGs
[2023-12-06T18:33:16.455+0000] {logging_mixin.py:154} INFO - [2023-12-06T18:33:16.455+0000] {dag.py:3722} INFO - Setting next_dagrun for example_bash_operator to 2023-12-05T00:00:00+00:00, run_after=2023-12-06T00:00:00+00:00
[2023-12-06T18:33:16.479+0000] {processor.py:179} INFO - Processing /usr/local/lib/python3.10/dist-packages/airflow/example_dags/example_bash_operator.py took 0.093 seconds
[2023-12-06T18:34:03.980+0000] {processor.py:157} INFO - Started process (PID=4427) to work on /usr/local/lib/python3.10/dist-packages/airflow/example_dags/example_bash_operator.py
[2023-12-06T18:34:03.982+0000] {processor.py:829} INFO - Processing file /usr/local/lib/python3.10/dist-packages/airflow/example_dags/example_bash_operator.py for tasks to queue
[2023-12-06T18:34:03.983+0000] {logging_mixin.py:154} INFO - [2023-12-06T18:34:03.983+0000] {dagbag.py:536} INFO - Filling up the DagBag from /usr/local/lib/python3.10/dist-packages/airflow/example_dags/example_bash_operator.py
[2023-12-06T18:34:03.997+0000] {processor.py:839} INFO - DAG(s) dict_keys(['example_bash_operator']) retrieved from /usr/local/lib/python3.10/dist-packages/airflow/example_dags/example_bash_operator.py
[2023-12-06T18:34:04.023+0000] {logging_mixin.py:154} INFO - [2023-12-06T18:34:04.023+0000] {dag.py:2941} INFO - Sync 1 DAGs
[2023-12-06T18:34:04.046+0000] {logging_mixin.py:154} INFO - [2023-12-06T18:34:04.046+0000] {dag.py:3722} INFO - Setting next_dagrun for example_bash_operator to 2023-12-05T00:00:00+00:00, run_after=2023-12-06T00:00:00+00:00
[2023-12-06T18:34:04.069+0000] {processor.py:179} INFO - Processing /usr/local/lib/python3.10/dist-packages/airflow/example_dags/example_bash_operator.py took 0.093 seconds
[2023-12-06T18:34:50.708+0000] {processor.py:157} INFO - Started process (PID=4476) to work on /usr/local/lib/python3.10/dist-packages/airflow/example_dags/example_bash_operator.py
[2023-12-06T18:34:50.709+0000] {processor.py:829} INFO - Processing file /usr/local/lib/python3.10/dist-packages/airflow/example_dags/example_bash_operator.py for tasks to queue
[2023-12-06T18:34:50.710+0000] {logging_mixin.py:154} INFO - [2023-12-06T18:34:50.710+0000] {dagbag.py:536} INFO - Filling up the DagBag from /usr/local/lib/python3.10/dist-packages/airflow/example_dags/example_bash_operator.py
[2023-12-06T18:34:50.723+0000] {processor.py:839} INFO - DAG(s) dict_keys(['example_bash_operator']) retrieved from /usr/local/lib/python3.10/dist-packages/airflow/example_dags/example_bash_operator.py
[2023-12-06T18:34:50.750+0000] {logging_mixin.py:154} INFO - [2023-12-06T18:34:50.749+0000] {dag.py:2941} INFO - Sync 1 DAGs
[2023-12-06T18:34:50.772+0000] {logging_mixin.py:154} INFO - [2023-12-06T18:34:50.772+0000] {dag.py:3722} INFO - Setting next_dagrun for example_bash_operator to 2023-12-05T00:00:00+00:00, run_after=2023-12-06T00:00:00+00:00
[2023-12-06T18:34:50.796+0000] {processor.py:179} INFO - Processing /usr/local/lib/python3.10/dist-packages/airflow/example_dags/example_bash_operator.py took 0.092 seconds
[2023-12-06T18:35:37.484+0000] {processor.py:157} INFO - Started process (PID=4524) to work on /usr/local/lib/python3.10/dist-packages/airflow/example_dags/example_bash_operator.py
[2023-12-06T18:35:37.486+0000] {processor.py:829} INFO - Processing file /usr/local/lib/python3.10/dist-packages/airflow/example_dags/example_bash_operator.py for tasks to queue
[2023-12-06T18:35:37.486+0000] {logging_mixin.py:154} INFO - [2023-12-06T18:35:37.486+0000] {dagbag.py:536} INFO - Filling up the DagBag from /usr/local/lib/python3.10/dist-packages/airflow/example_dags/example_bash_operator.py
[2023-12-06T18:35:37.499+0000] {processor.py:839} INFO - DAG(s) dict_keys(['example_bash_operator']) retrieved from /usr/local/lib/python3.10/dist-packages/airflow/example_dags/example_bash_operator.py
[2023-12-06T18:35:37.531+0000] {logging_mixin.py:154} INFO - [2023-12-06T18:35:37.531+0000] {dag.py:2941} INFO - Sync 1 DAGs
[2023-12-06T18:35:37.553+0000] {logging_mixin.py:154} INFO - [2023-12-06T18:35:37.553+0000] {dag.py:3722} INFO - Setting next_dagrun for example_bash_operator to 2023-12-05T00:00:00+00:00, run_after=2023-12-06T00:00:00+00:00
[2023-12-06T18:35:37.576+0000] {processor.py:179} INFO - Processing /usr/local/lib/python3.10/dist-packages/airflow/example_dags/example_bash_operator.py took 0.095 seconds
[2023-12-06T18:36:21.773+0000] {processor.py:157} INFO - Started process (PID=4570) to work on /usr/local/lib/python3.10/dist-packages/airflow/example_dags/example_bash_operator.py
[2023-12-06T18:36:21.775+0000] {processor.py:829} INFO - Processing file /usr/local/lib/python3.10/dist-packages/airflow/example_dags/example_bash_operator.py for tasks to queue
[2023-12-06T18:36:21.775+0000] {logging_mixin.py:154} INFO - [2023-12-06T18:36:21.775+0000] {dagbag.py:536} INFO - Filling up the DagBag from /usr/local/lib/python3.10/dist-packages/airflow/example_dags/example_bash_operator.py
[2023-12-06T18:36:21.789+0000] {processor.py:839} INFO - DAG(s) dict_keys(['example_bash_operator']) retrieved from /usr/local/lib/python3.10/dist-packages/airflow/example_dags/example_bash_operator.py
[2023-12-06T18:36:21.815+0000] {logging_mixin.py:154} INFO - [2023-12-06T18:36:21.815+0000] {dag.py:2941} INFO - Sync 1 DAGs
[2023-12-06T18:36:21.837+0000] {logging_mixin.py:154} INFO - [2023-12-06T18:36:21.837+0000] {dag.py:3722} INFO - Setting next_dagrun for example_bash_operator to 2023-12-05T00:00:00+00:00, run_after=2023-12-06T00:00:00+00:00
[2023-12-06T18:36:21.861+0000] {processor.py:179} INFO - Processing /usr/local/lib/python3.10/dist-packages/airflow/example_dags/example_bash_operator.py took 0.092 seconds
[2023-12-06T18:37:09.810+0000] {processor.py:157} INFO - Started process (PID=4619) to work on /usr/local/lib/python3.10/dist-packages/airflow/example_dags/example_bash_operator.py
[2023-12-06T18:37:09.812+0000] {processor.py:829} INFO - Processing file /usr/local/lib/python3.10/dist-packages/airflow/example_dags/example_bash_operator.py for tasks to queue
[2023-12-06T18:37:09.813+0000] {logging_mixin.py:154} INFO - [2023-12-06T18:37:09.812+0000] {dagbag.py:536} INFO - Filling up the DagBag from /usr/local/lib/python3.10/dist-packages/airflow/example_dags/example_bash_operator.py
[2023-12-06T18:37:09.826+0000] {processor.py:839} INFO - DAG(s) dict_keys(['example_bash_operator']) retrieved from /usr/local/lib/python3.10/dist-packages/airflow/example_dags/example_bash_operator.py
[2023-12-06T18:37:09.852+0000] {logging_mixin.py:154} INFO - [2023-12-06T18:37:09.852+0000] {dag.py:2941} INFO - Sync 1 DAGs
[2023-12-06T18:37:09.878+0000] {logging_mixin.py:154} INFO - [2023-12-06T18:37:09.878+0000] {dag.py:3722} INFO - Setting next_dagrun for example_bash_operator to 2023-12-05T00:00:00+00:00, run_after=2023-12-06T00:00:00+00:00
[2023-12-06T18:37:09.909+0000] {processor.py:179} INFO - Processing /usr/local/lib/python3.10/dist-packages/airflow/example_dags/example_bash_operator.py took 0.103 seconds
[2023-12-06T18:37:55.065+0000] {processor.py:157} INFO - Started process (PID=4666) to work on /usr/local/lib/python3.10/dist-packages/airflow/example_dags/example_bash_operator.py
[2023-12-06T18:37:55.067+0000] {processor.py:829} INFO - Processing file /usr/local/lib/python3.10/dist-packages/airflow/example_dags/example_bash_operator.py for tasks to queue
[2023-12-06T18:37:55.068+0000] {logging_mixin.py:154} INFO - [2023-12-06T18:37:55.067+0000] {dagbag.py:536} INFO - Filling up the DagBag from /usr/local/lib/python3.10/dist-packages/airflow/example_dags/example_bash_operator.py
[2023-12-06T18:37:55.081+0000] {processor.py:839} INFO - DAG(s) dict_keys(['example_bash_operator']) retrieved from /usr/local/lib/python3.10/dist-packages/airflow/example_dags/example_bash_operator.py
[2023-12-06T18:37:55.107+0000] {logging_mixin.py:154} INFO - [2023-12-06T18:37:55.107+0000] {dag.py:2941} INFO - Sync 1 DAGs
[2023-12-06T18:37:55.130+0000] {logging_mixin.py:154} INFO - [2023-12-06T18:37:55.129+0000] {dag.py:3722} INFO - Setting next_dagrun for example_bash_operator to 2023-12-05T00:00:00+00:00, run_after=2023-12-06T00:00:00+00:00
[2023-12-06T18:37:55.153+0000] {processor.py:179} INFO - Processing /usr/local/lib/python3.10/dist-packages/airflow/example_dags/example_bash_operator.py took 0.091 seconds
[2023-12-06T18:38:42.660+0000] {processor.py:157} INFO - Started process (PID=4713) to work on /usr/local/lib/python3.10/dist-packages/airflow/example_dags/example_bash_operator.py
[2023-12-06T18:38:42.662+0000] {processor.py:829} INFO - Processing file /usr/local/lib/python3.10/dist-packages/airflow/example_dags/example_bash_operator.py for tasks to queue
[2023-12-06T18:38:42.663+0000] {logging_mixin.py:154} INFO - [2023-12-06T18:38:42.663+0000] {dagbag.py:536} INFO - Filling up the DagBag from /usr/local/lib/python3.10/dist-packages/airflow/example_dags/example_bash_operator.py
[2023-12-06T18:38:42.676+0000] {processor.py:839} INFO - DAG(s) dict_keys(['example_bash_operator']) retrieved from /usr/local/lib/python3.10/dist-packages/airflow/example_dags/example_bash_operator.py
[2023-12-06T18:38:42.701+0000] {logging_mixin.py:154} INFO - [2023-12-06T18:38:42.701+0000] {dag.py:2941} INFO - Sync 1 DAGs
[2023-12-06T18:38:42.723+0000] {logging_mixin.py:154} INFO - [2023-12-06T18:38:42.723+0000] {dag.py:3722} INFO - Setting next_dagrun for example_bash_operator to 2023-12-05T00:00:00+00:00, run_after=2023-12-06T00:00:00+00:00
[2023-12-06T18:38:42.748+0000] {processor.py:179} INFO - Processing /usr/local/lib/python3.10/dist-packages/airflow/example_dags/example_bash_operator.py took 0.092 seconds
[2023-12-06T18:39:29.978+0000] {processor.py:157} INFO - Started process (PID=4761) to work on /usr/local/lib/python3.10/dist-packages/airflow/example_dags/example_bash_operator.py
[2023-12-06T18:39:29.980+0000] {processor.py:829} INFO - Processing file /usr/local/lib/python3.10/dist-packages/airflow/example_dags/example_bash_operator.py for tasks to queue
[2023-12-06T18:39:29.981+0000] {logging_mixin.py:154} INFO - [2023-12-06T18:39:29.981+0000] {dagbag.py:536} INFO - Filling up the DagBag from /usr/local/lib/python3.10/dist-packages/airflow/example_dags/example_bash_operator.py
[2023-12-06T18:39:29.994+0000] {processor.py:839} INFO - DAG(s) dict_keys(['example_bash_operator']) retrieved from /usr/local/lib/python3.10/dist-packages/airflow/example_dags/example_bash_operator.py
[2023-12-06T18:39:30.031+0000] {logging_mixin.py:154} INFO - [2023-12-06T18:39:30.031+0000] {dag.py:2941} INFO - Sync 1 DAGs
[2023-12-06T18:39:30.067+0000] {logging_mixin.py:154} INFO - [2023-12-06T18:39:30.067+0000] {dag.py:3722} INFO - Setting next_dagrun for example_bash_operator to 2023-12-05T00:00:00+00:00, run_after=2023-12-06T00:00:00+00:00
[2023-12-06T18:39:30.098+0000] {processor.py:179} INFO - Processing /usr/local/lib/python3.10/dist-packages/airflow/example_dags/example_bash_operator.py took 0.123 seconds
[2023-12-06T18:40:18.468+0000] {processor.py:157} INFO - Started process (PID=4810) to work on /usr/local/lib/python3.10/dist-packages/airflow/example_dags/example_bash_operator.py
[2023-12-06T18:40:18.470+0000] {processor.py:829} INFO - Processing file /usr/local/lib/python3.10/dist-packages/airflow/example_dags/example_bash_operator.py for tasks to queue
[2023-12-06T18:40:18.471+0000] {logging_mixin.py:154} INFO - [2023-12-06T18:40:18.470+0000] {dagbag.py:536} INFO - Filling up the DagBag from /usr/local/lib/python3.10/dist-packages/airflow/example_dags/example_bash_operator.py
[2023-12-06T18:40:18.484+0000] {processor.py:839} INFO - DAG(s) dict_keys(['example_bash_operator']) retrieved from /usr/local/lib/python3.10/dist-packages/airflow/example_dags/example_bash_operator.py
[2023-12-06T18:40:18.511+0000] {logging_mixin.py:154} INFO - [2023-12-06T18:40:18.510+0000] {dag.py:2941} INFO - Sync 1 DAGs
[2023-12-06T18:40:18.533+0000] {logging_mixin.py:154} INFO - [2023-12-06T18:40:18.533+0000] {dag.py:3722} INFO - Setting next_dagrun for example_bash_operator to 2023-12-05T00:00:00+00:00, run_after=2023-12-06T00:00:00+00:00
[2023-12-06T18:40:18.558+0000] {processor.py:179} INFO - Processing /usr/local/lib/python3.10/dist-packages/airflow/example_dags/example_bash_operator.py took 0.093 seconds
[2023-12-06T18:41:10.238+0000] {processor.py:157} INFO - Started process (PID=4862) to work on /usr/local/lib/python3.10/dist-packages/airflow/example_dags/example_bash_operator.py
[2023-12-06T18:41:10.241+0000] {processor.py:829} INFO - Processing file /usr/local/lib/python3.10/dist-packages/airflow/example_dags/example_bash_operator.py for tasks to queue
[2023-12-06T18:41:10.242+0000] {logging_mixin.py:154} INFO - [2023-12-06T18:41:10.241+0000] {dagbag.py:536} INFO - Filling up the DagBag from /usr/local/lib/python3.10/dist-packages/airflow/example_dags/example_bash_operator.py
[2023-12-06T18:41:10.255+0000] {processor.py:839} INFO - DAG(s) dict_keys(['example_bash_operator']) retrieved from /usr/local/lib/python3.10/dist-packages/airflow/example_dags/example_bash_operator.py
[2023-12-06T18:41:10.282+0000] {logging_mixin.py:154} INFO - [2023-12-06T18:41:10.282+0000] {dag.py:2941} INFO - Sync 1 DAGs
[2023-12-06T18:41:10.305+0000] {logging_mixin.py:154} INFO - [2023-12-06T18:41:10.305+0000] {dag.py:3722} INFO - Setting next_dagrun for example_bash_operator to 2023-12-05T00:00:00+00:00, run_after=2023-12-06T00:00:00+00:00
[2023-12-06T18:41:10.328+0000] {processor.py:179} INFO - Processing /usr/local/lib/python3.10/dist-packages/airflow/example_dags/example_bash_operator.py took 0.094 seconds
[2023-12-06T18:41:58.508+0000] {processor.py:157} INFO - Started process (PID=4911) to work on /usr/local/lib/python3.10/dist-packages/airflow/example_dags/example_bash_operator.py
[2023-12-06T18:41:58.509+0000] {processor.py:829} INFO - Processing file /usr/local/lib/python3.10/dist-packages/airflow/example_dags/example_bash_operator.py for tasks to queue
[2023-12-06T18:41:58.510+0000] {logging_mixin.py:154} INFO - [2023-12-06T18:41:58.510+0000] {dagbag.py:536} INFO - Filling up the DagBag from /usr/local/lib/python3.10/dist-packages/airflow/example_dags/example_bash_operator.py
[2023-12-06T18:41:58.523+0000] {processor.py:839} INFO - DAG(s) dict_keys(['example_bash_operator']) retrieved from /usr/local/lib/python3.10/dist-packages/airflow/example_dags/example_bash_operator.py
[2023-12-06T18:41:58.549+0000] {logging_mixin.py:154} INFO - [2023-12-06T18:41:58.549+0000] {dag.py:2941} INFO - Sync 1 DAGs
[2023-12-06T18:41:58.571+0000] {logging_mixin.py:154} INFO - [2023-12-06T18:41:58.571+0000] {dag.py:3722} INFO - Setting next_dagrun for example_bash_operator to 2023-12-05T00:00:00+00:00, run_after=2023-12-06T00:00:00+00:00
[2023-12-06T18:41:58.642+0000] {processor.py:179} INFO - Processing /usr/local/lib/python3.10/dist-packages/airflow/example_dags/example_bash_operator.py took 0.138 seconds
[2023-12-06T18:42:44.898+0000] {processor.py:157} INFO - Started process (PID=4957) to work on /usr/local/lib/python3.10/dist-packages/airflow/example_dags/example_bash_operator.py
[2023-12-06T18:42:44.900+0000] {processor.py:829} INFO - Processing file /usr/local/lib/python3.10/dist-packages/airflow/example_dags/example_bash_operator.py for tasks to queue
[2023-12-06T18:42:44.901+0000] {logging_mixin.py:154} INFO - [2023-12-06T18:42:44.901+0000] {dagbag.py:536} INFO - Filling up the DagBag from /usr/local/lib/python3.10/dist-packages/airflow/example_dags/example_bash_operator.py
[2023-12-06T18:42:44.914+0000] {processor.py:839} INFO - DAG(s) dict_keys(['example_bash_operator']) retrieved from /usr/local/lib/python3.10/dist-packages/airflow/example_dags/example_bash_operator.py
[2023-12-06T18:42:44.941+0000] {logging_mixin.py:154} INFO - [2023-12-06T18:42:44.940+0000] {dag.py:2941} INFO - Sync 1 DAGs
[2023-12-06T18:42:44.963+0000] {logging_mixin.py:154} INFO - [2023-12-06T18:42:44.962+0000] {dag.py:3722} INFO - Setting next_dagrun for example_bash_operator to 2023-12-05T00:00:00+00:00, run_after=2023-12-06T00:00:00+00:00
[2023-12-06T18:42:44.985+0000] {processor.py:179} INFO - Processing /usr/local/lib/python3.10/dist-packages/airflow/example_dags/example_bash_operator.py took 0.090 seconds
[2023-12-06T18:43:37.766+0000] {processor.py:157} INFO - Started process (PID=5009) to work on /usr/local/lib/python3.10/dist-packages/airflow/example_dags/example_bash_operator.py
[2023-12-06T18:43:37.767+0000] {processor.py:829} INFO - Processing file /usr/local/lib/python3.10/dist-packages/airflow/example_dags/example_bash_operator.py for tasks to queue
[2023-12-06T18:43:37.768+0000] {logging_mixin.py:154} INFO - [2023-12-06T18:43:37.768+0000] {dagbag.py:536} INFO - Filling up the DagBag from /usr/local/lib/python3.10/dist-packages/airflow/example_dags/example_bash_operator.py
[2023-12-06T18:43:37.781+0000] {processor.py:839} INFO - DAG(s) dict_keys(['example_bash_operator']) retrieved from /usr/local/lib/python3.10/dist-packages/airflow/example_dags/example_bash_operator.py
[2023-12-06T18:43:37.820+0000] {logging_mixin.py:154} INFO - [2023-12-06T18:43:37.820+0000] {dag.py:2941} INFO - Sync 1 DAGs
[2023-12-06T18:43:37.843+0000] {logging_mixin.py:154} INFO - [2023-12-06T18:43:37.843+0000] {dag.py:3722} INFO - Setting next_dagrun for example_bash_operator to 2023-12-05T00:00:00+00:00, run_after=2023-12-06T00:00:00+00:00
[2023-12-06T18:43:37.866+0000] {processor.py:179} INFO - Processing /usr/local/lib/python3.10/dist-packages/airflow/example_dags/example_bash_operator.py took 0.104 seconds
[2023-12-06T18:44:26.797+0000] {processor.py:157} INFO - Started process (PID=5059) to work on /usr/local/lib/python3.10/dist-packages/airflow/example_dags/example_bash_operator.py
[2023-12-06T18:44:26.798+0000] {processor.py:829} INFO - Processing file /usr/local/lib/python3.10/dist-packages/airflow/example_dags/example_bash_operator.py for tasks to queue
[2023-12-06T18:44:26.799+0000] {logging_mixin.py:154} INFO - [2023-12-06T18:44:26.798+0000] {dagbag.py:536} INFO - Filling up the DagBag from /usr/local/lib/python3.10/dist-packages/airflow/example_dags/example_bash_operator.py
[2023-12-06T18:44:26.812+0000] {processor.py:839} INFO - DAG(s) dict_keys(['example_bash_operator']) retrieved from /usr/local/lib/python3.10/dist-packages/airflow/example_dags/example_bash_operator.py
[2023-12-06T18:44:26.838+0000] {logging_mixin.py:154} INFO - [2023-12-06T18:44:26.838+0000] {dag.py:2941} INFO - Sync 1 DAGs
[2023-12-06T18:44:26.860+0000] {logging_mixin.py:154} INFO - [2023-12-06T18:44:26.860+0000] {dag.py:3722} INFO - Setting next_dagrun for example_bash_operator to 2023-12-05T00:00:00+00:00, run_after=2023-12-06T00:00:00+00:00
[2023-12-06T18:44:26.882+0000] {processor.py:179} INFO - Processing /usr/local/lib/python3.10/dist-packages/airflow/example_dags/example_bash_operator.py took 0.089 seconds
[2023-12-06T18:45:13.472+0000] {processor.py:157} INFO - Started process (PID=5107) to work on /usr/local/lib/python3.10/dist-packages/airflow/example_dags/example_bash_operator.py
[2023-12-06T18:45:13.473+0000] {processor.py:829} INFO - Processing file /usr/local/lib/python3.10/dist-packages/airflow/example_dags/example_bash_operator.py for tasks to queue
[2023-12-06T18:45:13.474+0000] {logging_mixin.py:154} INFO - [2023-12-06T18:45:13.474+0000] {dagbag.py:536} INFO - Filling up the DagBag from /usr/local/lib/python3.10/dist-packages/airflow/example_dags/example_bash_operator.py
[2023-12-06T18:45:13.487+0000] {processor.py:839} INFO - DAG(s) dict_keys(['example_bash_operator']) retrieved from /usr/local/lib/python3.10/dist-packages/airflow/example_dags/example_bash_operator.py
[2023-12-06T18:45:13.514+0000] {logging_mixin.py:154} INFO - [2023-12-06T18:45:13.513+0000] {dag.py:2941} INFO - Sync 1 DAGs
[2023-12-06T18:45:13.536+0000] {logging_mixin.py:154} INFO - [2023-12-06T18:45:13.536+0000] {dag.py:3722} INFO - Setting next_dagrun for example_bash_operator to 2023-12-05T00:00:00+00:00, run_after=2023-12-06T00:00:00+00:00
[2023-12-06T18:45:13.560+0000] {processor.py:179} INFO - Processing /usr/local/lib/python3.10/dist-packages/airflow/example_dags/example_bash_operator.py took 0.092 seconds
[2023-12-06T18:45:58.806+0000] {processor.py:157} INFO - Started process (PID=5155) to work on /usr/local/lib/python3.10/dist-packages/airflow/example_dags/example_bash_operator.py
[2023-12-06T18:45:58.808+0000] {processor.py:829} INFO - Processing file /usr/local/lib/python3.10/dist-packages/airflow/example_dags/example_bash_operator.py for tasks to queue
[2023-12-06T18:45:58.809+0000] {logging_mixin.py:154} INFO - [2023-12-06T18:45:58.808+0000] {dagbag.py:536} INFO - Filling up the DagBag from /usr/local/lib/python3.10/dist-packages/airflow/example_dags/example_bash_operator.py
[2023-12-06T18:45:58.821+0000] {processor.py:839} INFO - DAG(s) dict_keys(['example_bash_operator']) retrieved from /usr/local/lib/python3.10/dist-packages/airflow/example_dags/example_bash_operator.py
[2023-12-06T18:45:58.847+0000] {logging_mixin.py:154} INFO - [2023-12-06T18:45:58.847+0000] {dag.py:2941} INFO - Sync 1 DAGs
[2023-12-06T18:45:58.869+0000] {logging_mixin.py:154} INFO - [2023-12-06T18:45:58.869+0000] {dag.py:3722} INFO - Setting next_dagrun for example_bash_operator to 2023-12-05T00:00:00+00:00, run_after=2023-12-06T00:00:00+00:00
[2023-12-06T18:45:58.891+0000] {processor.py:179} INFO - Processing /usr/local/lib/python3.10/dist-packages/airflow/example_dags/example_bash_operator.py took 0.088 seconds
[2023-12-06T18:46:43.091+0000] {processor.py:157} INFO - Started process (PID=5201) to work on /usr/local/lib/python3.10/dist-packages/airflow/example_dags/example_bash_operator.py
[2023-12-06T18:46:43.093+0000] {processor.py:829} INFO - Processing file /usr/local/lib/python3.10/dist-packages/airflow/example_dags/example_bash_operator.py for tasks to queue
[2023-12-06T18:46:43.094+0000] {logging_mixin.py:154} INFO - [2023-12-06T18:46:43.094+0000] {dagbag.py:536} INFO - Filling up the DagBag from /usr/local/lib/python3.10/dist-packages/airflow/example_dags/example_bash_operator.py
[2023-12-06T18:46:43.107+0000] {processor.py:839} INFO - DAG(s) dict_keys(['example_bash_operator']) retrieved from /usr/local/lib/python3.10/dist-packages/airflow/example_dags/example_bash_operator.py
[2023-12-06T18:46:43.133+0000] {logging_mixin.py:154} INFO - [2023-12-06T18:46:43.133+0000] {dag.py:2941} INFO - Sync 1 DAGs
[2023-12-06T18:46:43.155+0000] {logging_mixin.py:154} INFO - [2023-12-06T18:46:43.155+0000] {dag.py:3722} INFO - Setting next_dagrun for example_bash_operator to 2023-12-05T00:00:00+00:00, run_after=2023-12-06T00:00:00+00:00
[2023-12-06T18:46:43.177+0000] {processor.py:179} INFO - Processing /usr/local/lib/python3.10/dist-packages/airflow/example_dags/example_bash_operator.py took 0.090 seconds
[2023-12-06T18:47:30.764+0000] {processor.py:157} INFO - Started process (PID=5250) to work on /usr/local/lib/python3.10/dist-packages/airflow/example_dags/example_bash_operator.py
[2023-12-06T18:47:30.766+0000] {processor.py:829} INFO - Processing file /usr/local/lib/python3.10/dist-packages/airflow/example_dags/example_bash_operator.py for tasks to queue
[2023-12-06T18:47:30.766+0000] {logging_mixin.py:154} INFO - [2023-12-06T18:47:30.766+0000] {dagbag.py:536} INFO - Filling up the DagBag from /usr/local/lib/python3.10/dist-packages/airflow/example_dags/example_bash_operator.py
[2023-12-06T18:47:30.779+0000] {processor.py:839} INFO - DAG(s) dict_keys(['example_bash_operator']) retrieved from /usr/local/lib/python3.10/dist-packages/airflow/example_dags/example_bash_operator.py
[2023-12-06T18:47:30.812+0000] {logging_mixin.py:154} INFO - [2023-12-06T18:47:30.811+0000] {dag.py:2941} INFO - Sync 1 DAGs
[2023-12-06T18:47:30.834+0000] {logging_mixin.py:154} INFO - [2023-12-06T18:47:30.833+0000] {dag.py:3722} INFO - Setting next_dagrun for example_bash_operator to 2023-12-05T00:00:00+00:00, run_after=2023-12-06T00:00:00+00:00
[2023-12-06T18:47:30.857+0000] {processor.py:179} INFO - Processing /usr/local/lib/python3.10/dist-packages/airflow/example_dags/example_bash_operator.py took 0.097 seconds
[2023-12-06T18:48:20.981+0000] {processor.py:157} INFO - Started process (PID=5302) to work on /usr/local/lib/python3.10/dist-packages/airflow/example_dags/example_bash_operator.py
[2023-12-06T18:48:20.982+0000] {processor.py:829} INFO - Processing file /usr/local/lib/python3.10/dist-packages/airflow/example_dags/example_bash_operator.py for tasks to queue
[2023-12-06T18:48:20.983+0000] {logging_mixin.py:154} INFO - [2023-12-06T18:48:20.983+0000] {dagbag.py:536} INFO - Filling up the DagBag from /usr/local/lib/python3.10/dist-packages/airflow/example_dags/example_bash_operator.py
[2023-12-06T18:48:20.997+0000] {processor.py:839} INFO - DAG(s) dict_keys(['example_bash_operator']) retrieved from /usr/local/lib/python3.10/dist-packages/airflow/example_dags/example_bash_operator.py
[2023-12-06T18:48:21.024+0000] {logging_mixin.py:154} INFO - [2023-12-06T18:48:21.023+0000] {dag.py:2941} INFO - Sync 1 DAGs
[2023-12-06T18:48:21.046+0000] {logging_mixin.py:154} INFO - [2023-12-06T18:48:21.045+0000] {dag.py:3722} INFO - Setting next_dagrun for example_bash_operator to 2023-12-05T00:00:00+00:00, run_after=2023-12-06T00:00:00+00:00
[2023-12-06T18:48:21.068+0000] {processor.py:179} INFO - Processing /usr/local/lib/python3.10/dist-packages/airflow/example_dags/example_bash_operator.py took 0.090 seconds
[2023-12-06T18:49:09.900+0000] {processor.py:157} INFO - Started process (PID=5351) to work on /usr/local/lib/python3.10/dist-packages/airflow/example_dags/example_bash_operator.py
[2023-12-06T18:49:09.902+0000] {processor.py:829} INFO - Processing file /usr/local/lib/python3.10/dist-packages/airflow/example_dags/example_bash_operator.py for tasks to queue
[2023-12-06T18:49:09.910+0000] {logging_mixin.py:154} INFO - [2023-12-06T18:49:09.902+0000] {dagbag.py:536} INFO - Filling up the DagBag from /usr/local/lib/python3.10/dist-packages/airflow/example_dags/example_bash_operator.py
[2023-12-06T18:49:09.928+0000] {processor.py:839} INFO - DAG(s) dict_keys(['example_bash_operator']) retrieved from /usr/local/lib/python3.10/dist-packages/airflow/example_dags/example_bash_operator.py
[2023-12-06T18:49:09.955+0000] {logging_mixin.py:154} INFO - [2023-12-06T18:49:09.955+0000] {dag.py:2941} INFO - Sync 1 DAGs
[2023-12-06T18:49:09.978+0000] {logging_mixin.py:154} INFO - [2023-12-06T18:49:09.977+0000] {dag.py:3722} INFO - Setting next_dagrun for example_bash_operator to 2023-12-05T00:00:00+00:00, run_after=2023-12-06T00:00:00+00:00
[2023-12-06T18:49:10.006+0000] {processor.py:179} INFO - Processing /usr/local/lib/python3.10/dist-packages/airflow/example_dags/example_bash_operator.py took 0.110 seconds
[2023-12-06T18:49:52.388+0000] {processor.py:157} INFO - Started process (PID=5398) to work on /usr/local/lib/python3.10/dist-packages/airflow/example_dags/example_bash_operator.py
[2023-12-06T18:49:52.389+0000] {processor.py:829} INFO - Processing file /usr/local/lib/python3.10/dist-packages/airflow/example_dags/example_bash_operator.py for tasks to queue
[2023-12-06T18:49:52.390+0000] {logging_mixin.py:154} INFO - [2023-12-06T18:49:52.390+0000] {dagbag.py:536} INFO - Filling up the DagBag from /usr/local/lib/python3.10/dist-packages/airflow/example_dags/example_bash_operator.py
[2023-12-06T18:49:52.403+0000] {processor.py:839} INFO - DAG(s) dict_keys(['example_bash_operator']) retrieved from /usr/local/lib/python3.10/dist-packages/airflow/example_dags/example_bash_operator.py
[2023-12-06T18:49:52.429+0000] {logging_mixin.py:154} INFO - [2023-12-06T18:49:52.429+0000] {dag.py:2941} INFO - Sync 1 DAGs
[2023-12-06T18:49:52.450+0000] {logging_mixin.py:154} INFO - [2023-12-06T18:49:52.450+0000] {dag.py:3722} INFO - Setting next_dagrun for example_bash_operator to 2023-12-05T00:00:00+00:00, run_after=2023-12-06T00:00:00+00:00
[2023-12-06T18:49:52.472+0000] {processor.py:179} INFO - Processing /usr/local/lib/python3.10/dist-packages/airflow/example_dags/example_bash_operator.py took 0.087 seconds
[2023-12-06T18:50:48.842+0000] {processor.py:157} INFO - Started process (PID=5459) to work on /usr/local/lib/python3.10/dist-packages/airflow/example_dags/example_bash_operator.py
[2023-12-06T18:50:48.844+0000] {processor.py:829} INFO - Processing file /usr/local/lib/python3.10/dist-packages/airflow/example_dags/example_bash_operator.py for tasks to queue
[2023-12-06T18:50:48.845+0000] {logging_mixin.py:154} INFO - [2023-12-06T18:50:48.845+0000] {dagbag.py:536} INFO - Filling up the DagBag from /usr/local/lib/python3.10/dist-packages/airflow/example_dags/example_bash_operator.py
[2023-12-06T18:50:48.858+0000] {processor.py:839} INFO - DAG(s) dict_keys(['example_bash_operator']) retrieved from /usr/local/lib/python3.10/dist-packages/airflow/example_dags/example_bash_operator.py
[2023-12-06T18:50:48.885+0000] {logging_mixin.py:154} INFO - [2023-12-06T18:50:48.885+0000] {dag.py:2941} INFO - Sync 1 DAGs
[2023-12-06T18:50:48.908+0000] {logging_mixin.py:154} INFO - [2023-12-06T18:50:48.908+0000] {dag.py:3722} INFO - Setting next_dagrun for example_bash_operator to 2023-12-05T00:00:00+00:00, run_after=2023-12-06T00:00:00+00:00
[2023-12-06T18:50:48.932+0000] {processor.py:179} INFO - Processing /usr/local/lib/python3.10/dist-packages/airflow/example_dags/example_bash_operator.py took 0.093 seconds
[2023-12-06T18:51:45.147+0000] {processor.py:157} INFO - Started process (PID=5519) to work on /usr/local/lib/python3.10/dist-packages/airflow/example_dags/example_bash_operator.py
[2023-12-06T18:51:45.149+0000] {processor.py:829} INFO - Processing file /usr/local/lib/python3.10/dist-packages/airflow/example_dags/example_bash_operator.py for tasks to queue
[2023-12-06T18:51:45.150+0000] {logging_mixin.py:154} INFO - [2023-12-06T18:51:45.149+0000] {dagbag.py:536} INFO - Filling up the DagBag from /usr/local/lib/python3.10/dist-packages/airflow/example_dags/example_bash_operator.py
[2023-12-06T18:51:45.163+0000] {processor.py:839} INFO - DAG(s) dict_keys(['example_bash_operator']) retrieved from /usr/local/lib/python3.10/dist-packages/airflow/example_dags/example_bash_operator.py
[2023-12-06T18:51:45.190+0000] {logging_mixin.py:154} INFO - [2023-12-06T18:51:45.190+0000] {dag.py:2941} INFO - Sync 1 DAGs
[2023-12-06T18:51:45.213+0000] {logging_mixin.py:154} INFO - [2023-12-06T18:51:45.213+0000] {dag.py:3722} INFO - Setting next_dagrun for example_bash_operator to 2023-12-05T00:00:00+00:00, run_after=2023-12-06T00:00:00+00:00
[2023-12-06T18:51:45.236+0000] {processor.py:179} INFO - Processing /usr/local/lib/python3.10/dist-packages/airflow/example_dags/example_bash_operator.py took 0.093 seconds
[2023-12-06T18:52:31.768+0000] {processor.py:157} INFO - Started process (PID=5566) to work on /usr/local/lib/python3.10/dist-packages/airflow/example_dags/example_bash_operator.py
[2023-12-06T18:52:31.770+0000] {processor.py:829} INFO - Processing file /usr/local/lib/python3.10/dist-packages/airflow/example_dags/example_bash_operator.py for tasks to queue
[2023-12-06T18:52:31.771+0000] {logging_mixin.py:154} INFO - [2023-12-06T18:52:31.771+0000] {dagbag.py:536} INFO - Filling up the DagBag from /usr/local/lib/python3.10/dist-packages/airflow/example_dags/example_bash_operator.py
[2023-12-06T18:52:31.784+0000] {processor.py:839} INFO - DAG(s) dict_keys(['example_bash_operator']) retrieved from /usr/local/lib/python3.10/dist-packages/airflow/example_dags/example_bash_operator.py
[2023-12-06T18:52:31.811+0000] {logging_mixin.py:154} INFO - [2023-12-06T18:52:31.811+0000] {dag.py:2941} INFO - Sync 1 DAGs
[2023-12-06T18:52:31.833+0000] {logging_mixin.py:154} INFO - [2023-12-06T18:52:31.833+0000] {dag.py:3722} INFO - Setting next_dagrun for example_bash_operator to 2023-12-05T00:00:00+00:00, run_after=2023-12-06T00:00:00+00:00
[2023-12-06T18:52:31.857+0000] {processor.py:179} INFO - Processing /usr/local/lib/python3.10/dist-packages/airflow/example_dags/example_bash_operator.py took 0.092 seconds
[2023-12-06T18:53:18.549+0000] {processor.py:157} INFO - Started process (PID=5614) to work on /usr/local/lib/python3.10/dist-packages/airflow/example_dags/example_bash_operator.py
[2023-12-06T18:53:18.551+0000] {processor.py:829} INFO - Processing file /usr/local/lib/python3.10/dist-packages/airflow/example_dags/example_bash_operator.py for tasks to queue
[2023-12-06T18:53:18.551+0000] {logging_mixin.py:154} INFO - [2023-12-06T18:53:18.551+0000] {dagbag.py:536} INFO - Filling up the DagBag from /usr/local/lib/python3.10/dist-packages/airflow/example_dags/example_bash_operator.py
[2023-12-06T18:53:18.564+0000] {processor.py:839} INFO - DAG(s) dict_keys(['example_bash_operator']) retrieved from /usr/local/lib/python3.10/dist-packages/airflow/example_dags/example_bash_operator.py
[2023-12-06T18:53:18.590+0000] {logging_mixin.py:154} INFO - [2023-12-06T18:53:18.590+0000] {dag.py:2941} INFO - Sync 1 DAGs
[2023-12-06T18:53:18.612+0000] {logging_mixin.py:154} INFO - [2023-12-06T18:53:18.612+0000] {dag.py:3722} INFO - Setting next_dagrun for example_bash_operator to 2023-12-05T00:00:00+00:00, run_after=2023-12-06T00:00:00+00:00
[2023-12-06T18:53:18.636+0000] {processor.py:179} INFO - Processing /usr/local/lib/python3.10/dist-packages/airflow/example_dags/example_bash_operator.py took 0.090 seconds
[2023-12-06T18:54:15.402+0000] {processor.py:157} INFO - Started process (PID=5673) to work on /usr/local/lib/python3.10/dist-packages/airflow/example_dags/example_bash_operator.py
[2023-12-06T18:54:15.403+0000] {processor.py:829} INFO - Processing file /usr/local/lib/python3.10/dist-packages/airflow/example_dags/example_bash_operator.py for tasks to queue
[2023-12-06T18:54:15.404+0000] {logging_mixin.py:154} INFO - [2023-12-06T18:54:15.404+0000] {dagbag.py:536} INFO - Filling up the DagBag from /usr/local/lib/python3.10/dist-packages/airflow/example_dags/example_bash_operator.py
[2023-12-06T18:54:15.418+0000] {processor.py:839} INFO - DAG(s) dict_keys(['example_bash_operator']) retrieved from /usr/local/lib/python3.10/dist-packages/airflow/example_dags/example_bash_operator.py
[2023-12-06T18:54:15.444+0000] {logging_mixin.py:154} INFO - [2023-12-06T18:54:15.443+0000] {dag.py:2941} INFO - Sync 1 DAGs
[2023-12-06T18:54:15.466+0000] {logging_mixin.py:154} INFO - [2023-12-06T18:54:15.466+0000] {dag.py:3722} INFO - Setting next_dagrun for example_bash_operator to 2023-12-05T00:00:00+00:00, run_after=2023-12-06T00:00:00+00:00
[2023-12-06T18:54:15.489+0000] {processor.py:179} INFO - Processing /usr/local/lib/python3.10/dist-packages/airflow/example_dags/example_bash_operator.py took 0.091 seconds
[2023-12-06T18:55:02.241+0000] {processor.py:157} INFO - Started process (PID=5721) to work on /usr/local/lib/python3.10/dist-packages/airflow/example_dags/example_bash_operator.py
[2023-12-06T18:55:02.242+0000] {processor.py:829} INFO - Processing file /usr/local/lib/python3.10/dist-packages/airflow/example_dags/example_bash_operator.py for tasks to queue
[2023-12-06T18:55:02.248+0000] {logging_mixin.py:154} INFO - [2023-12-06T18:55:02.247+0000] {dagbag.py:536} INFO - Filling up the DagBag from /usr/local/lib/python3.10/dist-packages/airflow/example_dags/example_bash_operator.py
[2023-12-06T18:55:02.265+0000] {processor.py:839} INFO - DAG(s) dict_keys(['example_bash_operator']) retrieved from /usr/local/lib/python3.10/dist-packages/airflow/example_dags/example_bash_operator.py
[2023-12-06T18:55:02.308+0000] {logging_mixin.py:154} INFO - [2023-12-06T18:55:02.307+0000] {dag.py:2941} INFO - Sync 1 DAGs
[2023-12-06T18:55:02.347+0000] {logging_mixin.py:154} INFO - [2023-12-06T18:55:02.347+0000] {dag.py:3722} INFO - Setting next_dagrun for example_bash_operator to 2023-12-05T00:00:00+00:00, run_after=2023-12-06T00:00:00+00:00
[2023-12-06T18:55:02.385+0000] {processor.py:179} INFO - Processing /usr/local/lib/python3.10/dist-packages/airflow/example_dags/example_bash_operator.py took 0.149 seconds
[2023-12-06T18:55:47.829+0000] {processor.py:157} INFO - Started process (PID=5768) to work on /usr/local/lib/python3.10/dist-packages/airflow/example_dags/example_bash_operator.py
[2023-12-06T18:55:47.830+0000] {processor.py:829} INFO - Processing file /usr/local/lib/python3.10/dist-packages/airflow/example_dags/example_bash_operator.py for tasks to queue
[2023-12-06T18:55:47.831+0000] {logging_mixin.py:154} INFO - [2023-12-06T18:55:47.831+0000] {dagbag.py:536} INFO - Filling up the DagBag from /usr/local/lib/python3.10/dist-packages/airflow/example_dags/example_bash_operator.py
[2023-12-06T18:55:47.844+0000] {processor.py:839} INFO - DAG(s) dict_keys(['example_bash_operator']) retrieved from /usr/local/lib/python3.10/dist-packages/airflow/example_dags/example_bash_operator.py
[2023-12-06T18:55:47.872+0000] {logging_mixin.py:154} INFO - [2023-12-06T18:55:47.871+0000] {dag.py:2941} INFO - Sync 1 DAGs
[2023-12-06T18:55:47.894+0000] {logging_mixin.py:154} INFO - [2023-12-06T18:55:47.894+0000] {dag.py:3722} INFO - Setting next_dagrun for example_bash_operator to 2023-12-05T00:00:00+00:00, run_after=2023-12-06T00:00:00+00:00
[2023-12-06T18:55:47.918+0000] {processor.py:179} INFO - Processing /usr/local/lib/python3.10/dist-packages/airflow/example_dags/example_bash_operator.py took 0.093 seconds
[2023-12-06T18:56:34.094+0000] {processor.py:157} INFO - Started process (PID=5816) to work on /usr/local/lib/python3.10/dist-packages/airflow/example_dags/example_bash_operator.py
[2023-12-06T18:56:34.095+0000] {processor.py:829} INFO - Processing file /usr/local/lib/python3.10/dist-packages/airflow/example_dags/example_bash_operator.py for tasks to queue
[2023-12-06T18:56:34.096+0000] {logging_mixin.py:154} INFO - [2023-12-06T18:56:34.096+0000] {dagbag.py:536} INFO - Filling up the DagBag from /usr/local/lib/python3.10/dist-packages/airflow/example_dags/example_bash_operator.py
[2023-12-06T18:56:34.110+0000] {processor.py:839} INFO - DAG(s) dict_keys(['example_bash_operator']) retrieved from /usr/local/lib/python3.10/dist-packages/airflow/example_dags/example_bash_operator.py
[2023-12-06T18:56:34.136+0000] {logging_mixin.py:154} INFO - [2023-12-06T18:56:34.136+0000] {dag.py:2941} INFO - Sync 1 DAGs
[2023-12-06T18:56:34.158+0000] {logging_mixin.py:154} INFO - [2023-12-06T18:56:34.157+0000] {dag.py:3722} INFO - Setting next_dagrun for example_bash_operator to 2023-12-05T00:00:00+00:00, run_after=2023-12-06T00:00:00+00:00
[2023-12-06T18:56:34.180+0000] {processor.py:179} INFO - Processing /usr/local/lib/python3.10/dist-packages/airflow/example_dags/example_bash_operator.py took 0.090 seconds
[2023-12-06T18:57:19.645+0000] {processor.py:157} INFO - Started process (PID=5865) to work on /usr/local/lib/python3.10/dist-packages/airflow/example_dags/example_bash_operator.py
[2023-12-06T18:57:19.646+0000] {processor.py:829} INFO - Processing file /usr/local/lib/python3.10/dist-packages/airflow/example_dags/example_bash_operator.py for tasks to queue
[2023-12-06T18:57:19.647+0000] {logging_mixin.py:154} INFO - [2023-12-06T18:57:19.646+0000] {dagbag.py:536} INFO - Filling up the DagBag from /usr/local/lib/python3.10/dist-packages/airflow/example_dags/example_bash_operator.py
[2023-12-06T18:57:19.660+0000] {processor.py:839} INFO - DAG(s) dict_keys(['example_bash_operator']) retrieved from /usr/local/lib/python3.10/dist-packages/airflow/example_dags/example_bash_operator.py
[2023-12-06T18:57:19.686+0000] {logging_mixin.py:154} INFO - [2023-12-06T18:57:19.685+0000] {dag.py:2941} INFO - Sync 1 DAGs
[2023-12-06T18:57:19.708+0000] {logging_mixin.py:154} INFO - [2023-12-06T18:57:19.708+0000] {dag.py:3722} INFO - Setting next_dagrun for example_bash_operator to 2023-12-05T00:00:00+00:00, run_after=2023-12-06T00:00:00+00:00
[2023-12-06T18:57:19.730+0000] {processor.py:179} INFO - Processing /usr/local/lib/python3.10/dist-packages/airflow/example_dags/example_bash_operator.py took 0.090 seconds
[2023-12-06T18:58:08.199+0000] {processor.py:157} INFO - Started process (PID=5915) to work on /usr/local/lib/python3.10/dist-packages/airflow/example_dags/example_bash_operator.py
[2023-12-06T18:58:08.201+0000] {processor.py:829} INFO - Processing file /usr/local/lib/python3.10/dist-packages/airflow/example_dags/example_bash_operator.py for tasks to queue
[2023-12-06T18:58:08.202+0000] {logging_mixin.py:154} INFO - [2023-12-06T18:58:08.201+0000] {dagbag.py:536} INFO - Filling up the DagBag from /usr/local/lib/python3.10/dist-packages/airflow/example_dags/example_bash_operator.py
[2023-12-06T18:58:08.215+0000] {processor.py:839} INFO - DAG(s) dict_keys(['example_bash_operator']) retrieved from /usr/local/lib/python3.10/dist-packages/airflow/example_dags/example_bash_operator.py
[2023-12-06T18:58:08.242+0000] {logging_mixin.py:154} INFO - [2023-12-06T18:58:08.242+0000] {dag.py:2941} INFO - Sync 1 DAGs
[2023-12-06T18:58:08.264+0000] {logging_mixin.py:154} INFO - [2023-12-06T18:58:08.264+0000] {dag.py:3722} INFO - Setting next_dagrun for example_bash_operator to 2023-12-05T00:00:00+00:00, run_after=2023-12-06T00:00:00+00:00
[2023-12-06T18:58:08.289+0000] {processor.py:179} INFO - Processing /usr/local/lib/python3.10/dist-packages/airflow/example_dags/example_bash_operator.py took 0.093 seconds
[2023-12-06T18:59:07.004+0000] {processor.py:157} INFO - Started process (PID=5976) to work on /usr/local/lib/python3.10/dist-packages/airflow/example_dags/example_bash_operator.py
[2023-12-06T18:59:07.006+0000] {processor.py:829} INFO - Processing file /usr/local/lib/python3.10/dist-packages/airflow/example_dags/example_bash_operator.py for tasks to queue
[2023-12-06T18:59:07.007+0000] {logging_mixin.py:154} INFO - [2023-12-06T18:59:07.006+0000] {dagbag.py:536} INFO - Filling up the DagBag from /usr/local/lib/python3.10/dist-packages/airflow/example_dags/example_bash_operator.py
[2023-12-06T18:59:07.020+0000] {processor.py:839} INFO - DAG(s) dict_keys(['example_bash_operator']) retrieved from /usr/local/lib/python3.10/dist-packages/airflow/example_dags/example_bash_operator.py
[2023-12-06T18:59:07.046+0000] {logging_mixin.py:154} INFO - [2023-12-06T18:59:07.046+0000] {dag.py:2941} INFO - Sync 1 DAGs
[2023-12-06T18:59:07.068+0000] {logging_mixin.py:154} INFO - [2023-12-06T18:59:07.068+0000] {dag.py:3722} INFO - Setting next_dagrun for example_bash_operator to 2023-12-05T00:00:00+00:00, run_after=2023-12-06T00:00:00+00:00
[2023-12-06T18:59:07.091+0000] {processor.py:179} INFO - Processing /usr/local/lib/python3.10/dist-packages/airflow/example_dags/example_bash_operator.py took 0.090 seconds
[2023-12-06T18:59:52.948+0000] {processor.py:157} INFO - Started process (PID=6089) to work on /usr/local/lib/python3.10/dist-packages/airflow/example_dags/example_bash_operator.py
[2023-12-06T18:59:52.950+0000] {processor.py:829} INFO - Processing file /usr/local/lib/python3.10/dist-packages/airflow/example_dags/example_bash_operator.py for tasks to queue
[2023-12-06T18:59:52.950+0000] {logging_mixin.py:154} INFO - [2023-12-06T18:59:52.950+0000] {dagbag.py:536} INFO - Filling up the DagBag from /usr/local/lib/python3.10/dist-packages/airflow/example_dags/example_bash_operator.py
[2023-12-06T18:59:52.963+0000] {processor.py:839} INFO - DAG(s) dict_keys(['example_bash_operator']) retrieved from /usr/local/lib/python3.10/dist-packages/airflow/example_dags/example_bash_operator.py
[2023-12-06T18:59:52.990+0000] {logging_mixin.py:154} INFO - [2023-12-06T18:59:52.989+0000] {dag.py:2941} INFO - Sync 1 DAGs
[2023-12-06T18:59:53.011+0000] {logging_mixin.py:154} INFO - [2023-12-06T18:59:53.011+0000] {dag.py:3722} INFO - Setting next_dagrun for example_bash_operator to 2023-12-05T00:00:00+00:00, run_after=2023-12-06T00:00:00+00:00
[2023-12-06T18:59:53.035+0000] {processor.py:179} INFO - Processing /usr/local/lib/python3.10/dist-packages/airflow/example_dags/example_bash_operator.py took 0.091 seconds
[2023-12-06T19:00:45.455+0000] {processor.py:157} INFO - Started process (PID=6379) to work on /usr/local/lib/python3.10/dist-packages/airflow/example_dags/example_bash_operator.py
[2023-12-06T19:00:45.456+0000] {processor.py:829} INFO - Processing file /usr/local/lib/python3.10/dist-packages/airflow/example_dags/example_bash_operator.py for tasks to queue
[2023-12-06T19:00:45.457+0000] {logging_mixin.py:154} INFO - [2023-12-06T19:00:45.457+0000] {dagbag.py:536} INFO - Filling up the DagBag from /usr/local/lib/python3.10/dist-packages/airflow/example_dags/example_bash_operator.py
[2023-12-06T19:00:45.470+0000] {processor.py:839} INFO - DAG(s) dict_keys(['example_bash_operator']) retrieved from /usr/local/lib/python3.10/dist-packages/airflow/example_dags/example_bash_operator.py
[2023-12-06T19:00:45.497+0000] {logging_mixin.py:154} INFO - [2023-12-06T19:00:45.496+0000] {dag.py:2941} INFO - Sync 1 DAGs
[2023-12-06T19:00:45.519+0000] {logging_mixin.py:154} INFO - [2023-12-06T19:00:45.519+0000] {dag.py:3722} INFO - Setting next_dagrun for example_bash_operator to 2023-12-05T00:00:00+00:00, run_after=2023-12-06T00:00:00+00:00
[2023-12-06T19:00:45.542+0000] {processor.py:179} INFO - Processing /usr/local/lib/python3.10/dist-packages/airflow/example_dags/example_bash_operator.py took 0.091 seconds
[2023-12-06T19:01:35.246+0000] {processor.py:157} INFO - Started process (PID=6483) to work on /usr/local/lib/python3.10/dist-packages/airflow/example_dags/example_bash_operator.py
[2023-12-06T19:01:35.249+0000] {processor.py:829} INFO - Processing file /usr/local/lib/python3.10/dist-packages/airflow/example_dags/example_bash_operator.py for tasks to queue
[2023-12-06T19:01:35.249+0000] {logging_mixin.py:154} INFO - [2023-12-06T19:01:35.249+0000] {dagbag.py:536} INFO - Filling up the DagBag from /usr/local/lib/python3.10/dist-packages/airflow/example_dags/example_bash_operator.py
[2023-12-06T19:01:35.262+0000] {processor.py:839} INFO - DAG(s) dict_keys(['example_bash_operator']) retrieved from /usr/local/lib/python3.10/dist-packages/airflow/example_dags/example_bash_operator.py
[2023-12-06T19:01:35.288+0000] {logging_mixin.py:154} INFO - [2023-12-06T19:01:35.288+0000] {dag.py:2941} INFO - Sync 1 DAGs
[2023-12-06T19:01:35.311+0000] {logging_mixin.py:154} INFO - [2023-12-06T19:01:35.311+0000] {dag.py:3722} INFO - Setting next_dagrun for example_bash_operator to 2023-12-05T00:00:00+00:00, run_after=2023-12-06T00:00:00+00:00
[2023-12-06T19:01:35.334+0000] {processor.py:179} INFO - Processing /usr/local/lib/python3.10/dist-packages/airflow/example_dags/example_bash_operator.py took 0.091 seconds
[2023-12-06T19:02:21.523+0000] {processor.py:157} INFO - Started process (PID=6533) to work on /usr/local/lib/python3.10/dist-packages/airflow/example_dags/example_bash_operator.py
[2023-12-06T19:02:21.524+0000] {processor.py:829} INFO - Processing file /usr/local/lib/python3.10/dist-packages/airflow/example_dags/example_bash_operator.py for tasks to queue
[2023-12-06T19:02:21.525+0000] {logging_mixin.py:154} INFO - [2023-12-06T19:02:21.525+0000] {dagbag.py:536} INFO - Filling up the DagBag from /usr/local/lib/python3.10/dist-packages/airflow/example_dags/example_bash_operator.py
[2023-12-06T19:02:21.538+0000] {processor.py:839} INFO - DAG(s) dict_keys(['example_bash_operator']) retrieved from /usr/local/lib/python3.10/dist-packages/airflow/example_dags/example_bash_operator.py
[2023-12-06T19:02:21.564+0000] {logging_mixin.py:154} INFO - [2023-12-06T19:02:21.564+0000] {dag.py:2941} INFO - Sync 1 DAGs
[2023-12-06T19:02:21.586+0000] {logging_mixin.py:154} INFO - [2023-12-06T19:02:21.586+0000] {dag.py:3722} INFO - Setting next_dagrun for example_bash_operator to 2023-12-05T00:00:00+00:00, run_after=2023-12-06T00:00:00+00:00
[2023-12-06T19:02:21.631+0000] {processor.py:179} INFO - Processing /usr/local/lib/python3.10/dist-packages/airflow/example_dags/example_bash_operator.py took 0.112 seconds
[2023-12-06T19:03:20.978+0000] {processor.py:157} INFO - Started process (PID=6593) to work on /usr/local/lib/python3.10/dist-packages/airflow/example_dags/example_bash_operator.py
[2023-12-06T19:03:20.981+0000] {processor.py:829} INFO - Processing file /usr/local/lib/python3.10/dist-packages/airflow/example_dags/example_bash_operator.py for tasks to queue
[2023-12-06T19:03:20.981+0000] {logging_mixin.py:154} INFO - [2023-12-06T19:03:20.981+0000] {dagbag.py:536} INFO - Filling up the DagBag from /usr/local/lib/python3.10/dist-packages/airflow/example_dags/example_bash_operator.py
[2023-12-06T19:03:20.995+0000] {processor.py:839} INFO - DAG(s) dict_keys(['example_bash_operator']) retrieved from /usr/local/lib/python3.10/dist-packages/airflow/example_dags/example_bash_operator.py
[2023-12-06T19:03:21.022+0000] {logging_mixin.py:154} INFO - [2023-12-06T19:03:21.022+0000] {dag.py:2941} INFO - Sync 1 DAGs
[2023-12-06T19:03:21.044+0000] {logging_mixin.py:154} INFO - [2023-12-06T19:03:21.044+0000] {dag.py:3722} INFO - Setting next_dagrun for example_bash_operator to 2023-12-05T00:00:00+00:00, run_after=2023-12-06T00:00:00+00:00
[2023-12-06T19:03:21.070+0000] {processor.py:179} INFO - Processing /usr/local/lib/python3.10/dist-packages/airflow/example_dags/example_bash_operator.py took 0.095 seconds
[2023-12-06T19:04:12.037+0000] {processor.py:157} INFO - Started process (PID=6644) to work on /usr/local/lib/python3.10/dist-packages/airflow/example_dags/example_bash_operator.py
[2023-12-06T19:04:12.039+0000] {processor.py:829} INFO - Processing file /usr/local/lib/python3.10/dist-packages/airflow/example_dags/example_bash_operator.py for tasks to queue
[2023-12-06T19:04:12.039+0000] {logging_mixin.py:154} INFO - [2023-12-06T19:04:12.039+0000] {dagbag.py:536} INFO - Filling up the DagBag from /usr/local/lib/python3.10/dist-packages/airflow/example_dags/example_bash_operator.py
[2023-12-06T19:04:12.053+0000] {processor.py:839} INFO - DAG(s) dict_keys(['example_bash_operator']) retrieved from /usr/local/lib/python3.10/dist-packages/airflow/example_dags/example_bash_operator.py
[2023-12-06T19:04:12.080+0000] {logging_mixin.py:154} INFO - [2023-12-06T19:04:12.079+0000] {dag.py:2941} INFO - Sync 1 DAGs
[2023-12-06T19:04:12.103+0000] {logging_mixin.py:154} INFO - [2023-12-06T19:04:12.103+0000] {dag.py:3722} INFO - Setting next_dagrun for example_bash_operator to 2023-12-05T00:00:00+00:00, run_after=2023-12-06T00:00:00+00:00
[2023-12-06T19:04:12.127+0000] {processor.py:179} INFO - Processing /usr/local/lib/python3.10/dist-packages/airflow/example_dags/example_bash_operator.py took 0.094 seconds
[2023-12-06T19:04:58.787+0000] {processor.py:157} INFO - Started process (PID=6855) to work on /usr/local/lib/python3.10/dist-packages/airflow/example_dags/example_bash_operator.py
[2023-12-06T19:04:58.788+0000] {processor.py:829} INFO - Processing file /usr/local/lib/python3.10/dist-packages/airflow/example_dags/example_bash_operator.py for tasks to queue
[2023-12-06T19:04:58.789+0000] {logging_mixin.py:154} INFO - [2023-12-06T19:04:58.789+0000] {dagbag.py:536} INFO - Filling up the DagBag from /usr/local/lib/python3.10/dist-packages/airflow/example_dags/example_bash_operator.py
[2023-12-06T19:04:58.803+0000] {processor.py:839} INFO - DAG(s) dict_keys(['example_bash_operator']) retrieved from /usr/local/lib/python3.10/dist-packages/airflow/example_dags/example_bash_operator.py
[2023-12-06T19:04:58.829+0000] {logging_mixin.py:154} INFO - [2023-12-06T19:04:58.829+0000] {dag.py:2941} INFO - Sync 1 DAGs
[2023-12-06T19:04:58.853+0000] {logging_mixin.py:154} INFO - [2023-12-06T19:04:58.853+0000] {dag.py:3722} INFO - Setting next_dagrun for example_bash_operator to 2023-12-05T00:00:00+00:00, run_after=2023-12-06T00:00:00+00:00
[2023-12-06T19:04:58.875+0000] {processor.py:179} INFO - Processing /usr/local/lib/python3.10/dist-packages/airflow/example_dags/example_bash_operator.py took 0.092 seconds
[2023-12-06T19:05:50.065+0000] {processor.py:157} INFO - Started process (PID=6912) to work on /usr/local/lib/python3.10/dist-packages/airflow/example_dags/example_bash_operator.py
[2023-12-06T19:05:50.067+0000] {processor.py:829} INFO - Processing file /usr/local/lib/python3.10/dist-packages/airflow/example_dags/example_bash_operator.py for tasks to queue
[2023-12-06T19:05:50.068+0000] {logging_mixin.py:154} INFO - [2023-12-06T19:05:50.067+0000] {dagbag.py:536} INFO - Filling up the DagBag from /usr/local/lib/python3.10/dist-packages/airflow/example_dags/example_bash_operator.py
[2023-12-06T19:05:50.081+0000] {processor.py:839} INFO - DAG(s) dict_keys(['example_bash_operator']) retrieved from /usr/local/lib/python3.10/dist-packages/airflow/example_dags/example_bash_operator.py
[2023-12-06T19:05:50.109+0000] {logging_mixin.py:154} INFO - [2023-12-06T19:05:50.109+0000] {dag.py:2941} INFO - Sync 1 DAGs
[2023-12-06T19:05:50.132+0000] {logging_mixin.py:154} INFO - [2023-12-06T19:05:50.131+0000] {dag.py:3722} INFO - Setting next_dagrun for example_bash_operator to 2023-12-05T00:00:00+00:00, run_after=2023-12-06T00:00:00+00:00
[2023-12-06T19:05:50.155+0000] {processor.py:179} INFO - Processing /usr/local/lib/python3.10/dist-packages/airflow/example_dags/example_bash_operator.py took 0.094 seconds
[2023-12-06T19:06:36.546+0000] {processor.py:157} INFO - Started process (PID=6960) to work on /usr/local/lib/python3.10/dist-packages/airflow/example_dags/example_bash_operator.py
[2023-12-06T19:06:36.548+0000] {processor.py:829} INFO - Processing file /usr/local/lib/python3.10/dist-packages/airflow/example_dags/example_bash_operator.py for tasks to queue
[2023-12-06T19:06:36.549+0000] {logging_mixin.py:154} INFO - [2023-12-06T19:06:36.549+0000] {dagbag.py:536} INFO - Filling up the DagBag from /usr/local/lib/python3.10/dist-packages/airflow/example_dags/example_bash_operator.py
[2023-12-06T19:06:36.562+0000] {processor.py:839} INFO - DAG(s) dict_keys(['example_bash_operator']) retrieved from /usr/local/lib/python3.10/dist-packages/airflow/example_dags/example_bash_operator.py
[2023-12-06T19:06:36.589+0000] {logging_mixin.py:154} INFO - [2023-12-06T19:06:36.589+0000] {dag.py:2941} INFO - Sync 1 DAGs
[2023-12-06T19:06:36.613+0000] {logging_mixin.py:154} INFO - [2023-12-06T19:06:36.612+0000] {dag.py:3722} INFO - Setting next_dagrun for example_bash_operator to 2023-12-05T00:00:00+00:00, run_after=2023-12-06T00:00:00+00:00
[2023-12-06T19:06:36.637+0000] {processor.py:179} INFO - Processing /usr/local/lib/python3.10/dist-packages/airflow/example_dags/example_bash_operator.py took 0.095 seconds
[2023-12-06T19:07:23.381+0000] {processor.py:157} INFO - Started process (PID=7007) to work on /usr/local/lib/python3.10/dist-packages/airflow/example_dags/example_bash_operator.py
[2023-12-06T19:07:23.383+0000] {processor.py:829} INFO - Processing file /usr/local/lib/python3.10/dist-packages/airflow/example_dags/example_bash_operator.py for tasks to queue
[2023-12-06T19:07:23.384+0000] {logging_mixin.py:154} INFO - [2023-12-06T19:07:23.384+0000] {dagbag.py:536} INFO - Filling up the DagBag from /usr/local/lib/python3.10/dist-packages/airflow/example_dags/example_bash_operator.py
[2023-12-06T19:07:23.397+0000] {processor.py:839} INFO - DAG(s) dict_keys(['example_bash_operator']) retrieved from /usr/local/lib/python3.10/dist-packages/airflow/example_dags/example_bash_operator.py
[2023-12-06T19:07:23.423+0000] {logging_mixin.py:154} INFO - [2023-12-06T19:07:23.423+0000] {dag.py:2941} INFO - Sync 1 DAGs
[2023-12-06T19:07:23.457+0000] {logging_mixin.py:154} INFO - [2023-12-06T19:07:23.457+0000] {dag.py:3722} INFO - Setting next_dagrun for example_bash_operator to 2023-12-05T00:00:00+00:00, run_after=2023-12-06T00:00:00+00:00
[2023-12-06T19:07:23.486+0000] {processor.py:179} INFO - Processing /usr/local/lib/python3.10/dist-packages/airflow/example_dags/example_bash_operator.py took 0.109 seconds
