[2023-12-06T18:22:26.228+0000] {processor.py:157} INFO - Started process (PID=3700) to work on /usr/local/lib/python3.10/dist-packages/airflow/example_dags/example_dag_decorator.py
[2023-12-06T18:22:26.228+0000] {processor.py:829} INFO - Processing file /usr/local/lib/python3.10/dist-packages/airflow/example_dags/example_dag_decorator.py for tasks to queue
[2023-12-06T18:22:26.229+0000] {logging_mixin.py:154} INFO - [2023-12-06T18:22:26.229+0000] {dagbag.py:536} INFO - Filling up the DagBag from /usr/local/lib/python3.10/dist-packages/airflow/example_dags/example_dag_decorator.py
[2023-12-06T18:22:26.243+0000] {processor.py:839} INFO - DAG(s) dict_keys(['example_dag_decorator']) retrieved from /usr/local/lib/python3.10/dist-packages/airflow/example_dags/example_dag_decorator.py
[2023-12-06T18:22:26.356+0000] {logging_mixin.py:154} INFO - [2023-12-06T18:22:26.356+0000] {manager.py:499} INFO - Created Permission View: %s
[2023-12-06T18:22:26.370+0000] {logging_mixin.py:154} INFO - [2023-12-06T18:22:26.369+0000] {manager.py:499} INFO - Created Permission View: %s
[2023-12-06T18:22:26.379+0000] {logging_mixin.py:154} INFO - [2023-12-06T18:22:26.379+0000] {manager.py:499} INFO - Created Permission View: %s
[2023-12-06T18:22:26.380+0000] {logging_mixin.py:154} INFO - [2023-12-06T18:22:26.380+0000] {dag.py:2941} INFO - Sync 1 DAGs
[2023-12-06T18:22:26.390+0000] {logging_mixin.py:154} INFO - [2023-12-06T18:22:26.390+0000] {dag.py:2963} INFO - Creating ORM DAG for example_dag_decorator
[2023-12-06T18:22:26.391+0000] {logging_mixin.py:154} INFO - [2023-12-06T18:22:26.391+0000] {dag.py:3722} INFO - Setting next_dagrun for example_dag_decorator to None, run_after=None
[2023-12-06T18:22:26.414+0000] {processor.py:179} INFO - Processing /usr/local/lib/python3.10/dist-packages/airflow/example_dags/example_dag_decorator.py took 0.190 seconds
[2023-12-06T18:23:20.212+0000] {processor.py:157} INFO - Started process (PID=3758) to work on /usr/local/lib/python3.10/dist-packages/airflow/example_dags/example_dag_decorator.py
[2023-12-06T18:23:20.214+0000] {processor.py:829} INFO - Processing file /usr/local/lib/python3.10/dist-packages/airflow/example_dags/example_dag_decorator.py for tasks to queue
[2023-12-06T18:23:20.215+0000] {logging_mixin.py:154} INFO - [2023-12-06T18:23:20.214+0000] {dagbag.py:536} INFO - Filling up the DagBag from /usr/local/lib/python3.10/dist-packages/airflow/example_dags/example_dag_decorator.py
[2023-12-06T18:23:20.228+0000] {processor.py:839} INFO - DAG(s) dict_keys(['example_dag_decorator']) retrieved from /usr/local/lib/python3.10/dist-packages/airflow/example_dags/example_dag_decorator.py
[2023-12-06T18:23:20.329+0000] {logging_mixin.py:154} INFO - [2023-12-06T18:23:20.328+0000] {dag.py:2941} INFO - Sync 1 DAGs
[2023-12-06T18:23:20.339+0000] {logging_mixin.py:154} INFO - [2023-12-06T18:23:20.339+0000] {dag.py:3722} INFO - Setting next_dagrun for example_dag_decorator to None, run_after=None
[2023-12-06T18:23:20.363+0000] {processor.py:179} INFO - Processing /usr/local/lib/python3.10/dist-packages/airflow/example_dags/example_dag_decorator.py took 0.155 seconds
[2023-12-06T18:24:08.434+0000] {processor.py:157} INFO - Started process (PID=3807) to work on /usr/local/lib/python3.10/dist-packages/airflow/example_dags/example_dag_decorator.py
[2023-12-06T18:24:08.435+0000] {processor.py:829} INFO - Processing file /usr/local/lib/python3.10/dist-packages/airflow/example_dags/example_dag_decorator.py for tasks to queue
[2023-12-06T18:24:08.436+0000] {logging_mixin.py:154} INFO - [2023-12-06T18:24:08.436+0000] {dagbag.py:536} INFO - Filling up the DagBag from /usr/local/lib/python3.10/dist-packages/airflow/example_dags/example_dag_decorator.py
[2023-12-06T18:24:08.449+0000] {processor.py:839} INFO - DAG(s) dict_keys(['example_dag_decorator']) retrieved from /usr/local/lib/python3.10/dist-packages/airflow/example_dags/example_dag_decorator.py
[2023-12-06T18:24:08.559+0000] {logging_mixin.py:154} INFO - [2023-12-06T18:24:08.559+0000] {dag.py:2941} INFO - Sync 1 DAGs
[2023-12-06T18:24:08.569+0000] {logging_mixin.py:154} INFO - [2023-12-06T18:24:08.569+0000] {dag.py:3722} INFO - Setting next_dagrun for example_dag_decorator to None, run_after=None
[2023-12-06T18:24:08.595+0000] {processor.py:179} INFO - Processing /usr/local/lib/python3.10/dist-packages/airflow/example_dags/example_dag_decorator.py took 0.165 seconds
[2023-12-06T18:24:58.535+0000] {processor.py:157} INFO - Started process (PID=3860) to work on /usr/local/lib/python3.10/dist-packages/airflow/example_dags/example_dag_decorator.py
[2023-12-06T18:24:58.537+0000] {processor.py:829} INFO - Processing file /usr/local/lib/python3.10/dist-packages/airflow/example_dags/example_dag_decorator.py for tasks to queue
[2023-12-06T18:24:58.537+0000] {logging_mixin.py:154} INFO - [2023-12-06T18:24:58.537+0000] {dagbag.py:536} INFO - Filling up the DagBag from /usr/local/lib/python3.10/dist-packages/airflow/example_dags/example_dag_decorator.py
[2023-12-06T18:24:58.551+0000] {processor.py:839} INFO - DAG(s) dict_keys(['example_dag_decorator']) retrieved from /usr/local/lib/python3.10/dist-packages/airflow/example_dags/example_dag_decorator.py
[2023-12-06T18:24:58.652+0000] {logging_mixin.py:154} INFO - [2023-12-06T18:24:58.652+0000] {dag.py:2941} INFO - Sync 1 DAGs
[2023-12-06T18:24:58.662+0000] {logging_mixin.py:154} INFO - [2023-12-06T18:24:58.662+0000] {dag.py:3722} INFO - Setting next_dagrun for example_dag_decorator to None, run_after=None
[2023-12-06T18:24:58.685+0000] {processor.py:179} INFO - Processing /usr/local/lib/python3.10/dist-packages/airflow/example_dags/example_dag_decorator.py took 0.154 seconds
[2023-12-06T18:25:43.083+0000] {processor.py:157} INFO - Started process (PID=3908) to work on /usr/local/lib/python3.10/dist-packages/airflow/example_dags/example_dag_decorator.py
[2023-12-06T18:25:43.084+0000] {processor.py:829} INFO - Processing file /usr/local/lib/python3.10/dist-packages/airflow/example_dags/example_dag_decorator.py for tasks to queue
[2023-12-06T18:25:43.085+0000] {logging_mixin.py:154} INFO - [2023-12-06T18:25:43.085+0000] {dagbag.py:536} INFO - Filling up the DagBag from /usr/local/lib/python3.10/dist-packages/airflow/example_dags/example_dag_decorator.py
[2023-12-06T18:25:43.099+0000] {processor.py:839} INFO - DAG(s) dict_keys(['example_dag_decorator']) retrieved from /usr/local/lib/python3.10/dist-packages/airflow/example_dags/example_dag_decorator.py
[2023-12-06T18:25:43.216+0000] {logging_mixin.py:154} INFO - [2023-12-06T18:25:43.216+0000] {dag.py:2941} INFO - Sync 1 DAGs
[2023-12-06T18:25:43.227+0000] {logging_mixin.py:154} INFO - [2023-12-06T18:25:43.226+0000] {dag.py:3722} INFO - Setting next_dagrun for example_dag_decorator to None, run_after=None
[2023-12-06T18:25:43.250+0000] {processor.py:179} INFO - Processing /usr/local/lib/python3.10/dist-packages/airflow/example_dags/example_dag_decorator.py took 0.171 seconds
[2023-12-06T18:26:29.841+0000] {processor.py:157} INFO - Started process (PID=3955) to work on /usr/local/lib/python3.10/dist-packages/airflow/example_dags/example_dag_decorator.py
[2023-12-06T18:26:29.843+0000] {processor.py:829} INFO - Processing file /usr/local/lib/python3.10/dist-packages/airflow/example_dags/example_dag_decorator.py for tasks to queue
[2023-12-06T18:26:29.844+0000] {logging_mixin.py:154} INFO - [2023-12-06T18:26:29.843+0000] {dagbag.py:536} INFO - Filling up the DagBag from /usr/local/lib/python3.10/dist-packages/airflow/example_dags/example_dag_decorator.py
[2023-12-06T18:26:29.858+0000] {processor.py:839} INFO - DAG(s) dict_keys(['example_dag_decorator']) retrieved from /usr/local/lib/python3.10/dist-packages/airflow/example_dags/example_dag_decorator.py
[2023-12-06T18:26:29.969+0000] {logging_mixin.py:154} INFO - [2023-12-06T18:26:29.969+0000] {dag.py:2941} INFO - Sync 1 DAGs
[2023-12-06T18:26:29.979+0000] {logging_mixin.py:154} INFO - [2023-12-06T18:26:29.979+0000] {dag.py:3722} INFO - Setting next_dagrun for example_dag_decorator to None, run_after=None
[2023-12-06T18:26:30.017+0000] {processor.py:179} INFO - Processing /usr/local/lib/python3.10/dist-packages/airflow/example_dags/example_dag_decorator.py took 0.179 seconds
[2023-12-06T18:27:16.049+0000] {processor.py:157} INFO - Started process (PID=4003) to work on /usr/local/lib/python3.10/dist-packages/airflow/example_dags/example_dag_decorator.py
[2023-12-06T18:27:16.051+0000] {processor.py:829} INFO - Processing file /usr/local/lib/python3.10/dist-packages/airflow/example_dags/example_dag_decorator.py for tasks to queue
[2023-12-06T18:27:16.051+0000] {logging_mixin.py:154} INFO - [2023-12-06T18:27:16.051+0000] {dagbag.py:536} INFO - Filling up the DagBag from /usr/local/lib/python3.10/dist-packages/airflow/example_dags/example_dag_decorator.py
[2023-12-06T18:27:16.065+0000] {processor.py:839} INFO - DAG(s) dict_keys(['example_dag_decorator']) retrieved from /usr/local/lib/python3.10/dist-packages/airflow/example_dags/example_dag_decorator.py
[2023-12-06T18:27:16.165+0000] {logging_mixin.py:154} INFO - [2023-12-06T18:27:16.165+0000] {dag.py:2941} INFO - Sync 1 DAGs
[2023-12-06T18:27:16.175+0000] {logging_mixin.py:154} INFO - [2023-12-06T18:27:16.175+0000] {dag.py:3722} INFO - Setting next_dagrun for example_dag_decorator to None, run_after=None
[2023-12-06T18:27:16.206+0000] {processor.py:179} INFO - Processing /usr/local/lib/python3.10/dist-packages/airflow/example_dags/example_dag_decorator.py took 0.160 seconds
[2023-12-06T18:27:58.509+0000] {processor.py:157} INFO - Started process (PID=4049) to work on /usr/local/lib/python3.10/dist-packages/airflow/example_dags/example_dag_decorator.py
[2023-12-06T18:27:58.510+0000] {processor.py:829} INFO - Processing file /usr/local/lib/python3.10/dist-packages/airflow/example_dags/example_dag_decorator.py for tasks to queue
[2023-12-06T18:27:58.511+0000] {logging_mixin.py:154} INFO - [2023-12-06T18:27:58.510+0000] {dagbag.py:536} INFO - Filling up the DagBag from /usr/local/lib/python3.10/dist-packages/airflow/example_dags/example_dag_decorator.py
[2023-12-06T18:27:58.524+0000] {processor.py:839} INFO - DAG(s) dict_keys(['example_dag_decorator']) retrieved from /usr/local/lib/python3.10/dist-packages/airflow/example_dags/example_dag_decorator.py
[2023-12-06T18:27:58.624+0000] {logging_mixin.py:154} INFO - [2023-12-06T18:27:58.623+0000] {dag.py:2941} INFO - Sync 1 DAGs
[2023-12-06T18:27:58.633+0000] {logging_mixin.py:154} INFO - [2023-12-06T18:27:58.633+0000] {dag.py:3722} INFO - Setting next_dagrun for example_dag_decorator to None, run_after=None
[2023-12-06T18:27:58.657+0000] {processor.py:179} INFO - Processing /usr/local/lib/python3.10/dist-packages/airflow/example_dags/example_dag_decorator.py took 0.152 seconds
[2023-12-06T18:28:43.996+0000] {processor.py:157} INFO - Started process (PID=4095) to work on /usr/local/lib/python3.10/dist-packages/airflow/example_dags/example_dag_decorator.py
[2023-12-06T18:28:43.997+0000] {processor.py:829} INFO - Processing file /usr/local/lib/python3.10/dist-packages/airflow/example_dags/example_dag_decorator.py for tasks to queue
[2023-12-06T18:28:43.998+0000] {logging_mixin.py:154} INFO - [2023-12-06T18:28:43.998+0000] {dagbag.py:536} INFO - Filling up the DagBag from /usr/local/lib/python3.10/dist-packages/airflow/example_dags/example_dag_decorator.py
[2023-12-06T18:28:44.012+0000] {processor.py:839} INFO - DAG(s) dict_keys(['example_dag_decorator']) retrieved from /usr/local/lib/python3.10/dist-packages/airflow/example_dags/example_dag_decorator.py
[2023-12-06T18:28:44.112+0000] {logging_mixin.py:154} INFO - [2023-12-06T18:28:44.111+0000] {dag.py:2941} INFO - Sync 1 DAGs
[2023-12-06T18:28:44.121+0000] {logging_mixin.py:154} INFO - [2023-12-06T18:28:44.121+0000] {dag.py:3722} INFO - Setting next_dagrun for example_dag_decorator to None, run_after=None
[2023-12-06T18:28:44.145+0000] {processor.py:179} INFO - Processing /usr/local/lib/python3.10/dist-packages/airflow/example_dags/example_dag_decorator.py took 0.152 seconds
[2023-12-06T18:29:30.971+0000] {processor.py:157} INFO - Started process (PID=4144) to work on /usr/local/lib/python3.10/dist-packages/airflow/example_dags/example_dag_decorator.py
[2023-12-06T18:29:30.973+0000] {processor.py:829} INFO - Processing file /usr/local/lib/python3.10/dist-packages/airflow/example_dags/example_dag_decorator.py for tasks to queue
[2023-12-06T18:29:30.974+0000] {logging_mixin.py:154} INFO - [2023-12-06T18:29:30.974+0000] {dagbag.py:536} INFO - Filling up the DagBag from /usr/local/lib/python3.10/dist-packages/airflow/example_dags/example_dag_decorator.py
[2023-12-06T18:29:30.987+0000] {processor.py:839} INFO - DAG(s) dict_keys(['example_dag_decorator']) retrieved from /usr/local/lib/python3.10/dist-packages/airflow/example_dags/example_dag_decorator.py
[2023-12-06T18:29:31.087+0000] {logging_mixin.py:154} INFO - [2023-12-06T18:29:31.087+0000] {dag.py:2941} INFO - Sync 1 DAGs
[2023-12-06T18:29:31.097+0000] {logging_mixin.py:154} INFO - [2023-12-06T18:29:31.096+0000] {dag.py:3722} INFO - Setting next_dagrun for example_dag_decorator to None, run_after=None
[2023-12-06T18:29:31.127+0000] {processor.py:179} INFO - Processing /usr/local/lib/python3.10/dist-packages/airflow/example_dags/example_dag_decorator.py took 0.159 seconds
[2023-12-06T18:30:14.657+0000] {processor.py:157} INFO - Started process (PID=4190) to work on /usr/local/lib/python3.10/dist-packages/airflow/example_dags/example_dag_decorator.py
[2023-12-06T18:30:14.658+0000] {processor.py:829} INFO - Processing file /usr/local/lib/python3.10/dist-packages/airflow/example_dags/example_dag_decorator.py for tasks to queue
[2023-12-06T18:30:14.659+0000] {logging_mixin.py:154} INFO - [2023-12-06T18:30:14.659+0000] {dagbag.py:536} INFO - Filling up the DagBag from /usr/local/lib/python3.10/dist-packages/airflow/example_dags/example_dag_decorator.py
[2023-12-06T18:30:14.673+0000] {processor.py:839} INFO - DAG(s) dict_keys(['example_dag_decorator']) retrieved from /usr/local/lib/python3.10/dist-packages/airflow/example_dags/example_dag_decorator.py
[2023-12-06T18:30:14.776+0000] {logging_mixin.py:154} INFO - [2023-12-06T18:30:14.776+0000] {dag.py:2941} INFO - Sync 1 DAGs
[2023-12-06T18:30:14.786+0000] {logging_mixin.py:154} INFO - [2023-12-06T18:30:14.786+0000] {dag.py:3722} INFO - Setting next_dagrun for example_dag_decorator to None, run_after=None
[2023-12-06T18:30:14.813+0000] {processor.py:179} INFO - Processing /usr/local/lib/python3.10/dist-packages/airflow/example_dags/example_dag_decorator.py took 0.160 seconds
[2023-12-06T18:31:00.533+0000] {processor.py:157} INFO - Started process (PID=4238) to work on /usr/local/lib/python3.10/dist-packages/airflow/example_dags/example_dag_decorator.py
[2023-12-06T18:31:00.535+0000] {processor.py:829} INFO - Processing file /usr/local/lib/python3.10/dist-packages/airflow/example_dags/example_dag_decorator.py for tasks to queue
[2023-12-06T18:31:00.535+0000] {logging_mixin.py:154} INFO - [2023-12-06T18:31:00.535+0000] {dagbag.py:536} INFO - Filling up the DagBag from /usr/local/lib/python3.10/dist-packages/airflow/example_dags/example_dag_decorator.py
[2023-12-06T18:31:00.548+0000] {processor.py:839} INFO - DAG(s) dict_keys(['example_dag_decorator']) retrieved from /usr/local/lib/python3.10/dist-packages/airflow/example_dags/example_dag_decorator.py
[2023-12-06T18:31:00.654+0000] {logging_mixin.py:154} INFO - [2023-12-06T18:31:00.654+0000] {dag.py:2941} INFO - Sync 1 DAGs
[2023-12-06T18:31:00.665+0000] {logging_mixin.py:154} INFO - [2023-12-06T18:31:00.665+0000] {dag.py:3722} INFO - Setting next_dagrun for example_dag_decorator to None, run_after=None
[2023-12-06T18:31:00.688+0000] {processor.py:179} INFO - Processing /usr/local/lib/python3.10/dist-packages/airflow/example_dags/example_dag_decorator.py took 0.158 seconds
[2023-12-06T18:31:43.532+0000] {processor.py:157} INFO - Started process (PID=4284) to work on /usr/local/lib/python3.10/dist-packages/airflow/example_dags/example_dag_decorator.py
[2023-12-06T18:31:43.533+0000] {processor.py:829} INFO - Processing file /usr/local/lib/python3.10/dist-packages/airflow/example_dags/example_dag_decorator.py for tasks to queue
[2023-12-06T18:31:43.534+0000] {logging_mixin.py:154} INFO - [2023-12-06T18:31:43.534+0000] {dagbag.py:536} INFO - Filling up the DagBag from /usr/local/lib/python3.10/dist-packages/airflow/example_dags/example_dag_decorator.py
[2023-12-06T18:31:43.547+0000] {processor.py:839} INFO - DAG(s) dict_keys(['example_dag_decorator']) retrieved from /usr/local/lib/python3.10/dist-packages/airflow/example_dags/example_dag_decorator.py
[2023-12-06T18:31:43.658+0000] {logging_mixin.py:154} INFO - [2023-12-06T18:31:43.658+0000] {dag.py:2941} INFO - Sync 1 DAGs
[2023-12-06T18:31:43.667+0000] {logging_mixin.py:154} INFO - [2023-12-06T18:31:43.667+0000] {dag.py:3722} INFO - Setting next_dagrun for example_dag_decorator to None, run_after=None
[2023-12-06T18:31:43.689+0000] {processor.py:179} INFO - Processing /usr/local/lib/python3.10/dist-packages/airflow/example_dags/example_dag_decorator.py took 0.161 seconds
[2023-12-06T18:32:26.934+0000] {processor.py:157} INFO - Started process (PID=4329) to work on /usr/local/lib/python3.10/dist-packages/airflow/example_dags/example_dag_decorator.py
[2023-12-06T18:32:26.936+0000] {processor.py:829} INFO - Processing file /usr/local/lib/python3.10/dist-packages/airflow/example_dags/example_dag_decorator.py for tasks to queue
[2023-12-06T18:32:26.936+0000] {logging_mixin.py:154} INFO - [2023-12-06T18:32:26.936+0000] {dagbag.py:536} INFO - Filling up the DagBag from /usr/local/lib/python3.10/dist-packages/airflow/example_dags/example_dag_decorator.py
[2023-12-06T18:32:26.950+0000] {processor.py:839} INFO - DAG(s) dict_keys(['example_dag_decorator']) retrieved from /usr/local/lib/python3.10/dist-packages/airflow/example_dags/example_dag_decorator.py
[2023-12-06T18:32:27.053+0000] {logging_mixin.py:154} INFO - [2023-12-06T18:32:27.053+0000] {dag.py:2941} INFO - Sync 1 DAGs
[2023-12-06T18:32:27.063+0000] {logging_mixin.py:154} INFO - [2023-12-06T18:32:27.063+0000] {dag.py:3722} INFO - Setting next_dagrun for example_dag_decorator to None, run_after=None
[2023-12-06T18:32:27.088+0000] {processor.py:179} INFO - Processing /usr/local/lib/python3.10/dist-packages/airflow/example_dags/example_dag_decorator.py took 0.158 seconds
[2023-12-06T18:33:13.265+0000] {processor.py:157} INFO - Started process (PID=4376) to work on /usr/local/lib/python3.10/dist-packages/airflow/example_dags/example_dag_decorator.py
[2023-12-06T18:33:13.266+0000] {processor.py:829} INFO - Processing file /usr/local/lib/python3.10/dist-packages/airflow/example_dags/example_dag_decorator.py for tasks to queue
[2023-12-06T18:33:13.267+0000] {logging_mixin.py:154} INFO - [2023-12-06T18:33:13.267+0000] {dagbag.py:536} INFO - Filling up the DagBag from /usr/local/lib/python3.10/dist-packages/airflow/example_dags/example_dag_decorator.py
[2023-12-06T18:33:13.280+0000] {processor.py:839} INFO - DAG(s) dict_keys(['example_dag_decorator']) retrieved from /usr/local/lib/python3.10/dist-packages/airflow/example_dags/example_dag_decorator.py
[2023-12-06T18:33:13.381+0000] {logging_mixin.py:154} INFO - [2023-12-06T18:33:13.381+0000] {dag.py:2941} INFO - Sync 1 DAGs
[2023-12-06T18:33:13.391+0000] {logging_mixin.py:154} INFO - [2023-12-06T18:33:13.390+0000] {dag.py:3722} INFO - Setting next_dagrun for example_dag_decorator to None, run_after=None
[2023-12-06T18:33:13.414+0000] {processor.py:179} INFO - Processing /usr/local/lib/python3.10/dist-packages/airflow/example_dags/example_dag_decorator.py took 0.153 seconds
[2023-12-06T18:34:01.013+0000] {processor.py:157} INFO - Started process (PID=4424) to work on /usr/local/lib/python3.10/dist-packages/airflow/example_dags/example_dag_decorator.py
[2023-12-06T18:34:01.015+0000] {processor.py:829} INFO - Processing file /usr/local/lib/python3.10/dist-packages/airflow/example_dags/example_dag_decorator.py for tasks to queue
[2023-12-06T18:34:01.016+0000] {logging_mixin.py:154} INFO - [2023-12-06T18:34:01.015+0000] {dagbag.py:536} INFO - Filling up the DagBag from /usr/local/lib/python3.10/dist-packages/airflow/example_dags/example_dag_decorator.py
[2023-12-06T18:34:01.030+0000] {processor.py:839} INFO - DAG(s) dict_keys(['example_dag_decorator']) retrieved from /usr/local/lib/python3.10/dist-packages/airflow/example_dags/example_dag_decorator.py
[2023-12-06T18:34:01.131+0000] {logging_mixin.py:154} INFO - [2023-12-06T18:34:01.131+0000] {dag.py:2941} INFO - Sync 1 DAGs
[2023-12-06T18:34:01.142+0000] {logging_mixin.py:154} INFO - [2023-12-06T18:34:01.141+0000] {dag.py:3722} INFO - Setting next_dagrun for example_dag_decorator to None, run_after=None
[2023-12-06T18:34:01.164+0000] {processor.py:179} INFO - Processing /usr/local/lib/python3.10/dist-packages/airflow/example_dags/example_dag_decorator.py took 0.154 seconds
[2023-12-06T18:34:47.833+0000] {processor.py:157} INFO - Started process (PID=4473) to work on /usr/local/lib/python3.10/dist-packages/airflow/example_dags/example_dag_decorator.py
[2023-12-06T18:34:47.834+0000] {processor.py:829} INFO - Processing file /usr/local/lib/python3.10/dist-packages/airflow/example_dags/example_dag_decorator.py for tasks to queue
[2023-12-06T18:34:47.835+0000] {logging_mixin.py:154} INFO - [2023-12-06T18:34:47.835+0000] {dagbag.py:536} INFO - Filling up the DagBag from /usr/local/lib/python3.10/dist-packages/airflow/example_dags/example_dag_decorator.py
[2023-12-06T18:34:47.848+0000] {processor.py:839} INFO - DAG(s) dict_keys(['example_dag_decorator']) retrieved from /usr/local/lib/python3.10/dist-packages/airflow/example_dags/example_dag_decorator.py
[2023-12-06T18:34:47.948+0000] {logging_mixin.py:154} INFO - [2023-12-06T18:34:47.948+0000] {dag.py:2941} INFO - Sync 1 DAGs
[2023-12-06T18:34:47.958+0000] {logging_mixin.py:154} INFO - [2023-12-06T18:34:47.958+0000] {dag.py:3722} INFO - Setting next_dagrun for example_dag_decorator to None, run_after=None
[2023-12-06T18:34:47.983+0000] {processor.py:179} INFO - Processing /usr/local/lib/python3.10/dist-packages/airflow/example_dags/example_dag_decorator.py took 0.154 seconds
[2023-12-06T18:35:35.537+0000] {processor.py:157} INFO - Started process (PID=4521) to work on /usr/local/lib/python3.10/dist-packages/airflow/example_dags/example_dag_decorator.py
[2023-12-06T18:35:35.538+0000] {processor.py:829} INFO - Processing file /usr/local/lib/python3.10/dist-packages/airflow/example_dags/example_dag_decorator.py for tasks to queue
[2023-12-06T18:35:35.539+0000] {logging_mixin.py:154} INFO - [2023-12-06T18:35:35.539+0000] {dagbag.py:536} INFO - Filling up the DagBag from /usr/local/lib/python3.10/dist-packages/airflow/example_dags/example_dag_decorator.py
[2023-12-06T18:35:35.553+0000] {processor.py:839} INFO - DAG(s) dict_keys(['example_dag_decorator']) retrieved from /usr/local/lib/python3.10/dist-packages/airflow/example_dags/example_dag_decorator.py
[2023-12-06T18:35:35.655+0000] {logging_mixin.py:154} INFO - [2023-12-06T18:35:35.655+0000] {dag.py:2941} INFO - Sync 1 DAGs
[2023-12-06T18:35:35.665+0000] {logging_mixin.py:154} INFO - [2023-12-06T18:35:35.665+0000] {dag.py:3722} INFO - Setting next_dagrun for example_dag_decorator to None, run_after=None
[2023-12-06T18:35:35.688+0000] {processor.py:179} INFO - Processing /usr/local/lib/python3.10/dist-packages/airflow/example_dags/example_dag_decorator.py took 0.155 seconds
[2023-12-06T18:36:18.795+0000] {processor.py:157} INFO - Started process (PID=4567) to work on /usr/local/lib/python3.10/dist-packages/airflow/example_dags/example_dag_decorator.py
[2023-12-06T18:36:18.797+0000] {processor.py:829} INFO - Processing file /usr/local/lib/python3.10/dist-packages/airflow/example_dags/example_dag_decorator.py for tasks to queue
[2023-12-06T18:36:18.798+0000] {logging_mixin.py:154} INFO - [2023-12-06T18:36:18.797+0000] {dagbag.py:536} INFO - Filling up the DagBag from /usr/local/lib/python3.10/dist-packages/airflow/example_dags/example_dag_decorator.py
[2023-12-06T18:36:18.811+0000] {processor.py:839} INFO - DAG(s) dict_keys(['example_dag_decorator']) retrieved from /usr/local/lib/python3.10/dist-packages/airflow/example_dags/example_dag_decorator.py
[2023-12-06T18:36:18.918+0000] {logging_mixin.py:154} INFO - [2023-12-06T18:36:18.917+0000] {dag.py:2941} INFO - Sync 1 DAGs
[2023-12-06T18:36:18.928+0000] {logging_mixin.py:154} INFO - [2023-12-06T18:36:18.927+0000] {dag.py:3722} INFO - Setting next_dagrun for example_dag_decorator to None, run_after=None
[2023-12-06T18:36:18.955+0000] {processor.py:179} INFO - Processing /usr/local/lib/python3.10/dist-packages/airflow/example_dags/example_dag_decorator.py took 0.164 seconds
[2023-12-06T18:37:07.093+0000] {processor.py:157} INFO - Started process (PID=4616) to work on /usr/local/lib/python3.10/dist-packages/airflow/example_dags/example_dag_decorator.py
[2023-12-06T18:37:07.094+0000] {processor.py:829} INFO - Processing file /usr/local/lib/python3.10/dist-packages/airflow/example_dags/example_dag_decorator.py for tasks to queue
[2023-12-06T18:37:07.095+0000] {logging_mixin.py:154} INFO - [2023-12-06T18:37:07.095+0000] {dagbag.py:536} INFO - Filling up the DagBag from /usr/local/lib/python3.10/dist-packages/airflow/example_dags/example_dag_decorator.py
[2023-12-06T18:37:07.109+0000] {processor.py:839} INFO - DAG(s) dict_keys(['example_dag_decorator']) retrieved from /usr/local/lib/python3.10/dist-packages/airflow/example_dags/example_dag_decorator.py
[2023-12-06T18:37:07.215+0000] {logging_mixin.py:154} INFO - [2023-12-06T18:37:07.215+0000] {dag.py:2941} INFO - Sync 1 DAGs
[2023-12-06T18:37:07.224+0000] {logging_mixin.py:154} INFO - [2023-12-06T18:37:07.224+0000] {dag.py:3722} INFO - Setting next_dagrun for example_dag_decorator to None, run_after=None
[2023-12-06T18:37:07.252+0000] {processor.py:179} INFO - Processing /usr/local/lib/python3.10/dist-packages/airflow/example_dags/example_dag_decorator.py took 0.162 seconds
[2023-12-06T18:37:52.150+0000] {processor.py:157} INFO - Started process (PID=4663) to work on /usr/local/lib/python3.10/dist-packages/airflow/example_dags/example_dag_decorator.py
[2023-12-06T18:37:52.152+0000] {processor.py:829} INFO - Processing file /usr/local/lib/python3.10/dist-packages/airflow/example_dags/example_dag_decorator.py for tasks to queue
[2023-12-06T18:37:52.153+0000] {logging_mixin.py:154} INFO - [2023-12-06T18:37:52.152+0000] {dagbag.py:536} INFO - Filling up the DagBag from /usr/local/lib/python3.10/dist-packages/airflow/example_dags/example_dag_decorator.py
[2023-12-06T18:37:52.166+0000] {processor.py:839} INFO - DAG(s) dict_keys(['example_dag_decorator']) retrieved from /usr/local/lib/python3.10/dist-packages/airflow/example_dags/example_dag_decorator.py
[2023-12-06T18:37:52.268+0000] {logging_mixin.py:154} INFO - [2023-12-06T18:37:52.268+0000] {dag.py:2941} INFO - Sync 1 DAGs
[2023-12-06T18:37:52.278+0000] {logging_mixin.py:154} INFO - [2023-12-06T18:37:52.278+0000] {dag.py:3722} INFO - Setting next_dagrun for example_dag_decorator to None, run_after=None
[2023-12-06T18:37:52.304+0000] {processor.py:179} INFO - Processing /usr/local/lib/python3.10/dist-packages/airflow/example_dags/example_dag_decorator.py took 0.157 seconds
[2023-12-06T18:38:39.282+0000] {processor.py:157} INFO - Started process (PID=4710) to work on /usr/local/lib/python3.10/dist-packages/airflow/example_dags/example_dag_decorator.py
[2023-12-06T18:38:39.283+0000] {processor.py:829} INFO - Processing file /usr/local/lib/python3.10/dist-packages/airflow/example_dags/example_dag_decorator.py for tasks to queue
[2023-12-06T18:38:39.284+0000] {logging_mixin.py:154} INFO - [2023-12-06T18:38:39.284+0000] {dagbag.py:536} INFO - Filling up the DagBag from /usr/local/lib/python3.10/dist-packages/airflow/example_dags/example_dag_decorator.py
[2023-12-06T18:38:39.298+0000] {processor.py:839} INFO - DAG(s) dict_keys(['example_dag_decorator']) retrieved from /usr/local/lib/python3.10/dist-packages/airflow/example_dags/example_dag_decorator.py
[2023-12-06T18:38:39.400+0000] {logging_mixin.py:154} INFO - [2023-12-06T18:38:39.400+0000] {dag.py:2941} INFO - Sync 1 DAGs
[2023-12-06T18:38:39.410+0000] {logging_mixin.py:154} INFO - [2023-12-06T18:38:39.410+0000] {dag.py:3722} INFO - Setting next_dagrun for example_dag_decorator to None, run_after=None
[2023-12-06T18:38:39.433+0000] {processor.py:179} INFO - Processing /usr/local/lib/python3.10/dist-packages/airflow/example_dags/example_dag_decorator.py took 0.155 seconds
[2023-12-06T18:39:26.708+0000] {processor.py:157} INFO - Started process (PID=4758) to work on /usr/local/lib/python3.10/dist-packages/airflow/example_dags/example_dag_decorator.py
[2023-12-06T18:39:26.709+0000] {processor.py:829} INFO - Processing file /usr/local/lib/python3.10/dist-packages/airflow/example_dags/example_dag_decorator.py for tasks to queue
[2023-12-06T18:39:26.710+0000] {logging_mixin.py:154} INFO - [2023-12-06T18:39:26.710+0000] {dagbag.py:536} INFO - Filling up the DagBag from /usr/local/lib/python3.10/dist-packages/airflow/example_dags/example_dag_decorator.py
[2023-12-06T18:39:26.724+0000] {processor.py:839} INFO - DAG(s) dict_keys(['example_dag_decorator']) retrieved from /usr/local/lib/python3.10/dist-packages/airflow/example_dags/example_dag_decorator.py
[2023-12-06T18:39:26.826+0000] {logging_mixin.py:154} INFO - [2023-12-06T18:39:26.825+0000] {dag.py:2941} INFO - Sync 1 DAGs
[2023-12-06T18:39:26.837+0000] {logging_mixin.py:154} INFO - [2023-12-06T18:39:26.837+0000] {dag.py:3722} INFO - Setting next_dagrun for example_dag_decorator to None, run_after=None
[2023-12-06T18:39:26.869+0000] {processor.py:179} INFO - Processing /usr/local/lib/python3.10/dist-packages/airflow/example_dags/example_dag_decorator.py took 0.165 seconds
[2023-12-06T18:40:15.607+0000] {processor.py:157} INFO - Started process (PID=4807) to work on /usr/local/lib/python3.10/dist-packages/airflow/example_dags/example_dag_decorator.py
[2023-12-06T18:40:15.608+0000] {processor.py:829} INFO - Processing file /usr/local/lib/python3.10/dist-packages/airflow/example_dags/example_dag_decorator.py for tasks to queue
[2023-12-06T18:40:15.609+0000] {logging_mixin.py:154} INFO - [2023-12-06T18:40:15.609+0000] {dagbag.py:536} INFO - Filling up the DagBag from /usr/local/lib/python3.10/dist-packages/airflow/example_dags/example_dag_decorator.py
[2023-12-06T18:40:15.622+0000] {processor.py:839} INFO - DAG(s) dict_keys(['example_dag_decorator']) retrieved from /usr/local/lib/python3.10/dist-packages/airflow/example_dags/example_dag_decorator.py
[2023-12-06T18:40:15.739+0000] {logging_mixin.py:154} INFO - [2023-12-06T18:40:15.739+0000] {dag.py:2941} INFO - Sync 1 DAGs
[2023-12-06T18:40:15.755+0000] {logging_mixin.py:154} INFO - [2023-12-06T18:40:15.754+0000] {dag.py:3722} INFO - Setting next_dagrun for example_dag_decorator to None, run_after=None
[2023-12-06T18:40:15.776+0000] {processor.py:179} INFO - Processing /usr/local/lib/python3.10/dist-packages/airflow/example_dags/example_dag_decorator.py took 0.173 seconds
[2023-12-06T18:41:08.257+0000] {processor.py:157} INFO - Started process (PID=4859) to work on /usr/local/lib/python3.10/dist-packages/airflow/example_dags/example_dag_decorator.py
[2023-12-06T18:41:08.259+0000] {processor.py:829} INFO - Processing file /usr/local/lib/python3.10/dist-packages/airflow/example_dags/example_dag_decorator.py for tasks to queue
[2023-12-06T18:41:08.260+0000] {logging_mixin.py:154} INFO - [2023-12-06T18:41:08.259+0000] {dagbag.py:536} INFO - Filling up the DagBag from /usr/local/lib/python3.10/dist-packages/airflow/example_dags/example_dag_decorator.py
[2023-12-06T18:41:08.274+0000] {processor.py:839} INFO - DAG(s) dict_keys(['example_dag_decorator']) retrieved from /usr/local/lib/python3.10/dist-packages/airflow/example_dags/example_dag_decorator.py
[2023-12-06T18:41:08.379+0000] {logging_mixin.py:154} INFO - [2023-12-06T18:41:08.378+0000] {dag.py:2941} INFO - Sync 1 DAGs
[2023-12-06T18:41:08.389+0000] {logging_mixin.py:154} INFO - [2023-12-06T18:41:08.389+0000] {dag.py:3722} INFO - Setting next_dagrun for example_dag_decorator to None, run_after=None
[2023-12-06T18:41:08.441+0000] {processor.py:179} INFO - Processing /usr/local/lib/python3.10/dist-packages/airflow/example_dags/example_dag_decorator.py took 0.187 seconds
[2023-12-06T18:41:54.928+0000] {processor.py:157} INFO - Started process (PID=4908) to work on /usr/local/lib/python3.10/dist-packages/airflow/example_dags/example_dag_decorator.py
[2023-12-06T18:41:54.930+0000] {processor.py:829} INFO - Processing file /usr/local/lib/python3.10/dist-packages/airflow/example_dags/example_dag_decorator.py for tasks to queue
[2023-12-06T18:41:54.930+0000] {logging_mixin.py:154} INFO - [2023-12-06T18:41:54.930+0000] {dagbag.py:536} INFO - Filling up the DagBag from /usr/local/lib/python3.10/dist-packages/airflow/example_dags/example_dag_decorator.py
[2023-12-06T18:41:54.944+0000] {processor.py:839} INFO - DAG(s) dict_keys(['example_dag_decorator']) retrieved from /usr/local/lib/python3.10/dist-packages/airflow/example_dags/example_dag_decorator.py
[2023-12-06T18:41:55.044+0000] {logging_mixin.py:154} INFO - [2023-12-06T18:41:55.044+0000] {dag.py:2941} INFO - Sync 1 DAGs
[2023-12-06T18:41:55.054+0000] {logging_mixin.py:154} INFO - [2023-12-06T18:41:55.054+0000] {dag.py:3722} INFO - Setting next_dagrun for example_dag_decorator to None, run_after=None
[2023-12-06T18:41:55.079+0000] {processor.py:179} INFO - Processing /usr/local/lib/python3.10/dist-packages/airflow/example_dags/example_dag_decorator.py took 0.154 seconds
[2023-12-06T18:42:41.449+0000] {processor.py:157} INFO - Started process (PID=4954) to work on /usr/local/lib/python3.10/dist-packages/airflow/example_dags/example_dag_decorator.py
[2023-12-06T18:42:41.451+0000] {processor.py:829} INFO - Processing file /usr/local/lib/python3.10/dist-packages/airflow/example_dags/example_dag_decorator.py for tasks to queue
[2023-12-06T18:42:41.451+0000] {logging_mixin.py:154} INFO - [2023-12-06T18:42:41.451+0000] {dagbag.py:536} INFO - Filling up the DagBag from /usr/local/lib/python3.10/dist-packages/airflow/example_dags/example_dag_decorator.py
[2023-12-06T18:42:41.465+0000] {processor.py:839} INFO - DAG(s) dict_keys(['example_dag_decorator']) retrieved from /usr/local/lib/python3.10/dist-packages/airflow/example_dags/example_dag_decorator.py
[2023-12-06T18:42:41.567+0000] {logging_mixin.py:154} INFO - [2023-12-06T18:42:41.567+0000] {dag.py:2941} INFO - Sync 1 DAGs
[2023-12-06T18:42:41.577+0000] {logging_mixin.py:154} INFO - [2023-12-06T18:42:41.577+0000] {dag.py:3722} INFO - Setting next_dagrun for example_dag_decorator to None, run_after=None
[2023-12-06T18:42:41.602+0000] {processor.py:179} INFO - Processing /usr/local/lib/python3.10/dist-packages/airflow/example_dags/example_dag_decorator.py took 0.156 seconds
[2023-12-06T18:43:34.137+0000] {processor.py:157} INFO - Started process (PID=5006) to work on /usr/local/lib/python3.10/dist-packages/airflow/example_dags/example_dag_decorator.py
[2023-12-06T18:43:34.139+0000] {processor.py:829} INFO - Processing file /usr/local/lib/python3.10/dist-packages/airflow/example_dags/example_dag_decorator.py for tasks to queue
[2023-12-06T18:43:34.140+0000] {logging_mixin.py:154} INFO - [2023-12-06T18:43:34.139+0000] {dagbag.py:536} INFO - Filling up the DagBag from /usr/local/lib/python3.10/dist-packages/airflow/example_dags/example_dag_decorator.py
[2023-12-06T18:43:34.153+0000] {processor.py:839} INFO - DAG(s) dict_keys(['example_dag_decorator']) retrieved from /usr/local/lib/python3.10/dist-packages/airflow/example_dags/example_dag_decorator.py
[2023-12-06T18:43:34.253+0000] {logging_mixin.py:154} INFO - [2023-12-06T18:43:34.253+0000] {dag.py:2941} INFO - Sync 1 DAGs
[2023-12-06T18:43:34.263+0000] {logging_mixin.py:154} INFO - [2023-12-06T18:43:34.263+0000] {dag.py:3722} INFO - Setting next_dagrun for example_dag_decorator to None, run_after=None
[2023-12-06T18:43:34.288+0000] {processor.py:179} INFO - Processing /usr/local/lib/python3.10/dist-packages/airflow/example_dags/example_dag_decorator.py took 0.154 seconds
[2023-12-06T18:44:23.944+0000] {processor.py:157} INFO - Started process (PID=5056) to work on /usr/local/lib/python3.10/dist-packages/airflow/example_dags/example_dag_decorator.py
[2023-12-06T18:44:23.945+0000] {processor.py:829} INFO - Processing file /usr/local/lib/python3.10/dist-packages/airflow/example_dags/example_dag_decorator.py for tasks to queue
[2023-12-06T18:44:23.946+0000] {logging_mixin.py:154} INFO - [2023-12-06T18:44:23.946+0000] {dagbag.py:536} INFO - Filling up the DagBag from /usr/local/lib/python3.10/dist-packages/airflow/example_dags/example_dag_decorator.py
[2023-12-06T18:44:23.959+0000] {processor.py:839} INFO - DAG(s) dict_keys(['example_dag_decorator']) retrieved from /usr/local/lib/python3.10/dist-packages/airflow/example_dags/example_dag_decorator.py
[2023-12-06T18:44:24.061+0000] {logging_mixin.py:154} INFO - [2023-12-06T18:44:24.060+0000] {dag.py:2941} INFO - Sync 1 DAGs
[2023-12-06T18:44:24.070+0000] {logging_mixin.py:154} INFO - [2023-12-06T18:44:24.070+0000] {dag.py:3722} INFO - Setting next_dagrun for example_dag_decorator to None, run_after=None
[2023-12-06T18:44:24.093+0000] {processor.py:179} INFO - Processing /usr/local/lib/python3.10/dist-packages/airflow/example_dags/example_dag_decorator.py took 0.153 seconds
[2023-12-06T18:45:11.899+0000] {processor.py:157} INFO - Started process (PID=5104) to work on /usr/local/lib/python3.10/dist-packages/airflow/example_dags/example_dag_decorator.py
[2023-12-06T18:45:11.901+0000] {processor.py:829} INFO - Processing file /usr/local/lib/python3.10/dist-packages/airflow/example_dags/example_dag_decorator.py for tasks to queue
[2023-12-06T18:45:11.902+0000] {logging_mixin.py:154} INFO - [2023-12-06T18:45:11.901+0000] {dagbag.py:536} INFO - Filling up the DagBag from /usr/local/lib/python3.10/dist-packages/airflow/example_dags/example_dag_decorator.py
[2023-12-06T18:45:11.915+0000] {processor.py:839} INFO - DAG(s) dict_keys(['example_dag_decorator']) retrieved from /usr/local/lib/python3.10/dist-packages/airflow/example_dags/example_dag_decorator.py
[2023-12-06T18:45:12.017+0000] {logging_mixin.py:154} INFO - [2023-12-06T18:45:12.016+0000] {dag.py:2941} INFO - Sync 1 DAGs
[2023-12-06T18:45:12.028+0000] {logging_mixin.py:154} INFO - [2023-12-06T18:45:12.028+0000] {dag.py:3722} INFO - Setting next_dagrun for example_dag_decorator to None, run_after=None
[2023-12-06T18:45:12.056+0000] {processor.py:179} INFO - Processing /usr/local/lib/python3.10/dist-packages/airflow/example_dags/example_dag_decorator.py took 0.160 seconds
[2023-12-06T18:45:54.039+0000] {processor.py:157} INFO - Started process (PID=5151) to work on /usr/local/lib/python3.10/dist-packages/airflow/example_dags/example_dag_decorator.py
[2023-12-06T18:45:54.041+0000] {processor.py:829} INFO - Processing file /usr/local/lib/python3.10/dist-packages/airflow/example_dags/example_dag_decorator.py for tasks to queue
[2023-12-06T18:45:54.042+0000] {logging_mixin.py:154} INFO - [2023-12-06T18:45:54.041+0000] {dagbag.py:536} INFO - Filling up the DagBag from /usr/local/lib/python3.10/dist-packages/airflow/example_dags/example_dag_decorator.py
[2023-12-06T18:45:54.055+0000] {processor.py:839} INFO - DAG(s) dict_keys(['example_dag_decorator']) retrieved from /usr/local/lib/python3.10/dist-packages/airflow/example_dags/example_dag_decorator.py
[2023-12-06T18:45:54.168+0000] {logging_mixin.py:154} INFO - [2023-12-06T18:45:54.168+0000] {dag.py:2941} INFO - Sync 1 DAGs
[2023-12-06T18:45:54.178+0000] {logging_mixin.py:154} INFO - [2023-12-06T18:45:54.178+0000] {dag.py:3722} INFO - Setting next_dagrun for example_dag_decorator to None, run_after=None
[2023-12-06T18:45:54.200+0000] {processor.py:179} INFO - Processing /usr/local/lib/python3.10/dist-packages/airflow/example_dags/example_dag_decorator.py took 0.165 seconds
[2023-12-06T18:46:39.831+0000] {processor.py:157} INFO - Started process (PID=5197) to work on /usr/local/lib/python3.10/dist-packages/airflow/example_dags/example_dag_decorator.py
[2023-12-06T18:46:39.833+0000] {processor.py:829} INFO - Processing file /usr/local/lib/python3.10/dist-packages/airflow/example_dags/example_dag_decorator.py for tasks to queue
[2023-12-06T18:46:39.834+0000] {logging_mixin.py:154} INFO - [2023-12-06T18:46:39.833+0000] {dagbag.py:536} INFO - Filling up the DagBag from /usr/local/lib/python3.10/dist-packages/airflow/example_dags/example_dag_decorator.py
[2023-12-06T18:46:39.847+0000] {processor.py:839} INFO - DAG(s) dict_keys(['example_dag_decorator']) retrieved from /usr/local/lib/python3.10/dist-packages/airflow/example_dags/example_dag_decorator.py
[2023-12-06T18:46:39.952+0000] {logging_mixin.py:154} INFO - [2023-12-06T18:46:39.952+0000] {dag.py:2941} INFO - Sync 1 DAGs
[2023-12-06T18:46:39.963+0000] {logging_mixin.py:154} INFO - [2023-12-06T18:46:39.963+0000] {dag.py:3722} INFO - Setting next_dagrun for example_dag_decorator to None, run_after=None
[2023-12-06T18:46:39.987+0000] {processor.py:179} INFO - Processing /usr/local/lib/python3.10/dist-packages/airflow/example_dags/example_dag_decorator.py took 0.159 seconds
[2023-12-06T18:47:26.640+0000] {processor.py:157} INFO - Started process (PID=5246) to work on /usr/local/lib/python3.10/dist-packages/airflow/example_dags/example_dag_decorator.py
[2023-12-06T18:47:26.642+0000] {processor.py:829} INFO - Processing file /usr/local/lib/python3.10/dist-packages/airflow/example_dags/example_dag_decorator.py for tasks to queue
[2023-12-06T18:47:26.642+0000] {logging_mixin.py:154} INFO - [2023-12-06T18:47:26.642+0000] {dagbag.py:536} INFO - Filling up the DagBag from /usr/local/lib/python3.10/dist-packages/airflow/example_dags/example_dag_decorator.py
[2023-12-06T18:47:26.656+0000] {processor.py:839} INFO - DAG(s) dict_keys(['example_dag_decorator']) retrieved from /usr/local/lib/python3.10/dist-packages/airflow/example_dags/example_dag_decorator.py
[2023-12-06T18:47:26.757+0000] {logging_mixin.py:154} INFO - [2023-12-06T18:47:26.757+0000] {dag.py:2941} INFO - Sync 1 DAGs
[2023-12-06T18:47:26.773+0000] {logging_mixin.py:154} INFO - [2023-12-06T18:47:26.773+0000] {dag.py:3722} INFO - Setting next_dagrun for example_dag_decorator to None, run_after=None
[2023-12-06T18:47:26.796+0000] {processor.py:179} INFO - Processing /usr/local/lib/python3.10/dist-packages/airflow/example_dags/example_dag_decorator.py took 0.160 seconds
[2023-12-06T18:48:16.209+0000] {processor.py:157} INFO - Started process (PID=5298) to work on /usr/local/lib/python3.10/dist-packages/airflow/example_dags/example_dag_decorator.py
[2023-12-06T18:48:16.211+0000] {processor.py:829} INFO - Processing file /usr/local/lib/python3.10/dist-packages/airflow/example_dags/example_dag_decorator.py for tasks to queue
[2023-12-06T18:48:16.212+0000] {logging_mixin.py:154} INFO - [2023-12-06T18:48:16.211+0000] {dagbag.py:536} INFO - Filling up the DagBag from /usr/local/lib/python3.10/dist-packages/airflow/example_dags/example_dag_decorator.py
[2023-12-06T18:48:16.225+0000] {processor.py:839} INFO - DAG(s) dict_keys(['example_dag_decorator']) retrieved from /usr/local/lib/python3.10/dist-packages/airflow/example_dags/example_dag_decorator.py
[2023-12-06T18:48:16.329+0000] {logging_mixin.py:154} INFO - [2023-12-06T18:48:16.328+0000] {dag.py:2941} INFO - Sync 1 DAGs
[2023-12-06T18:48:16.338+0000] {logging_mixin.py:154} INFO - [2023-12-06T18:48:16.338+0000] {dag.py:3722} INFO - Setting next_dagrun for example_dag_decorator to None, run_after=None
[2023-12-06T18:48:16.363+0000] {processor.py:179} INFO - Processing /usr/local/lib/python3.10/dist-packages/airflow/example_dags/example_dag_decorator.py took 0.158 seconds
[2023-12-06T18:49:05.530+0000] {processor.py:157} INFO - Started process (PID=5347) to work on /usr/local/lib/python3.10/dist-packages/airflow/example_dags/example_dag_decorator.py
[2023-12-06T18:49:05.531+0000] {processor.py:829} INFO - Processing file /usr/local/lib/python3.10/dist-packages/airflow/example_dags/example_dag_decorator.py for tasks to queue
[2023-12-06T18:49:05.532+0000] {logging_mixin.py:154} INFO - [2023-12-06T18:49:05.532+0000] {dagbag.py:536} INFO - Filling up the DagBag from /usr/local/lib/python3.10/dist-packages/airflow/example_dags/example_dag_decorator.py
[2023-12-06T18:49:05.546+0000] {processor.py:839} INFO - DAG(s) dict_keys(['example_dag_decorator']) retrieved from /usr/local/lib/python3.10/dist-packages/airflow/example_dags/example_dag_decorator.py
[2023-12-06T18:49:05.648+0000] {logging_mixin.py:154} INFO - [2023-12-06T18:49:05.647+0000] {dag.py:2941} INFO - Sync 1 DAGs
[2023-12-06T18:49:05.658+0000] {logging_mixin.py:154} INFO - [2023-12-06T18:49:05.658+0000] {dag.py:3722} INFO - Setting next_dagrun for example_dag_decorator to None, run_after=None
[2023-12-06T18:49:05.682+0000] {processor.py:179} INFO - Processing /usr/local/lib/python3.10/dist-packages/airflow/example_dags/example_dag_decorator.py took 0.156 seconds
[2023-12-06T18:49:48.182+0000] {processor.py:157} INFO - Started process (PID=5394) to work on /usr/local/lib/python3.10/dist-packages/airflow/example_dags/example_dag_decorator.py
[2023-12-06T18:49:48.184+0000] {processor.py:829} INFO - Processing file /usr/local/lib/python3.10/dist-packages/airflow/example_dags/example_dag_decorator.py for tasks to queue
[2023-12-06T18:49:48.185+0000] {logging_mixin.py:154} INFO - [2023-12-06T18:49:48.184+0000] {dagbag.py:536} INFO - Filling up the DagBag from /usr/local/lib/python3.10/dist-packages/airflow/example_dags/example_dag_decorator.py
[2023-12-06T18:49:48.198+0000] {processor.py:839} INFO - DAG(s) dict_keys(['example_dag_decorator']) retrieved from /usr/local/lib/python3.10/dist-packages/airflow/example_dags/example_dag_decorator.py
[2023-12-06T18:49:48.298+0000] {logging_mixin.py:154} INFO - [2023-12-06T18:49:48.298+0000] {dag.py:2941} INFO - Sync 1 DAGs
[2023-12-06T18:49:48.308+0000] {logging_mixin.py:154} INFO - [2023-12-06T18:49:48.308+0000] {dag.py:3722} INFO - Setting next_dagrun for example_dag_decorator to None, run_after=None
[2023-12-06T18:49:48.332+0000] {processor.py:179} INFO - Processing /usr/local/lib/python3.10/dist-packages/airflow/example_dags/example_dag_decorator.py took 0.153 seconds
[2023-12-06T18:50:31.531+0000] {processor.py:157} INFO - Started process (PID=5438) to work on /usr/local/lib/python3.10/dist-packages/airflow/example_dags/example_dag_decorator.py
[2023-12-06T18:50:31.533+0000] {processor.py:829} INFO - Processing file /usr/local/lib/python3.10/dist-packages/airflow/example_dags/example_dag_decorator.py for tasks to queue
[2023-12-06T18:50:31.534+0000] {logging_mixin.py:154} INFO - [2023-12-06T18:50:31.534+0000] {dagbag.py:536} INFO - Filling up the DagBag from /usr/local/lib/python3.10/dist-packages/airflow/example_dags/example_dag_decorator.py
[2023-12-06T18:50:31.548+0000] {processor.py:839} INFO - DAG(s) dict_keys(['example_dag_decorator']) retrieved from /usr/local/lib/python3.10/dist-packages/airflow/example_dags/example_dag_decorator.py
[2023-12-06T18:50:31.649+0000] {logging_mixin.py:154} INFO - [2023-12-06T18:50:31.649+0000] {dag.py:2941} INFO - Sync 1 DAGs
[2023-12-06T18:50:31.659+0000] {logging_mixin.py:154} INFO - [2023-12-06T18:50:31.659+0000] {dag.py:3722} INFO - Setting next_dagrun for example_dag_decorator to None, run_after=None
[2023-12-06T18:50:31.685+0000] {processor.py:179} INFO - Processing /usr/local/lib/python3.10/dist-packages/airflow/example_dags/example_dag_decorator.py took 0.157 seconds
[2023-12-06T18:51:15.020+0000] {processor.py:157} INFO - Started process (PID=5487) to work on /usr/local/lib/python3.10/dist-packages/airflow/example_dags/example_dag_decorator.py
[2023-12-06T18:51:15.022+0000] {processor.py:829} INFO - Processing file /usr/local/lib/python3.10/dist-packages/airflow/example_dags/example_dag_decorator.py for tasks to queue
[2023-12-06T18:51:15.023+0000] {logging_mixin.py:154} INFO - [2023-12-06T18:51:15.022+0000] {dagbag.py:536} INFO - Filling up the DagBag from /usr/local/lib/python3.10/dist-packages/airflow/example_dags/example_dag_decorator.py
[2023-12-06T18:51:15.036+0000] {processor.py:839} INFO - DAG(s) dict_keys(['example_dag_decorator']) retrieved from /usr/local/lib/python3.10/dist-packages/airflow/example_dags/example_dag_decorator.py
[2023-12-06T18:51:15.141+0000] {logging_mixin.py:154} INFO - [2023-12-06T18:51:15.140+0000] {dag.py:2941} INFO - Sync 1 DAGs
[2023-12-06T18:51:15.151+0000] {logging_mixin.py:154} INFO - [2023-12-06T18:51:15.151+0000] {dag.py:3722} INFO - Setting next_dagrun for example_dag_decorator to None, run_after=None
[2023-12-06T18:51:15.175+0000] {processor.py:179} INFO - Processing /usr/local/lib/python3.10/dist-packages/airflow/example_dags/example_dag_decorator.py took 0.159 seconds
[2023-12-06T18:51:58.007+0000] {processor.py:157} INFO - Started process (PID=5532) to work on /usr/local/lib/python3.10/dist-packages/airflow/example_dags/example_dag_decorator.py
[2023-12-06T18:51:58.008+0000] {processor.py:829} INFO - Processing file /usr/local/lib/python3.10/dist-packages/airflow/example_dags/example_dag_decorator.py for tasks to queue
[2023-12-06T18:51:58.009+0000] {logging_mixin.py:154} INFO - [2023-12-06T18:51:58.009+0000] {dagbag.py:536} INFO - Filling up the DagBag from /usr/local/lib/python3.10/dist-packages/airflow/example_dags/example_dag_decorator.py
[2023-12-06T18:51:58.022+0000] {processor.py:839} INFO - DAG(s) dict_keys(['example_dag_decorator']) retrieved from /usr/local/lib/python3.10/dist-packages/airflow/example_dags/example_dag_decorator.py
[2023-12-06T18:51:58.124+0000] {logging_mixin.py:154} INFO - [2023-12-06T18:51:58.124+0000] {dag.py:2941} INFO - Sync 1 DAGs
[2023-12-06T18:51:58.136+0000] {logging_mixin.py:154} INFO - [2023-12-06T18:51:58.135+0000] {dag.py:3722} INFO - Setting next_dagrun for example_dag_decorator to None, run_after=None
[2023-12-06T18:51:58.158+0000] {processor.py:179} INFO - Processing /usr/local/lib/python3.10/dist-packages/airflow/example_dags/example_dag_decorator.py took 0.155 seconds
[2023-12-06T18:52:46.914+0000] {processor.py:157} INFO - Started process (PID=5581) to work on /usr/local/lib/python3.10/dist-packages/airflow/example_dags/example_dag_decorator.py
[2023-12-06T18:52:46.917+0000] {processor.py:829} INFO - Processing file /usr/local/lib/python3.10/dist-packages/airflow/example_dags/example_dag_decorator.py for tasks to queue
[2023-12-06T18:52:46.918+0000] {logging_mixin.py:154} INFO - [2023-12-06T18:52:46.917+0000] {dagbag.py:536} INFO - Filling up the DagBag from /usr/local/lib/python3.10/dist-packages/airflow/example_dags/example_dag_decorator.py
[2023-12-06T18:52:46.931+0000] {processor.py:839} INFO - DAG(s) dict_keys(['example_dag_decorator']) retrieved from /usr/local/lib/python3.10/dist-packages/airflow/example_dags/example_dag_decorator.py
[2023-12-06T18:52:47.036+0000] {logging_mixin.py:154} INFO - [2023-12-06T18:52:47.036+0000] {dag.py:2941} INFO - Sync 1 DAGs
[2023-12-06T18:52:47.047+0000] {logging_mixin.py:154} INFO - [2023-12-06T18:52:47.047+0000] {dag.py:3722} INFO - Setting next_dagrun for example_dag_decorator to None, run_after=None
[2023-12-06T18:52:47.080+0000] {processor.py:179} INFO - Processing /usr/local/lib/python3.10/dist-packages/airflow/example_dags/example_dag_decorator.py took 0.169 seconds
[2023-12-06T18:53:32.499+0000] {processor.py:157} INFO - Started process (PID=5628) to work on /usr/local/lib/python3.10/dist-packages/airflow/example_dags/example_dag_decorator.py
[2023-12-06T18:53:32.500+0000] {processor.py:829} INFO - Processing file /usr/local/lib/python3.10/dist-packages/airflow/example_dags/example_dag_decorator.py for tasks to queue
[2023-12-06T18:53:32.501+0000] {logging_mixin.py:154} INFO - [2023-12-06T18:53:32.501+0000] {dagbag.py:536} INFO - Filling up the DagBag from /usr/local/lib/python3.10/dist-packages/airflow/example_dags/example_dag_decorator.py
[2023-12-06T18:53:32.515+0000] {processor.py:839} INFO - DAG(s) dict_keys(['example_dag_decorator']) retrieved from /usr/local/lib/python3.10/dist-packages/airflow/example_dags/example_dag_decorator.py
[2023-12-06T18:53:32.617+0000] {logging_mixin.py:154} INFO - [2023-12-06T18:53:32.617+0000] {dag.py:2941} INFO - Sync 1 DAGs
[2023-12-06T18:53:32.629+0000] {logging_mixin.py:154} INFO - [2023-12-06T18:53:32.628+0000] {dag.py:3722} INFO - Setting next_dagrun for example_dag_decorator to None, run_after=None
[2023-12-06T18:53:32.652+0000] {processor.py:179} INFO - Processing /usr/local/lib/python3.10/dist-packages/airflow/example_dags/example_dag_decorator.py took 0.156 seconds
[2023-12-06T18:54:27.278+0000] {processor.py:157} INFO - Started process (PID=5685) to work on /usr/local/lib/python3.10/dist-packages/airflow/example_dags/example_dag_decorator.py
[2023-12-06T18:54:27.280+0000] {processor.py:829} INFO - Processing file /usr/local/lib/python3.10/dist-packages/airflow/example_dags/example_dag_decorator.py for tasks to queue
[2023-12-06T18:54:27.280+0000] {logging_mixin.py:154} INFO - [2023-12-06T18:54:27.280+0000] {dagbag.py:536} INFO - Filling up the DagBag from /usr/local/lib/python3.10/dist-packages/airflow/example_dags/example_dag_decorator.py
[2023-12-06T18:54:27.294+0000] {processor.py:839} INFO - DAG(s) dict_keys(['example_dag_decorator']) retrieved from /usr/local/lib/python3.10/dist-packages/airflow/example_dags/example_dag_decorator.py
[2023-12-06T18:54:27.396+0000] {logging_mixin.py:154} INFO - [2023-12-06T18:54:27.395+0000] {dag.py:2941} INFO - Sync 1 DAGs
[2023-12-06T18:54:27.406+0000] {logging_mixin.py:154} INFO - [2023-12-06T18:54:27.405+0000] {dag.py:3722} INFO - Setting next_dagrun for example_dag_decorator to None, run_after=None
[2023-12-06T18:54:27.429+0000] {processor.py:179} INFO - Processing /usr/local/lib/python3.10/dist-packages/airflow/example_dags/example_dag_decorator.py took 0.155 seconds
[2023-12-06T18:55:14.095+0000] {processor.py:157} INFO - Started process (PID=5734) to work on /usr/local/lib/python3.10/dist-packages/airflow/example_dags/example_dag_decorator.py
[2023-12-06T18:55:14.096+0000] {processor.py:829} INFO - Processing file /usr/local/lib/python3.10/dist-packages/airflow/example_dags/example_dag_decorator.py for tasks to queue
[2023-12-06T18:55:14.097+0000] {logging_mixin.py:154} INFO - [2023-12-06T18:55:14.097+0000] {dagbag.py:536} INFO - Filling up the DagBag from /usr/local/lib/python3.10/dist-packages/airflow/example_dags/example_dag_decorator.py
[2023-12-06T18:55:14.111+0000] {processor.py:839} INFO - DAG(s) dict_keys(['example_dag_decorator']) retrieved from /usr/local/lib/python3.10/dist-packages/airflow/example_dags/example_dag_decorator.py
[2023-12-06T18:55:14.218+0000] {logging_mixin.py:154} INFO - [2023-12-06T18:55:14.218+0000] {dag.py:2941} INFO - Sync 1 DAGs
[2023-12-06T18:55:14.228+0000] {logging_mixin.py:154} INFO - [2023-12-06T18:55:14.228+0000] {dag.py:3722} INFO - Setting next_dagrun for example_dag_decorator to None, run_after=None
[2023-12-06T18:55:14.274+0000] {processor.py:179} INFO - Processing /usr/local/lib/python3.10/dist-packages/airflow/example_dags/example_dag_decorator.py took 0.183 seconds
[2023-12-06T18:56:00.509+0000] {processor.py:157} INFO - Started process (PID=5782) to work on /usr/local/lib/python3.10/dist-packages/airflow/example_dags/example_dag_decorator.py
[2023-12-06T18:56:00.511+0000] {processor.py:829} INFO - Processing file /usr/local/lib/python3.10/dist-packages/airflow/example_dags/example_dag_decorator.py for tasks to queue
[2023-12-06T18:56:00.512+0000] {logging_mixin.py:154} INFO - [2023-12-06T18:56:00.511+0000] {dagbag.py:536} INFO - Filling up the DagBag from /usr/local/lib/python3.10/dist-packages/airflow/example_dags/example_dag_decorator.py
[2023-12-06T18:56:00.526+0000] {processor.py:839} INFO - DAG(s) dict_keys(['example_dag_decorator']) retrieved from /usr/local/lib/python3.10/dist-packages/airflow/example_dags/example_dag_decorator.py
[2023-12-06T18:56:00.628+0000] {logging_mixin.py:154} INFO - [2023-12-06T18:56:00.628+0000] {dag.py:2941} INFO - Sync 1 DAGs
[2023-12-06T18:56:00.638+0000] {logging_mixin.py:154} INFO - [2023-12-06T18:56:00.638+0000] {dag.py:3722} INFO - Setting next_dagrun for example_dag_decorator to None, run_after=None
[2023-12-06T18:56:00.662+0000] {processor.py:179} INFO - Processing /usr/local/lib/python3.10/dist-packages/airflow/example_dags/example_dag_decorator.py took 0.156 seconds
[2023-12-06T18:56:47.458+0000] {processor.py:157} INFO - Started process (PID=5830) to work on /usr/local/lib/python3.10/dist-packages/airflow/example_dags/example_dag_decorator.py
[2023-12-06T18:56:47.465+0000] {processor.py:829} INFO - Processing file /usr/local/lib/python3.10/dist-packages/airflow/example_dags/example_dag_decorator.py for tasks to queue
[2023-12-06T18:56:47.466+0000] {logging_mixin.py:154} INFO - [2023-12-06T18:56:47.466+0000] {dagbag.py:536} INFO - Filling up the DagBag from /usr/local/lib/python3.10/dist-packages/airflow/example_dags/example_dag_decorator.py
[2023-12-06T18:56:47.480+0000] {processor.py:839} INFO - DAG(s) dict_keys(['example_dag_decorator']) retrieved from /usr/local/lib/python3.10/dist-packages/airflow/example_dags/example_dag_decorator.py
[2023-12-06T18:56:47.582+0000] {logging_mixin.py:154} INFO - [2023-12-06T18:56:47.582+0000] {dag.py:2941} INFO - Sync 1 DAGs
[2023-12-06T18:56:47.592+0000] {logging_mixin.py:154} INFO - [2023-12-06T18:56:47.592+0000] {dag.py:3722} INFO - Setting next_dagrun for example_dag_decorator to None, run_after=None
[2023-12-06T18:56:47.621+0000] {processor.py:179} INFO - Processing /usr/local/lib/python3.10/dist-packages/airflow/example_dags/example_dag_decorator.py took 0.167 seconds
[2023-12-06T18:57:33.944+0000] {processor.py:157} INFO - Started process (PID=5879) to work on /usr/local/lib/python3.10/dist-packages/airflow/example_dags/example_dag_decorator.py
[2023-12-06T18:57:33.946+0000] {processor.py:829} INFO - Processing file /usr/local/lib/python3.10/dist-packages/airflow/example_dags/example_dag_decorator.py for tasks to queue
[2023-12-06T18:57:33.947+0000] {logging_mixin.py:154} INFO - [2023-12-06T18:57:33.946+0000] {dagbag.py:536} INFO - Filling up the DagBag from /usr/local/lib/python3.10/dist-packages/airflow/example_dags/example_dag_decorator.py
[2023-12-06T18:57:33.960+0000] {processor.py:839} INFO - DAG(s) dict_keys(['example_dag_decorator']) retrieved from /usr/local/lib/python3.10/dist-packages/airflow/example_dags/example_dag_decorator.py
[2023-12-06T18:57:34.062+0000] {logging_mixin.py:154} INFO - [2023-12-06T18:57:34.062+0000] {dag.py:2941} INFO - Sync 1 DAGs
[2023-12-06T18:57:34.073+0000] {logging_mixin.py:154} INFO - [2023-12-06T18:57:34.073+0000] {dag.py:3722} INFO - Setting next_dagrun for example_dag_decorator to None, run_after=None
[2023-12-06T18:57:34.106+0000] {processor.py:179} INFO - Processing /usr/local/lib/python3.10/dist-packages/airflow/example_dags/example_dag_decorator.py took 0.166 seconds
[2023-12-06T18:58:18.896+0000] {processor.py:157} INFO - Started process (PID=5926) to work on /usr/local/lib/python3.10/dist-packages/airflow/example_dags/example_dag_decorator.py
[2023-12-06T18:58:18.897+0000] {processor.py:829} INFO - Processing file /usr/local/lib/python3.10/dist-packages/airflow/example_dags/example_dag_decorator.py for tasks to queue
[2023-12-06T18:58:18.898+0000] {logging_mixin.py:154} INFO - [2023-12-06T18:58:18.898+0000] {dagbag.py:536} INFO - Filling up the DagBag from /usr/local/lib/python3.10/dist-packages/airflow/example_dags/example_dag_decorator.py
[2023-12-06T18:58:18.911+0000] {processor.py:839} INFO - DAG(s) dict_keys(['example_dag_decorator']) retrieved from /usr/local/lib/python3.10/dist-packages/airflow/example_dags/example_dag_decorator.py
[2023-12-06T18:58:19.015+0000] {logging_mixin.py:154} INFO - [2023-12-06T18:58:19.015+0000] {dag.py:2941} INFO - Sync 1 DAGs
[2023-12-06T18:58:19.025+0000] {logging_mixin.py:154} INFO - [2023-12-06T18:58:19.025+0000] {dag.py:3722} INFO - Setting next_dagrun for example_dag_decorator to None, run_after=None
[2023-12-06T18:58:19.048+0000] {processor.py:179} INFO - Processing /usr/local/lib/python3.10/dist-packages/airflow/example_dags/example_dag_decorator.py took 0.155 seconds
[2023-12-06T18:59:04.259+0000] {processor.py:157} INFO - Started process (PID=5972) to work on /usr/local/lib/python3.10/dist-packages/airflow/example_dags/example_dag_decorator.py
[2023-12-06T18:59:04.260+0000] {processor.py:829} INFO - Processing file /usr/local/lib/python3.10/dist-packages/airflow/example_dags/example_dag_decorator.py for tasks to queue
[2023-12-06T18:59:04.261+0000] {logging_mixin.py:154} INFO - [2023-12-06T18:59:04.261+0000] {dagbag.py:536} INFO - Filling up the DagBag from /usr/local/lib/python3.10/dist-packages/airflow/example_dags/example_dag_decorator.py
[2023-12-06T18:59:04.275+0000] {processor.py:839} INFO - DAG(s) dict_keys(['example_dag_decorator']) retrieved from /usr/local/lib/python3.10/dist-packages/airflow/example_dags/example_dag_decorator.py
[2023-12-06T18:59:04.381+0000] {logging_mixin.py:154} INFO - [2023-12-06T18:59:04.381+0000] {dag.py:2941} INFO - Sync 1 DAGs
[2023-12-06T18:59:04.391+0000] {logging_mixin.py:154} INFO - [2023-12-06T18:59:04.391+0000] {dag.py:3722} INFO - Setting next_dagrun for example_dag_decorator to None, run_after=None
[2023-12-06T18:59:04.415+0000] {processor.py:179} INFO - Processing /usr/local/lib/python3.10/dist-packages/airflow/example_dags/example_dag_decorator.py took 0.160 seconds
[2023-12-06T18:59:48.393+0000] {processor.py:157} INFO - Started process (PID=6020) to work on /usr/local/lib/python3.10/dist-packages/airflow/example_dags/example_dag_decorator.py
[2023-12-06T18:59:48.395+0000] {processor.py:829} INFO - Processing file /usr/local/lib/python3.10/dist-packages/airflow/example_dags/example_dag_decorator.py for tasks to queue
[2023-12-06T18:59:48.396+0000] {logging_mixin.py:154} INFO - [2023-12-06T18:59:48.395+0000] {dagbag.py:536} INFO - Filling up the DagBag from /usr/local/lib/python3.10/dist-packages/airflow/example_dags/example_dag_decorator.py
[2023-12-06T18:59:48.409+0000] {processor.py:839} INFO - DAG(s) dict_keys(['example_dag_decorator']) retrieved from /usr/local/lib/python3.10/dist-packages/airflow/example_dags/example_dag_decorator.py
[2023-12-06T18:59:48.510+0000] {logging_mixin.py:154} INFO - [2023-12-06T18:59:48.510+0000] {dag.py:2941} INFO - Sync 1 DAGs
[2023-12-06T18:59:48.520+0000] {logging_mixin.py:154} INFO - [2023-12-06T18:59:48.520+0000] {dag.py:3722} INFO - Setting next_dagrun for example_dag_decorator to None, run_after=None
[2023-12-06T18:59:48.545+0000] {processor.py:179} INFO - Processing /usr/local/lib/python3.10/dist-packages/airflow/example_dags/example_dag_decorator.py took 0.155 seconds
[2023-12-06T19:00:41.455+0000] {processor.py:157} INFO - Started process (PID=6375) to work on /usr/local/lib/python3.10/dist-packages/airflow/example_dags/example_dag_decorator.py
[2023-12-06T19:00:41.457+0000] {processor.py:829} INFO - Processing file /usr/local/lib/python3.10/dist-packages/airflow/example_dags/example_dag_decorator.py for tasks to queue
[2023-12-06T19:00:41.458+0000] {logging_mixin.py:154} INFO - [2023-12-06T19:00:41.457+0000] {dagbag.py:536} INFO - Filling up the DagBag from /usr/local/lib/python3.10/dist-packages/airflow/example_dags/example_dag_decorator.py
[2023-12-06T19:00:41.472+0000] {processor.py:839} INFO - DAG(s) dict_keys(['example_dag_decorator']) retrieved from /usr/local/lib/python3.10/dist-packages/airflow/example_dags/example_dag_decorator.py
[2023-12-06T19:00:41.575+0000] {logging_mixin.py:154} INFO - [2023-12-06T19:00:41.575+0000] {dag.py:2941} INFO - Sync 1 DAGs
[2023-12-06T19:00:41.592+0000] {logging_mixin.py:154} INFO - [2023-12-06T19:00:41.591+0000] {dag.py:3722} INFO - Setting next_dagrun for example_dag_decorator to None, run_after=None
[2023-12-06T19:00:41.614+0000] {processor.py:179} INFO - Processing /usr/local/lib/python3.10/dist-packages/airflow/example_dags/example_dag_decorator.py took 0.163 seconds
[2023-12-06T19:01:30.854+0000] {processor.py:157} INFO - Started process (PID=6479) to work on /usr/local/lib/python3.10/dist-packages/airflow/example_dags/example_dag_decorator.py
[2023-12-06T19:01:30.855+0000] {processor.py:829} INFO - Processing file /usr/local/lib/python3.10/dist-packages/airflow/example_dags/example_dag_decorator.py for tasks to queue
[2023-12-06T19:01:30.856+0000] {logging_mixin.py:154} INFO - [2023-12-06T19:01:30.856+0000] {dagbag.py:536} INFO - Filling up the DagBag from /usr/local/lib/python3.10/dist-packages/airflow/example_dags/example_dag_decorator.py
[2023-12-06T19:01:30.870+0000] {processor.py:839} INFO - DAG(s) dict_keys(['example_dag_decorator']) retrieved from /usr/local/lib/python3.10/dist-packages/airflow/example_dags/example_dag_decorator.py
[2023-12-06T19:01:30.980+0000] {logging_mixin.py:154} INFO - [2023-12-06T19:01:30.979+0000] {dag.py:2941} INFO - Sync 1 DAGs
[2023-12-06T19:01:30.991+0000] {logging_mixin.py:154} INFO - [2023-12-06T19:01:30.991+0000] {dag.py:3722} INFO - Setting next_dagrun for example_dag_decorator to None, run_after=None
[2023-12-06T19:01:31.016+0000] {processor.py:179} INFO - Processing /usr/local/lib/python3.10/dist-packages/airflow/example_dags/example_dag_decorator.py took 0.166 seconds
[2023-12-06T19:02:18.501+0000] {processor.py:157} INFO - Started process (PID=6529) to work on /usr/local/lib/python3.10/dist-packages/airflow/example_dags/example_dag_decorator.py
[2023-12-06T19:02:18.502+0000] {processor.py:829} INFO - Processing file /usr/local/lib/python3.10/dist-packages/airflow/example_dags/example_dag_decorator.py for tasks to queue
[2023-12-06T19:02:18.503+0000] {logging_mixin.py:154} INFO - [2023-12-06T19:02:18.503+0000] {dagbag.py:536} INFO - Filling up the DagBag from /usr/local/lib/python3.10/dist-packages/airflow/example_dags/example_dag_decorator.py
[2023-12-06T19:02:18.516+0000] {processor.py:839} INFO - DAG(s) dict_keys(['example_dag_decorator']) retrieved from /usr/local/lib/python3.10/dist-packages/airflow/example_dags/example_dag_decorator.py
[2023-12-06T19:02:18.628+0000] {logging_mixin.py:154} INFO - [2023-12-06T19:02:18.628+0000] {dag.py:2941} INFO - Sync 1 DAGs
[2023-12-06T19:02:18.638+0000] {logging_mixin.py:154} INFO - [2023-12-06T19:02:18.638+0000] {dag.py:3722} INFO - Setting next_dagrun for example_dag_decorator to None, run_after=None
[2023-12-06T19:02:18.663+0000] {processor.py:179} INFO - Processing /usr/local/lib/python3.10/dist-packages/airflow/example_dags/example_dag_decorator.py took 0.165 seconds
[2023-12-06T19:03:02.573+0000] {processor.py:157} INFO - Started process (PID=6575) to work on /usr/local/lib/python3.10/dist-packages/airflow/example_dags/example_dag_decorator.py
[2023-12-06T19:03:02.574+0000] {processor.py:829} INFO - Processing file /usr/local/lib/python3.10/dist-packages/airflow/example_dags/example_dag_decorator.py for tasks to queue
[2023-12-06T19:03:02.575+0000] {logging_mixin.py:154} INFO - [2023-12-06T19:03:02.575+0000] {dagbag.py:536} INFO - Filling up the DagBag from /usr/local/lib/python3.10/dist-packages/airflow/example_dags/example_dag_decorator.py
[2023-12-06T19:03:02.589+0000] {processor.py:839} INFO - DAG(s) dict_keys(['example_dag_decorator']) retrieved from /usr/local/lib/python3.10/dist-packages/airflow/example_dags/example_dag_decorator.py
[2023-12-06T19:03:02.702+0000] {logging_mixin.py:154} INFO - [2023-12-06T19:03:02.702+0000] {dag.py:2941} INFO - Sync 1 DAGs
[2023-12-06T19:03:02.715+0000] {logging_mixin.py:154} INFO - [2023-12-06T19:03:02.714+0000] {dag.py:3722} INFO - Setting next_dagrun for example_dag_decorator to None, run_after=None
[2023-12-06T19:03:02.739+0000] {processor.py:179} INFO - Processing /usr/local/lib/python3.10/dist-packages/airflow/example_dags/example_dag_decorator.py took 0.169 seconds
[2023-12-06T19:03:52.903+0000] {processor.py:157} INFO - Started process (PID=6624) to work on /usr/local/lib/python3.10/dist-packages/airflow/example_dags/example_dag_decorator.py
[2023-12-06T19:03:52.904+0000] {processor.py:829} INFO - Processing file /usr/local/lib/python3.10/dist-packages/airflow/example_dags/example_dag_decorator.py for tasks to queue
[2023-12-06T19:03:52.905+0000] {logging_mixin.py:154} INFO - [2023-12-06T19:03:52.905+0000] {dagbag.py:536} INFO - Filling up the DagBag from /usr/local/lib/python3.10/dist-packages/airflow/example_dags/example_dag_decorator.py
[2023-12-06T19:03:52.919+0000] {processor.py:839} INFO - DAG(s) dict_keys(['example_dag_decorator']) retrieved from /usr/local/lib/python3.10/dist-packages/airflow/example_dags/example_dag_decorator.py
[2023-12-06T19:03:53.035+0000] {logging_mixin.py:154} INFO - [2023-12-06T19:03:53.035+0000] {dag.py:2941} INFO - Sync 1 DAGs
[2023-12-06T19:03:53.045+0000] {logging_mixin.py:154} INFO - [2023-12-06T19:03:53.044+0000] {dag.py:3722} INFO - Setting next_dagrun for example_dag_decorator to None, run_after=None
[2023-12-06T19:03:53.072+0000] {processor.py:179} INFO - Processing /usr/local/lib/python3.10/dist-packages/airflow/example_dags/example_dag_decorator.py took 0.173 seconds
[2023-12-06T19:04:39.330+0000] {processor.py:157} INFO - Started process (PID=6677) to work on /usr/local/lib/python3.10/dist-packages/airflow/example_dags/example_dag_decorator.py
[2023-12-06T19:04:39.331+0000] {processor.py:829} INFO - Processing file /usr/local/lib/python3.10/dist-packages/airflow/example_dags/example_dag_decorator.py for tasks to queue
[2023-12-06T19:04:39.332+0000] {logging_mixin.py:154} INFO - [2023-12-06T19:04:39.331+0000] {dagbag.py:536} INFO - Filling up the DagBag from /usr/local/lib/python3.10/dist-packages/airflow/example_dags/example_dag_decorator.py
[2023-12-06T19:04:39.345+0000] {processor.py:839} INFO - DAG(s) dict_keys(['example_dag_decorator']) retrieved from /usr/local/lib/python3.10/dist-packages/airflow/example_dags/example_dag_decorator.py
[2023-12-06T19:04:39.453+0000] {logging_mixin.py:154} INFO - [2023-12-06T19:04:39.452+0000] {dag.py:2941} INFO - Sync 1 DAGs
[2023-12-06T19:04:39.462+0000] {logging_mixin.py:154} INFO - [2023-12-06T19:04:39.462+0000] {dag.py:3722} INFO - Setting next_dagrun for example_dag_decorator to None, run_after=None
[2023-12-06T19:04:39.486+0000] {processor.py:179} INFO - Processing /usr/local/lib/python3.10/dist-packages/airflow/example_dags/example_dag_decorator.py took 0.160 seconds
[2023-12-06T19:05:29.744+0000] {processor.py:157} INFO - Started process (PID=6892) to work on /usr/local/lib/python3.10/dist-packages/airflow/example_dags/example_dag_decorator.py
[2023-12-06T19:05:29.746+0000] {processor.py:829} INFO - Processing file /usr/local/lib/python3.10/dist-packages/airflow/example_dags/example_dag_decorator.py for tasks to queue
[2023-12-06T19:05:29.747+0000] {logging_mixin.py:154} INFO - [2023-12-06T19:05:29.747+0000] {dagbag.py:536} INFO - Filling up the DagBag from /usr/local/lib/python3.10/dist-packages/airflow/example_dags/example_dag_decorator.py
[2023-12-06T19:05:29.761+0000] {processor.py:839} INFO - DAG(s) dict_keys(['example_dag_decorator']) retrieved from /usr/local/lib/python3.10/dist-packages/airflow/example_dags/example_dag_decorator.py
[2023-12-06T19:05:29.865+0000] {logging_mixin.py:154} INFO - [2023-12-06T19:05:29.865+0000] {dag.py:2941} INFO - Sync 1 DAGs
[2023-12-06T19:05:29.882+0000] {logging_mixin.py:154} INFO - [2023-12-06T19:05:29.881+0000] {dag.py:3722} INFO - Setting next_dagrun for example_dag_decorator to None, run_after=None
[2023-12-06T19:05:29.908+0000] {processor.py:179} INFO - Processing /usr/local/lib/python3.10/dist-packages/airflow/example_dags/example_dag_decorator.py took 0.167 seconds
[2023-12-06T19:06:17.468+0000] {processor.py:157} INFO - Started process (PID=6941) to work on /usr/local/lib/python3.10/dist-packages/airflow/example_dags/example_dag_decorator.py
[2023-12-06T19:06:17.469+0000] {processor.py:829} INFO - Processing file /usr/local/lib/python3.10/dist-packages/airflow/example_dags/example_dag_decorator.py for tasks to queue
[2023-12-06T19:06:17.470+0000] {logging_mixin.py:154} INFO - [2023-12-06T19:06:17.470+0000] {dagbag.py:536} INFO - Filling up the DagBag from /usr/local/lib/python3.10/dist-packages/airflow/example_dags/example_dag_decorator.py
[2023-12-06T19:06:17.484+0000] {processor.py:839} INFO - DAG(s) dict_keys(['example_dag_decorator']) retrieved from /usr/local/lib/python3.10/dist-packages/airflow/example_dags/example_dag_decorator.py
[2023-12-06T19:06:17.590+0000] {logging_mixin.py:154} INFO - [2023-12-06T19:06:17.590+0000] {dag.py:2941} INFO - Sync 1 DAGs
[2023-12-06T19:06:17.601+0000] {logging_mixin.py:154} INFO - [2023-12-06T19:06:17.601+0000] {dag.py:3722} INFO - Setting next_dagrun for example_dag_decorator to None, run_after=None
[2023-12-06T19:06:17.627+0000] {processor.py:179} INFO - Processing /usr/local/lib/python3.10/dist-packages/airflow/example_dags/example_dag_decorator.py took 0.163 seconds
[2023-12-06T19:07:03.923+0000] {processor.py:157} INFO - Started process (PID=6988) to work on /usr/local/lib/python3.10/dist-packages/airflow/example_dags/example_dag_decorator.py
[2023-12-06T19:07:03.924+0000] {processor.py:829} INFO - Processing file /usr/local/lib/python3.10/dist-packages/airflow/example_dags/example_dag_decorator.py for tasks to queue
[2023-12-06T19:07:03.925+0000] {logging_mixin.py:154} INFO - [2023-12-06T19:07:03.925+0000] {dagbag.py:536} INFO - Filling up the DagBag from /usr/local/lib/python3.10/dist-packages/airflow/example_dags/example_dag_decorator.py
[2023-12-06T19:07:03.939+0000] {processor.py:839} INFO - DAG(s) dict_keys(['example_dag_decorator']) retrieved from /usr/local/lib/python3.10/dist-packages/airflow/example_dags/example_dag_decorator.py
[2023-12-06T19:07:04.043+0000] {logging_mixin.py:154} INFO - [2023-12-06T19:07:04.043+0000] {dag.py:2941} INFO - Sync 1 DAGs
[2023-12-06T19:07:04.055+0000] {logging_mixin.py:154} INFO - [2023-12-06T19:07:04.055+0000] {dag.py:3722} INFO - Setting next_dagrun for example_dag_decorator to None, run_after=None
[2023-12-06T19:07:04.080+0000] {processor.py:179} INFO - Processing /usr/local/lib/python3.10/dist-packages/airflow/example_dags/example_dag_decorator.py took 0.161 seconds
