[2023-12-06T18:22:27.467+0000] {processor.py:157} INFO - Started process (PID=3701) to work on /usr/local/lib/python3.10/dist-packages/airflow/example_dags/example_complex.py
[2023-12-06T18:22:27.468+0000] {processor.py:829} INFO - Processing file /usr/local/lib/python3.10/dist-packages/airflow/example_dags/example_complex.py for tasks to queue
[2023-12-06T18:22:27.469+0000] {logging_mixin.py:154} INFO - [2023-12-06T18:22:27.468+0000] {dagbag.py:536} INFO - Filling up the DagBag from /usr/local/lib/python3.10/dist-packages/airflow/example_dags/example_complex.py
[2023-12-06T18:22:27.481+0000] {processor.py:839} INFO - DAG(s) dict_keys(['example_complex']) retrieved from /usr/local/lib/python3.10/dist-packages/airflow/example_dags/example_complex.py
[2023-12-06T18:22:27.603+0000] {logging_mixin.py:154} INFO - [2023-12-06T18:22:27.603+0000] {manager.py:499} INFO - Created Permission View: %s
[2023-12-06T18:22:27.617+0000] {logging_mixin.py:154} INFO - [2023-12-06T18:22:27.616+0000] {manager.py:499} INFO - Created Permission View: %s
[2023-12-06T18:22:27.626+0000] {logging_mixin.py:154} INFO - [2023-12-06T18:22:27.626+0000] {manager.py:499} INFO - Created Permission View: %s
[2023-12-06T18:22:27.626+0000] {logging_mixin.py:154} INFO - [2023-12-06T18:22:27.626+0000] {dag.py:2941} INFO - Sync 1 DAGs
[2023-12-06T18:22:27.637+0000] {logging_mixin.py:154} INFO - [2023-12-06T18:22:27.637+0000] {dag.py:2963} INFO - Creating ORM DAG for example_complex
[2023-12-06T18:22:27.638+0000] {logging_mixin.py:154} INFO - [2023-12-06T18:22:27.637+0000] {dag.py:3722} INFO - Setting next_dagrun for example_complex to None, run_after=None
[2023-12-06T18:22:27.684+0000] {processor.py:179} INFO - Processing /usr/local/lib/python3.10/dist-packages/airflow/example_dags/example_complex.py took 0.221 seconds
[2023-12-06T18:23:21.451+0000] {processor.py:157} INFO - Started process (PID=3759) to work on /usr/local/lib/python3.10/dist-packages/airflow/example_dags/example_complex.py
[2023-12-06T18:23:21.453+0000] {processor.py:829} INFO - Processing file /usr/local/lib/python3.10/dist-packages/airflow/example_dags/example_complex.py for tasks to queue
[2023-12-06T18:23:21.454+0000] {logging_mixin.py:154} INFO - [2023-12-06T18:23:21.453+0000] {dagbag.py:536} INFO - Filling up the DagBag from /usr/local/lib/python3.10/dist-packages/airflow/example_dags/example_complex.py
[2023-12-06T18:23:21.466+0000] {processor.py:839} INFO - DAG(s) dict_keys(['example_complex']) retrieved from /usr/local/lib/python3.10/dist-packages/airflow/example_dags/example_complex.py
[2023-12-06T18:23:21.494+0000] {logging_mixin.py:154} INFO - [2023-12-06T18:23:21.494+0000] {dag.py:2941} INFO - Sync 1 DAGs
[2023-12-06T18:23:21.507+0000] {logging_mixin.py:154} INFO - [2023-12-06T18:23:21.506+0000] {dag.py:3722} INFO - Setting next_dagrun for example_complex to None, run_after=None
[2023-12-06T18:23:21.530+0000] {processor.py:179} INFO - Processing /usr/local/lib/python3.10/dist-packages/airflow/example_dags/example_complex.py took 0.083 seconds
[2023-12-06T18:24:09.686+0000] {processor.py:157} INFO - Started process (PID=3808) to work on /usr/local/lib/python3.10/dist-packages/airflow/example_dags/example_complex.py
[2023-12-06T18:24:09.687+0000] {processor.py:829} INFO - Processing file /usr/local/lib/python3.10/dist-packages/airflow/example_dags/example_complex.py for tasks to queue
[2023-12-06T18:24:09.688+0000] {logging_mixin.py:154} INFO - [2023-12-06T18:24:09.688+0000] {dagbag.py:536} INFO - Filling up the DagBag from /usr/local/lib/python3.10/dist-packages/airflow/example_dags/example_complex.py
[2023-12-06T18:24:09.701+0000] {processor.py:839} INFO - DAG(s) dict_keys(['example_complex']) retrieved from /usr/local/lib/python3.10/dist-packages/airflow/example_dags/example_complex.py
[2023-12-06T18:24:09.729+0000] {logging_mixin.py:154} INFO - [2023-12-06T18:24:09.729+0000] {dag.py:2941} INFO - Sync 1 DAGs
[2023-12-06T18:24:09.741+0000] {logging_mixin.py:154} INFO - [2023-12-06T18:24:09.741+0000] {dag.py:3722} INFO - Setting next_dagrun for example_complex to None, run_after=None
[2023-12-06T18:24:09.763+0000] {processor.py:179} INFO - Processing /usr/local/lib/python3.10/dist-packages/airflow/example_dags/example_complex.py took 0.081 seconds
[2023-12-06T18:24:59.775+0000] {processor.py:157} INFO - Started process (PID=3861) to work on /usr/local/lib/python3.10/dist-packages/airflow/example_dags/example_complex.py
[2023-12-06T18:24:59.776+0000] {processor.py:829} INFO - Processing file /usr/local/lib/python3.10/dist-packages/airflow/example_dags/example_complex.py for tasks to queue
[2023-12-06T18:24:59.777+0000] {logging_mixin.py:154} INFO - [2023-12-06T18:24:59.777+0000] {dagbag.py:536} INFO - Filling up the DagBag from /usr/local/lib/python3.10/dist-packages/airflow/example_dags/example_complex.py
[2023-12-06T18:24:59.789+0000] {processor.py:839} INFO - DAG(s) dict_keys(['example_complex']) retrieved from /usr/local/lib/python3.10/dist-packages/airflow/example_dags/example_complex.py
[2023-12-06T18:24:59.817+0000] {logging_mixin.py:154} INFO - [2023-12-06T18:24:59.816+0000] {dag.py:2941} INFO - Sync 1 DAGs
[2023-12-06T18:24:59.829+0000] {logging_mixin.py:154} INFO - [2023-12-06T18:24:59.828+0000] {dag.py:3722} INFO - Setting next_dagrun for example_complex to None, run_after=None
[2023-12-06T18:24:59.851+0000] {processor.py:179} INFO - Processing /usr/local/lib/python3.10/dist-packages/airflow/example_dags/example_complex.py took 0.080 seconds
[2023-12-06T18:25:43.475+0000] {processor.py:157} INFO - Started process (PID=3909) to work on /usr/local/lib/python3.10/dist-packages/airflow/example_dags/example_complex.py
[2023-12-06T18:25:43.477+0000] {processor.py:829} INFO - Processing file /usr/local/lib/python3.10/dist-packages/airflow/example_dags/example_complex.py for tasks to queue
[2023-12-06T18:25:43.478+0000] {logging_mixin.py:154} INFO - [2023-12-06T18:25:43.477+0000] {dagbag.py:536} INFO - Filling up the DagBag from /usr/local/lib/python3.10/dist-packages/airflow/example_dags/example_complex.py
[2023-12-06T18:25:43.490+0000] {processor.py:839} INFO - DAG(s) dict_keys(['example_complex']) retrieved from /usr/local/lib/python3.10/dist-packages/airflow/example_dags/example_complex.py
[2023-12-06T18:25:43.519+0000] {logging_mixin.py:154} INFO - [2023-12-06T18:25:43.519+0000] {dag.py:2941} INFO - Sync 1 DAGs
[2023-12-06T18:25:43.532+0000] {logging_mixin.py:154} INFO - [2023-12-06T18:25:43.531+0000] {dag.py:3722} INFO - Setting next_dagrun for example_complex to None, run_after=None
[2023-12-06T18:25:43.555+0000] {processor.py:179} INFO - Processing /usr/local/lib/python3.10/dist-packages/airflow/example_dags/example_complex.py took 0.083 seconds
[2023-12-06T18:26:30.795+0000] {processor.py:157} INFO - Started process (PID=3956) to work on /usr/local/lib/python3.10/dist-packages/airflow/example_dags/example_complex.py
[2023-12-06T18:26:30.797+0000] {processor.py:829} INFO - Processing file /usr/local/lib/python3.10/dist-packages/airflow/example_dags/example_complex.py for tasks to queue
[2023-12-06T18:26:30.798+0000] {logging_mixin.py:154} INFO - [2023-12-06T18:26:30.797+0000] {dagbag.py:536} INFO - Filling up the DagBag from /usr/local/lib/python3.10/dist-packages/airflow/example_dags/example_complex.py
[2023-12-06T18:26:30.810+0000] {processor.py:839} INFO - DAG(s) dict_keys(['example_complex']) retrieved from /usr/local/lib/python3.10/dist-packages/airflow/example_dags/example_complex.py
[2023-12-06T18:26:30.838+0000] {logging_mixin.py:154} INFO - [2023-12-06T18:26:30.837+0000] {dag.py:2941} INFO - Sync 1 DAGs
[2023-12-06T18:26:30.850+0000] {logging_mixin.py:154} INFO - [2023-12-06T18:26:30.850+0000] {dag.py:3722} INFO - Setting next_dagrun for example_complex to None, run_after=None
[2023-12-06T18:26:30.873+0000] {processor.py:179} INFO - Processing /usr/local/lib/python3.10/dist-packages/airflow/example_dags/example_complex.py took 0.081 seconds
[2023-12-06T18:27:16.321+0000] {processor.py:157} INFO - Started process (PID=4004) to work on /usr/local/lib/python3.10/dist-packages/airflow/example_dags/example_complex.py
[2023-12-06T18:27:16.323+0000] {processor.py:829} INFO - Processing file /usr/local/lib/python3.10/dist-packages/airflow/example_dags/example_complex.py for tasks to queue
[2023-12-06T18:27:16.324+0000] {logging_mixin.py:154} INFO - [2023-12-06T18:27:16.324+0000] {dagbag.py:536} INFO - Filling up the DagBag from /usr/local/lib/python3.10/dist-packages/airflow/example_dags/example_complex.py
[2023-12-06T18:27:16.336+0000] {processor.py:839} INFO - DAG(s) dict_keys(['example_complex']) retrieved from /usr/local/lib/python3.10/dist-packages/airflow/example_dags/example_complex.py
[2023-12-06T18:27:16.364+0000] {logging_mixin.py:154} INFO - [2023-12-06T18:27:16.363+0000] {dag.py:2941} INFO - Sync 1 DAGs
[2023-12-06T18:27:16.375+0000] {logging_mixin.py:154} INFO - [2023-12-06T18:27:16.375+0000] {dag.py:3722} INFO - Setting next_dagrun for example_complex to None, run_after=None
[2023-12-06T18:27:16.398+0000] {processor.py:179} INFO - Processing /usr/local/lib/python3.10/dist-packages/airflow/example_dags/example_complex.py took 0.081 seconds
[2023-12-06T18:27:59.751+0000] {processor.py:157} INFO - Started process (PID=4050) to work on /usr/local/lib/python3.10/dist-packages/airflow/example_dags/example_complex.py
[2023-12-06T18:27:59.752+0000] {processor.py:829} INFO - Processing file /usr/local/lib/python3.10/dist-packages/airflow/example_dags/example_complex.py for tasks to queue
[2023-12-06T18:27:59.753+0000] {logging_mixin.py:154} INFO - [2023-12-06T18:27:59.752+0000] {dagbag.py:536} INFO - Filling up the DagBag from /usr/local/lib/python3.10/dist-packages/airflow/example_dags/example_complex.py
[2023-12-06T18:27:59.765+0000] {processor.py:839} INFO - DAG(s) dict_keys(['example_complex']) retrieved from /usr/local/lib/python3.10/dist-packages/airflow/example_dags/example_complex.py
[2023-12-06T18:27:59.793+0000] {logging_mixin.py:154} INFO - [2023-12-06T18:27:59.792+0000] {dag.py:2941} INFO - Sync 1 DAGs
[2023-12-06T18:27:59.805+0000] {logging_mixin.py:154} INFO - [2023-12-06T18:27:59.805+0000] {dag.py:3722} INFO - Setting next_dagrun for example_complex to None, run_after=None
[2023-12-06T18:27:59.827+0000] {processor.py:179} INFO - Processing /usr/local/lib/python3.10/dist-packages/airflow/example_dags/example_complex.py took 0.080 seconds
[2023-12-06T18:28:45.237+0000] {processor.py:157} INFO - Started process (PID=4096) to work on /usr/local/lib/python3.10/dist-packages/airflow/example_dags/example_complex.py
[2023-12-06T18:28:45.239+0000] {processor.py:829} INFO - Processing file /usr/local/lib/python3.10/dist-packages/airflow/example_dags/example_complex.py for tasks to queue
[2023-12-06T18:28:45.240+0000] {logging_mixin.py:154} INFO - [2023-12-06T18:28:45.239+0000] {dagbag.py:536} INFO - Filling up the DagBag from /usr/local/lib/python3.10/dist-packages/airflow/example_dags/example_complex.py
[2023-12-06T18:28:45.252+0000] {processor.py:839} INFO - DAG(s) dict_keys(['example_complex']) retrieved from /usr/local/lib/python3.10/dist-packages/airflow/example_dags/example_complex.py
[2023-12-06T18:28:45.280+0000] {logging_mixin.py:154} INFO - [2023-12-06T18:28:45.280+0000] {dag.py:2941} INFO - Sync 1 DAGs
[2023-12-06T18:28:45.293+0000] {logging_mixin.py:154} INFO - [2023-12-06T18:28:45.292+0000] {dag.py:3722} INFO - Setting next_dagrun for example_complex to None, run_after=None
[2023-12-06T18:28:45.324+0000] {processor.py:179} INFO - Processing /usr/local/lib/python3.10/dist-packages/airflow/example_dags/example_complex.py took 0.090 seconds
[2023-12-06T18:29:32.211+0000] {processor.py:157} INFO - Started process (PID=4145) to work on /usr/local/lib/python3.10/dist-packages/airflow/example_dags/example_complex.py
[2023-12-06T18:29:32.213+0000] {processor.py:829} INFO - Processing file /usr/local/lib/python3.10/dist-packages/airflow/example_dags/example_complex.py for tasks to queue
[2023-12-06T18:29:32.213+0000] {logging_mixin.py:154} INFO - [2023-12-06T18:29:32.213+0000] {dagbag.py:536} INFO - Filling up the DagBag from /usr/local/lib/python3.10/dist-packages/airflow/example_dags/example_complex.py
[2023-12-06T18:29:32.226+0000] {processor.py:839} INFO - DAG(s) dict_keys(['example_complex']) retrieved from /usr/local/lib/python3.10/dist-packages/airflow/example_dags/example_complex.py
[2023-12-06T18:29:32.254+0000] {logging_mixin.py:154} INFO - [2023-12-06T18:29:32.254+0000] {dag.py:2941} INFO - Sync 1 DAGs
[2023-12-06T18:29:32.266+0000] {logging_mixin.py:154} INFO - [2023-12-06T18:29:32.266+0000] {dag.py:3722} INFO - Setting next_dagrun for example_complex to None, run_after=None
[2023-12-06T18:29:32.289+0000] {processor.py:179} INFO - Processing /usr/local/lib/python3.10/dist-packages/airflow/example_dags/example_complex.py took 0.082 seconds
[2023-12-06T18:30:15.912+0000] {processor.py:157} INFO - Started process (PID=4191) to work on /usr/local/lib/python3.10/dist-packages/airflow/example_dags/example_complex.py
[2023-12-06T18:30:15.914+0000] {processor.py:829} INFO - Processing file /usr/local/lib/python3.10/dist-packages/airflow/example_dags/example_complex.py for tasks to queue
[2023-12-06T18:30:15.915+0000] {logging_mixin.py:154} INFO - [2023-12-06T18:30:15.914+0000] {dagbag.py:536} INFO - Filling up the DagBag from /usr/local/lib/python3.10/dist-packages/airflow/example_dags/example_complex.py
[2023-12-06T18:30:15.927+0000] {processor.py:839} INFO - DAG(s) dict_keys(['example_complex']) retrieved from /usr/local/lib/python3.10/dist-packages/airflow/example_dags/example_complex.py
[2023-12-06T18:30:15.955+0000] {logging_mixin.py:154} INFO - [2023-12-06T18:30:15.955+0000] {dag.py:2941} INFO - Sync 1 DAGs
[2023-12-06T18:30:15.968+0000] {logging_mixin.py:154} INFO - [2023-12-06T18:30:15.967+0000] {dag.py:3722} INFO - Setting next_dagrun for example_complex to None, run_after=None
[2023-12-06T18:30:15.989+0000] {processor.py:179} INFO - Processing /usr/local/lib/python3.10/dist-packages/airflow/example_dags/example_complex.py took 0.081 seconds
[2023-12-06T18:31:01.118+0000] {processor.py:157} INFO - Started process (PID=4239) to work on /usr/local/lib/python3.10/dist-packages/airflow/example_dags/example_complex.py
[2023-12-06T18:31:01.119+0000] {processor.py:829} INFO - Processing file /usr/local/lib/python3.10/dist-packages/airflow/example_dags/example_complex.py for tasks to queue
[2023-12-06T18:31:01.120+0000] {logging_mixin.py:154} INFO - [2023-12-06T18:31:01.120+0000] {dagbag.py:536} INFO - Filling up the DagBag from /usr/local/lib/python3.10/dist-packages/airflow/example_dags/example_complex.py
[2023-12-06T18:31:01.132+0000] {processor.py:839} INFO - DAG(s) dict_keys(['example_complex']) retrieved from /usr/local/lib/python3.10/dist-packages/airflow/example_dags/example_complex.py
[2023-12-06T18:31:01.160+0000] {logging_mixin.py:154} INFO - [2023-12-06T18:31:01.160+0000] {dag.py:2941} INFO - Sync 1 DAGs
[2023-12-06T18:31:01.173+0000] {logging_mixin.py:154} INFO - [2023-12-06T18:31:01.173+0000] {dag.py:3722} INFO - Setting next_dagrun for example_complex to None, run_after=None
[2023-12-06T18:31:01.197+0000] {processor.py:179} INFO - Processing /usr/local/lib/python3.10/dist-packages/airflow/example_dags/example_complex.py took 0.083 seconds
[2023-12-06T18:31:43.917+0000] {processor.py:157} INFO - Started process (PID=4285) to work on /usr/local/lib/python3.10/dist-packages/airflow/example_dags/example_complex.py
[2023-12-06T18:31:43.919+0000] {processor.py:829} INFO - Processing file /usr/local/lib/python3.10/dist-packages/airflow/example_dags/example_complex.py for tasks to queue
[2023-12-06T18:31:43.920+0000] {logging_mixin.py:154} INFO - [2023-12-06T18:31:43.919+0000] {dagbag.py:536} INFO - Filling up the DagBag from /usr/local/lib/python3.10/dist-packages/airflow/example_dags/example_complex.py
[2023-12-06T18:31:43.932+0000] {processor.py:839} INFO - DAG(s) dict_keys(['example_complex']) retrieved from /usr/local/lib/python3.10/dist-packages/airflow/example_dags/example_complex.py
[2023-12-06T18:31:43.959+0000] {logging_mixin.py:154} INFO - [2023-12-06T18:31:43.959+0000] {dag.py:2941} INFO - Sync 1 DAGs
[2023-12-06T18:31:43.971+0000] {logging_mixin.py:154} INFO - [2023-12-06T18:31:43.971+0000] {dag.py:3722} INFO - Setting next_dagrun for example_complex to None, run_after=None
[2023-12-06T18:31:43.994+0000] {processor.py:179} INFO - Processing /usr/local/lib/python3.10/dist-packages/airflow/example_dags/example_complex.py took 0.080 seconds
[2023-12-06T18:32:28.174+0000] {processor.py:157} INFO - Started process (PID=4330) to work on /usr/local/lib/python3.10/dist-packages/airflow/example_dags/example_complex.py
[2023-12-06T18:32:28.175+0000] {processor.py:829} INFO - Processing file /usr/local/lib/python3.10/dist-packages/airflow/example_dags/example_complex.py for tasks to queue
[2023-12-06T18:32:28.176+0000] {logging_mixin.py:154} INFO - [2023-12-06T18:32:28.176+0000] {dagbag.py:536} INFO - Filling up the DagBag from /usr/local/lib/python3.10/dist-packages/airflow/example_dags/example_complex.py
[2023-12-06T18:32:28.194+0000] {processor.py:839} INFO - DAG(s) dict_keys(['example_complex']) retrieved from /usr/local/lib/python3.10/dist-packages/airflow/example_dags/example_complex.py
[2023-12-06T18:32:28.222+0000] {logging_mixin.py:154} INFO - [2023-12-06T18:32:28.222+0000] {dag.py:2941} INFO - Sync 1 DAGs
[2023-12-06T18:32:28.235+0000] {logging_mixin.py:154} INFO - [2023-12-06T18:32:28.234+0000] {dag.py:3722} INFO - Setting next_dagrun for example_complex to None, run_after=None
[2023-12-06T18:32:28.257+0000] {processor.py:179} INFO - Processing /usr/local/lib/python3.10/dist-packages/airflow/example_dags/example_complex.py took 0.087 seconds
[2023-12-06T18:33:14.506+0000] {processor.py:157} INFO - Started process (PID=4377) to work on /usr/local/lib/python3.10/dist-packages/airflow/example_dags/example_complex.py
[2023-12-06T18:33:14.507+0000] {processor.py:829} INFO - Processing file /usr/local/lib/python3.10/dist-packages/airflow/example_dags/example_complex.py for tasks to queue
[2023-12-06T18:33:14.514+0000] {logging_mixin.py:154} INFO - [2023-12-06T18:33:14.513+0000] {dagbag.py:536} INFO - Filling up the DagBag from /usr/local/lib/python3.10/dist-packages/airflow/example_dags/example_complex.py
[2023-12-06T18:33:14.526+0000] {processor.py:839} INFO - DAG(s) dict_keys(['example_complex']) retrieved from /usr/local/lib/python3.10/dist-packages/airflow/example_dags/example_complex.py
[2023-12-06T18:33:14.554+0000] {logging_mixin.py:154} INFO - [2023-12-06T18:33:14.553+0000] {dag.py:2941} INFO - Sync 1 DAGs
[2023-12-06T18:33:14.566+0000] {logging_mixin.py:154} INFO - [2023-12-06T18:33:14.566+0000] {dag.py:3722} INFO - Setting next_dagrun for example_complex to None, run_after=None
[2023-12-06T18:33:14.588+0000] {processor.py:179} INFO - Processing /usr/local/lib/python3.10/dist-packages/airflow/example_dags/example_complex.py took 0.086 seconds
[2023-12-06T18:34:01.589+0000] {processor.py:157} INFO - Started process (PID=4425) to work on /usr/local/lib/python3.10/dist-packages/airflow/example_dags/example_complex.py
[2023-12-06T18:34:01.591+0000] {processor.py:829} INFO - Processing file /usr/local/lib/python3.10/dist-packages/airflow/example_dags/example_complex.py for tasks to queue
[2023-12-06T18:34:01.592+0000] {logging_mixin.py:154} INFO - [2023-12-06T18:34:01.592+0000] {dagbag.py:536} INFO - Filling up the DagBag from /usr/local/lib/python3.10/dist-packages/airflow/example_dags/example_complex.py
[2023-12-06T18:34:01.605+0000] {processor.py:839} INFO - DAG(s) dict_keys(['example_complex']) retrieved from /usr/local/lib/python3.10/dist-packages/airflow/example_dags/example_complex.py
[2023-12-06T18:34:01.634+0000] {logging_mixin.py:154} INFO - [2023-12-06T18:34:01.634+0000] {dag.py:2941} INFO - Sync 1 DAGs
[2023-12-06T18:34:01.647+0000] {logging_mixin.py:154} INFO - [2023-12-06T18:34:01.647+0000] {dag.py:3722} INFO - Setting next_dagrun for example_complex to None, run_after=None
[2023-12-06T18:34:01.672+0000] {processor.py:179} INFO - Processing /usr/local/lib/python3.10/dist-packages/airflow/example_dags/example_complex.py took 0.087 seconds
[2023-12-06T18:34:49.084+0000] {processor.py:157} INFO - Started process (PID=4474) to work on /usr/local/lib/python3.10/dist-packages/airflow/example_dags/example_complex.py
[2023-12-06T18:34:49.086+0000] {processor.py:829} INFO - Processing file /usr/local/lib/python3.10/dist-packages/airflow/example_dags/example_complex.py for tasks to queue
[2023-12-06T18:34:49.087+0000] {logging_mixin.py:154} INFO - [2023-12-06T18:34:49.086+0000] {dagbag.py:536} INFO - Filling up the DagBag from /usr/local/lib/python3.10/dist-packages/airflow/example_dags/example_complex.py
[2023-12-06T18:34:49.100+0000] {processor.py:839} INFO - DAG(s) dict_keys(['example_complex']) retrieved from /usr/local/lib/python3.10/dist-packages/airflow/example_dags/example_complex.py
[2023-12-06T18:34:49.128+0000] {logging_mixin.py:154} INFO - [2023-12-06T18:34:49.128+0000] {dag.py:2941} INFO - Sync 1 DAGs
[2023-12-06T18:34:49.141+0000] {logging_mixin.py:154} INFO - [2023-12-06T18:34:49.141+0000] {dag.py:3722} INFO - Setting next_dagrun for example_complex to None, run_after=None
[2023-12-06T18:34:49.165+0000] {processor.py:179} INFO - Processing /usr/local/lib/python3.10/dist-packages/airflow/example_dags/example_complex.py took 0.084 seconds
[2023-12-06T18:35:35.947+0000] {processor.py:157} INFO - Started process (PID=4522) to work on /usr/local/lib/python3.10/dist-packages/airflow/example_dags/example_complex.py
[2023-12-06T18:35:35.948+0000] {processor.py:829} INFO - Processing file /usr/local/lib/python3.10/dist-packages/airflow/example_dags/example_complex.py for tasks to queue
[2023-12-06T18:35:35.949+0000] {logging_mixin.py:154} INFO - [2023-12-06T18:35:35.949+0000] {dagbag.py:536} INFO - Filling up the DagBag from /usr/local/lib/python3.10/dist-packages/airflow/example_dags/example_complex.py
[2023-12-06T18:35:35.961+0000] {processor.py:839} INFO - DAG(s) dict_keys(['example_complex']) retrieved from /usr/local/lib/python3.10/dist-packages/airflow/example_dags/example_complex.py
[2023-12-06T18:35:35.989+0000] {logging_mixin.py:154} INFO - [2023-12-06T18:35:35.989+0000] {dag.py:2941} INFO - Sync 1 DAGs
[2023-12-06T18:35:36.001+0000] {logging_mixin.py:154} INFO - [2023-12-06T18:35:36.001+0000] {dag.py:3722} INFO - Setting next_dagrun for example_complex to None, run_after=None
[2023-12-06T18:35:36.024+0000] {processor.py:179} INFO - Processing /usr/local/lib/python3.10/dist-packages/airflow/example_dags/example_complex.py took 0.081 seconds
[2023-12-06T18:36:20.034+0000] {processor.py:157} INFO - Started process (PID=4568) to work on /usr/local/lib/python3.10/dist-packages/airflow/example_dags/example_complex.py
[2023-12-06T18:36:20.036+0000] {processor.py:829} INFO - Processing file /usr/local/lib/python3.10/dist-packages/airflow/example_dags/example_complex.py for tasks to queue
[2023-12-06T18:36:20.037+0000] {logging_mixin.py:154} INFO - [2023-12-06T18:36:20.037+0000] {dagbag.py:536} INFO - Filling up the DagBag from /usr/local/lib/python3.10/dist-packages/airflow/example_dags/example_complex.py
[2023-12-06T18:36:20.049+0000] {processor.py:839} INFO - DAG(s) dict_keys(['example_complex']) retrieved from /usr/local/lib/python3.10/dist-packages/airflow/example_dags/example_complex.py
[2023-12-06T18:36:20.077+0000] {logging_mixin.py:154} INFO - [2023-12-06T18:36:20.077+0000] {dag.py:2941} INFO - Sync 1 DAGs
[2023-12-06T18:36:20.090+0000] {logging_mixin.py:154} INFO - [2023-12-06T18:36:20.089+0000] {dag.py:3722} INFO - Setting next_dagrun for example_complex to None, run_after=None
[2023-12-06T18:36:20.115+0000] {processor.py:179} INFO - Processing /usr/local/lib/python3.10/dist-packages/airflow/example_dags/example_complex.py took 0.084 seconds
[2023-12-06T18:37:07.421+0000] {processor.py:157} INFO - Started process (PID=4617) to work on /usr/local/lib/python3.10/dist-packages/airflow/example_dags/example_complex.py
[2023-12-06T18:37:07.422+0000] {processor.py:829} INFO - Processing file /usr/local/lib/python3.10/dist-packages/airflow/example_dags/example_complex.py for tasks to queue
[2023-12-06T18:37:07.423+0000] {logging_mixin.py:154} INFO - [2023-12-06T18:37:07.423+0000] {dagbag.py:536} INFO - Filling up the DagBag from /usr/local/lib/python3.10/dist-packages/airflow/example_dags/example_complex.py
[2023-12-06T18:37:07.435+0000] {processor.py:839} INFO - DAG(s) dict_keys(['example_complex']) retrieved from /usr/local/lib/python3.10/dist-packages/airflow/example_dags/example_complex.py
[2023-12-06T18:37:07.463+0000] {logging_mixin.py:154} INFO - [2023-12-06T18:37:07.463+0000] {dag.py:2941} INFO - Sync 1 DAGs
[2023-12-06T18:37:07.475+0000] {logging_mixin.py:154} INFO - [2023-12-06T18:37:07.475+0000] {dag.py:3722} INFO - Setting next_dagrun for example_complex to None, run_after=None
[2023-12-06T18:37:07.497+0000] {processor.py:179} INFO - Processing /usr/local/lib/python3.10/dist-packages/airflow/example_dags/example_complex.py took 0.080 seconds
[2023-12-06T18:37:52.668+0000] {processor.py:157} INFO - Started process (PID=4664) to work on /usr/local/lib/python3.10/dist-packages/airflow/example_dags/example_complex.py
[2023-12-06T18:37:52.670+0000] {processor.py:829} INFO - Processing file /usr/local/lib/python3.10/dist-packages/airflow/example_dags/example_complex.py for tasks to queue
[2023-12-06T18:37:52.671+0000] {logging_mixin.py:154} INFO - [2023-12-06T18:37:52.670+0000] {dagbag.py:536} INFO - Filling up the DagBag from /usr/local/lib/python3.10/dist-packages/airflow/example_dags/example_complex.py
[2023-12-06T18:37:52.683+0000] {processor.py:839} INFO - DAG(s) dict_keys(['example_complex']) retrieved from /usr/local/lib/python3.10/dist-packages/airflow/example_dags/example_complex.py
[2023-12-06T18:37:52.711+0000] {logging_mixin.py:154} INFO - [2023-12-06T18:37:52.711+0000] {dag.py:2941} INFO - Sync 1 DAGs
[2023-12-06T18:37:52.724+0000] {logging_mixin.py:154} INFO - [2023-12-06T18:37:52.724+0000] {dag.py:3722} INFO - Setting next_dagrun for example_complex to None, run_after=None
[2023-12-06T18:37:52.746+0000] {processor.py:179} INFO - Processing /usr/local/lib/python3.10/dist-packages/airflow/example_dags/example_complex.py took 0.082 seconds
[2023-12-06T18:38:40.282+0000] {processor.py:157} INFO - Started process (PID=4711) to work on /usr/local/lib/python3.10/dist-packages/airflow/example_dags/example_complex.py
[2023-12-06T18:38:40.284+0000] {processor.py:829} INFO - Processing file /usr/local/lib/python3.10/dist-packages/airflow/example_dags/example_complex.py for tasks to queue
[2023-12-06T18:38:40.285+0000] {logging_mixin.py:154} INFO - [2023-12-06T18:38:40.284+0000] {dagbag.py:536} INFO - Filling up the DagBag from /usr/local/lib/python3.10/dist-packages/airflow/example_dags/example_complex.py
[2023-12-06T18:38:40.297+0000] {processor.py:839} INFO - DAG(s) dict_keys(['example_complex']) retrieved from /usr/local/lib/python3.10/dist-packages/airflow/example_dags/example_complex.py
[2023-12-06T18:38:40.325+0000] {logging_mixin.py:154} INFO - [2023-12-06T18:38:40.324+0000] {dag.py:2941} INFO - Sync 1 DAGs
[2023-12-06T18:38:40.337+0000] {logging_mixin.py:154} INFO - [2023-12-06T18:38:40.336+0000] {dag.py:3722} INFO - Setting next_dagrun for example_complex to None, run_after=None
[2023-12-06T18:38:40.359+0000] {processor.py:179} INFO - Processing /usr/local/lib/python3.10/dist-packages/airflow/example_dags/example_complex.py took 0.084 seconds
[2023-12-06T18:39:28.010+0000] {processor.py:157} INFO - Started process (PID=4759) to work on /usr/local/lib/python3.10/dist-packages/airflow/example_dags/example_complex.py
[2023-12-06T18:39:28.012+0000] {processor.py:829} INFO - Processing file /usr/local/lib/python3.10/dist-packages/airflow/example_dags/example_complex.py for tasks to queue
[2023-12-06T18:39:28.013+0000] {logging_mixin.py:154} INFO - [2023-12-06T18:39:28.013+0000] {dagbag.py:536} INFO - Filling up the DagBag from /usr/local/lib/python3.10/dist-packages/airflow/example_dags/example_complex.py
[2023-12-06T18:39:28.025+0000] {processor.py:839} INFO - DAG(s) dict_keys(['example_complex']) retrieved from /usr/local/lib/python3.10/dist-packages/airflow/example_dags/example_complex.py
[2023-12-06T18:39:28.054+0000] {logging_mixin.py:154} INFO - [2023-12-06T18:39:28.054+0000] {dag.py:2941} INFO - Sync 1 DAGs
[2023-12-06T18:39:28.067+0000] {logging_mixin.py:154} INFO - [2023-12-06T18:39:28.067+0000] {dag.py:3722} INFO - Setting next_dagrun for example_complex to None, run_after=None
[2023-12-06T18:39:28.098+0000] {processor.py:179} INFO - Processing /usr/local/lib/python3.10/dist-packages/airflow/example_dags/example_complex.py took 0.092 seconds
[2023-12-06T18:40:16.846+0000] {processor.py:157} INFO - Started process (PID=4808) to work on /usr/local/lib/python3.10/dist-packages/airflow/example_dags/example_complex.py
[2023-12-06T18:40:16.848+0000] {processor.py:829} INFO - Processing file /usr/local/lib/python3.10/dist-packages/airflow/example_dags/example_complex.py for tasks to queue
[2023-12-06T18:40:16.849+0000] {logging_mixin.py:154} INFO - [2023-12-06T18:40:16.848+0000] {dagbag.py:536} INFO - Filling up the DagBag from /usr/local/lib/python3.10/dist-packages/airflow/example_dags/example_complex.py
[2023-12-06T18:40:16.861+0000] {processor.py:839} INFO - DAG(s) dict_keys(['example_complex']) retrieved from /usr/local/lib/python3.10/dist-packages/airflow/example_dags/example_complex.py
[2023-12-06T18:40:16.888+0000] {logging_mixin.py:154} INFO - [2023-12-06T18:40:16.888+0000] {dag.py:2941} INFO - Sync 1 DAGs
[2023-12-06T18:40:16.901+0000] {logging_mixin.py:154} INFO - [2023-12-06T18:40:16.900+0000] {dag.py:3722} INFO - Setting next_dagrun for example_complex to None, run_after=None
[2023-12-06T18:40:16.924+0000] {processor.py:179} INFO - Processing /usr/local/lib/python3.10/dist-packages/airflow/example_dags/example_complex.py took 0.081 seconds
[2023-12-06T18:41:09.497+0000] {processor.py:157} INFO - Started process (PID=4860) to work on /usr/local/lib/python3.10/dist-packages/airflow/example_dags/example_complex.py
[2023-12-06T18:41:09.498+0000] {processor.py:829} INFO - Processing file /usr/local/lib/python3.10/dist-packages/airflow/example_dags/example_complex.py for tasks to queue
[2023-12-06T18:41:09.499+0000] {logging_mixin.py:154} INFO - [2023-12-06T18:41:09.499+0000] {dagbag.py:536} INFO - Filling up the DagBag from /usr/local/lib/python3.10/dist-packages/airflow/example_dags/example_complex.py
[2023-12-06T18:41:09.512+0000] {processor.py:839} INFO - DAG(s) dict_keys(['example_complex']) retrieved from /usr/local/lib/python3.10/dist-packages/airflow/example_dags/example_complex.py
[2023-12-06T18:41:09.545+0000] {logging_mixin.py:154} INFO - [2023-12-06T18:41:09.544+0000] {dag.py:2941} INFO - Sync 1 DAGs
[2023-12-06T18:41:09.565+0000] {logging_mixin.py:154} INFO - [2023-12-06T18:41:09.565+0000] {dag.py:3722} INFO - Setting next_dagrun for example_complex to None, run_after=None
[2023-12-06T18:41:09.588+0000] {processor.py:179} INFO - Processing /usr/local/lib/python3.10/dist-packages/airflow/example_dags/example_complex.py took 0.095 seconds
[2023-12-06T18:41:56.120+0000] {processor.py:157} INFO - Started process (PID=4909) to work on /usr/local/lib/python3.10/dist-packages/airflow/example_dags/example_complex.py
[2023-12-06T18:41:56.121+0000] {processor.py:829} INFO - Processing file /usr/local/lib/python3.10/dist-packages/airflow/example_dags/example_complex.py for tasks to queue
[2023-12-06T18:41:56.122+0000] {logging_mixin.py:154} INFO - [2023-12-06T18:41:56.122+0000] {dagbag.py:536} INFO - Filling up the DagBag from /usr/local/lib/python3.10/dist-packages/airflow/example_dags/example_complex.py
[2023-12-06T18:41:56.134+0000] {processor.py:839} INFO - DAG(s) dict_keys(['example_complex']) retrieved from /usr/local/lib/python3.10/dist-packages/airflow/example_dags/example_complex.py
[2023-12-06T18:41:56.162+0000] {logging_mixin.py:154} INFO - [2023-12-06T18:41:56.162+0000] {dag.py:2941} INFO - Sync 1 DAGs
[2023-12-06T18:41:56.174+0000] {logging_mixin.py:154} INFO - [2023-12-06T18:41:56.174+0000] {dag.py:3722} INFO - Setting next_dagrun for example_complex to None, run_after=None
[2023-12-06T18:41:56.197+0000] {processor.py:179} INFO - Processing /usr/local/lib/python3.10/dist-packages/airflow/example_dags/example_complex.py took 0.081 seconds
[2023-12-06T18:42:42.511+0000] {processor.py:157} INFO - Started process (PID=4955) to work on /usr/local/lib/python3.10/dist-packages/airflow/example_dags/example_complex.py
[2023-12-06T18:42:42.512+0000] {processor.py:829} INFO - Processing file /usr/local/lib/python3.10/dist-packages/airflow/example_dags/example_complex.py for tasks to queue
[2023-12-06T18:42:42.513+0000] {logging_mixin.py:154} INFO - [2023-12-06T18:42:42.513+0000] {dagbag.py:536} INFO - Filling up the DagBag from /usr/local/lib/python3.10/dist-packages/airflow/example_dags/example_complex.py
[2023-12-06T18:42:42.525+0000] {processor.py:839} INFO - DAG(s) dict_keys(['example_complex']) retrieved from /usr/local/lib/python3.10/dist-packages/airflow/example_dags/example_complex.py
[2023-12-06T18:42:42.553+0000] {logging_mixin.py:154} INFO - [2023-12-06T18:42:42.553+0000] {dag.py:2941} INFO - Sync 1 DAGs
[2023-12-06T18:42:42.565+0000] {logging_mixin.py:154} INFO - [2023-12-06T18:42:42.565+0000] {dag.py:3722} INFO - Setting next_dagrun for example_complex to None, run_after=None
[2023-12-06T18:42:42.588+0000] {processor.py:179} INFO - Processing /usr/local/lib/python3.10/dist-packages/airflow/example_dags/example_complex.py took 0.081 seconds
[2023-12-06T18:43:35.387+0000] {processor.py:157} INFO - Started process (PID=5007) to work on /usr/local/lib/python3.10/dist-packages/airflow/example_dags/example_complex.py
[2023-12-06T18:43:35.389+0000] {processor.py:829} INFO - Processing file /usr/local/lib/python3.10/dist-packages/airflow/example_dags/example_complex.py for tasks to queue
[2023-12-06T18:43:35.390+0000] {logging_mixin.py:154} INFO - [2023-12-06T18:43:35.389+0000] {dagbag.py:536} INFO - Filling up the DagBag from /usr/local/lib/python3.10/dist-packages/airflow/example_dags/example_complex.py
[2023-12-06T18:43:35.402+0000] {processor.py:839} INFO - DAG(s) dict_keys(['example_complex']) retrieved from /usr/local/lib/python3.10/dist-packages/airflow/example_dags/example_complex.py
[2023-12-06T18:43:35.430+0000] {logging_mixin.py:154} INFO - [2023-12-06T18:43:35.430+0000] {dag.py:2941} INFO - Sync 1 DAGs
[2023-12-06T18:43:35.442+0000] {logging_mixin.py:154} INFO - [2023-12-06T18:43:35.442+0000] {dag.py:3722} INFO - Setting next_dagrun for example_complex to None, run_after=None
[2023-12-06T18:43:35.465+0000] {processor.py:179} INFO - Processing /usr/local/lib/python3.10/dist-packages/airflow/example_dags/example_complex.py took 0.082 seconds
[2023-12-06T18:44:25.184+0000] {processor.py:157} INFO - Started process (PID=5057) to work on /usr/local/lib/python3.10/dist-packages/airflow/example_dags/example_complex.py
[2023-12-06T18:44:25.185+0000] {processor.py:829} INFO - Processing file /usr/local/lib/python3.10/dist-packages/airflow/example_dags/example_complex.py for tasks to queue
[2023-12-06T18:44:25.186+0000] {logging_mixin.py:154} INFO - [2023-12-06T18:44:25.186+0000] {dagbag.py:536} INFO - Filling up the DagBag from /usr/local/lib/python3.10/dist-packages/airflow/example_dags/example_complex.py
[2023-12-06T18:44:25.198+0000] {processor.py:839} INFO - DAG(s) dict_keys(['example_complex']) retrieved from /usr/local/lib/python3.10/dist-packages/airflow/example_dags/example_complex.py
[2023-12-06T18:44:25.226+0000] {logging_mixin.py:154} INFO - [2023-12-06T18:44:25.226+0000] {dag.py:2941} INFO - Sync 1 DAGs
[2023-12-06T18:44:25.239+0000] {logging_mixin.py:154} INFO - [2023-12-06T18:44:25.238+0000] {dag.py:3722} INFO - Setting next_dagrun for example_complex to None, run_after=None
[2023-12-06T18:44:25.262+0000] {processor.py:179} INFO - Processing /usr/local/lib/python3.10/dist-packages/airflow/example_dags/example_complex.py took 0.082 seconds
[2023-12-06T18:45:12.226+0000] {processor.py:157} INFO - Started process (PID=5105) to work on /usr/local/lib/python3.10/dist-packages/airflow/example_dags/example_complex.py
[2023-12-06T18:45:12.228+0000] {processor.py:829} INFO - Processing file /usr/local/lib/python3.10/dist-packages/airflow/example_dags/example_complex.py for tasks to queue
[2023-12-06T18:45:12.228+0000] {logging_mixin.py:154} INFO - [2023-12-06T18:45:12.228+0000] {dagbag.py:536} INFO - Filling up the DagBag from /usr/local/lib/python3.10/dist-packages/airflow/example_dags/example_complex.py
[2023-12-06T18:45:12.241+0000] {processor.py:839} INFO - DAG(s) dict_keys(['example_complex']) retrieved from /usr/local/lib/python3.10/dist-packages/airflow/example_dags/example_complex.py
[2023-12-06T18:45:12.269+0000] {logging_mixin.py:154} INFO - [2023-12-06T18:45:12.269+0000] {dag.py:2941} INFO - Sync 1 DAGs
[2023-12-06T18:45:12.282+0000] {logging_mixin.py:154} INFO - [2023-12-06T18:45:12.281+0000] {dag.py:3722} INFO - Setting next_dagrun for example_complex to None, run_after=None
[2023-12-06T18:45:12.304+0000] {processor.py:179} INFO - Processing /usr/local/lib/python3.10/dist-packages/airflow/example_dags/example_complex.py took 0.082 seconds
[2023-12-06T18:45:55.282+0000] {processor.py:157} INFO - Started process (PID=5152) to work on /usr/local/lib/python3.10/dist-packages/airflow/example_dags/example_complex.py
[2023-12-06T18:45:55.284+0000] {processor.py:829} INFO - Processing file /usr/local/lib/python3.10/dist-packages/airflow/example_dags/example_complex.py for tasks to queue
[2023-12-06T18:45:55.285+0000] {logging_mixin.py:154} INFO - [2023-12-06T18:45:55.284+0000] {dagbag.py:536} INFO - Filling up the DagBag from /usr/local/lib/python3.10/dist-packages/airflow/example_dags/example_complex.py
[2023-12-06T18:45:55.297+0000] {processor.py:839} INFO - DAG(s) dict_keys(['example_complex']) retrieved from /usr/local/lib/python3.10/dist-packages/airflow/example_dags/example_complex.py
[2023-12-06T18:45:55.326+0000] {logging_mixin.py:154} INFO - [2023-12-06T18:45:55.326+0000] {dag.py:2941} INFO - Sync 1 DAGs
[2023-12-06T18:45:55.338+0000] {logging_mixin.py:154} INFO - [2023-12-06T18:45:55.338+0000] {dag.py:3722} INFO - Setting next_dagrun for example_complex to None, run_after=None
[2023-12-06T18:45:55.361+0000] {processor.py:179} INFO - Processing /usr/local/lib/python3.10/dist-packages/airflow/example_dags/example_complex.py took 0.082 seconds
[2023-12-06T18:46:40.412+0000] {processor.py:157} INFO - Started process (PID=5198) to work on /usr/local/lib/python3.10/dist-packages/airflow/example_dags/example_complex.py
[2023-12-06T18:46:40.413+0000] {processor.py:829} INFO - Processing file /usr/local/lib/python3.10/dist-packages/airflow/example_dags/example_complex.py for tasks to queue
[2023-12-06T18:46:40.414+0000] {logging_mixin.py:154} INFO - [2023-12-06T18:46:40.414+0000] {dagbag.py:536} INFO - Filling up the DagBag from /usr/local/lib/python3.10/dist-packages/airflow/example_dags/example_complex.py
[2023-12-06T18:46:40.426+0000] {processor.py:839} INFO - DAG(s) dict_keys(['example_complex']) retrieved from /usr/local/lib/python3.10/dist-packages/airflow/example_dags/example_complex.py
[2023-12-06T18:46:40.460+0000] {logging_mixin.py:154} INFO - [2023-12-06T18:46:40.460+0000] {dag.py:2941} INFO - Sync 1 DAGs
[2023-12-06T18:46:40.473+0000] {logging_mixin.py:154} INFO - [2023-12-06T18:46:40.473+0000] {dag.py:3722} INFO - Setting next_dagrun for example_complex to None, run_after=None
[2023-12-06T18:46:40.502+0000] {processor.py:179} INFO - Processing /usr/local/lib/python3.10/dist-packages/airflow/example_dags/example_complex.py took 0.094 seconds
[2023-12-06T18:47:27.222+0000] {processor.py:157} INFO - Started process (PID=5247) to work on /usr/local/lib/python3.10/dist-packages/airflow/example_dags/example_complex.py
[2023-12-06T18:47:27.224+0000] {processor.py:829} INFO - Processing file /usr/local/lib/python3.10/dist-packages/airflow/example_dags/example_complex.py for tasks to queue
[2023-12-06T18:47:27.225+0000] {logging_mixin.py:154} INFO - [2023-12-06T18:47:27.224+0000] {dagbag.py:536} INFO - Filling up the DagBag from /usr/local/lib/python3.10/dist-packages/airflow/example_dags/example_complex.py
[2023-12-06T18:47:27.237+0000] {processor.py:839} INFO - DAG(s) dict_keys(['example_complex']) retrieved from /usr/local/lib/python3.10/dist-packages/airflow/example_dags/example_complex.py
[2023-12-06T18:47:27.265+0000] {logging_mixin.py:154} INFO - [2023-12-06T18:47:27.265+0000] {dag.py:2941} INFO - Sync 1 DAGs
[2023-12-06T18:47:27.277+0000] {logging_mixin.py:154} INFO - [2023-12-06T18:47:27.277+0000] {dag.py:3722} INFO - Setting next_dagrun for example_complex to None, run_after=None
[2023-12-06T18:47:27.300+0000] {processor.py:179} INFO - Processing /usr/local/lib/python3.10/dist-packages/airflow/example_dags/example_complex.py took 0.081 seconds
[2023-12-06T18:48:17.452+0000] {processor.py:157} INFO - Started process (PID=5299) to work on /usr/local/lib/python3.10/dist-packages/airflow/example_dags/example_complex.py
[2023-12-06T18:48:17.453+0000] {processor.py:829} INFO - Processing file /usr/local/lib/python3.10/dist-packages/airflow/example_dags/example_complex.py for tasks to queue
[2023-12-06T18:48:17.454+0000] {logging_mixin.py:154} INFO - [2023-12-06T18:48:17.453+0000] {dagbag.py:536} INFO - Filling up the DagBag from /usr/local/lib/python3.10/dist-packages/airflow/example_dags/example_complex.py
[2023-12-06T18:48:17.466+0000] {processor.py:839} INFO - DAG(s) dict_keys(['example_complex']) retrieved from /usr/local/lib/python3.10/dist-packages/airflow/example_dags/example_complex.py
[2023-12-06T18:48:17.494+0000] {logging_mixin.py:154} INFO - [2023-12-06T18:48:17.494+0000] {dag.py:2941} INFO - Sync 1 DAGs
[2023-12-06T18:48:17.506+0000] {logging_mixin.py:154} INFO - [2023-12-06T18:48:17.506+0000] {dag.py:3722} INFO - Setting next_dagrun for example_complex to None, run_after=None
[2023-12-06T18:48:17.529+0000] {processor.py:179} INFO - Processing /usr/local/lib/python3.10/dist-packages/airflow/example_dags/example_complex.py took 0.081 seconds
[2023-12-06T18:49:06.779+0000] {processor.py:157} INFO - Started process (PID=5348) to work on /usr/local/lib/python3.10/dist-packages/airflow/example_dags/example_complex.py
[2023-12-06T18:49:06.781+0000] {processor.py:829} INFO - Processing file /usr/local/lib/python3.10/dist-packages/airflow/example_dags/example_complex.py for tasks to queue
[2023-12-06T18:49:06.782+0000] {logging_mixin.py:154} INFO - [2023-12-06T18:49:06.781+0000] {dagbag.py:536} INFO - Filling up the DagBag from /usr/local/lib/python3.10/dist-packages/airflow/example_dags/example_complex.py
[2023-12-06T18:49:06.794+0000] {processor.py:839} INFO - DAG(s) dict_keys(['example_complex']) retrieved from /usr/local/lib/python3.10/dist-packages/airflow/example_dags/example_complex.py
[2023-12-06T18:49:06.822+0000] {logging_mixin.py:154} INFO - [2023-12-06T18:49:06.822+0000] {dag.py:2941} INFO - Sync 1 DAGs
[2023-12-06T18:49:06.834+0000] {logging_mixin.py:154} INFO - [2023-12-06T18:49:06.834+0000] {dag.py:3722} INFO - Setting next_dagrun for example_complex to None, run_after=None
[2023-12-06T18:49:06.867+0000] {processor.py:179} INFO - Processing /usr/local/lib/python3.10/dist-packages/airflow/example_dags/example_complex.py took 0.091 seconds
[2023-12-06T18:49:49.424+0000] {processor.py:157} INFO - Started process (PID=5395) to work on /usr/local/lib/python3.10/dist-packages/airflow/example_dags/example_complex.py
[2023-12-06T18:49:49.426+0000] {processor.py:829} INFO - Processing file /usr/local/lib/python3.10/dist-packages/airflow/example_dags/example_complex.py for tasks to queue
[2023-12-06T18:49:49.426+0000] {logging_mixin.py:154} INFO - [2023-12-06T18:49:49.426+0000] {dagbag.py:536} INFO - Filling up the DagBag from /usr/local/lib/python3.10/dist-packages/airflow/example_dags/example_complex.py
[2023-12-06T18:49:49.439+0000] {processor.py:839} INFO - DAG(s) dict_keys(['example_complex']) retrieved from /usr/local/lib/python3.10/dist-packages/airflow/example_dags/example_complex.py
[2023-12-06T18:49:49.466+0000] {logging_mixin.py:154} INFO - [2023-12-06T18:49:49.466+0000] {dag.py:2941} INFO - Sync 1 DAGs
[2023-12-06T18:49:49.478+0000] {logging_mixin.py:154} INFO - [2023-12-06T18:49:49.478+0000] {dag.py:3722} INFO - Setting next_dagrun for example_complex to None, run_after=None
[2023-12-06T18:49:49.503+0000] {processor.py:179} INFO - Processing /usr/local/lib/python3.10/dist-packages/airflow/example_dags/example_complex.py took 0.082 seconds
[2023-12-06T18:50:46.673+0000] {processor.py:157} INFO - Started process (PID=5456) to work on /usr/local/lib/python3.10/dist-packages/airflow/example_dags/example_complex.py
[2023-12-06T18:50:46.675+0000] {processor.py:829} INFO - Processing file /usr/local/lib/python3.10/dist-packages/airflow/example_dags/example_complex.py for tasks to queue
[2023-12-06T18:50:46.675+0000] {logging_mixin.py:154} INFO - [2023-12-06T18:50:46.675+0000] {dagbag.py:536} INFO - Filling up the DagBag from /usr/local/lib/python3.10/dist-packages/airflow/example_dags/example_complex.py
[2023-12-06T18:50:46.688+0000] {processor.py:839} INFO - DAG(s) dict_keys(['example_complex']) retrieved from /usr/local/lib/python3.10/dist-packages/airflow/example_dags/example_complex.py
[2023-12-06T18:50:46.716+0000] {logging_mixin.py:154} INFO - [2023-12-06T18:50:46.716+0000] {dag.py:2941} INFO - Sync 1 DAGs
[2023-12-06T18:50:46.729+0000] {logging_mixin.py:154} INFO - [2023-12-06T18:50:46.729+0000] {dag.py:3722} INFO - Setting next_dagrun for example_complex to None, run_after=None
[2023-12-06T18:50:46.752+0000] {processor.py:179} INFO - Processing /usr/local/lib/python3.10/dist-packages/airflow/example_dags/example_complex.py took 0.083 seconds
[2023-12-06T18:51:29.734+0000] {processor.py:157} INFO - Started process (PID=5502) to work on /usr/local/lib/python3.10/dist-packages/airflow/example_dags/example_complex.py
[2023-12-06T18:51:29.735+0000] {processor.py:829} INFO - Processing file /usr/local/lib/python3.10/dist-packages/airflow/example_dags/example_complex.py for tasks to queue
[2023-12-06T18:51:29.736+0000] {logging_mixin.py:154} INFO - [2023-12-06T18:51:29.736+0000] {dagbag.py:536} INFO - Filling up the DagBag from /usr/local/lib/python3.10/dist-packages/airflow/example_dags/example_complex.py
[2023-12-06T18:51:29.748+0000] {processor.py:839} INFO - DAG(s) dict_keys(['example_complex']) retrieved from /usr/local/lib/python3.10/dist-packages/airflow/example_dags/example_complex.py
[2023-12-06T18:51:29.776+0000] {logging_mixin.py:154} INFO - [2023-12-06T18:51:29.776+0000] {dag.py:2941} INFO - Sync 1 DAGs
[2023-12-06T18:51:29.789+0000] {logging_mixin.py:154} INFO - [2023-12-06T18:51:29.788+0000] {dag.py:3722} INFO - Setting next_dagrun for example_complex to None, run_after=None
[2023-12-06T18:51:29.882+0000] {processor.py:179} INFO - Processing /usr/local/lib/python3.10/dist-packages/airflow/example_dags/example_complex.py took 0.152 seconds
[2023-12-06T18:52:12.538+0000] {processor.py:157} INFO - Started process (PID=5547) to work on /usr/local/lib/python3.10/dist-packages/airflow/example_dags/example_complex.py
[2023-12-06T18:52:12.539+0000] {processor.py:829} INFO - Processing file /usr/local/lib/python3.10/dist-packages/airflow/example_dags/example_complex.py for tasks to queue
[2023-12-06T18:52:12.540+0000] {logging_mixin.py:154} INFO - [2023-12-06T18:52:12.540+0000] {dagbag.py:536} INFO - Filling up the DagBag from /usr/local/lib/python3.10/dist-packages/airflow/example_dags/example_complex.py
[2023-12-06T18:52:12.553+0000] {processor.py:839} INFO - DAG(s) dict_keys(['example_complex']) retrieved from /usr/local/lib/python3.10/dist-packages/airflow/example_dags/example_complex.py
[2023-12-06T18:52:12.581+0000] {logging_mixin.py:154} INFO - [2023-12-06T18:52:12.581+0000] {dag.py:2941} INFO - Sync 1 DAGs
[2023-12-06T18:52:12.594+0000] {logging_mixin.py:154} INFO - [2023-12-06T18:52:12.594+0000] {dag.py:3722} INFO - Setting next_dagrun for example_complex to None, run_after=None
[2023-12-06T18:52:12.671+0000] {processor.py:179} INFO - Processing /usr/local/lib/python3.10/dist-packages/airflow/example_dags/example_complex.py took 0.137 seconds
[2023-12-06T18:53:00.190+0000] {processor.py:157} INFO - Started process (PID=5595) to work on /usr/local/lib/python3.10/dist-packages/airflow/example_dags/example_complex.py
[2023-12-06T18:53:00.192+0000] {processor.py:829} INFO - Processing file /usr/local/lib/python3.10/dist-packages/airflow/example_dags/example_complex.py for tasks to queue
[2023-12-06T18:53:00.192+0000] {logging_mixin.py:154} INFO - [2023-12-06T18:53:00.192+0000] {dagbag.py:536} INFO - Filling up the DagBag from /usr/local/lib/python3.10/dist-packages/airflow/example_dags/example_complex.py
[2023-12-06T18:53:00.205+0000] {processor.py:839} INFO - DAG(s) dict_keys(['example_complex']) retrieved from /usr/local/lib/python3.10/dist-packages/airflow/example_dags/example_complex.py
[2023-12-06T18:53:00.233+0000] {logging_mixin.py:154} INFO - [2023-12-06T18:53:00.233+0000] {dag.py:2941} INFO - Sync 1 DAGs
[2023-12-06T18:53:00.246+0000] {logging_mixin.py:154} INFO - [2023-12-06T18:53:00.245+0000] {dag.py:3722} INFO - Setting next_dagrun for example_complex to None, run_after=None
[2023-12-06T18:53:00.269+0000] {processor.py:179} INFO - Processing /usr/local/lib/python3.10/dist-packages/airflow/example_dags/example_complex.py took 0.083 seconds
[2023-12-06T18:53:45.813+0000] {processor.py:157} INFO - Started process (PID=5642) to work on /usr/local/lib/python3.10/dist-packages/airflow/example_dags/example_complex.py
[2023-12-06T18:53:45.814+0000] {processor.py:829} INFO - Processing file /usr/local/lib/python3.10/dist-packages/airflow/example_dags/example_complex.py for tasks to queue
[2023-12-06T18:53:45.815+0000] {logging_mixin.py:154} INFO - [2023-12-06T18:53:45.815+0000] {dagbag.py:536} INFO - Filling up the DagBag from /usr/local/lib/python3.10/dist-packages/airflow/example_dags/example_complex.py
[2023-12-06T18:53:45.828+0000] {processor.py:839} INFO - DAG(s) dict_keys(['example_complex']) retrieved from /usr/local/lib/python3.10/dist-packages/airflow/example_dags/example_complex.py
[2023-12-06T18:53:45.856+0000] {logging_mixin.py:154} INFO - [2023-12-06T18:53:45.856+0000] {dag.py:2941} INFO - Sync 1 DAGs
[2023-12-06T18:53:45.869+0000] {logging_mixin.py:154} INFO - [2023-12-06T18:53:45.868+0000] {dag.py:3722} INFO - Setting next_dagrun for example_complex to None, run_after=None
[2023-12-06T18:53:45.890+0000] {processor.py:179} INFO - Processing /usr/local/lib/python3.10/dist-packages/airflow/example_dags/example_complex.py took 0.081 seconds
[2023-12-06T18:54:28.527+0000] {processor.py:157} INFO - Started process (PID=5686) to work on /usr/local/lib/python3.10/dist-packages/airflow/example_dags/example_complex.py
[2023-12-06T18:54:28.529+0000] {processor.py:829} INFO - Processing file /usr/local/lib/python3.10/dist-packages/airflow/example_dags/example_complex.py for tasks to queue
[2023-12-06T18:54:28.530+0000] {logging_mixin.py:154} INFO - [2023-12-06T18:54:28.529+0000] {dagbag.py:536} INFO - Filling up the DagBag from /usr/local/lib/python3.10/dist-packages/airflow/example_dags/example_complex.py
[2023-12-06T18:54:28.542+0000] {processor.py:839} INFO - DAG(s) dict_keys(['example_complex']) retrieved from /usr/local/lib/python3.10/dist-packages/airflow/example_dags/example_complex.py
[2023-12-06T18:54:28.569+0000] {logging_mixin.py:154} INFO - [2023-12-06T18:54:28.569+0000] {dag.py:2941} INFO - Sync 1 DAGs
[2023-12-06T18:54:28.581+0000] {logging_mixin.py:154} INFO - [2023-12-06T18:54:28.581+0000] {dag.py:3722} INFO - Setting next_dagrun for example_complex to None, run_after=None
[2023-12-06T18:54:28.604+0000] {processor.py:179} INFO - Processing /usr/local/lib/python3.10/dist-packages/airflow/example_dags/example_complex.py took 0.081 seconds
[2023-12-06T18:55:14.363+0000] {processor.py:157} INFO - Started process (PID=5735) to work on /usr/local/lib/python3.10/dist-packages/airflow/example_dags/example_complex.py
[2023-12-06T18:55:14.365+0000] {processor.py:829} INFO - Processing file /usr/local/lib/python3.10/dist-packages/airflow/example_dags/example_complex.py for tasks to queue
[2023-12-06T18:55:14.366+0000] {logging_mixin.py:154} INFO - [2023-12-06T18:55:14.365+0000] {dagbag.py:536} INFO - Filling up the DagBag from /usr/local/lib/python3.10/dist-packages/airflow/example_dags/example_complex.py
[2023-12-06T18:55:14.378+0000] {processor.py:839} INFO - DAG(s) dict_keys(['example_complex']) retrieved from /usr/local/lib/python3.10/dist-packages/airflow/example_dags/example_complex.py
[2023-12-06T18:55:14.406+0000] {logging_mixin.py:154} INFO - [2023-12-06T18:55:14.406+0000] {dag.py:2941} INFO - Sync 1 DAGs
[2023-12-06T18:55:14.419+0000] {logging_mixin.py:154} INFO - [2023-12-06T18:55:14.419+0000] {dag.py:3722} INFO - Setting next_dagrun for example_complex to None, run_after=None
[2023-12-06T18:55:14.444+0000] {processor.py:179} INFO - Processing /usr/local/lib/python3.10/dist-packages/airflow/example_dags/example_complex.py took 0.084 seconds
[2023-12-06T18:56:01.094+0000] {processor.py:157} INFO - Started process (PID=5783) to work on /usr/local/lib/python3.10/dist-packages/airflow/example_dags/example_complex.py
[2023-12-06T18:56:01.096+0000] {processor.py:829} INFO - Processing file /usr/local/lib/python3.10/dist-packages/airflow/example_dags/example_complex.py for tasks to queue
[2023-12-06T18:56:01.096+0000] {logging_mixin.py:154} INFO - [2023-12-06T18:56:01.096+0000] {dagbag.py:536} INFO - Filling up the DagBag from /usr/local/lib/python3.10/dist-packages/airflow/example_dags/example_complex.py
[2023-12-06T18:56:01.109+0000] {processor.py:839} INFO - DAG(s) dict_keys(['example_complex']) retrieved from /usr/local/lib/python3.10/dist-packages/airflow/example_dags/example_complex.py
[2023-12-06T18:56:01.138+0000] {logging_mixin.py:154} INFO - [2023-12-06T18:56:01.138+0000] {dag.py:2941} INFO - Sync 1 DAGs
[2023-12-06T18:56:01.151+0000] {logging_mixin.py:154} INFO - [2023-12-06T18:56:01.151+0000] {dag.py:3722} INFO - Setting next_dagrun for example_complex to None, run_after=None
[2023-12-06T18:56:01.178+0000] {processor.py:179} INFO - Processing /usr/local/lib/python3.10/dist-packages/airflow/example_dags/example_complex.py took 0.088 seconds
[2023-12-06T18:56:47.972+0000] {processor.py:157} INFO - Started process (PID=5831) to work on /usr/local/lib/python3.10/dist-packages/airflow/example_dags/example_complex.py
[2023-12-06T18:56:47.974+0000] {processor.py:829} INFO - Processing file /usr/local/lib/python3.10/dist-packages/airflow/example_dags/example_complex.py for tasks to queue
[2023-12-06T18:56:47.975+0000] {logging_mixin.py:154} INFO - [2023-12-06T18:56:47.974+0000] {dagbag.py:536} INFO - Filling up the DagBag from /usr/local/lib/python3.10/dist-packages/airflow/example_dags/example_complex.py
[2023-12-06T18:56:47.987+0000] {processor.py:839} INFO - DAG(s) dict_keys(['example_complex']) retrieved from /usr/local/lib/python3.10/dist-packages/airflow/example_dags/example_complex.py
[2023-12-06T18:56:48.015+0000] {logging_mixin.py:154} INFO - [2023-12-06T18:56:48.015+0000] {dag.py:2941} INFO - Sync 1 DAGs
[2023-12-06T18:56:48.028+0000] {logging_mixin.py:154} INFO - [2023-12-06T18:56:48.028+0000] {dag.py:3722} INFO - Setting next_dagrun for example_complex to None, run_after=None
[2023-12-06T18:56:48.053+0000] {processor.py:179} INFO - Processing /usr/local/lib/python3.10/dist-packages/airflow/example_dags/example_complex.py took 0.084 seconds
[2023-12-06T18:57:34.878+0000] {processor.py:157} INFO - Started process (PID=5880) to work on /usr/local/lib/python3.10/dist-packages/airflow/example_dags/example_complex.py
[2023-12-06T18:57:34.879+0000] {processor.py:829} INFO - Processing file /usr/local/lib/python3.10/dist-packages/airflow/example_dags/example_complex.py for tasks to queue
[2023-12-06T18:57:34.880+0000] {logging_mixin.py:154} INFO - [2023-12-06T18:57:34.880+0000] {dagbag.py:536} INFO - Filling up the DagBag from /usr/local/lib/python3.10/dist-packages/airflow/example_dags/example_complex.py
[2023-12-06T18:57:34.892+0000] {processor.py:839} INFO - DAG(s) dict_keys(['example_complex']) retrieved from /usr/local/lib/python3.10/dist-packages/airflow/example_dags/example_complex.py
[2023-12-06T18:57:34.921+0000] {logging_mixin.py:154} INFO - [2023-12-06T18:57:34.921+0000] {dag.py:2941} INFO - Sync 1 DAGs
[2023-12-06T18:57:34.934+0000] {logging_mixin.py:154} INFO - [2023-12-06T18:57:34.934+0000] {dag.py:3722} INFO - Setting next_dagrun for example_complex to None, run_after=None
[2023-12-06T18:57:34.958+0000] {processor.py:179} INFO - Processing /usr/local/lib/python3.10/dist-packages/airflow/example_dags/example_complex.py took 0.084 seconds
[2023-12-06T18:58:20.136+0000] {processor.py:157} INFO - Started process (PID=5927) to work on /usr/local/lib/python3.10/dist-packages/airflow/example_dags/example_complex.py
[2023-12-06T18:58:20.137+0000] {processor.py:829} INFO - Processing file /usr/local/lib/python3.10/dist-packages/airflow/example_dags/example_complex.py for tasks to queue
[2023-12-06T18:58:20.138+0000] {logging_mixin.py:154} INFO - [2023-12-06T18:58:20.138+0000] {dagbag.py:536} INFO - Filling up the DagBag from /usr/local/lib/python3.10/dist-packages/airflow/example_dags/example_complex.py
[2023-12-06T18:58:20.150+0000] {processor.py:839} INFO - DAG(s) dict_keys(['example_complex']) retrieved from /usr/local/lib/python3.10/dist-packages/airflow/example_dags/example_complex.py
[2023-12-06T18:58:20.179+0000] {logging_mixin.py:154} INFO - [2023-12-06T18:58:20.178+0000] {dag.py:2941} INFO - Sync 1 DAGs
[2023-12-06T18:58:20.191+0000] {logging_mixin.py:154} INFO - [2023-12-06T18:58:20.191+0000] {dag.py:3722} INFO - Setting next_dagrun for example_complex to None, run_after=None
[2023-12-06T18:58:20.213+0000] {processor.py:179} INFO - Processing /usr/local/lib/python3.10/dist-packages/airflow/example_dags/example_complex.py took 0.081 seconds
[2023-12-06T18:59:05.499+0000] {processor.py:157} INFO - Started process (PID=5973) to work on /usr/local/lib/python3.10/dist-packages/airflow/example_dags/example_complex.py
[2023-12-06T18:59:05.501+0000] {processor.py:829} INFO - Processing file /usr/local/lib/python3.10/dist-packages/airflow/example_dags/example_complex.py for tasks to queue
[2023-12-06T18:59:05.502+0000] {logging_mixin.py:154} INFO - [2023-12-06T18:59:05.501+0000] {dagbag.py:536} INFO - Filling up the DagBag from /usr/local/lib/python3.10/dist-packages/airflow/example_dags/example_complex.py
[2023-12-06T18:59:05.514+0000] {processor.py:839} INFO - DAG(s) dict_keys(['example_complex']) retrieved from /usr/local/lib/python3.10/dist-packages/airflow/example_dags/example_complex.py
[2023-12-06T18:59:05.542+0000] {logging_mixin.py:154} INFO - [2023-12-06T18:59:05.542+0000] {dag.py:2941} INFO - Sync 1 DAGs
[2023-12-06T18:59:05.554+0000] {logging_mixin.py:154} INFO - [2023-12-06T18:59:05.554+0000] {dag.py:3722} INFO - Setting next_dagrun for example_complex to None, run_after=None
[2023-12-06T18:59:05.578+0000] {processor.py:179} INFO - Processing /usr/local/lib/python3.10/dist-packages/airflow/example_dags/example_complex.py took 0.082 seconds
[2023-12-06T18:59:49.346+0000] {processor.py:157} INFO - Started process (PID=6022) to work on /usr/local/lib/python3.10/dist-packages/airflow/example_dags/example_complex.py
[2023-12-06T18:59:49.347+0000] {processor.py:829} INFO - Processing file /usr/local/lib/python3.10/dist-packages/airflow/example_dags/example_complex.py for tasks to queue
[2023-12-06T18:59:49.348+0000] {logging_mixin.py:154} INFO - [2023-12-06T18:59:49.347+0000] {dagbag.py:536} INFO - Filling up the DagBag from /usr/local/lib/python3.10/dist-packages/airflow/example_dags/example_complex.py
[2023-12-06T18:59:49.360+0000] {processor.py:839} INFO - DAG(s) dict_keys(['example_complex']) retrieved from /usr/local/lib/python3.10/dist-packages/airflow/example_dags/example_complex.py
[2023-12-06T18:59:49.388+0000] {logging_mixin.py:154} INFO - [2023-12-06T18:59:49.387+0000] {dag.py:2941} INFO - Sync 1 DAGs
[2023-12-06T18:59:49.400+0000] {logging_mixin.py:154} INFO - [2023-12-06T18:59:49.399+0000] {dag.py:3722} INFO - Setting next_dagrun for example_complex to None, run_after=None
[2023-12-06T18:59:49.422+0000] {processor.py:179} INFO - Processing /usr/local/lib/python3.10/dist-packages/airflow/example_dags/example_complex.py took 0.080 seconds
[2023-12-06T19:00:42.696+0000] {processor.py:157} INFO - Started process (PID=6376) to work on /usr/local/lib/python3.10/dist-packages/airflow/example_dags/example_complex.py
[2023-12-06T19:00:42.699+0000] {processor.py:829} INFO - Processing file /usr/local/lib/python3.10/dist-packages/airflow/example_dags/example_complex.py for tasks to queue
[2023-12-06T19:00:42.699+0000] {logging_mixin.py:154} INFO - [2023-12-06T19:00:42.699+0000] {dagbag.py:536} INFO - Filling up the DagBag from /usr/local/lib/python3.10/dist-packages/airflow/example_dags/example_complex.py
[2023-12-06T19:00:42.712+0000] {processor.py:839} INFO - DAG(s) dict_keys(['example_complex']) retrieved from /usr/local/lib/python3.10/dist-packages/airflow/example_dags/example_complex.py
[2023-12-06T19:00:42.740+0000] {logging_mixin.py:154} INFO - [2023-12-06T19:00:42.739+0000] {dag.py:2941} INFO - Sync 1 DAGs
[2023-12-06T19:00:42.752+0000] {logging_mixin.py:154} INFO - [2023-12-06T19:00:42.752+0000] {dag.py:3722} INFO - Setting next_dagrun for example_complex to None, run_after=None
[2023-12-06T19:00:42.774+0000] {processor.py:179} INFO - Processing /usr/local/lib/python3.10/dist-packages/airflow/example_dags/example_complex.py took 0.082 seconds
[2023-12-06T19:01:31.810+0000] {processor.py:157} INFO - Started process (PID=6480) to work on /usr/local/lib/python3.10/dist-packages/airflow/example_dags/example_complex.py
[2023-12-06T19:01:31.813+0000] {processor.py:829} INFO - Processing file /usr/local/lib/python3.10/dist-packages/airflow/example_dags/example_complex.py for tasks to queue
[2023-12-06T19:01:31.814+0000] {logging_mixin.py:154} INFO - [2023-12-06T19:01:31.814+0000] {dagbag.py:536} INFO - Filling up the DagBag from /usr/local/lib/python3.10/dist-packages/airflow/example_dags/example_complex.py
[2023-12-06T19:01:31.833+0000] {processor.py:839} INFO - DAG(s) dict_keys(['example_complex']) retrieved from /usr/local/lib/python3.10/dist-packages/airflow/example_dags/example_complex.py
[2023-12-06T19:01:31.866+0000] {logging_mixin.py:154} INFO - [2023-12-06T19:01:31.866+0000] {dag.py:2941} INFO - Sync 1 DAGs
[2023-12-06T19:01:31.879+0000] {logging_mixin.py:154} INFO - [2023-12-06T19:01:31.879+0000] {dag.py:3722} INFO - Setting next_dagrun for example_complex to None, run_after=None
[2023-12-06T19:01:31.902+0000] {processor.py:179} INFO - Processing /usr/local/lib/python3.10/dist-packages/airflow/example_dags/example_complex.py took 0.095 seconds
[2023-12-06T19:02:19.080+0000] {processor.py:157} INFO - Started process (PID=6530) to work on /usr/local/lib/python3.10/dist-packages/airflow/example_dags/example_complex.py
[2023-12-06T19:02:19.081+0000] {processor.py:829} INFO - Processing file /usr/local/lib/python3.10/dist-packages/airflow/example_dags/example_complex.py for tasks to queue
[2023-12-06T19:02:19.082+0000] {logging_mixin.py:154} INFO - [2023-12-06T19:02:19.082+0000] {dagbag.py:536} INFO - Filling up the DagBag from /usr/local/lib/python3.10/dist-packages/airflow/example_dags/example_complex.py
[2023-12-06T19:02:19.094+0000] {processor.py:839} INFO - DAG(s) dict_keys(['example_complex']) retrieved from /usr/local/lib/python3.10/dist-packages/airflow/example_dags/example_complex.py
[2023-12-06T19:02:19.121+0000] {logging_mixin.py:154} INFO - [2023-12-06T19:02:19.121+0000] {dag.py:2941} INFO - Sync 1 DAGs
[2023-12-06T19:02:19.133+0000] {logging_mixin.py:154} INFO - [2023-12-06T19:02:19.133+0000] {dag.py:3722} INFO - Setting next_dagrun for example_complex to None, run_after=None
[2023-12-06T19:02:19.155+0000] {processor.py:179} INFO - Processing /usr/local/lib/python3.10/dist-packages/airflow/example_dags/example_complex.py took 0.079 seconds
[2023-12-06T19:03:03.813+0000] {processor.py:157} INFO - Started process (PID=6576) to work on /usr/local/lib/python3.10/dist-packages/airflow/example_dags/example_complex.py
[2023-12-06T19:03:03.814+0000] {processor.py:829} INFO - Processing file /usr/local/lib/python3.10/dist-packages/airflow/example_dags/example_complex.py for tasks to queue
[2023-12-06T19:03:03.815+0000] {logging_mixin.py:154} INFO - [2023-12-06T19:03:03.815+0000] {dagbag.py:536} INFO - Filling up the DagBag from /usr/local/lib/python3.10/dist-packages/airflow/example_dags/example_complex.py
[2023-12-06T19:03:03.828+0000] {processor.py:839} INFO - DAG(s) dict_keys(['example_complex']) retrieved from /usr/local/lib/python3.10/dist-packages/airflow/example_dags/example_complex.py
[2023-12-06T19:03:03.856+0000] {logging_mixin.py:154} INFO - [2023-12-06T19:03:03.856+0000] {dag.py:2941} INFO - Sync 1 DAGs
[2023-12-06T19:03:03.870+0000] {logging_mixin.py:154} INFO - [2023-12-06T19:03:03.870+0000] {dag.py:3722} INFO - Setting next_dagrun for example_complex to None, run_after=None
[2023-12-06T19:03:03.899+0000] {processor.py:179} INFO - Processing /usr/local/lib/python3.10/dist-packages/airflow/example_dags/example_complex.py took 0.089 seconds
[2023-12-06T19:03:54.072+0000] {processor.py:157} INFO - Started process (PID=6625) to work on /usr/local/lib/python3.10/dist-packages/airflow/example_dags/example_complex.py
[2023-12-06T19:03:54.074+0000] {processor.py:829} INFO - Processing file /usr/local/lib/python3.10/dist-packages/airflow/example_dags/example_complex.py for tasks to queue
[2023-12-06T19:03:54.075+0000] {logging_mixin.py:154} INFO - [2023-12-06T19:03:54.074+0000] {dagbag.py:536} INFO - Filling up the DagBag from /usr/local/lib/python3.10/dist-packages/airflow/example_dags/example_complex.py
[2023-12-06T19:03:54.093+0000] {processor.py:839} INFO - DAG(s) dict_keys(['example_complex']) retrieved from /usr/local/lib/python3.10/dist-packages/airflow/example_dags/example_complex.py
[2023-12-06T19:03:54.121+0000] {logging_mixin.py:154} INFO - [2023-12-06T19:03:54.121+0000] {dag.py:2941} INFO - Sync 1 DAGs
[2023-12-06T19:03:54.133+0000] {logging_mixin.py:154} INFO - [2023-12-06T19:03:54.133+0000] {dag.py:3722} INFO - Setting next_dagrun for example_complex to None, run_after=None
[2023-12-06T19:03:54.155+0000] {processor.py:179} INFO - Processing /usr/local/lib/python3.10/dist-packages/airflow/example_dags/example_complex.py took 0.086 seconds
[2023-12-06T19:04:39.605+0000] {processor.py:157} INFO - Started process (PID=6678) to work on /usr/local/lib/python3.10/dist-packages/airflow/example_dags/example_complex.py
[2023-12-06T19:04:39.607+0000] {processor.py:829} INFO - Processing file /usr/local/lib/python3.10/dist-packages/airflow/example_dags/example_complex.py for tasks to queue
[2023-12-06T19:04:39.609+0000] {logging_mixin.py:154} INFO - [2023-12-06T19:04:39.609+0000] {dagbag.py:536} INFO - Filling up the DagBag from /usr/local/lib/python3.10/dist-packages/airflow/example_dags/example_complex.py
[2023-12-06T19:04:39.631+0000] {processor.py:839} INFO - DAG(s) dict_keys(['example_complex']) retrieved from /usr/local/lib/python3.10/dist-packages/airflow/example_dags/example_complex.py
[2023-12-06T19:04:39.669+0000] {logging_mixin.py:154} INFO - [2023-12-06T19:04:39.669+0000] {dag.py:2941} INFO - Sync 1 DAGs
[2023-12-06T19:04:39.685+0000] {logging_mixin.py:154} INFO - [2023-12-06T19:04:39.685+0000] {dag.py:3722} INFO - Setting next_dagrun for example_complex to None, run_after=None
[2023-12-06T19:04:39.724+0000] {processor.py:179} INFO - Processing /usr/local/lib/python3.10/dist-packages/airflow/example_dags/example_complex.py took 0.122 seconds
[2023-12-06T19:05:30.995+0000] {processor.py:157} INFO - Started process (PID=6893) to work on /usr/local/lib/python3.10/dist-packages/airflow/example_dags/example_complex.py
[2023-12-06T19:05:30.997+0000] {processor.py:829} INFO - Processing file /usr/local/lib/python3.10/dist-packages/airflow/example_dags/example_complex.py for tasks to queue
[2023-12-06T19:05:30.998+0000] {logging_mixin.py:154} INFO - [2023-12-06T19:05:30.997+0000] {dagbag.py:536} INFO - Filling up the DagBag from /usr/local/lib/python3.10/dist-packages/airflow/example_dags/example_complex.py
[2023-12-06T19:05:31.010+0000] {processor.py:839} INFO - DAG(s) dict_keys(['example_complex']) retrieved from /usr/local/lib/python3.10/dist-packages/airflow/example_dags/example_complex.py
[2023-12-06T19:05:31.039+0000] {logging_mixin.py:154} INFO - [2023-12-06T19:05:31.039+0000] {dag.py:2941} INFO - Sync 1 DAGs
[2023-12-06T19:05:31.051+0000] {logging_mixin.py:154} INFO - [2023-12-06T19:05:31.051+0000] {dag.py:3722} INFO - Setting next_dagrun for example_complex to None, run_after=None
[2023-12-06T19:05:31.078+0000] {processor.py:179} INFO - Processing /usr/local/lib/python3.10/dist-packages/airflow/example_dags/example_complex.py took 0.088 seconds
[2023-12-06T19:06:18.709+0000] {processor.py:157} INFO - Started process (PID=6942) to work on /usr/local/lib/python3.10/dist-packages/airflow/example_dags/example_complex.py
[2023-12-06T19:06:18.711+0000] {processor.py:829} INFO - Processing file /usr/local/lib/python3.10/dist-packages/airflow/example_dags/example_complex.py for tasks to queue
[2023-12-06T19:06:18.712+0000] {logging_mixin.py:154} INFO - [2023-12-06T19:06:18.711+0000] {dagbag.py:536} INFO - Filling up the DagBag from /usr/local/lib/python3.10/dist-packages/airflow/example_dags/example_complex.py
[2023-12-06T19:06:18.724+0000] {processor.py:839} INFO - DAG(s) dict_keys(['example_complex']) retrieved from /usr/local/lib/python3.10/dist-packages/airflow/example_dags/example_complex.py
[2023-12-06T19:06:18.753+0000] {logging_mixin.py:154} INFO - [2023-12-06T19:06:18.752+0000] {dag.py:2941} INFO - Sync 1 DAGs
[2023-12-06T19:06:18.766+0000] {logging_mixin.py:154} INFO - [2023-12-06T19:06:18.766+0000] {dag.py:3722} INFO - Setting next_dagrun for example_complex to None, run_after=None
[2023-12-06T19:06:18.792+0000] {processor.py:179} INFO - Processing /usr/local/lib/python3.10/dist-packages/airflow/example_dags/example_complex.py took 0.087 seconds
[2023-12-06T19:07:05.166+0000] {processor.py:157} INFO - Started process (PID=6989) to work on /usr/local/lib/python3.10/dist-packages/airflow/example_dags/example_complex.py
[2023-12-06T19:07:05.167+0000] {processor.py:829} INFO - Processing file /usr/local/lib/python3.10/dist-packages/airflow/example_dags/example_complex.py for tasks to queue
[2023-12-06T19:07:05.168+0000] {logging_mixin.py:154} INFO - [2023-12-06T19:07:05.168+0000] {dagbag.py:536} INFO - Filling up the DagBag from /usr/local/lib/python3.10/dist-packages/airflow/example_dags/example_complex.py
[2023-12-06T19:07:05.181+0000] {processor.py:839} INFO - DAG(s) dict_keys(['example_complex']) retrieved from /usr/local/lib/python3.10/dist-packages/airflow/example_dags/example_complex.py
[2023-12-06T19:07:05.210+0000] {logging_mixin.py:154} INFO - [2023-12-06T19:07:05.210+0000] {dag.py:2941} INFO - Sync 1 DAGs
[2023-12-06T19:07:05.223+0000] {logging_mixin.py:154} INFO - [2023-12-06T19:07:05.222+0000] {dag.py:3722} INFO - Setting next_dagrun for example_complex to None, run_after=None
[2023-12-06T19:07:05.248+0000] {processor.py:179} INFO - Processing /usr/local/lib/python3.10/dist-packages/airflow/example_dags/example_complex.py took 0.086 seconds
