[2023-12-06T18:22:22.219+0000] {processor.py:157} INFO - Started process (PID=3696) to work on /usr/local/lib/python3.10/dist-packages/airflow/example_dags/example_python_operator.py
[2023-12-06T18:22:22.220+0000] {processor.py:829} INFO - Processing file /usr/local/lib/python3.10/dist-packages/airflow/example_dags/example_python_operator.py for tasks to queue
[2023-12-06T18:22:22.221+0000] {logging_mixin.py:154} INFO - [2023-12-06T18:22:22.220+0000] {dagbag.py:536} INFO - Filling up the DagBag from /usr/local/lib/python3.10/dist-packages/airflow/example_dags/example_python_operator.py
[2023-12-06T18:22:22.231+0000] {logging_mixin.py:154} INFO - [2023-12-06T18:22:22.231+0000] {example_python_operator.py:86} WARNING - The virtalenv_python example task requires virtualenv, please install it.
[2023-12-06T18:22:22.231+0000] {processor.py:839} INFO - DAG(s) dict_keys(['example_python_operator']) retrieved from /usr/local/lib/python3.10/dist-packages/airflow/example_dags/example_python_operator.py
[2023-12-06T18:22:22.347+0000] {logging_mixin.py:154} INFO - [2023-12-06T18:22:22.347+0000] {manager.py:499} INFO - Created Permission View: %s
[2023-12-06T18:22:22.361+0000] {logging_mixin.py:154} INFO - [2023-12-06T18:22:22.360+0000] {manager.py:499} INFO - Created Permission View: %s
[2023-12-06T18:22:22.370+0000] {logging_mixin.py:154} INFO - [2023-12-06T18:22:22.370+0000] {manager.py:499} INFO - Created Permission View: %s
[2023-12-06T18:22:22.371+0000] {logging_mixin.py:154} INFO - [2023-12-06T18:22:22.371+0000] {dag.py:2941} INFO - Sync 1 DAGs
[2023-12-06T18:22:22.381+0000] {logging_mixin.py:154} INFO - [2023-12-06T18:22:22.381+0000] {dag.py:2963} INFO - Creating ORM DAG for example_python_operator
[2023-12-06T18:22:22.382+0000] {logging_mixin.py:154} INFO - [2023-12-06T18:22:22.382+0000] {dag.py:3722} INFO - Setting next_dagrun for example_python_operator to None, run_after=None
[2023-12-06T18:22:22.403+0000] {processor.py:179} INFO - Processing /usr/local/lib/python3.10/dist-packages/airflow/example_dags/example_python_operator.py took 0.188 seconds
[2023-12-06T18:23:09.922+0000] {processor.py:157} INFO - Started process (PID=3747) to work on /usr/local/lib/python3.10/dist-packages/airflow/example_dags/example_python_operator.py
[2023-12-06T18:23:09.923+0000] {processor.py:829} INFO - Processing file /usr/local/lib/python3.10/dist-packages/airflow/example_dags/example_python_operator.py for tasks to queue
[2023-12-06T18:23:09.924+0000] {logging_mixin.py:154} INFO - [2023-12-06T18:23:09.923+0000] {dagbag.py:536} INFO - Filling up the DagBag from /usr/local/lib/python3.10/dist-packages/airflow/example_dags/example_python_operator.py
[2023-12-06T18:23:09.934+0000] {logging_mixin.py:154} INFO - [2023-12-06T18:23:09.934+0000] {example_python_operator.py:86} WARNING - The virtalenv_python example task requires virtualenv, please install it.
[2023-12-06T18:23:09.934+0000] {processor.py:839} INFO - DAG(s) dict_keys(['example_python_operator']) retrieved from /usr/local/lib/python3.10/dist-packages/airflow/example_dags/example_python_operator.py
[2023-12-06T18:23:09.953+0000] {logging_mixin.py:154} INFO - [2023-12-06T18:23:09.953+0000] {dag.py:2941} INFO - Sync 1 DAGs
[2023-12-06T18:23:09.965+0000] {logging_mixin.py:154} INFO - [2023-12-06T18:23:09.965+0000] {dag.py:3722} INFO - Setting next_dagrun for example_python_operator to None, run_after=None
[2023-12-06T18:23:09.986+0000] {processor.py:179} INFO - Processing /usr/local/lib/python3.10/dist-packages/airflow/example_dags/example_python_operator.py took 0.068 seconds
[2023-12-06T18:23:58.134+0000] {processor.py:157} INFO - Started process (PID=3797) to work on /usr/local/lib/python3.10/dist-packages/airflow/example_dags/example_python_operator.py
[2023-12-06T18:23:58.136+0000] {processor.py:829} INFO - Processing file /usr/local/lib/python3.10/dist-packages/airflow/example_dags/example_python_operator.py for tasks to queue
[2023-12-06T18:23:58.136+0000] {logging_mixin.py:154} INFO - [2023-12-06T18:23:58.136+0000] {dagbag.py:536} INFO - Filling up the DagBag from /usr/local/lib/python3.10/dist-packages/airflow/example_dags/example_python_operator.py
[2023-12-06T18:23:58.146+0000] {logging_mixin.py:154} INFO - [2023-12-06T18:23:58.146+0000] {example_python_operator.py:86} WARNING - The virtalenv_python example task requires virtualenv, please install it.
[2023-12-06T18:23:58.147+0000] {processor.py:839} INFO - DAG(s) dict_keys(['example_python_operator']) retrieved from /usr/local/lib/python3.10/dist-packages/airflow/example_dags/example_python_operator.py
[2023-12-06T18:23:58.166+0000] {logging_mixin.py:154} INFO - [2023-12-06T18:23:58.166+0000] {dag.py:2941} INFO - Sync 1 DAGs
[2023-12-06T18:23:58.178+0000] {logging_mixin.py:154} INFO - [2023-12-06T18:23:58.178+0000] {dag.py:3722} INFO - Setting next_dagrun for example_python_operator to None, run_after=None
[2023-12-06T18:23:58.201+0000] {processor.py:179} INFO - Processing /usr/local/lib/python3.10/dist-packages/airflow/example_dags/example_python_operator.py took 0.071 seconds
[2023-12-06T18:24:48.497+0000] {processor.py:157} INFO - Started process (PID=3848) to work on /usr/local/lib/python3.10/dist-packages/airflow/example_dags/example_python_operator.py
[2023-12-06T18:24:48.498+0000] {processor.py:829} INFO - Processing file /usr/local/lib/python3.10/dist-packages/airflow/example_dags/example_python_operator.py for tasks to queue
[2023-12-06T18:24:48.499+0000] {logging_mixin.py:154} INFO - [2023-12-06T18:24:48.499+0000] {dagbag.py:536} INFO - Filling up the DagBag from /usr/local/lib/python3.10/dist-packages/airflow/example_dags/example_python_operator.py
[2023-12-06T18:24:48.509+0000] {logging_mixin.py:154} INFO - [2023-12-06T18:24:48.509+0000] {example_python_operator.py:86} WARNING - The virtalenv_python example task requires virtualenv, please install it.
[2023-12-06T18:24:48.509+0000] {processor.py:839} INFO - DAG(s) dict_keys(['example_python_operator']) retrieved from /usr/local/lib/python3.10/dist-packages/airflow/example_dags/example_python_operator.py
[2023-12-06T18:24:48.527+0000] {logging_mixin.py:154} INFO - [2023-12-06T18:24:48.527+0000] {dag.py:2941} INFO - Sync 1 DAGs
[2023-12-06T18:24:48.539+0000] {logging_mixin.py:154} INFO - [2023-12-06T18:24:48.539+0000] {dag.py:3722} INFO - Setting next_dagrun for example_python_operator to None, run_after=None
[2023-12-06T18:24:48.562+0000] {processor.py:179} INFO - Processing /usr/local/lib/python3.10/dist-packages/airflow/example_dags/example_python_operator.py took 0.069 seconds
[2023-12-06T18:25:34.606+0000] {processor.py:157} INFO - Started process (PID=3899) to work on /usr/local/lib/python3.10/dist-packages/airflow/example_dags/example_python_operator.py
[2023-12-06T18:25:34.607+0000] {processor.py:829} INFO - Processing file /usr/local/lib/python3.10/dist-packages/airflow/example_dags/example_python_operator.py for tasks to queue
[2023-12-06T18:25:34.608+0000] {logging_mixin.py:154} INFO - [2023-12-06T18:25:34.608+0000] {dagbag.py:536} INFO - Filling up the DagBag from /usr/local/lib/python3.10/dist-packages/airflow/example_dags/example_python_operator.py
[2023-12-06T18:25:34.618+0000] {logging_mixin.py:154} INFO - [2023-12-06T18:25:34.618+0000] {example_python_operator.py:86} WARNING - The virtalenv_python example task requires virtualenv, please install it.
[2023-12-06T18:25:34.618+0000] {processor.py:839} INFO - DAG(s) dict_keys(['example_python_operator']) retrieved from /usr/local/lib/python3.10/dist-packages/airflow/example_dags/example_python_operator.py
[2023-12-06T18:25:34.637+0000] {logging_mixin.py:154} INFO - [2023-12-06T18:25:34.636+0000] {dag.py:2941} INFO - Sync 1 DAGs
[2023-12-06T18:25:34.649+0000] {logging_mixin.py:154} INFO - [2023-12-06T18:25:34.649+0000] {dag.py:3722} INFO - Setting next_dagrun for example_python_operator to None, run_after=None
[2023-12-06T18:25:34.672+0000] {processor.py:179} INFO - Processing /usr/local/lib/python3.10/dist-packages/airflow/example_dags/example_python_operator.py took 0.070 seconds
[2023-12-06T18:26:19.649+0000] {processor.py:157} INFO - Started process (PID=3945) to work on /usr/local/lib/python3.10/dist-packages/airflow/example_dags/example_python_operator.py
[2023-12-06T18:26:19.651+0000] {processor.py:829} INFO - Processing file /usr/local/lib/python3.10/dist-packages/airflow/example_dags/example_python_operator.py for tasks to queue
[2023-12-06T18:26:19.652+0000] {logging_mixin.py:154} INFO - [2023-12-06T18:26:19.651+0000] {dagbag.py:536} INFO - Filling up the DagBag from /usr/local/lib/python3.10/dist-packages/airflow/example_dags/example_python_operator.py
[2023-12-06T18:26:19.662+0000] {logging_mixin.py:154} INFO - [2023-12-06T18:26:19.661+0000] {example_python_operator.py:86} WARNING - The virtalenv_python example task requires virtualenv, please install it.
[2023-12-06T18:26:19.662+0000] {processor.py:839} INFO - DAG(s) dict_keys(['example_python_operator']) retrieved from /usr/local/lib/python3.10/dist-packages/airflow/example_dags/example_python_operator.py
[2023-12-06T18:26:19.680+0000] {logging_mixin.py:154} INFO - [2023-12-06T18:26:19.680+0000] {dag.py:2941} INFO - Sync 1 DAGs
[2023-12-06T18:26:19.693+0000] {logging_mixin.py:154} INFO - [2023-12-06T18:26:19.692+0000] {dag.py:3722} INFO - Setting next_dagrun for example_python_operator to None, run_after=None
[2023-12-06T18:26:19.749+0000] {processor.py:179} INFO - Processing /usr/local/lib/python3.10/dist-packages/airflow/example_dags/example_python_operator.py took 0.103 seconds
[2023-12-06T18:27:06.994+0000] {processor.py:157} INFO - Started process (PID=3994) to work on /usr/local/lib/python3.10/dist-packages/airflow/example_dags/example_python_operator.py
[2023-12-06T18:27:06.996+0000] {processor.py:829} INFO - Processing file /usr/local/lib/python3.10/dist-packages/airflow/example_dags/example_python_operator.py for tasks to queue
[2023-12-06T18:27:06.996+0000] {logging_mixin.py:154} INFO - [2023-12-06T18:27:06.996+0000] {dagbag.py:536} INFO - Filling up the DagBag from /usr/local/lib/python3.10/dist-packages/airflow/example_dags/example_python_operator.py
[2023-12-06T18:27:07.007+0000] {logging_mixin.py:154} INFO - [2023-12-06T18:27:07.006+0000] {example_python_operator.py:86} WARNING - The virtalenv_python example task requires virtualenv, please install it.
[2023-12-06T18:27:07.007+0000] {processor.py:839} INFO - DAG(s) dict_keys(['example_python_operator']) retrieved from /usr/local/lib/python3.10/dist-packages/airflow/example_dags/example_python_operator.py
[2023-12-06T18:27:07.026+0000] {logging_mixin.py:154} INFO - [2023-12-06T18:27:07.026+0000] {dag.py:2941} INFO - Sync 1 DAGs
[2023-12-06T18:27:07.038+0000] {logging_mixin.py:154} INFO - [2023-12-06T18:27:07.038+0000] {dag.py:3722} INFO - Setting next_dagrun for example_python_operator to None, run_after=None
[2023-12-06T18:27:07.062+0000] {processor.py:179} INFO - Processing /usr/local/lib/python3.10/dist-packages/airflow/example_dags/example_python_operator.py took 0.072 seconds
[2023-12-06T18:27:49.509+0000] {processor.py:157} INFO - Started process (PID=4040) to work on /usr/local/lib/python3.10/dist-packages/airflow/example_dags/example_python_operator.py
[2023-12-06T18:27:49.510+0000] {processor.py:829} INFO - Processing file /usr/local/lib/python3.10/dist-packages/airflow/example_dags/example_python_operator.py for tasks to queue
[2023-12-06T18:27:49.511+0000] {logging_mixin.py:154} INFO - [2023-12-06T18:27:49.511+0000] {dagbag.py:536} INFO - Filling up the DagBag from /usr/local/lib/python3.10/dist-packages/airflow/example_dags/example_python_operator.py
[2023-12-06T18:27:49.520+0000] {logging_mixin.py:154} INFO - [2023-12-06T18:27:49.520+0000] {example_python_operator.py:86} WARNING - The virtalenv_python example task requires virtualenv, please install it.
[2023-12-06T18:27:49.521+0000] {processor.py:839} INFO - DAG(s) dict_keys(['example_python_operator']) retrieved from /usr/local/lib/python3.10/dist-packages/airflow/example_dags/example_python_operator.py
[2023-12-06T18:27:49.539+0000] {logging_mixin.py:154} INFO - [2023-12-06T18:27:49.539+0000] {dag.py:2941} INFO - Sync 1 DAGs
[2023-12-06T18:27:49.551+0000] {logging_mixin.py:154} INFO - [2023-12-06T18:27:49.550+0000] {dag.py:3722} INFO - Setting next_dagrun for example_python_operator to None, run_after=None
[2023-12-06T18:27:49.573+0000] {processor.py:179} INFO - Processing /usr/local/lib/python3.10/dist-packages/airflow/example_dags/example_python_operator.py took 0.067 seconds
[2023-12-06T18:28:40.316+0000] {processor.py:157} INFO - Started process (PID=4091) to work on /usr/local/lib/python3.10/dist-packages/airflow/example_dags/example_python_operator.py
[2023-12-06T18:28:40.317+0000] {processor.py:829} INFO - Processing file /usr/local/lib/python3.10/dist-packages/airflow/example_dags/example_python_operator.py for tasks to queue
[2023-12-06T18:28:40.318+0000] {logging_mixin.py:154} INFO - [2023-12-06T18:28:40.317+0000] {dagbag.py:536} INFO - Filling up the DagBag from /usr/local/lib/python3.10/dist-packages/airflow/example_dags/example_python_operator.py
[2023-12-06T18:28:40.328+0000] {logging_mixin.py:154} INFO - [2023-12-06T18:28:40.327+0000] {example_python_operator.py:86} WARNING - The virtalenv_python example task requires virtualenv, please install it.
[2023-12-06T18:28:40.328+0000] {processor.py:839} INFO - DAG(s) dict_keys(['example_python_operator']) retrieved from /usr/local/lib/python3.10/dist-packages/airflow/example_dags/example_python_operator.py
[2023-12-06T18:28:40.347+0000] {logging_mixin.py:154} INFO - [2023-12-06T18:28:40.347+0000] {dag.py:2941} INFO - Sync 1 DAGs
[2023-12-06T18:28:40.359+0000] {logging_mixin.py:154} INFO - [2023-12-06T18:28:40.359+0000] {dag.py:3722} INFO - Setting next_dagrun for example_python_operator to None, run_after=None
[2023-12-06T18:28:40.383+0000] {processor.py:179} INFO - Processing /usr/local/lib/python3.10/dist-packages/airflow/example_dags/example_python_operator.py took 0.071 seconds
[2023-12-06T18:29:27.374+0000] {processor.py:157} INFO - Started process (PID=4140) to work on /usr/local/lib/python3.10/dist-packages/airflow/example_dags/example_python_operator.py
[2023-12-06T18:29:27.375+0000] {processor.py:829} INFO - Processing file /usr/local/lib/python3.10/dist-packages/airflow/example_dags/example_python_operator.py for tasks to queue
[2023-12-06T18:29:27.376+0000] {logging_mixin.py:154} INFO - [2023-12-06T18:29:27.376+0000] {dagbag.py:536} INFO - Filling up the DagBag from /usr/local/lib/python3.10/dist-packages/airflow/example_dags/example_python_operator.py
[2023-12-06T18:29:27.386+0000] {logging_mixin.py:154} INFO - [2023-12-06T18:29:27.386+0000] {example_python_operator.py:86} WARNING - The virtalenv_python example task requires virtualenv, please install it.
[2023-12-06T18:29:27.386+0000] {processor.py:839} INFO - DAG(s) dict_keys(['example_python_operator']) retrieved from /usr/local/lib/python3.10/dist-packages/airflow/example_dags/example_python_operator.py
[2023-12-06T18:29:27.405+0000] {logging_mixin.py:154} INFO - [2023-12-06T18:29:27.404+0000] {dag.py:2941} INFO - Sync 1 DAGs
[2023-12-06T18:29:27.416+0000] {logging_mixin.py:154} INFO - [2023-12-06T18:29:27.416+0000] {dag.py:3722} INFO - Setting next_dagrun for example_python_operator to None, run_after=None
[2023-12-06T18:29:27.441+0000] {processor.py:179} INFO - Processing /usr/local/lib/python3.10/dist-packages/airflow/example_dags/example_python_operator.py took 0.071 seconds
[2023-12-06T18:30:10.396+0000] {processor.py:157} INFO - Started process (PID=4186) to work on /usr/local/lib/python3.10/dist-packages/airflow/example_dags/example_python_operator.py
[2023-12-06T18:30:10.398+0000] {processor.py:829} INFO - Processing file /usr/local/lib/python3.10/dist-packages/airflow/example_dags/example_python_operator.py for tasks to queue
[2023-12-06T18:30:10.399+0000] {logging_mixin.py:154} INFO - [2023-12-06T18:30:10.398+0000] {dagbag.py:536} INFO - Filling up the DagBag from /usr/local/lib/python3.10/dist-packages/airflow/example_dags/example_python_operator.py
[2023-12-06T18:30:10.409+0000] {logging_mixin.py:154} INFO - [2023-12-06T18:30:10.408+0000] {example_python_operator.py:86} WARNING - The virtalenv_python example task requires virtualenv, please install it.
[2023-12-06T18:30:10.409+0000] {processor.py:839} INFO - DAG(s) dict_keys(['example_python_operator']) retrieved from /usr/local/lib/python3.10/dist-packages/airflow/example_dags/example_python_operator.py
[2023-12-06T18:30:10.429+0000] {logging_mixin.py:154} INFO - [2023-12-06T18:30:10.428+0000] {dag.py:2941} INFO - Sync 1 DAGs
[2023-12-06T18:30:10.441+0000] {logging_mixin.py:154} INFO - [2023-12-06T18:30:10.441+0000] {dag.py:3722} INFO - Setting next_dagrun for example_python_operator to None, run_after=None
[2023-12-06T18:30:10.464+0000] {processor.py:179} INFO - Processing /usr/local/lib/python3.10/dist-packages/airflow/example_dags/example_python_operator.py took 0.071 seconds
[2023-12-06T18:30:55.968+0000] {processor.py:157} INFO - Started process (PID=4234) to work on /usr/local/lib/python3.10/dist-packages/airflow/example_dags/example_python_operator.py
[2023-12-06T18:30:55.970+0000] {processor.py:829} INFO - Processing file /usr/local/lib/python3.10/dist-packages/airflow/example_dags/example_python_operator.py for tasks to queue
[2023-12-06T18:30:55.970+0000] {logging_mixin.py:154} INFO - [2023-12-06T18:30:55.970+0000] {dagbag.py:536} INFO - Filling up the DagBag from /usr/local/lib/python3.10/dist-packages/airflow/example_dags/example_python_operator.py
[2023-12-06T18:30:55.980+0000] {logging_mixin.py:154} INFO - [2023-12-06T18:30:55.980+0000] {example_python_operator.py:86} WARNING - The virtalenv_python example task requires virtualenv, please install it.
[2023-12-06T18:30:55.981+0000] {processor.py:839} INFO - DAG(s) dict_keys(['example_python_operator']) retrieved from /usr/local/lib/python3.10/dist-packages/airflow/example_dags/example_python_operator.py
[2023-12-06T18:30:55.999+0000] {logging_mixin.py:154} INFO - [2023-12-06T18:30:55.999+0000] {dag.py:2941} INFO - Sync 1 DAGs
[2023-12-06T18:30:56.011+0000] {logging_mixin.py:154} INFO - [2023-12-06T18:30:56.010+0000] {dag.py:3722} INFO - Setting next_dagrun for example_python_operator to None, run_after=None
[2023-12-06T18:30:56.033+0000] {processor.py:179} INFO - Processing /usr/local/lib/python3.10/dist-packages/airflow/example_dags/example_python_operator.py took 0.068 seconds
[2023-12-06T18:31:41.715+0000] {processor.py:157} INFO - Started process (PID=4280) to work on /usr/local/lib/python3.10/dist-packages/airflow/example_dags/example_python_operator.py
[2023-12-06T18:31:41.716+0000] {processor.py:829} INFO - Processing file /usr/local/lib/python3.10/dist-packages/airflow/example_dags/example_python_operator.py for tasks to queue
[2023-12-06T18:31:41.717+0000] {logging_mixin.py:154} INFO - [2023-12-06T18:31:41.717+0000] {dagbag.py:536} INFO - Filling up the DagBag from /usr/local/lib/python3.10/dist-packages/airflow/example_dags/example_python_operator.py
[2023-12-06T18:31:41.727+0000] {logging_mixin.py:154} INFO - [2023-12-06T18:31:41.727+0000] {example_python_operator.py:86} WARNING - The virtalenv_python example task requires virtualenv, please install it.
[2023-12-06T18:31:41.727+0000] {processor.py:839} INFO - DAG(s) dict_keys(['example_python_operator']) retrieved from /usr/local/lib/python3.10/dist-packages/airflow/example_dags/example_python_operator.py
[2023-12-06T18:31:41.746+0000] {logging_mixin.py:154} INFO - [2023-12-06T18:31:41.746+0000] {dag.py:2941} INFO - Sync 1 DAGs
[2023-12-06T18:31:41.758+0000] {logging_mixin.py:154} INFO - [2023-12-06T18:31:41.758+0000] {dag.py:3722} INFO - Setting next_dagrun for example_python_operator to None, run_after=None
[2023-12-06T18:31:41.780+0000] {processor.py:179} INFO - Processing /usr/local/lib/python3.10/dist-packages/airflow/example_dags/example_python_operator.py took 0.069 seconds
[2023-12-06T18:32:22.617+0000] {processor.py:157} INFO - Started process (PID=4325) to work on /usr/local/lib/python3.10/dist-packages/airflow/example_dags/example_python_operator.py
[2023-12-06T18:32:22.619+0000] {processor.py:829} INFO - Processing file /usr/local/lib/python3.10/dist-packages/airflow/example_dags/example_python_operator.py for tasks to queue
[2023-12-06T18:32:22.620+0000] {logging_mixin.py:154} INFO - [2023-12-06T18:32:22.619+0000] {dagbag.py:536} INFO - Filling up the DagBag from /usr/local/lib/python3.10/dist-packages/airflow/example_dags/example_python_operator.py
[2023-12-06T18:32:22.630+0000] {logging_mixin.py:154} INFO - [2023-12-06T18:32:22.629+0000] {example_python_operator.py:86} WARNING - The virtalenv_python example task requires virtualenv, please install it.
[2023-12-06T18:32:22.630+0000] {processor.py:839} INFO - DAG(s) dict_keys(['example_python_operator']) retrieved from /usr/local/lib/python3.10/dist-packages/airflow/example_dags/example_python_operator.py
[2023-12-06T18:32:22.649+0000] {logging_mixin.py:154} INFO - [2023-12-06T18:32:22.649+0000] {dag.py:2941} INFO - Sync 1 DAGs
[2023-12-06T18:32:22.661+0000] {logging_mixin.py:154} INFO - [2023-12-06T18:32:22.661+0000] {dag.py:3722} INFO - Setting next_dagrun for example_python_operator to None, run_after=None
[2023-12-06T18:32:22.685+0000] {processor.py:179} INFO - Processing /usr/local/lib/python3.10/dist-packages/airflow/example_dags/example_python_operator.py took 0.071 seconds
[2023-12-06T18:33:09.515+0000] {processor.py:157} INFO - Started process (PID=4372) to work on /usr/local/lib/python3.10/dist-packages/airflow/example_dags/example_python_operator.py
[2023-12-06T18:33:09.516+0000] {processor.py:829} INFO - Processing file /usr/local/lib/python3.10/dist-packages/airflow/example_dags/example_python_operator.py for tasks to queue
[2023-12-06T18:33:09.517+0000] {logging_mixin.py:154} INFO - [2023-12-06T18:33:09.517+0000] {dagbag.py:536} INFO - Filling up the DagBag from /usr/local/lib/python3.10/dist-packages/airflow/example_dags/example_python_operator.py
[2023-12-06T18:33:09.527+0000] {logging_mixin.py:154} INFO - [2023-12-06T18:33:09.526+0000] {example_python_operator.py:86} WARNING - The virtalenv_python example task requires virtualenv, please install it.
[2023-12-06T18:33:09.527+0000] {processor.py:839} INFO - DAG(s) dict_keys(['example_python_operator']) retrieved from /usr/local/lib/python3.10/dist-packages/airflow/example_dags/example_python_operator.py
[2023-12-06T18:33:09.546+0000] {logging_mixin.py:154} INFO - [2023-12-06T18:33:09.546+0000] {dag.py:2941} INFO - Sync 1 DAGs
[2023-12-06T18:33:09.558+0000] {logging_mixin.py:154} INFO - [2023-12-06T18:33:09.557+0000] {dag.py:3722} INFO - Setting next_dagrun for example_python_operator to None, run_after=None
[2023-12-06T18:33:09.579+0000] {processor.py:179} INFO - Processing /usr/local/lib/python3.10/dist-packages/airflow/example_dags/example_python_operator.py took 0.068 seconds
[2023-12-06T18:33:56.440+0000] {processor.py:157} INFO - Started process (PID=4420) to work on /usr/local/lib/python3.10/dist-packages/airflow/example_dags/example_python_operator.py
[2023-12-06T18:33:56.442+0000] {processor.py:829} INFO - Processing file /usr/local/lib/python3.10/dist-packages/airflow/example_dags/example_python_operator.py for tasks to queue
[2023-12-06T18:33:56.442+0000] {logging_mixin.py:154} INFO - [2023-12-06T18:33:56.442+0000] {dagbag.py:536} INFO - Filling up the DagBag from /usr/local/lib/python3.10/dist-packages/airflow/example_dags/example_python_operator.py
[2023-12-06T18:33:56.452+0000] {logging_mixin.py:154} INFO - [2023-12-06T18:33:56.452+0000] {example_python_operator.py:86} WARNING - The virtalenv_python example task requires virtualenv, please install it.
[2023-12-06T18:33:56.452+0000] {processor.py:839} INFO - DAG(s) dict_keys(['example_python_operator']) retrieved from /usr/local/lib/python3.10/dist-packages/airflow/example_dags/example_python_operator.py
[2023-12-06T18:33:56.471+0000] {logging_mixin.py:154} INFO - [2023-12-06T18:33:56.470+0000] {dag.py:2941} INFO - Sync 1 DAGs
[2023-12-06T18:33:56.482+0000] {logging_mixin.py:154} INFO - [2023-12-06T18:33:56.482+0000] {dag.py:3722} INFO - Setting next_dagrun for example_python_operator to None, run_after=None
[2023-12-06T18:33:56.504+0000] {processor.py:179} INFO - Processing /usr/local/lib/python3.10/dist-packages/airflow/example_dags/example_python_operator.py took 0.068 seconds
[2023-12-06T18:34:44.231+0000] {processor.py:157} INFO - Started process (PID=4469) to work on /usr/local/lib/python3.10/dist-packages/airflow/example_dags/example_python_operator.py
[2023-12-06T18:34:44.232+0000] {processor.py:829} INFO - Processing file /usr/local/lib/python3.10/dist-packages/airflow/example_dags/example_python_operator.py for tasks to queue
[2023-12-06T18:34:44.233+0000] {logging_mixin.py:154} INFO - [2023-12-06T18:34:44.233+0000] {dagbag.py:536} INFO - Filling up the DagBag from /usr/local/lib/python3.10/dist-packages/airflow/example_dags/example_python_operator.py
[2023-12-06T18:34:44.243+0000] {logging_mixin.py:154} INFO - [2023-12-06T18:34:44.243+0000] {example_python_operator.py:86} WARNING - The virtalenv_python example task requires virtualenv, please install it.
[2023-12-06T18:34:44.244+0000] {processor.py:839} INFO - DAG(s) dict_keys(['example_python_operator']) retrieved from /usr/local/lib/python3.10/dist-packages/airflow/example_dags/example_python_operator.py
[2023-12-06T18:34:44.262+0000] {logging_mixin.py:154} INFO - [2023-12-06T18:34:44.262+0000] {dag.py:2941} INFO - Sync 1 DAGs
[2023-12-06T18:34:44.274+0000] {logging_mixin.py:154} INFO - [2023-12-06T18:34:44.274+0000] {dag.py:3722} INFO - Setting next_dagrun for example_python_operator to None, run_after=None
[2023-12-06T18:34:44.299+0000] {processor.py:179} INFO - Processing /usr/local/lib/python3.10/dist-packages/airflow/example_dags/example_python_operator.py took 0.071 seconds
[2023-12-06T18:35:31.518+0000] {processor.py:157} INFO - Started process (PID=4517) to work on /usr/local/lib/python3.10/dist-packages/airflow/example_dags/example_python_operator.py
[2023-12-06T18:35:31.519+0000] {processor.py:829} INFO - Processing file /usr/local/lib/python3.10/dist-packages/airflow/example_dags/example_python_operator.py for tasks to queue
[2023-12-06T18:35:31.520+0000] {logging_mixin.py:154} INFO - [2023-12-06T18:35:31.519+0000] {dagbag.py:536} INFO - Filling up the DagBag from /usr/local/lib/python3.10/dist-packages/airflow/example_dags/example_python_operator.py
[2023-12-06T18:35:31.530+0000] {logging_mixin.py:154} INFO - [2023-12-06T18:35:31.530+0000] {example_python_operator.py:86} WARNING - The virtalenv_python example task requires virtualenv, please install it.
[2023-12-06T18:35:31.530+0000] {processor.py:839} INFO - DAG(s) dict_keys(['example_python_operator']) retrieved from /usr/local/lib/python3.10/dist-packages/airflow/example_dags/example_python_operator.py
[2023-12-06T18:35:31.549+0000] {logging_mixin.py:154} INFO - [2023-12-06T18:35:31.549+0000] {dag.py:2941} INFO - Sync 1 DAGs
[2023-12-06T18:35:31.561+0000] {logging_mixin.py:154} INFO - [2023-12-06T18:35:31.561+0000] {dag.py:3722} INFO - Setting next_dagrun for example_python_operator to None, run_after=None
[2023-12-06T18:35:31.582+0000] {processor.py:179} INFO - Processing /usr/local/lib/python3.10/dist-packages/airflow/example_dags/example_python_operator.py took 0.068 seconds
[2023-12-06T18:36:15.343+0000] {processor.py:157} INFO - Started process (PID=4563) to work on /usr/local/lib/python3.10/dist-packages/airflow/example_dags/example_python_operator.py
[2023-12-06T18:36:15.344+0000] {processor.py:829} INFO - Processing file /usr/local/lib/python3.10/dist-packages/airflow/example_dags/example_python_operator.py for tasks to queue
[2023-12-06T18:36:15.345+0000] {logging_mixin.py:154} INFO - [2023-12-06T18:36:15.345+0000] {dagbag.py:536} INFO - Filling up the DagBag from /usr/local/lib/python3.10/dist-packages/airflow/example_dags/example_python_operator.py
[2023-12-06T18:36:15.355+0000] {logging_mixin.py:154} INFO - [2023-12-06T18:36:15.355+0000] {example_python_operator.py:86} WARNING - The virtalenv_python example task requires virtualenv, please install it.
[2023-12-06T18:36:15.355+0000] {processor.py:839} INFO - DAG(s) dict_keys(['example_python_operator']) retrieved from /usr/local/lib/python3.10/dist-packages/airflow/example_dags/example_python_operator.py
[2023-12-06T18:36:15.374+0000] {logging_mixin.py:154} INFO - [2023-12-06T18:36:15.373+0000] {dag.py:2941} INFO - Sync 1 DAGs
[2023-12-06T18:36:15.385+0000] {logging_mixin.py:154} INFO - [2023-12-06T18:36:15.385+0000] {dag.py:3722} INFO - Setting next_dagrun for example_python_operator to None, run_after=None
[2023-12-06T18:36:15.409+0000] {processor.py:179} INFO - Processing /usr/local/lib/python3.10/dist-packages/airflow/example_dags/example_python_operator.py took 0.070 seconds
[2023-12-06T18:37:03.422+0000] {processor.py:157} INFO - Started process (PID=4612) to work on /usr/local/lib/python3.10/dist-packages/airflow/example_dags/example_python_operator.py
[2023-12-06T18:37:03.424+0000] {processor.py:829} INFO - Processing file /usr/local/lib/python3.10/dist-packages/airflow/example_dags/example_python_operator.py for tasks to queue
[2023-12-06T18:37:03.425+0000] {logging_mixin.py:154} INFO - [2023-12-06T18:37:03.425+0000] {dagbag.py:536} INFO - Filling up the DagBag from /usr/local/lib/python3.10/dist-packages/airflow/example_dags/example_python_operator.py
[2023-12-06T18:37:03.435+0000] {logging_mixin.py:154} INFO - [2023-12-06T18:37:03.435+0000] {example_python_operator.py:86} WARNING - The virtalenv_python example task requires virtualenv, please install it.
[2023-12-06T18:37:03.436+0000] {processor.py:839} INFO - DAG(s) dict_keys(['example_python_operator']) retrieved from /usr/local/lib/python3.10/dist-packages/airflow/example_dags/example_python_operator.py
[2023-12-06T18:37:03.455+0000] {logging_mixin.py:154} INFO - [2023-12-06T18:37:03.455+0000] {dag.py:2941} INFO - Sync 1 DAGs
[2023-12-06T18:37:03.468+0000] {logging_mixin.py:154} INFO - [2023-12-06T18:37:03.467+0000] {dag.py:3722} INFO - Setting next_dagrun for example_python_operator to None, run_after=None
[2023-12-06T18:37:03.500+0000] {processor.py:179} INFO - Processing /usr/local/lib/python3.10/dist-packages/airflow/example_dags/example_python_operator.py took 0.081 seconds
[2023-12-06T18:37:47.670+0000] {processor.py:157} INFO - Started process (PID=4659) to work on /usr/local/lib/python3.10/dist-packages/airflow/example_dags/example_python_operator.py
[2023-12-06T18:37:47.671+0000] {processor.py:829} INFO - Processing file /usr/local/lib/python3.10/dist-packages/airflow/example_dags/example_python_operator.py for tasks to queue
[2023-12-06T18:37:47.672+0000] {logging_mixin.py:154} INFO - [2023-12-06T18:37:47.672+0000] {dagbag.py:536} INFO - Filling up the DagBag from /usr/local/lib/python3.10/dist-packages/airflow/example_dags/example_python_operator.py
[2023-12-06T18:37:47.682+0000] {logging_mixin.py:154} INFO - [2023-12-06T18:37:47.682+0000] {example_python_operator.py:86} WARNING - The virtalenv_python example task requires virtualenv, please install it.
[2023-12-06T18:37:47.682+0000] {processor.py:839} INFO - DAG(s) dict_keys(['example_python_operator']) retrieved from /usr/local/lib/python3.10/dist-packages/airflow/example_dags/example_python_operator.py
[2023-12-06T18:37:47.701+0000] {logging_mixin.py:154} INFO - [2023-12-06T18:37:47.701+0000] {dag.py:2941} INFO - Sync 1 DAGs
[2023-12-06T18:37:47.713+0000] {logging_mixin.py:154} INFO - [2023-12-06T18:37:47.712+0000] {dag.py:3722} INFO - Setting next_dagrun for example_python_operator to None, run_after=None
[2023-12-06T18:37:47.734+0000] {processor.py:179} INFO - Processing /usr/local/lib/python3.10/dist-packages/airflow/example_dags/example_python_operator.py took 0.068 seconds
[2023-12-06T18:38:35.110+0000] {processor.py:157} INFO - Started process (PID=4706) to work on /usr/local/lib/python3.10/dist-packages/airflow/example_dags/example_python_operator.py
[2023-12-06T18:38:35.111+0000] {processor.py:829} INFO - Processing file /usr/local/lib/python3.10/dist-packages/airflow/example_dags/example_python_operator.py for tasks to queue
[2023-12-06T18:38:35.112+0000] {logging_mixin.py:154} INFO - [2023-12-06T18:38:35.112+0000] {dagbag.py:536} INFO - Filling up the DagBag from /usr/local/lib/python3.10/dist-packages/airflow/example_dags/example_python_operator.py
[2023-12-06T18:38:35.122+0000] {logging_mixin.py:154} INFO - [2023-12-06T18:38:35.122+0000] {example_python_operator.py:86} WARNING - The virtalenv_python example task requires virtualenv, please install it.
[2023-12-06T18:38:35.122+0000] {processor.py:839} INFO - DAG(s) dict_keys(['example_python_operator']) retrieved from /usr/local/lib/python3.10/dist-packages/airflow/example_dags/example_python_operator.py
[2023-12-06T18:38:35.142+0000] {logging_mixin.py:154} INFO - [2023-12-06T18:38:35.141+0000] {dag.py:2941} INFO - Sync 1 DAGs
[2023-12-06T18:38:35.154+0000] {logging_mixin.py:154} INFO - [2023-12-06T18:38:35.154+0000] {dag.py:3722} INFO - Setting next_dagrun for example_python_operator to None, run_after=None
[2023-12-06T18:38:35.180+0000] {processor.py:179} INFO - Processing /usr/local/lib/python3.10/dist-packages/airflow/example_dags/example_python_operator.py took 0.074 seconds
[2023-12-06T18:39:22.708+0000] {processor.py:157} INFO - Started process (PID=4754) to work on /usr/local/lib/python3.10/dist-packages/airflow/example_dags/example_python_operator.py
[2023-12-06T18:39:22.709+0000] {processor.py:829} INFO - Processing file /usr/local/lib/python3.10/dist-packages/airflow/example_dags/example_python_operator.py for tasks to queue
[2023-12-06T18:39:22.710+0000] {logging_mixin.py:154} INFO - [2023-12-06T18:39:22.709+0000] {dagbag.py:536} INFO - Filling up the DagBag from /usr/local/lib/python3.10/dist-packages/airflow/example_dags/example_python_operator.py
[2023-12-06T18:39:22.719+0000] {logging_mixin.py:154} INFO - [2023-12-06T18:39:22.719+0000] {example_python_operator.py:86} WARNING - The virtalenv_python example task requires virtualenv, please install it.
[2023-12-06T18:39:22.720+0000] {processor.py:839} INFO - DAG(s) dict_keys(['example_python_operator']) retrieved from /usr/local/lib/python3.10/dist-packages/airflow/example_dags/example_python_operator.py
[2023-12-06T18:39:22.738+0000] {logging_mixin.py:154} INFO - [2023-12-06T18:39:22.738+0000] {dag.py:2941} INFO - Sync 1 DAGs
[2023-12-06T18:39:22.750+0000] {logging_mixin.py:154} INFO - [2023-12-06T18:39:22.750+0000] {dag.py:3722} INFO - Setting next_dagrun for example_python_operator to None, run_after=None
[2023-12-06T18:39:22.774+0000] {processor.py:179} INFO - Processing /usr/local/lib/python3.10/dist-packages/airflow/example_dags/example_python_operator.py took 0.070 seconds
[2023-12-06T18:40:11.690+0000] {processor.py:157} INFO - Started process (PID=4803) to work on /usr/local/lib/python3.10/dist-packages/airflow/example_dags/example_python_operator.py
[2023-12-06T18:40:11.693+0000] {processor.py:829} INFO - Processing file /usr/local/lib/python3.10/dist-packages/airflow/example_dags/example_python_operator.py for tasks to queue
[2023-12-06T18:40:11.694+0000] {logging_mixin.py:154} INFO - [2023-12-06T18:40:11.693+0000] {dagbag.py:536} INFO - Filling up the DagBag from /usr/local/lib/python3.10/dist-packages/airflow/example_dags/example_python_operator.py
[2023-12-06T18:40:11.704+0000] {logging_mixin.py:154} INFO - [2023-12-06T18:40:11.703+0000] {example_python_operator.py:86} WARNING - The virtalenv_python example task requires virtualenv, please install it.
[2023-12-06T18:40:11.704+0000] {processor.py:839} INFO - DAG(s) dict_keys(['example_python_operator']) retrieved from /usr/local/lib/python3.10/dist-packages/airflow/example_dags/example_python_operator.py
[2023-12-06T18:40:11.723+0000] {logging_mixin.py:154} INFO - [2023-12-06T18:40:11.723+0000] {dag.py:2941} INFO - Sync 1 DAGs
[2023-12-06T18:40:11.735+0000] {logging_mixin.py:154} INFO - [2023-12-06T18:40:11.735+0000] {dag.py:3722} INFO - Setting next_dagrun for example_python_operator to None, run_after=None
[2023-12-06T18:40:11.758+0000] {processor.py:179} INFO - Processing /usr/local/lib/python3.10/dist-packages/airflow/example_dags/example_python_operator.py took 0.071 seconds
[2023-12-06T18:41:03.623+0000] {processor.py:157} INFO - Started process (PID=4855) to work on /usr/local/lib/python3.10/dist-packages/airflow/example_dags/example_python_operator.py
[2023-12-06T18:41:03.625+0000] {processor.py:829} INFO - Processing file /usr/local/lib/python3.10/dist-packages/airflow/example_dags/example_python_operator.py for tasks to queue
[2023-12-06T18:41:03.626+0000] {logging_mixin.py:154} INFO - [2023-12-06T18:41:03.625+0000] {dagbag.py:536} INFO - Filling up the DagBag from /usr/local/lib/python3.10/dist-packages/airflow/example_dags/example_python_operator.py
[2023-12-06T18:41:03.636+0000] {logging_mixin.py:154} INFO - [2023-12-06T18:41:03.636+0000] {example_python_operator.py:86} WARNING - The virtalenv_python example task requires virtualenv, please install it.
[2023-12-06T18:41:03.637+0000] {processor.py:839} INFO - DAG(s) dict_keys(['example_python_operator']) retrieved from /usr/local/lib/python3.10/dist-packages/airflow/example_dags/example_python_operator.py
[2023-12-06T18:41:03.656+0000] {logging_mixin.py:154} INFO - [2023-12-06T18:41:03.656+0000] {dag.py:2941} INFO - Sync 1 DAGs
[2023-12-06T18:41:03.669+0000] {logging_mixin.py:154} INFO - [2023-12-06T18:41:03.669+0000] {dag.py:3722} INFO - Setting next_dagrun for example_python_operator to None, run_after=None
[2023-12-06T18:41:03.694+0000] {processor.py:179} INFO - Processing /usr/local/lib/python3.10/dist-packages/airflow/example_dags/example_python_operator.py took 0.074 seconds
[2023-12-06T18:41:50.971+0000] {processor.py:157} INFO - Started process (PID=4904) to work on /usr/local/lib/python3.10/dist-packages/airflow/example_dags/example_python_operator.py
[2023-12-06T18:41:50.972+0000] {processor.py:829} INFO - Processing file /usr/local/lib/python3.10/dist-packages/airflow/example_dags/example_python_operator.py for tasks to queue
[2023-12-06T18:41:50.973+0000] {logging_mixin.py:154} INFO - [2023-12-06T18:41:50.972+0000] {dagbag.py:536} INFO - Filling up the DagBag from /usr/local/lib/python3.10/dist-packages/airflow/example_dags/example_python_operator.py
[2023-12-06T18:41:50.983+0000] {logging_mixin.py:154} INFO - [2023-12-06T18:41:50.982+0000] {example_python_operator.py:86} WARNING - The virtalenv_python example task requires virtualenv, please install it.
[2023-12-06T18:41:50.983+0000] {processor.py:839} INFO - DAG(s) dict_keys(['example_python_operator']) retrieved from /usr/local/lib/python3.10/dist-packages/airflow/example_dags/example_python_operator.py
[2023-12-06T18:41:51.002+0000] {logging_mixin.py:154} INFO - [2023-12-06T18:41:51.002+0000] {dag.py:2941} INFO - Sync 1 DAGs
[2023-12-06T18:41:51.014+0000] {logging_mixin.py:154} INFO - [2023-12-06T18:41:51.014+0000] {dag.py:3722} INFO - Setting next_dagrun for example_python_operator to None, run_after=None
[2023-12-06T18:41:51.036+0000] {processor.py:179} INFO - Processing /usr/local/lib/python3.10/dist-packages/airflow/example_dags/example_python_operator.py took 0.069 seconds
[2023-12-06T18:42:37.345+0000] {processor.py:157} INFO - Started process (PID=4950) to work on /usr/local/lib/python3.10/dist-packages/airflow/example_dags/example_python_operator.py
[2023-12-06T18:42:37.346+0000] {processor.py:829} INFO - Processing file /usr/local/lib/python3.10/dist-packages/airflow/example_dags/example_python_operator.py for tasks to queue
[2023-12-06T18:42:37.347+0000] {logging_mixin.py:154} INFO - [2023-12-06T18:42:37.347+0000] {dagbag.py:536} INFO - Filling up the DagBag from /usr/local/lib/python3.10/dist-packages/airflow/example_dags/example_python_operator.py
[2023-12-06T18:42:37.357+0000] {logging_mixin.py:154} INFO - [2023-12-06T18:42:37.357+0000] {example_python_operator.py:86} WARNING - The virtalenv_python example task requires virtualenv, please install it.
[2023-12-06T18:42:37.358+0000] {processor.py:839} INFO - DAG(s) dict_keys(['example_python_operator']) retrieved from /usr/local/lib/python3.10/dist-packages/airflow/example_dags/example_python_operator.py
[2023-12-06T18:42:37.377+0000] {logging_mixin.py:154} INFO - [2023-12-06T18:42:37.376+0000] {dag.py:2941} INFO - Sync 1 DAGs
[2023-12-06T18:42:37.389+0000] {logging_mixin.py:154} INFO - [2023-12-06T18:42:37.388+0000] {dag.py:3722} INFO - Setting next_dagrun for example_python_operator to None, run_after=None
[2023-12-06T18:42:37.413+0000] {processor.py:179} INFO - Processing /usr/local/lib/python3.10/dist-packages/airflow/example_dags/example_python_operator.py took 0.071 seconds
[2023-12-06T18:43:30.139+0000] {processor.py:157} INFO - Started process (PID=5002) to work on /usr/local/lib/python3.10/dist-packages/airflow/example_dags/example_python_operator.py
[2023-12-06T18:43:30.140+0000] {processor.py:829} INFO - Processing file /usr/local/lib/python3.10/dist-packages/airflow/example_dags/example_python_operator.py for tasks to queue
[2023-12-06T18:43:30.141+0000] {logging_mixin.py:154} INFO - [2023-12-06T18:43:30.140+0000] {dagbag.py:536} INFO - Filling up the DagBag from /usr/local/lib/python3.10/dist-packages/airflow/example_dags/example_python_operator.py
[2023-12-06T18:43:30.151+0000] {logging_mixin.py:154} INFO - [2023-12-06T18:43:30.151+0000] {example_python_operator.py:86} WARNING - The virtalenv_python example task requires virtualenv, please install it.
[2023-12-06T18:43:30.151+0000] {processor.py:839} INFO - DAG(s) dict_keys(['example_python_operator']) retrieved from /usr/local/lib/python3.10/dist-packages/airflow/example_dags/example_python_operator.py
[2023-12-06T18:43:30.170+0000] {logging_mixin.py:154} INFO - [2023-12-06T18:43:30.170+0000] {dag.py:2941} INFO - Sync 1 DAGs
[2023-12-06T18:43:30.182+0000] {logging_mixin.py:154} INFO - [2023-12-06T18:43:30.182+0000] {dag.py:3722} INFO - Setting next_dagrun for example_python_operator to None, run_after=None
[2023-12-06T18:43:30.211+0000] {processor.py:179} INFO - Processing /usr/local/lib/python3.10/dist-packages/airflow/example_dags/example_python_operator.py took 0.076 seconds
[2023-12-06T18:44:20.035+0000] {processor.py:157} INFO - Started process (PID=5052) to work on /usr/local/lib/python3.10/dist-packages/airflow/example_dags/example_python_operator.py
[2023-12-06T18:44:20.036+0000] {processor.py:829} INFO - Processing file /usr/local/lib/python3.10/dist-packages/airflow/example_dags/example_python_operator.py for tasks to queue
[2023-12-06T18:44:20.037+0000] {logging_mixin.py:154} INFO - [2023-12-06T18:44:20.037+0000] {dagbag.py:536} INFO - Filling up the DagBag from /usr/local/lib/python3.10/dist-packages/airflow/example_dags/example_python_operator.py
[2023-12-06T18:44:20.047+0000] {logging_mixin.py:154} INFO - [2023-12-06T18:44:20.047+0000] {example_python_operator.py:86} WARNING - The virtalenv_python example task requires virtualenv, please install it.
[2023-12-06T18:44:20.048+0000] {processor.py:839} INFO - DAG(s) dict_keys(['example_python_operator']) retrieved from /usr/local/lib/python3.10/dist-packages/airflow/example_dags/example_python_operator.py
[2023-12-06T18:44:20.066+0000] {logging_mixin.py:154} INFO - [2023-12-06T18:44:20.066+0000] {dag.py:2941} INFO - Sync 1 DAGs
[2023-12-06T18:44:20.078+0000] {logging_mixin.py:154} INFO - [2023-12-06T18:44:20.078+0000] {dag.py:3722} INFO - Setting next_dagrun for example_python_operator to None, run_after=None
[2023-12-06T18:44:20.100+0000] {processor.py:179} INFO - Processing /usr/local/lib/python3.10/dist-packages/airflow/example_dags/example_python_operator.py took 0.069 seconds
[2023-12-06T18:45:07.329+0000] {processor.py:157} INFO - Started process (PID=5100) to work on /usr/local/lib/python3.10/dist-packages/airflow/example_dags/example_python_operator.py
[2023-12-06T18:45:07.331+0000] {processor.py:829} INFO - Processing file /usr/local/lib/python3.10/dist-packages/airflow/example_dags/example_python_operator.py for tasks to queue
[2023-12-06T18:45:07.332+0000] {logging_mixin.py:154} INFO - [2023-12-06T18:45:07.331+0000] {dagbag.py:536} INFO - Filling up the DagBag from /usr/local/lib/python3.10/dist-packages/airflow/example_dags/example_python_operator.py
[2023-12-06T18:45:07.342+0000] {logging_mixin.py:154} INFO - [2023-12-06T18:45:07.341+0000] {example_python_operator.py:86} WARNING - The virtalenv_python example task requires virtualenv, please install it.
[2023-12-06T18:45:07.342+0000] {processor.py:839} INFO - DAG(s) dict_keys(['example_python_operator']) retrieved from /usr/local/lib/python3.10/dist-packages/airflow/example_dags/example_python_operator.py
[2023-12-06T18:45:07.362+0000] {logging_mixin.py:154} INFO - [2023-12-06T18:45:07.361+0000] {dag.py:2941} INFO - Sync 1 DAGs
[2023-12-06T18:45:07.375+0000] {logging_mixin.py:154} INFO - [2023-12-06T18:45:07.375+0000] {dag.py:3722} INFO - Setting next_dagrun for example_python_operator to None, run_after=None
[2023-12-06T18:45:07.401+0000] {processor.py:179} INFO - Processing /usr/local/lib/python3.10/dist-packages/airflow/example_dags/example_python_operator.py took 0.075 seconds
[2023-12-06T18:45:50.997+0000] {processor.py:157} INFO - Started process (PID=5147) to work on /usr/local/lib/python3.10/dist-packages/airflow/example_dags/example_python_operator.py
[2023-12-06T18:45:50.998+0000] {processor.py:829} INFO - Processing file /usr/local/lib/python3.10/dist-packages/airflow/example_dags/example_python_operator.py for tasks to queue
[2023-12-06T18:45:50.999+0000] {logging_mixin.py:154} INFO - [2023-12-06T18:45:50.999+0000] {dagbag.py:536} INFO - Filling up the DagBag from /usr/local/lib/python3.10/dist-packages/airflow/example_dags/example_python_operator.py
[2023-12-06T18:45:51.009+0000] {logging_mixin.py:154} INFO - [2023-12-06T18:45:51.009+0000] {example_python_operator.py:86} WARNING - The virtalenv_python example task requires virtualenv, please install it.
[2023-12-06T18:45:51.010+0000] {processor.py:839} INFO - DAG(s) dict_keys(['example_python_operator']) retrieved from /usr/local/lib/python3.10/dist-packages/airflow/example_dags/example_python_operator.py
[2023-12-06T18:45:51.028+0000] {logging_mixin.py:154} INFO - [2023-12-06T18:45:51.028+0000] {dag.py:2941} INFO - Sync 1 DAGs
[2023-12-06T18:45:51.041+0000] {logging_mixin.py:154} INFO - [2023-12-06T18:45:51.040+0000] {dag.py:3722} INFO - Setting next_dagrun for example_python_operator to None, run_after=None
[2023-12-06T18:45:51.064+0000] {processor.py:179} INFO - Processing /usr/local/lib/python3.10/dist-packages/airflow/example_dags/example_python_operator.py took 0.070 seconds
[2023-12-06T18:46:35.263+0000] {processor.py:157} INFO - Started process (PID=5193) to work on /usr/local/lib/python3.10/dist-packages/airflow/example_dags/example_python_operator.py
[2023-12-06T18:46:35.264+0000] {processor.py:829} INFO - Processing file /usr/local/lib/python3.10/dist-packages/airflow/example_dags/example_python_operator.py for tasks to queue
[2023-12-06T18:46:35.265+0000] {logging_mixin.py:154} INFO - [2023-12-06T18:46:35.265+0000] {dagbag.py:536} INFO - Filling up the DagBag from /usr/local/lib/python3.10/dist-packages/airflow/example_dags/example_python_operator.py
[2023-12-06T18:46:35.275+0000] {logging_mixin.py:154} INFO - [2023-12-06T18:46:35.275+0000] {example_python_operator.py:86} WARNING - The virtalenv_python example task requires virtualenv, please install it.
[2023-12-06T18:46:35.275+0000] {processor.py:839} INFO - DAG(s) dict_keys(['example_python_operator']) retrieved from /usr/local/lib/python3.10/dist-packages/airflow/example_dags/example_python_operator.py
[2023-12-06T18:46:35.295+0000] {logging_mixin.py:154} INFO - [2023-12-06T18:46:35.294+0000] {dag.py:2941} INFO - Sync 1 DAGs
[2023-12-06T18:46:35.307+0000] {logging_mixin.py:154} INFO - [2023-12-06T18:46:35.307+0000] {dag.py:3722} INFO - Setting next_dagrun for example_python_operator to None, run_after=None
[2023-12-06T18:46:35.329+0000] {processor.py:179} INFO - Processing /usr/local/lib/python3.10/dist-packages/airflow/example_dags/example_python_operator.py took 0.070 seconds
[2023-12-06T18:47:22.069+0000] {processor.py:157} INFO - Started process (PID=5242) to work on /usr/local/lib/python3.10/dist-packages/airflow/example_dags/example_python_operator.py
[2023-12-06T18:47:22.070+0000] {processor.py:829} INFO - Processing file /usr/local/lib/python3.10/dist-packages/airflow/example_dags/example_python_operator.py for tasks to queue
[2023-12-06T18:47:22.071+0000] {logging_mixin.py:154} INFO - [2023-12-06T18:47:22.070+0000] {dagbag.py:536} INFO - Filling up the DagBag from /usr/local/lib/python3.10/dist-packages/airflow/example_dags/example_python_operator.py
[2023-12-06T18:47:22.081+0000] {logging_mixin.py:154} INFO - [2023-12-06T18:47:22.080+0000] {example_python_operator.py:86} WARNING - The virtalenv_python example task requires virtualenv, please install it.
[2023-12-06T18:47:22.081+0000] {processor.py:839} INFO - DAG(s) dict_keys(['example_python_operator']) retrieved from /usr/local/lib/python3.10/dist-packages/airflow/example_dags/example_python_operator.py
[2023-12-06T18:47:22.100+0000] {logging_mixin.py:154} INFO - [2023-12-06T18:47:22.100+0000] {dag.py:2941} INFO - Sync 1 DAGs
[2023-12-06T18:47:22.113+0000] {logging_mixin.py:154} INFO - [2023-12-06T18:47:22.112+0000] {dag.py:3722} INFO - Setting next_dagrun for example_python_operator to None, run_after=None
[2023-12-06T18:47:22.135+0000] {processor.py:179} INFO - Processing /usr/local/lib/python3.10/dist-packages/airflow/example_dags/example_python_operator.py took 0.070 seconds
[2023-12-06T18:48:13.030+0000] {processor.py:157} INFO - Started process (PID=5294) to work on /usr/local/lib/python3.10/dist-packages/airflow/example_dags/example_python_operator.py
[2023-12-06T18:48:13.032+0000] {processor.py:829} INFO - Processing file /usr/local/lib/python3.10/dist-packages/airflow/example_dags/example_python_operator.py for tasks to queue
[2023-12-06T18:48:13.032+0000] {logging_mixin.py:154} INFO - [2023-12-06T18:48:13.032+0000] {dagbag.py:536} INFO - Filling up the DagBag from /usr/local/lib/python3.10/dist-packages/airflow/example_dags/example_python_operator.py
[2023-12-06T18:48:13.043+0000] {logging_mixin.py:154} INFO - [2023-12-06T18:48:13.043+0000] {example_python_operator.py:86} WARNING - The virtalenv_python example task requires virtualenv, please install it.
[2023-12-06T18:48:13.044+0000] {processor.py:839} INFO - DAG(s) dict_keys(['example_python_operator']) retrieved from /usr/local/lib/python3.10/dist-packages/airflow/example_dags/example_python_operator.py
[2023-12-06T18:48:13.063+0000] {logging_mixin.py:154} INFO - [2023-12-06T18:48:13.063+0000] {dag.py:2941} INFO - Sync 1 DAGs
[2023-12-06T18:48:13.076+0000] {logging_mixin.py:154} INFO - [2023-12-06T18:48:13.075+0000] {dag.py:3722} INFO - Setting next_dagrun for example_python_operator to None, run_after=None
[2023-12-06T18:48:13.116+0000] {processor.py:179} INFO - Processing /usr/local/lib/python3.10/dist-packages/airflow/example_dags/example_python_operator.py took 0.090 seconds
[2023-12-06T18:49:01.543+0000] {processor.py:157} INFO - Started process (PID=5343) to work on /usr/local/lib/python3.10/dist-packages/airflow/example_dags/example_python_operator.py
[2023-12-06T18:49:01.548+0000] {processor.py:829} INFO - Processing file /usr/local/lib/python3.10/dist-packages/airflow/example_dags/example_python_operator.py for tasks to queue
[2023-12-06T18:49:01.549+0000] {logging_mixin.py:154} INFO - [2023-12-06T18:49:01.549+0000] {dagbag.py:536} INFO - Filling up the DagBag from /usr/local/lib/python3.10/dist-packages/airflow/example_dags/example_python_operator.py
[2023-12-06T18:49:01.560+0000] {logging_mixin.py:154} INFO - [2023-12-06T18:49:01.560+0000] {example_python_operator.py:86} WARNING - The virtalenv_python example task requires virtualenv, please install it.
[2023-12-06T18:49:01.561+0000] {processor.py:839} INFO - DAG(s) dict_keys(['example_python_operator']) retrieved from /usr/local/lib/python3.10/dist-packages/airflow/example_dags/example_python_operator.py
[2023-12-06T18:49:01.588+0000] {logging_mixin.py:154} INFO - [2023-12-06T18:49:01.588+0000] {dag.py:2941} INFO - Sync 1 DAGs
[2023-12-06T18:49:01.605+0000] {logging_mixin.py:154} INFO - [2023-12-06T18:49:01.605+0000] {dag.py:3722} INFO - Setting next_dagrun for example_python_operator to None, run_after=None
[2023-12-06T18:49:01.632+0000] {processor.py:179} INFO - Processing /usr/local/lib/python3.10/dist-packages/airflow/example_dags/example_python_operator.py took 0.096 seconds
[2023-12-06T18:49:46.148+0000] {processor.py:157} INFO - Started process (PID=5390) to work on /usr/local/lib/python3.10/dist-packages/airflow/example_dags/example_python_operator.py
[2023-12-06T18:49:46.150+0000] {processor.py:829} INFO - Processing file /usr/local/lib/python3.10/dist-packages/airflow/example_dags/example_python_operator.py for tasks to queue
[2023-12-06T18:49:46.151+0000] {logging_mixin.py:154} INFO - [2023-12-06T18:49:46.151+0000] {dagbag.py:536} INFO - Filling up the DagBag from /usr/local/lib/python3.10/dist-packages/airflow/example_dags/example_python_operator.py
[2023-12-06T18:49:46.161+0000] {logging_mixin.py:154} INFO - [2023-12-06T18:49:46.161+0000] {example_python_operator.py:86} WARNING - The virtalenv_python example task requires virtualenv, please install it.
[2023-12-06T18:49:46.161+0000] {processor.py:839} INFO - DAG(s) dict_keys(['example_python_operator']) retrieved from /usr/local/lib/python3.10/dist-packages/airflow/example_dags/example_python_operator.py
[2023-12-06T18:49:46.180+0000] {logging_mixin.py:154} INFO - [2023-12-06T18:49:46.180+0000] {dag.py:2941} INFO - Sync 1 DAGs
[2023-12-06T18:49:46.193+0000] {logging_mixin.py:154} INFO - [2023-12-06T18:49:46.193+0000] {dag.py:3722} INFO - Setting next_dagrun for example_python_operator to None, run_after=None
[2023-12-06T18:49:46.215+0000] {processor.py:179} INFO - Processing /usr/local/lib/python3.10/dist-packages/airflow/example_dags/example_python_operator.py took 0.070 seconds
[2023-12-06T18:50:28.700+0000] {processor.py:157} INFO - Started process (PID=5434) to work on /usr/local/lib/python3.10/dist-packages/airflow/example_dags/example_python_operator.py
[2023-12-06T18:50:28.701+0000] {processor.py:829} INFO - Processing file /usr/local/lib/python3.10/dist-packages/airflow/example_dags/example_python_operator.py for tasks to queue
[2023-12-06T18:50:28.702+0000] {logging_mixin.py:154} INFO - [2023-12-06T18:50:28.701+0000] {dagbag.py:536} INFO - Filling up the DagBag from /usr/local/lib/python3.10/dist-packages/airflow/example_dags/example_python_operator.py
[2023-12-06T18:50:28.712+0000] {logging_mixin.py:154} INFO - [2023-12-06T18:50:28.712+0000] {example_python_operator.py:86} WARNING - The virtalenv_python example task requires virtualenv, please install it.
[2023-12-06T18:50:28.713+0000] {processor.py:839} INFO - DAG(s) dict_keys(['example_python_operator']) retrieved from /usr/local/lib/python3.10/dist-packages/airflow/example_dags/example_python_operator.py
[2023-12-06T18:50:28.732+0000] {logging_mixin.py:154} INFO - [2023-12-06T18:50:28.732+0000] {dag.py:2941} INFO - Sync 1 DAGs
[2023-12-06T18:50:28.744+0000] {logging_mixin.py:154} INFO - [2023-12-06T18:50:28.744+0000] {dag.py:3722} INFO - Setting next_dagrun for example_python_operator to None, run_after=None
[2023-12-06T18:50:28.769+0000] {processor.py:179} INFO - Processing /usr/local/lib/python3.10/dist-packages/airflow/example_dags/example_python_operator.py took 0.073 seconds
[2023-12-06T18:51:11.021+0000] {processor.py:157} INFO - Started process (PID=5483) to work on /usr/local/lib/python3.10/dist-packages/airflow/example_dags/example_python_operator.py
[2023-12-06T18:51:11.023+0000] {processor.py:829} INFO - Processing file /usr/local/lib/python3.10/dist-packages/airflow/example_dags/example_python_operator.py for tasks to queue
[2023-12-06T18:51:11.024+0000] {logging_mixin.py:154} INFO - [2023-12-06T18:51:11.024+0000] {dagbag.py:536} INFO - Filling up the DagBag from /usr/local/lib/python3.10/dist-packages/airflow/example_dags/example_python_operator.py
[2023-12-06T18:51:11.034+0000] {logging_mixin.py:154} INFO - [2023-12-06T18:51:11.034+0000] {example_python_operator.py:86} WARNING - The virtalenv_python example task requires virtualenv, please install it.
[2023-12-06T18:51:11.035+0000] {processor.py:839} INFO - DAG(s) dict_keys(['example_python_operator']) retrieved from /usr/local/lib/python3.10/dist-packages/airflow/example_dags/example_python_operator.py
[2023-12-06T18:51:11.054+0000] {logging_mixin.py:154} INFO - [2023-12-06T18:51:11.053+0000] {dag.py:2941} INFO - Sync 1 DAGs
[2023-12-06T18:51:11.066+0000] {logging_mixin.py:154} INFO - [2023-12-06T18:51:11.066+0000] {dag.py:3722} INFO - Setting next_dagrun for example_python_operator to None, run_after=None
[2023-12-06T18:51:11.090+0000] {processor.py:179} INFO - Processing /usr/local/lib/python3.10/dist-packages/airflow/example_dags/example_python_operator.py took 0.073 seconds
[2023-12-06T18:51:54.100+0000] {processor.py:157} INFO - Started process (PID=5528) to work on /usr/local/lib/python3.10/dist-packages/airflow/example_dags/example_python_operator.py
[2023-12-06T18:51:54.101+0000] {processor.py:829} INFO - Processing file /usr/local/lib/python3.10/dist-packages/airflow/example_dags/example_python_operator.py for tasks to queue
[2023-12-06T18:51:54.102+0000] {logging_mixin.py:154} INFO - [2023-12-06T18:51:54.102+0000] {dagbag.py:536} INFO - Filling up the DagBag from /usr/local/lib/python3.10/dist-packages/airflow/example_dags/example_python_operator.py
[2023-12-06T18:51:54.112+0000] {logging_mixin.py:154} INFO - [2023-12-06T18:51:54.112+0000] {example_python_operator.py:86} WARNING - The virtalenv_python example task requires virtualenv, please install it.
[2023-12-06T18:51:54.112+0000] {processor.py:839} INFO - DAG(s) dict_keys(['example_python_operator']) retrieved from /usr/local/lib/python3.10/dist-packages/airflow/example_dags/example_python_operator.py
[2023-12-06T18:51:54.131+0000] {logging_mixin.py:154} INFO - [2023-12-06T18:51:54.131+0000] {dag.py:2941} INFO - Sync 1 DAGs
[2023-12-06T18:51:54.144+0000] {logging_mixin.py:154} INFO - [2023-12-06T18:51:54.143+0000] {dag.py:3722} INFO - Setting next_dagrun for example_python_operator to None, run_after=None
[2023-12-06T18:51:54.167+0000] {processor.py:179} INFO - Processing /usr/local/lib/python3.10/dist-packages/airflow/example_dags/example_python_operator.py took 0.071 seconds
[2023-12-06T18:52:43.073+0000] {processor.py:157} INFO - Started process (PID=5577) to work on /usr/local/lib/python3.10/dist-packages/airflow/example_dags/example_python_operator.py
[2023-12-06T18:52:43.074+0000] {processor.py:829} INFO - Processing file /usr/local/lib/python3.10/dist-packages/airflow/example_dags/example_python_operator.py for tasks to queue
[2023-12-06T18:52:43.075+0000] {logging_mixin.py:154} INFO - [2023-12-06T18:52:43.075+0000] {dagbag.py:536} INFO - Filling up the DagBag from /usr/local/lib/python3.10/dist-packages/airflow/example_dags/example_python_operator.py
[2023-12-06T18:52:43.085+0000] {logging_mixin.py:154} INFO - [2023-12-06T18:52:43.085+0000] {example_python_operator.py:86} WARNING - The virtalenv_python example task requires virtualenv, please install it.
[2023-12-06T18:52:43.086+0000] {processor.py:839} INFO - DAG(s) dict_keys(['example_python_operator']) retrieved from /usr/local/lib/python3.10/dist-packages/airflow/example_dags/example_python_operator.py
[2023-12-06T18:52:43.106+0000] {logging_mixin.py:154} INFO - [2023-12-06T18:52:43.106+0000] {dag.py:2941} INFO - Sync 1 DAGs
[2023-12-06T18:52:43.119+0000] {logging_mixin.py:154} INFO - [2023-12-06T18:52:43.118+0000] {dag.py:3722} INFO - Setting next_dagrun for example_python_operator to None, run_after=None
[2023-12-06T18:52:43.142+0000] {processor.py:179} INFO - Processing /usr/local/lib/python3.10/dist-packages/airflow/example_dags/example_python_operator.py took 0.074 seconds
[2023-12-06T18:53:28.744+0000] {processor.py:157} INFO - Started process (PID=5624) to work on /usr/local/lib/python3.10/dist-packages/airflow/example_dags/example_python_operator.py
[2023-12-06T18:53:28.745+0000] {processor.py:829} INFO - Processing file /usr/local/lib/python3.10/dist-packages/airflow/example_dags/example_python_operator.py for tasks to queue
[2023-12-06T18:53:28.746+0000] {logging_mixin.py:154} INFO - [2023-12-06T18:53:28.746+0000] {dagbag.py:536} INFO - Filling up the DagBag from /usr/local/lib/python3.10/dist-packages/airflow/example_dags/example_python_operator.py
[2023-12-06T18:53:28.756+0000] {logging_mixin.py:154} INFO - [2023-12-06T18:53:28.756+0000] {example_python_operator.py:86} WARNING - The virtalenv_python example task requires virtualenv, please install it.
[2023-12-06T18:53:28.756+0000] {processor.py:839} INFO - DAG(s) dict_keys(['example_python_operator']) retrieved from /usr/local/lib/python3.10/dist-packages/airflow/example_dags/example_python_operator.py
[2023-12-06T18:53:28.775+0000] {logging_mixin.py:154} INFO - [2023-12-06T18:53:28.775+0000] {dag.py:2941} INFO - Sync 1 DAGs
[2023-12-06T18:53:28.787+0000] {logging_mixin.py:154} INFO - [2023-12-06T18:53:28.787+0000] {dag.py:3722} INFO - Setting next_dagrun for example_python_operator to None, run_after=None
[2023-12-06T18:53:28.811+0000] {processor.py:179} INFO - Processing /usr/local/lib/python3.10/dist-packages/airflow/example_dags/example_python_operator.py took 0.070 seconds
[2023-12-06T18:54:11.571+0000] {processor.py:157} INFO - Started process (PID=5669) to work on /usr/local/lib/python3.10/dist-packages/airflow/example_dags/example_python_operator.py
[2023-12-06T18:54:11.573+0000] {processor.py:829} INFO - Processing file /usr/local/lib/python3.10/dist-packages/airflow/example_dags/example_python_operator.py for tasks to queue
[2023-12-06T18:54:11.574+0000] {logging_mixin.py:154} INFO - [2023-12-06T18:54:11.573+0000] {dagbag.py:536} INFO - Filling up the DagBag from /usr/local/lib/python3.10/dist-packages/airflow/example_dags/example_python_operator.py
[2023-12-06T18:54:11.584+0000] {logging_mixin.py:154} INFO - [2023-12-06T18:54:11.584+0000] {example_python_operator.py:86} WARNING - The virtalenv_python example task requires virtualenv, please install it.
[2023-12-06T18:54:11.584+0000] {processor.py:839} INFO - DAG(s) dict_keys(['example_python_operator']) retrieved from /usr/local/lib/python3.10/dist-packages/airflow/example_dags/example_python_operator.py
[2023-12-06T18:54:11.603+0000] {logging_mixin.py:154} INFO - [2023-12-06T18:54:11.603+0000] {dag.py:2941} INFO - Sync 1 DAGs
[2023-12-06T18:54:11.616+0000] {logging_mixin.py:154} INFO - [2023-12-06T18:54:11.616+0000] {dag.py:3722} INFO - Setting next_dagrun for example_python_operator to None, run_after=None
[2023-12-06T18:54:11.639+0000] {processor.py:179} INFO - Processing /usr/local/lib/python3.10/dist-packages/airflow/example_dags/example_python_operator.py took 0.073 seconds
[2023-12-06T18:54:58.325+0000] {processor.py:157} INFO - Started process (PID=5717) to work on /usr/local/lib/python3.10/dist-packages/airflow/example_dags/example_python_operator.py
[2023-12-06T18:54:58.326+0000] {processor.py:829} INFO - Processing file /usr/local/lib/python3.10/dist-packages/airflow/example_dags/example_python_operator.py for tasks to queue
[2023-12-06T18:54:58.327+0000] {logging_mixin.py:154} INFO - [2023-12-06T18:54:58.327+0000] {dagbag.py:536} INFO - Filling up the DagBag from /usr/local/lib/python3.10/dist-packages/airflow/example_dags/example_python_operator.py
[2023-12-06T18:54:58.337+0000] {logging_mixin.py:154} INFO - [2023-12-06T18:54:58.337+0000] {example_python_operator.py:86} WARNING - The virtalenv_python example task requires virtualenv, please install it.
[2023-12-06T18:54:58.338+0000] {processor.py:839} INFO - DAG(s) dict_keys(['example_python_operator']) retrieved from /usr/local/lib/python3.10/dist-packages/airflow/example_dags/example_python_operator.py
[2023-12-06T18:54:58.356+0000] {logging_mixin.py:154} INFO - [2023-12-06T18:54:58.356+0000] {dag.py:2941} INFO - Sync 1 DAGs
[2023-12-06T18:54:58.369+0000] {logging_mixin.py:154} INFO - [2023-12-06T18:54:58.368+0000] {dag.py:3722} INFO - Setting next_dagrun for example_python_operator to None, run_after=None
[2023-12-06T18:54:58.392+0000] {processor.py:179} INFO - Processing /usr/local/lib/python3.10/dist-packages/airflow/example_dags/example_python_operator.py took 0.071 seconds
[2023-12-06T18:55:44.567+0000] {processor.py:157} INFO - Started process (PID=5764) to work on /usr/local/lib/python3.10/dist-packages/airflow/example_dags/example_python_operator.py
[2023-12-06T18:55:44.568+0000] {processor.py:829} INFO - Processing file /usr/local/lib/python3.10/dist-packages/airflow/example_dags/example_python_operator.py for tasks to queue
[2023-12-06T18:55:44.569+0000] {logging_mixin.py:154} INFO - [2023-12-06T18:55:44.569+0000] {dagbag.py:536} INFO - Filling up the DagBag from /usr/local/lib/python3.10/dist-packages/airflow/example_dags/example_python_operator.py
[2023-12-06T18:55:44.579+0000] {logging_mixin.py:154} INFO - [2023-12-06T18:55:44.579+0000] {example_python_operator.py:86} WARNING - The virtalenv_python example task requires virtualenv, please install it.
[2023-12-06T18:55:44.579+0000] {processor.py:839} INFO - DAG(s) dict_keys(['example_python_operator']) retrieved from /usr/local/lib/python3.10/dist-packages/airflow/example_dags/example_python_operator.py
[2023-12-06T18:55:44.598+0000] {logging_mixin.py:154} INFO - [2023-12-06T18:55:44.598+0000] {dag.py:2941} INFO - Sync 1 DAGs
[2023-12-06T18:55:44.610+0000] {logging_mixin.py:154} INFO - [2023-12-06T18:55:44.610+0000] {dag.py:3722} INFO - Setting next_dagrun for example_python_operator to None, run_after=None
[2023-12-06T18:55:44.631+0000] {processor.py:179} INFO - Processing /usr/local/lib/python3.10/dist-packages/airflow/example_dags/example_python_operator.py took 0.068 seconds
[2023-12-06T18:56:30.388+0000] {processor.py:157} INFO - Started process (PID=5812) to work on /usr/local/lib/python3.10/dist-packages/airflow/example_dags/example_python_operator.py
[2023-12-06T18:56:30.390+0000] {processor.py:829} INFO - Processing file /usr/local/lib/python3.10/dist-packages/airflow/example_dags/example_python_operator.py for tasks to queue
[2023-12-06T18:56:30.391+0000] {logging_mixin.py:154} INFO - [2023-12-06T18:56:30.390+0000] {dagbag.py:536} INFO - Filling up the DagBag from /usr/local/lib/python3.10/dist-packages/airflow/example_dags/example_python_operator.py
[2023-12-06T18:56:30.401+0000] {logging_mixin.py:154} INFO - [2023-12-06T18:56:30.400+0000] {example_python_operator.py:86} WARNING - The virtalenv_python example task requires virtualenv, please install it.
[2023-12-06T18:56:30.401+0000] {processor.py:839} INFO - DAG(s) dict_keys(['example_python_operator']) retrieved from /usr/local/lib/python3.10/dist-packages/airflow/example_dags/example_python_operator.py
[2023-12-06T18:56:30.420+0000] {logging_mixin.py:154} INFO - [2023-12-06T18:56:30.420+0000] {dag.py:2941} INFO - Sync 1 DAGs
[2023-12-06T18:56:30.432+0000] {logging_mixin.py:154} INFO - [2023-12-06T18:56:30.432+0000] {dag.py:3722} INFO - Setting next_dagrun for example_python_operator to None, run_after=None
[2023-12-06T18:56:30.454+0000] {processor.py:179} INFO - Processing /usr/local/lib/python3.10/dist-packages/airflow/example_dags/example_python_operator.py took 0.069 seconds
[2023-12-06T18:57:15.736+0000] {processor.py:157} INFO - Started process (PID=5861) to work on /usr/local/lib/python3.10/dist-packages/airflow/example_dags/example_python_operator.py
[2023-12-06T18:57:15.737+0000] {processor.py:829} INFO - Processing file /usr/local/lib/python3.10/dist-packages/airflow/example_dags/example_python_operator.py for tasks to queue
[2023-12-06T18:57:15.738+0000] {logging_mixin.py:154} INFO - [2023-12-06T18:57:15.738+0000] {dagbag.py:536} INFO - Filling up the DagBag from /usr/local/lib/python3.10/dist-packages/airflow/example_dags/example_python_operator.py
[2023-12-06T18:57:15.748+0000] {logging_mixin.py:154} INFO - [2023-12-06T18:57:15.748+0000] {example_python_operator.py:86} WARNING - The virtalenv_python example task requires virtualenv, please install it.
[2023-12-06T18:57:15.748+0000] {processor.py:839} INFO - DAG(s) dict_keys(['example_python_operator']) retrieved from /usr/local/lib/python3.10/dist-packages/airflow/example_dags/example_python_operator.py
[2023-12-06T18:57:15.767+0000] {logging_mixin.py:154} INFO - [2023-12-06T18:57:15.767+0000] {dag.py:2941} INFO - Sync 1 DAGs
[2023-12-06T18:57:15.779+0000] {logging_mixin.py:154} INFO - [2023-12-06T18:57:15.779+0000] {dag.py:3722} INFO - Setting next_dagrun for example_python_operator to None, run_after=None
[2023-12-06T18:57:15.805+0000] {processor.py:179} INFO - Processing /usr/local/lib/python3.10/dist-packages/airflow/example_dags/example_python_operator.py took 0.073 seconds
[2023-12-06T18:58:04.706+0000] {processor.py:157} INFO - Started process (PID=5911) to work on /usr/local/lib/python3.10/dist-packages/airflow/example_dags/example_python_operator.py
[2023-12-06T18:58:04.707+0000] {processor.py:829} INFO - Processing file /usr/local/lib/python3.10/dist-packages/airflow/example_dags/example_python_operator.py for tasks to queue
[2023-12-06T18:58:04.708+0000] {logging_mixin.py:154} INFO - [2023-12-06T18:58:04.708+0000] {dagbag.py:536} INFO - Filling up the DagBag from /usr/local/lib/python3.10/dist-packages/airflow/example_dags/example_python_operator.py
[2023-12-06T18:58:04.718+0000] {logging_mixin.py:154} INFO - [2023-12-06T18:58:04.718+0000] {example_python_operator.py:86} WARNING - The virtalenv_python example task requires virtualenv, please install it.
[2023-12-06T18:58:04.719+0000] {processor.py:839} INFO - DAG(s) dict_keys(['example_python_operator']) retrieved from /usr/local/lib/python3.10/dist-packages/airflow/example_dags/example_python_operator.py
[2023-12-06T18:58:04.738+0000] {logging_mixin.py:154} INFO - [2023-12-06T18:58:04.738+0000] {dag.py:2941} INFO - Sync 1 DAGs
[2023-12-06T18:58:04.751+0000] {logging_mixin.py:154} INFO - [2023-12-06T18:58:04.751+0000] {dag.py:3722} INFO - Setting next_dagrun for example_python_operator to None, run_after=None
[2023-12-06T18:58:04.775+0000] {processor.py:179} INFO - Processing /usr/local/lib/python3.10/dist-packages/airflow/example_dags/example_python_operator.py took 0.073 seconds
[2023-12-06T18:58:48.254+0000] {processor.py:157} INFO - Started process (PID=5956) to work on /usr/local/lib/python3.10/dist-packages/airflow/example_dags/example_python_operator.py
[2023-12-06T18:58:48.255+0000] {processor.py:829} INFO - Processing file /usr/local/lib/python3.10/dist-packages/airflow/example_dags/example_python_operator.py for tasks to queue
[2023-12-06T18:58:48.256+0000] {logging_mixin.py:154} INFO - [2023-12-06T18:58:48.256+0000] {dagbag.py:536} INFO - Filling up the DagBag from /usr/local/lib/python3.10/dist-packages/airflow/example_dags/example_python_operator.py
[2023-12-06T18:58:48.266+0000] {logging_mixin.py:154} INFO - [2023-12-06T18:58:48.266+0000] {example_python_operator.py:86} WARNING - The virtalenv_python example task requires virtualenv, please install it.
[2023-12-06T18:58:48.266+0000] {processor.py:839} INFO - DAG(s) dict_keys(['example_python_operator']) retrieved from /usr/local/lib/python3.10/dist-packages/airflow/example_dags/example_python_operator.py
[2023-12-06T18:58:48.285+0000] {logging_mixin.py:154} INFO - [2023-12-06T18:58:48.284+0000] {dag.py:2941} INFO - Sync 1 DAGs
[2023-12-06T18:58:48.297+0000] {logging_mixin.py:154} INFO - [2023-12-06T18:58:48.297+0000] {dag.py:3722} INFO - Setting next_dagrun for example_python_operator to None, run_after=None
[2023-12-06T18:58:48.318+0000] {processor.py:179} INFO - Processing /usr/local/lib/python3.10/dist-packages/airflow/example_dags/example_python_operator.py took 0.068 seconds
[2023-12-06T18:59:35.152+0000] {processor.py:157} INFO - Started process (PID=6003) to work on /usr/local/lib/python3.10/dist-packages/airflow/example_dags/example_python_operator.py
[2023-12-06T18:59:35.153+0000] {processor.py:829} INFO - Processing file /usr/local/lib/python3.10/dist-packages/airflow/example_dags/example_python_operator.py for tasks to queue
[2023-12-06T18:59:35.154+0000] {logging_mixin.py:154} INFO - [2023-12-06T18:59:35.154+0000] {dagbag.py:536} INFO - Filling up the DagBag from /usr/local/lib/python3.10/dist-packages/airflow/example_dags/example_python_operator.py
[2023-12-06T18:59:35.164+0000] {logging_mixin.py:154} INFO - [2023-12-06T18:59:35.164+0000] {example_python_operator.py:86} WARNING - The virtalenv_python example task requires virtualenv, please install it.
[2023-12-06T18:59:35.164+0000] {processor.py:839} INFO - DAG(s) dict_keys(['example_python_operator']) retrieved from /usr/local/lib/python3.10/dist-packages/airflow/example_dags/example_python_operator.py
[2023-12-06T18:59:35.183+0000] {logging_mixin.py:154} INFO - [2023-12-06T18:59:35.183+0000] {dag.py:2941} INFO - Sync 1 DAGs
[2023-12-06T18:59:35.195+0000] {logging_mixin.py:154} INFO - [2023-12-06T18:59:35.195+0000] {dag.py:3722} INFO - Setting next_dagrun for example_python_operator to None, run_after=None
[2023-12-06T18:59:35.218+0000] {processor.py:179} INFO - Processing /usr/local/lib/python3.10/dist-packages/airflow/example_dags/example_python_operator.py took 0.070 seconds
[2023-12-06T19:00:22.108+0000] {processor.py:157} INFO - Started process (PID=6355) to work on /usr/local/lib/python3.10/dist-packages/airflow/example_dags/example_python_operator.py
[2023-12-06T19:00:22.110+0000] {processor.py:829} INFO - Processing file /usr/local/lib/python3.10/dist-packages/airflow/example_dags/example_python_operator.py for tasks to queue
[2023-12-06T19:00:22.111+0000] {logging_mixin.py:154} INFO - [2023-12-06T19:00:22.110+0000] {dagbag.py:536} INFO - Filling up the DagBag from /usr/local/lib/python3.10/dist-packages/airflow/example_dags/example_python_operator.py
[2023-12-06T19:00:22.120+0000] {logging_mixin.py:154} INFO - [2023-12-06T19:00:22.120+0000] {example_python_operator.py:86} WARNING - The virtalenv_python example task requires virtualenv, please install it.
[2023-12-06T19:00:22.121+0000] {processor.py:839} INFO - DAG(s) dict_keys(['example_python_operator']) retrieved from /usr/local/lib/python3.10/dist-packages/airflow/example_dags/example_python_operator.py
[2023-12-06T19:00:22.140+0000] {logging_mixin.py:154} INFO - [2023-12-06T19:00:22.140+0000] {dag.py:2941} INFO - Sync 1 DAGs
[2023-12-06T19:00:22.152+0000] {logging_mixin.py:154} INFO - [2023-12-06T19:00:22.152+0000] {dag.py:3722} INFO - Setting next_dagrun for example_python_operator to None, run_after=None
[2023-12-06T19:00:22.175+0000] {processor.py:179} INFO - Processing /usr/local/lib/python3.10/dist-packages/airflow/example_dags/example_python_operator.py took 0.071 seconds
[2023-12-06T19:01:13.592+0000] {processor.py:157} INFO - Started process (PID=6462) to work on /usr/local/lib/python3.10/dist-packages/airflow/example_dags/example_python_operator.py
[2023-12-06T19:01:13.594+0000] {processor.py:829} INFO - Processing file /usr/local/lib/python3.10/dist-packages/airflow/example_dags/example_python_operator.py for tasks to queue
[2023-12-06T19:01:13.595+0000] {logging_mixin.py:154} INFO - [2023-12-06T19:01:13.595+0000] {dagbag.py:536} INFO - Filling up the DagBag from /usr/local/lib/python3.10/dist-packages/airflow/example_dags/example_python_operator.py
[2023-12-06T19:01:13.605+0000] {logging_mixin.py:154} INFO - [2023-12-06T19:01:13.605+0000] {example_python_operator.py:86} WARNING - The virtalenv_python example task requires virtualenv, please install it.
[2023-12-06T19:01:13.606+0000] {processor.py:839} INFO - DAG(s) dict_keys(['example_python_operator']) retrieved from /usr/local/lib/python3.10/dist-packages/airflow/example_dags/example_python_operator.py
[2023-12-06T19:01:13.625+0000] {logging_mixin.py:154} INFO - [2023-12-06T19:01:13.625+0000] {dag.py:2941} INFO - Sync 1 DAGs
[2023-12-06T19:01:13.638+0000] {logging_mixin.py:154} INFO - [2023-12-06T19:01:13.637+0000] {dag.py:3722} INFO - Setting next_dagrun for example_python_operator to None, run_after=None
[2023-12-06T19:01:13.662+0000] {processor.py:179} INFO - Processing /usr/local/lib/python3.10/dist-packages/airflow/example_dags/example_python_operator.py took 0.074 seconds
[2023-12-06T19:02:03.224+0000] {processor.py:157} INFO - Started process (PID=6512) to work on /usr/local/lib/python3.10/dist-packages/airflow/example_dags/example_python_operator.py
[2023-12-06T19:02:03.228+0000] {processor.py:829} INFO - Processing file /usr/local/lib/python3.10/dist-packages/airflow/example_dags/example_python_operator.py for tasks to queue
[2023-12-06T19:02:03.229+0000] {logging_mixin.py:154} INFO - [2023-12-06T19:02:03.228+0000] {dagbag.py:536} INFO - Filling up the DagBag from /usr/local/lib/python3.10/dist-packages/airflow/example_dags/example_python_operator.py
[2023-12-06T19:02:03.239+0000] {logging_mixin.py:154} INFO - [2023-12-06T19:02:03.239+0000] {example_python_operator.py:86} WARNING - The virtalenv_python example task requires virtualenv, please install it.
[2023-12-06T19:02:03.239+0000] {processor.py:839} INFO - DAG(s) dict_keys(['example_python_operator']) retrieved from /usr/local/lib/python3.10/dist-packages/airflow/example_dags/example_python_operator.py
[2023-12-06T19:02:03.258+0000] {logging_mixin.py:154} INFO - [2023-12-06T19:02:03.258+0000] {dag.py:2941} INFO - Sync 1 DAGs
[2023-12-06T19:02:03.271+0000] {logging_mixin.py:154} INFO - [2023-12-06T19:02:03.271+0000] {dag.py:3722} INFO - Setting next_dagrun for example_python_operator to None, run_after=None
[2023-12-06T19:02:03.294+0000] {processor.py:179} INFO - Processing /usr/local/lib/python3.10/dist-packages/airflow/example_dags/example_python_operator.py took 0.078 seconds
[2023-12-06T19:02:47.230+0000] {processor.py:157} INFO - Started process (PID=6559) to work on /usr/local/lib/python3.10/dist-packages/airflow/example_dags/example_python_operator.py
[2023-12-06T19:02:47.232+0000] {processor.py:829} INFO - Processing file /usr/local/lib/python3.10/dist-packages/airflow/example_dags/example_python_operator.py for tasks to queue
[2023-12-06T19:02:47.233+0000] {logging_mixin.py:154} INFO - [2023-12-06T19:02:47.232+0000] {dagbag.py:536} INFO - Filling up the DagBag from /usr/local/lib/python3.10/dist-packages/airflow/example_dags/example_python_operator.py
[2023-12-06T19:02:47.243+0000] {logging_mixin.py:154} INFO - [2023-12-06T19:02:47.243+0000] {example_python_operator.py:86} WARNING - The virtalenv_python example task requires virtualenv, please install it.
[2023-12-06T19:02:47.243+0000] {processor.py:839} INFO - DAG(s) dict_keys(['example_python_operator']) retrieved from /usr/local/lib/python3.10/dist-packages/airflow/example_dags/example_python_operator.py
[2023-12-06T19:02:47.262+0000] {logging_mixin.py:154} INFO - [2023-12-06T19:02:47.262+0000] {dag.py:2941} INFO - Sync 1 DAGs
[2023-12-06T19:02:47.274+0000] {logging_mixin.py:154} INFO - [2023-12-06T19:02:47.274+0000] {dag.py:3722} INFO - Setting next_dagrun for example_python_operator to None, run_after=None
[2023-12-06T19:02:47.297+0000] {processor.py:179} INFO - Processing /usr/local/lib/python3.10/dist-packages/airflow/example_dags/example_python_operator.py took 0.070 seconds
[2023-12-06T19:03:33.606+0000] {processor.py:157} INFO - Started process (PID=6605) to work on /usr/local/lib/python3.10/dist-packages/airflow/example_dags/example_python_operator.py
[2023-12-06T19:03:33.608+0000] {processor.py:829} INFO - Processing file /usr/local/lib/python3.10/dist-packages/airflow/example_dags/example_python_operator.py for tasks to queue
[2023-12-06T19:03:33.609+0000] {logging_mixin.py:154} INFO - [2023-12-06T19:03:33.608+0000] {dagbag.py:536} INFO - Filling up the DagBag from /usr/local/lib/python3.10/dist-packages/airflow/example_dags/example_python_operator.py
[2023-12-06T19:03:33.619+0000] {logging_mixin.py:154} INFO - [2023-12-06T19:03:33.619+0000] {example_python_operator.py:86} WARNING - The virtalenv_python example task requires virtualenv, please install it.
[2023-12-06T19:03:33.619+0000] {processor.py:839} INFO - DAG(s) dict_keys(['example_python_operator']) retrieved from /usr/local/lib/python3.10/dist-packages/airflow/example_dags/example_python_operator.py
[2023-12-06T19:03:33.638+0000] {logging_mixin.py:154} INFO - [2023-12-06T19:03:33.638+0000] {dag.py:2941} INFO - Sync 1 DAGs
[2023-12-06T19:03:33.651+0000] {logging_mixin.py:154} INFO - [2023-12-06T19:03:33.651+0000] {dag.py:3722} INFO - Setting next_dagrun for example_python_operator to None, run_after=None
[2023-12-06T19:03:33.686+0000] {processor.py:179} INFO - Processing /usr/local/lib/python3.10/dist-packages/airflow/example_dags/example_python_operator.py took 0.083 seconds
[2023-12-06T19:04:22.279+0000] {processor.py:157} INFO - Started process (PID=6654) to work on /usr/local/lib/python3.10/dist-packages/airflow/example_dags/example_python_operator.py
[2023-12-06T19:04:22.280+0000] {processor.py:829} INFO - Processing file /usr/local/lib/python3.10/dist-packages/airflow/example_dags/example_python_operator.py for tasks to queue
[2023-12-06T19:04:22.281+0000] {logging_mixin.py:154} INFO - [2023-12-06T19:04:22.281+0000] {dagbag.py:536} INFO - Filling up the DagBag from /usr/local/lib/python3.10/dist-packages/airflow/example_dags/example_python_operator.py
[2023-12-06T19:04:22.298+0000] {logging_mixin.py:154} INFO - [2023-12-06T19:04:22.297+0000] {example_python_operator.py:86} WARNING - The virtalenv_python example task requires virtualenv, please install it.
[2023-12-06T19:04:22.298+0000] {processor.py:839} INFO - DAG(s) dict_keys(['example_python_operator']) retrieved from /usr/local/lib/python3.10/dist-packages/airflow/example_dags/example_python_operator.py
[2023-12-06T19:04:22.317+0000] {logging_mixin.py:154} INFO - [2023-12-06T19:04:22.316+0000] {dag.py:2941} INFO - Sync 1 DAGs
[2023-12-06T19:04:22.329+0000] {logging_mixin.py:154} INFO - [2023-12-06T19:04:22.328+0000] {dag.py:3722} INFO - Setting next_dagrun for example_python_operator to None, run_after=None
[2023-12-06T19:04:22.351+0000] {processor.py:179} INFO - Processing /usr/local/lib/python3.10/dist-packages/airflow/example_dags/example_python_operator.py took 0.075 seconds
[2023-12-06T19:05:10.030+0000] {processor.py:157} INFO - Started process (PID=6873) to work on /usr/local/lib/python3.10/dist-packages/airflow/example_dags/example_python_operator.py
[2023-12-06T19:05:10.031+0000] {processor.py:829} INFO - Processing file /usr/local/lib/python3.10/dist-packages/airflow/example_dags/example_python_operator.py for tasks to queue
[2023-12-06T19:05:10.032+0000] {logging_mixin.py:154} INFO - [2023-12-06T19:05:10.032+0000] {dagbag.py:536} INFO - Filling up the DagBag from /usr/local/lib/python3.10/dist-packages/airflow/example_dags/example_python_operator.py
[2023-12-06T19:05:10.042+0000] {logging_mixin.py:154} INFO - [2023-12-06T19:05:10.042+0000] {example_python_operator.py:86} WARNING - The virtalenv_python example task requires virtualenv, please install it.
[2023-12-06T19:05:10.043+0000] {processor.py:839} INFO - DAG(s) dict_keys(['example_python_operator']) retrieved from /usr/local/lib/python3.10/dist-packages/airflow/example_dags/example_python_operator.py
[2023-12-06T19:05:10.062+0000] {logging_mixin.py:154} INFO - [2023-12-06T19:05:10.062+0000] {dag.py:2941} INFO - Sync 1 DAGs
[2023-12-06T19:05:10.075+0000] {logging_mixin.py:154} INFO - [2023-12-06T19:05:10.074+0000] {dag.py:3722} INFO - Setting next_dagrun for example_python_operator to None, run_after=None
[2023-12-06T19:05:10.099+0000] {processor.py:179} INFO - Processing /usr/local/lib/python3.10/dist-packages/airflow/example_dags/example_python_operator.py took 0.073 seconds
[2023-12-06T19:06:00.389+0000] {processor.py:157} INFO - Started process (PID=6923) to work on /usr/local/lib/python3.10/dist-packages/airflow/example_dags/example_python_operator.py
[2023-12-06T19:06:00.391+0000] {processor.py:829} INFO - Processing file /usr/local/lib/python3.10/dist-packages/airflow/example_dags/example_python_operator.py for tasks to queue
[2023-12-06T19:06:00.393+0000] {logging_mixin.py:154} INFO - [2023-12-06T19:06:00.392+0000] {dagbag.py:536} INFO - Filling up the DagBag from /usr/local/lib/python3.10/dist-packages/airflow/example_dags/example_python_operator.py
[2023-12-06T19:06:00.403+0000] {logging_mixin.py:154} INFO - [2023-12-06T19:06:00.402+0000] {example_python_operator.py:86} WARNING - The virtalenv_python example task requires virtualenv, please install it.
[2023-12-06T19:06:00.403+0000] {processor.py:839} INFO - DAG(s) dict_keys(['example_python_operator']) retrieved from /usr/local/lib/python3.10/dist-packages/airflow/example_dags/example_python_operator.py
[2023-12-06T19:06:00.422+0000] {logging_mixin.py:154} INFO - [2023-12-06T19:06:00.422+0000] {dag.py:2941} INFO - Sync 1 DAGs
[2023-12-06T19:06:00.435+0000] {logging_mixin.py:154} INFO - [2023-12-06T19:06:00.435+0000] {dag.py:3722} INFO - Setting next_dagrun for example_python_operator to None, run_after=None
[2023-12-06T19:06:00.458+0000] {processor.py:179} INFO - Processing /usr/local/lib/python3.10/dist-packages/airflow/example_dags/example_python_operator.py took 0.072 seconds
[2023-12-06T19:06:46.734+0000] {processor.py:157} INFO - Started process (PID=6971) to work on /usr/local/lib/python3.10/dist-packages/airflow/example_dags/example_python_operator.py
[2023-12-06T19:06:46.736+0000] {processor.py:829} INFO - Processing file /usr/local/lib/python3.10/dist-packages/airflow/example_dags/example_python_operator.py for tasks to queue
[2023-12-06T19:06:46.737+0000] {logging_mixin.py:154} INFO - [2023-12-06T19:06:46.737+0000] {dagbag.py:536} INFO - Filling up the DagBag from /usr/local/lib/python3.10/dist-packages/airflow/example_dags/example_python_operator.py
[2023-12-06T19:06:46.747+0000] {logging_mixin.py:154} INFO - [2023-12-06T19:06:46.747+0000] {example_python_operator.py:86} WARNING - The virtalenv_python example task requires virtualenv, please install it.
[2023-12-06T19:06:46.748+0000] {processor.py:839} INFO - DAG(s) dict_keys(['example_python_operator']) retrieved from /usr/local/lib/python3.10/dist-packages/airflow/example_dags/example_python_operator.py
[2023-12-06T19:06:46.767+0000] {logging_mixin.py:154} INFO - [2023-12-06T19:06:46.767+0000] {dag.py:2941} INFO - Sync 1 DAGs
[2023-12-06T19:06:46.780+0000] {logging_mixin.py:154} INFO - [2023-12-06T19:06:46.780+0000] {dag.py:3722} INFO - Setting next_dagrun for example_python_operator to None, run_after=None
[2023-12-06T19:06:46.803+0000] {processor.py:179} INFO - Processing /usr/local/lib/python3.10/dist-packages/airflow/example_dags/example_python_operator.py took 0.072 seconds
[2023-12-06T19:07:35.687+0000] {processor.py:157} INFO - Started process (PID=7019) to work on /usr/local/lib/python3.10/dist-packages/airflow/example_dags/example_python_operator.py
[2023-12-06T19:07:35.690+0000] {processor.py:829} INFO - Processing file /usr/local/lib/python3.10/dist-packages/airflow/example_dags/example_python_operator.py for tasks to queue
[2023-12-06T19:07:35.691+0000] {logging_mixin.py:154} INFO - [2023-12-06T19:07:35.690+0000] {dagbag.py:536} INFO - Filling up the DagBag from /usr/local/lib/python3.10/dist-packages/airflow/example_dags/example_python_operator.py
[2023-12-06T19:07:35.701+0000] {logging_mixin.py:154} INFO - [2023-12-06T19:07:35.700+0000] {example_python_operator.py:86} WARNING - The virtalenv_python example task requires virtualenv, please install it.
[2023-12-06T19:07:35.701+0000] {processor.py:839} INFO - DAG(s) dict_keys(['example_python_operator']) retrieved from /usr/local/lib/python3.10/dist-packages/airflow/example_dags/example_python_operator.py
[2023-12-06T19:07:35.720+0000] {logging_mixin.py:154} INFO - [2023-12-06T19:07:35.720+0000] {dag.py:2941} INFO - Sync 1 DAGs
[2023-12-06T19:07:35.732+0000] {logging_mixin.py:154} INFO - [2023-12-06T19:07:35.732+0000] {dag.py:3722} INFO - Setting next_dagrun for example_python_operator to None, run_after=None
[2023-12-06T19:07:35.755+0000] {processor.py:179} INFO - Processing /usr/local/lib/python3.10/dist-packages/airflow/example_dags/example_python_operator.py took 0.071 seconds
