[2023-12-06T18:22:35.481+0000] {processor.py:157} INFO - Started process (PID=3709) to work on /usr/local/lib/python3.10/dist-packages/airflow/example_dags/example_branch_labels.py
[2023-12-06T18:22:35.482+0000] {processor.py:829} INFO - Processing file /usr/local/lib/python3.10/dist-packages/airflow/example_dags/example_branch_labels.py for tasks to queue
[2023-12-06T18:22:35.483+0000] {logging_mixin.py:154} INFO - [2023-12-06T18:22:35.482+0000] {dagbag.py:536} INFO - Filling up the DagBag from /usr/local/lib/python3.10/dist-packages/airflow/example_dags/example_branch_labels.py
[2023-12-06T18:22:35.492+0000] {processor.py:839} INFO - DAG(s) dict_keys(['example_branch_labels']) retrieved from /usr/local/lib/python3.10/dist-packages/airflow/example_dags/example_branch_labels.py
[2023-12-06T18:22:35.606+0000] {logging_mixin.py:154} INFO - [2023-12-06T18:22:35.606+0000] {manager.py:499} INFO - Created Permission View: %s
[2023-12-06T18:22:35.620+0000] {logging_mixin.py:154} INFO - [2023-12-06T18:22:35.620+0000] {manager.py:499} INFO - Created Permission View: %s
[2023-12-06T18:22:35.630+0000] {logging_mixin.py:154} INFO - [2023-12-06T18:22:35.630+0000] {manager.py:499} INFO - Created Permission View: %s
[2023-12-06T18:22:35.631+0000] {logging_mixin.py:154} INFO - [2023-12-06T18:22:35.631+0000] {dag.py:2941} INFO - Sync 1 DAGs
[2023-12-06T18:22:35.641+0000] {logging_mixin.py:154} INFO - [2023-12-06T18:22:35.641+0000] {dag.py:2963} INFO - Creating ORM DAG for example_branch_labels
[2023-12-06T18:22:35.651+0000] {logging_mixin.py:154} INFO - [2023-12-06T18:22:35.651+0000] {dag.py:3722} INFO - Setting next_dagrun for example_branch_labels to 2023-12-05T00:00:00+00:00, run_after=2023-12-06T00:00:00+00:00
[2023-12-06T18:22:35.671+0000] {processor.py:179} INFO - Processing /usr/local/lib/python3.10/dist-packages/airflow/example_dags/example_branch_labels.py took 0.194 seconds
[2023-12-06T18:23:29.223+0000] {processor.py:157} INFO - Started process (PID=3767) to work on /usr/local/lib/python3.10/dist-packages/airflow/example_dags/example_branch_labels.py
[2023-12-06T18:23:29.224+0000] {processor.py:829} INFO - Processing file /usr/local/lib/python3.10/dist-packages/airflow/example_dags/example_branch_labels.py for tasks to queue
[2023-12-06T18:23:29.225+0000] {logging_mixin.py:154} INFO - [2023-12-06T18:23:29.225+0000] {dagbag.py:536} INFO - Filling up the DagBag from /usr/local/lib/python3.10/dist-packages/airflow/example_dags/example_branch_labels.py
[2023-12-06T18:23:29.234+0000] {processor.py:839} INFO - DAG(s) dict_keys(['example_branch_labels']) retrieved from /usr/local/lib/python3.10/dist-packages/airflow/example_dags/example_branch_labels.py
[2023-12-06T18:23:29.252+0000] {logging_mixin.py:154} INFO - [2023-12-06T18:23:29.252+0000] {dag.py:2941} INFO - Sync 1 DAGs
[2023-12-06T18:23:29.275+0000] {logging_mixin.py:154} INFO - [2023-12-06T18:23:29.275+0000] {dag.py:3722} INFO - Setting next_dagrun for example_branch_labels to 2023-12-05T00:00:00+00:00, run_after=2023-12-06T00:00:00+00:00
[2023-12-06T18:23:29.296+0000] {processor.py:179} INFO - Processing /usr/local/lib/python3.10/dist-packages/airflow/example_dags/example_branch_labels.py took 0.076 seconds
[2023-12-06T18:24:17.972+0000] {processor.py:157} INFO - Started process (PID=3817) to work on /usr/local/lib/python3.10/dist-packages/airflow/example_dags/example_branch_labels.py
[2023-12-06T18:24:17.974+0000] {processor.py:829} INFO - Processing file /usr/local/lib/python3.10/dist-packages/airflow/example_dags/example_branch_labels.py for tasks to queue
[2023-12-06T18:24:17.975+0000] {logging_mixin.py:154} INFO - [2023-12-06T18:24:17.974+0000] {dagbag.py:536} INFO - Filling up the DagBag from /usr/local/lib/python3.10/dist-packages/airflow/example_dags/example_branch_labels.py
[2023-12-06T18:24:17.984+0000] {processor.py:839} INFO - DAG(s) dict_keys(['example_branch_labels']) retrieved from /usr/local/lib/python3.10/dist-packages/airflow/example_dags/example_branch_labels.py
[2023-12-06T18:24:18.002+0000] {logging_mixin.py:154} INFO - [2023-12-06T18:24:18.002+0000] {dag.py:2941} INFO - Sync 1 DAGs
[2023-12-06T18:24:18.024+0000] {logging_mixin.py:154} INFO - [2023-12-06T18:24:18.024+0000] {dag.py:3722} INFO - Setting next_dagrun for example_branch_labels to 2023-12-05T00:00:00+00:00, run_after=2023-12-06T00:00:00+00:00
[2023-12-06T18:24:18.052+0000] {processor.py:179} INFO - Processing /usr/local/lib/python3.10/dist-packages/airflow/example_dags/example_branch_labels.py took 0.083 seconds
[2023-12-06T18:25:07.539+0000] {processor.py:157} INFO - Started process (PID=3869) to work on /usr/local/lib/python3.10/dist-packages/airflow/example_dags/example_branch_labels.py
[2023-12-06T18:25:07.541+0000] {processor.py:829} INFO - Processing file /usr/local/lib/python3.10/dist-packages/airflow/example_dags/example_branch_labels.py for tasks to queue
[2023-12-06T18:25:07.542+0000] {logging_mixin.py:154} INFO - [2023-12-06T18:25:07.541+0000] {dagbag.py:536} INFO - Filling up the DagBag from /usr/local/lib/python3.10/dist-packages/airflow/example_dags/example_branch_labels.py
[2023-12-06T18:25:07.551+0000] {processor.py:839} INFO - DAG(s) dict_keys(['example_branch_labels']) retrieved from /usr/local/lib/python3.10/dist-packages/airflow/example_dags/example_branch_labels.py
[2023-12-06T18:25:07.570+0000] {logging_mixin.py:154} INFO - [2023-12-06T18:25:07.570+0000] {dag.py:2941} INFO - Sync 1 DAGs
[2023-12-06T18:25:07.605+0000] {logging_mixin.py:154} INFO - [2023-12-06T18:25:07.605+0000] {dag.py:3722} INFO - Setting next_dagrun for example_branch_labels to 2023-12-05T00:00:00+00:00, run_after=2023-12-06T00:00:00+00:00
[2023-12-06T18:25:07.628+0000] {processor.py:179} INFO - Processing /usr/local/lib/python3.10/dist-packages/airflow/example_dags/example_branch_labels.py took 0.092 seconds
[2023-12-06T18:25:51.621+0000] {processor.py:157} INFO - Started process (PID=3917) to work on /usr/local/lib/python3.10/dist-packages/airflow/example_dags/example_branch_labels.py
[2023-12-06T18:25:51.623+0000] {processor.py:829} INFO - Processing file /usr/local/lib/python3.10/dist-packages/airflow/example_dags/example_branch_labels.py for tasks to queue
[2023-12-06T18:25:51.624+0000] {logging_mixin.py:154} INFO - [2023-12-06T18:25:51.623+0000] {dagbag.py:536} INFO - Filling up the DagBag from /usr/local/lib/python3.10/dist-packages/airflow/example_dags/example_branch_labels.py
[2023-12-06T18:25:51.633+0000] {processor.py:839} INFO - DAG(s) dict_keys(['example_branch_labels']) retrieved from /usr/local/lib/python3.10/dist-packages/airflow/example_dags/example_branch_labels.py
[2023-12-06T18:25:51.652+0000] {logging_mixin.py:154} INFO - [2023-12-06T18:25:51.652+0000] {dag.py:2941} INFO - Sync 1 DAGs
[2023-12-06T18:25:51.674+0000] {logging_mixin.py:154} INFO - [2023-12-06T18:25:51.674+0000] {dag.py:3722} INFO - Setting next_dagrun for example_branch_labels to 2023-12-05T00:00:00+00:00, run_after=2023-12-06T00:00:00+00:00
[2023-12-06T18:25:51.699+0000] {processor.py:179} INFO - Processing /usr/local/lib/python3.10/dist-packages/airflow/example_dags/example_branch_labels.py took 0.082 seconds
[2023-12-06T18:26:39.003+0000] {processor.py:157} INFO - Started process (PID=3964) to work on /usr/local/lib/python3.10/dist-packages/airflow/example_dags/example_branch_labels.py
[2023-12-06T18:26:39.004+0000] {processor.py:829} INFO - Processing file /usr/local/lib/python3.10/dist-packages/airflow/example_dags/example_branch_labels.py for tasks to queue
[2023-12-06T18:26:39.005+0000] {logging_mixin.py:154} INFO - [2023-12-06T18:26:39.005+0000] {dagbag.py:536} INFO - Filling up the DagBag from /usr/local/lib/python3.10/dist-packages/airflow/example_dags/example_branch_labels.py
[2023-12-06T18:26:39.014+0000] {processor.py:839} INFO - DAG(s) dict_keys(['example_branch_labels']) retrieved from /usr/local/lib/python3.10/dist-packages/airflow/example_dags/example_branch_labels.py
[2023-12-06T18:26:39.033+0000] {logging_mixin.py:154} INFO - [2023-12-06T18:26:39.033+0000] {dag.py:2941} INFO - Sync 1 DAGs
[2023-12-06T18:26:39.063+0000] {logging_mixin.py:154} INFO - [2023-12-06T18:26:39.062+0000] {dag.py:3722} INFO - Setting next_dagrun for example_branch_labels to 2023-12-05T00:00:00+00:00, run_after=2023-12-06T00:00:00+00:00
[2023-12-06T18:26:39.089+0000] {processor.py:179} INFO - Processing /usr/local/lib/python3.10/dist-packages/airflow/example_dags/example_branch_labels.py took 0.089 seconds
[2023-12-06T18:27:24.061+0000] {processor.py:157} INFO - Started process (PID=4012) to work on /usr/local/lib/python3.10/dist-packages/airflow/example_dags/example_branch_labels.py
[2023-12-06T18:27:24.062+0000] {processor.py:829} INFO - Processing file /usr/local/lib/python3.10/dist-packages/airflow/example_dags/example_branch_labels.py for tasks to queue
[2023-12-06T18:27:24.063+0000] {logging_mixin.py:154} INFO - [2023-12-06T18:27:24.063+0000] {dagbag.py:536} INFO - Filling up the DagBag from /usr/local/lib/python3.10/dist-packages/airflow/example_dags/example_branch_labels.py
[2023-12-06T18:27:24.072+0000] {processor.py:839} INFO - DAG(s) dict_keys(['example_branch_labels']) retrieved from /usr/local/lib/python3.10/dist-packages/airflow/example_dags/example_branch_labels.py
[2023-12-06T18:27:24.091+0000] {logging_mixin.py:154} INFO - [2023-12-06T18:27:24.091+0000] {dag.py:2941} INFO - Sync 1 DAGs
[2023-12-06T18:27:24.114+0000] {logging_mixin.py:154} INFO - [2023-12-06T18:27:24.113+0000] {dag.py:3722} INFO - Setting next_dagrun for example_branch_labels to 2023-12-05T00:00:00+00:00, run_after=2023-12-06T00:00:00+00:00
[2023-12-06T18:27:24.135+0000] {processor.py:179} INFO - Processing /usr/local/lib/python3.10/dist-packages/airflow/example_dags/example_branch_labels.py took 0.078 seconds
[2023-12-06T18:28:18.256+0000] {processor.py:157} INFO - Started process (PID=4069) to work on /usr/local/lib/python3.10/dist-packages/airflow/example_dags/example_branch_labels.py
[2023-12-06T18:28:18.260+0000] {processor.py:829} INFO - Processing file /usr/local/lib/python3.10/dist-packages/airflow/example_dags/example_branch_labels.py for tasks to queue
[2023-12-06T18:28:18.261+0000] {logging_mixin.py:154} INFO - [2023-12-06T18:28:18.261+0000] {dagbag.py:536} INFO - Filling up the DagBag from /usr/local/lib/python3.10/dist-packages/airflow/example_dags/example_branch_labels.py
[2023-12-06T18:28:18.270+0000] {processor.py:839} INFO - DAG(s) dict_keys(['example_branch_labels']) retrieved from /usr/local/lib/python3.10/dist-packages/airflow/example_dags/example_branch_labels.py
[2023-12-06T18:28:18.289+0000] {logging_mixin.py:154} INFO - [2023-12-06T18:28:18.289+0000] {dag.py:2941} INFO - Sync 1 DAGs
[2023-12-06T18:28:18.310+0000] {logging_mixin.py:154} INFO - [2023-12-06T18:28:18.310+0000] {dag.py:3722} INFO - Setting next_dagrun for example_branch_labels to 2023-12-05T00:00:00+00:00, run_after=2023-12-06T00:00:00+00:00
[2023-12-06T18:28:18.340+0000] {processor.py:179} INFO - Processing /usr/local/lib/python3.10/dist-packages/airflow/example_dags/example_branch_labels.py took 0.088 seconds
[2023-12-06T18:29:07.258+0000] {processor.py:157} INFO - Started process (PID=4121) to work on /usr/local/lib/python3.10/dist-packages/airflow/example_dags/example_branch_labels.py
[2023-12-06T18:29:07.260+0000] {processor.py:829} INFO - Processing file /usr/local/lib/python3.10/dist-packages/airflow/example_dags/example_branch_labels.py for tasks to queue
[2023-12-06T18:29:07.261+0000] {logging_mixin.py:154} INFO - [2023-12-06T18:29:07.260+0000] {dagbag.py:536} INFO - Filling up the DagBag from /usr/local/lib/python3.10/dist-packages/airflow/example_dags/example_branch_labels.py
[2023-12-06T18:29:07.274+0000] {processor.py:839} INFO - DAG(s) dict_keys(['example_branch_labels']) retrieved from /usr/local/lib/python3.10/dist-packages/airflow/example_dags/example_branch_labels.py
[2023-12-06T18:29:07.300+0000] {logging_mixin.py:154} INFO - [2023-12-06T18:29:07.300+0000] {dag.py:2941} INFO - Sync 1 DAGs
[2023-12-06T18:29:07.322+0000] {logging_mixin.py:154} INFO - [2023-12-06T18:29:07.322+0000] {dag.py:3722} INFO - Setting next_dagrun for example_branch_labels to 2023-12-05T00:00:00+00:00, run_after=2023-12-06T00:00:00+00:00
[2023-12-06T18:29:07.343+0000] {processor.py:179} INFO - Processing /usr/local/lib/python3.10/dist-packages/airflow/example_dags/example_branch_labels.py took 0.089 seconds
[2023-12-06T18:29:51.254+0000] {processor.py:157} INFO - Started process (PID=4167) to work on /usr/local/lib/python3.10/dist-packages/airflow/example_dags/example_branch_labels.py
[2023-12-06T18:29:51.256+0000] {processor.py:829} INFO - Processing file /usr/local/lib/python3.10/dist-packages/airflow/example_dags/example_branch_labels.py for tasks to queue
[2023-12-06T18:29:51.257+0000] {logging_mixin.py:154} INFO - [2023-12-06T18:29:51.256+0000] {dagbag.py:536} INFO - Filling up the DagBag from /usr/local/lib/python3.10/dist-packages/airflow/example_dags/example_branch_labels.py
[2023-12-06T18:29:51.266+0000] {processor.py:839} INFO - DAG(s) dict_keys(['example_branch_labels']) retrieved from /usr/local/lib/python3.10/dist-packages/airflow/example_dags/example_branch_labels.py
[2023-12-06T18:29:51.284+0000] {logging_mixin.py:154} INFO - [2023-12-06T18:29:51.284+0000] {dag.py:2941} INFO - Sync 1 DAGs
[2023-12-06T18:29:51.307+0000] {logging_mixin.py:154} INFO - [2023-12-06T18:29:51.307+0000] {dag.py:3722} INFO - Setting next_dagrun for example_branch_labels to 2023-12-05T00:00:00+00:00, run_after=2023-12-06T00:00:00+00:00
[2023-12-06T18:29:51.387+0000] {processor.py:179} INFO - Processing /usr/local/lib/python3.10/dist-packages/airflow/example_dags/example_branch_labels.py took 0.136 seconds
[2023-12-06T18:30:50.824+0000] {processor.py:157} INFO - Started process (PID=4229) to work on /usr/local/lib/python3.10/dist-packages/airflow/example_dags/example_branch_labels.py
[2023-12-06T18:30:50.827+0000] {processor.py:829} INFO - Processing file /usr/local/lib/python3.10/dist-packages/airflow/example_dags/example_branch_labels.py for tasks to queue
[2023-12-06T18:30:50.827+0000] {logging_mixin.py:154} INFO - [2023-12-06T18:30:50.827+0000] {dagbag.py:536} INFO - Filling up the DagBag from /usr/local/lib/python3.10/dist-packages/airflow/example_dags/example_branch_labels.py
[2023-12-06T18:30:50.836+0000] {processor.py:839} INFO - DAG(s) dict_keys(['example_branch_labels']) retrieved from /usr/local/lib/python3.10/dist-packages/airflow/example_dags/example_branch_labels.py
[2023-12-06T18:30:50.855+0000] {logging_mixin.py:154} INFO - [2023-12-06T18:30:50.855+0000] {dag.py:2941} INFO - Sync 1 DAGs
[2023-12-06T18:30:50.877+0000] {logging_mixin.py:154} INFO - [2023-12-06T18:30:50.876+0000] {dag.py:3722} INFO - Setting next_dagrun for example_branch_labels to 2023-12-05T00:00:00+00:00, run_after=2023-12-06T00:00:00+00:00
[2023-12-06T18:30:50.901+0000] {processor.py:179} INFO - Processing /usr/local/lib/python3.10/dist-packages/airflow/example_dags/example_branch_labels.py took 0.080 seconds
[2023-12-06T18:31:48.496+0000] {processor.py:157} INFO - Started process (PID=4290) to work on /usr/local/lib/python3.10/dist-packages/airflow/example_dags/example_branch_labels.py
[2023-12-06T18:31:48.498+0000] {processor.py:829} INFO - Processing file /usr/local/lib/python3.10/dist-packages/airflow/example_dags/example_branch_labels.py for tasks to queue
[2023-12-06T18:31:48.499+0000] {logging_mixin.py:154} INFO - [2023-12-06T18:31:48.498+0000] {dagbag.py:536} INFO - Filling up the DagBag from /usr/local/lib/python3.10/dist-packages/airflow/example_dags/example_branch_labels.py
[2023-12-06T18:31:48.507+0000] {processor.py:839} INFO - DAG(s) dict_keys(['example_branch_labels']) retrieved from /usr/local/lib/python3.10/dist-packages/airflow/example_dags/example_branch_labels.py
[2023-12-06T18:31:48.527+0000] {logging_mixin.py:154} INFO - [2023-12-06T18:31:48.527+0000] {dag.py:2941} INFO - Sync 1 DAGs
[2023-12-06T18:31:48.549+0000] {logging_mixin.py:154} INFO - [2023-12-06T18:31:48.549+0000] {dag.py:3722} INFO - Setting next_dagrun for example_branch_labels to 2023-12-05T00:00:00+00:00, run_after=2023-12-06T00:00:00+00:00
[2023-12-06T18:31:48.573+0000] {processor.py:179} INFO - Processing /usr/local/lib/python3.10/dist-packages/airflow/example_dags/example_branch_labels.py took 0.081 seconds
[2023-12-06T18:32:44.757+0000] {processor.py:157} INFO - Started process (PID=4348) to work on /usr/local/lib/python3.10/dist-packages/airflow/example_dags/example_branch_labels.py
[2023-12-06T18:32:44.760+0000] {processor.py:829} INFO - Processing file /usr/local/lib/python3.10/dist-packages/airflow/example_dags/example_branch_labels.py for tasks to queue
[2023-12-06T18:32:44.761+0000] {logging_mixin.py:154} INFO - [2023-12-06T18:32:44.760+0000] {dagbag.py:536} INFO - Filling up the DagBag from /usr/local/lib/python3.10/dist-packages/airflow/example_dags/example_branch_labels.py
[2023-12-06T18:32:44.770+0000] {processor.py:839} INFO - DAG(s) dict_keys(['example_branch_labels']) retrieved from /usr/local/lib/python3.10/dist-packages/airflow/example_dags/example_branch_labels.py
[2023-12-06T18:32:44.790+0000] {logging_mixin.py:154} INFO - [2023-12-06T18:32:44.789+0000] {dag.py:2941} INFO - Sync 1 DAGs
[2023-12-06T18:32:44.812+0000] {logging_mixin.py:154} INFO - [2023-12-06T18:32:44.812+0000] {dag.py:3722} INFO - Setting next_dagrun for example_branch_labels to 2023-12-05T00:00:00+00:00, run_after=2023-12-06T00:00:00+00:00
[2023-12-06T18:32:44.835+0000] {processor.py:179} INFO - Processing /usr/local/lib/python3.10/dist-packages/airflow/example_dags/example_branch_labels.py took 0.081 seconds
[2023-12-06T18:33:32.981+0000] {processor.py:157} INFO - Started process (PID=4396) to work on /usr/local/lib/python3.10/dist-packages/airflow/example_dags/example_branch_labels.py
[2023-12-06T18:33:32.982+0000] {processor.py:829} INFO - Processing file /usr/local/lib/python3.10/dist-packages/airflow/example_dags/example_branch_labels.py for tasks to queue
[2023-12-06T18:33:32.983+0000] {logging_mixin.py:154} INFO - [2023-12-06T18:33:32.983+0000] {dagbag.py:536} INFO - Filling up the DagBag from /usr/local/lib/python3.10/dist-packages/airflow/example_dags/example_branch_labels.py
[2023-12-06T18:33:32.991+0000] {processor.py:839} INFO - DAG(s) dict_keys(['example_branch_labels']) retrieved from /usr/local/lib/python3.10/dist-packages/airflow/example_dags/example_branch_labels.py
[2023-12-06T18:33:33.011+0000] {logging_mixin.py:154} INFO - [2023-12-06T18:33:33.010+0000] {dag.py:2941} INFO - Sync 1 DAGs
[2023-12-06T18:33:33.032+0000] {logging_mixin.py:154} INFO - [2023-12-06T18:33:33.032+0000] {dag.py:3722} INFO - Setting next_dagrun for example_branch_labels to 2023-12-05T00:00:00+00:00, run_after=2023-12-06T00:00:00+00:00
[2023-12-06T18:33:33.057+0000] {processor.py:179} INFO - Processing /usr/local/lib/python3.10/dist-packages/airflow/example_dags/example_branch_labels.py took 0.080 seconds
[2023-12-06T18:34:19.285+0000] {processor.py:157} INFO - Started process (PID=4443) to work on /usr/local/lib/python3.10/dist-packages/airflow/example_dags/example_branch_labels.py
[2023-12-06T18:34:19.287+0000] {processor.py:829} INFO - Processing file /usr/local/lib/python3.10/dist-packages/airflow/example_dags/example_branch_labels.py for tasks to queue
[2023-12-06T18:34:19.288+0000] {logging_mixin.py:154} INFO - [2023-12-06T18:34:19.287+0000] {dagbag.py:536} INFO - Filling up the DagBag from /usr/local/lib/python3.10/dist-packages/airflow/example_dags/example_branch_labels.py
[2023-12-06T18:34:19.297+0000] {processor.py:839} INFO - DAG(s) dict_keys(['example_branch_labels']) retrieved from /usr/local/lib/python3.10/dist-packages/airflow/example_dags/example_branch_labels.py
[2023-12-06T18:34:19.316+0000] {logging_mixin.py:154} INFO - [2023-12-06T18:34:19.316+0000] {dag.py:2941} INFO - Sync 1 DAGs
[2023-12-06T18:34:19.339+0000] {logging_mixin.py:154} INFO - [2023-12-06T18:34:19.338+0000] {dag.py:3722} INFO - Setting next_dagrun for example_branch_labels to 2023-12-05T00:00:00+00:00, run_after=2023-12-06T00:00:00+00:00
[2023-12-06T18:34:19.360+0000] {processor.py:179} INFO - Processing /usr/local/lib/python3.10/dist-packages/airflow/example_dags/example_branch_labels.py took 0.079 seconds
[2023-12-06T18:35:05.853+0000] {processor.py:157} INFO - Started process (PID=4491) to work on /usr/local/lib/python3.10/dist-packages/airflow/example_dags/example_branch_labels.py
[2023-12-06T18:35:05.855+0000] {processor.py:829} INFO - Processing file /usr/local/lib/python3.10/dist-packages/airflow/example_dags/example_branch_labels.py for tasks to queue
[2023-12-06T18:35:05.856+0000] {logging_mixin.py:154} INFO - [2023-12-06T18:35:05.855+0000] {dagbag.py:536} INFO - Filling up the DagBag from /usr/local/lib/python3.10/dist-packages/airflow/example_dags/example_branch_labels.py
[2023-12-06T18:35:05.865+0000] {processor.py:839} INFO - DAG(s) dict_keys(['example_branch_labels']) retrieved from /usr/local/lib/python3.10/dist-packages/airflow/example_dags/example_branch_labels.py
[2023-12-06T18:35:05.885+0000] {logging_mixin.py:154} INFO - [2023-12-06T18:35:05.884+0000] {dag.py:2941} INFO - Sync 1 DAGs
[2023-12-06T18:35:05.907+0000] {logging_mixin.py:154} INFO - [2023-12-06T18:35:05.907+0000] {dag.py:3722} INFO - Setting next_dagrun for example_branch_labels to 2023-12-05T00:00:00+00:00, run_after=2023-12-06T00:00:00+00:00
[2023-12-06T18:35:05.944+0000] {processor.py:179} INFO - Processing /usr/local/lib/python3.10/dist-packages/airflow/example_dags/example_branch_labels.py took 0.094 seconds
[2023-12-06T18:35:52.632+0000] {processor.py:157} INFO - Started process (PID=4541) to work on /usr/local/lib/python3.10/dist-packages/airflow/example_dags/example_branch_labels.py
[2023-12-06T18:35:52.633+0000] {processor.py:829} INFO - Processing file /usr/local/lib/python3.10/dist-packages/airflow/example_dags/example_branch_labels.py for tasks to queue
[2023-12-06T18:35:52.634+0000] {logging_mixin.py:154} INFO - [2023-12-06T18:35:52.634+0000] {dagbag.py:536} INFO - Filling up the DagBag from /usr/local/lib/python3.10/dist-packages/airflow/example_dags/example_branch_labels.py
[2023-12-06T18:35:52.649+0000] {processor.py:839} INFO - DAG(s) dict_keys(['example_branch_labels']) retrieved from /usr/local/lib/python3.10/dist-packages/airflow/example_dags/example_branch_labels.py
[2023-12-06T18:35:52.668+0000] {logging_mixin.py:154} INFO - [2023-12-06T18:35:52.668+0000] {dag.py:2941} INFO - Sync 1 DAGs
[2023-12-06T18:35:52.690+0000] {logging_mixin.py:154} INFO - [2023-12-06T18:35:52.690+0000] {dag.py:3722} INFO - Setting next_dagrun for example_branch_labels to 2023-12-05T00:00:00+00:00, run_after=2023-12-06T00:00:00+00:00
[2023-12-06T18:35:52.713+0000] {processor.py:179} INFO - Processing /usr/local/lib/python3.10/dist-packages/airflow/example_dags/example_branch_labels.py took 0.085 seconds
[2023-12-06T18:36:39.078+0000] {processor.py:157} INFO - Started process (PID=4587) to work on /usr/local/lib/python3.10/dist-packages/airflow/example_dags/example_branch_labels.py
[2023-12-06T18:36:39.080+0000] {processor.py:829} INFO - Processing file /usr/local/lib/python3.10/dist-packages/airflow/example_dags/example_branch_labels.py for tasks to queue
[2023-12-06T18:36:39.081+0000] {logging_mixin.py:154} INFO - [2023-12-06T18:36:39.080+0000] {dagbag.py:536} INFO - Filling up the DagBag from /usr/local/lib/python3.10/dist-packages/airflow/example_dags/example_branch_labels.py
[2023-12-06T18:36:39.090+0000] {processor.py:839} INFO - DAG(s) dict_keys(['example_branch_labels']) retrieved from /usr/local/lib/python3.10/dist-packages/airflow/example_dags/example_branch_labels.py
[2023-12-06T18:36:39.109+0000] {logging_mixin.py:154} INFO - [2023-12-06T18:36:39.109+0000] {dag.py:2941} INFO - Sync 1 DAGs
[2023-12-06T18:36:39.132+0000] {logging_mixin.py:154} INFO - [2023-12-06T18:36:39.132+0000] {dag.py:3722} INFO - Setting next_dagrun for example_branch_labels to 2023-12-05T00:00:00+00:00, run_after=2023-12-06T00:00:00+00:00
[2023-12-06T18:36:39.154+0000] {processor.py:179} INFO - Processing /usr/local/lib/python3.10/dist-packages/airflow/example_dags/example_branch_labels.py took 0.080 seconds
[2023-12-06T18:37:24.018+0000] {processor.py:157} INFO - Started process (PID=4635) to work on /usr/local/lib/python3.10/dist-packages/airflow/example_dags/example_branch_labels.py
[2023-12-06T18:37:24.019+0000] {processor.py:829} INFO - Processing file /usr/local/lib/python3.10/dist-packages/airflow/example_dags/example_branch_labels.py for tasks to queue
[2023-12-06T18:37:24.020+0000] {logging_mixin.py:154} INFO - [2023-12-06T18:37:24.020+0000] {dagbag.py:536} INFO - Filling up the DagBag from /usr/local/lib/python3.10/dist-packages/airflow/example_dags/example_branch_labels.py
[2023-12-06T18:37:24.030+0000] {processor.py:839} INFO - DAG(s) dict_keys(['example_branch_labels']) retrieved from /usr/local/lib/python3.10/dist-packages/airflow/example_dags/example_branch_labels.py
[2023-12-06T18:37:24.048+0000] {logging_mixin.py:154} INFO - [2023-12-06T18:37:24.048+0000] {dag.py:2941} INFO - Sync 1 DAGs
[2023-12-06T18:37:24.070+0000] {logging_mixin.py:154} INFO - [2023-12-06T18:37:24.070+0000] {dag.py:3722} INFO - Setting next_dagrun for example_branch_labels to 2023-12-05T00:00:00+00:00, run_after=2023-12-06T00:00:00+00:00
[2023-12-06T18:37:24.092+0000] {processor.py:179} INFO - Processing /usr/local/lib/python3.10/dist-packages/airflow/example_dags/example_branch_labels.py took 0.078 seconds
[2023-12-06T18:38:10.409+0000] {processor.py:157} INFO - Started process (PID=4682) to work on /usr/local/lib/python3.10/dist-packages/airflow/example_dags/example_branch_labels.py
[2023-12-06T18:38:10.410+0000] {processor.py:829} INFO - Processing file /usr/local/lib/python3.10/dist-packages/airflow/example_dags/example_branch_labels.py for tasks to queue
[2023-12-06T18:38:10.411+0000] {logging_mixin.py:154} INFO - [2023-12-06T18:38:10.411+0000] {dagbag.py:536} INFO - Filling up the DagBag from /usr/local/lib/python3.10/dist-packages/airflow/example_dags/example_branch_labels.py
[2023-12-06T18:38:10.420+0000] {processor.py:839} INFO - DAG(s) dict_keys(['example_branch_labels']) retrieved from /usr/local/lib/python3.10/dist-packages/airflow/example_dags/example_branch_labels.py
[2023-12-06T18:38:10.439+0000] {logging_mixin.py:154} INFO - [2023-12-06T18:38:10.439+0000] {dag.py:2941} INFO - Sync 1 DAGs
[2023-12-06T18:38:10.461+0000] {logging_mixin.py:154} INFO - [2023-12-06T18:38:10.461+0000] {dag.py:3722} INFO - Setting next_dagrun for example_branch_labels to 2023-12-05T00:00:00+00:00, run_after=2023-12-06T00:00:00+00:00
[2023-12-06T18:38:10.483+0000] {processor.py:179} INFO - Processing /usr/local/lib/python3.10/dist-packages/airflow/example_dags/example_branch_labels.py took 0.078 seconds
[2023-12-06T18:38:58.426+0000] {processor.py:157} INFO - Started process (PID=4730) to work on /usr/local/lib/python3.10/dist-packages/airflow/example_dags/example_branch_labels.py
[2023-12-06T18:38:58.427+0000] {processor.py:829} INFO - Processing file /usr/local/lib/python3.10/dist-packages/airflow/example_dags/example_branch_labels.py for tasks to queue
[2023-12-06T18:38:58.428+0000] {logging_mixin.py:154} INFO - [2023-12-06T18:38:58.428+0000] {dagbag.py:536} INFO - Filling up the DagBag from /usr/local/lib/python3.10/dist-packages/airflow/example_dags/example_branch_labels.py
[2023-12-06T18:38:58.437+0000] {processor.py:839} INFO - DAG(s) dict_keys(['example_branch_labels']) retrieved from /usr/local/lib/python3.10/dist-packages/airflow/example_dags/example_branch_labels.py
[2023-12-06T18:38:58.456+0000] {logging_mixin.py:154} INFO - [2023-12-06T18:38:58.455+0000] {dag.py:2941} INFO - Sync 1 DAGs
[2023-12-06T18:38:58.477+0000] {logging_mixin.py:154} INFO - [2023-12-06T18:38:58.477+0000] {dag.py:3722} INFO - Setting next_dagrun for example_branch_labels to 2023-12-05T00:00:00+00:00, run_after=2023-12-06T00:00:00+00:00
[2023-12-06T18:38:58.500+0000] {processor.py:179} INFO - Processing /usr/local/lib/python3.10/dist-packages/airflow/example_dags/example_branch_labels.py took 0.078 seconds
[2023-12-06T18:39:45.840+0000] {processor.py:157} INFO - Started process (PID=4778) to work on /usr/local/lib/python3.10/dist-packages/airflow/example_dags/example_branch_labels.py
[2023-12-06T18:39:45.841+0000] {processor.py:829} INFO - Processing file /usr/local/lib/python3.10/dist-packages/airflow/example_dags/example_branch_labels.py for tasks to queue
[2023-12-06T18:39:45.842+0000] {logging_mixin.py:154} INFO - [2023-12-06T18:39:45.842+0000] {dagbag.py:536} INFO - Filling up the DagBag from /usr/local/lib/python3.10/dist-packages/airflow/example_dags/example_branch_labels.py
[2023-12-06T18:39:45.851+0000] {processor.py:839} INFO - DAG(s) dict_keys(['example_branch_labels']) retrieved from /usr/local/lib/python3.10/dist-packages/airflow/example_dags/example_branch_labels.py
[2023-12-06T18:39:45.870+0000] {logging_mixin.py:154} INFO - [2023-12-06T18:39:45.869+0000] {dag.py:2941} INFO - Sync 1 DAGs
[2023-12-06T18:39:45.892+0000] {logging_mixin.py:154} INFO - [2023-12-06T18:39:45.892+0000] {dag.py:3722} INFO - Setting next_dagrun for example_branch_labels to 2023-12-05T00:00:00+00:00, run_after=2023-12-06T00:00:00+00:00
[2023-12-06T18:39:45.913+0000] {processor.py:179} INFO - Processing /usr/local/lib/python3.10/dist-packages/airflow/example_dags/example_branch_labels.py took 0.076 seconds
[2023-12-06T18:40:37.385+0000] {processor.py:157} INFO - Started process (PID=4828) to work on /usr/local/lib/python3.10/dist-packages/airflow/example_dags/example_branch_labels.py
[2023-12-06T18:40:37.386+0000] {processor.py:829} INFO - Processing file /usr/local/lib/python3.10/dist-packages/airflow/example_dags/example_branch_labels.py for tasks to queue
[2023-12-06T18:40:37.387+0000] {logging_mixin.py:154} INFO - [2023-12-06T18:40:37.387+0000] {dagbag.py:536} INFO - Filling up the DagBag from /usr/local/lib/python3.10/dist-packages/airflow/example_dags/example_branch_labels.py
[2023-12-06T18:40:37.396+0000] {processor.py:839} INFO - DAG(s) dict_keys(['example_branch_labels']) retrieved from /usr/local/lib/python3.10/dist-packages/airflow/example_dags/example_branch_labels.py
[2023-12-06T18:40:37.415+0000] {logging_mixin.py:154} INFO - [2023-12-06T18:40:37.415+0000] {dag.py:2941} INFO - Sync 1 DAGs
[2023-12-06T18:40:37.437+0000] {logging_mixin.py:154} INFO - [2023-12-06T18:40:37.437+0000] {dag.py:3722} INFO - Setting next_dagrun for example_branch_labels to 2023-12-05T00:00:00+00:00, run_after=2023-12-06T00:00:00+00:00
[2023-12-06T18:40:37.472+0000] {processor.py:179} INFO - Processing /usr/local/lib/python3.10/dist-packages/airflow/example_dags/example_branch_labels.py took 0.090 seconds
[2023-12-06T18:41:27.707+0000] {processor.py:157} INFO - Started process (PID=4879) to work on /usr/local/lib/python3.10/dist-packages/airflow/example_dags/example_branch_labels.py
[2023-12-06T18:41:27.708+0000] {processor.py:829} INFO - Processing file /usr/local/lib/python3.10/dist-packages/airflow/example_dags/example_branch_labels.py for tasks to queue
[2023-12-06T18:41:27.709+0000] {logging_mixin.py:154} INFO - [2023-12-06T18:41:27.709+0000] {dagbag.py:536} INFO - Filling up the DagBag from /usr/local/lib/python3.10/dist-packages/airflow/example_dags/example_branch_labels.py
[2023-12-06T18:41:27.718+0000] {processor.py:839} INFO - DAG(s) dict_keys(['example_branch_labels']) retrieved from /usr/local/lib/python3.10/dist-packages/airflow/example_dags/example_branch_labels.py
[2023-12-06T18:41:27.737+0000] {logging_mixin.py:154} INFO - [2023-12-06T18:41:27.737+0000] {dag.py:2941} INFO - Sync 1 DAGs
[2023-12-06T18:41:27.758+0000] {logging_mixin.py:154} INFO - [2023-12-06T18:41:27.758+0000] {dag.py:3722} INFO - Setting next_dagrun for example_branch_labels to 2023-12-05T00:00:00+00:00, run_after=2023-12-06T00:00:00+00:00
[2023-12-06T18:41:27.780+0000] {processor.py:179} INFO - Processing /usr/local/lib/python3.10/dist-packages/airflow/example_dags/example_branch_labels.py took 0.077 seconds
[2023-12-06T18:42:12.721+0000] {processor.py:157} INFO - Started process (PID=4926) to work on /usr/local/lib/python3.10/dist-packages/airflow/example_dags/example_branch_labels.py
[2023-12-06T18:42:12.723+0000] {processor.py:829} INFO - Processing file /usr/local/lib/python3.10/dist-packages/airflow/example_dags/example_branch_labels.py for tasks to queue
[2023-12-06T18:42:12.724+0000] {logging_mixin.py:154} INFO - [2023-12-06T18:42:12.723+0000] {dagbag.py:536} INFO - Filling up the DagBag from /usr/local/lib/python3.10/dist-packages/airflow/example_dags/example_branch_labels.py
[2023-12-06T18:42:12.733+0000] {processor.py:839} INFO - DAG(s) dict_keys(['example_branch_labels']) retrieved from /usr/local/lib/python3.10/dist-packages/airflow/example_dags/example_branch_labels.py
[2023-12-06T18:42:12.753+0000] {logging_mixin.py:154} INFO - [2023-12-06T18:42:12.752+0000] {dag.py:2941} INFO - Sync 1 DAGs
[2023-12-06T18:42:12.775+0000] {logging_mixin.py:154} INFO - [2023-12-06T18:42:12.775+0000] {dag.py:3722} INFO - Setting next_dagrun for example_branch_labels to 2023-12-05T00:00:00+00:00, run_after=2023-12-06T00:00:00+00:00
[2023-12-06T18:42:12.799+0000] {processor.py:179} INFO - Processing /usr/local/lib/python3.10/dist-packages/airflow/example_dags/example_branch_labels.py took 0.082 seconds
[2023-12-06T18:43:01.837+0000] {processor.py:157} INFO - Started process (PID=4974) to work on /usr/local/lib/python3.10/dist-packages/airflow/example_dags/example_branch_labels.py
[2023-12-06T18:43:01.838+0000] {processor.py:829} INFO - Processing file /usr/local/lib/python3.10/dist-packages/airflow/example_dags/example_branch_labels.py for tasks to queue
[2023-12-06T18:43:01.839+0000] {logging_mixin.py:154} INFO - [2023-12-06T18:43:01.839+0000] {dagbag.py:536} INFO - Filling up the DagBag from /usr/local/lib/python3.10/dist-packages/airflow/example_dags/example_branch_labels.py
[2023-12-06T18:43:01.849+0000] {processor.py:839} INFO - DAG(s) dict_keys(['example_branch_labels']) retrieved from /usr/local/lib/python3.10/dist-packages/airflow/example_dags/example_branch_labels.py
[2023-12-06T18:43:01.876+0000] {logging_mixin.py:154} INFO - [2023-12-06T18:43:01.876+0000] {dag.py:2941} INFO - Sync 1 DAGs
[2023-12-06T18:43:01.901+0000] {logging_mixin.py:154} INFO - [2023-12-06T18:43:01.901+0000] {dag.py:3722} INFO - Setting next_dagrun for example_branch_labels to 2023-12-05T00:00:00+00:00, run_after=2023-12-06T00:00:00+00:00
[2023-12-06T18:43:01.933+0000] {processor.py:179} INFO - Processing /usr/local/lib/python3.10/dist-packages/airflow/example_dags/example_branch_labels.py took 0.100 seconds
[2023-12-06T18:43:54.832+0000] {processor.py:157} INFO - Started process (PID=5027) to work on /usr/local/lib/python3.10/dist-packages/airflow/example_dags/example_branch_labels.py
[2023-12-06T18:43:54.833+0000] {processor.py:829} INFO - Processing file /usr/local/lib/python3.10/dist-packages/airflow/example_dags/example_branch_labels.py for tasks to queue
[2023-12-06T18:43:54.834+0000] {logging_mixin.py:154} INFO - [2023-12-06T18:43:54.834+0000] {dagbag.py:536} INFO - Filling up the DagBag from /usr/local/lib/python3.10/dist-packages/airflow/example_dags/example_branch_labels.py
[2023-12-06T18:43:54.843+0000] {processor.py:839} INFO - DAG(s) dict_keys(['example_branch_labels']) retrieved from /usr/local/lib/python3.10/dist-packages/airflow/example_dags/example_branch_labels.py
[2023-12-06T18:43:54.862+0000] {logging_mixin.py:154} INFO - [2023-12-06T18:43:54.862+0000] {dag.py:2941} INFO - Sync 1 DAGs
[2023-12-06T18:43:54.884+0000] {logging_mixin.py:154} INFO - [2023-12-06T18:43:54.884+0000] {dag.py:3722} INFO - Setting next_dagrun for example_branch_labels to 2023-12-05T00:00:00+00:00, run_after=2023-12-06T00:00:00+00:00
[2023-12-06T18:43:54.906+0000] {processor.py:179} INFO - Processing /usr/local/lib/python3.10/dist-packages/airflow/example_dags/example_branch_labels.py took 0.077 seconds
[2023-12-06T18:44:44.223+0000] {processor.py:157} INFO - Started process (PID=5076) to work on /usr/local/lib/python3.10/dist-packages/airflow/example_dags/example_branch_labels.py
[2023-12-06T18:44:44.225+0000] {processor.py:829} INFO - Processing file /usr/local/lib/python3.10/dist-packages/airflow/example_dags/example_branch_labels.py for tasks to queue
[2023-12-06T18:44:44.226+0000] {logging_mixin.py:154} INFO - [2023-12-06T18:44:44.225+0000] {dagbag.py:536} INFO - Filling up the DagBag from /usr/local/lib/python3.10/dist-packages/airflow/example_dags/example_branch_labels.py
[2023-12-06T18:44:44.234+0000] {processor.py:839} INFO - DAG(s) dict_keys(['example_branch_labels']) retrieved from /usr/local/lib/python3.10/dist-packages/airflow/example_dags/example_branch_labels.py
[2023-12-06T18:44:44.253+0000] {logging_mixin.py:154} INFO - [2023-12-06T18:44:44.253+0000] {dag.py:2941} INFO - Sync 1 DAGs
[2023-12-06T18:44:44.275+0000] {logging_mixin.py:154} INFO - [2023-12-06T18:44:44.274+0000] {dag.py:3722} INFO - Setting next_dagrun for example_branch_labels to 2023-12-05T00:00:00+00:00, run_after=2023-12-06T00:00:00+00:00
[2023-12-06T18:44:44.297+0000] {processor.py:179} INFO - Processing /usr/local/lib/python3.10/dist-packages/airflow/example_dags/example_branch_labels.py took 0.077 seconds
[2023-12-06T18:45:28.125+0000] {processor.py:157} INFO - Started process (PID=5122) to work on /usr/local/lib/python3.10/dist-packages/airflow/example_dags/example_branch_labels.py
[2023-12-06T18:45:28.127+0000] {processor.py:829} INFO - Processing file /usr/local/lib/python3.10/dist-packages/airflow/example_dags/example_branch_labels.py for tasks to queue
[2023-12-06T18:45:28.128+0000] {logging_mixin.py:154} INFO - [2023-12-06T18:45:28.127+0000] {dagbag.py:536} INFO - Filling up the DagBag from /usr/local/lib/python3.10/dist-packages/airflow/example_dags/example_branch_labels.py
[2023-12-06T18:45:28.137+0000] {processor.py:839} INFO - DAG(s) dict_keys(['example_branch_labels']) retrieved from /usr/local/lib/python3.10/dist-packages/airflow/example_dags/example_branch_labels.py
[2023-12-06T18:45:28.155+0000] {logging_mixin.py:154} INFO - [2023-12-06T18:45:28.155+0000] {dag.py:2941} INFO - Sync 1 DAGs
[2023-12-06T18:45:28.177+0000] {logging_mixin.py:154} INFO - [2023-12-06T18:45:28.176+0000] {dag.py:3722} INFO - Setting next_dagrun for example_branch_labels to 2023-12-05T00:00:00+00:00, run_after=2023-12-06T00:00:00+00:00
[2023-12-06T18:45:28.198+0000] {processor.py:179} INFO - Processing /usr/local/lib/python3.10/dist-packages/airflow/example_dags/example_branch_labels.py took 0.076 seconds
[2023-12-06T18:46:13.947+0000] {processor.py:157} INFO - Started process (PID=5171) to work on /usr/local/lib/python3.10/dist-packages/airflow/example_dags/example_branch_labels.py
[2023-12-06T18:46:13.949+0000] {processor.py:829} INFO - Processing file /usr/local/lib/python3.10/dist-packages/airflow/example_dags/example_branch_labels.py for tasks to queue
[2023-12-06T18:46:13.949+0000] {logging_mixin.py:154} INFO - [2023-12-06T18:46:13.949+0000] {dagbag.py:536} INFO - Filling up the DagBag from /usr/local/lib/python3.10/dist-packages/airflow/example_dags/example_branch_labels.py
[2023-12-06T18:46:13.958+0000] {processor.py:839} INFO - DAG(s) dict_keys(['example_branch_labels']) retrieved from /usr/local/lib/python3.10/dist-packages/airflow/example_dags/example_branch_labels.py
[2023-12-06T18:46:13.977+0000] {logging_mixin.py:154} INFO - [2023-12-06T18:46:13.977+0000] {dag.py:2941} INFO - Sync 1 DAGs
[2023-12-06T18:46:13.999+0000] {logging_mixin.py:154} INFO - [2023-12-06T18:46:13.999+0000] {dag.py:3722} INFO - Setting next_dagrun for example_branch_labels to 2023-12-05T00:00:00+00:00, run_after=2023-12-06T00:00:00+00:00
[2023-12-06T18:46:14.021+0000] {processor.py:179} INFO - Processing /usr/local/lib/python3.10/dist-packages/airflow/example_dags/example_branch_labels.py took 0.077 seconds
[2023-12-06T18:47:13.378+0000] {processor.py:157} INFO - Started process (PID=5234) to work on /usr/local/lib/python3.10/dist-packages/airflow/example_dags/example_branch_labels.py
[2023-12-06T18:47:13.379+0000] {processor.py:829} INFO - Processing file /usr/local/lib/python3.10/dist-packages/airflow/example_dags/example_branch_labels.py for tasks to queue
[2023-12-06T18:47:13.380+0000] {logging_mixin.py:154} INFO - [2023-12-06T18:47:13.380+0000] {dagbag.py:536} INFO - Filling up the DagBag from /usr/local/lib/python3.10/dist-packages/airflow/example_dags/example_branch_labels.py
[2023-12-06T18:47:13.389+0000] {processor.py:839} INFO - DAG(s) dict_keys(['example_branch_labels']) retrieved from /usr/local/lib/python3.10/dist-packages/airflow/example_dags/example_branch_labels.py
[2023-12-06T18:47:13.408+0000] {logging_mixin.py:154} INFO - [2023-12-06T18:47:13.408+0000] {dag.py:2941} INFO - Sync 1 DAGs
[2023-12-06T18:47:13.430+0000] {logging_mixin.py:154} INFO - [2023-12-06T18:47:13.430+0000] {dag.py:3722} INFO - Setting next_dagrun for example_branch_labels to 2023-12-05T00:00:00+00:00, run_after=2023-12-06T00:00:00+00:00
[2023-12-06T18:47:13.455+0000] {processor.py:179} INFO - Processing /usr/local/lib/python3.10/dist-packages/airflow/example_dags/example_branch_labels.py took 0.080 seconds
[2023-12-06T18:48:04.438+0000] {processor.py:157} INFO - Started process (PID=5286) to work on /usr/local/lib/python3.10/dist-packages/airflow/example_dags/example_branch_labels.py
[2023-12-06T18:48:04.439+0000] {processor.py:829} INFO - Processing file /usr/local/lib/python3.10/dist-packages/airflow/example_dags/example_branch_labels.py for tasks to queue
[2023-12-06T18:48:04.440+0000] {logging_mixin.py:154} INFO - [2023-12-06T18:48:04.440+0000] {dagbag.py:536} INFO - Filling up the DagBag from /usr/local/lib/python3.10/dist-packages/airflow/example_dags/example_branch_labels.py
[2023-12-06T18:48:04.449+0000] {processor.py:839} INFO - DAG(s) dict_keys(['example_branch_labels']) retrieved from /usr/local/lib/python3.10/dist-packages/airflow/example_dags/example_branch_labels.py
[2023-12-06T18:48:04.468+0000] {logging_mixin.py:154} INFO - [2023-12-06T18:48:04.468+0000] {dag.py:2941} INFO - Sync 1 DAGs
[2023-12-06T18:48:04.491+0000] {logging_mixin.py:154} INFO - [2023-12-06T18:48:04.491+0000] {dag.py:3722} INFO - Setting next_dagrun for example_branch_labels to 2023-12-05T00:00:00+00:00, run_after=2023-12-06T00:00:00+00:00
[2023-12-06T18:48:04.514+0000] {processor.py:179} INFO - Processing /usr/local/lib/python3.10/dist-packages/airflow/example_dags/example_branch_labels.py took 0.079 seconds
[2023-12-06T18:48:54.649+0000] {processor.py:157} INFO - Started process (PID=5336) to work on /usr/local/lib/python3.10/dist-packages/airflow/example_dags/example_branch_labels.py
[2023-12-06T18:48:54.651+0000] {processor.py:829} INFO - Processing file /usr/local/lib/python3.10/dist-packages/airflow/example_dags/example_branch_labels.py for tasks to queue
[2023-12-06T18:48:54.651+0000] {logging_mixin.py:154} INFO - [2023-12-06T18:48:54.651+0000] {dagbag.py:536} INFO - Filling up the DagBag from /usr/local/lib/python3.10/dist-packages/airflow/example_dags/example_branch_labels.py
[2023-12-06T18:48:54.660+0000] {processor.py:839} INFO - DAG(s) dict_keys(['example_branch_labels']) retrieved from /usr/local/lib/python3.10/dist-packages/airflow/example_dags/example_branch_labels.py
[2023-12-06T18:48:54.690+0000] {logging_mixin.py:154} INFO - [2023-12-06T18:48:54.689+0000] {dag.py:2941} INFO - Sync 1 DAGs
[2023-12-06T18:48:54.711+0000] {logging_mixin.py:154} INFO - [2023-12-06T18:48:54.711+0000] {dag.py:3722} INFO - Setting next_dagrun for example_branch_labels to 2023-12-05T00:00:00+00:00, run_after=2023-12-06T00:00:00+00:00
[2023-12-06T18:48:54.732+0000] {processor.py:179} INFO - Processing /usr/local/lib/python3.10/dist-packages/airflow/example_dags/example_branch_labels.py took 0.087 seconds
[2023-12-06T18:49:40.325+0000] {processor.py:157} INFO - Started process (PID=5383) to work on /usr/local/lib/python3.10/dist-packages/airflow/example_dags/example_branch_labels.py
[2023-12-06T18:49:40.326+0000] {processor.py:829} INFO - Processing file /usr/local/lib/python3.10/dist-packages/airflow/example_dags/example_branch_labels.py for tasks to queue
[2023-12-06T18:49:40.327+0000] {logging_mixin.py:154} INFO - [2023-12-06T18:49:40.327+0000] {dagbag.py:536} INFO - Filling up the DagBag from /usr/local/lib/python3.10/dist-packages/airflow/example_dags/example_branch_labels.py
[2023-12-06T18:49:40.336+0000] {processor.py:839} INFO - DAG(s) dict_keys(['example_branch_labels']) retrieved from /usr/local/lib/python3.10/dist-packages/airflow/example_dags/example_branch_labels.py
[2023-12-06T18:49:40.355+0000] {logging_mixin.py:154} INFO - [2023-12-06T18:49:40.354+0000] {dag.py:2941} INFO - Sync 1 DAGs
[2023-12-06T18:49:40.376+0000] {logging_mixin.py:154} INFO - [2023-12-06T18:49:40.376+0000] {dag.py:3722} INFO - Setting next_dagrun for example_branch_labels to 2023-12-05T00:00:00+00:00, run_after=2023-12-06T00:00:00+00:00
[2023-12-06T18:49:40.398+0000] {processor.py:179} INFO - Processing /usr/local/lib/python3.10/dist-packages/airflow/example_dags/example_branch_labels.py took 0.077 seconds
[2023-12-06T18:50:33.851+0000] {processor.py:157} INFO - Started process (PID=5440) to work on /usr/local/lib/python3.10/dist-packages/airflow/example_dags/example_branch_labels.py
[2023-12-06T18:50:33.854+0000] {processor.py:829} INFO - Processing file /usr/local/lib/python3.10/dist-packages/airflow/example_dags/example_branch_labels.py for tasks to queue
[2023-12-06T18:50:33.854+0000] {logging_mixin.py:154} INFO - [2023-12-06T18:50:33.854+0000] {dagbag.py:536} INFO - Filling up the DagBag from /usr/local/lib/python3.10/dist-packages/airflow/example_dags/example_branch_labels.py
[2023-12-06T18:50:33.863+0000] {processor.py:839} INFO - DAG(s) dict_keys(['example_branch_labels']) retrieved from /usr/local/lib/python3.10/dist-packages/airflow/example_dags/example_branch_labels.py
[2023-12-06T18:50:33.882+0000] {logging_mixin.py:154} INFO - [2023-12-06T18:50:33.881+0000] {dag.py:2941} INFO - Sync 1 DAGs
[2023-12-06T18:50:33.903+0000] {logging_mixin.py:154} INFO - [2023-12-06T18:50:33.903+0000] {dag.py:3722} INFO - Setting next_dagrun for example_branch_labels to 2023-12-05T00:00:00+00:00, run_after=2023-12-06T00:00:00+00:00
[2023-12-06T18:50:33.927+0000] {processor.py:179} INFO - Processing /usr/local/lib/python3.10/dist-packages/airflow/example_dags/example_branch_labels.py took 0.080 seconds
[2023-12-06T18:51:16.900+0000] {processor.py:157} INFO - Started process (PID=5489) to work on /usr/local/lib/python3.10/dist-packages/airflow/example_dags/example_branch_labels.py
[2023-12-06T18:51:16.901+0000] {processor.py:829} INFO - Processing file /usr/local/lib/python3.10/dist-packages/airflow/example_dags/example_branch_labels.py for tasks to queue
[2023-12-06T18:51:16.902+0000] {logging_mixin.py:154} INFO - [2023-12-06T18:51:16.901+0000] {dagbag.py:536} INFO - Filling up the DagBag from /usr/local/lib/python3.10/dist-packages/airflow/example_dags/example_branch_labels.py
[2023-12-06T18:51:16.911+0000] {processor.py:839} INFO - DAG(s) dict_keys(['example_branch_labels']) retrieved from /usr/local/lib/python3.10/dist-packages/airflow/example_dags/example_branch_labels.py
[2023-12-06T18:51:16.930+0000] {logging_mixin.py:154} INFO - [2023-12-06T18:51:16.930+0000] {dag.py:2941} INFO - Sync 1 DAGs
[2023-12-06T18:51:16.951+0000] {logging_mixin.py:154} INFO - [2023-12-06T18:51:16.951+0000] {dag.py:3722} INFO - Setting next_dagrun for example_branch_labels to 2023-12-05T00:00:00+00:00, run_after=2023-12-06T00:00:00+00:00
[2023-12-06T18:51:16.981+0000] {processor.py:179} INFO - Processing /usr/local/lib/python3.10/dist-packages/airflow/example_dags/example_branch_labels.py took 0.085 seconds
[2023-12-06T18:52:16.166+0000] {processor.py:157} INFO - Started process (PID=5550) to work on /usr/local/lib/python3.10/dist-packages/airflow/example_dags/example_branch_labels.py
[2023-12-06T18:52:16.167+0000] {processor.py:829} INFO - Processing file /usr/local/lib/python3.10/dist-packages/airflow/example_dags/example_branch_labels.py for tasks to queue
[2023-12-06T18:52:16.168+0000] {logging_mixin.py:154} INFO - [2023-12-06T18:52:16.168+0000] {dagbag.py:536} INFO - Filling up the DagBag from /usr/local/lib/python3.10/dist-packages/airflow/example_dags/example_branch_labels.py
[2023-12-06T18:52:16.177+0000] {processor.py:839} INFO - DAG(s) dict_keys(['example_branch_labels']) retrieved from /usr/local/lib/python3.10/dist-packages/airflow/example_dags/example_branch_labels.py
[2023-12-06T18:52:16.196+0000] {logging_mixin.py:154} INFO - [2023-12-06T18:52:16.196+0000] {dag.py:2941} INFO - Sync 1 DAGs
[2023-12-06T18:52:16.218+0000] {logging_mixin.py:154} INFO - [2023-12-06T18:52:16.218+0000] {dag.py:3722} INFO - Setting next_dagrun for example_branch_labels to 2023-12-05T00:00:00+00:00, run_after=2023-12-06T00:00:00+00:00
[2023-12-06T18:52:16.242+0000] {processor.py:179} INFO - Processing /usr/local/lib/python3.10/dist-packages/airflow/example_dags/example_branch_labels.py took 0.080 seconds
[2023-12-06T18:53:03.410+0000] {processor.py:157} INFO - Started process (PID=5598) to work on /usr/local/lib/python3.10/dist-packages/airflow/example_dags/example_branch_labels.py
[2023-12-06T18:53:03.411+0000] {processor.py:829} INFO - Processing file /usr/local/lib/python3.10/dist-packages/airflow/example_dags/example_branch_labels.py for tasks to queue
[2023-12-06T18:53:03.412+0000] {logging_mixin.py:154} INFO - [2023-12-06T18:53:03.412+0000] {dagbag.py:536} INFO - Filling up the DagBag from /usr/local/lib/python3.10/dist-packages/airflow/example_dags/example_branch_labels.py
[2023-12-06T18:53:03.421+0000] {processor.py:839} INFO - DAG(s) dict_keys(['example_branch_labels']) retrieved from /usr/local/lib/python3.10/dist-packages/airflow/example_dags/example_branch_labels.py
[2023-12-06T18:53:03.441+0000] {logging_mixin.py:154} INFO - [2023-12-06T18:53:03.441+0000] {dag.py:2941} INFO - Sync 1 DAGs
[2023-12-06T18:53:03.464+0000] {logging_mixin.py:154} INFO - [2023-12-06T18:53:03.464+0000] {dag.py:3722} INFO - Setting next_dagrun for example_branch_labels to 2023-12-05T00:00:00+00:00, run_after=2023-12-06T00:00:00+00:00
[2023-12-06T18:53:03.489+0000] {processor.py:179} INFO - Processing /usr/local/lib/python3.10/dist-packages/airflow/example_dags/example_branch_labels.py took 0.083 seconds
[2023-12-06T18:53:47.743+0000] {processor.py:157} INFO - Started process (PID=5645) to work on /usr/local/lib/python3.10/dist-packages/airflow/example_dags/example_branch_labels.py
[2023-12-06T18:53:47.744+0000] {processor.py:829} INFO - Processing file /usr/local/lib/python3.10/dist-packages/airflow/example_dags/example_branch_labels.py for tasks to queue
[2023-12-06T18:53:47.745+0000] {logging_mixin.py:154} INFO - [2023-12-06T18:53:47.745+0000] {dagbag.py:536} INFO - Filling up the DagBag from /usr/local/lib/python3.10/dist-packages/airflow/example_dags/example_branch_labels.py
[2023-12-06T18:53:47.754+0000] {processor.py:839} INFO - DAG(s) dict_keys(['example_branch_labels']) retrieved from /usr/local/lib/python3.10/dist-packages/airflow/example_dags/example_branch_labels.py
[2023-12-06T18:53:47.774+0000] {logging_mixin.py:154} INFO - [2023-12-06T18:53:47.774+0000] {dag.py:2941} INFO - Sync 1 DAGs
[2023-12-06T18:53:47.798+0000] {logging_mixin.py:154} INFO - [2023-12-06T18:53:47.797+0000] {dag.py:3722} INFO - Setting next_dagrun for example_branch_labels to 2023-12-05T00:00:00+00:00, run_after=2023-12-06T00:00:00+00:00
[2023-12-06T18:53:47.820+0000] {processor.py:179} INFO - Processing /usr/local/lib/python3.10/dist-packages/airflow/example_dags/example_branch_labels.py took 0.080 seconds
[2023-12-06T18:54:47.498+0000] {processor.py:157} INFO - Started process (PID=5706) to work on /usr/local/lib/python3.10/dist-packages/airflow/example_dags/example_branch_labels.py
[2023-12-06T18:54:47.502+0000] {processor.py:829} INFO - Processing file /usr/local/lib/python3.10/dist-packages/airflow/example_dags/example_branch_labels.py for tasks to queue
[2023-12-06T18:54:47.503+0000] {logging_mixin.py:154} INFO - [2023-12-06T18:54:47.503+0000] {dagbag.py:536} INFO - Filling up the DagBag from /usr/local/lib/python3.10/dist-packages/airflow/example_dags/example_branch_labels.py
[2023-12-06T18:54:47.512+0000] {processor.py:839} INFO - DAG(s) dict_keys(['example_branch_labels']) retrieved from /usr/local/lib/python3.10/dist-packages/airflow/example_dags/example_branch_labels.py
[2023-12-06T18:54:47.531+0000] {logging_mixin.py:154} INFO - [2023-12-06T18:54:47.531+0000] {dag.py:2941} INFO - Sync 1 DAGs
[2023-12-06T18:54:47.553+0000] {logging_mixin.py:154} INFO - [2023-12-06T18:54:47.553+0000] {dag.py:3722} INFO - Setting next_dagrun for example_branch_labels to 2023-12-05T00:00:00+00:00, run_after=2023-12-06T00:00:00+00:00
[2023-12-06T18:54:47.575+0000] {processor.py:179} INFO - Processing /usr/local/lib/python3.10/dist-packages/airflow/example_dags/example_branch_labels.py took 0.081 seconds
[2023-12-06T18:55:32.202+0000] {processor.py:157} INFO - Started process (PID=5752) to work on /usr/local/lib/python3.10/dist-packages/airflow/example_dags/example_branch_labels.py
[2023-12-06T18:55:32.203+0000] {processor.py:829} INFO - Processing file /usr/local/lib/python3.10/dist-packages/airflow/example_dags/example_branch_labels.py for tasks to queue
[2023-12-06T18:55:32.204+0000] {logging_mixin.py:154} INFO - [2023-12-06T18:55:32.204+0000] {dagbag.py:536} INFO - Filling up the DagBag from /usr/local/lib/python3.10/dist-packages/airflow/example_dags/example_branch_labels.py
[2023-12-06T18:55:32.213+0000] {processor.py:839} INFO - DAG(s) dict_keys(['example_branch_labels']) retrieved from /usr/local/lib/python3.10/dist-packages/airflow/example_dags/example_branch_labels.py
[2023-12-06T18:55:32.232+0000] {logging_mixin.py:154} INFO - [2023-12-06T18:55:32.231+0000] {dag.py:2941} INFO - Sync 1 DAGs
[2023-12-06T18:55:32.253+0000] {logging_mixin.py:154} INFO - [2023-12-06T18:55:32.253+0000] {dag.py:3722} INFO - Setting next_dagrun for example_branch_labels to 2023-12-05T00:00:00+00:00, run_after=2023-12-06T00:00:00+00:00
[2023-12-06T18:55:32.280+0000] {processor.py:179} INFO - Processing /usr/local/lib/python3.10/dist-packages/airflow/example_dags/example_branch_labels.py took 0.082 seconds
[2023-12-06T18:56:17.714+0000] {processor.py:157} INFO - Started process (PID=5800) to work on /usr/local/lib/python3.10/dist-packages/airflow/example_dags/example_branch_labels.py
[2023-12-06T18:56:17.716+0000] {processor.py:829} INFO - Processing file /usr/local/lib/python3.10/dist-packages/airflow/example_dags/example_branch_labels.py for tasks to queue
[2023-12-06T18:56:17.716+0000] {logging_mixin.py:154} INFO - [2023-12-06T18:56:17.716+0000] {dagbag.py:536} INFO - Filling up the DagBag from /usr/local/lib/python3.10/dist-packages/airflow/example_dags/example_branch_labels.py
[2023-12-06T18:56:17.725+0000] {processor.py:839} INFO - DAG(s) dict_keys(['example_branch_labels']) retrieved from /usr/local/lib/python3.10/dist-packages/airflow/example_dags/example_branch_labels.py
[2023-12-06T18:56:17.744+0000] {logging_mixin.py:154} INFO - [2023-12-06T18:56:17.743+0000] {dag.py:2941} INFO - Sync 1 DAGs
[2023-12-06T18:56:17.766+0000] {logging_mixin.py:154} INFO - [2023-12-06T18:56:17.765+0000] {dag.py:3722} INFO - Setting next_dagrun for example_branch_labels to 2023-12-05T00:00:00+00:00, run_after=2023-12-06T00:00:00+00:00
[2023-12-06T18:56:17.788+0000] {processor.py:179} INFO - Processing /usr/local/lib/python3.10/dist-packages/airflow/example_dags/example_branch_labels.py took 0.077 seconds
[2023-12-06T18:57:04.517+0000] {processor.py:157} INFO - Started process (PID=5848) to work on /usr/local/lib/python3.10/dist-packages/airflow/example_dags/example_branch_labels.py
[2023-12-06T18:57:04.518+0000] {processor.py:829} INFO - Processing file /usr/local/lib/python3.10/dist-packages/airflow/example_dags/example_branch_labels.py for tasks to queue
[2023-12-06T18:57:04.519+0000] {logging_mixin.py:154} INFO - [2023-12-06T18:57:04.519+0000] {dagbag.py:536} INFO - Filling up the DagBag from /usr/local/lib/python3.10/dist-packages/airflow/example_dags/example_branch_labels.py
[2023-12-06T18:57:04.528+0000] {processor.py:839} INFO - DAG(s) dict_keys(['example_branch_labels']) retrieved from /usr/local/lib/python3.10/dist-packages/airflow/example_dags/example_branch_labels.py
[2023-12-06T18:57:04.548+0000] {logging_mixin.py:154} INFO - [2023-12-06T18:57:04.548+0000] {dag.py:2941} INFO - Sync 1 DAGs
[2023-12-06T18:57:04.571+0000] {logging_mixin.py:154} INFO - [2023-12-06T18:57:04.571+0000] {dag.py:3722} INFO - Setting next_dagrun for example_branch_labels to 2023-12-05T00:00:00+00:00, run_after=2023-12-06T00:00:00+00:00
[2023-12-06T18:57:04.593+0000] {processor.py:179} INFO - Processing /usr/local/lib/python3.10/dist-packages/airflow/example_dags/example_branch_labels.py took 0.080 seconds
[2023-12-06T18:57:53.031+0000] {processor.py:157} INFO - Started process (PID=5899) to work on /usr/local/lib/python3.10/dist-packages/airflow/example_dags/example_branch_labels.py
[2023-12-06T18:57:53.033+0000] {processor.py:829} INFO - Processing file /usr/local/lib/python3.10/dist-packages/airflow/example_dags/example_branch_labels.py for tasks to queue
[2023-12-06T18:57:53.034+0000] {logging_mixin.py:154} INFO - [2023-12-06T18:57:53.033+0000] {dagbag.py:536} INFO - Filling up the DagBag from /usr/local/lib/python3.10/dist-packages/airflow/example_dags/example_branch_labels.py
[2023-12-06T18:57:53.042+0000] {processor.py:839} INFO - DAG(s) dict_keys(['example_branch_labels']) retrieved from /usr/local/lib/python3.10/dist-packages/airflow/example_dags/example_branch_labels.py
[2023-12-06T18:57:53.062+0000] {logging_mixin.py:154} INFO - [2023-12-06T18:57:53.061+0000] {dag.py:2941} INFO - Sync 1 DAGs
[2023-12-06T18:57:53.084+0000] {logging_mixin.py:154} INFO - [2023-12-06T18:57:53.083+0000] {dag.py:3722} INFO - Setting next_dagrun for example_branch_labels to 2023-12-05T00:00:00+00:00, run_after=2023-12-06T00:00:00+00:00
[2023-12-06T18:57:53.107+0000] {processor.py:179} INFO - Processing /usr/local/lib/python3.10/dist-packages/airflow/example_dags/example_branch_labels.py took 0.079 seconds
[2023-12-06T18:58:51.545+0000] {processor.py:157} INFO - Started process (PID=5960) to work on /usr/local/lib/python3.10/dist-packages/airflow/example_dags/example_branch_labels.py
[2023-12-06T18:58:51.547+0000] {processor.py:829} INFO - Processing file /usr/local/lib/python3.10/dist-packages/airflow/example_dags/example_branch_labels.py for tasks to queue
[2023-12-06T18:58:51.548+0000] {logging_mixin.py:154} INFO - [2023-12-06T18:58:51.548+0000] {dagbag.py:536} INFO - Filling up the DagBag from /usr/local/lib/python3.10/dist-packages/airflow/example_dags/example_branch_labels.py
[2023-12-06T18:58:51.557+0000] {processor.py:839} INFO - DAG(s) dict_keys(['example_branch_labels']) retrieved from /usr/local/lib/python3.10/dist-packages/airflow/example_dags/example_branch_labels.py
[2023-12-06T18:58:51.576+0000] {logging_mixin.py:154} INFO - [2023-12-06T18:58:51.576+0000] {dag.py:2941} INFO - Sync 1 DAGs
[2023-12-06T18:58:51.599+0000] {logging_mixin.py:154} INFO - [2023-12-06T18:58:51.598+0000] {dag.py:3722} INFO - Setting next_dagrun for example_branch_labels to 2023-12-05T00:00:00+00:00, run_after=2023-12-06T00:00:00+00:00
[2023-12-06T18:58:51.621+0000] {processor.py:179} INFO - Processing /usr/local/lib/python3.10/dist-packages/airflow/example_dags/example_branch_labels.py took 0.079 seconds
[2023-12-06T18:59:37.910+0000] {processor.py:157} INFO - Started process (PID=6008) to work on /usr/local/lib/python3.10/dist-packages/airflow/example_dags/example_branch_labels.py
[2023-12-06T18:59:37.911+0000] {processor.py:829} INFO - Processing file /usr/local/lib/python3.10/dist-packages/airflow/example_dags/example_branch_labels.py for tasks to queue
[2023-12-06T18:59:37.912+0000] {logging_mixin.py:154} INFO - [2023-12-06T18:59:37.911+0000] {dagbag.py:536} INFO - Filling up the DagBag from /usr/local/lib/python3.10/dist-packages/airflow/example_dags/example_branch_labels.py
[2023-12-06T18:59:37.921+0000] {processor.py:839} INFO - DAG(s) dict_keys(['example_branch_labels']) retrieved from /usr/local/lib/python3.10/dist-packages/airflow/example_dags/example_branch_labels.py
[2023-12-06T18:59:37.939+0000] {logging_mixin.py:154} INFO - [2023-12-06T18:59:37.939+0000] {dag.py:2941} INFO - Sync 1 DAGs
[2023-12-06T18:59:37.960+0000] {logging_mixin.py:154} INFO - [2023-12-06T18:59:37.960+0000] {dag.py:3722} INFO - Setting next_dagrun for example_branch_labels to 2023-12-05T00:00:00+00:00, run_after=2023-12-06T00:00:00+00:00
[2023-12-06T18:59:37.983+0000] {processor.py:179} INFO - Processing /usr/local/lib/python3.10/dist-packages/airflow/example_dags/example_branch_labels.py took 0.077 seconds
[2023-12-06T19:00:25.810+0000] {processor.py:157} INFO - Started process (PID=6359) to work on /usr/local/lib/python3.10/dist-packages/airflow/example_dags/example_branch_labels.py
[2023-12-06T19:00:25.812+0000] {processor.py:829} INFO - Processing file /usr/local/lib/python3.10/dist-packages/airflow/example_dags/example_branch_labels.py for tasks to queue
[2023-12-06T19:00:25.813+0000] {logging_mixin.py:154} INFO - [2023-12-06T19:00:25.812+0000] {dagbag.py:536} INFO - Filling up the DagBag from /usr/local/lib/python3.10/dist-packages/airflow/example_dags/example_branch_labels.py
[2023-12-06T19:00:25.821+0000] {processor.py:839} INFO - DAG(s) dict_keys(['example_branch_labels']) retrieved from /usr/local/lib/python3.10/dist-packages/airflow/example_dags/example_branch_labels.py
[2023-12-06T19:00:25.841+0000] {logging_mixin.py:154} INFO - [2023-12-06T19:00:25.840+0000] {dag.py:2941} INFO - Sync 1 DAGs
[2023-12-06T19:00:25.863+0000] {logging_mixin.py:154} INFO - [2023-12-06T19:00:25.863+0000] {dag.py:3722} INFO - Setting next_dagrun for example_branch_labels to 2023-12-05T00:00:00+00:00, run_after=2023-12-06T00:00:00+00:00
[2023-12-06T19:00:25.885+0000] {processor.py:179} INFO - Processing /usr/local/lib/python3.10/dist-packages/airflow/example_dags/example_branch_labels.py took 0.079 seconds
[2023-12-06T19:01:17.495+0000] {processor.py:157} INFO - Started process (PID=6466) to work on /usr/local/lib/python3.10/dist-packages/airflow/example_dags/example_branch_labels.py
[2023-12-06T19:01:17.502+0000] {processor.py:829} INFO - Processing file /usr/local/lib/python3.10/dist-packages/airflow/example_dags/example_branch_labels.py for tasks to queue
[2023-12-06T19:01:17.503+0000] {logging_mixin.py:154} INFO - [2023-12-06T19:01:17.503+0000] {dagbag.py:536} INFO - Filling up the DagBag from /usr/local/lib/python3.10/dist-packages/airflow/example_dags/example_branch_labels.py
[2023-12-06T19:01:17.512+0000] {processor.py:839} INFO - DAG(s) dict_keys(['example_branch_labels']) retrieved from /usr/local/lib/python3.10/dist-packages/airflow/example_dags/example_branch_labels.py
[2023-12-06T19:01:17.531+0000] {logging_mixin.py:154} INFO - [2023-12-06T19:01:17.531+0000] {dag.py:2941} INFO - Sync 1 DAGs
[2023-12-06T19:01:17.553+0000] {logging_mixin.py:154} INFO - [2023-12-06T19:01:17.553+0000] {dag.py:3722} INFO - Setting next_dagrun for example_branch_labels to 2023-12-05T00:00:00+00:00, run_after=2023-12-06T00:00:00+00:00
[2023-12-06T19:01:17.576+0000] {processor.py:179} INFO - Processing /usr/local/lib/python3.10/dist-packages/airflow/example_dags/example_branch_labels.py took 0.084 seconds
[2023-12-06T19:02:07.803+0000] {processor.py:157} INFO - Started process (PID=6516) to work on /usr/local/lib/python3.10/dist-packages/airflow/example_dags/example_branch_labels.py
[2023-12-06T19:02:07.805+0000] {processor.py:829} INFO - Processing file /usr/local/lib/python3.10/dist-packages/airflow/example_dags/example_branch_labels.py for tasks to queue
[2023-12-06T19:02:07.806+0000] {logging_mixin.py:154} INFO - [2023-12-06T19:02:07.805+0000] {dagbag.py:536} INFO - Filling up the DagBag from /usr/local/lib/python3.10/dist-packages/airflow/example_dags/example_branch_labels.py
[2023-12-06T19:02:07.815+0000] {processor.py:839} INFO - DAG(s) dict_keys(['example_branch_labels']) retrieved from /usr/local/lib/python3.10/dist-packages/airflow/example_dags/example_branch_labels.py
[2023-12-06T19:02:07.834+0000] {logging_mixin.py:154} INFO - [2023-12-06T19:02:07.834+0000] {dag.py:2941} INFO - Sync 1 DAGs
[2023-12-06T19:02:07.857+0000] {logging_mixin.py:154} INFO - [2023-12-06T19:02:07.856+0000] {dag.py:3722} INFO - Setting next_dagrun for example_branch_labels to 2023-12-05T00:00:00+00:00, run_after=2023-12-06T00:00:00+00:00
[2023-12-06T19:02:07.883+0000] {processor.py:179} INFO - Processing /usr/local/lib/python3.10/dist-packages/airflow/example_dags/example_branch_labels.py took 0.084 seconds
[2023-12-06T19:02:49.981+0000] {processor.py:157} INFO - Started process (PID=6563) to work on /usr/local/lib/python3.10/dist-packages/airflow/example_dags/example_branch_labels.py
[2023-12-06T19:02:49.982+0000] {processor.py:829} INFO - Processing file /usr/local/lib/python3.10/dist-packages/airflow/example_dags/example_branch_labels.py for tasks to queue
[2023-12-06T19:02:49.983+0000] {logging_mixin.py:154} INFO - [2023-12-06T19:02:49.982+0000] {dagbag.py:536} INFO - Filling up the DagBag from /usr/local/lib/python3.10/dist-packages/airflow/example_dags/example_branch_labels.py
[2023-12-06T19:02:49.991+0000] {processor.py:839} INFO - DAG(s) dict_keys(['example_branch_labels']) retrieved from /usr/local/lib/python3.10/dist-packages/airflow/example_dags/example_branch_labels.py
[2023-12-06T19:02:50.011+0000] {logging_mixin.py:154} INFO - [2023-12-06T19:02:50.011+0000] {dag.py:2941} INFO - Sync 1 DAGs
[2023-12-06T19:02:50.033+0000] {logging_mixin.py:154} INFO - [2023-12-06T19:02:50.033+0000] {dag.py:3722} INFO - Setting next_dagrun for example_branch_labels to 2023-12-05T00:00:00+00:00, run_after=2023-12-06T00:00:00+00:00
[2023-12-06T19:02:50.067+0000] {processor.py:179} INFO - Processing /usr/local/lib/python3.10/dist-packages/airflow/example_dags/example_branch_labels.py took 0.090 seconds
[2023-12-06T19:03:38.652+0000] {processor.py:157} INFO - Started process (PID=6610) to work on /usr/local/lib/python3.10/dist-packages/airflow/example_dags/example_branch_labels.py
[2023-12-06T19:03:38.653+0000] {processor.py:829} INFO - Processing file /usr/local/lib/python3.10/dist-packages/airflow/example_dags/example_branch_labels.py for tasks to queue
[2023-12-06T19:03:38.654+0000] {logging_mixin.py:154} INFO - [2023-12-06T19:03:38.654+0000] {dagbag.py:536} INFO - Filling up the DagBag from /usr/local/lib/python3.10/dist-packages/airflow/example_dags/example_branch_labels.py
[2023-12-06T19:03:38.663+0000] {processor.py:839} INFO - DAG(s) dict_keys(['example_branch_labels']) retrieved from /usr/local/lib/python3.10/dist-packages/airflow/example_dags/example_branch_labels.py
[2023-12-06T19:03:38.682+0000] {logging_mixin.py:154} INFO - [2023-12-06T19:03:38.681+0000] {dag.py:2941} INFO - Sync 1 DAGs
[2023-12-06T19:03:38.703+0000] {logging_mixin.py:154} INFO - [2023-12-06T19:03:38.703+0000] {dag.py:3722} INFO - Setting next_dagrun for example_branch_labels to 2023-12-05T00:00:00+00:00, run_after=2023-12-06T00:00:00+00:00
[2023-12-06T19:03:38.725+0000] {processor.py:179} INFO - Processing /usr/local/lib/python3.10/dist-packages/airflow/example_dags/example_branch_labels.py took 0.077 seconds
[2023-12-06T19:04:26.744+0000] {processor.py:157} INFO - Started process (PID=6659) to work on /usr/local/lib/python3.10/dist-packages/airflow/example_dags/example_branch_labels.py
[2023-12-06T19:04:26.746+0000] {processor.py:829} INFO - Processing file /usr/local/lib/python3.10/dist-packages/airflow/example_dags/example_branch_labels.py for tasks to queue
[2023-12-06T19:04:26.747+0000] {logging_mixin.py:154} INFO - [2023-12-06T19:04:26.746+0000] {dagbag.py:536} INFO - Filling up the DagBag from /usr/local/lib/python3.10/dist-packages/airflow/example_dags/example_branch_labels.py
[2023-12-06T19:04:26.755+0000] {processor.py:839} INFO - DAG(s) dict_keys(['example_branch_labels']) retrieved from /usr/local/lib/python3.10/dist-packages/airflow/example_dags/example_branch_labels.py
[2023-12-06T19:04:26.774+0000] {logging_mixin.py:154} INFO - [2023-12-06T19:04:26.774+0000] {dag.py:2941} INFO - Sync 1 DAGs
[2023-12-06T19:04:26.796+0000] {logging_mixin.py:154} INFO - [2023-12-06T19:04:26.796+0000] {dag.py:3722} INFO - Setting next_dagrun for example_branch_labels to 2023-12-05T00:00:00+00:00, run_after=2023-12-06T00:00:00+00:00
[2023-12-06T19:04:26.819+0000] {processor.py:179} INFO - Processing /usr/local/lib/python3.10/dist-packages/airflow/example_dags/example_branch_labels.py took 0.078 seconds
[2023-12-06T19:05:15.608+0000] {processor.py:157} INFO - Started process (PID=6878) to work on /usr/local/lib/python3.10/dist-packages/airflow/example_dags/example_branch_labels.py
[2023-12-06T19:05:15.610+0000] {processor.py:829} INFO - Processing file /usr/local/lib/python3.10/dist-packages/airflow/example_dags/example_branch_labels.py for tasks to queue
[2023-12-06T19:05:15.611+0000] {logging_mixin.py:154} INFO - [2023-12-06T19:05:15.611+0000] {dagbag.py:536} INFO - Filling up the DagBag from /usr/local/lib/python3.10/dist-packages/airflow/example_dags/example_branch_labels.py
[2023-12-06T19:05:15.620+0000] {processor.py:839} INFO - DAG(s) dict_keys(['example_branch_labels']) retrieved from /usr/local/lib/python3.10/dist-packages/airflow/example_dags/example_branch_labels.py
[2023-12-06T19:05:15.639+0000] {logging_mixin.py:154} INFO - [2023-12-06T19:05:15.639+0000] {dag.py:2941} INFO - Sync 1 DAGs
[2023-12-06T19:05:15.661+0000] {logging_mixin.py:154} INFO - [2023-12-06T19:05:15.661+0000] {dag.py:3722} INFO - Setting next_dagrun for example_branch_labels to 2023-12-05T00:00:00+00:00, run_after=2023-12-06T00:00:00+00:00
[2023-12-06T19:05:15.686+0000] {processor.py:179} INFO - Processing /usr/local/lib/python3.10/dist-packages/airflow/example_dags/example_branch_labels.py took 0.082 seconds
[2023-12-06T19:06:05.096+0000] {processor.py:157} INFO - Started process (PID=6928) to work on /usr/local/lib/python3.10/dist-packages/airflow/example_dags/example_branch_labels.py
[2023-12-06T19:06:05.098+0000] {processor.py:829} INFO - Processing file /usr/local/lib/python3.10/dist-packages/airflow/example_dags/example_branch_labels.py for tasks to queue
[2023-12-06T19:06:05.099+0000] {logging_mixin.py:154} INFO - [2023-12-06T19:06:05.099+0000] {dagbag.py:536} INFO - Filling up the DagBag from /usr/local/lib/python3.10/dist-packages/airflow/example_dags/example_branch_labels.py
[2023-12-06T19:06:05.108+0000] {processor.py:839} INFO - DAG(s) dict_keys(['example_branch_labels']) retrieved from /usr/local/lib/python3.10/dist-packages/airflow/example_dags/example_branch_labels.py
[2023-12-06T19:06:05.127+0000] {logging_mixin.py:154} INFO - [2023-12-06T19:06:05.127+0000] {dag.py:2941} INFO - Sync 1 DAGs
[2023-12-06T19:06:05.155+0000] {logging_mixin.py:154} INFO - [2023-12-06T19:06:05.155+0000] {dag.py:3722} INFO - Setting next_dagrun for example_branch_labels to 2023-12-05T00:00:00+00:00, run_after=2023-12-06T00:00:00+00:00
[2023-12-06T19:06:05.182+0000] {processor.py:179} INFO - Processing /usr/local/lib/python3.10/dist-packages/airflow/example_dags/example_branch_labels.py took 0.090 seconds
[2023-12-06T19:06:51.350+0000] {processor.py:157} INFO - Started process (PID=6976) to work on /usr/local/lib/python3.10/dist-packages/airflow/example_dags/example_branch_labels.py
[2023-12-06T19:06:51.351+0000] {processor.py:829} INFO - Processing file /usr/local/lib/python3.10/dist-packages/airflow/example_dags/example_branch_labels.py for tasks to queue
[2023-12-06T19:06:51.352+0000] {logging_mixin.py:154} INFO - [2023-12-06T19:06:51.352+0000] {dagbag.py:536} INFO - Filling up the DagBag from /usr/local/lib/python3.10/dist-packages/airflow/example_dags/example_branch_labels.py
[2023-12-06T19:06:51.361+0000] {processor.py:839} INFO - DAG(s) dict_keys(['example_branch_labels']) retrieved from /usr/local/lib/python3.10/dist-packages/airflow/example_dags/example_branch_labels.py
[2023-12-06T19:06:51.381+0000] {logging_mixin.py:154} INFO - [2023-12-06T19:06:51.381+0000] {dag.py:2941} INFO - Sync 1 DAGs
[2023-12-06T19:06:51.404+0000] {logging_mixin.py:154} INFO - [2023-12-06T19:06:51.404+0000] {dag.py:3722} INFO - Setting next_dagrun for example_branch_labels to 2023-12-05T00:00:00+00:00, run_after=2023-12-06T00:00:00+00:00
[2023-12-06T19:06:51.430+0000] {processor.py:179} INFO - Processing /usr/local/lib/python3.10/dist-packages/airflow/example_dags/example_branch_labels.py took 0.084 seconds
[2023-12-06T19:07:41.234+0000] {processor.py:157} INFO - Started process (PID=7024) to work on /usr/local/lib/python3.10/dist-packages/airflow/example_dags/example_branch_labels.py
[2023-12-06T19:07:41.236+0000] {processor.py:829} INFO - Processing file /usr/local/lib/python3.10/dist-packages/airflow/example_dags/example_branch_labels.py for tasks to queue
[2023-12-06T19:07:41.237+0000] {logging_mixin.py:154} INFO - [2023-12-06T19:07:41.237+0000] {dagbag.py:536} INFO - Filling up the DagBag from /usr/local/lib/python3.10/dist-packages/airflow/example_dags/example_branch_labels.py
[2023-12-06T19:07:41.246+0000] {processor.py:839} INFO - DAG(s) dict_keys(['example_branch_labels']) retrieved from /usr/local/lib/python3.10/dist-packages/airflow/example_dags/example_branch_labels.py
[2023-12-06T19:07:41.266+0000] {logging_mixin.py:154} INFO - [2023-12-06T19:07:41.266+0000] {dag.py:2941} INFO - Sync 1 DAGs
[2023-12-06T19:07:41.289+0000] {logging_mixin.py:154} INFO - [2023-12-06T19:07:41.288+0000] {dag.py:3722} INFO - Setting next_dagrun for example_branch_labels to 2023-12-05T00:00:00+00:00, run_after=2023-12-06T00:00:00+00:00
[2023-12-06T19:07:41.313+0000] {processor.py:179} INFO - Processing /usr/local/lib/python3.10/dist-packages/airflow/example_dags/example_branch_labels.py took 0.082 seconds
