[2023-12-06T18:22:09.023+0000] {processor.py:157} INFO - Started process (PID=3685) to work on /usr/local/lib/python3.10/dist-packages/airflow/example_dags/example_sla_dag.py
[2023-12-06T18:22:09.024+0000] {processor.py:829} INFO - Processing file /usr/local/lib/python3.10/dist-packages/airflow/example_dags/example_sla_dag.py for tasks to queue
[2023-12-06T18:22:09.025+0000] {logging_mixin.py:154} INFO - [2023-12-06T18:22:09.025+0000] {dagbag.py:536} INFO - Filling up the DagBag from /usr/local/lib/python3.10/dist-packages/airflow/example_dags/example_sla_dag.py
[2023-12-06T18:22:09.035+0000] {processor.py:839} INFO - DAG(s) dict_keys(['example_sla_dag']) retrieved from /usr/local/lib/python3.10/dist-packages/airflow/example_dags/example_sla_dag.py
[2023-12-06T18:22:09.154+0000] {logging_mixin.py:154} INFO - [2023-12-06T18:22:09.154+0000] {manager.py:499} INFO - Created Permission View: %s
[2023-12-06T18:22:09.169+0000] {logging_mixin.py:154} INFO - [2023-12-06T18:22:09.168+0000] {manager.py:499} INFO - Created Permission View: %s
[2023-12-06T18:22:09.181+0000] {logging_mixin.py:154} INFO - [2023-12-06T18:22:09.180+0000] {manager.py:499} INFO - Created Permission View: %s
[2023-12-06T18:22:09.181+0000] {logging_mixin.py:154} INFO - [2023-12-06T18:22:09.181+0000] {dag.py:2941} INFO - Sync 1 DAGs
[2023-12-06T18:22:09.193+0000] {logging_mixin.py:154} INFO - [2023-12-06T18:22:09.193+0000] {dag.py:2963} INFO - Creating ORM DAG for example_sla_dag
[2023-12-06T18:22:09.206+0000] {logging_mixin.py:154} INFO - [2023-12-06T18:22:09.206+0000] {dag.py:3722} INFO - Setting next_dagrun for example_sla_dag to 2023-12-06T18:20:00+00:00, run_after=2023-12-06T18:22:00+00:00
[2023-12-06T18:22:09.232+0000] {processor.py:179} INFO - Processing /usr/local/lib/python3.10/dist-packages/airflow/example_dags/example_sla_dag.py took 0.212 seconds
[2023-12-06T18:22:58.487+0000] {processor.py:157} INFO - Started process (PID=3736) to work on /usr/local/lib/python3.10/dist-packages/airflow/example_dags/example_sla_dag.py
[2023-12-06T18:22:58.490+0000] {processor.py:829} INFO - Processing file /usr/local/lib/python3.10/dist-packages/airflow/example_dags/example_sla_dag.py for tasks to queue
[2023-12-06T18:22:58.490+0000] {logging_mixin.py:154} INFO - [2023-12-06T18:22:58.490+0000] {dagbag.py:536} INFO - Filling up the DagBag from /usr/local/lib/python3.10/dist-packages/airflow/example_dags/example_sla_dag.py
[2023-12-06T18:22:58.505+0000] {processor.py:839} INFO - DAG(s) dict_keys(['example_sla_dag']) retrieved from /usr/local/lib/python3.10/dist-packages/airflow/example_dags/example_sla_dag.py
[2023-12-06T18:22:58.522+0000] {logging_mixin.py:154} INFO - [2023-12-06T18:22:58.521+0000] {dag.py:2941} INFO - Sync 1 DAGs
[2023-12-06T18:22:58.545+0000] {logging_mixin.py:154} INFO - [2023-12-06T18:22:58.545+0000] {dag.py:3722} INFO - Setting next_dagrun for example_sla_dag to 2023-12-06T18:20:00+00:00, run_after=2023-12-06T18:22:00+00:00
[2023-12-06T18:22:58.567+0000] {processor.py:179} INFO - Processing /usr/local/lib/python3.10/dist-packages/airflow/example_dags/example_sla_dag.py took 0.089 seconds
[2023-12-06T18:23:43.086+0000] {processor.py:157} INFO - Started process (PID=3782) to work on /usr/local/lib/python3.10/dist-packages/airflow/example_dags/example_sla_dag.py
[2023-12-06T18:23:43.087+0000] {processor.py:829} INFO - Processing file /usr/local/lib/python3.10/dist-packages/airflow/example_dags/example_sla_dag.py for tasks to queue
[2023-12-06T18:23:43.088+0000] {logging_mixin.py:154} INFO - [2023-12-06T18:23:43.088+0000] {dagbag.py:536} INFO - Filling up the DagBag from /usr/local/lib/python3.10/dist-packages/airflow/example_dags/example_sla_dag.py
[2023-12-06T18:23:43.098+0000] {processor.py:839} INFO - DAG(s) dict_keys(['example_sla_dag']) retrieved from /usr/local/lib/python3.10/dist-packages/airflow/example_dags/example_sla_dag.py
[2023-12-06T18:23:43.115+0000] {logging_mixin.py:154} INFO - [2023-12-06T18:23:43.115+0000] {dag.py:2941} INFO - Sync 1 DAGs
[2023-12-06T18:23:43.140+0000] {logging_mixin.py:154} INFO - [2023-12-06T18:23:43.140+0000] {dag.py:3722} INFO - Setting next_dagrun for example_sla_dag to 2023-12-06T18:20:00+00:00, run_after=2023-12-06T18:22:00+00:00
[2023-12-06T18:23:43.162+0000] {processor.py:179} INFO - Processing /usr/local/lib/python3.10/dist-packages/airflow/example_dags/example_sla_dag.py took 0.079 seconds
[2023-12-06T18:24:33.207+0000] {processor.py:157} INFO - Started process (PID=3832) to work on /usr/local/lib/python3.10/dist-packages/airflow/example_dags/example_sla_dag.py
[2023-12-06T18:24:33.208+0000] {processor.py:829} INFO - Processing file /usr/local/lib/python3.10/dist-packages/airflow/example_dags/example_sla_dag.py for tasks to queue
[2023-12-06T18:24:33.209+0000] {logging_mixin.py:154} INFO - [2023-12-06T18:24:33.209+0000] {dagbag.py:536} INFO - Filling up the DagBag from /usr/local/lib/python3.10/dist-packages/airflow/example_dags/example_sla_dag.py
[2023-12-06T18:24:33.219+0000] {processor.py:839} INFO - DAG(s) dict_keys(['example_sla_dag']) retrieved from /usr/local/lib/python3.10/dist-packages/airflow/example_dags/example_sla_dag.py
[2023-12-06T18:24:33.236+0000] {logging_mixin.py:154} INFO - [2023-12-06T18:24:33.235+0000] {dag.py:2941} INFO - Sync 1 DAGs
[2023-12-06T18:24:33.259+0000] {logging_mixin.py:154} INFO - [2023-12-06T18:24:33.259+0000] {dag.py:3722} INFO - Setting next_dagrun for example_sla_dag to 2023-12-06T18:22:00+00:00, run_after=2023-12-06T18:24:00+00:00
[2023-12-06T18:24:33.280+0000] {processor.py:179} INFO - Processing /usr/local/lib/python3.10/dist-packages/airflow/example_dags/example_sla_dag.py took 0.077 seconds
[2023-12-06T18:25:20.765+0000] {processor.py:157} INFO - Started process (PID=3883) to work on /usr/local/lib/python3.10/dist-packages/airflow/example_dags/example_sla_dag.py
[2023-12-06T18:25:20.766+0000] {processor.py:829} INFO - Processing file /usr/local/lib/python3.10/dist-packages/airflow/example_dags/example_sla_dag.py for tasks to queue
[2023-12-06T18:25:20.767+0000] {logging_mixin.py:154} INFO - [2023-12-06T18:25:20.767+0000] {dagbag.py:536} INFO - Filling up the DagBag from /usr/local/lib/python3.10/dist-packages/airflow/example_dags/example_sla_dag.py
[2023-12-06T18:25:20.777+0000] {processor.py:839} INFO - DAG(s) dict_keys(['example_sla_dag']) retrieved from /usr/local/lib/python3.10/dist-packages/airflow/example_dags/example_sla_dag.py
[2023-12-06T18:25:20.805+0000] {logging_mixin.py:154} INFO - [2023-12-06T18:25:20.804+0000] {dag.py:2941} INFO - Sync 1 DAGs
[2023-12-06T18:25:20.829+0000] {logging_mixin.py:154} INFO - [2023-12-06T18:25:20.829+0000] {dag.py:3722} INFO - Setting next_dagrun for example_sla_dag to 2023-12-06T18:22:00+00:00, run_after=2023-12-06T18:24:00+00:00
[2023-12-06T18:25:20.850+0000] {processor.py:179} INFO - Processing /usr/local/lib/python3.10/dist-packages/airflow/example_dags/example_sla_dag.py took 0.089 seconds
[2023-12-06T18:26:06.369+0000] {processor.py:157} INFO - Started process (PID=3931) to work on /usr/local/lib/python3.10/dist-packages/airflow/example_dags/example_sla_dag.py
[2023-12-06T18:26:06.371+0000] {processor.py:829} INFO - Processing file /usr/local/lib/python3.10/dist-packages/airflow/example_dags/example_sla_dag.py for tasks to queue
[2023-12-06T18:26:06.371+0000] {logging_mixin.py:154} INFO - [2023-12-06T18:26:06.371+0000] {dagbag.py:536} INFO - Filling up the DagBag from /usr/local/lib/python3.10/dist-packages/airflow/example_dags/example_sla_dag.py
[2023-12-06T18:26:06.402+0000] {processor.py:839} INFO - DAG(s) dict_keys(['example_sla_dag']) retrieved from /usr/local/lib/python3.10/dist-packages/airflow/example_dags/example_sla_dag.py
[2023-12-06T18:26:06.441+0000] {logging_mixin.py:154} INFO - [2023-12-06T18:26:06.437+0000] {dag.py:2941} INFO - Sync 1 DAGs
[2023-12-06T18:26:06.477+0000] {logging_mixin.py:154} INFO - [2023-12-06T18:26:06.477+0000] {dag.py:3722} INFO - Setting next_dagrun for example_sla_dag to 2023-12-06T18:24:00+00:00, run_after=2023-12-06T18:26:00+00:00
[2023-12-06T18:26:06.502+0000] {processor.py:179} INFO - Processing /usr/local/lib/python3.10/dist-packages/airflow/example_dags/example_sla_dag.py took 0.141 seconds
[2023-12-06T18:26:53.280+0000] {processor.py:157} INFO - Started process (PID=3981) to work on /usr/local/lib/python3.10/dist-packages/airflow/example_dags/example_sla_dag.py
[2023-12-06T18:26:53.282+0000] {processor.py:829} INFO - Processing file /usr/local/lib/python3.10/dist-packages/airflow/example_dags/example_sla_dag.py for tasks to queue
[2023-12-06T18:26:53.283+0000] {logging_mixin.py:154} INFO - [2023-12-06T18:26:53.283+0000] {dagbag.py:536} INFO - Filling up the DagBag from /usr/local/lib/python3.10/dist-packages/airflow/example_dags/example_sla_dag.py
[2023-12-06T18:26:53.294+0000] {processor.py:839} INFO - DAG(s) dict_keys(['example_sla_dag']) retrieved from /usr/local/lib/python3.10/dist-packages/airflow/example_dags/example_sla_dag.py
[2023-12-06T18:26:53.311+0000] {logging_mixin.py:154} INFO - [2023-12-06T18:26:53.311+0000] {dag.py:2941} INFO - Sync 1 DAGs
[2023-12-06T18:26:53.335+0000] {logging_mixin.py:154} INFO - [2023-12-06T18:26:53.335+0000] {dag.py:3722} INFO - Setting next_dagrun for example_sla_dag to 2023-12-06T18:24:00+00:00, run_after=2023-12-06T18:26:00+00:00
[2023-12-06T18:26:53.356+0000] {processor.py:179} INFO - Processing /usr/local/lib/python3.10/dist-packages/airflow/example_dags/example_sla_dag.py took 0.083 seconds
[2023-12-06T18:27:39.266+0000] {processor.py:157} INFO - Started process (PID=4027) to work on /usr/local/lib/python3.10/dist-packages/airflow/example_dags/example_sla_dag.py
[2023-12-06T18:27:39.268+0000] {processor.py:829} INFO - Processing file /usr/local/lib/python3.10/dist-packages/airflow/example_dags/example_sla_dag.py for tasks to queue
[2023-12-06T18:27:39.268+0000] {logging_mixin.py:154} INFO - [2023-12-06T18:27:39.268+0000] {dagbag.py:536} INFO - Filling up the DagBag from /usr/local/lib/python3.10/dist-packages/airflow/example_dags/example_sla_dag.py
[2023-12-06T18:27:39.278+0000] {processor.py:839} INFO - DAG(s) dict_keys(['example_sla_dag']) retrieved from /usr/local/lib/python3.10/dist-packages/airflow/example_dags/example_sla_dag.py
[2023-12-06T18:27:39.295+0000] {logging_mixin.py:154} INFO - [2023-12-06T18:27:39.295+0000] {dag.py:2941} INFO - Sync 1 DAGs
[2023-12-06T18:27:39.319+0000] {logging_mixin.py:154} INFO - [2023-12-06T18:27:39.319+0000] {dag.py:3722} INFO - Setting next_dagrun for example_sla_dag to 2023-12-06T18:24:00+00:00, run_after=2023-12-06T18:26:00+00:00
[2023-12-06T18:27:39.350+0000] {processor.py:179} INFO - Processing /usr/local/lib/python3.10/dist-packages/airflow/example_dags/example_sla_dag.py took 0.088 seconds
[2023-12-06T18:28:24.289+0000] {processor.py:157} INFO - Started process (PID=4075) to work on /usr/local/lib/python3.10/dist-packages/airflow/example_dags/example_sla_dag.py
[2023-12-06T18:28:24.290+0000] {processor.py:829} INFO - Processing file /usr/local/lib/python3.10/dist-packages/airflow/example_dags/example_sla_dag.py for tasks to queue
[2023-12-06T18:28:24.291+0000] {logging_mixin.py:154} INFO - [2023-12-06T18:28:24.291+0000] {dagbag.py:536} INFO - Filling up the DagBag from /usr/local/lib/python3.10/dist-packages/airflow/example_dags/example_sla_dag.py
[2023-12-06T18:28:24.301+0000] {processor.py:839} INFO - DAG(s) dict_keys(['example_sla_dag']) retrieved from /usr/local/lib/python3.10/dist-packages/airflow/example_dags/example_sla_dag.py
[2023-12-06T18:28:24.318+0000] {logging_mixin.py:154} INFO - [2023-12-06T18:28:24.318+0000] {dag.py:2941} INFO - Sync 1 DAGs
[2023-12-06T18:28:24.343+0000] {logging_mixin.py:154} INFO - [2023-12-06T18:28:24.342+0000] {dag.py:3722} INFO - Setting next_dagrun for example_sla_dag to 2023-12-06T18:26:00+00:00, run_after=2023-12-06T18:28:00+00:00
[2023-12-06T18:28:24.366+0000] {processor.py:179} INFO - Processing /usr/local/lib/python3.10/dist-packages/airflow/example_dags/example_sla_dag.py took 0.081 seconds
[2023-12-06T18:29:12.407+0000] {processor.py:157} INFO - Started process (PID=4126) to work on /usr/local/lib/python3.10/dist-packages/airflow/example_dags/example_sla_dag.py
[2023-12-06T18:29:12.408+0000] {processor.py:829} INFO - Processing file /usr/local/lib/python3.10/dist-packages/airflow/example_dags/example_sla_dag.py for tasks to queue
[2023-12-06T18:29:12.409+0000] {logging_mixin.py:154} INFO - [2023-12-06T18:29:12.409+0000] {dagbag.py:536} INFO - Filling up the DagBag from /usr/local/lib/python3.10/dist-packages/airflow/example_dags/example_sla_dag.py
[2023-12-06T18:29:12.419+0000] {processor.py:839} INFO - DAG(s) dict_keys(['example_sla_dag']) retrieved from /usr/local/lib/python3.10/dist-packages/airflow/example_dags/example_sla_dag.py
[2023-12-06T18:29:12.435+0000] {logging_mixin.py:154} INFO - [2023-12-06T18:29:12.435+0000] {dag.py:2941} INFO - Sync 1 DAGs
[2023-12-06T18:29:12.458+0000] {logging_mixin.py:154} INFO - [2023-12-06T18:29:12.458+0000] {dag.py:3722} INFO - Setting next_dagrun for example_sla_dag to 2023-12-06T18:26:00+00:00, run_after=2023-12-06T18:28:00+00:00
[2023-12-06T18:29:12.480+0000] {processor.py:179} INFO - Processing /usr/local/lib/python3.10/dist-packages/airflow/example_dags/example_sla_dag.py took 0.077 seconds
[2023-12-06T18:29:56.207+0000] {processor.py:157} INFO - Started process (PID=4172) to work on /usr/local/lib/python3.10/dist-packages/airflow/example_dags/example_sla_dag.py
[2023-12-06T18:29:56.208+0000] {processor.py:829} INFO - Processing file /usr/local/lib/python3.10/dist-packages/airflow/example_dags/example_sla_dag.py for tasks to queue
[2023-12-06T18:29:56.209+0000] {logging_mixin.py:154} INFO - [2023-12-06T18:29:56.208+0000] {dagbag.py:536} INFO - Filling up the DagBag from /usr/local/lib/python3.10/dist-packages/airflow/example_dags/example_sla_dag.py
[2023-12-06T18:29:56.218+0000] {processor.py:839} INFO - DAG(s) dict_keys(['example_sla_dag']) retrieved from /usr/local/lib/python3.10/dist-packages/airflow/example_dags/example_sla_dag.py
[2023-12-06T18:29:56.234+0000] {logging_mixin.py:154} INFO - [2023-12-06T18:29:56.234+0000] {dag.py:2941} INFO - Sync 1 DAGs
[2023-12-06T18:29:56.258+0000] {logging_mixin.py:154} INFO - [2023-12-06T18:29:56.258+0000] {dag.py:3722} INFO - Setting next_dagrun for example_sla_dag to 2023-12-06T18:26:00+00:00, run_after=2023-12-06T18:28:00+00:00
[2023-12-06T18:29:56.279+0000] {processor.py:179} INFO - Processing /usr/local/lib/python3.10/dist-packages/airflow/example_dags/example_sla_dag.py took 0.076 seconds
[2023-12-06T18:30:42.163+0000] {processor.py:157} INFO - Started process (PID=4219) to work on /usr/local/lib/python3.10/dist-packages/airflow/example_dags/example_sla_dag.py
[2023-12-06T18:30:42.164+0000] {processor.py:829} INFO - Processing file /usr/local/lib/python3.10/dist-packages/airflow/example_dags/example_sla_dag.py for tasks to queue
[2023-12-06T18:30:42.165+0000] {logging_mixin.py:154} INFO - [2023-12-06T18:30:42.165+0000] {dagbag.py:536} INFO - Filling up the DagBag from /usr/local/lib/python3.10/dist-packages/airflow/example_dags/example_sla_dag.py
[2023-12-06T18:30:42.175+0000] {processor.py:839} INFO - DAG(s) dict_keys(['example_sla_dag']) retrieved from /usr/local/lib/python3.10/dist-packages/airflow/example_dags/example_sla_dag.py
[2023-12-06T18:30:42.193+0000] {logging_mixin.py:154} INFO - [2023-12-06T18:30:42.193+0000] {dag.py:2941} INFO - Sync 1 DAGs
[2023-12-06T18:30:42.218+0000] {logging_mixin.py:154} INFO - [2023-12-06T18:30:42.218+0000] {dag.py:3722} INFO - Setting next_dagrun for example_sla_dag to 2023-12-06T18:28:00+00:00, run_after=2023-12-06T18:30:00+00:00
[2023-12-06T18:30:42.244+0000] {processor.py:179} INFO - Processing /usr/local/lib/python3.10/dist-packages/airflow/example_dags/example_sla_dag.py took 0.085 seconds
[2023-12-06T18:31:25.176+0000] {processor.py:157} INFO - Started process (PID=4264) to work on /usr/local/lib/python3.10/dist-packages/airflow/example_dags/example_sla_dag.py
[2023-12-06T18:31:25.177+0000] {processor.py:829} INFO - Processing file /usr/local/lib/python3.10/dist-packages/airflow/example_dags/example_sla_dag.py for tasks to queue
[2023-12-06T18:31:25.178+0000] {logging_mixin.py:154} INFO - [2023-12-06T18:31:25.178+0000] {dagbag.py:536} INFO - Filling up the DagBag from /usr/local/lib/python3.10/dist-packages/airflow/example_dags/example_sla_dag.py
[2023-12-06T18:31:25.188+0000] {processor.py:839} INFO - DAG(s) dict_keys(['example_sla_dag']) retrieved from /usr/local/lib/python3.10/dist-packages/airflow/example_dags/example_sla_dag.py
[2023-12-06T18:31:25.206+0000] {logging_mixin.py:154} INFO - [2023-12-06T18:31:25.206+0000] {dag.py:2941} INFO - Sync 1 DAGs
[2023-12-06T18:31:25.230+0000] {logging_mixin.py:154} INFO - [2023-12-06T18:31:25.229+0000] {dag.py:3722} INFO - Setting next_dagrun for example_sla_dag to 2023-12-06T18:28:00+00:00, run_after=2023-12-06T18:30:00+00:00
[2023-12-06T18:31:25.251+0000] {processor.py:179} INFO - Processing /usr/local/lib/python3.10/dist-packages/airflow/example_dags/example_sla_dag.py took 0.079 seconds
[2023-12-06T18:32:07.736+0000] {processor.py:157} INFO - Started process (PID=4310) to work on /usr/local/lib/python3.10/dist-packages/airflow/example_dags/example_sla_dag.py
[2023-12-06T18:32:07.738+0000] {processor.py:829} INFO - Processing file /usr/local/lib/python3.10/dist-packages/airflow/example_dags/example_sla_dag.py for tasks to queue
[2023-12-06T18:32:07.738+0000] {logging_mixin.py:154} INFO - [2023-12-06T18:32:07.738+0000] {dagbag.py:536} INFO - Filling up the DagBag from /usr/local/lib/python3.10/dist-packages/airflow/example_dags/example_sla_dag.py
[2023-12-06T18:32:07.748+0000] {processor.py:839} INFO - DAG(s) dict_keys(['example_sla_dag']) retrieved from /usr/local/lib/python3.10/dist-packages/airflow/example_dags/example_sla_dag.py
[2023-12-06T18:32:07.765+0000] {logging_mixin.py:154} INFO - [2023-12-06T18:32:07.765+0000] {dag.py:2941} INFO - Sync 1 DAGs
[2023-12-06T18:32:07.790+0000] {logging_mixin.py:154} INFO - [2023-12-06T18:32:07.789+0000] {dag.py:3722} INFO - Setting next_dagrun for example_sla_dag to 2023-12-06T18:30:00+00:00, run_after=2023-12-06T18:32:00+00:00
[2023-12-06T18:32:07.812+0000] {processor.py:179} INFO - Processing /usr/local/lib/python3.10/dist-packages/airflow/example_dags/example_sla_dag.py took 0.080 seconds
[2023-12-06T18:32:52.026+0000] {processor.py:157} INFO - Started process (PID=4355) to work on /usr/local/lib/python3.10/dist-packages/airflow/example_dags/example_sla_dag.py
[2023-12-06T18:32:52.027+0000] {processor.py:829} INFO - Processing file /usr/local/lib/python3.10/dist-packages/airflow/example_dags/example_sla_dag.py for tasks to queue
[2023-12-06T18:32:52.028+0000] {logging_mixin.py:154} INFO - [2023-12-06T18:32:52.028+0000] {dagbag.py:536} INFO - Filling up the DagBag from /usr/local/lib/python3.10/dist-packages/airflow/example_dags/example_sla_dag.py
[2023-12-06T18:32:52.038+0000] {processor.py:839} INFO - DAG(s) dict_keys(['example_sla_dag']) retrieved from /usr/local/lib/python3.10/dist-packages/airflow/example_dags/example_sla_dag.py
[2023-12-06T18:32:52.055+0000] {logging_mixin.py:154} INFO - [2023-12-06T18:32:52.055+0000] {dag.py:2941} INFO - Sync 1 DAGs
[2023-12-06T18:32:52.079+0000] {logging_mixin.py:154} INFO - [2023-12-06T18:32:52.079+0000] {dag.py:3722} INFO - Setting next_dagrun for example_sla_dag to 2023-12-06T18:30:00+00:00, run_after=2023-12-06T18:32:00+00:00
[2023-12-06T18:32:52.101+0000] {processor.py:179} INFO - Processing /usr/local/lib/python3.10/dist-packages/airflow/example_dags/example_sla_dag.py took 0.079 seconds
[2023-12-06T18:33:40.406+0000] {processor.py:157} INFO - Started process (PID=4403) to work on /usr/local/lib/python3.10/dist-packages/airflow/example_dags/example_sla_dag.py
[2023-12-06T18:33:40.408+0000] {processor.py:829} INFO - Processing file /usr/local/lib/python3.10/dist-packages/airflow/example_dags/example_sla_dag.py for tasks to queue
[2023-12-06T18:33:40.409+0000] {logging_mixin.py:154} INFO - [2023-12-06T18:33:40.408+0000] {dagbag.py:536} INFO - Filling up the DagBag from /usr/local/lib/python3.10/dist-packages/airflow/example_dags/example_sla_dag.py
[2023-12-06T18:33:40.418+0000] {processor.py:839} INFO - DAG(s) dict_keys(['example_sla_dag']) retrieved from /usr/local/lib/python3.10/dist-packages/airflow/example_dags/example_sla_dag.py
[2023-12-06T18:33:40.435+0000] {logging_mixin.py:154} INFO - [2023-12-06T18:33:40.435+0000] {dag.py:2941} INFO - Sync 1 DAGs
[2023-12-06T18:33:40.470+0000] {logging_mixin.py:154} INFO - [2023-12-06T18:33:40.470+0000] {dag.py:3722} INFO - Setting next_dagrun for example_sla_dag to 2023-12-06T18:30:00+00:00, run_after=2023-12-06T18:32:00+00:00
[2023-12-06T18:33:40.494+0000] {processor.py:179} INFO - Processing /usr/local/lib/python3.10/dist-packages/airflow/example_dags/example_sla_dag.py took 0.091 seconds
[2023-12-06T18:34:27.138+0000] {processor.py:157} INFO - Started process (PID=4451) to work on /usr/local/lib/python3.10/dist-packages/airflow/example_dags/example_sla_dag.py
[2023-12-06T18:34:27.139+0000] {processor.py:829} INFO - Processing file /usr/local/lib/python3.10/dist-packages/airflow/example_dags/example_sla_dag.py for tasks to queue
[2023-12-06T18:34:27.140+0000] {logging_mixin.py:154} INFO - [2023-12-06T18:34:27.140+0000] {dagbag.py:536} INFO - Filling up the DagBag from /usr/local/lib/python3.10/dist-packages/airflow/example_dags/example_sla_dag.py
[2023-12-06T18:34:27.150+0000] {processor.py:839} INFO - DAG(s) dict_keys(['example_sla_dag']) retrieved from /usr/local/lib/python3.10/dist-packages/airflow/example_dags/example_sla_dag.py
[2023-12-06T18:34:27.167+0000] {logging_mixin.py:154} INFO - [2023-12-06T18:34:27.167+0000] {dag.py:2941} INFO - Sync 1 DAGs
[2023-12-06T18:34:27.202+0000] {logging_mixin.py:154} INFO - [2023-12-06T18:34:27.202+0000] {dag.py:3722} INFO - Setting next_dagrun for example_sla_dag to 2023-12-06T18:32:00+00:00, run_after=2023-12-06T18:34:00+00:00
[2023-12-06T18:34:27.237+0000] {processor.py:179} INFO - Processing /usr/local/lib/python3.10/dist-packages/airflow/example_dags/example_sla_dag.py took 0.102 seconds
[2023-12-06T18:35:11.898+0000] {processor.py:157} INFO - Started process (PID=4497) to work on /usr/local/lib/python3.10/dist-packages/airflow/example_dags/example_sla_dag.py
[2023-12-06T18:35:11.900+0000] {processor.py:829} INFO - Processing file /usr/local/lib/python3.10/dist-packages/airflow/example_dags/example_sla_dag.py for tasks to queue
[2023-12-06T18:35:11.901+0000] {logging_mixin.py:154} INFO - [2023-12-06T18:35:11.900+0000] {dagbag.py:536} INFO - Filling up the DagBag from /usr/local/lib/python3.10/dist-packages/airflow/example_dags/example_sla_dag.py
[2023-12-06T18:35:11.910+0000] {processor.py:839} INFO - DAG(s) dict_keys(['example_sla_dag']) retrieved from /usr/local/lib/python3.10/dist-packages/airflow/example_dags/example_sla_dag.py
[2023-12-06T18:35:11.927+0000] {logging_mixin.py:154} INFO - [2023-12-06T18:35:11.927+0000] {dag.py:2941} INFO - Sync 1 DAGs
[2023-12-06T18:35:11.951+0000] {logging_mixin.py:154} INFO - [2023-12-06T18:35:11.950+0000] {dag.py:3722} INFO - Setting next_dagrun for example_sla_dag to 2023-12-06T18:32:00+00:00, run_after=2023-12-06T18:34:00+00:00
[2023-12-06T18:35:11.974+0000] {processor.py:179} INFO - Processing /usr/local/lib/python3.10/dist-packages/airflow/example_dags/example_sla_dag.py took 0.083 seconds
[2023-12-06T18:35:58.508+0000] {processor.py:157} INFO - Started process (PID=4546) to work on /usr/local/lib/python3.10/dist-packages/airflow/example_dags/example_sla_dag.py
[2023-12-06T18:35:58.510+0000] {processor.py:829} INFO - Processing file /usr/local/lib/python3.10/dist-packages/airflow/example_dags/example_sla_dag.py for tasks to queue
[2023-12-06T18:35:58.511+0000] {logging_mixin.py:154} INFO - [2023-12-06T18:35:58.510+0000] {dagbag.py:536} INFO - Filling up the DagBag from /usr/local/lib/python3.10/dist-packages/airflow/example_dags/example_sla_dag.py
[2023-12-06T18:35:58.520+0000] {processor.py:839} INFO - DAG(s) dict_keys(['example_sla_dag']) retrieved from /usr/local/lib/python3.10/dist-packages/airflow/example_dags/example_sla_dag.py
[2023-12-06T18:35:58.537+0000] {logging_mixin.py:154} INFO - [2023-12-06T18:35:58.537+0000] {dag.py:2941} INFO - Sync 1 DAGs
[2023-12-06T18:35:58.561+0000] {logging_mixin.py:154} INFO - [2023-12-06T18:35:58.561+0000] {dag.py:3722} INFO - Setting next_dagrun for example_sla_dag to 2023-12-06T18:32:00+00:00, run_after=2023-12-06T18:34:00+00:00
[2023-12-06T18:35:58.582+0000] {processor.py:179} INFO - Processing /usr/local/lib/python3.10/dist-packages/airflow/example_dags/example_sla_dag.py took 0.078 seconds
[2023-12-06T18:36:45.421+0000] {processor.py:157} INFO - Started process (PID=4594) to work on /usr/local/lib/python3.10/dist-packages/airflow/example_dags/example_sla_dag.py
[2023-12-06T18:36:45.423+0000] {processor.py:829} INFO - Processing file /usr/local/lib/python3.10/dist-packages/airflow/example_dags/example_sla_dag.py for tasks to queue
[2023-12-06T18:36:45.423+0000] {logging_mixin.py:154} INFO - [2023-12-06T18:36:45.423+0000] {dagbag.py:536} INFO - Filling up the DagBag from /usr/local/lib/python3.10/dist-packages/airflow/example_dags/example_sla_dag.py
[2023-12-06T18:36:45.433+0000] {processor.py:839} INFO - DAG(s) dict_keys(['example_sla_dag']) retrieved from /usr/local/lib/python3.10/dist-packages/airflow/example_dags/example_sla_dag.py
[2023-12-06T18:36:45.461+0000] {logging_mixin.py:154} INFO - [2023-12-06T18:36:45.461+0000] {dag.py:2941} INFO - Sync 1 DAGs
[2023-12-06T18:36:45.485+0000] {logging_mixin.py:154} INFO - [2023-12-06T18:36:45.485+0000] {dag.py:3722} INFO - Setting next_dagrun for example_sla_dag to 2023-12-06T18:34:00+00:00, run_after=2023-12-06T18:36:00+00:00
[2023-12-06T18:36:45.506+0000] {processor.py:179} INFO - Processing /usr/local/lib/python3.10/dist-packages/airflow/example_dags/example_sla_dag.py took 0.089 seconds
[2023-12-06T18:37:30.308+0000] {processor.py:157} INFO - Started process (PID=4641) to work on /usr/local/lib/python3.10/dist-packages/airflow/example_dags/example_sla_dag.py
[2023-12-06T18:37:30.310+0000] {processor.py:829} INFO - Processing file /usr/local/lib/python3.10/dist-packages/airflow/example_dags/example_sla_dag.py for tasks to queue
[2023-12-06T18:37:30.311+0000] {logging_mixin.py:154} INFO - [2023-12-06T18:37:30.310+0000] {dagbag.py:536} INFO - Filling up the DagBag from /usr/local/lib/python3.10/dist-packages/airflow/example_dags/example_sla_dag.py
[2023-12-06T18:37:30.321+0000] {processor.py:839} INFO - DAG(s) dict_keys(['example_sla_dag']) retrieved from /usr/local/lib/python3.10/dist-packages/airflow/example_dags/example_sla_dag.py
[2023-12-06T18:37:30.337+0000] {logging_mixin.py:154} INFO - [2023-12-06T18:37:30.337+0000] {dag.py:2941} INFO - Sync 1 DAGs
[2023-12-06T18:37:30.367+0000] {logging_mixin.py:154} INFO - [2023-12-06T18:37:30.366+0000] {dag.py:3722} INFO - Setting next_dagrun for example_sla_dag to 2023-12-06T18:34:00+00:00, run_after=2023-12-06T18:36:00+00:00
[2023-12-06T18:37:30.388+0000] {processor.py:179} INFO - Processing /usr/local/lib/python3.10/dist-packages/airflow/example_dags/example_sla_dag.py took 0.083 seconds
[2023-12-06T18:38:16.695+0000] {processor.py:157} INFO - Started process (PID=4688) to work on /usr/local/lib/python3.10/dist-packages/airflow/example_dags/example_sla_dag.py
[2023-12-06T18:38:16.696+0000] {processor.py:829} INFO - Processing file /usr/local/lib/python3.10/dist-packages/airflow/example_dags/example_sla_dag.py for tasks to queue
[2023-12-06T18:38:16.697+0000] {logging_mixin.py:154} INFO - [2023-12-06T18:38:16.697+0000] {dagbag.py:536} INFO - Filling up the DagBag from /usr/local/lib/python3.10/dist-packages/airflow/example_dags/example_sla_dag.py
[2023-12-06T18:38:16.713+0000] {processor.py:839} INFO - DAG(s) dict_keys(['example_sla_dag']) retrieved from /usr/local/lib/python3.10/dist-packages/airflow/example_dags/example_sla_dag.py
[2023-12-06T18:38:16.730+0000] {logging_mixin.py:154} INFO - [2023-12-06T18:38:16.730+0000] {dag.py:2941} INFO - Sync 1 DAGs
[2023-12-06T18:38:16.754+0000] {logging_mixin.py:154} INFO - [2023-12-06T18:38:16.754+0000] {dag.py:3722} INFO - Setting next_dagrun for example_sla_dag to 2023-12-06T18:36:00+00:00, run_after=2023-12-06T18:38:00+00:00
[2023-12-06T18:38:16.776+0000] {processor.py:179} INFO - Processing /usr/local/lib/python3.10/dist-packages/airflow/example_dags/example_sla_dag.py took 0.085 seconds
[2023-12-06T18:39:05.869+0000] {processor.py:157} INFO - Started process (PID=4737) to work on /usr/local/lib/python3.10/dist-packages/airflow/example_dags/example_sla_dag.py
[2023-12-06T18:39:05.871+0000] {processor.py:829} INFO - Processing file /usr/local/lib/python3.10/dist-packages/airflow/example_dags/example_sla_dag.py for tasks to queue
[2023-12-06T18:39:05.871+0000] {logging_mixin.py:154} INFO - [2023-12-06T18:39:05.871+0000] {dagbag.py:536} INFO - Filling up the DagBag from /usr/local/lib/python3.10/dist-packages/airflow/example_dags/example_sla_dag.py
[2023-12-06T18:39:05.881+0000] {processor.py:839} INFO - DAG(s) dict_keys(['example_sla_dag']) retrieved from /usr/local/lib/python3.10/dist-packages/airflow/example_dags/example_sla_dag.py
[2023-12-06T18:39:05.898+0000] {logging_mixin.py:154} INFO - [2023-12-06T18:39:05.898+0000] {dag.py:2941} INFO - Sync 1 DAGs
[2023-12-06T18:39:05.922+0000] {logging_mixin.py:154} INFO - [2023-12-06T18:39:05.922+0000] {dag.py:3722} INFO - Setting next_dagrun for example_sla_dag to 2023-12-06T18:36:00+00:00, run_after=2023-12-06T18:38:00+00:00
[2023-12-06T18:39:05.945+0000] {processor.py:179} INFO - Processing /usr/local/lib/python3.10/dist-packages/airflow/example_dags/example_sla_dag.py took 0.080 seconds
[2023-12-06T18:39:52.646+0000] {processor.py:157} INFO - Started process (PID=4785) to work on /usr/local/lib/python3.10/dist-packages/airflow/example_dags/example_sla_dag.py
[2023-12-06T18:39:52.647+0000] {processor.py:829} INFO - Processing file /usr/local/lib/python3.10/dist-packages/airflow/example_dags/example_sla_dag.py for tasks to queue
[2023-12-06T18:39:52.648+0000] {logging_mixin.py:154} INFO - [2023-12-06T18:39:52.648+0000] {dagbag.py:536} INFO - Filling up the DagBag from /usr/local/lib/python3.10/dist-packages/airflow/example_dags/example_sla_dag.py
[2023-12-06T18:39:52.658+0000] {processor.py:839} INFO - DAG(s) dict_keys(['example_sla_dag']) retrieved from /usr/local/lib/python3.10/dist-packages/airflow/example_dags/example_sla_dag.py
[2023-12-06T18:39:52.674+0000] {logging_mixin.py:154} INFO - [2023-12-06T18:39:52.674+0000] {dag.py:2941} INFO - Sync 1 DAGs
[2023-12-06T18:39:52.698+0000] {logging_mixin.py:154} INFO - [2023-12-06T18:39:52.698+0000] {dag.py:3722} INFO - Setting next_dagrun for example_sla_dag to 2023-12-06T18:36:00+00:00, run_after=2023-12-06T18:38:00+00:00
[2023-12-06T18:39:52.764+0000] {processor.py:179} INFO - Processing /usr/local/lib/python3.10/dist-packages/airflow/example_dags/example_sla_dag.py took 0.122 seconds
[2023-12-06T18:40:44.270+0000] {processor.py:157} INFO - Started process (PID=4836) to work on /usr/local/lib/python3.10/dist-packages/airflow/example_dags/example_sla_dag.py
[2023-12-06T18:40:44.272+0000] {processor.py:829} INFO - Processing file /usr/local/lib/python3.10/dist-packages/airflow/example_dags/example_sla_dag.py for tasks to queue
[2023-12-06T18:40:44.272+0000] {logging_mixin.py:154} INFO - [2023-12-06T18:40:44.272+0000] {dagbag.py:536} INFO - Filling up the DagBag from /usr/local/lib/python3.10/dist-packages/airflow/example_dags/example_sla_dag.py
[2023-12-06T18:40:44.282+0000] {processor.py:839} INFO - DAG(s) dict_keys(['example_sla_dag']) retrieved from /usr/local/lib/python3.10/dist-packages/airflow/example_dags/example_sla_dag.py
[2023-12-06T18:40:44.299+0000] {logging_mixin.py:154} INFO - [2023-12-06T18:40:44.299+0000] {dag.py:2941} INFO - Sync 1 DAGs
[2023-12-06T18:40:44.324+0000] {logging_mixin.py:154} INFO - [2023-12-06T18:40:44.323+0000] {dag.py:3722} INFO - Setting next_dagrun for example_sla_dag to 2023-12-06T18:38:00+00:00, run_after=2023-12-06T18:40:00+00:00
[2023-12-06T18:40:44.345+0000] {processor.py:179} INFO - Processing /usr/local/lib/python3.10/dist-packages/airflow/example_dags/example_sla_dag.py took 0.079 seconds
[2023-12-06T18:41:35.089+0000] {processor.py:157} INFO - Started process (PID=4886) to work on /usr/local/lib/python3.10/dist-packages/airflow/example_dags/example_sla_dag.py
[2023-12-06T18:41:35.092+0000] {processor.py:829} INFO - Processing file /usr/local/lib/python3.10/dist-packages/airflow/example_dags/example_sla_dag.py for tasks to queue
[2023-12-06T18:41:35.093+0000] {logging_mixin.py:154} INFO - [2023-12-06T18:41:35.093+0000] {dagbag.py:536} INFO - Filling up the DagBag from /usr/local/lib/python3.10/dist-packages/airflow/example_dags/example_sla_dag.py
[2023-12-06T18:41:35.103+0000] {processor.py:839} INFO - DAG(s) dict_keys(['example_sla_dag']) retrieved from /usr/local/lib/python3.10/dist-packages/airflow/example_dags/example_sla_dag.py
[2023-12-06T18:41:35.120+0000] {logging_mixin.py:154} INFO - [2023-12-06T18:41:35.120+0000] {dag.py:2941} INFO - Sync 1 DAGs
[2023-12-06T18:41:35.143+0000] {logging_mixin.py:154} INFO - [2023-12-06T18:41:35.143+0000] {dag.py:3722} INFO - Setting next_dagrun for example_sla_dag to 2023-12-06T18:38:00+00:00, run_after=2023-12-06T18:40:00+00:00
[2023-12-06T18:41:35.167+0000] {processor.py:179} INFO - Processing /usr/local/lib/python3.10/dist-packages/airflow/example_dags/example_sla_dag.py took 0.081 seconds
[2023-12-06T18:42:19.012+0000] {processor.py:157} INFO - Started process (PID=4932) to work on /usr/local/lib/python3.10/dist-packages/airflow/example_dags/example_sla_dag.py
[2023-12-06T18:42:19.013+0000] {processor.py:829} INFO - Processing file /usr/local/lib/python3.10/dist-packages/airflow/example_dags/example_sla_dag.py for tasks to queue
[2023-12-06T18:42:19.014+0000] {logging_mixin.py:154} INFO - [2023-12-06T18:42:19.014+0000] {dagbag.py:536} INFO - Filling up the DagBag from /usr/local/lib/python3.10/dist-packages/airflow/example_dags/example_sla_dag.py
[2023-12-06T18:42:19.024+0000] {processor.py:839} INFO - DAG(s) dict_keys(['example_sla_dag']) retrieved from /usr/local/lib/python3.10/dist-packages/airflow/example_dags/example_sla_dag.py
[2023-12-06T18:42:19.041+0000] {logging_mixin.py:154} INFO - [2023-12-06T18:42:19.040+0000] {dag.py:2941} INFO - Sync 1 DAGs
[2023-12-06T18:42:19.065+0000] {logging_mixin.py:154} INFO - [2023-12-06T18:42:19.065+0000] {dag.py:3722} INFO - Setting next_dagrun for example_sla_dag to 2023-12-06T18:40:00+00:00, run_after=2023-12-06T18:42:00+00:00
[2023-12-06T18:42:19.087+0000] {processor.py:179} INFO - Processing /usr/local/lib/python3.10/dist-packages/airflow/example_dags/example_sla_dag.py took 0.079 seconds
[2023-12-06T18:43:10.488+0000] {processor.py:157} INFO - Started process (PID=4983) to work on /usr/local/lib/python3.10/dist-packages/airflow/example_dags/example_sla_dag.py
[2023-12-06T18:43:10.490+0000] {processor.py:829} INFO - Processing file /usr/local/lib/python3.10/dist-packages/airflow/example_dags/example_sla_dag.py for tasks to queue
[2023-12-06T18:43:10.491+0000] {logging_mixin.py:154} INFO - [2023-12-06T18:43:10.490+0000] {dagbag.py:536} INFO - Filling up the DagBag from /usr/local/lib/python3.10/dist-packages/airflow/example_dags/example_sla_dag.py
[2023-12-06T18:43:10.500+0000] {processor.py:839} INFO - DAG(s) dict_keys(['example_sla_dag']) retrieved from /usr/local/lib/python3.10/dist-packages/airflow/example_dags/example_sla_dag.py
[2023-12-06T18:43:10.517+0000] {logging_mixin.py:154} INFO - [2023-12-06T18:43:10.517+0000] {dag.py:2941} INFO - Sync 1 DAGs
[2023-12-06T18:43:10.541+0000] {logging_mixin.py:154} INFO - [2023-12-06T18:43:10.541+0000] {dag.py:3722} INFO - Setting next_dagrun for example_sla_dag to 2023-12-06T18:40:00+00:00, run_after=2023-12-06T18:42:00+00:00
[2023-12-06T18:43:10.563+0000] {processor.py:179} INFO - Processing /usr/local/lib/python3.10/dist-packages/airflow/example_dags/example_sla_dag.py took 0.078 seconds
[2023-12-06T18:44:02.237+0000] {processor.py:157} INFO - Started process (PID=5034) to work on /usr/local/lib/python3.10/dist-packages/airflow/example_dags/example_sla_dag.py
[2023-12-06T18:44:02.240+0000] {processor.py:829} INFO - Processing file /usr/local/lib/python3.10/dist-packages/airflow/example_dags/example_sla_dag.py for tasks to queue
[2023-12-06T18:44:02.241+0000] {logging_mixin.py:154} INFO - [2023-12-06T18:44:02.241+0000] {dagbag.py:536} INFO - Filling up the DagBag from /usr/local/lib/python3.10/dist-packages/airflow/example_dags/example_sla_dag.py
[2023-12-06T18:44:02.252+0000] {processor.py:839} INFO - DAG(s) dict_keys(['example_sla_dag']) retrieved from /usr/local/lib/python3.10/dist-packages/airflow/example_dags/example_sla_dag.py
[2023-12-06T18:44:02.272+0000] {logging_mixin.py:154} INFO - [2023-12-06T18:44:02.271+0000] {dag.py:2941} INFO - Sync 1 DAGs
[2023-12-06T18:44:02.305+0000] {logging_mixin.py:154} INFO - [2023-12-06T18:44:02.305+0000] {dag.py:3722} INFO - Setting next_dagrun for example_sla_dag to 2023-12-06T18:42:00+00:00, run_after=2023-12-06T18:44:00+00:00
[2023-12-06T18:44:02.332+0000] {processor.py:179} INFO - Processing /usr/local/lib/python3.10/dist-packages/airflow/example_dags/example_sla_dag.py took 0.098 seconds
[2023-12-06T18:44:51.412+0000] {processor.py:157} INFO - Started process (PID=5084) to work on /usr/local/lib/python3.10/dist-packages/airflow/example_dags/example_sla_dag.py
[2023-12-06T18:44:51.414+0000] {processor.py:829} INFO - Processing file /usr/local/lib/python3.10/dist-packages/airflow/example_dags/example_sla_dag.py for tasks to queue
[2023-12-06T18:44:51.415+0000] {logging_mixin.py:154} INFO - [2023-12-06T18:44:51.414+0000] {dagbag.py:536} INFO - Filling up the DagBag from /usr/local/lib/python3.10/dist-packages/airflow/example_dags/example_sla_dag.py
[2023-12-06T18:44:51.424+0000] {processor.py:839} INFO - DAG(s) dict_keys(['example_sla_dag']) retrieved from /usr/local/lib/python3.10/dist-packages/airflow/example_dags/example_sla_dag.py
[2023-12-06T18:44:51.442+0000] {logging_mixin.py:154} INFO - [2023-12-06T18:44:51.441+0000] {dag.py:2941} INFO - Sync 1 DAGs
[2023-12-06T18:44:51.465+0000] {logging_mixin.py:154} INFO - [2023-12-06T18:44:51.465+0000] {dag.py:3722} INFO - Setting next_dagrun for example_sla_dag to 2023-12-06T18:42:00+00:00, run_after=2023-12-06T18:44:00+00:00
[2023-12-06T18:44:51.491+0000] {processor.py:179} INFO - Processing /usr/local/lib/python3.10/dist-packages/airflow/example_dags/example_sla_dag.py took 0.083 seconds
[2023-12-06T18:45:36.033+0000] {processor.py:157} INFO - Started process (PID=5132) to work on /usr/local/lib/python3.10/dist-packages/airflow/example_dags/example_sla_dag.py
[2023-12-06T18:45:36.035+0000] {processor.py:829} INFO - Processing file /usr/local/lib/python3.10/dist-packages/airflow/example_dags/example_sla_dag.py for tasks to queue
[2023-12-06T18:45:36.036+0000] {logging_mixin.py:154} INFO - [2023-12-06T18:45:36.035+0000] {dagbag.py:536} INFO - Filling up the DagBag from /usr/local/lib/python3.10/dist-packages/airflow/example_dags/example_sla_dag.py
[2023-12-06T18:45:36.045+0000] {processor.py:839} INFO - DAG(s) dict_keys(['example_sla_dag']) retrieved from /usr/local/lib/python3.10/dist-packages/airflow/example_dags/example_sla_dag.py
[2023-12-06T18:45:36.062+0000] {logging_mixin.py:154} INFO - [2023-12-06T18:45:36.062+0000] {dag.py:2941} INFO - Sync 1 DAGs
[2023-12-06T18:45:36.086+0000] {logging_mixin.py:154} INFO - [2023-12-06T18:45:36.086+0000] {dag.py:3722} INFO - Setting next_dagrun for example_sla_dag to 2023-12-06T18:42:00+00:00, run_after=2023-12-06T18:44:00+00:00
[2023-12-06T18:45:36.110+0000] {processor.py:179} INFO - Processing /usr/local/lib/python3.10/dist-packages/airflow/example_dags/example_sla_dag.py took 0.081 seconds
[2023-12-06T18:46:19.419+0000] {processor.py:157} INFO - Started process (PID=5178) to work on /usr/local/lib/python3.10/dist-packages/airflow/example_dags/example_sla_dag.py
[2023-12-06T18:46:19.421+0000] {processor.py:829} INFO - Processing file /usr/local/lib/python3.10/dist-packages/airflow/example_dags/example_sla_dag.py for tasks to queue
[2023-12-06T18:46:19.422+0000] {logging_mixin.py:154} INFO - [2023-12-06T18:46:19.421+0000] {dagbag.py:536} INFO - Filling up the DagBag from /usr/local/lib/python3.10/dist-packages/airflow/example_dags/example_sla_dag.py
[2023-12-06T18:46:19.431+0000] {processor.py:839} INFO - DAG(s) dict_keys(['example_sla_dag']) retrieved from /usr/local/lib/python3.10/dist-packages/airflow/example_dags/example_sla_dag.py
[2023-12-06T18:46:19.448+0000] {logging_mixin.py:154} INFO - [2023-12-06T18:46:19.448+0000] {dag.py:2941} INFO - Sync 1 DAGs
[2023-12-06T18:46:19.472+0000] {logging_mixin.py:154} INFO - [2023-12-06T18:46:19.471+0000] {dag.py:3722} INFO - Setting next_dagrun for example_sla_dag to 2023-12-06T18:44:00+00:00, run_after=2023-12-06T18:46:00+00:00
[2023-12-06T18:46:19.492+0000] {processor.py:179} INFO - Processing /usr/local/lib/python3.10/dist-packages/airflow/example_dags/example_sla_dag.py took 0.076 seconds
[2023-12-06T18:47:04.551+0000] {processor.py:157} INFO - Started process (PID=5225) to work on /usr/local/lib/python3.10/dist-packages/airflow/example_dags/example_sla_dag.py
[2023-12-06T18:47:04.553+0000] {processor.py:829} INFO - Processing file /usr/local/lib/python3.10/dist-packages/airflow/example_dags/example_sla_dag.py for tasks to queue
[2023-12-06T18:47:04.554+0000] {logging_mixin.py:154} INFO - [2023-12-06T18:47:04.554+0000] {dagbag.py:536} INFO - Filling up the DagBag from /usr/local/lib/python3.10/dist-packages/airflow/example_dags/example_sla_dag.py
[2023-12-06T18:47:04.564+0000] {processor.py:839} INFO - DAG(s) dict_keys(['example_sla_dag']) retrieved from /usr/local/lib/python3.10/dist-packages/airflow/example_dags/example_sla_dag.py
[2023-12-06T18:47:04.582+0000] {logging_mixin.py:154} INFO - [2023-12-06T18:47:04.581+0000] {dag.py:2941} INFO - Sync 1 DAGs
[2023-12-06T18:47:04.613+0000] {logging_mixin.py:154} INFO - [2023-12-06T18:47:04.612+0000] {dag.py:3722} INFO - Setting next_dagrun for example_sla_dag to 2023-12-06T18:44:00+00:00, run_after=2023-12-06T18:46:00+00:00
[2023-12-06T18:47:04.637+0000] {processor.py:179} INFO - Processing /usr/local/lib/python3.10/dist-packages/airflow/example_dags/example_sla_dag.py took 0.089 seconds
[2023-12-06T18:47:55.267+0000] {processor.py:157} INFO - Started process (PID=5277) to work on /usr/local/lib/python3.10/dist-packages/airflow/example_dags/example_sla_dag.py
[2023-12-06T18:47:55.269+0000] {processor.py:829} INFO - Processing file /usr/local/lib/python3.10/dist-packages/airflow/example_dags/example_sla_dag.py for tasks to queue
[2023-12-06T18:47:55.270+0000] {logging_mixin.py:154} INFO - [2023-12-06T18:47:55.269+0000] {dagbag.py:536} INFO - Filling up the DagBag from /usr/local/lib/python3.10/dist-packages/airflow/example_dags/example_sla_dag.py
[2023-12-06T18:47:55.279+0000] {processor.py:839} INFO - DAG(s) dict_keys(['example_sla_dag']) retrieved from /usr/local/lib/python3.10/dist-packages/airflow/example_dags/example_sla_dag.py
[2023-12-06T18:47:55.296+0000] {logging_mixin.py:154} INFO - [2023-12-06T18:47:55.296+0000] {dag.py:2941} INFO - Sync 1 DAGs
[2023-12-06T18:47:55.320+0000] {logging_mixin.py:154} INFO - [2023-12-06T18:47:55.319+0000] {dag.py:3722} INFO - Setting next_dagrun for example_sla_dag to 2023-12-06T18:44:00+00:00, run_after=2023-12-06T18:46:00+00:00
[2023-12-06T18:47:55.342+0000] {processor.py:179} INFO - Processing /usr/local/lib/python3.10/dist-packages/airflow/example_dags/example_sla_dag.py took 0.079 seconds
[2023-12-06T18:48:45.983+0000] {processor.py:157} INFO - Started process (PID=5327) to work on /usr/local/lib/python3.10/dist-packages/airflow/example_dags/example_sla_dag.py
[2023-12-06T18:48:45.985+0000] {processor.py:829} INFO - Processing file /usr/local/lib/python3.10/dist-packages/airflow/example_dags/example_sla_dag.py for tasks to queue
[2023-12-06T18:48:45.986+0000] {logging_mixin.py:154} INFO - [2023-12-06T18:48:45.985+0000] {dagbag.py:536} INFO - Filling up the DagBag from /usr/local/lib/python3.10/dist-packages/airflow/example_dags/example_sla_dag.py
[2023-12-06T18:48:45.995+0000] {processor.py:839} INFO - DAG(s) dict_keys(['example_sla_dag']) retrieved from /usr/local/lib/python3.10/dist-packages/airflow/example_dags/example_sla_dag.py
[2023-12-06T18:48:46.012+0000] {logging_mixin.py:154} INFO - [2023-12-06T18:48:46.012+0000] {dag.py:2941} INFO - Sync 1 DAGs
[2023-12-06T18:48:46.036+0000] {logging_mixin.py:154} INFO - [2023-12-06T18:48:46.035+0000] {dag.py:3722} INFO - Setting next_dagrun for example_sla_dag to 2023-12-06T18:46:00+00:00, run_after=2023-12-06T18:48:00+00:00
[2023-12-06T18:48:46.060+0000] {processor.py:179} INFO - Processing /usr/local/lib/python3.10/dist-packages/airflow/example_dags/example_sla_dag.py took 0.080 seconds
[2023-12-06T18:49:31.388+0000] {processor.py:157} INFO - Started process (PID=5374) to work on /usr/local/lib/python3.10/dist-packages/airflow/example_dags/example_sla_dag.py
[2023-12-06T18:49:31.389+0000] {processor.py:829} INFO - Processing file /usr/local/lib/python3.10/dist-packages/airflow/example_dags/example_sla_dag.py for tasks to queue
[2023-12-06T18:49:31.390+0000] {logging_mixin.py:154} INFO - [2023-12-06T18:49:31.390+0000] {dagbag.py:536} INFO - Filling up the DagBag from /usr/local/lib/python3.10/dist-packages/airflow/example_dags/example_sla_dag.py
[2023-12-06T18:49:31.400+0000] {processor.py:839} INFO - DAG(s) dict_keys(['example_sla_dag']) retrieved from /usr/local/lib/python3.10/dist-packages/airflow/example_dags/example_sla_dag.py
[2023-12-06T18:49:31.417+0000] {logging_mixin.py:154} INFO - [2023-12-06T18:49:31.417+0000] {dag.py:2941} INFO - Sync 1 DAGs
[2023-12-06T18:49:31.442+0000] {logging_mixin.py:154} INFO - [2023-12-06T18:49:31.442+0000] {dag.py:3722} INFO - Setting next_dagrun for example_sla_dag to 2023-12-06T18:46:00+00:00, run_after=2023-12-06T18:48:00+00:00
[2023-12-06T18:49:31.477+0000] {processor.py:179} INFO - Processing /usr/local/lib/python3.10/dist-packages/airflow/example_dags/example_sla_dag.py took 0.093 seconds
[2023-12-06T18:50:12.115+0000] {processor.py:157} INFO - Started process (PID=5418) to work on /usr/local/lib/python3.10/dist-packages/airflow/example_dags/example_sla_dag.py
[2023-12-06T18:50:12.116+0000] {processor.py:829} INFO - Processing file /usr/local/lib/python3.10/dist-packages/airflow/example_dags/example_sla_dag.py for tasks to queue
[2023-12-06T18:50:12.117+0000] {logging_mixin.py:154} INFO - [2023-12-06T18:50:12.117+0000] {dagbag.py:536} INFO - Filling up the DagBag from /usr/local/lib/python3.10/dist-packages/airflow/example_dags/example_sla_dag.py
[2023-12-06T18:50:12.127+0000] {processor.py:839} INFO - DAG(s) dict_keys(['example_sla_dag']) retrieved from /usr/local/lib/python3.10/dist-packages/airflow/example_dags/example_sla_dag.py
[2023-12-06T18:50:12.144+0000] {logging_mixin.py:154} INFO - [2023-12-06T18:50:12.144+0000] {dag.py:2941} INFO - Sync 1 DAGs
[2023-12-06T18:50:12.168+0000] {logging_mixin.py:154} INFO - [2023-12-06T18:50:12.168+0000] {dag.py:3722} INFO - Setting next_dagrun for example_sla_dag to 2023-12-06T18:48:00+00:00, run_after=2023-12-06T18:50:00+00:00
[2023-12-06T18:50:12.192+0000] {processor.py:179} INFO - Processing /usr/local/lib/python3.10/dist-packages/airflow/example_dags/example_sla_dag.py took 0.080 seconds
[2023-12-06T18:50:56.603+0000] {processor.py:157} INFO - Started process (PID=5467) to work on /usr/local/lib/python3.10/dist-packages/airflow/example_dags/example_sla_dag.py
[2023-12-06T18:50:56.604+0000] {processor.py:829} INFO - Processing file /usr/local/lib/python3.10/dist-packages/airflow/example_dags/example_sla_dag.py for tasks to queue
[2023-12-06T18:50:56.605+0000] {logging_mixin.py:154} INFO - [2023-12-06T18:50:56.605+0000] {dagbag.py:536} INFO - Filling up the DagBag from /usr/local/lib/python3.10/dist-packages/airflow/example_dags/example_sla_dag.py
[2023-12-06T18:50:56.615+0000] {processor.py:839} INFO - DAG(s) dict_keys(['example_sla_dag']) retrieved from /usr/local/lib/python3.10/dist-packages/airflow/example_dags/example_sla_dag.py
[2023-12-06T18:50:56.641+0000] {logging_mixin.py:154} INFO - [2023-12-06T18:50:56.637+0000] {dag.py:2941} INFO - Sync 1 DAGs
[2023-12-06T18:50:56.667+0000] {logging_mixin.py:154} INFO - [2023-12-06T18:50:56.667+0000] {dag.py:3722} INFO - Setting next_dagrun for example_sla_dag to 2023-12-06T18:48:00+00:00, run_after=2023-12-06T18:50:00+00:00
[2023-12-06T18:50:56.689+0000] {processor.py:179} INFO - Processing /usr/local/lib/python3.10/dist-packages/airflow/example_dags/example_sla_dag.py took 0.090 seconds
[2023-12-06T18:51:39.243+0000] {processor.py:157} INFO - Started process (PID=5512) to work on /usr/local/lib/python3.10/dist-packages/airflow/example_dags/example_sla_dag.py
[2023-12-06T18:51:39.244+0000] {processor.py:829} INFO - Processing file /usr/local/lib/python3.10/dist-packages/airflow/example_dags/example_sla_dag.py for tasks to queue
[2023-12-06T18:51:39.245+0000] {logging_mixin.py:154} INFO - [2023-12-06T18:51:39.245+0000] {dagbag.py:536} INFO - Filling up the DagBag from /usr/local/lib/python3.10/dist-packages/airflow/example_dags/example_sla_dag.py
[2023-12-06T18:51:39.255+0000] {processor.py:839} INFO - DAG(s) dict_keys(['example_sla_dag']) retrieved from /usr/local/lib/python3.10/dist-packages/airflow/example_dags/example_sla_dag.py
[2023-12-06T18:51:39.273+0000] {logging_mixin.py:154} INFO - [2023-12-06T18:51:39.272+0000] {dag.py:2941} INFO - Sync 1 DAGs
[2023-12-06T18:51:39.310+0000] {logging_mixin.py:154} INFO - [2023-12-06T18:51:39.309+0000] {dag.py:3722} INFO - Setting next_dagrun for example_sla_dag to 2023-12-06T18:48:00+00:00, run_after=2023-12-06T18:50:00+00:00
[2023-12-06T18:51:39.332+0000] {processor.py:179} INFO - Processing /usr/local/lib/python3.10/dist-packages/airflow/example_dags/example_sla_dag.py took 0.093 seconds
[2023-12-06T18:52:25.233+0000] {processor.py:157} INFO - Started process (PID=5559) to work on /usr/local/lib/python3.10/dist-packages/airflow/example_dags/example_sla_dag.py
[2023-12-06T18:52:25.234+0000] {processor.py:829} INFO - Processing file /usr/local/lib/python3.10/dist-packages/airflow/example_dags/example_sla_dag.py for tasks to queue
[2023-12-06T18:52:25.235+0000] {logging_mixin.py:154} INFO - [2023-12-06T18:52:25.235+0000] {dagbag.py:536} INFO - Filling up the DagBag from /usr/local/lib/python3.10/dist-packages/airflow/example_dags/example_sla_dag.py
[2023-12-06T18:52:25.245+0000] {processor.py:839} INFO - DAG(s) dict_keys(['example_sla_dag']) retrieved from /usr/local/lib/python3.10/dist-packages/airflow/example_dags/example_sla_dag.py
[2023-12-06T18:52:25.262+0000] {logging_mixin.py:154} INFO - [2023-12-06T18:52:25.261+0000] {dag.py:2941} INFO - Sync 1 DAGs
[2023-12-06T18:52:25.286+0000] {logging_mixin.py:154} INFO - [2023-12-06T18:52:25.286+0000] {dag.py:3722} INFO - Setting next_dagrun for example_sla_dag to 2023-12-06T18:50:00+00:00, run_after=2023-12-06T18:52:00+00:00
[2023-12-06T18:52:25.308+0000] {processor.py:179} INFO - Processing /usr/local/lib/python3.10/dist-packages/airflow/example_dags/example_sla_dag.py took 0.079 seconds
[2023-12-06T18:53:12.354+0000] {processor.py:157} INFO - Started process (PID=5607) to work on /usr/local/lib/python3.10/dist-packages/airflow/example_dags/example_sla_dag.py
[2023-12-06T18:53:12.355+0000] {processor.py:829} INFO - Processing file /usr/local/lib/python3.10/dist-packages/airflow/example_dags/example_sla_dag.py for tasks to queue
[2023-12-06T18:53:12.356+0000] {logging_mixin.py:154} INFO - [2023-12-06T18:53:12.356+0000] {dagbag.py:536} INFO - Filling up the DagBag from /usr/local/lib/python3.10/dist-packages/airflow/example_dags/example_sla_dag.py
[2023-12-06T18:53:12.366+0000] {processor.py:839} INFO - DAG(s) dict_keys(['example_sla_dag']) retrieved from /usr/local/lib/python3.10/dist-packages/airflow/example_dags/example_sla_dag.py
[2023-12-06T18:53:12.382+0000] {logging_mixin.py:154} INFO - [2023-12-06T18:53:12.382+0000] {dag.py:2941} INFO - Sync 1 DAGs
[2023-12-06T18:53:12.406+0000] {logging_mixin.py:154} INFO - [2023-12-06T18:53:12.406+0000] {dag.py:3722} INFO - Setting next_dagrun for example_sla_dag to 2023-12-06T18:50:00+00:00, run_after=2023-12-06T18:52:00+00:00
[2023-12-06T18:53:12.427+0000] {processor.py:179} INFO - Processing /usr/local/lib/python3.10/dist-packages/airflow/example_dags/example_sla_dag.py took 0.077 seconds
[2023-12-06T18:53:55.068+0000] {processor.py:157} INFO - Started process (PID=5653) to work on /usr/local/lib/python3.10/dist-packages/airflow/example_dags/example_sla_dag.py
[2023-12-06T18:53:55.070+0000] {processor.py:829} INFO - Processing file /usr/local/lib/python3.10/dist-packages/airflow/example_dags/example_sla_dag.py for tasks to queue
[2023-12-06T18:53:55.071+0000] {logging_mixin.py:154} INFO - [2023-12-06T18:53:55.070+0000] {dagbag.py:536} INFO - Filling up the DagBag from /usr/local/lib/python3.10/dist-packages/airflow/example_dags/example_sla_dag.py
[2023-12-06T18:53:55.081+0000] {processor.py:839} INFO - DAG(s) dict_keys(['example_sla_dag']) retrieved from /usr/local/lib/python3.10/dist-packages/airflow/example_dags/example_sla_dag.py
[2023-12-06T18:53:55.098+0000] {logging_mixin.py:154} INFO - [2023-12-06T18:53:55.097+0000] {dag.py:2941} INFO - Sync 1 DAGs
[2023-12-06T18:53:55.121+0000] {logging_mixin.py:154} INFO - [2023-12-06T18:53:55.121+0000] {dag.py:3722} INFO - Setting next_dagrun for example_sla_dag to 2023-12-06T18:50:00+00:00, run_after=2023-12-06T18:52:00+00:00
[2023-12-06T18:53:55.143+0000] {processor.py:179} INFO - Processing /usr/local/lib/python3.10/dist-packages/airflow/example_dags/example_sla_dag.py took 0.078 seconds
[2023-12-06T18:54:38.826+0000] {processor.py:157} INFO - Started process (PID=5697) to work on /usr/local/lib/python3.10/dist-packages/airflow/example_dags/example_sla_dag.py
[2023-12-06T18:54:38.827+0000] {processor.py:829} INFO - Processing file /usr/local/lib/python3.10/dist-packages/airflow/example_dags/example_sla_dag.py for tasks to queue
[2023-12-06T18:54:38.828+0000] {logging_mixin.py:154} INFO - [2023-12-06T18:54:38.828+0000] {dagbag.py:536} INFO - Filling up the DagBag from /usr/local/lib/python3.10/dist-packages/airflow/example_dags/example_sla_dag.py
[2023-12-06T18:54:38.838+0000] {processor.py:839} INFO - DAG(s) dict_keys(['example_sla_dag']) retrieved from /usr/local/lib/python3.10/dist-packages/airflow/example_dags/example_sla_dag.py
[2023-12-06T18:54:38.855+0000] {logging_mixin.py:154} INFO - [2023-12-06T18:54:38.855+0000] {dag.py:2941} INFO - Sync 1 DAGs
[2023-12-06T18:54:38.880+0000] {logging_mixin.py:154} INFO - [2023-12-06T18:54:38.880+0000] {dag.py:3722} INFO - Setting next_dagrun for example_sla_dag to 2023-12-06T18:52:00+00:00, run_after=2023-12-06T18:54:00+00:00
[2023-12-06T18:54:38.909+0000] {processor.py:179} INFO - Processing /usr/local/lib/python3.10/dist-packages/airflow/example_dags/example_sla_dag.py took 0.086 seconds
[2023-12-06T18:55:23.040+0000] {processor.py:157} INFO - Started process (PID=5743) to work on /usr/local/lib/python3.10/dist-packages/airflow/example_dags/example_sla_dag.py
[2023-12-06T18:55:23.042+0000] {processor.py:829} INFO - Processing file /usr/local/lib/python3.10/dist-packages/airflow/example_dags/example_sla_dag.py for tasks to queue
[2023-12-06T18:55:23.043+0000] {logging_mixin.py:154} INFO - [2023-12-06T18:55:23.042+0000] {dagbag.py:536} INFO - Filling up the DagBag from /usr/local/lib/python3.10/dist-packages/airflow/example_dags/example_sla_dag.py
[2023-12-06T18:55:23.053+0000] {processor.py:839} INFO - DAG(s) dict_keys(['example_sla_dag']) retrieved from /usr/local/lib/python3.10/dist-packages/airflow/example_dags/example_sla_dag.py
[2023-12-06T18:55:23.071+0000] {logging_mixin.py:154} INFO - [2023-12-06T18:55:23.071+0000] {dag.py:2941} INFO - Sync 1 DAGs
[2023-12-06T18:55:23.096+0000] {logging_mixin.py:154} INFO - [2023-12-06T18:55:23.096+0000] {dag.py:3722} INFO - Setting next_dagrun for example_sla_dag to 2023-12-06T18:52:00+00:00, run_after=2023-12-06T18:54:00+00:00
[2023-12-06T18:55:23.122+0000] {processor.py:179} INFO - Processing /usr/local/lib/python3.10/dist-packages/airflow/example_dags/example_sla_dag.py took 0.085 seconds
[2023-12-06T18:56:08.559+0000] {processor.py:157} INFO - Started process (PID=5791) to work on /usr/local/lib/python3.10/dist-packages/airflow/example_dags/example_sla_dag.py
[2023-12-06T18:56:08.561+0000] {processor.py:829} INFO - Processing file /usr/local/lib/python3.10/dist-packages/airflow/example_dags/example_sla_dag.py for tasks to queue
[2023-12-06T18:56:08.561+0000] {logging_mixin.py:154} INFO - [2023-12-06T18:56:08.561+0000] {dagbag.py:536} INFO - Filling up the DagBag from /usr/local/lib/python3.10/dist-packages/airflow/example_dags/example_sla_dag.py
[2023-12-06T18:56:08.571+0000] {processor.py:839} INFO - DAG(s) dict_keys(['example_sla_dag']) retrieved from /usr/local/lib/python3.10/dist-packages/airflow/example_dags/example_sla_dag.py
[2023-12-06T18:56:08.588+0000] {logging_mixin.py:154} INFO - [2023-12-06T18:56:08.588+0000] {dag.py:2941} INFO - Sync 1 DAGs
[2023-12-06T18:56:08.613+0000] {logging_mixin.py:154} INFO - [2023-12-06T18:56:08.613+0000] {dag.py:3722} INFO - Setting next_dagrun for example_sla_dag to 2023-12-06T18:54:00+00:00, run_after=2023-12-06T18:56:00+00:00
[2023-12-06T18:56:08.637+0000] {processor.py:179} INFO - Processing /usr/local/lib/python3.10/dist-packages/airflow/example_dags/example_sla_dag.py took 0.082 seconds
[2023-12-06T18:56:55.517+0000] {processor.py:157} INFO - Started process (PID=5839) to work on /usr/local/lib/python3.10/dist-packages/airflow/example_dags/example_sla_dag.py
[2023-12-06T18:56:55.519+0000] {processor.py:829} INFO - Processing file /usr/local/lib/python3.10/dist-packages/airflow/example_dags/example_sla_dag.py for tasks to queue
[2023-12-06T18:56:55.519+0000] {logging_mixin.py:154} INFO - [2023-12-06T18:56:55.519+0000] {dagbag.py:536} INFO - Filling up the DagBag from /usr/local/lib/python3.10/dist-packages/airflow/example_dags/example_sla_dag.py
[2023-12-06T18:56:55.529+0000] {processor.py:839} INFO - DAG(s) dict_keys(['example_sla_dag']) retrieved from /usr/local/lib/python3.10/dist-packages/airflow/example_dags/example_sla_dag.py
[2023-12-06T18:56:55.546+0000] {logging_mixin.py:154} INFO - [2023-12-06T18:56:55.546+0000] {dag.py:2941} INFO - Sync 1 DAGs
[2023-12-06T18:56:55.570+0000] {logging_mixin.py:154} INFO - [2023-12-06T18:56:55.570+0000] {dag.py:3722} INFO - Setting next_dagrun for example_sla_dag to 2023-12-06T18:54:00+00:00, run_after=2023-12-06T18:56:00+00:00
[2023-12-06T18:56:55.592+0000] {processor.py:179} INFO - Processing /usr/local/lib/python3.10/dist-packages/airflow/example_dags/example_sla_dag.py took 0.078 seconds
[2023-12-06T18:57:45.019+0000] {processor.py:157} INFO - Started process (PID=5890) to work on /usr/local/lib/python3.10/dist-packages/airflow/example_dags/example_sla_dag.py
[2023-12-06T18:57:45.021+0000] {processor.py:829} INFO - Processing file /usr/local/lib/python3.10/dist-packages/airflow/example_dags/example_sla_dag.py for tasks to queue
[2023-12-06T18:57:45.021+0000] {logging_mixin.py:154} INFO - [2023-12-06T18:57:45.021+0000] {dagbag.py:536} INFO - Filling up the DagBag from /usr/local/lib/python3.10/dist-packages/airflow/example_dags/example_sla_dag.py
[2023-12-06T18:57:45.031+0000] {processor.py:839} INFO - DAG(s) dict_keys(['example_sla_dag']) retrieved from /usr/local/lib/python3.10/dist-packages/airflow/example_dags/example_sla_dag.py
[2023-12-06T18:57:45.048+0000] {logging_mixin.py:154} INFO - [2023-12-06T18:57:45.048+0000] {dag.py:2941} INFO - Sync 1 DAGs
[2023-12-06T18:57:45.072+0000] {logging_mixin.py:154} INFO - [2023-12-06T18:57:45.072+0000] {dag.py:3722} INFO - Setting next_dagrun for example_sla_dag to 2023-12-06T18:54:00+00:00, run_after=2023-12-06T18:56:00+00:00
[2023-12-06T18:57:45.097+0000] {processor.py:179} INFO - Processing /usr/local/lib/python3.10/dist-packages/airflow/example_dags/example_sla_dag.py took 0.082 seconds
[2023-12-06T18:58:28.052+0000] {processor.py:157} INFO - Started process (PID=5936) to work on /usr/local/lib/python3.10/dist-packages/airflow/example_dags/example_sla_dag.py
[2023-12-06T18:58:28.054+0000] {processor.py:829} INFO - Processing file /usr/local/lib/python3.10/dist-packages/airflow/example_dags/example_sla_dag.py for tasks to queue
[2023-12-06T18:58:28.054+0000] {logging_mixin.py:154} INFO - [2023-12-06T18:58:28.054+0000] {dagbag.py:536} INFO - Filling up the DagBag from /usr/local/lib/python3.10/dist-packages/airflow/example_dags/example_sla_dag.py
[2023-12-06T18:58:28.064+0000] {processor.py:839} INFO - DAG(s) dict_keys(['example_sla_dag']) retrieved from /usr/local/lib/python3.10/dist-packages/airflow/example_dags/example_sla_dag.py
[2023-12-06T18:58:28.082+0000] {logging_mixin.py:154} INFO - [2023-12-06T18:58:28.082+0000] {dag.py:2941} INFO - Sync 1 DAGs
[2023-12-06T18:58:28.106+0000] {logging_mixin.py:154} INFO - [2023-12-06T18:58:28.106+0000] {dag.py:3722} INFO - Setting next_dagrun for example_sla_dag to 2023-12-06T18:56:00+00:00, run_after=2023-12-06T18:58:00+00:00
[2023-12-06T18:58:28.129+0000] {processor.py:179} INFO - Processing /usr/local/lib/python3.10/dist-packages/airflow/example_dags/example_sla_dag.py took 0.080 seconds
[2023-12-06T18:59:14.448+0000] {processor.py:157} INFO - Started process (PID=5983) to work on /usr/local/lib/python3.10/dist-packages/airflow/example_dags/example_sla_dag.py
[2023-12-06T18:59:14.450+0000] {processor.py:829} INFO - Processing file /usr/local/lib/python3.10/dist-packages/airflow/example_dags/example_sla_dag.py for tasks to queue
[2023-12-06T18:59:14.451+0000] {logging_mixin.py:154} INFO - [2023-12-06T18:59:14.451+0000] {dagbag.py:536} INFO - Filling up the DagBag from /usr/local/lib/python3.10/dist-packages/airflow/example_dags/example_sla_dag.py
[2023-12-06T18:59:14.461+0000] {processor.py:839} INFO - DAG(s) dict_keys(['example_sla_dag']) retrieved from /usr/local/lib/python3.10/dist-packages/airflow/example_dags/example_sla_dag.py
[2023-12-06T18:59:14.479+0000] {logging_mixin.py:154} INFO - [2023-12-06T18:59:14.478+0000] {dag.py:2941} INFO - Sync 1 DAGs
[2023-12-06T18:59:14.503+0000] {logging_mixin.py:154} INFO - [2023-12-06T18:59:14.503+0000] {dag.py:3722} INFO - Setting next_dagrun for example_sla_dag to 2023-12-06T18:56:00+00:00, run_after=2023-12-06T18:58:00+00:00
[2023-12-06T18:59:14.525+0000] {processor.py:179} INFO - Processing /usr/local/lib/python3.10/dist-packages/airflow/example_dags/example_sla_dag.py took 0.080 seconds
[2023-12-06T18:59:58.528+0000] {processor.py:157} INFO - Started process (PID=6095) to work on /usr/local/lib/python3.10/dist-packages/airflow/example_dags/example_sla_dag.py
[2023-12-06T18:59:58.530+0000] {processor.py:829} INFO - Processing file /usr/local/lib/python3.10/dist-packages/airflow/example_dags/example_sla_dag.py for tasks to queue
[2023-12-06T18:59:58.531+0000] {logging_mixin.py:154} INFO - [2023-12-06T18:59:58.530+0000] {dagbag.py:536} INFO - Filling up the DagBag from /usr/local/lib/python3.10/dist-packages/airflow/example_dags/example_sla_dag.py
[2023-12-06T18:59:58.540+0000] {processor.py:839} INFO - DAG(s) dict_keys(['example_sla_dag']) retrieved from /usr/local/lib/python3.10/dist-packages/airflow/example_dags/example_sla_dag.py
[2023-12-06T18:59:58.558+0000] {logging_mixin.py:154} INFO - [2023-12-06T18:59:58.558+0000] {dag.py:2941} INFO - Sync 1 DAGs
[2023-12-06T18:59:58.583+0000] {logging_mixin.py:154} INFO - [2023-12-06T18:59:58.582+0000] {dag.py:3722} INFO - Setting next_dagrun for example_sla_dag to 2023-12-06T18:56:00+00:00, run_after=2023-12-06T18:58:00+00:00
[2023-12-06T18:59:58.605+0000] {processor.py:179} INFO - Processing /usr/local/lib/python3.10/dist-packages/airflow/example_dags/example_sla_dag.py took 0.081 seconds
[2023-12-06T19:00:51.756+0000] {processor.py:157} INFO - Started process (PID=6386) to work on /usr/local/lib/python3.10/dist-packages/airflow/example_dags/example_sla_dag.py
[2023-12-06T19:00:51.758+0000] {processor.py:829} INFO - Processing file /usr/local/lib/python3.10/dist-packages/airflow/example_dags/example_sla_dag.py for tasks to queue
[2023-12-06T19:00:51.758+0000] {logging_mixin.py:154} INFO - [2023-12-06T19:00:51.758+0000] {dagbag.py:536} INFO - Filling up the DagBag from /usr/local/lib/python3.10/dist-packages/airflow/example_dags/example_sla_dag.py
[2023-12-06T19:00:51.768+0000] {processor.py:839} INFO - DAG(s) dict_keys(['example_sla_dag']) retrieved from /usr/local/lib/python3.10/dist-packages/airflow/example_dags/example_sla_dag.py
[2023-12-06T19:00:51.785+0000] {logging_mixin.py:154} INFO - [2023-12-06T19:00:51.785+0000] {dag.py:2941} INFO - Sync 1 DAGs
[2023-12-06T19:00:51.809+0000] {logging_mixin.py:154} INFO - [2023-12-06T19:00:51.808+0000] {dag.py:3722} INFO - Setting next_dagrun for example_sla_dag to 2023-12-06T18:58:00+00:00, run_after=2023-12-06T19:00:00+00:00
[2023-12-06T19:00:51.830+0000] {processor.py:179} INFO - Processing /usr/local/lib/python3.10/dist-packages/airflow/example_dags/example_sla_dag.py took 0.077 seconds
[2023-12-06T19:01:42.136+0000] {processor.py:157} INFO - Started process (PID=6490) to work on /usr/local/lib/python3.10/dist-packages/airflow/example_dags/example_sla_dag.py
[2023-12-06T19:01:42.138+0000] {processor.py:829} INFO - Processing file /usr/local/lib/python3.10/dist-packages/airflow/example_dags/example_sla_dag.py for tasks to queue
[2023-12-06T19:01:42.138+0000] {logging_mixin.py:154} INFO - [2023-12-06T19:01:42.138+0000] {dagbag.py:536} INFO - Filling up the DagBag from /usr/local/lib/python3.10/dist-packages/airflow/example_dags/example_sla_dag.py
[2023-12-06T19:01:42.148+0000] {processor.py:839} INFO - DAG(s) dict_keys(['example_sla_dag']) retrieved from /usr/local/lib/python3.10/dist-packages/airflow/example_dags/example_sla_dag.py
[2023-12-06T19:01:42.166+0000] {logging_mixin.py:154} INFO - [2023-12-06T19:01:42.166+0000] {dag.py:2941} INFO - Sync 1 DAGs
[2023-12-06T19:01:42.191+0000] {logging_mixin.py:154} INFO - [2023-12-06T19:01:42.191+0000] {dag.py:3722} INFO - Setting next_dagrun for example_sla_dag to 2023-12-06T18:58:00+00:00, run_after=2023-12-06T19:00:00+00:00
[2023-12-06T19:01:42.213+0000] {processor.py:179} INFO - Processing /usr/local/lib/python3.10/dist-packages/airflow/example_dags/example_sla_dag.py took 0.080 seconds
[2023-12-06T19:02:26.516+0000] {processor.py:157} INFO - Started process (PID=6538) to work on /usr/local/lib/python3.10/dist-packages/airflow/example_dags/example_sla_dag.py
[2023-12-06T19:02:26.517+0000] {processor.py:829} INFO - Processing file /usr/local/lib/python3.10/dist-packages/airflow/example_dags/example_sla_dag.py for tasks to queue
[2023-12-06T19:02:26.518+0000] {logging_mixin.py:154} INFO - [2023-12-06T19:02:26.518+0000] {dagbag.py:536} INFO - Filling up the DagBag from /usr/local/lib/python3.10/dist-packages/airflow/example_dags/example_sla_dag.py
[2023-12-06T19:02:26.528+0000] {processor.py:839} INFO - DAG(s) dict_keys(['example_sla_dag']) retrieved from /usr/local/lib/python3.10/dist-packages/airflow/example_dags/example_sla_dag.py
[2023-12-06T19:02:26.545+0000] {logging_mixin.py:154} INFO - [2023-12-06T19:02:26.544+0000] {dag.py:2941} INFO - Sync 1 DAGs
[2023-12-06T19:02:26.568+0000] {logging_mixin.py:154} INFO - [2023-12-06T19:02:26.568+0000] {dag.py:3722} INFO - Setting next_dagrun for example_sla_dag to 2023-12-06T19:00:00+00:00, run_after=2023-12-06T19:02:00+00:00
[2023-12-06T19:02:26.591+0000] {processor.py:179} INFO - Processing /usr/local/lib/python3.10/dist-packages/airflow/example_dags/example_sla_dag.py took 0.079 seconds
[2023-12-06T19:03:10.681+0000] {processor.py:157} INFO - Started process (PID=6583) to work on /usr/local/lib/python3.10/dist-packages/airflow/example_dags/example_sla_dag.py
[2023-12-06T19:03:10.682+0000] {processor.py:829} INFO - Processing file /usr/local/lib/python3.10/dist-packages/airflow/example_dags/example_sla_dag.py for tasks to queue
[2023-12-06T19:03:10.683+0000] {logging_mixin.py:154} INFO - [2023-12-06T19:03:10.683+0000] {dagbag.py:536} INFO - Filling up the DagBag from /usr/local/lib/python3.10/dist-packages/airflow/example_dags/example_sla_dag.py
[2023-12-06T19:03:10.693+0000] {processor.py:839} INFO - DAG(s) dict_keys(['example_sla_dag']) retrieved from /usr/local/lib/python3.10/dist-packages/airflow/example_dags/example_sla_dag.py
[2023-12-06T19:03:10.710+0000] {logging_mixin.py:154} INFO - [2023-12-06T19:03:10.710+0000] {dag.py:2941} INFO - Sync 1 DAGs
[2023-12-06T19:03:10.735+0000] {logging_mixin.py:154} INFO - [2023-12-06T19:03:10.735+0000] {dag.py:3722} INFO - Setting next_dagrun for example_sla_dag to 2023-12-06T19:00:00+00:00, run_after=2023-12-06T19:02:00+00:00
[2023-12-06T19:03:10.766+0000] {processor.py:179} INFO - Processing /usr/local/lib/python3.10/dist-packages/airflow/example_dags/example_sla_dag.py took 0.089 seconds
[2023-12-06T19:04:02.051+0000] {processor.py:157} INFO - Started process (PID=6634) to work on /usr/local/lib/python3.10/dist-packages/airflow/example_dags/example_sla_dag.py
[2023-12-06T19:04:02.053+0000] {processor.py:829} INFO - Processing file /usr/local/lib/python3.10/dist-packages/airflow/example_dags/example_sla_dag.py for tasks to queue
[2023-12-06T19:04:02.054+0000] {logging_mixin.py:154} INFO - [2023-12-06T19:04:02.054+0000] {dagbag.py:536} INFO - Filling up the DagBag from /usr/local/lib/python3.10/dist-packages/airflow/example_dags/example_sla_dag.py
[2023-12-06T19:04:02.066+0000] {processor.py:839} INFO - DAG(s) dict_keys(['example_sla_dag']) retrieved from /usr/local/lib/python3.10/dist-packages/airflow/example_dags/example_sla_dag.py
[2023-12-06T19:04:02.085+0000] {logging_mixin.py:154} INFO - [2023-12-06T19:04:02.085+0000] {dag.py:2941} INFO - Sync 1 DAGs
[2023-12-06T19:04:02.113+0000] {logging_mixin.py:154} INFO - [2023-12-06T19:04:02.113+0000] {dag.py:3722} INFO - Setting next_dagrun for example_sla_dag to 2023-12-06T19:02:00+00:00, run_after=2023-12-06T19:04:00+00:00
[2023-12-06T19:04:02.163+0000] {processor.py:179} INFO - Processing /usr/local/lib/python3.10/dist-packages/airflow/example_dags/example_sla_dag.py took 0.116 seconds
[2023-12-06T19:04:49.200+0000] {processor.py:157} INFO - Started process (PID=6845) to work on /usr/local/lib/python3.10/dist-packages/airflow/example_dags/example_sla_dag.py
[2023-12-06T19:04:49.201+0000] {processor.py:829} INFO - Processing file /usr/local/lib/python3.10/dist-packages/airflow/example_dags/example_sla_dag.py for tasks to queue
[2023-12-06T19:04:49.202+0000] {logging_mixin.py:154} INFO - [2023-12-06T19:04:49.202+0000] {dagbag.py:536} INFO - Filling up the DagBag from /usr/local/lib/python3.10/dist-packages/airflow/example_dags/example_sla_dag.py
[2023-12-06T19:04:49.212+0000] {processor.py:839} INFO - DAG(s) dict_keys(['example_sla_dag']) retrieved from /usr/local/lib/python3.10/dist-packages/airflow/example_dags/example_sla_dag.py
[2023-12-06T19:04:49.230+0000] {logging_mixin.py:154} INFO - [2023-12-06T19:04:49.230+0000] {dag.py:2941} INFO - Sync 1 DAGs
[2023-12-06T19:04:49.254+0000] {logging_mixin.py:154} INFO - [2023-12-06T19:04:49.254+0000] {dag.py:3722} INFO - Setting next_dagrun for example_sla_dag to 2023-12-06T19:02:00+00:00, run_after=2023-12-06T19:04:00+00:00
[2023-12-06T19:04:49.285+0000] {processor.py:179} INFO - Processing /usr/local/lib/python3.10/dist-packages/airflow/example_dags/example_sla_dag.py took 0.089 seconds
[2023-12-06T19:05:40.255+0000] {processor.py:157} INFO - Started process (PID=6902) to work on /usr/local/lib/python3.10/dist-packages/airflow/example_dags/example_sla_dag.py
[2023-12-06T19:05:40.258+0000] {processor.py:829} INFO - Processing file /usr/local/lib/python3.10/dist-packages/airflow/example_dags/example_sla_dag.py for tasks to queue
[2023-12-06T19:05:40.259+0000] {logging_mixin.py:154} INFO - [2023-12-06T19:05:40.258+0000] {dagbag.py:536} INFO - Filling up the DagBag from /usr/local/lib/python3.10/dist-packages/airflow/example_dags/example_sla_dag.py
[2023-12-06T19:05:40.269+0000] {processor.py:839} INFO - DAG(s) dict_keys(['example_sla_dag']) retrieved from /usr/local/lib/python3.10/dist-packages/airflow/example_dags/example_sla_dag.py
[2023-12-06T19:05:40.286+0000] {logging_mixin.py:154} INFO - [2023-12-06T19:05:40.286+0000] {dag.py:2941} INFO - Sync 1 DAGs
[2023-12-06T19:05:40.311+0000] {logging_mixin.py:154} INFO - [2023-12-06T19:05:40.311+0000] {dag.py:3722} INFO - Setting next_dagrun for example_sla_dag to 2023-12-06T19:02:00+00:00, run_after=2023-12-06T19:04:00+00:00
[2023-12-06T19:05:40.336+0000] {processor.py:179} INFO - Processing /usr/local/lib/python3.10/dist-packages/airflow/example_dags/example_sla_dag.py took 0.085 seconds
[2023-12-06T19:06:25.696+0000] {processor.py:157} INFO - Started process (PID=6950) to work on /usr/local/lib/python3.10/dist-packages/airflow/example_dags/example_sla_dag.py
[2023-12-06T19:06:25.698+0000] {processor.py:829} INFO - Processing file /usr/local/lib/python3.10/dist-packages/airflow/example_dags/example_sla_dag.py for tasks to queue
[2023-12-06T19:06:25.699+0000] {logging_mixin.py:154} INFO - [2023-12-06T19:06:25.699+0000] {dagbag.py:536} INFO - Filling up the DagBag from /usr/local/lib/python3.10/dist-packages/airflow/example_dags/example_sla_dag.py
[2023-12-06T19:06:25.709+0000] {processor.py:839} INFO - DAG(s) dict_keys(['example_sla_dag']) retrieved from /usr/local/lib/python3.10/dist-packages/airflow/example_dags/example_sla_dag.py
[2023-12-06T19:06:25.726+0000] {logging_mixin.py:154} INFO - [2023-12-06T19:06:25.726+0000] {dag.py:2941} INFO - Sync 1 DAGs
[2023-12-06T19:06:25.750+0000] {logging_mixin.py:154} INFO - [2023-12-06T19:06:25.750+0000] {dag.py:3722} INFO - Setting next_dagrun for example_sla_dag to 2023-12-06T19:04:00+00:00, run_after=2023-12-06T19:06:00+00:00
[2023-12-06T19:06:25.776+0000] {processor.py:179} INFO - Processing /usr/local/lib/python3.10/dist-packages/airflow/example_dags/example_sla_dag.py took 0.083 seconds
[2023-12-06T19:07:13.074+0000] {processor.py:157} INFO - Started process (PID=6997) to work on /usr/local/lib/python3.10/dist-packages/airflow/example_dags/example_sla_dag.py
[2023-12-06T19:07:13.076+0000] {processor.py:829} INFO - Processing file /usr/local/lib/python3.10/dist-packages/airflow/example_dags/example_sla_dag.py for tasks to queue
[2023-12-06T19:07:13.077+0000] {logging_mixin.py:154} INFO - [2023-12-06T19:07:13.076+0000] {dagbag.py:536} INFO - Filling up the DagBag from /usr/local/lib/python3.10/dist-packages/airflow/example_dags/example_sla_dag.py
[2023-12-06T19:07:13.087+0000] {processor.py:839} INFO - DAG(s) dict_keys(['example_sla_dag']) retrieved from /usr/local/lib/python3.10/dist-packages/airflow/example_dags/example_sla_dag.py
[2023-12-06T19:07:13.104+0000] {logging_mixin.py:154} INFO - [2023-12-06T19:07:13.103+0000] {dag.py:2941} INFO - Sync 1 DAGs
[2023-12-06T19:07:13.128+0000] {logging_mixin.py:154} INFO - [2023-12-06T19:07:13.128+0000] {dag.py:3722} INFO - Setting next_dagrun for example_sla_dag to 2023-12-06T19:04:00+00:00, run_after=2023-12-06T19:06:00+00:00
[2023-12-06T19:07:13.151+0000] {processor.py:179} INFO - Processing /usr/local/lib/python3.10/dist-packages/airflow/example_dags/example_sla_dag.py took 0.080 seconds
