[2023-12-06T18:22:05.203+0000] {processor.py:157} INFO - Started process (PID=3682) to work on /usr/local/lib/python3.10/dist-packages/airflow/example_dags/example_time_delta_sensor_async.py
[2023-12-06T18:22:05.204+0000] {processor.py:829} INFO - Processing file /usr/local/lib/python3.10/dist-packages/airflow/example_dags/example_time_delta_sensor_async.py for tasks to queue
[2023-12-06T18:22:05.205+0000] {logging_mixin.py:154} INFO - [2023-12-06T18:22:05.204+0000] {dagbag.py:536} INFO - Filling up the DagBag from /usr/local/lib/python3.10/dist-packages/airflow/example_dags/example_time_delta_sensor_async.py
[2023-12-06T18:22:05.210+0000] {processor.py:839} INFO - DAG(s) dict_keys(['example_time_delta_sensor_async']) retrieved from /usr/local/lib/python3.10/dist-packages/airflow/example_dags/example_time_delta_sensor_async.py
[2023-12-06T18:22:05.325+0000] {logging_mixin.py:154} INFO - [2023-12-06T18:22:05.325+0000] {manager.py:499} INFO - Created Permission View: %s
[2023-12-06T18:22:05.340+0000] {logging_mixin.py:154} INFO - [2023-12-06T18:22:05.339+0000] {manager.py:499} INFO - Created Permission View: %s
[2023-12-06T18:22:05.350+0000] {logging_mixin.py:154} INFO - [2023-12-06T18:22:05.350+0000] {manager.py:499} INFO - Created Permission View: %s
[2023-12-06T18:22:05.350+0000] {logging_mixin.py:154} INFO - [2023-12-06T18:22:05.350+0000] {dag.py:2941} INFO - Sync 1 DAGs
[2023-12-06T18:22:05.363+0000] {logging_mixin.py:154} INFO - [2023-12-06T18:22:05.362+0000] {dag.py:2963} INFO - Creating ORM DAG for example_time_delta_sensor_async
[2023-12-06T18:22:05.363+0000] {logging_mixin.py:154} INFO - [2023-12-06T18:22:05.363+0000] {dag.py:3722} INFO - Setting next_dagrun for example_time_delta_sensor_async to None, run_after=None
[2023-12-06T18:22:05.393+0000] {processor.py:179} INFO - Processing /usr/local/lib/python3.10/dist-packages/airflow/example_dags/example_time_delta_sensor_async.py took 0.193 seconds
[2023-12-06T18:22:55.089+0000] {processor.py:157} INFO - Started process (PID=3733) to work on /usr/local/lib/python3.10/dist-packages/airflow/example_dags/example_time_delta_sensor_async.py
[2023-12-06T18:22:55.090+0000] {processor.py:829} INFO - Processing file /usr/local/lib/python3.10/dist-packages/airflow/example_dags/example_time_delta_sensor_async.py for tasks to queue
[2023-12-06T18:22:55.091+0000] {logging_mixin.py:154} INFO - [2023-12-06T18:22:55.091+0000] {dagbag.py:536} INFO - Filling up the DagBag from /usr/local/lib/python3.10/dist-packages/airflow/example_dags/example_time_delta_sensor_async.py
[2023-12-06T18:22:55.096+0000] {processor.py:839} INFO - DAG(s) dict_keys(['example_time_delta_sensor_async']) retrieved from /usr/local/lib/python3.10/dist-packages/airflow/example_dags/example_time_delta_sensor_async.py
[2023-12-06T18:22:55.113+0000] {logging_mixin.py:154} INFO - [2023-12-06T18:22:55.113+0000] {dag.py:2941} INFO - Sync 1 DAGs
[2023-12-06T18:22:55.125+0000] {logging_mixin.py:154} INFO - [2023-12-06T18:22:55.125+0000] {dag.py:3722} INFO - Setting next_dagrun for example_time_delta_sensor_async to None, run_after=None
[2023-12-06T18:22:55.147+0000] {processor.py:179} INFO - Processing /usr/local/lib/python3.10/dist-packages/airflow/example_dags/example_time_delta_sensor_async.py took 0.062 seconds
[2023-12-06T18:23:41.764+0000] {processor.py:157} INFO - Started process (PID=3779) to work on /usr/local/lib/python3.10/dist-packages/airflow/example_dags/example_time_delta_sensor_async.py
[2023-12-06T18:23:41.766+0000] {processor.py:829} INFO - Processing file /usr/local/lib/python3.10/dist-packages/airflow/example_dags/example_time_delta_sensor_async.py for tasks to queue
[2023-12-06T18:23:41.767+0000] {logging_mixin.py:154} INFO - [2023-12-06T18:23:41.766+0000] {dagbag.py:536} INFO - Filling up the DagBag from /usr/local/lib/python3.10/dist-packages/airflow/example_dags/example_time_delta_sensor_async.py
[2023-12-06T18:23:41.772+0000] {processor.py:839} INFO - DAG(s) dict_keys(['example_time_delta_sensor_async']) retrieved from /usr/local/lib/python3.10/dist-packages/airflow/example_dags/example_time_delta_sensor_async.py
[2023-12-06T18:23:41.790+0000] {logging_mixin.py:154} INFO - [2023-12-06T18:23:41.790+0000] {dag.py:2941} INFO - Sync 1 DAGs
[2023-12-06T18:23:41.802+0000] {logging_mixin.py:154} INFO - [2023-12-06T18:23:41.802+0000] {dag.py:3722} INFO - Setting next_dagrun for example_time_delta_sensor_async to None, run_after=None
[2023-12-06T18:23:41.827+0000] {processor.py:179} INFO - Processing /usr/local/lib/python3.10/dist-packages/airflow/example_dags/example_time_delta_sensor_async.py took 0.066 seconds
[2023-12-06T18:24:29.769+0000] {processor.py:157} INFO - Started process (PID=3829) to work on /usr/local/lib/python3.10/dist-packages/airflow/example_dags/example_time_delta_sensor_async.py
[2023-12-06T18:24:29.770+0000] {processor.py:829} INFO - Processing file /usr/local/lib/python3.10/dist-packages/airflow/example_dags/example_time_delta_sensor_async.py for tasks to queue
[2023-12-06T18:24:29.771+0000] {logging_mixin.py:154} INFO - [2023-12-06T18:24:29.771+0000] {dagbag.py:536} INFO - Filling up the DagBag from /usr/local/lib/python3.10/dist-packages/airflow/example_dags/example_time_delta_sensor_async.py
[2023-12-06T18:24:29.776+0000] {processor.py:839} INFO - DAG(s) dict_keys(['example_time_delta_sensor_async']) retrieved from /usr/local/lib/python3.10/dist-packages/airflow/example_dags/example_time_delta_sensor_async.py
[2023-12-06T18:24:29.794+0000] {logging_mixin.py:154} INFO - [2023-12-06T18:24:29.793+0000] {dag.py:2941} INFO - Sync 1 DAGs
[2023-12-06T18:24:29.806+0000] {logging_mixin.py:154} INFO - [2023-12-06T18:24:29.805+0000] {dag.py:3722} INFO - Setting next_dagrun for example_time_delta_sensor_async to None, run_after=None
[2023-12-06T18:24:29.829+0000] {processor.py:179} INFO - Processing /usr/local/lib/python3.10/dist-packages/airflow/example_dags/example_time_delta_sensor_async.py took 0.064 seconds
[2023-12-06T18:25:17.682+0000] {processor.py:157} INFO - Started process (PID=3880) to work on /usr/local/lib/python3.10/dist-packages/airflow/example_dags/example_time_delta_sensor_async.py
[2023-12-06T18:25:17.684+0000] {processor.py:829} INFO - Processing file /usr/local/lib/python3.10/dist-packages/airflow/example_dags/example_time_delta_sensor_async.py for tasks to queue
[2023-12-06T18:25:17.685+0000] {logging_mixin.py:154} INFO - [2023-12-06T18:25:17.684+0000] {dagbag.py:536} INFO - Filling up the DagBag from /usr/local/lib/python3.10/dist-packages/airflow/example_dags/example_time_delta_sensor_async.py
[2023-12-06T18:25:17.690+0000] {processor.py:839} INFO - DAG(s) dict_keys(['example_time_delta_sensor_async']) retrieved from /usr/local/lib/python3.10/dist-packages/airflow/example_dags/example_time_delta_sensor_async.py
[2023-12-06T18:25:17.708+0000] {logging_mixin.py:154} INFO - [2023-12-06T18:25:17.708+0000] {dag.py:2941} INFO - Sync 1 DAGs
[2023-12-06T18:25:17.721+0000] {logging_mixin.py:154} INFO - [2023-12-06T18:25:17.720+0000] {dag.py:3722} INFO - Setting next_dagrun for example_time_delta_sensor_async to None, run_after=None
[2023-12-06T18:25:17.748+0000] {processor.py:179} INFO - Processing /usr/local/lib/python3.10/dist-packages/airflow/example_dags/example_time_delta_sensor_async.py took 0.070 seconds
[2023-12-06T18:26:02.929+0000] {processor.py:157} INFO - Started process (PID=3928) to work on /usr/local/lib/python3.10/dist-packages/airflow/example_dags/example_time_delta_sensor_async.py
[2023-12-06T18:26:02.931+0000] {processor.py:829} INFO - Processing file /usr/local/lib/python3.10/dist-packages/airflow/example_dags/example_time_delta_sensor_async.py for tasks to queue
[2023-12-06T18:26:02.932+0000] {logging_mixin.py:154} INFO - [2023-12-06T18:26:02.932+0000] {dagbag.py:536} INFO - Filling up the DagBag from /usr/local/lib/python3.10/dist-packages/airflow/example_dags/example_time_delta_sensor_async.py
[2023-12-06T18:26:02.937+0000] {processor.py:839} INFO - DAG(s) dict_keys(['example_time_delta_sensor_async']) retrieved from /usr/local/lib/python3.10/dist-packages/airflow/example_dags/example_time_delta_sensor_async.py
[2023-12-06T18:26:02.955+0000] {logging_mixin.py:154} INFO - [2023-12-06T18:26:02.955+0000] {dag.py:2941} INFO - Sync 1 DAGs
[2023-12-06T18:26:02.968+0000] {logging_mixin.py:154} INFO - [2023-12-06T18:26:02.967+0000] {dag.py:3722} INFO - Setting next_dagrun for example_time_delta_sensor_async to None, run_after=None
[2023-12-06T18:26:02.991+0000] {processor.py:179} INFO - Processing /usr/local/lib/python3.10/dist-packages/airflow/example_dags/example_time_delta_sensor_async.py took 0.065 seconds
[2023-12-06T18:26:50.405+0000] {processor.py:157} INFO - Started process (PID=3978) to work on /usr/local/lib/python3.10/dist-packages/airflow/example_dags/example_time_delta_sensor_async.py
[2023-12-06T18:26:50.406+0000] {processor.py:829} INFO - Processing file /usr/local/lib/python3.10/dist-packages/airflow/example_dags/example_time_delta_sensor_async.py for tasks to queue
[2023-12-06T18:26:50.407+0000] {logging_mixin.py:154} INFO - [2023-12-06T18:26:50.407+0000] {dagbag.py:536} INFO - Filling up the DagBag from /usr/local/lib/python3.10/dist-packages/airflow/example_dags/example_time_delta_sensor_async.py
[2023-12-06T18:26:50.412+0000] {processor.py:839} INFO - DAG(s) dict_keys(['example_time_delta_sensor_async']) retrieved from /usr/local/lib/python3.10/dist-packages/airflow/example_dags/example_time_delta_sensor_async.py
[2023-12-06T18:26:50.430+0000] {logging_mixin.py:154} INFO - [2023-12-06T18:26:50.430+0000] {dag.py:2941} INFO - Sync 1 DAGs
[2023-12-06T18:26:50.441+0000] {logging_mixin.py:154} INFO - [2023-12-06T18:26:50.441+0000] {dag.py:3722} INFO - Setting next_dagrun for example_time_delta_sensor_async to None, run_after=None
[2023-12-06T18:26:50.463+0000] {processor.py:179} INFO - Processing /usr/local/lib/python3.10/dist-packages/airflow/example_dags/example_time_delta_sensor_async.py took 0.061 seconds
[2023-12-06T18:27:36.622+0000] {processor.py:157} INFO - Started process (PID=4024) to work on /usr/local/lib/python3.10/dist-packages/airflow/example_dags/example_time_delta_sensor_async.py
[2023-12-06T18:27:36.623+0000] {processor.py:829} INFO - Processing file /usr/local/lib/python3.10/dist-packages/airflow/example_dags/example_time_delta_sensor_async.py for tasks to queue
[2023-12-06T18:27:36.624+0000] {logging_mixin.py:154} INFO - [2023-12-06T18:27:36.624+0000] {dagbag.py:536} INFO - Filling up the DagBag from /usr/local/lib/python3.10/dist-packages/airflow/example_dags/example_time_delta_sensor_async.py
[2023-12-06T18:27:36.630+0000] {processor.py:839} INFO - DAG(s) dict_keys(['example_time_delta_sensor_async']) retrieved from /usr/local/lib/python3.10/dist-packages/airflow/example_dags/example_time_delta_sensor_async.py
[2023-12-06T18:27:36.647+0000] {logging_mixin.py:154} INFO - [2023-12-06T18:27:36.647+0000] {dag.py:2941} INFO - Sync 1 DAGs
[2023-12-06T18:27:36.660+0000] {logging_mixin.py:154} INFO - [2023-12-06T18:27:36.659+0000] {dag.py:3722} INFO - Setting next_dagrun for example_time_delta_sensor_async to None, run_after=None
[2023-12-06T18:27:36.682+0000] {processor.py:179} INFO - Processing /usr/local/lib/python3.10/dist-packages/airflow/example_dags/example_time_delta_sensor_async.py took 0.063 seconds
[2023-12-06T18:28:20.859+0000] {processor.py:157} INFO - Started process (PID=4072) to work on /usr/local/lib/python3.10/dist-packages/airflow/example_dags/example_time_delta_sensor_async.py
[2023-12-06T18:28:20.860+0000] {processor.py:829} INFO - Processing file /usr/local/lib/python3.10/dist-packages/airflow/example_dags/example_time_delta_sensor_async.py for tasks to queue
[2023-12-06T18:28:20.861+0000] {logging_mixin.py:154} INFO - [2023-12-06T18:28:20.861+0000] {dagbag.py:536} INFO - Filling up the DagBag from /usr/local/lib/python3.10/dist-packages/airflow/example_dags/example_time_delta_sensor_async.py
[2023-12-06T18:28:20.866+0000] {processor.py:839} INFO - DAG(s) dict_keys(['example_time_delta_sensor_async']) retrieved from /usr/local/lib/python3.10/dist-packages/airflow/example_dags/example_time_delta_sensor_async.py
[2023-12-06T18:28:20.884+0000] {logging_mixin.py:154} INFO - [2023-12-06T18:28:20.884+0000] {dag.py:2941} INFO - Sync 1 DAGs
[2023-12-06T18:28:20.896+0000] {logging_mixin.py:154} INFO - [2023-12-06T18:28:20.896+0000] {dag.py:3722} INFO - Setting next_dagrun for example_time_delta_sensor_async to None, run_after=None
[2023-12-06T18:28:20.920+0000] {processor.py:179} INFO - Processing /usr/local/lib/python3.10/dist-packages/airflow/example_dags/example_time_delta_sensor_async.py took 0.065 seconds
[2023-12-06T18:29:04.820+0000] {processor.py:157} INFO - Started process (PID=4118) to work on /usr/local/lib/python3.10/dist-packages/airflow/example_dags/example_time_delta_sensor_async.py
[2023-12-06T18:29:04.822+0000] {processor.py:829} INFO - Processing file /usr/local/lib/python3.10/dist-packages/airflow/example_dags/example_time_delta_sensor_async.py for tasks to queue
[2023-12-06T18:29:04.823+0000] {logging_mixin.py:154} INFO - [2023-12-06T18:29:04.823+0000] {dagbag.py:536} INFO - Filling up the DagBag from /usr/local/lib/python3.10/dist-packages/airflow/example_dags/example_time_delta_sensor_async.py
[2023-12-06T18:29:04.829+0000] {processor.py:839} INFO - DAG(s) dict_keys(['example_time_delta_sensor_async']) retrieved from /usr/local/lib/python3.10/dist-packages/airflow/example_dags/example_time_delta_sensor_async.py
[2023-12-06T18:29:04.847+0000] {logging_mixin.py:154} INFO - [2023-12-06T18:29:04.847+0000] {dag.py:2941} INFO - Sync 1 DAGs
[2023-12-06T18:29:04.859+0000] {logging_mixin.py:154} INFO - [2023-12-06T18:29:04.859+0000] {dag.py:3722} INFO - Setting next_dagrun for example_time_delta_sensor_async to None, run_after=None
[2023-12-06T18:29:04.887+0000] {processor.py:179} INFO - Processing /usr/local/lib/python3.10/dist-packages/airflow/example_dags/example_time_delta_sensor_async.py took 0.071 seconds
[2023-12-06T18:29:48.774+0000] {processor.py:157} INFO - Started process (PID=4164) to work on /usr/local/lib/python3.10/dist-packages/airflow/example_dags/example_time_delta_sensor_async.py
[2023-12-06T18:29:48.775+0000] {processor.py:829} INFO - Processing file /usr/local/lib/python3.10/dist-packages/airflow/example_dags/example_time_delta_sensor_async.py for tasks to queue
[2023-12-06T18:29:48.776+0000] {logging_mixin.py:154} INFO - [2023-12-06T18:29:48.776+0000] {dagbag.py:536} INFO - Filling up the DagBag from /usr/local/lib/python3.10/dist-packages/airflow/example_dags/example_time_delta_sensor_async.py
[2023-12-06T18:29:48.782+0000] {processor.py:839} INFO - DAG(s) dict_keys(['example_time_delta_sensor_async']) retrieved from /usr/local/lib/python3.10/dist-packages/airflow/example_dags/example_time_delta_sensor_async.py
[2023-12-06T18:29:48.799+0000] {logging_mixin.py:154} INFO - [2023-12-06T18:29:48.799+0000] {dag.py:2941} INFO - Sync 1 DAGs
[2023-12-06T18:29:48.811+0000] {logging_mixin.py:154} INFO - [2023-12-06T18:29:48.811+0000] {dag.py:3722} INFO - Setting next_dagrun for example_time_delta_sensor_async to None, run_after=None
[2023-12-06T18:29:48.833+0000] {processor.py:179} INFO - Processing /usr/local/lib/python3.10/dist-packages/airflow/example_dags/example_time_delta_sensor_async.py took 0.062 seconds
[2023-12-06T18:30:33.160+0000] {processor.py:157} INFO - Started process (PID=4209) to work on /usr/local/lib/python3.10/dist-packages/airflow/example_dags/example_time_delta_sensor_async.py
[2023-12-06T18:30:33.162+0000] {processor.py:829} INFO - Processing file /usr/local/lib/python3.10/dist-packages/airflow/example_dags/example_time_delta_sensor_async.py for tasks to queue
[2023-12-06T18:30:33.162+0000] {logging_mixin.py:154} INFO - [2023-12-06T18:30:33.162+0000] {dagbag.py:536} INFO - Filling up the DagBag from /usr/local/lib/python3.10/dist-packages/airflow/example_dags/example_time_delta_sensor_async.py
[2023-12-06T18:30:33.168+0000] {processor.py:839} INFO - DAG(s) dict_keys(['example_time_delta_sensor_async']) retrieved from /usr/local/lib/python3.10/dist-packages/airflow/example_dags/example_time_delta_sensor_async.py
[2023-12-06T18:30:33.186+0000] {logging_mixin.py:154} INFO - [2023-12-06T18:30:33.186+0000] {dag.py:2941} INFO - Sync 1 DAGs
[2023-12-06T18:30:33.198+0000] {logging_mixin.py:154} INFO - [2023-12-06T18:30:33.198+0000] {dag.py:3722} INFO - Setting next_dagrun for example_time_delta_sensor_async to None, run_after=None
[2023-12-06T18:30:33.223+0000] {processor.py:179} INFO - Processing /usr/local/lib/python3.10/dist-packages/airflow/example_dags/example_time_delta_sensor_async.py took 0.066 seconds
[2023-12-06T18:31:16.308+0000] {processor.py:157} INFO - Started process (PID=4255) to work on /usr/local/lib/python3.10/dist-packages/airflow/example_dags/example_time_delta_sensor_async.py
[2023-12-06T18:31:16.310+0000] {processor.py:829} INFO - Processing file /usr/local/lib/python3.10/dist-packages/airflow/example_dags/example_time_delta_sensor_async.py for tasks to queue
[2023-12-06T18:31:16.311+0000] {logging_mixin.py:154} INFO - [2023-12-06T18:31:16.310+0000] {dagbag.py:536} INFO - Filling up the DagBag from /usr/local/lib/python3.10/dist-packages/airflow/example_dags/example_time_delta_sensor_async.py
[2023-12-06T18:31:16.316+0000] {processor.py:839} INFO - DAG(s) dict_keys(['example_time_delta_sensor_async']) retrieved from /usr/local/lib/python3.10/dist-packages/airflow/example_dags/example_time_delta_sensor_async.py
[2023-12-06T18:31:16.333+0000] {logging_mixin.py:154} INFO - [2023-12-06T18:31:16.333+0000] {dag.py:2941} INFO - Sync 1 DAGs
[2023-12-06T18:31:16.345+0000] {logging_mixin.py:154} INFO - [2023-12-06T18:31:16.345+0000] {dag.py:3722} INFO - Setting next_dagrun for example_time_delta_sensor_async to None, run_after=None
[2023-12-06T18:31:16.371+0000] {processor.py:179} INFO - Processing /usr/local/lib/python3.10/dist-packages/airflow/example_dags/example_time_delta_sensor_async.py took 0.066 seconds
[2023-12-06T18:31:58.792+0000] {processor.py:157} INFO - Started process (PID=4301) to work on /usr/local/lib/python3.10/dist-packages/airflow/example_dags/example_time_delta_sensor_async.py
[2023-12-06T18:31:58.794+0000] {processor.py:829} INFO - Processing file /usr/local/lib/python3.10/dist-packages/airflow/example_dags/example_time_delta_sensor_async.py for tasks to queue
[2023-12-06T18:31:58.795+0000] {logging_mixin.py:154} INFO - [2023-12-06T18:31:58.795+0000] {dagbag.py:536} INFO - Filling up the DagBag from /usr/local/lib/python3.10/dist-packages/airflow/example_dags/example_time_delta_sensor_async.py
[2023-12-06T18:31:58.801+0000] {processor.py:839} INFO - DAG(s) dict_keys(['example_time_delta_sensor_async']) retrieved from /usr/local/lib/python3.10/dist-packages/airflow/example_dags/example_time_delta_sensor_async.py
[2023-12-06T18:31:58.818+0000] {logging_mixin.py:154} INFO - [2023-12-06T18:31:58.818+0000] {dag.py:2941} INFO - Sync 1 DAGs
[2023-12-06T18:31:58.830+0000] {logging_mixin.py:154} INFO - [2023-12-06T18:31:58.830+0000] {dag.py:3722} INFO - Setting next_dagrun for example_time_delta_sensor_async to None, run_after=None
[2023-12-06T18:31:58.914+0000] {processor.py:179} INFO - Processing /usr/local/lib/python3.10/dist-packages/airflow/example_dags/example_time_delta_sensor_async.py took 0.125 seconds
[2023-12-06T18:32:41.337+0000] {processor.py:157} INFO - Started process (PID=4343) to work on /usr/local/lib/python3.10/dist-packages/airflow/example_dags/example_time_delta_sensor_async.py
[2023-12-06T18:32:41.339+0000] {processor.py:829} INFO - Processing file /usr/local/lib/python3.10/dist-packages/airflow/example_dags/example_time_delta_sensor_async.py for tasks to queue
[2023-12-06T18:32:41.339+0000] {logging_mixin.py:154} INFO - [2023-12-06T18:32:41.339+0000] {dagbag.py:536} INFO - Filling up the DagBag from /usr/local/lib/python3.10/dist-packages/airflow/example_dags/example_time_delta_sensor_async.py
[2023-12-06T18:32:41.345+0000] {processor.py:839} INFO - DAG(s) dict_keys(['example_time_delta_sensor_async']) retrieved from /usr/local/lib/python3.10/dist-packages/airflow/example_dags/example_time_delta_sensor_async.py
[2023-12-06T18:32:41.363+0000] {logging_mixin.py:154} INFO - [2023-12-06T18:32:41.363+0000] {dag.py:2941} INFO - Sync 1 DAGs
[2023-12-06T18:32:41.375+0000] {logging_mixin.py:154} INFO - [2023-12-06T18:32:41.375+0000] {dag.py:3722} INFO - Setting next_dagrun for example_time_delta_sensor_async to None, run_after=None
[2023-12-06T18:32:41.399+0000] {processor.py:179} INFO - Processing /usr/local/lib/python3.10/dist-packages/airflow/example_dags/example_time_delta_sensor_async.py took 0.065 seconds
[2023-12-06T18:33:27.833+0000] {processor.py:157} INFO - Started process (PID=4391) to work on /usr/local/lib/python3.10/dist-packages/airflow/example_dags/example_time_delta_sensor_async.py
[2023-12-06T18:33:27.834+0000] {processor.py:829} INFO - Processing file /usr/local/lib/python3.10/dist-packages/airflow/example_dags/example_time_delta_sensor_async.py for tasks to queue
[2023-12-06T18:33:27.835+0000] {logging_mixin.py:154} INFO - [2023-12-06T18:33:27.835+0000] {dagbag.py:536} INFO - Filling up the DagBag from /usr/local/lib/python3.10/dist-packages/airflow/example_dags/example_time_delta_sensor_async.py
[2023-12-06T18:33:27.841+0000] {processor.py:839} INFO - DAG(s) dict_keys(['example_time_delta_sensor_async']) retrieved from /usr/local/lib/python3.10/dist-packages/airflow/example_dags/example_time_delta_sensor_async.py
[2023-12-06T18:33:27.859+0000] {logging_mixin.py:154} INFO - [2023-12-06T18:33:27.859+0000] {dag.py:2941} INFO - Sync 1 DAGs
[2023-12-06T18:33:27.873+0000] {logging_mixin.py:154} INFO - [2023-12-06T18:33:27.872+0000] {dag.py:3722} INFO - Setting next_dagrun for example_time_delta_sensor_async to None, run_after=None
[2023-12-06T18:33:27.897+0000] {processor.py:179} INFO - Processing /usr/local/lib/python3.10/dist-packages/airflow/example_dags/example_time_delta_sensor_async.py took 0.068 seconds
[2023-12-06T18:34:14.184+0000] {processor.py:157} INFO - Started process (PID=4438) to work on /usr/local/lib/python3.10/dist-packages/airflow/example_dags/example_time_delta_sensor_async.py
[2023-12-06T18:34:14.186+0000] {processor.py:829} INFO - Processing file /usr/local/lib/python3.10/dist-packages/airflow/example_dags/example_time_delta_sensor_async.py for tasks to queue
[2023-12-06T18:34:14.187+0000] {logging_mixin.py:154} INFO - [2023-12-06T18:34:14.186+0000] {dagbag.py:536} INFO - Filling up the DagBag from /usr/local/lib/python3.10/dist-packages/airflow/example_dags/example_time_delta_sensor_async.py
[2023-12-06T18:34:14.192+0000] {processor.py:839} INFO - DAG(s) dict_keys(['example_time_delta_sensor_async']) retrieved from /usr/local/lib/python3.10/dist-packages/airflow/example_dags/example_time_delta_sensor_async.py
[2023-12-06T18:34:14.210+0000] {logging_mixin.py:154} INFO - [2023-12-06T18:34:14.210+0000] {dag.py:2941} INFO - Sync 1 DAGs
[2023-12-06T18:34:14.222+0000] {logging_mixin.py:154} INFO - [2023-12-06T18:34:14.222+0000] {dag.py:3722} INFO - Setting next_dagrun for example_time_delta_sensor_async to None, run_after=None
[2023-12-06T18:34:14.243+0000] {processor.py:179} INFO - Processing /usr/local/lib/python3.10/dist-packages/airflow/example_dags/example_time_delta_sensor_async.py took 0.062 seconds
[2023-12-06T18:35:01.581+0000] {processor.py:157} INFO - Started process (PID=4486) to work on /usr/local/lib/python3.10/dist-packages/airflow/example_dags/example_time_delta_sensor_async.py
[2023-12-06T18:35:01.582+0000] {processor.py:829} INFO - Processing file /usr/local/lib/python3.10/dist-packages/airflow/example_dags/example_time_delta_sensor_async.py for tasks to queue
[2023-12-06T18:35:01.583+0000] {logging_mixin.py:154} INFO - [2023-12-06T18:35:01.583+0000] {dagbag.py:536} INFO - Filling up the DagBag from /usr/local/lib/python3.10/dist-packages/airflow/example_dags/example_time_delta_sensor_async.py
[2023-12-06T18:35:01.589+0000] {processor.py:839} INFO - DAG(s) dict_keys(['example_time_delta_sensor_async']) retrieved from /usr/local/lib/python3.10/dist-packages/airflow/example_dags/example_time_delta_sensor_async.py
[2023-12-06T18:35:01.608+0000] {logging_mixin.py:154} INFO - [2023-12-06T18:35:01.608+0000] {dag.py:2941} INFO - Sync 1 DAGs
[2023-12-06T18:35:01.621+0000] {logging_mixin.py:154} INFO - [2023-12-06T18:35:01.621+0000] {dag.py:3722} INFO - Setting next_dagrun for example_time_delta_sensor_async to None, run_after=None
[2023-12-06T18:35:01.645+0000] {processor.py:179} INFO - Processing /usr/local/lib/python3.10/dist-packages/airflow/example_dags/example_time_delta_sensor_async.py took 0.069 seconds
[2023-12-06T18:35:48.370+0000] {processor.py:157} INFO - Started process (PID=4536) to work on /usr/local/lib/python3.10/dist-packages/airflow/example_dags/example_time_delta_sensor_async.py
[2023-12-06T18:35:48.372+0000] {processor.py:829} INFO - Processing file /usr/local/lib/python3.10/dist-packages/airflow/example_dags/example_time_delta_sensor_async.py for tasks to queue
[2023-12-06T18:35:48.372+0000] {logging_mixin.py:154} INFO - [2023-12-06T18:35:48.372+0000] {dagbag.py:536} INFO - Filling up the DagBag from /usr/local/lib/python3.10/dist-packages/airflow/example_dags/example_time_delta_sensor_async.py
[2023-12-06T18:35:48.378+0000] {processor.py:839} INFO - DAG(s) dict_keys(['example_time_delta_sensor_async']) retrieved from /usr/local/lib/python3.10/dist-packages/airflow/example_dags/example_time_delta_sensor_async.py
[2023-12-06T18:35:48.396+0000] {logging_mixin.py:154} INFO - [2023-12-06T18:35:48.396+0000] {dag.py:2941} INFO - Sync 1 DAGs
[2023-12-06T18:35:48.408+0000] {logging_mixin.py:154} INFO - [2023-12-06T18:35:48.408+0000] {dag.py:3722} INFO - Setting next_dagrun for example_time_delta_sensor_async to None, run_after=None
[2023-12-06T18:35:48.431+0000] {processor.py:179} INFO - Processing /usr/local/lib/python3.10/dist-packages/airflow/example_dags/example_time_delta_sensor_async.py took 0.064 seconds
[2023-12-06T18:36:34.837+0000] {processor.py:157} INFO - Started process (PID=4582) to work on /usr/local/lib/python3.10/dist-packages/airflow/example_dags/example_time_delta_sensor_async.py
[2023-12-06T18:36:34.838+0000] {processor.py:829} INFO - Processing file /usr/local/lib/python3.10/dist-packages/airflow/example_dags/example_time_delta_sensor_async.py for tasks to queue
[2023-12-06T18:36:34.839+0000] {logging_mixin.py:154} INFO - [2023-12-06T18:36:34.839+0000] {dagbag.py:536} INFO - Filling up the DagBag from /usr/local/lib/python3.10/dist-packages/airflow/example_dags/example_time_delta_sensor_async.py
[2023-12-06T18:36:34.844+0000] {processor.py:839} INFO - DAG(s) dict_keys(['example_time_delta_sensor_async']) retrieved from /usr/local/lib/python3.10/dist-packages/airflow/example_dags/example_time_delta_sensor_async.py
[2023-12-06T18:36:34.863+0000] {logging_mixin.py:154} INFO - [2023-12-06T18:36:34.862+0000] {dag.py:2941} INFO - Sync 1 DAGs
[2023-12-06T18:36:34.875+0000] {logging_mixin.py:154} INFO - [2023-12-06T18:36:34.875+0000] {dag.py:3722} INFO - Setting next_dagrun for example_time_delta_sensor_async to None, run_after=None
[2023-12-06T18:36:34.898+0000] {processor.py:179} INFO - Processing /usr/local/lib/python3.10/dist-packages/airflow/example_dags/example_time_delta_sensor_async.py took 0.065 seconds
[2023-12-06T18:37:18.867+0000] {processor.py:157} INFO - Started process (PID=4629) to work on /usr/local/lib/python3.10/dist-packages/airflow/example_dags/example_time_delta_sensor_async.py
[2023-12-06T18:37:18.868+0000] {processor.py:829} INFO - Processing file /usr/local/lib/python3.10/dist-packages/airflow/example_dags/example_time_delta_sensor_async.py for tasks to queue
[2023-12-06T18:37:18.869+0000] {logging_mixin.py:154} INFO - [2023-12-06T18:37:18.869+0000] {dagbag.py:536} INFO - Filling up the DagBag from /usr/local/lib/python3.10/dist-packages/airflow/example_dags/example_time_delta_sensor_async.py
[2023-12-06T18:37:18.875+0000] {processor.py:839} INFO - DAG(s) dict_keys(['example_time_delta_sensor_async']) retrieved from /usr/local/lib/python3.10/dist-packages/airflow/example_dags/example_time_delta_sensor_async.py
[2023-12-06T18:37:18.893+0000] {logging_mixin.py:154} INFO - [2023-12-06T18:37:18.892+0000] {dag.py:2941} INFO - Sync 1 DAGs
[2023-12-06T18:37:18.905+0000] {logging_mixin.py:154} INFO - [2023-12-06T18:37:18.905+0000] {dag.py:3722} INFO - Setting next_dagrun for example_time_delta_sensor_async to None, run_after=None
[2023-12-06T18:37:18.928+0000] {processor.py:179} INFO - Processing /usr/local/lib/python3.10/dist-packages/airflow/example_dags/example_time_delta_sensor_async.py took 0.065 seconds
[2023-12-06T18:38:06.394+0000] {processor.py:157} INFO - Started process (PID=4677) to work on /usr/local/lib/python3.10/dist-packages/airflow/example_dags/example_time_delta_sensor_async.py
[2023-12-06T18:38:06.396+0000] {processor.py:829} INFO - Processing file /usr/local/lib/python3.10/dist-packages/airflow/example_dags/example_time_delta_sensor_async.py for tasks to queue
[2023-12-06T18:38:06.396+0000] {logging_mixin.py:154} INFO - [2023-12-06T18:38:06.396+0000] {dagbag.py:536} INFO - Filling up the DagBag from /usr/local/lib/python3.10/dist-packages/airflow/example_dags/example_time_delta_sensor_async.py
[2023-12-06T18:38:06.402+0000] {processor.py:839} INFO - DAG(s) dict_keys(['example_time_delta_sensor_async']) retrieved from /usr/local/lib/python3.10/dist-packages/airflow/example_dags/example_time_delta_sensor_async.py
[2023-12-06T18:38:06.421+0000] {logging_mixin.py:154} INFO - [2023-12-06T18:38:06.421+0000] {dag.py:2941} INFO - Sync 1 DAGs
[2023-12-06T18:38:06.434+0000] {logging_mixin.py:154} INFO - [2023-12-06T18:38:06.434+0000] {dag.py:3722} INFO - Setting next_dagrun for example_time_delta_sensor_async to None, run_after=None
[2023-12-06T18:38:06.461+0000] {processor.py:179} INFO - Processing /usr/local/lib/python3.10/dist-packages/airflow/example_dags/example_time_delta_sensor_async.py took 0.070 seconds
[2023-12-06T18:38:53.278+0000] {processor.py:157} INFO - Started process (PID=4725) to work on /usr/local/lib/python3.10/dist-packages/airflow/example_dags/example_time_delta_sensor_async.py
[2023-12-06T18:38:53.279+0000] {processor.py:829} INFO - Processing file /usr/local/lib/python3.10/dist-packages/airflow/example_dags/example_time_delta_sensor_async.py for tasks to queue
[2023-12-06T18:38:53.280+0000] {logging_mixin.py:154} INFO - [2023-12-06T18:38:53.280+0000] {dagbag.py:536} INFO - Filling up the DagBag from /usr/local/lib/python3.10/dist-packages/airflow/example_dags/example_time_delta_sensor_async.py
[2023-12-06T18:38:53.286+0000] {processor.py:839} INFO - DAG(s) dict_keys(['example_time_delta_sensor_async']) retrieved from /usr/local/lib/python3.10/dist-packages/airflow/example_dags/example_time_delta_sensor_async.py
[2023-12-06T18:38:53.304+0000] {logging_mixin.py:154} INFO - [2023-12-06T18:38:53.304+0000] {dag.py:2941} INFO - Sync 1 DAGs
[2023-12-06T18:38:53.316+0000] {logging_mixin.py:154} INFO - [2023-12-06T18:38:53.316+0000] {dag.py:3722} INFO - Setting next_dagrun for example_time_delta_sensor_async to None, run_after=None
[2023-12-06T18:38:53.339+0000] {processor.py:179} INFO - Processing /usr/local/lib/python3.10/dist-packages/airflow/example_dags/example_time_delta_sensor_async.py took 0.065 seconds
[2023-12-06T18:39:41.257+0000] {processor.py:157} INFO - Started process (PID=4773) to work on /usr/local/lib/python3.10/dist-packages/airflow/example_dags/example_time_delta_sensor_async.py
[2023-12-06T18:39:41.259+0000] {processor.py:829} INFO - Processing file /usr/local/lib/python3.10/dist-packages/airflow/example_dags/example_time_delta_sensor_async.py for tasks to queue
[2023-12-06T18:39:41.260+0000] {logging_mixin.py:154} INFO - [2023-12-06T18:39:41.259+0000] {dagbag.py:536} INFO - Filling up the DagBag from /usr/local/lib/python3.10/dist-packages/airflow/example_dags/example_time_delta_sensor_async.py
[2023-12-06T18:39:41.265+0000] {processor.py:839} INFO - DAG(s) dict_keys(['example_time_delta_sensor_async']) retrieved from /usr/local/lib/python3.10/dist-packages/airflow/example_dags/example_time_delta_sensor_async.py
[2023-12-06T18:39:41.283+0000] {logging_mixin.py:154} INFO - [2023-12-06T18:39:41.283+0000] {dag.py:2941} INFO - Sync 1 DAGs
[2023-12-06T18:39:41.296+0000] {logging_mixin.py:154} INFO - [2023-12-06T18:39:41.295+0000] {dag.py:3722} INFO - Setting next_dagrun for example_time_delta_sensor_async to None, run_after=None
[2023-12-06T18:39:41.317+0000] {processor.py:179} INFO - Processing /usr/local/lib/python3.10/dist-packages/airflow/example_dags/example_time_delta_sensor_async.py took 0.063 seconds
[2023-12-06T18:40:31.850+0000] {processor.py:157} INFO - Started process (PID=4823) to work on /usr/local/lib/python3.10/dist-packages/airflow/example_dags/example_time_delta_sensor_async.py
[2023-12-06T18:40:31.852+0000] {processor.py:829} INFO - Processing file /usr/local/lib/python3.10/dist-packages/airflow/example_dags/example_time_delta_sensor_async.py for tasks to queue
[2023-12-06T18:40:31.853+0000] {logging_mixin.py:154} INFO - [2023-12-06T18:40:31.853+0000] {dagbag.py:536} INFO - Filling up the DagBag from /usr/local/lib/python3.10/dist-packages/airflow/example_dags/example_time_delta_sensor_async.py
[2023-12-06T18:40:31.859+0000] {processor.py:839} INFO - DAG(s) dict_keys(['example_time_delta_sensor_async']) retrieved from /usr/local/lib/python3.10/dist-packages/airflow/example_dags/example_time_delta_sensor_async.py
[2023-12-06T18:40:31.876+0000] {logging_mixin.py:154} INFO - [2023-12-06T18:40:31.876+0000] {dag.py:2941} INFO - Sync 1 DAGs
[2023-12-06T18:40:31.888+0000] {logging_mixin.py:154} INFO - [2023-12-06T18:40:31.888+0000] {dag.py:3722} INFO - Setting next_dagrun for example_time_delta_sensor_async to None, run_after=None
[2023-12-06T18:40:31.911+0000] {processor.py:179} INFO - Processing /usr/local/lib/python3.10/dist-packages/airflow/example_dags/example_time_delta_sensor_async.py took 0.065 seconds
[2023-12-06T18:41:22.563+0000] {processor.py:157} INFO - Started process (PID=4874) to work on /usr/local/lib/python3.10/dist-packages/airflow/example_dags/example_time_delta_sensor_async.py
[2023-12-06T18:41:22.566+0000] {processor.py:829} INFO - Processing file /usr/local/lib/python3.10/dist-packages/airflow/example_dags/example_time_delta_sensor_async.py for tasks to queue
[2023-12-06T18:41:22.566+0000] {logging_mixin.py:154} INFO - [2023-12-06T18:41:22.566+0000] {dagbag.py:536} INFO - Filling up the DagBag from /usr/local/lib/python3.10/dist-packages/airflow/example_dags/example_time_delta_sensor_async.py
[2023-12-06T18:41:22.571+0000] {processor.py:839} INFO - DAG(s) dict_keys(['example_time_delta_sensor_async']) retrieved from /usr/local/lib/python3.10/dist-packages/airflow/example_dags/example_time_delta_sensor_async.py
[2023-12-06T18:41:22.590+0000] {logging_mixin.py:154} INFO - [2023-12-06T18:41:22.589+0000] {dag.py:2941} INFO - Sync 1 DAGs
[2023-12-06T18:41:22.602+0000] {logging_mixin.py:154} INFO - [2023-12-06T18:41:22.602+0000] {dag.py:3722} INFO - Setting next_dagrun for example_time_delta_sensor_async to None, run_after=None
[2023-12-06T18:41:22.624+0000] {processor.py:179} INFO - Processing /usr/local/lib/python3.10/dist-packages/airflow/example_dags/example_time_delta_sensor_async.py took 0.064 seconds
[2023-12-06T18:42:08.710+0000] {processor.py:157} INFO - Started process (PID=4921) to work on /usr/local/lib/python3.10/dist-packages/airflow/example_dags/example_time_delta_sensor_async.py
[2023-12-06T18:42:08.712+0000] {processor.py:829} INFO - Processing file /usr/local/lib/python3.10/dist-packages/airflow/example_dags/example_time_delta_sensor_async.py for tasks to queue
[2023-12-06T18:42:08.713+0000] {logging_mixin.py:154} INFO - [2023-12-06T18:42:08.712+0000] {dagbag.py:536} INFO - Filling up the DagBag from /usr/local/lib/python3.10/dist-packages/airflow/example_dags/example_time_delta_sensor_async.py
[2023-12-06T18:42:08.718+0000] {processor.py:839} INFO - DAG(s) dict_keys(['example_time_delta_sensor_async']) retrieved from /usr/local/lib/python3.10/dist-packages/airflow/example_dags/example_time_delta_sensor_async.py
[2023-12-06T18:42:08.736+0000] {logging_mixin.py:154} INFO - [2023-12-06T18:42:08.736+0000] {dag.py:2941} INFO - Sync 1 DAGs
[2023-12-06T18:42:08.749+0000] {logging_mixin.py:154} INFO - [2023-12-06T18:42:08.749+0000] {dag.py:3722} INFO - Setting next_dagrun for example_time_delta_sensor_async to None, run_after=None
[2023-12-06T18:42:08.773+0000] {processor.py:179} INFO - Processing /usr/local/lib/python3.10/dist-packages/airflow/example_dags/example_time_delta_sensor_async.py took 0.066 seconds
[2023-12-06T18:42:56.846+0000] {processor.py:157} INFO - Started process (PID=4969) to work on /usr/local/lib/python3.10/dist-packages/airflow/example_dags/example_time_delta_sensor_async.py
[2023-12-06T18:42:56.847+0000] {processor.py:829} INFO - Processing file /usr/local/lib/python3.10/dist-packages/airflow/example_dags/example_time_delta_sensor_async.py for tasks to queue
[2023-12-06T18:42:56.848+0000] {logging_mixin.py:154} INFO - [2023-12-06T18:42:56.848+0000] {dagbag.py:536} INFO - Filling up the DagBag from /usr/local/lib/python3.10/dist-packages/airflow/example_dags/example_time_delta_sensor_async.py
[2023-12-06T18:42:56.854+0000] {processor.py:839} INFO - DAG(s) dict_keys(['example_time_delta_sensor_async']) retrieved from /usr/local/lib/python3.10/dist-packages/airflow/example_dags/example_time_delta_sensor_async.py
[2023-12-06T18:42:56.871+0000] {logging_mixin.py:154} INFO - [2023-12-06T18:42:56.871+0000] {dag.py:2941} INFO - Sync 1 DAGs
[2023-12-06T18:42:56.884+0000] {logging_mixin.py:154} INFO - [2023-12-06T18:42:56.883+0000] {dag.py:3722} INFO - Setting next_dagrun for example_time_delta_sensor_async to None, run_after=None
[2023-12-06T18:42:56.905+0000] {processor.py:179} INFO - Processing /usr/local/lib/python3.10/dist-packages/airflow/example_dags/example_time_delta_sensor_async.py took 0.063 seconds
[2023-12-06T18:43:49.682+0000] {processor.py:157} INFO - Started process (PID=5022) to work on /usr/local/lib/python3.10/dist-packages/airflow/example_dags/example_time_delta_sensor_async.py
[2023-12-06T18:43:49.684+0000] {processor.py:829} INFO - Processing file /usr/local/lib/python3.10/dist-packages/airflow/example_dags/example_time_delta_sensor_async.py for tasks to queue
[2023-12-06T18:43:49.685+0000] {logging_mixin.py:154} INFO - [2023-12-06T18:43:49.684+0000] {dagbag.py:536} INFO - Filling up the DagBag from /usr/local/lib/python3.10/dist-packages/airflow/example_dags/example_time_delta_sensor_async.py
[2023-12-06T18:43:49.690+0000] {processor.py:839} INFO - DAG(s) dict_keys(['example_time_delta_sensor_async']) retrieved from /usr/local/lib/python3.10/dist-packages/airflow/example_dags/example_time_delta_sensor_async.py
[2023-12-06T18:43:49.708+0000] {logging_mixin.py:154} INFO - [2023-12-06T18:43:49.708+0000] {dag.py:2941} INFO - Sync 1 DAGs
[2023-12-06T18:43:49.720+0000] {logging_mixin.py:154} INFO - [2023-12-06T18:43:49.720+0000] {dag.py:3722} INFO - Setting next_dagrun for example_time_delta_sensor_async to None, run_after=None
[2023-12-06T18:43:49.743+0000] {processor.py:179} INFO - Processing /usr/local/lib/python3.10/dist-packages/airflow/example_dags/example_time_delta_sensor_async.py took 0.065 seconds
[2023-12-06T18:44:39.594+0000] {processor.py:157} INFO - Started process (PID=5071) to work on /usr/local/lib/python3.10/dist-packages/airflow/example_dags/example_time_delta_sensor_async.py
[2023-12-06T18:44:39.595+0000] {processor.py:829} INFO - Processing file /usr/local/lib/python3.10/dist-packages/airflow/example_dags/example_time_delta_sensor_async.py for tasks to queue
[2023-12-06T18:44:39.596+0000] {logging_mixin.py:154} INFO - [2023-12-06T18:44:39.596+0000] {dagbag.py:536} INFO - Filling up the DagBag from /usr/local/lib/python3.10/dist-packages/airflow/example_dags/example_time_delta_sensor_async.py
[2023-12-06T18:44:39.602+0000] {processor.py:839} INFO - DAG(s) dict_keys(['example_time_delta_sensor_async']) retrieved from /usr/local/lib/python3.10/dist-packages/airflow/example_dags/example_time_delta_sensor_async.py
[2023-12-06T18:44:39.619+0000] {logging_mixin.py:154} INFO - [2023-12-06T18:44:39.619+0000] {dag.py:2941} INFO - Sync 1 DAGs
[2023-12-06T18:44:39.631+0000] {logging_mixin.py:154} INFO - [2023-12-06T18:44:39.631+0000] {dag.py:3722} INFO - Setting next_dagrun for example_time_delta_sensor_async to None, run_after=None
[2023-12-06T18:44:39.654+0000] {processor.py:179} INFO - Processing /usr/local/lib/python3.10/dist-packages/airflow/example_dags/example_time_delta_sensor_async.py took 0.063 seconds
[2023-12-06T18:45:23.612+0000] {processor.py:157} INFO - Started process (PID=5117) to work on /usr/local/lib/python3.10/dist-packages/airflow/example_dags/example_time_delta_sensor_async.py
[2023-12-06T18:45:23.614+0000] {processor.py:829} INFO - Processing file /usr/local/lib/python3.10/dist-packages/airflow/example_dags/example_time_delta_sensor_async.py for tasks to queue
[2023-12-06T18:45:23.615+0000] {logging_mixin.py:154} INFO - [2023-12-06T18:45:23.614+0000] {dagbag.py:536} INFO - Filling up the DagBag from /usr/local/lib/python3.10/dist-packages/airflow/example_dags/example_time_delta_sensor_async.py
[2023-12-06T18:45:23.621+0000] {processor.py:839} INFO - DAG(s) dict_keys(['example_time_delta_sensor_async']) retrieved from /usr/local/lib/python3.10/dist-packages/airflow/example_dags/example_time_delta_sensor_async.py
[2023-12-06T18:45:23.639+0000] {logging_mixin.py:154} INFO - [2023-12-06T18:45:23.638+0000] {dag.py:2941} INFO - Sync 1 DAGs
[2023-12-06T18:45:23.652+0000] {logging_mixin.py:154} INFO - [2023-12-06T18:45:23.651+0000] {dag.py:3722} INFO - Setting next_dagrun for example_time_delta_sensor_async to None, run_after=None
[2023-12-06T18:45:23.674+0000] {processor.py:179} INFO - Processing /usr/local/lib/python3.10/dist-packages/airflow/example_dags/example_time_delta_sensor_async.py took 0.065 seconds
[2023-12-06T18:46:09.102+0000] {processor.py:157} INFO - Started process (PID=5166) to work on /usr/local/lib/python3.10/dist-packages/airflow/example_dags/example_time_delta_sensor_async.py
[2023-12-06T18:46:09.103+0000] {processor.py:829} INFO - Processing file /usr/local/lib/python3.10/dist-packages/airflow/example_dags/example_time_delta_sensor_async.py for tasks to queue
[2023-12-06T18:46:09.104+0000] {logging_mixin.py:154} INFO - [2023-12-06T18:46:09.103+0000] {dagbag.py:536} INFO - Filling up the DagBag from /usr/local/lib/python3.10/dist-packages/airflow/example_dags/example_time_delta_sensor_async.py
[2023-12-06T18:46:09.110+0000] {processor.py:839} INFO - DAG(s) dict_keys(['example_time_delta_sensor_async']) retrieved from /usr/local/lib/python3.10/dist-packages/airflow/example_dags/example_time_delta_sensor_async.py
[2023-12-06T18:46:09.128+0000] {logging_mixin.py:154} INFO - [2023-12-06T18:46:09.127+0000] {dag.py:2941} INFO - Sync 1 DAGs
[2023-12-06T18:46:09.140+0000] {logging_mixin.py:154} INFO - [2023-12-06T18:46:09.140+0000] {dag.py:3722} INFO - Setting next_dagrun for example_time_delta_sensor_async to None, run_after=None
[2023-12-06T18:46:09.163+0000] {processor.py:179} INFO - Processing /usr/local/lib/python3.10/dist-packages/airflow/example_dags/example_time_delta_sensor_async.py took 0.065 seconds
[2023-12-06T18:46:52.941+0000] {processor.py:157} INFO - Started process (PID=5214) to work on /usr/local/lib/python3.10/dist-packages/airflow/example_dags/example_time_delta_sensor_async.py
[2023-12-06T18:46:52.942+0000] {processor.py:829} INFO - Processing file /usr/local/lib/python3.10/dist-packages/airflow/example_dags/example_time_delta_sensor_async.py for tasks to queue
[2023-12-06T18:46:52.943+0000] {logging_mixin.py:154} INFO - [2023-12-06T18:46:52.943+0000] {dagbag.py:536} INFO - Filling up the DagBag from /usr/local/lib/python3.10/dist-packages/airflow/example_dags/example_time_delta_sensor_async.py
[2023-12-06T18:46:52.949+0000] {processor.py:839} INFO - DAG(s) dict_keys(['example_time_delta_sensor_async']) retrieved from /usr/local/lib/python3.10/dist-packages/airflow/example_dags/example_time_delta_sensor_async.py
[2023-12-06T18:46:52.966+0000] {logging_mixin.py:154} INFO - [2023-12-06T18:46:52.966+0000] {dag.py:2941} INFO - Sync 1 DAGs
[2023-12-06T18:46:52.978+0000] {logging_mixin.py:154} INFO - [2023-12-06T18:46:52.978+0000] {dag.py:3722} INFO - Setting next_dagrun for example_time_delta_sensor_async to None, run_after=None
[2023-12-06T18:46:53.001+0000] {processor.py:179} INFO - Processing /usr/local/lib/python3.10/dist-packages/airflow/example_dags/example_time_delta_sensor_async.py took 0.064 seconds
[2023-12-06T18:47:44.766+0000] {processor.py:157} INFO - Started process (PID=5266) to work on /usr/local/lib/python3.10/dist-packages/airflow/example_dags/example_time_delta_sensor_async.py
[2023-12-06T18:47:44.768+0000] {processor.py:829} INFO - Processing file /usr/local/lib/python3.10/dist-packages/airflow/example_dags/example_time_delta_sensor_async.py for tasks to queue
[2023-12-06T18:47:44.768+0000] {logging_mixin.py:154} INFO - [2023-12-06T18:47:44.768+0000] {dagbag.py:536} INFO - Filling up the DagBag from /usr/local/lib/python3.10/dist-packages/airflow/example_dags/example_time_delta_sensor_async.py
[2023-12-06T18:47:44.774+0000] {processor.py:839} INFO - DAG(s) dict_keys(['example_time_delta_sensor_async']) retrieved from /usr/local/lib/python3.10/dist-packages/airflow/example_dags/example_time_delta_sensor_async.py
[2023-12-06T18:47:44.791+0000] {logging_mixin.py:154} INFO - [2023-12-06T18:47:44.791+0000] {dag.py:2941} INFO - Sync 1 DAGs
[2023-12-06T18:47:44.803+0000] {logging_mixin.py:154} INFO - [2023-12-06T18:47:44.803+0000] {dag.py:3722} INFO - Setting next_dagrun for example_time_delta_sensor_async to None, run_after=None
[2023-12-06T18:47:44.825+0000] {processor.py:179} INFO - Processing /usr/local/lib/python3.10/dist-packages/airflow/example_dags/example_time_delta_sensor_async.py took 0.063 seconds
[2023-12-06T18:48:34.059+0000] {processor.py:157} INFO - Started process (PID=5315) to work on /usr/local/lib/python3.10/dist-packages/airflow/example_dags/example_time_delta_sensor_async.py
[2023-12-06T18:48:34.060+0000] {processor.py:829} INFO - Processing file /usr/local/lib/python3.10/dist-packages/airflow/example_dags/example_time_delta_sensor_async.py for tasks to queue
[2023-12-06T18:48:34.061+0000] {logging_mixin.py:154} INFO - [2023-12-06T18:48:34.061+0000] {dagbag.py:536} INFO - Filling up the DagBag from /usr/local/lib/python3.10/dist-packages/airflow/example_dags/example_time_delta_sensor_async.py
[2023-12-06T18:48:34.066+0000] {processor.py:839} INFO - DAG(s) dict_keys(['example_time_delta_sensor_async']) retrieved from /usr/local/lib/python3.10/dist-packages/airflow/example_dags/example_time_delta_sensor_async.py
[2023-12-06T18:48:34.084+0000] {logging_mixin.py:154} INFO - [2023-12-06T18:48:34.083+0000] {dag.py:2941} INFO - Sync 1 DAGs
[2023-12-06T18:48:34.096+0000] {logging_mixin.py:154} INFO - [2023-12-06T18:48:34.096+0000] {dag.py:3722} INFO - Setting next_dagrun for example_time_delta_sensor_async to None, run_after=None
[2023-12-06T18:48:34.117+0000] {processor.py:179} INFO - Processing /usr/local/lib/python3.10/dist-packages/airflow/example_dags/example_time_delta_sensor_async.py took 0.062 seconds
[2023-12-06T18:49:21.092+0000] {processor.py:157} INFO - Started process (PID=5363) to work on /usr/local/lib/python3.10/dist-packages/airflow/example_dags/example_time_delta_sensor_async.py
[2023-12-06T18:49:21.098+0000] {processor.py:829} INFO - Processing file /usr/local/lib/python3.10/dist-packages/airflow/example_dags/example_time_delta_sensor_async.py for tasks to queue
[2023-12-06T18:49:21.098+0000] {logging_mixin.py:154} INFO - [2023-12-06T18:49:21.098+0000] {dagbag.py:536} INFO - Filling up the DagBag from /usr/local/lib/python3.10/dist-packages/airflow/example_dags/example_time_delta_sensor_async.py
[2023-12-06T18:49:21.112+0000] {processor.py:839} INFO - DAG(s) dict_keys(['example_time_delta_sensor_async']) retrieved from /usr/local/lib/python3.10/dist-packages/airflow/example_dags/example_time_delta_sensor_async.py
[2023-12-06T18:49:21.133+0000] {logging_mixin.py:154} INFO - [2023-12-06T18:49:21.133+0000] {dag.py:2941} INFO - Sync 1 DAGs
[2023-12-06T18:49:21.146+0000] {logging_mixin.py:154} INFO - [2023-12-06T18:49:21.146+0000] {dag.py:3722} INFO - Setting next_dagrun for example_time_delta_sensor_async to None, run_after=None
[2023-12-06T18:49:21.172+0000] {processor.py:179} INFO - Processing /usr/local/lib/python3.10/dist-packages/airflow/example_dags/example_time_delta_sensor_async.py took 0.084 seconds
[2023-12-06T18:50:02.746+0000] {processor.py:157} INFO - Started process (PID=5409) to work on /usr/local/lib/python3.10/dist-packages/airflow/example_dags/example_time_delta_sensor_async.py
[2023-12-06T18:50:02.748+0000] {processor.py:829} INFO - Processing file /usr/local/lib/python3.10/dist-packages/airflow/example_dags/example_time_delta_sensor_async.py for tasks to queue
[2023-12-06T18:50:02.749+0000] {logging_mixin.py:154} INFO - [2023-12-06T18:50:02.748+0000] {dagbag.py:536} INFO - Filling up the DagBag from /usr/local/lib/python3.10/dist-packages/airflow/example_dags/example_time_delta_sensor_async.py
[2023-12-06T18:50:02.766+0000] {processor.py:839} INFO - DAG(s) dict_keys(['example_time_delta_sensor_async']) retrieved from /usr/local/lib/python3.10/dist-packages/airflow/example_dags/example_time_delta_sensor_async.py
[2023-12-06T18:50:02.787+0000] {logging_mixin.py:154} INFO - [2023-12-06T18:50:02.787+0000] {dag.py:2941} INFO - Sync 1 DAGs
[2023-12-06T18:50:02.806+0000] {logging_mixin.py:154} INFO - [2023-12-06T18:50:02.806+0000] {dag.py:3722} INFO - Setting next_dagrun for example_time_delta_sensor_async to None, run_after=None
[2023-12-06T18:50:02.850+0000] {processor.py:179} INFO - Processing /usr/local/lib/python3.10/dist-packages/airflow/example_dags/example_time_delta_sensor_async.py took 0.110 seconds
[2023-12-06T18:50:45.308+0000] {processor.py:157} INFO - Started process (PID=5452) to work on /usr/local/lib/python3.10/dist-packages/airflow/example_dags/example_time_delta_sensor_async.py
[2023-12-06T18:50:45.310+0000] {processor.py:829} INFO - Processing file /usr/local/lib/python3.10/dist-packages/airflow/example_dags/example_time_delta_sensor_async.py for tasks to queue
[2023-12-06T18:50:45.311+0000] {logging_mixin.py:154} INFO - [2023-12-06T18:50:45.310+0000] {dagbag.py:536} INFO - Filling up the DagBag from /usr/local/lib/python3.10/dist-packages/airflow/example_dags/example_time_delta_sensor_async.py
[2023-12-06T18:50:45.316+0000] {processor.py:839} INFO - DAG(s) dict_keys(['example_time_delta_sensor_async']) retrieved from /usr/local/lib/python3.10/dist-packages/airflow/example_dags/example_time_delta_sensor_async.py
[2023-12-06T18:50:45.334+0000] {logging_mixin.py:154} INFO - [2023-12-06T18:50:45.334+0000] {dag.py:2941} INFO - Sync 1 DAGs
[2023-12-06T18:50:45.347+0000] {logging_mixin.py:154} INFO - [2023-12-06T18:50:45.346+0000] {dag.py:3722} INFO - Setting next_dagrun for example_time_delta_sensor_async to None, run_after=None
[2023-12-06T18:50:45.371+0000] {processor.py:179} INFO - Processing /usr/local/lib/python3.10/dist-packages/airflow/example_dags/example_time_delta_sensor_async.py took 0.067 seconds
[2023-12-06T18:51:27.702+0000] {processor.py:157} INFO - Started process (PID=5500) to work on /usr/local/lib/python3.10/dist-packages/airflow/example_dags/example_time_delta_sensor_async.py
[2023-12-06T18:51:27.704+0000] {processor.py:829} INFO - Processing file /usr/local/lib/python3.10/dist-packages/airflow/example_dags/example_time_delta_sensor_async.py for tasks to queue
[2023-12-06T18:51:27.705+0000] {logging_mixin.py:154} INFO - [2023-12-06T18:51:27.704+0000] {dagbag.py:536} INFO - Filling up the DagBag from /usr/local/lib/python3.10/dist-packages/airflow/example_dags/example_time_delta_sensor_async.py
[2023-12-06T18:51:27.710+0000] {processor.py:839} INFO - DAG(s) dict_keys(['example_time_delta_sensor_async']) retrieved from /usr/local/lib/python3.10/dist-packages/airflow/example_dags/example_time_delta_sensor_async.py
[2023-12-06T18:51:27.728+0000] {logging_mixin.py:154} INFO - [2023-12-06T18:51:27.728+0000] {dag.py:2941} INFO - Sync 1 DAGs
[2023-12-06T18:51:27.740+0000] {logging_mixin.py:154} INFO - [2023-12-06T18:51:27.740+0000] {dag.py:3722} INFO - Setting next_dagrun for example_time_delta_sensor_async to None, run_after=None
[2023-12-06T18:51:27.762+0000] {processor.py:179} INFO - Processing /usr/local/lib/python3.10/dist-packages/airflow/example_dags/example_time_delta_sensor_async.py took 0.064 seconds
[2023-12-06T18:52:10.404+0000] {processor.py:157} INFO - Started process (PID=5545) to work on /usr/local/lib/python3.10/dist-packages/airflow/example_dags/example_time_delta_sensor_async.py
[2023-12-06T18:52:10.406+0000] {processor.py:829} INFO - Processing file /usr/local/lib/python3.10/dist-packages/airflow/example_dags/example_time_delta_sensor_async.py for tasks to queue
[2023-12-06T18:52:10.407+0000] {logging_mixin.py:154} INFO - [2023-12-06T18:52:10.406+0000] {dagbag.py:536} INFO - Filling up the DagBag from /usr/local/lib/python3.10/dist-packages/airflow/example_dags/example_time_delta_sensor_async.py
[2023-12-06T18:52:10.412+0000] {processor.py:839} INFO - DAG(s) dict_keys(['example_time_delta_sensor_async']) retrieved from /usr/local/lib/python3.10/dist-packages/airflow/example_dags/example_time_delta_sensor_async.py
[2023-12-06T18:52:10.430+0000] {logging_mixin.py:154} INFO - [2023-12-06T18:52:10.430+0000] {dag.py:2941} INFO - Sync 1 DAGs
[2023-12-06T18:52:10.442+0000] {logging_mixin.py:154} INFO - [2023-12-06T18:52:10.442+0000] {dag.py:3722} INFO - Setting next_dagrun for example_time_delta_sensor_async to None, run_after=None
[2023-12-06T18:52:10.466+0000] {processor.py:179} INFO - Processing /usr/local/lib/python3.10/dist-packages/airflow/example_dags/example_time_delta_sensor_async.py took 0.066 seconds
[2023-12-06T18:52:58.485+0000] {processor.py:157} INFO - Started process (PID=5593) to work on /usr/local/lib/python3.10/dist-packages/airflow/example_dags/example_time_delta_sensor_async.py
[2023-12-06T18:52:58.487+0000] {processor.py:829} INFO - Processing file /usr/local/lib/python3.10/dist-packages/airflow/example_dags/example_time_delta_sensor_async.py for tasks to queue
[2023-12-06T18:52:58.488+0000] {logging_mixin.py:154} INFO - [2023-12-06T18:52:58.487+0000] {dagbag.py:536} INFO - Filling up the DagBag from /usr/local/lib/python3.10/dist-packages/airflow/example_dags/example_time_delta_sensor_async.py
[2023-12-06T18:52:58.494+0000] {processor.py:839} INFO - DAG(s) dict_keys(['example_time_delta_sensor_async']) retrieved from /usr/local/lib/python3.10/dist-packages/airflow/example_dags/example_time_delta_sensor_async.py
[2023-12-06T18:52:58.511+0000] {logging_mixin.py:154} INFO - [2023-12-06T18:52:58.511+0000] {dag.py:2941} INFO - Sync 1 DAGs
[2023-12-06T18:52:58.523+0000] {logging_mixin.py:154} INFO - [2023-12-06T18:52:58.523+0000] {dag.py:3722} INFO - Setting next_dagrun for example_time_delta_sensor_async to None, run_after=None
[2023-12-06T18:52:58.555+0000] {processor.py:179} INFO - Processing /usr/local/lib/python3.10/dist-packages/airflow/example_dags/example_time_delta_sensor_async.py took 0.073 seconds
[2023-12-06T18:53:44.927+0000] {processor.py:157} INFO - Started process (PID=5640) to work on /usr/local/lib/python3.10/dist-packages/airflow/example_dags/example_time_delta_sensor_async.py
[2023-12-06T18:53:44.929+0000] {processor.py:829} INFO - Processing file /usr/local/lib/python3.10/dist-packages/airflow/example_dags/example_time_delta_sensor_async.py for tasks to queue
[2023-12-06T18:53:44.930+0000] {logging_mixin.py:154} INFO - [2023-12-06T18:53:44.929+0000] {dagbag.py:536} INFO - Filling up the DagBag from /usr/local/lib/python3.10/dist-packages/airflow/example_dags/example_time_delta_sensor_async.py
[2023-12-06T18:53:44.935+0000] {processor.py:839} INFO - DAG(s) dict_keys(['example_time_delta_sensor_async']) retrieved from /usr/local/lib/python3.10/dist-packages/airflow/example_dags/example_time_delta_sensor_async.py
[2023-12-06T18:53:44.953+0000] {logging_mixin.py:154} INFO - [2023-12-06T18:53:44.953+0000] {dag.py:2941} INFO - Sync 1 DAGs
[2023-12-06T18:53:44.966+0000] {logging_mixin.py:154} INFO - [2023-12-06T18:53:44.966+0000] {dag.py:3722} INFO - Setting next_dagrun for example_time_delta_sensor_async to None, run_after=None
[2023-12-06T18:53:44.988+0000] {processor.py:179} INFO - Processing /usr/local/lib/python3.10/dist-packages/airflow/example_dags/example_time_delta_sensor_async.py took 0.064 seconds
[2023-12-06T18:54:25.559+0000] {processor.py:157} INFO - Started process (PID=5683) to work on /usr/local/lib/python3.10/dist-packages/airflow/example_dags/example_time_delta_sensor_async.py
[2023-12-06T18:54:25.560+0000] {processor.py:829} INFO - Processing file /usr/local/lib/python3.10/dist-packages/airflow/example_dags/example_time_delta_sensor_async.py for tasks to queue
[2023-12-06T18:54:25.561+0000] {logging_mixin.py:154} INFO - [2023-12-06T18:54:25.561+0000] {dagbag.py:536} INFO - Filling up the DagBag from /usr/local/lib/python3.10/dist-packages/airflow/example_dags/example_time_delta_sensor_async.py
[2023-12-06T18:54:25.566+0000] {processor.py:839} INFO - DAG(s) dict_keys(['example_time_delta_sensor_async']) retrieved from /usr/local/lib/python3.10/dist-packages/airflow/example_dags/example_time_delta_sensor_async.py
[2023-12-06T18:54:25.584+0000] {logging_mixin.py:154} INFO - [2023-12-06T18:54:25.584+0000] {dag.py:2941} INFO - Sync 1 DAGs
[2023-12-06T18:54:25.596+0000] {logging_mixin.py:154} INFO - [2023-12-06T18:54:25.596+0000] {dag.py:3722} INFO - Setting next_dagrun for example_time_delta_sensor_async to None, run_after=None
[2023-12-06T18:54:25.618+0000] {processor.py:179} INFO - Processing /usr/local/lib/python3.10/dist-packages/airflow/example_dags/example_time_delta_sensor_async.py took 0.063 seconds
[2023-12-06T18:55:12.640+0000] {processor.py:157} INFO - Started process (PID=5732) to work on /usr/local/lib/python3.10/dist-packages/airflow/example_dags/example_time_delta_sensor_async.py
[2023-12-06T18:55:12.641+0000] {processor.py:829} INFO - Processing file /usr/local/lib/python3.10/dist-packages/airflow/example_dags/example_time_delta_sensor_async.py for tasks to queue
[2023-12-06T18:55:12.642+0000] {logging_mixin.py:154} INFO - [2023-12-06T18:55:12.642+0000] {dagbag.py:536} INFO - Filling up the DagBag from /usr/local/lib/python3.10/dist-packages/airflow/example_dags/example_time_delta_sensor_async.py
[2023-12-06T18:55:12.647+0000] {processor.py:839} INFO - DAG(s) dict_keys(['example_time_delta_sensor_async']) retrieved from /usr/local/lib/python3.10/dist-packages/airflow/example_dags/example_time_delta_sensor_async.py
[2023-12-06T18:55:12.665+0000] {logging_mixin.py:154} INFO - [2023-12-06T18:55:12.664+0000] {dag.py:2941} INFO - Sync 1 DAGs
[2023-12-06T18:55:12.677+0000] {logging_mixin.py:154} INFO - [2023-12-06T18:55:12.677+0000] {dag.py:3722} INFO - Setting next_dagrun for example_time_delta_sensor_async to None, run_after=None
[2023-12-06T18:55:12.697+0000] {processor.py:179} INFO - Processing /usr/local/lib/python3.10/dist-packages/airflow/example_dags/example_time_delta_sensor_async.py took 0.061 seconds
[2023-12-06T18:55:58.232+0000] {processor.py:157} INFO - Started process (PID=5780) to work on /usr/local/lib/python3.10/dist-packages/airflow/example_dags/example_time_delta_sensor_async.py
[2023-12-06T18:55:58.233+0000] {processor.py:829} INFO - Processing file /usr/local/lib/python3.10/dist-packages/airflow/example_dags/example_time_delta_sensor_async.py for tasks to queue
[2023-12-06T18:55:58.234+0000] {logging_mixin.py:154} INFO - [2023-12-06T18:55:58.234+0000] {dagbag.py:536} INFO - Filling up the DagBag from /usr/local/lib/python3.10/dist-packages/airflow/example_dags/example_time_delta_sensor_async.py
[2023-12-06T18:55:58.239+0000] {processor.py:839} INFO - DAG(s) dict_keys(['example_time_delta_sensor_async']) retrieved from /usr/local/lib/python3.10/dist-packages/airflow/example_dags/example_time_delta_sensor_async.py
[2023-12-06T18:55:58.258+0000] {logging_mixin.py:154} INFO - [2023-12-06T18:55:58.258+0000] {dag.py:2941} INFO - Sync 1 DAGs
[2023-12-06T18:55:58.270+0000] {logging_mixin.py:154} INFO - [2023-12-06T18:55:58.270+0000] {dag.py:3722} INFO - Setting next_dagrun for example_time_delta_sensor_async to None, run_after=None
[2023-12-06T18:55:58.293+0000] {processor.py:179} INFO - Processing /usr/local/lib/python3.10/dist-packages/airflow/example_dags/example_time_delta_sensor_async.py took 0.065 seconds
[2023-12-06T18:56:45.375+0000] {processor.py:157} INFO - Started process (PID=5828) to work on /usr/local/lib/python3.10/dist-packages/airflow/example_dags/example_time_delta_sensor_async.py
[2023-12-06T18:56:45.376+0000] {processor.py:829} INFO - Processing file /usr/local/lib/python3.10/dist-packages/airflow/example_dags/example_time_delta_sensor_async.py for tasks to queue
[2023-12-06T18:56:45.377+0000] {logging_mixin.py:154} INFO - [2023-12-06T18:56:45.377+0000] {dagbag.py:536} INFO - Filling up the DagBag from /usr/local/lib/python3.10/dist-packages/airflow/example_dags/example_time_delta_sensor_async.py
[2023-12-06T18:56:45.383+0000] {processor.py:839} INFO - DAG(s) dict_keys(['example_time_delta_sensor_async']) retrieved from /usr/local/lib/python3.10/dist-packages/airflow/example_dags/example_time_delta_sensor_async.py
[2023-12-06T18:56:45.401+0000] {logging_mixin.py:154} INFO - [2023-12-06T18:56:45.401+0000] {dag.py:2941} INFO - Sync 1 DAGs
[2023-12-06T18:56:45.414+0000] {logging_mixin.py:154} INFO - [2023-12-06T18:56:45.414+0000] {dag.py:3722} INFO - Setting next_dagrun for example_time_delta_sensor_async to None, run_after=None
[2023-12-06T18:56:45.436+0000] {processor.py:179} INFO - Processing /usr/local/lib/python3.10/dist-packages/airflow/example_dags/example_time_delta_sensor_async.py took 0.065 seconds
[2023-12-06T18:57:32.222+0000] {processor.py:157} INFO - Started process (PID=5877) to work on /usr/local/lib/python3.10/dist-packages/airflow/example_dags/example_time_delta_sensor_async.py
[2023-12-06T18:57:32.223+0000] {processor.py:829} INFO - Processing file /usr/local/lib/python3.10/dist-packages/airflow/example_dags/example_time_delta_sensor_async.py for tasks to queue
[2023-12-06T18:57:32.224+0000] {logging_mixin.py:154} INFO - [2023-12-06T18:57:32.224+0000] {dagbag.py:536} INFO - Filling up the DagBag from /usr/local/lib/python3.10/dist-packages/airflow/example_dags/example_time_delta_sensor_async.py
[2023-12-06T18:57:32.230+0000] {processor.py:839} INFO - DAG(s) dict_keys(['example_time_delta_sensor_async']) retrieved from /usr/local/lib/python3.10/dist-packages/airflow/example_dags/example_time_delta_sensor_async.py
[2023-12-06T18:57:32.248+0000] {logging_mixin.py:154} INFO - [2023-12-06T18:57:32.248+0000] {dag.py:2941} INFO - Sync 1 DAGs
[2023-12-06T18:57:32.260+0000] {logging_mixin.py:154} INFO - [2023-12-06T18:57:32.260+0000] {dag.py:3722} INFO - Setting next_dagrun for example_time_delta_sensor_async to None, run_after=None
[2023-12-06T18:57:32.285+0000] {processor.py:179} INFO - Processing /usr/local/lib/python3.10/dist-packages/airflow/example_dags/example_time_delta_sensor_async.py took 0.067 seconds
[2023-12-06T18:58:16.618+0000] {processor.py:157} INFO - Started process (PID=5924) to work on /usr/local/lib/python3.10/dist-packages/airflow/example_dags/example_time_delta_sensor_async.py
[2023-12-06T18:58:16.619+0000] {processor.py:829} INFO - Processing file /usr/local/lib/python3.10/dist-packages/airflow/example_dags/example_time_delta_sensor_async.py for tasks to queue
[2023-12-06T18:58:16.620+0000] {logging_mixin.py:154} INFO - [2023-12-06T18:58:16.620+0000] {dagbag.py:536} INFO - Filling up the DagBag from /usr/local/lib/python3.10/dist-packages/airflow/example_dags/example_time_delta_sensor_async.py
[2023-12-06T18:58:16.626+0000] {processor.py:839} INFO - DAG(s) dict_keys(['example_time_delta_sensor_async']) retrieved from /usr/local/lib/python3.10/dist-packages/airflow/example_dags/example_time_delta_sensor_async.py
[2023-12-06T18:58:16.644+0000] {logging_mixin.py:154} INFO - [2023-12-06T18:58:16.644+0000] {dag.py:2941} INFO - Sync 1 DAGs
[2023-12-06T18:58:16.656+0000] {logging_mixin.py:154} INFO - [2023-12-06T18:58:16.655+0000] {dag.py:3722} INFO - Setting next_dagrun for example_time_delta_sensor_async to None, run_after=None
[2023-12-06T18:58:16.677+0000] {processor.py:179} INFO - Processing /usr/local/lib/python3.10/dist-packages/airflow/example_dags/example_time_delta_sensor_async.py took 0.062 seconds
[2023-12-06T18:59:01.844+0000] {processor.py:157} INFO - Started process (PID=5970) to work on /usr/local/lib/python3.10/dist-packages/airflow/example_dags/example_time_delta_sensor_async.py
[2023-12-06T18:59:01.847+0000] {processor.py:829} INFO - Processing file /usr/local/lib/python3.10/dist-packages/airflow/example_dags/example_time_delta_sensor_async.py for tasks to queue
[2023-12-06T18:59:01.848+0000] {logging_mixin.py:154} INFO - [2023-12-06T18:59:01.847+0000] {dagbag.py:536} INFO - Filling up the DagBag from /usr/local/lib/python3.10/dist-packages/airflow/example_dags/example_time_delta_sensor_async.py
[2023-12-06T18:59:01.854+0000] {processor.py:839} INFO - DAG(s) dict_keys(['example_time_delta_sensor_async']) retrieved from /usr/local/lib/python3.10/dist-packages/airflow/example_dags/example_time_delta_sensor_async.py
[2023-12-06T18:59:01.874+0000] {logging_mixin.py:154} INFO - [2023-12-06T18:59:01.874+0000] {dag.py:2941} INFO - Sync 1 DAGs
[2023-12-06T18:59:01.888+0000] {logging_mixin.py:154} INFO - [2023-12-06T18:59:01.887+0000] {dag.py:3722} INFO - Setting next_dagrun for example_time_delta_sensor_async to None, run_after=None
[2023-12-06T18:59:01.914+0000] {processor.py:179} INFO - Processing /usr/local/lib/python3.10/dist-packages/airflow/example_dags/example_time_delta_sensor_async.py took 0.074 seconds
[2023-12-06T18:59:47.853+0000] {processor.py:157} INFO - Started process (PID=6018) to work on /usr/local/lib/python3.10/dist-packages/airflow/example_dags/example_time_delta_sensor_async.py
[2023-12-06T18:59:47.855+0000] {processor.py:829} INFO - Processing file /usr/local/lib/python3.10/dist-packages/airflow/example_dags/example_time_delta_sensor_async.py for tasks to queue
[2023-12-06T18:59:47.855+0000] {logging_mixin.py:154} INFO - [2023-12-06T18:59:47.855+0000] {dagbag.py:536} INFO - Filling up the DagBag from /usr/local/lib/python3.10/dist-packages/airflow/example_dags/example_time_delta_sensor_async.py
[2023-12-06T18:59:47.861+0000] {processor.py:839} INFO - DAG(s) dict_keys(['example_time_delta_sensor_async']) retrieved from /usr/local/lib/python3.10/dist-packages/airflow/example_dags/example_time_delta_sensor_async.py
[2023-12-06T18:59:47.879+0000] {logging_mixin.py:154} INFO - [2023-12-06T18:59:47.879+0000] {dag.py:2941} INFO - Sync 1 DAGs
[2023-12-06T18:59:47.891+0000] {logging_mixin.py:154} INFO - [2023-12-06T18:59:47.891+0000] {dag.py:3722} INFO - Setting next_dagrun for example_time_delta_sensor_async to None, run_after=None
[2023-12-06T18:59:47.914+0000] {processor.py:179} INFO - Processing /usr/local/lib/python3.10/dist-packages/airflow/example_dags/example_time_delta_sensor_async.py took 0.065 seconds
[2023-12-06T19:00:40.043+0000] {processor.py:157} INFO - Started process (PID=6373) to work on /usr/local/lib/python3.10/dist-packages/airflow/example_dags/example_time_delta_sensor_async.py
[2023-12-06T19:00:40.045+0000] {processor.py:829} INFO - Processing file /usr/local/lib/python3.10/dist-packages/airflow/example_dags/example_time_delta_sensor_async.py for tasks to queue
[2023-12-06T19:00:40.046+0000] {logging_mixin.py:154} INFO - [2023-12-06T19:00:40.045+0000] {dagbag.py:536} INFO - Filling up the DagBag from /usr/local/lib/python3.10/dist-packages/airflow/example_dags/example_time_delta_sensor_async.py
[2023-12-06T19:00:40.052+0000] {processor.py:839} INFO - DAG(s) dict_keys(['example_time_delta_sensor_async']) retrieved from /usr/local/lib/python3.10/dist-packages/airflow/example_dags/example_time_delta_sensor_async.py
[2023-12-06T19:00:40.070+0000] {logging_mixin.py:154} INFO - [2023-12-06T19:00:40.069+0000] {dag.py:2941} INFO - Sync 1 DAGs
[2023-12-06T19:00:40.082+0000] {logging_mixin.py:154} INFO - [2023-12-06T19:00:40.082+0000] {dag.py:3722} INFO - Setting next_dagrun for example_time_delta_sensor_async to None, run_after=None
[2023-12-06T19:00:40.104+0000] {processor.py:179} INFO - Processing /usr/local/lib/python3.10/dist-packages/airflow/example_dags/example_time_delta_sensor_async.py took 0.065 seconds
[2023-12-06T19:01:28.574+0000] {processor.py:157} INFO - Started process (PID=6477) to work on /usr/local/lib/python3.10/dist-packages/airflow/example_dags/example_time_delta_sensor_async.py
[2023-12-06T19:01:28.579+0000] {processor.py:829} INFO - Processing file /usr/local/lib/python3.10/dist-packages/airflow/example_dags/example_time_delta_sensor_async.py for tasks to queue
[2023-12-06T19:01:28.580+0000] {logging_mixin.py:154} INFO - [2023-12-06T19:01:28.580+0000] {dagbag.py:536} INFO - Filling up the DagBag from /usr/local/lib/python3.10/dist-packages/airflow/example_dags/example_time_delta_sensor_async.py
[2023-12-06T19:01:28.586+0000] {processor.py:839} INFO - DAG(s) dict_keys(['example_time_delta_sensor_async']) retrieved from /usr/local/lib/python3.10/dist-packages/airflow/example_dags/example_time_delta_sensor_async.py
[2023-12-06T19:01:28.603+0000] {logging_mixin.py:154} INFO - [2023-12-06T19:01:28.603+0000] {dag.py:2941} INFO - Sync 1 DAGs
[2023-12-06T19:01:28.615+0000] {logging_mixin.py:154} INFO - [2023-12-06T19:01:28.615+0000] {dag.py:3722} INFO - Setting next_dagrun for example_time_delta_sensor_async to None, run_after=None
[2023-12-06T19:01:28.638+0000] {processor.py:179} INFO - Processing /usr/local/lib/python3.10/dist-packages/airflow/example_dags/example_time_delta_sensor_async.py took 0.068 seconds
[2023-12-06T19:02:16.218+0000] {processor.py:157} INFO - Started process (PID=6527) to work on /usr/local/lib/python3.10/dist-packages/airflow/example_dags/example_time_delta_sensor_async.py
[2023-12-06T19:02:16.219+0000] {processor.py:829} INFO - Processing file /usr/local/lib/python3.10/dist-packages/airflow/example_dags/example_time_delta_sensor_async.py for tasks to queue
[2023-12-06T19:02:16.220+0000] {logging_mixin.py:154} INFO - [2023-12-06T19:02:16.220+0000] {dagbag.py:536} INFO - Filling up the DagBag from /usr/local/lib/python3.10/dist-packages/airflow/example_dags/example_time_delta_sensor_async.py
[2023-12-06T19:02:16.225+0000] {processor.py:839} INFO - DAG(s) dict_keys(['example_time_delta_sensor_async']) retrieved from /usr/local/lib/python3.10/dist-packages/airflow/example_dags/example_time_delta_sensor_async.py
[2023-12-06T19:02:16.243+0000] {logging_mixin.py:154} INFO - [2023-12-06T19:02:16.243+0000] {dag.py:2941} INFO - Sync 1 DAGs
[2023-12-06T19:02:16.256+0000] {logging_mixin.py:154} INFO - [2023-12-06T19:02:16.256+0000] {dag.py:3722} INFO - Setting next_dagrun for example_time_delta_sensor_async to None, run_after=None
[2023-12-06T19:02:16.279+0000] {processor.py:179} INFO - Processing /usr/local/lib/python3.10/dist-packages/airflow/example_dags/example_time_delta_sensor_async.py took 0.065 seconds
[2023-12-06T19:03:00.282+0000] {processor.py:157} INFO - Started process (PID=6573) to work on /usr/local/lib/python3.10/dist-packages/airflow/example_dags/example_time_delta_sensor_async.py
[2023-12-06T19:03:00.283+0000] {processor.py:829} INFO - Processing file /usr/local/lib/python3.10/dist-packages/airflow/example_dags/example_time_delta_sensor_async.py for tasks to queue
[2023-12-06T19:03:00.284+0000] {logging_mixin.py:154} INFO - [2023-12-06T19:03:00.284+0000] {dagbag.py:536} INFO - Filling up the DagBag from /usr/local/lib/python3.10/dist-packages/airflow/example_dags/example_time_delta_sensor_async.py
[2023-12-06T19:03:00.290+0000] {processor.py:839} INFO - DAG(s) dict_keys(['example_time_delta_sensor_async']) retrieved from /usr/local/lib/python3.10/dist-packages/airflow/example_dags/example_time_delta_sensor_async.py
[2023-12-06T19:03:00.308+0000] {logging_mixin.py:154} INFO - [2023-12-06T19:03:00.308+0000] {dag.py:2941} INFO - Sync 1 DAGs
[2023-12-06T19:03:00.320+0000] {logging_mixin.py:154} INFO - [2023-12-06T19:03:00.320+0000] {dag.py:3722} INFO - Setting next_dagrun for example_time_delta_sensor_async to None, run_after=None
[2023-12-06T19:03:00.343+0000] {processor.py:179} INFO - Processing /usr/local/lib/python3.10/dist-packages/airflow/example_dags/example_time_delta_sensor_async.py took 0.065 seconds
[2023-12-06T19:03:50.613+0000] {processor.py:157} INFO - Started process (PID=6622) to work on /usr/local/lib/python3.10/dist-packages/airflow/example_dags/example_time_delta_sensor_async.py
[2023-12-06T19:03:50.615+0000] {processor.py:829} INFO - Processing file /usr/local/lib/python3.10/dist-packages/airflow/example_dags/example_time_delta_sensor_async.py for tasks to queue
[2023-12-06T19:03:50.616+0000] {logging_mixin.py:154} INFO - [2023-12-06T19:03:50.615+0000] {dagbag.py:536} INFO - Filling up the DagBag from /usr/local/lib/python3.10/dist-packages/airflow/example_dags/example_time_delta_sensor_async.py
[2023-12-06T19:03:50.621+0000] {processor.py:839} INFO - DAG(s) dict_keys(['example_time_delta_sensor_async']) retrieved from /usr/local/lib/python3.10/dist-packages/airflow/example_dags/example_time_delta_sensor_async.py
[2023-12-06T19:03:50.639+0000] {logging_mixin.py:154} INFO - [2023-12-06T19:03:50.638+0000] {dag.py:2941} INFO - Sync 1 DAGs
[2023-12-06T19:03:50.651+0000] {logging_mixin.py:154} INFO - [2023-12-06T19:03:50.651+0000] {dag.py:3722} INFO - Setting next_dagrun for example_time_delta_sensor_async to None, run_after=None
[2023-12-06T19:03:50.672+0000] {processor.py:179} INFO - Processing /usr/local/lib/python3.10/dist-packages/airflow/example_dags/example_time_delta_sensor_async.py took 0.063 seconds
[2023-12-06T19:04:37.702+0000] {processor.py:157} INFO - Started process (PID=6673) to work on /usr/local/lib/python3.10/dist-packages/airflow/example_dags/example_time_delta_sensor_async.py
[2023-12-06T19:04:37.704+0000] {processor.py:829} INFO - Processing file /usr/local/lib/python3.10/dist-packages/airflow/example_dags/example_time_delta_sensor_async.py for tasks to queue
[2023-12-06T19:04:37.705+0000] {logging_mixin.py:154} INFO - [2023-12-06T19:04:37.704+0000] {dagbag.py:536} INFO - Filling up the DagBag from /usr/local/lib/python3.10/dist-packages/airflow/example_dags/example_time_delta_sensor_async.py
[2023-12-06T19:04:37.711+0000] {processor.py:839} INFO - DAG(s) dict_keys(['example_time_delta_sensor_async']) retrieved from /usr/local/lib/python3.10/dist-packages/airflow/example_dags/example_time_delta_sensor_async.py
[2023-12-06T19:04:37.728+0000] {logging_mixin.py:154} INFO - [2023-12-06T19:04:37.728+0000] {dag.py:2941} INFO - Sync 1 DAGs
[2023-12-06T19:04:37.740+0000] {logging_mixin.py:154} INFO - [2023-12-06T19:04:37.740+0000] {dag.py:3722} INFO - Setting next_dagrun for example_time_delta_sensor_async to None, run_after=None
[2023-12-06T19:04:37.767+0000] {processor.py:179} INFO - Processing /usr/local/lib/python3.10/dist-packages/airflow/example_dags/example_time_delta_sensor_async.py took 0.069 seconds
[2023-12-06T19:05:27.455+0000] {processor.py:157} INFO - Started process (PID=6890) to work on /usr/local/lib/python3.10/dist-packages/airflow/example_dags/example_time_delta_sensor_async.py
[2023-12-06T19:05:27.457+0000] {processor.py:829} INFO - Processing file /usr/local/lib/python3.10/dist-packages/airflow/example_dags/example_time_delta_sensor_async.py for tasks to queue
[2023-12-06T19:05:27.458+0000] {logging_mixin.py:154} INFO - [2023-12-06T19:05:27.457+0000] {dagbag.py:536} INFO - Filling up the DagBag from /usr/local/lib/python3.10/dist-packages/airflow/example_dags/example_time_delta_sensor_async.py
[2023-12-06T19:05:27.463+0000] {processor.py:839} INFO - DAG(s) dict_keys(['example_time_delta_sensor_async']) retrieved from /usr/local/lib/python3.10/dist-packages/airflow/example_dags/example_time_delta_sensor_async.py
[2023-12-06T19:05:27.482+0000] {logging_mixin.py:154} INFO - [2023-12-06T19:05:27.481+0000] {dag.py:2941} INFO - Sync 1 DAGs
[2023-12-06T19:05:27.495+0000] {logging_mixin.py:154} INFO - [2023-12-06T19:05:27.494+0000] {dag.py:3722} INFO - Setting next_dagrun for example_time_delta_sensor_async to None, run_after=None
[2023-12-06T19:05:27.518+0000] {processor.py:179} INFO - Processing /usr/local/lib/python3.10/dist-packages/airflow/example_dags/example_time_delta_sensor_async.py took 0.066 seconds
[2023-12-06T19:06:15.241+0000] {processor.py:157} INFO - Started process (PID=6939) to work on /usr/local/lib/python3.10/dist-packages/airflow/example_dags/example_time_delta_sensor_async.py
[2023-12-06T19:06:15.243+0000] {processor.py:829} INFO - Processing file /usr/local/lib/python3.10/dist-packages/airflow/example_dags/example_time_delta_sensor_async.py for tasks to queue
[2023-12-06T19:06:15.244+0000] {logging_mixin.py:154} INFO - [2023-12-06T19:06:15.243+0000] {dagbag.py:536} INFO - Filling up the DagBag from /usr/local/lib/python3.10/dist-packages/airflow/example_dags/example_time_delta_sensor_async.py
[2023-12-06T19:06:15.249+0000] {processor.py:839} INFO - DAG(s) dict_keys(['example_time_delta_sensor_async']) retrieved from /usr/local/lib/python3.10/dist-packages/airflow/example_dags/example_time_delta_sensor_async.py
[2023-12-06T19:06:15.268+0000] {logging_mixin.py:154} INFO - [2023-12-06T19:06:15.268+0000] {dag.py:2941} INFO - Sync 1 DAGs
[2023-12-06T19:06:15.281+0000] {logging_mixin.py:154} INFO - [2023-12-06T19:06:15.281+0000] {dag.py:3722} INFO - Setting next_dagrun for example_time_delta_sensor_async to None, run_after=None
[2023-12-06T19:06:15.305+0000] {processor.py:179} INFO - Processing /usr/local/lib/python3.10/dist-packages/airflow/example_dags/example_time_delta_sensor_async.py took 0.074 seconds
[2023-12-06T19:07:02.300+0000] {processor.py:157} INFO - Started process (PID=6986) to work on /usr/local/lib/python3.10/dist-packages/airflow/example_dags/example_time_delta_sensor_async.py
[2023-12-06T19:07:02.302+0000] {processor.py:829} INFO - Processing file /usr/local/lib/python3.10/dist-packages/airflow/example_dags/example_time_delta_sensor_async.py for tasks to queue
[2023-12-06T19:07:02.304+0000] {logging_mixin.py:154} INFO - [2023-12-06T19:07:02.303+0000] {dagbag.py:536} INFO - Filling up the DagBag from /usr/local/lib/python3.10/dist-packages/airflow/example_dags/example_time_delta_sensor_async.py
[2023-12-06T19:07:02.309+0000] {processor.py:839} INFO - DAG(s) dict_keys(['example_time_delta_sensor_async']) retrieved from /usr/local/lib/python3.10/dist-packages/airflow/example_dags/example_time_delta_sensor_async.py
[2023-12-06T19:07:02.331+0000] {logging_mixin.py:154} INFO - [2023-12-06T19:07:02.331+0000] {dag.py:2941} INFO - Sync 1 DAGs
[2023-12-06T19:07:02.345+0000] {logging_mixin.py:154} INFO - [2023-12-06T19:07:02.345+0000] {dag.py:3722} INFO - Setting next_dagrun for example_time_delta_sensor_async to None, run_after=None
[2023-12-06T19:07:02.371+0000] {processor.py:179} INFO - Processing /usr/local/lib/python3.10/dist-packages/airflow/example_dags/example_time_delta_sensor_async.py took 0.075 seconds
