[2023-12-06T18:22:19.531+0000] {processor.py:157} INFO - Started process (PID=3694) to work on /usr/local/lib/python3.10/dist-packages/airflow/example_dags/example_branch_python_dop_operator_3.py
[2023-12-06T18:22:19.532+0000] {processor.py:829} INFO - Processing file /usr/local/lib/python3.10/dist-packages/airflow/example_dags/example_branch_python_dop_operator_3.py for tasks to queue
[2023-12-06T18:22:19.533+0000] {logging_mixin.py:154} INFO - [2023-12-06T18:22:19.532+0000] {dagbag.py:536} INFO - Filling up the DagBag from /usr/local/lib/python3.10/dist-packages/airflow/example_dags/example_branch_python_dop_operator_3.py
[2023-12-06T18:22:19.543+0000] {processor.py:839} INFO - DAG(s) dict_keys(['example_branch_dop_operator_v3']) retrieved from /usr/local/lib/python3.10/dist-packages/airflow/example_dags/example_branch_python_dop_operator_3.py
[2023-12-06T18:22:19.657+0000] {logging_mixin.py:154} INFO - [2023-12-06T18:22:19.657+0000] {manager.py:499} INFO - Created Permission View: %s
[2023-12-06T18:22:19.675+0000] {logging_mixin.py:154} INFO - [2023-12-06T18:22:19.675+0000] {manager.py:499} INFO - Created Permission View: %s
[2023-12-06T18:22:19.687+0000] {logging_mixin.py:154} INFO - [2023-12-06T18:22:19.686+0000] {manager.py:499} INFO - Created Permission View: %s
[2023-12-06T18:22:19.687+0000] {logging_mixin.py:154} INFO - [2023-12-06T18:22:19.687+0000] {dag.py:2941} INFO - Sync 1 DAGs
[2023-12-06T18:22:19.698+0000] {logging_mixin.py:154} INFO - [2023-12-06T18:22:19.698+0000] {dag.py:2963} INFO - Creating ORM DAG for example_branch_dop_operator_v3
[2023-12-06T18:22:19.712+0000] {logging_mixin.py:154} INFO - [2023-12-06T18:22:19.711+0000] {dag.py:3722} INFO - Setting next_dagrun for example_branch_dop_operator_v3 to 2023-12-06T18:21:00+00:00, run_after=2023-12-06T18:22:00+00:00
[2023-12-06T18:22:19.736+0000] {processor.py:179} INFO - Processing /usr/local/lib/python3.10/dist-packages/airflow/example_dags/example_branch_python_dop_operator_3.py took 0.209 seconds
[2023-12-06T18:23:07.531+0000] {processor.py:157} INFO - Started process (PID=3745) to work on /usr/local/lib/python3.10/dist-packages/airflow/example_dags/example_branch_python_dop_operator_3.py
[2023-12-06T18:23:07.532+0000] {processor.py:829} INFO - Processing file /usr/local/lib/python3.10/dist-packages/airflow/example_dags/example_branch_python_dop_operator_3.py for tasks to queue
[2023-12-06T18:23:07.533+0000] {logging_mixin.py:154} INFO - [2023-12-06T18:23:07.533+0000] {dagbag.py:536} INFO - Filling up the DagBag from /usr/local/lib/python3.10/dist-packages/airflow/example_dags/example_branch_python_dop_operator_3.py
[2023-12-06T18:23:07.543+0000] {processor.py:839} INFO - DAG(s) dict_keys(['example_branch_dop_operator_v3']) retrieved from /usr/local/lib/python3.10/dist-packages/airflow/example_dags/example_branch_python_dop_operator_3.py
[2023-12-06T18:23:07.561+0000] {logging_mixin.py:154} INFO - [2023-12-06T18:23:07.561+0000] {dag.py:2941} INFO - Sync 1 DAGs
[2023-12-06T18:23:07.585+0000] {logging_mixin.py:154} INFO - [2023-12-06T18:23:07.585+0000] {dag.py:3722} INFO - Setting next_dagrun for example_branch_dop_operator_v3 to 2023-12-06T18:22:00+00:00, run_after=2023-12-06T18:23:00+00:00
[2023-12-06T18:23:07.610+0000] {processor.py:179} INFO - Processing /usr/local/lib/python3.10/dist-packages/airflow/example_dags/example_branch_python_dop_operator_3.py took 0.083 seconds
[2023-12-06T18:23:56.341+0000] {processor.py:157} INFO - Started process (PID=3795) to work on /usr/local/lib/python3.10/dist-packages/airflow/example_dags/example_branch_python_dop_operator_3.py
[2023-12-06T18:23:56.343+0000] {processor.py:829} INFO - Processing file /usr/local/lib/python3.10/dist-packages/airflow/example_dags/example_branch_python_dop_operator_3.py for tasks to queue
[2023-12-06T18:23:56.344+0000] {logging_mixin.py:154} INFO - [2023-12-06T18:23:56.343+0000] {dagbag.py:536} INFO - Filling up the DagBag from /usr/local/lib/python3.10/dist-packages/airflow/example_dags/example_branch_python_dop_operator_3.py
[2023-12-06T18:23:56.354+0000] {processor.py:839} INFO - DAG(s) dict_keys(['example_branch_dop_operator_v3']) retrieved from /usr/local/lib/python3.10/dist-packages/airflow/example_dags/example_branch_python_dop_operator_3.py
[2023-12-06T18:23:56.381+0000] {logging_mixin.py:154} INFO - [2023-12-06T18:23:56.381+0000] {dag.py:2941} INFO - Sync 1 DAGs
[2023-12-06T18:23:56.413+0000] {logging_mixin.py:154} INFO - [2023-12-06T18:23:56.413+0000] {dag.py:3722} INFO - Setting next_dagrun for example_branch_dop_operator_v3 to 2023-12-06T18:22:00+00:00, run_after=2023-12-06T18:23:00+00:00
[2023-12-06T18:23:56.435+0000] {processor.py:179} INFO - Processing /usr/local/lib/python3.10/dist-packages/airflow/example_dags/example_branch_python_dop_operator_3.py took 0.098 seconds
[2023-12-06T18:24:46.015+0000] {processor.py:157} INFO - Started process (PID=3846) to work on /usr/local/lib/python3.10/dist-packages/airflow/example_dags/example_branch_python_dop_operator_3.py
[2023-12-06T18:24:46.017+0000] {processor.py:829} INFO - Processing file /usr/local/lib/python3.10/dist-packages/airflow/example_dags/example_branch_python_dop_operator_3.py for tasks to queue
[2023-12-06T18:24:46.018+0000] {logging_mixin.py:154} INFO - [2023-12-06T18:24:46.017+0000] {dagbag.py:536} INFO - Filling up the DagBag from /usr/local/lib/python3.10/dist-packages/airflow/example_dags/example_branch_python_dop_operator_3.py
[2023-12-06T18:24:46.028+0000] {processor.py:839} INFO - DAG(s) dict_keys(['example_branch_dop_operator_v3']) retrieved from /usr/local/lib/python3.10/dist-packages/airflow/example_dags/example_branch_python_dop_operator_3.py
[2023-12-06T18:24:46.046+0000] {logging_mixin.py:154} INFO - [2023-12-06T18:24:46.045+0000] {dag.py:2941} INFO - Sync 1 DAGs
[2023-12-06T18:24:46.071+0000] {logging_mixin.py:154} INFO - [2023-12-06T18:24:46.071+0000] {dag.py:3722} INFO - Setting next_dagrun for example_branch_dop_operator_v3 to 2023-12-06T18:23:00+00:00, run_after=2023-12-06T18:24:00+00:00
[2023-12-06T18:24:46.109+0000] {processor.py:179} INFO - Processing /usr/local/lib/python3.10/dist-packages/airflow/example_dags/example_branch_python_dop_operator_3.py took 0.098 seconds
[2023-12-06T18:25:32.228+0000] {processor.py:157} INFO - Started process (PID=3897) to work on /usr/local/lib/python3.10/dist-packages/airflow/example_dags/example_branch_python_dop_operator_3.py
[2023-12-06T18:25:32.229+0000] {processor.py:829} INFO - Processing file /usr/local/lib/python3.10/dist-packages/airflow/example_dags/example_branch_python_dop_operator_3.py for tasks to queue
[2023-12-06T18:25:32.230+0000] {logging_mixin.py:154} INFO - [2023-12-06T18:25:32.230+0000] {dagbag.py:536} INFO - Filling up the DagBag from /usr/local/lib/python3.10/dist-packages/airflow/example_dags/example_branch_python_dop_operator_3.py
[2023-12-06T18:25:32.240+0000] {processor.py:839} INFO - DAG(s) dict_keys(['example_branch_dop_operator_v3']) retrieved from /usr/local/lib/python3.10/dist-packages/airflow/example_dags/example_branch_python_dop_operator_3.py
[2023-12-06T18:25:32.258+0000] {logging_mixin.py:154} INFO - [2023-12-06T18:25:32.258+0000] {dag.py:2941} INFO - Sync 1 DAGs
[2023-12-06T18:25:32.283+0000] {logging_mixin.py:154} INFO - [2023-12-06T18:25:32.283+0000] {dag.py:3722} INFO - Setting next_dagrun for example_branch_dop_operator_v3 to 2023-12-06T18:24:00+00:00, run_after=2023-12-06T18:25:00+00:00
[2023-12-06T18:25:32.305+0000] {processor.py:179} INFO - Processing /usr/local/lib/python3.10/dist-packages/airflow/example_dags/example_branch_python_dop_operator_3.py took 0.081 seconds
[2023-12-06T18:26:17.260+0000] {processor.py:157} INFO - Started process (PID=3943) to work on /usr/local/lib/python3.10/dist-packages/airflow/example_dags/example_branch_python_dop_operator_3.py
[2023-12-06T18:26:17.261+0000] {processor.py:829} INFO - Processing file /usr/local/lib/python3.10/dist-packages/airflow/example_dags/example_branch_python_dop_operator_3.py for tasks to queue
[2023-12-06T18:26:17.262+0000] {logging_mixin.py:154} INFO - [2023-12-06T18:26:17.261+0000] {dagbag.py:536} INFO - Filling up the DagBag from /usr/local/lib/python3.10/dist-packages/airflow/example_dags/example_branch_python_dop_operator_3.py
[2023-12-06T18:26:17.272+0000] {processor.py:839} INFO - DAG(s) dict_keys(['example_branch_dop_operator_v3']) retrieved from /usr/local/lib/python3.10/dist-packages/airflow/example_dags/example_branch_python_dop_operator_3.py
[2023-12-06T18:26:17.289+0000] {logging_mixin.py:154} INFO - [2023-12-06T18:26:17.289+0000] {dag.py:2941} INFO - Sync 1 DAGs
[2023-12-06T18:26:17.315+0000] {logging_mixin.py:154} INFO - [2023-12-06T18:26:17.314+0000] {dag.py:3722} INFO - Setting next_dagrun for example_branch_dop_operator_v3 to 2023-12-06T18:25:00+00:00, run_after=2023-12-06T18:26:00+00:00
[2023-12-06T18:26:17.337+0000] {processor.py:179} INFO - Processing /usr/local/lib/python3.10/dist-packages/airflow/example_dags/example_branch_python_dop_operator_3.py took 0.081 seconds
[2023-12-06T18:27:04.614+0000] {processor.py:157} INFO - Started process (PID=3992) to work on /usr/local/lib/python3.10/dist-packages/airflow/example_dags/example_branch_python_dop_operator_3.py
[2023-12-06T18:27:04.615+0000] {processor.py:829} INFO - Processing file /usr/local/lib/python3.10/dist-packages/airflow/example_dags/example_branch_python_dop_operator_3.py for tasks to queue
[2023-12-06T18:27:04.616+0000] {logging_mixin.py:154} INFO - [2023-12-06T18:27:04.616+0000] {dagbag.py:536} INFO - Filling up the DagBag from /usr/local/lib/python3.10/dist-packages/airflow/example_dags/example_branch_python_dop_operator_3.py
[2023-12-06T18:27:04.627+0000] {processor.py:839} INFO - DAG(s) dict_keys(['example_branch_dop_operator_v3']) retrieved from /usr/local/lib/python3.10/dist-packages/airflow/example_dags/example_branch_python_dop_operator_3.py
[2023-12-06T18:27:04.645+0000] {logging_mixin.py:154} INFO - [2023-12-06T18:27:04.645+0000] {dag.py:2941} INFO - Sync 1 DAGs
[2023-12-06T18:27:04.672+0000] {logging_mixin.py:154} INFO - [2023-12-06T18:27:04.671+0000] {dag.py:3722} INFO - Setting next_dagrun for example_branch_dop_operator_v3 to 2023-12-06T18:26:00+00:00, run_after=2023-12-06T18:27:00+00:00
[2023-12-06T18:27:04.697+0000] {processor.py:179} INFO - Processing /usr/local/lib/python3.10/dist-packages/airflow/example_dags/example_branch_python_dop_operator_3.py took 0.086 seconds
[2023-12-06T18:27:47.745+0000] {processor.py:157} INFO - Started process (PID=4038) to work on /usr/local/lib/python3.10/dist-packages/airflow/example_dags/example_branch_python_dop_operator_3.py
[2023-12-06T18:27:47.746+0000] {processor.py:829} INFO - Processing file /usr/local/lib/python3.10/dist-packages/airflow/example_dags/example_branch_python_dop_operator_3.py for tasks to queue
[2023-12-06T18:27:47.747+0000] {logging_mixin.py:154} INFO - [2023-12-06T18:27:47.747+0000] {dagbag.py:536} INFO - Filling up the DagBag from /usr/local/lib/python3.10/dist-packages/airflow/example_dags/example_branch_python_dop_operator_3.py
[2023-12-06T18:27:47.758+0000] {processor.py:839} INFO - DAG(s) dict_keys(['example_branch_dop_operator_v3']) retrieved from /usr/local/lib/python3.10/dist-packages/airflow/example_dags/example_branch_python_dop_operator_3.py
[2023-12-06T18:27:47.775+0000] {logging_mixin.py:154} INFO - [2023-12-06T18:27:47.775+0000] {dag.py:2941} INFO - Sync 1 DAGs
[2023-12-06T18:27:47.800+0000] {logging_mixin.py:154} INFO - [2023-12-06T18:27:47.799+0000] {dag.py:3722} INFO - Setting next_dagrun for example_branch_dop_operator_v3 to 2023-12-06T18:26:00+00:00, run_after=2023-12-06T18:27:00+00:00
[2023-12-06T18:27:47.827+0000] {processor.py:179} INFO - Processing /usr/local/lib/python3.10/dist-packages/airflow/example_dags/example_branch_python_dop_operator_3.py took 0.085 seconds
[2023-12-06T18:28:33.397+0000] {processor.py:157} INFO - Started process (PID=4084) to work on /usr/local/lib/python3.10/dist-packages/airflow/example_dags/example_branch_python_dop_operator_3.py
[2023-12-06T18:28:33.399+0000] {processor.py:829} INFO - Processing file /usr/local/lib/python3.10/dist-packages/airflow/example_dags/example_branch_python_dop_operator_3.py for tasks to queue
[2023-12-06T18:28:33.399+0000] {logging_mixin.py:154} INFO - [2023-12-06T18:28:33.399+0000] {dagbag.py:536} INFO - Filling up the DagBag from /usr/local/lib/python3.10/dist-packages/airflow/example_dags/example_branch_python_dop_operator_3.py
[2023-12-06T18:28:33.410+0000] {processor.py:839} INFO - DAG(s) dict_keys(['example_branch_dop_operator_v3']) retrieved from /usr/local/lib/python3.10/dist-packages/airflow/example_dags/example_branch_python_dop_operator_3.py
[2023-12-06T18:28:33.427+0000] {logging_mixin.py:154} INFO - [2023-12-06T18:28:33.427+0000] {dag.py:2941} INFO - Sync 1 DAGs
[2023-12-06T18:28:33.452+0000] {logging_mixin.py:154} INFO - [2023-12-06T18:28:33.452+0000] {dag.py:3722} INFO - Setting next_dagrun for example_branch_dop_operator_v3 to 2023-12-06T18:27:00+00:00, run_after=2023-12-06T18:28:00+00:00
[2023-12-06T18:28:33.486+0000] {processor.py:179} INFO - Processing /usr/local/lib/python3.10/dist-packages/airflow/example_dags/example_branch_python_dop_operator_3.py took 0.093 seconds
[2023-12-06T18:29:21.974+0000] {processor.py:157} INFO - Started process (PID=4135) to work on /usr/local/lib/python3.10/dist-packages/airflow/example_dags/example_branch_python_dop_operator_3.py
[2023-12-06T18:29:21.975+0000] {processor.py:829} INFO - Processing file /usr/local/lib/python3.10/dist-packages/airflow/example_dags/example_branch_python_dop_operator_3.py for tasks to queue
[2023-12-06T18:29:21.976+0000] {logging_mixin.py:154} INFO - [2023-12-06T18:29:21.976+0000] {dagbag.py:536} INFO - Filling up the DagBag from /usr/local/lib/python3.10/dist-packages/airflow/example_dags/example_branch_python_dop_operator_3.py
[2023-12-06T18:29:21.987+0000] {processor.py:839} INFO - DAG(s) dict_keys(['example_branch_dop_operator_v3']) retrieved from /usr/local/lib/python3.10/dist-packages/airflow/example_dags/example_branch_python_dop_operator_3.py
[2023-12-06T18:29:22.005+0000] {logging_mixin.py:154} INFO - [2023-12-06T18:29:22.004+0000] {dag.py:2941} INFO - Sync 1 DAGs
[2023-12-06T18:29:22.030+0000] {logging_mixin.py:154} INFO - [2023-12-06T18:29:22.030+0000] {dag.py:3722} INFO - Setting next_dagrun for example_branch_dop_operator_v3 to 2023-12-06T18:28:00+00:00, run_after=2023-12-06T18:29:00+00:00
[2023-12-06T18:29:22.069+0000] {processor.py:179} INFO - Processing /usr/local/lib/python3.10/dist-packages/airflow/example_dags/example_branch_python_dop_operator_3.py took 0.099 seconds
[2023-12-06T18:30:05.405+0000] {processor.py:157} INFO - Started process (PID=4181) to work on /usr/local/lib/python3.10/dist-packages/airflow/example_dags/example_branch_python_dop_operator_3.py
[2023-12-06T18:30:05.406+0000] {processor.py:829} INFO - Processing file /usr/local/lib/python3.10/dist-packages/airflow/example_dags/example_branch_python_dop_operator_3.py for tasks to queue
[2023-12-06T18:30:05.407+0000] {logging_mixin.py:154} INFO - [2023-12-06T18:30:05.407+0000] {dagbag.py:536} INFO - Filling up the DagBag from /usr/local/lib/python3.10/dist-packages/airflow/example_dags/example_branch_python_dop_operator_3.py
[2023-12-06T18:30:05.418+0000] {processor.py:839} INFO - DAG(s) dict_keys(['example_branch_dop_operator_v3']) retrieved from /usr/local/lib/python3.10/dist-packages/airflow/example_dags/example_branch_python_dop_operator_3.py
[2023-12-06T18:30:05.436+0000] {logging_mixin.py:154} INFO - [2023-12-06T18:30:05.435+0000] {dag.py:2941} INFO - Sync 1 DAGs
[2023-12-06T18:30:05.462+0000] {logging_mixin.py:154} INFO - [2023-12-06T18:30:05.462+0000] {dag.py:3722} INFO - Setting next_dagrun for example_branch_dop_operator_v3 to 2023-12-06T18:29:00+00:00, run_after=2023-12-06T18:30:00+00:00
[2023-12-06T18:30:05.486+0000] {processor.py:179} INFO - Processing /usr/local/lib/python3.10/dist-packages/airflow/example_dags/example_branch_python_dop_operator_3.py took 0.085 seconds
[2023-12-06T18:30:49.687+0000] {processor.py:157} INFO - Started process (PID=4228) to work on /usr/local/lib/python3.10/dist-packages/airflow/example_dags/example_branch_python_dop_operator_3.py
[2023-12-06T18:30:49.689+0000] {processor.py:829} INFO - Processing file /usr/local/lib/python3.10/dist-packages/airflow/example_dags/example_branch_python_dop_operator_3.py for tasks to queue
[2023-12-06T18:30:49.690+0000] {logging_mixin.py:154} INFO - [2023-12-06T18:30:49.689+0000] {dagbag.py:536} INFO - Filling up the DagBag from /usr/local/lib/python3.10/dist-packages/airflow/example_dags/example_branch_python_dop_operator_3.py
[2023-12-06T18:30:49.700+0000] {processor.py:839} INFO - DAG(s) dict_keys(['example_branch_dop_operator_v3']) retrieved from /usr/local/lib/python3.10/dist-packages/airflow/example_dags/example_branch_python_dop_operator_3.py
[2023-12-06T18:30:49.717+0000] {logging_mixin.py:154} INFO - [2023-12-06T18:30:49.717+0000] {dag.py:2941} INFO - Sync 1 DAGs
[2023-12-06T18:30:49.742+0000] {logging_mixin.py:154} INFO - [2023-12-06T18:30:49.742+0000] {dag.py:3722} INFO - Setting next_dagrun for example_branch_dop_operator_v3 to 2023-12-06T18:29:00+00:00, run_after=2023-12-06T18:30:00+00:00
[2023-12-06T18:30:49.770+0000] {processor.py:179} INFO - Processing /usr/local/lib/python3.10/dist-packages/airflow/example_dags/example_branch_python_dop_operator_3.py took 0.087 seconds
[2023-12-06T18:31:34.029+0000] {processor.py:157} INFO - Started process (PID=4273) to work on /usr/local/lib/python3.10/dist-packages/airflow/example_dags/example_branch_python_dop_operator_3.py
[2023-12-06T18:31:34.031+0000] {processor.py:829} INFO - Processing file /usr/local/lib/python3.10/dist-packages/airflow/example_dags/example_branch_python_dop_operator_3.py for tasks to queue
[2023-12-06T18:31:34.032+0000] {logging_mixin.py:154} INFO - [2023-12-06T18:31:34.031+0000] {dagbag.py:536} INFO - Filling up the DagBag from /usr/local/lib/python3.10/dist-packages/airflow/example_dags/example_branch_python_dop_operator_3.py
[2023-12-06T18:31:34.042+0000] {processor.py:839} INFO - DAG(s) dict_keys(['example_branch_dop_operator_v3']) retrieved from /usr/local/lib/python3.10/dist-packages/airflow/example_dags/example_branch_python_dop_operator_3.py
[2023-12-06T18:31:34.059+0000] {logging_mixin.py:154} INFO - [2023-12-06T18:31:34.059+0000] {dag.py:2941} INFO - Sync 1 DAGs
[2023-12-06T18:31:34.084+0000] {logging_mixin.py:154} INFO - [2023-12-06T18:31:34.084+0000] {dag.py:3722} INFO - Setting next_dagrun for example_branch_dop_operator_v3 to 2023-12-06T18:30:00+00:00, run_after=2023-12-06T18:31:00+00:00
[2023-12-06T18:31:34.107+0000] {processor.py:179} INFO - Processing /usr/local/lib/python3.10/dist-packages/airflow/example_dags/example_branch_python_dop_operator_3.py took 0.081 seconds
[2023-12-06T18:32:20.602+0000] {processor.py:157} INFO - Started process (PID=4323) to work on /usr/local/lib/python3.10/dist-packages/airflow/example_dags/example_branch_python_dop_operator_3.py
[2023-12-06T18:32:20.604+0000] {processor.py:829} INFO - Processing file /usr/local/lib/python3.10/dist-packages/airflow/example_dags/example_branch_python_dop_operator_3.py for tasks to queue
[2023-12-06T18:32:20.605+0000] {logging_mixin.py:154} INFO - [2023-12-06T18:32:20.604+0000] {dagbag.py:536} INFO - Filling up the DagBag from /usr/local/lib/python3.10/dist-packages/airflow/example_dags/example_branch_python_dop_operator_3.py
[2023-12-06T18:32:20.615+0000] {processor.py:839} INFO - DAG(s) dict_keys(['example_branch_dop_operator_v3']) retrieved from /usr/local/lib/python3.10/dist-packages/airflow/example_dags/example_branch_python_dop_operator_3.py
[2023-12-06T18:32:20.633+0000] {logging_mixin.py:154} INFO - [2023-12-06T18:32:20.632+0000] {dag.py:2941} INFO - Sync 1 DAGs
[2023-12-06T18:32:20.659+0000] {logging_mixin.py:154} INFO - [2023-12-06T18:32:20.658+0000] {dag.py:3722} INFO - Setting next_dagrun for example_branch_dop_operator_v3 to 2023-12-06T18:31:00+00:00, run_after=2023-12-06T18:32:00+00:00
[2023-12-06T18:32:20.682+0000] {processor.py:179} INFO - Processing /usr/local/lib/python3.10/dist-packages/airflow/example_dags/example_branch_python_dop_operator_3.py took 0.083 seconds
[2023-12-06T18:33:07.130+0000] {processor.py:157} INFO - Started process (PID=4370) to work on /usr/local/lib/python3.10/dist-packages/airflow/example_dags/example_branch_python_dop_operator_3.py
[2023-12-06T18:33:07.132+0000] {processor.py:829} INFO - Processing file /usr/local/lib/python3.10/dist-packages/airflow/example_dags/example_branch_python_dop_operator_3.py for tasks to queue
[2023-12-06T18:33:07.132+0000] {logging_mixin.py:154} INFO - [2023-12-06T18:33:07.132+0000] {dagbag.py:536} INFO - Filling up the DagBag from /usr/local/lib/python3.10/dist-packages/airflow/example_dags/example_branch_python_dop_operator_3.py
[2023-12-06T18:33:07.143+0000] {processor.py:839} INFO - DAG(s) dict_keys(['example_branch_dop_operator_v3']) retrieved from /usr/local/lib/python3.10/dist-packages/airflow/example_dags/example_branch_python_dop_operator_3.py
[2023-12-06T18:33:07.160+0000] {logging_mixin.py:154} INFO - [2023-12-06T18:33:07.160+0000] {dag.py:2941} INFO - Sync 1 DAGs
[2023-12-06T18:33:07.185+0000] {logging_mixin.py:154} INFO - [2023-12-06T18:33:07.185+0000] {dag.py:3722} INFO - Setting next_dagrun for example_branch_dop_operator_v3 to 2023-12-06T18:32:00+00:00, run_after=2023-12-06T18:33:00+00:00
[2023-12-06T18:33:07.210+0000] {processor.py:179} INFO - Processing /usr/local/lib/python3.10/dist-packages/airflow/example_dags/example_branch_python_dop_operator_3.py took 0.084 seconds
[2023-12-06T18:33:54.228+0000] {processor.py:157} INFO - Started process (PID=4418) to work on /usr/local/lib/python3.10/dist-packages/airflow/example_dags/example_branch_python_dop_operator_3.py
[2023-12-06T18:33:54.230+0000] {processor.py:829} INFO - Processing file /usr/local/lib/python3.10/dist-packages/airflow/example_dags/example_branch_python_dop_operator_3.py for tasks to queue
[2023-12-06T18:33:54.231+0000] {logging_mixin.py:154} INFO - [2023-12-06T18:33:54.230+0000] {dagbag.py:536} INFO - Filling up the DagBag from /usr/local/lib/python3.10/dist-packages/airflow/example_dags/example_branch_python_dop_operator_3.py
[2023-12-06T18:33:54.241+0000] {processor.py:839} INFO - DAG(s) dict_keys(['example_branch_dop_operator_v3']) retrieved from /usr/local/lib/python3.10/dist-packages/airflow/example_dags/example_branch_python_dop_operator_3.py
[2023-12-06T18:33:54.258+0000] {logging_mixin.py:154} INFO - [2023-12-06T18:33:54.258+0000] {dag.py:2941} INFO - Sync 1 DAGs
[2023-12-06T18:33:54.283+0000] {logging_mixin.py:154} INFO - [2023-12-06T18:33:54.282+0000] {dag.py:3722} INFO - Setting next_dagrun for example_branch_dop_operator_v3 to 2023-12-06T18:32:00+00:00, run_after=2023-12-06T18:33:00+00:00
[2023-12-06T18:33:54.306+0000] {processor.py:179} INFO - Processing /usr/local/lib/python3.10/dist-packages/airflow/example_dags/example_branch_python_dop_operator_3.py took 0.082 seconds
[2023-12-06T18:34:42.684+0000] {processor.py:157} INFO - Started process (PID=4467) to work on /usr/local/lib/python3.10/dist-packages/airflow/example_dags/example_branch_python_dop_operator_3.py
[2023-12-06T18:34:42.686+0000] {processor.py:829} INFO - Processing file /usr/local/lib/python3.10/dist-packages/airflow/example_dags/example_branch_python_dop_operator_3.py for tasks to queue
[2023-12-06T18:34:42.686+0000] {logging_mixin.py:154} INFO - [2023-12-06T18:34:42.686+0000] {dagbag.py:536} INFO - Filling up the DagBag from /usr/local/lib/python3.10/dist-packages/airflow/example_dags/example_branch_python_dop_operator_3.py
[2023-12-06T18:34:42.697+0000] {processor.py:839} INFO - DAG(s) dict_keys(['example_branch_dop_operator_v3']) retrieved from /usr/local/lib/python3.10/dist-packages/airflow/example_dags/example_branch_python_dop_operator_3.py
[2023-12-06T18:34:42.714+0000] {logging_mixin.py:154} INFO - [2023-12-06T18:34:42.713+0000] {dag.py:2941} INFO - Sync 1 DAGs
[2023-12-06T18:34:42.739+0000] {logging_mixin.py:154} INFO - [2023-12-06T18:34:42.738+0000] {dag.py:3722} INFO - Setting next_dagrun for example_branch_dop_operator_v3 to 2023-12-06T18:33:00+00:00, run_after=2023-12-06T18:34:00+00:00
[2023-12-06T18:34:42.761+0000] {processor.py:179} INFO - Processing /usr/local/lib/python3.10/dist-packages/airflow/example_dags/example_branch_python_dop_operator_3.py took 0.080 seconds
[2023-12-06T18:35:29.121+0000] {processor.py:157} INFO - Started process (PID=4515) to work on /usr/local/lib/python3.10/dist-packages/airflow/example_dags/example_branch_python_dop_operator_3.py
[2023-12-06T18:35:29.122+0000] {processor.py:829} INFO - Processing file /usr/local/lib/python3.10/dist-packages/airflow/example_dags/example_branch_python_dop_operator_3.py for tasks to queue
[2023-12-06T18:35:29.123+0000] {logging_mixin.py:154} INFO - [2023-12-06T18:35:29.123+0000] {dagbag.py:536} INFO - Filling up the DagBag from /usr/local/lib/python3.10/dist-packages/airflow/example_dags/example_branch_python_dop_operator_3.py
[2023-12-06T18:35:29.133+0000] {processor.py:839} INFO - DAG(s) dict_keys(['example_branch_dop_operator_v3']) retrieved from /usr/local/lib/python3.10/dist-packages/airflow/example_dags/example_branch_python_dop_operator_3.py
[2023-12-06T18:35:29.151+0000] {logging_mixin.py:154} INFO - [2023-12-06T18:35:29.150+0000] {dag.py:2941} INFO - Sync 1 DAGs
[2023-12-06T18:35:29.185+0000] {logging_mixin.py:154} INFO - [2023-12-06T18:35:29.185+0000] {dag.py:3722} INFO - Setting next_dagrun for example_branch_dop_operator_v3 to 2023-12-06T18:34:00+00:00, run_after=2023-12-06T18:35:00+00:00
[2023-12-06T18:35:29.210+0000] {processor.py:179} INFO - Processing /usr/local/lib/python3.10/dist-packages/airflow/example_dags/example_branch_python_dop_operator_3.py took 0.093 seconds
[2023-12-06T18:36:12.863+0000] {processor.py:157} INFO - Started process (PID=4561) to work on /usr/local/lib/python3.10/dist-packages/airflow/example_dags/example_branch_python_dop_operator_3.py
[2023-12-06T18:36:12.865+0000] {processor.py:829} INFO - Processing file /usr/local/lib/python3.10/dist-packages/airflow/example_dags/example_branch_python_dop_operator_3.py for tasks to queue
[2023-12-06T18:36:12.866+0000] {logging_mixin.py:154} INFO - [2023-12-06T18:36:12.866+0000] {dagbag.py:536} INFO - Filling up the DagBag from /usr/local/lib/python3.10/dist-packages/airflow/example_dags/example_branch_python_dop_operator_3.py
[2023-12-06T18:36:12.877+0000] {processor.py:839} INFO - DAG(s) dict_keys(['example_branch_dop_operator_v3']) retrieved from /usr/local/lib/python3.10/dist-packages/airflow/example_dags/example_branch_python_dop_operator_3.py
[2023-12-06T18:36:12.905+0000] {logging_mixin.py:154} INFO - [2023-12-06T18:36:12.905+0000] {dag.py:2941} INFO - Sync 1 DAGs
[2023-12-06T18:36:12.932+0000] {logging_mixin.py:154} INFO - [2023-12-06T18:36:12.932+0000] {dag.py:3722} INFO - Setting next_dagrun for example_branch_dop_operator_v3 to 2023-12-06T18:35:00+00:00, run_after=2023-12-06T18:36:00+00:00
[2023-12-06T18:36:12.963+0000] {processor.py:179} INFO - Processing /usr/local/lib/python3.10/dist-packages/airflow/example_dags/example_branch_python_dop_operator_3.py took 0.103 seconds
[2023-12-06T18:37:01.576+0000] {processor.py:157} INFO - Started process (PID=4610) to work on /usr/local/lib/python3.10/dist-packages/airflow/example_dags/example_branch_python_dop_operator_3.py
[2023-12-06T18:37:01.578+0000] {processor.py:829} INFO - Processing file /usr/local/lib/python3.10/dist-packages/airflow/example_dags/example_branch_python_dop_operator_3.py for tasks to queue
[2023-12-06T18:37:01.579+0000] {logging_mixin.py:154} INFO - [2023-12-06T18:37:01.578+0000] {dagbag.py:536} INFO - Filling up the DagBag from /usr/local/lib/python3.10/dist-packages/airflow/example_dags/example_branch_python_dop_operator_3.py
[2023-12-06T18:37:01.589+0000] {processor.py:839} INFO - DAG(s) dict_keys(['example_branch_dop_operator_v3']) retrieved from /usr/local/lib/python3.10/dist-packages/airflow/example_dags/example_branch_python_dop_operator_3.py
[2023-12-06T18:37:01.609+0000] {logging_mixin.py:154} INFO - [2023-12-06T18:37:01.609+0000] {dag.py:2941} INFO - Sync 1 DAGs
[2023-12-06T18:37:01.637+0000] {logging_mixin.py:154} INFO - [2023-12-06T18:37:01.636+0000] {dag.py:3722} INFO - Setting next_dagrun for example_branch_dop_operator_v3 to 2023-12-06T18:36:00+00:00, run_after=2023-12-06T18:37:00+00:00
[2023-12-06T18:37:01.671+0000] {processor.py:179} INFO - Processing /usr/local/lib/python3.10/dist-packages/airflow/example_dags/example_branch_python_dop_operator_3.py took 0.099 seconds
[2023-12-06T18:37:45.561+0000] {processor.py:157} INFO - Started process (PID=4657) to work on /usr/local/lib/python3.10/dist-packages/airflow/example_dags/example_branch_python_dop_operator_3.py
[2023-12-06T18:37:45.562+0000] {processor.py:829} INFO - Processing file /usr/local/lib/python3.10/dist-packages/airflow/example_dags/example_branch_python_dop_operator_3.py for tasks to queue
[2023-12-06T18:37:45.563+0000] {logging_mixin.py:154} INFO - [2023-12-06T18:37:45.562+0000] {dagbag.py:536} INFO - Filling up the DagBag from /usr/local/lib/python3.10/dist-packages/airflow/example_dags/example_branch_python_dop_operator_3.py
[2023-12-06T18:37:45.573+0000] {processor.py:839} INFO - DAG(s) dict_keys(['example_branch_dop_operator_v3']) retrieved from /usr/local/lib/python3.10/dist-packages/airflow/example_dags/example_branch_python_dop_operator_3.py
[2023-12-06T18:37:45.590+0000] {logging_mixin.py:154} INFO - [2023-12-06T18:37:45.590+0000] {dag.py:2941} INFO - Sync 1 DAGs
[2023-12-06T18:37:45.615+0000] {logging_mixin.py:154} INFO - [2023-12-06T18:37:45.615+0000] {dag.py:3722} INFO - Setting next_dagrun for example_branch_dop_operator_v3 to 2023-12-06T18:36:00+00:00, run_after=2023-12-06T18:37:00+00:00
[2023-12-06T18:37:45.637+0000] {processor.py:179} INFO - Processing /usr/local/lib/python3.10/dist-packages/airflow/example_dags/example_branch_python_dop_operator_3.py took 0.080 seconds
[2023-12-06T18:38:33.387+0000] {processor.py:157} INFO - Started process (PID=4704) to work on /usr/local/lib/python3.10/dist-packages/airflow/example_dags/example_branch_python_dop_operator_3.py
[2023-12-06T18:38:33.389+0000] {processor.py:829} INFO - Processing file /usr/local/lib/python3.10/dist-packages/airflow/example_dags/example_branch_python_dop_operator_3.py for tasks to queue
[2023-12-06T18:38:33.390+0000] {logging_mixin.py:154} INFO - [2023-12-06T18:38:33.389+0000] {dagbag.py:536} INFO - Filling up the DagBag from /usr/local/lib/python3.10/dist-packages/airflow/example_dags/example_branch_python_dop_operator_3.py
[2023-12-06T18:38:33.400+0000] {processor.py:839} INFO - DAG(s) dict_keys(['example_branch_dop_operator_v3']) retrieved from /usr/local/lib/python3.10/dist-packages/airflow/example_dags/example_branch_python_dop_operator_3.py
[2023-12-06T18:38:33.417+0000] {logging_mixin.py:154} INFO - [2023-12-06T18:38:33.417+0000] {dag.py:2941} INFO - Sync 1 DAGs
[2023-12-06T18:38:33.442+0000] {logging_mixin.py:154} INFO - [2023-12-06T18:38:33.441+0000] {dag.py:3722} INFO - Setting next_dagrun for example_branch_dop_operator_v3 to 2023-12-06T18:37:00+00:00, run_after=2023-12-06T18:38:00+00:00
[2023-12-06T18:38:33.466+0000] {processor.py:179} INFO - Processing /usr/local/lib/python3.10/dist-packages/airflow/example_dags/example_branch_python_dop_operator_3.py took 0.083 seconds
[2023-12-06T18:39:20.886+0000] {processor.py:157} INFO - Started process (PID=4752) to work on /usr/local/lib/python3.10/dist-packages/airflow/example_dags/example_branch_python_dop_operator_3.py
[2023-12-06T18:39:20.888+0000] {processor.py:829} INFO - Processing file /usr/local/lib/python3.10/dist-packages/airflow/example_dags/example_branch_python_dop_operator_3.py for tasks to queue
[2023-12-06T18:39:20.889+0000] {logging_mixin.py:154} INFO - [2023-12-06T18:39:20.888+0000] {dagbag.py:536} INFO - Filling up the DagBag from /usr/local/lib/python3.10/dist-packages/airflow/example_dags/example_branch_python_dop_operator_3.py
[2023-12-06T18:39:20.899+0000] {processor.py:839} INFO - DAG(s) dict_keys(['example_branch_dop_operator_v3']) retrieved from /usr/local/lib/python3.10/dist-packages/airflow/example_dags/example_branch_python_dop_operator_3.py
[2023-12-06T18:39:20.917+0000] {logging_mixin.py:154} INFO - [2023-12-06T18:39:20.917+0000] {dag.py:2941} INFO - Sync 1 DAGs
[2023-12-06T18:39:20.942+0000] {logging_mixin.py:154} INFO - [2023-12-06T18:39:20.942+0000] {dag.py:3722} INFO - Setting next_dagrun for example_branch_dop_operator_v3 to 2023-12-06T18:38:00+00:00, run_after=2023-12-06T18:39:00+00:00
[2023-12-06T18:39:20.969+0000] {processor.py:179} INFO - Processing /usr/local/lib/python3.10/dist-packages/airflow/example_dags/example_branch_python_dop_operator_3.py took 0.091 seconds
[2023-12-06T18:40:09.287+0000] {processor.py:157} INFO - Started process (PID=4801) to work on /usr/local/lib/python3.10/dist-packages/airflow/example_dags/example_branch_python_dop_operator_3.py
[2023-12-06T18:40:09.289+0000] {processor.py:829} INFO - Processing file /usr/local/lib/python3.10/dist-packages/airflow/example_dags/example_branch_python_dop_operator_3.py for tasks to queue
[2023-12-06T18:40:09.290+0000] {logging_mixin.py:154} INFO - [2023-12-06T18:40:09.289+0000] {dagbag.py:536} INFO - Filling up the DagBag from /usr/local/lib/python3.10/dist-packages/airflow/example_dags/example_branch_python_dop_operator_3.py
[2023-12-06T18:40:09.300+0000] {processor.py:839} INFO - DAG(s) dict_keys(['example_branch_dop_operator_v3']) retrieved from /usr/local/lib/python3.10/dist-packages/airflow/example_dags/example_branch_python_dop_operator_3.py
[2023-12-06T18:40:09.319+0000] {logging_mixin.py:154} INFO - [2023-12-06T18:40:09.319+0000] {dag.py:2941} INFO - Sync 1 DAGs
[2023-12-06T18:40:09.346+0000] {logging_mixin.py:154} INFO - [2023-12-06T18:40:09.345+0000] {dag.py:3722} INFO - Setting next_dagrun for example_branch_dop_operator_v3 to 2023-12-06T18:39:00+00:00, run_after=2023-12-06T18:40:00+00:00
[2023-12-06T18:40:09.371+0000] {processor.py:179} INFO - Processing /usr/local/lib/python3.10/dist-packages/airflow/example_dags/example_branch_python_dop_operator_3.py took 0.087 seconds
[2023-12-06T18:41:01.239+0000] {processor.py:157} INFO - Started process (PID=4853) to work on /usr/local/lib/python3.10/dist-packages/airflow/example_dags/example_branch_python_dop_operator_3.py
[2023-12-06T18:41:01.241+0000] {processor.py:829} INFO - Processing file /usr/local/lib/python3.10/dist-packages/airflow/example_dags/example_branch_python_dop_operator_3.py for tasks to queue
[2023-12-06T18:41:01.242+0000] {logging_mixin.py:154} INFO - [2023-12-06T18:41:01.241+0000] {dagbag.py:536} INFO - Filling up the DagBag from /usr/local/lib/python3.10/dist-packages/airflow/example_dags/example_branch_python_dop_operator_3.py
[2023-12-06T18:41:01.253+0000] {processor.py:839} INFO - DAG(s) dict_keys(['example_branch_dop_operator_v3']) retrieved from /usr/local/lib/python3.10/dist-packages/airflow/example_dags/example_branch_python_dop_operator_3.py
[2023-12-06T18:41:01.271+0000] {logging_mixin.py:154} INFO - [2023-12-06T18:41:01.271+0000] {dag.py:2941} INFO - Sync 1 DAGs
[2023-12-06T18:41:01.300+0000] {logging_mixin.py:154} INFO - [2023-12-06T18:41:01.299+0000] {dag.py:3722} INFO - Setting next_dagrun for example_branch_dop_operator_v3 to 2023-12-06T18:40:00+00:00, run_after=2023-12-06T18:41:00+00:00
[2023-12-06T18:41:01.326+0000] {processor.py:179} INFO - Processing /usr/local/lib/python3.10/dist-packages/airflow/example_dags/example_branch_python_dop_operator_3.py took 0.090 seconds
[2023-12-06T18:41:49.538+0000] {processor.py:157} INFO - Started process (PID=4902) to work on /usr/local/lib/python3.10/dist-packages/airflow/example_dags/example_branch_python_dop_operator_3.py
[2023-12-06T18:41:49.539+0000] {processor.py:829} INFO - Processing file /usr/local/lib/python3.10/dist-packages/airflow/example_dags/example_branch_python_dop_operator_3.py for tasks to queue
[2023-12-06T18:41:49.540+0000] {logging_mixin.py:154} INFO - [2023-12-06T18:41:49.539+0000] {dagbag.py:536} INFO - Filling up the DagBag from /usr/local/lib/python3.10/dist-packages/airflow/example_dags/example_branch_python_dop_operator_3.py
[2023-12-06T18:41:49.550+0000] {processor.py:839} INFO - DAG(s) dict_keys(['example_branch_dop_operator_v3']) retrieved from /usr/local/lib/python3.10/dist-packages/airflow/example_dags/example_branch_python_dop_operator_3.py
[2023-12-06T18:41:49.567+0000] {logging_mixin.py:154} INFO - [2023-12-06T18:41:49.567+0000] {dag.py:2941} INFO - Sync 1 DAGs
[2023-12-06T18:41:49.592+0000] {logging_mixin.py:154} INFO - [2023-12-06T18:41:49.592+0000] {dag.py:3722} INFO - Setting next_dagrun for example_branch_dop_operator_v3 to 2023-12-06T18:40:00+00:00, run_after=2023-12-06T18:41:00+00:00
[2023-12-06T18:41:49.614+0000] {processor.py:179} INFO - Processing /usr/local/lib/python3.10/dist-packages/airflow/example_dags/example_branch_python_dop_operator_3.py took 0.079 seconds
[2023-12-06T18:42:35.622+0000] {processor.py:157} INFO - Started process (PID=4948) to work on /usr/local/lib/python3.10/dist-packages/airflow/example_dags/example_branch_python_dop_operator_3.py
[2023-12-06T18:42:35.623+0000] {processor.py:829} INFO - Processing file /usr/local/lib/python3.10/dist-packages/airflow/example_dags/example_branch_python_dop_operator_3.py for tasks to queue
[2023-12-06T18:42:35.624+0000] {logging_mixin.py:154} INFO - [2023-12-06T18:42:35.624+0000] {dagbag.py:536} INFO - Filling up the DagBag from /usr/local/lib/python3.10/dist-packages/airflow/example_dags/example_branch_python_dop_operator_3.py
[2023-12-06T18:42:35.634+0000] {processor.py:839} INFO - DAG(s) dict_keys(['example_branch_dop_operator_v3']) retrieved from /usr/local/lib/python3.10/dist-packages/airflow/example_dags/example_branch_python_dop_operator_3.py
[2023-12-06T18:42:35.652+0000] {logging_mixin.py:154} INFO - [2023-12-06T18:42:35.651+0000] {dag.py:2941} INFO - Sync 1 DAGs
[2023-12-06T18:42:35.683+0000] {logging_mixin.py:154} INFO - [2023-12-06T18:42:35.683+0000] {dag.py:3722} INFO - Setting next_dagrun for example_branch_dop_operator_v3 to 2023-12-06T18:41:00+00:00, run_after=2023-12-06T18:42:00+00:00
[2023-12-06T18:42:35.706+0000] {processor.py:179} INFO - Processing /usr/local/lib/python3.10/dist-packages/airflow/example_dags/example_branch_python_dop_operator_3.py took 0.088 seconds
[2023-12-06T18:43:28.309+0000] {processor.py:157} INFO - Started process (PID=5000) to work on /usr/local/lib/python3.10/dist-packages/airflow/example_dags/example_branch_python_dop_operator_3.py
[2023-12-06T18:43:28.310+0000] {processor.py:829} INFO - Processing file /usr/local/lib/python3.10/dist-packages/airflow/example_dags/example_branch_python_dop_operator_3.py for tasks to queue
[2023-12-06T18:43:28.311+0000] {logging_mixin.py:154} INFO - [2023-12-06T18:43:28.311+0000] {dagbag.py:536} INFO - Filling up the DagBag from /usr/local/lib/python3.10/dist-packages/airflow/example_dags/example_branch_python_dop_operator_3.py
[2023-12-06T18:43:28.321+0000] {processor.py:839} INFO - DAG(s) dict_keys(['example_branch_dop_operator_v3']) retrieved from /usr/local/lib/python3.10/dist-packages/airflow/example_dags/example_branch_python_dop_operator_3.py
[2023-12-06T18:43:28.338+0000] {logging_mixin.py:154} INFO - [2023-12-06T18:43:28.338+0000] {dag.py:2941} INFO - Sync 1 DAGs
[2023-12-06T18:43:28.363+0000] {logging_mixin.py:154} INFO - [2023-12-06T18:43:28.363+0000] {dag.py:3722} INFO - Setting next_dagrun for example_branch_dop_operator_v3 to 2023-12-06T18:42:00+00:00, run_after=2023-12-06T18:43:00+00:00
[2023-12-06T18:43:28.385+0000] {processor.py:179} INFO - Processing /usr/local/lib/python3.10/dist-packages/airflow/example_dags/example_branch_python_dop_operator_3.py took 0.080 seconds
[2023-12-06T18:44:17.656+0000] {processor.py:157} INFO - Started process (PID=5050) to work on /usr/local/lib/python3.10/dist-packages/airflow/example_dags/example_branch_python_dop_operator_3.py
[2023-12-06T18:44:17.657+0000] {processor.py:829} INFO - Processing file /usr/local/lib/python3.10/dist-packages/airflow/example_dags/example_branch_python_dop_operator_3.py for tasks to queue
[2023-12-06T18:44:17.658+0000] {logging_mixin.py:154} INFO - [2023-12-06T18:44:17.657+0000] {dagbag.py:536} INFO - Filling up the DagBag from /usr/local/lib/python3.10/dist-packages/airflow/example_dags/example_branch_python_dop_operator_3.py
[2023-12-06T18:44:17.668+0000] {processor.py:839} INFO - DAG(s) dict_keys(['example_branch_dop_operator_v3']) retrieved from /usr/local/lib/python3.10/dist-packages/airflow/example_dags/example_branch_python_dop_operator_3.py
[2023-12-06T18:44:17.685+0000] {logging_mixin.py:154} INFO - [2023-12-06T18:44:17.685+0000] {dag.py:2941} INFO - Sync 1 DAGs
[2023-12-06T18:44:17.710+0000] {logging_mixin.py:154} INFO - [2023-12-06T18:44:17.710+0000] {dag.py:3722} INFO - Setting next_dagrun for example_branch_dop_operator_v3 to 2023-12-06T18:43:00+00:00, run_after=2023-12-06T18:44:00+00:00
[2023-12-06T18:44:17.734+0000] {processor.py:179} INFO - Processing /usr/local/lib/python3.10/dist-packages/airflow/example_dags/example_branch_python_dop_operator_3.py took 0.082 seconds
[2023-12-06T18:45:05.612+0000] {processor.py:157} INFO - Started process (PID=5098) to work on /usr/local/lib/python3.10/dist-packages/airflow/example_dags/example_branch_python_dop_operator_3.py
[2023-12-06T18:45:05.613+0000] {processor.py:829} INFO - Processing file /usr/local/lib/python3.10/dist-packages/airflow/example_dags/example_branch_python_dop_operator_3.py for tasks to queue
[2023-12-06T18:45:05.614+0000] {logging_mixin.py:154} INFO - [2023-12-06T18:45:05.614+0000] {dagbag.py:536} INFO - Filling up the DagBag from /usr/local/lib/python3.10/dist-packages/airflow/example_dags/example_branch_python_dop_operator_3.py
[2023-12-06T18:45:05.625+0000] {processor.py:839} INFO - DAG(s) dict_keys(['example_branch_dop_operator_v3']) retrieved from /usr/local/lib/python3.10/dist-packages/airflow/example_dags/example_branch_python_dop_operator_3.py
[2023-12-06T18:45:05.643+0000] {logging_mixin.py:154} INFO - [2023-12-06T18:45:05.643+0000] {dag.py:2941} INFO - Sync 1 DAGs
[2023-12-06T18:45:05.669+0000] {logging_mixin.py:154} INFO - [2023-12-06T18:45:05.668+0000] {dag.py:3722} INFO - Setting next_dagrun for example_branch_dop_operator_v3 to 2023-12-06T18:44:00+00:00, run_after=2023-12-06T18:45:00+00:00
[2023-12-06T18:45:05.693+0000] {processor.py:179} INFO - Processing /usr/local/lib/python3.10/dist-packages/airflow/example_dags/example_branch_python_dop_operator_3.py took 0.085 seconds
[2023-12-06T18:45:48.608+0000] {processor.py:157} INFO - Started process (PID=5145) to work on /usr/local/lib/python3.10/dist-packages/airflow/example_dags/example_branch_python_dop_operator_3.py
[2023-12-06T18:45:48.610+0000] {processor.py:829} INFO - Processing file /usr/local/lib/python3.10/dist-packages/airflow/example_dags/example_branch_python_dop_operator_3.py for tasks to queue
[2023-12-06T18:45:48.610+0000] {logging_mixin.py:154} INFO - [2023-12-06T18:45:48.610+0000] {dagbag.py:536} INFO - Filling up the DagBag from /usr/local/lib/python3.10/dist-packages/airflow/example_dags/example_branch_python_dop_operator_3.py
[2023-12-06T18:45:48.621+0000] {processor.py:839} INFO - DAG(s) dict_keys(['example_branch_dop_operator_v3']) retrieved from /usr/local/lib/python3.10/dist-packages/airflow/example_dags/example_branch_python_dop_operator_3.py
[2023-12-06T18:45:48.638+0000] {logging_mixin.py:154} INFO - [2023-12-06T18:45:48.638+0000] {dag.py:2941} INFO - Sync 1 DAGs
[2023-12-06T18:45:48.663+0000] {logging_mixin.py:154} INFO - [2023-12-06T18:45:48.663+0000] {dag.py:3722} INFO - Setting next_dagrun for example_branch_dop_operator_v3 to 2023-12-06T18:44:00+00:00, run_after=2023-12-06T18:45:00+00:00
[2023-12-06T18:45:48.686+0000] {processor.py:179} INFO - Processing /usr/local/lib/python3.10/dist-packages/airflow/example_dags/example_branch_python_dop_operator_3.py took 0.082 seconds
[2023-12-06T18:46:33.646+0000] {processor.py:157} INFO - Started process (PID=5191) to work on /usr/local/lib/python3.10/dist-packages/airflow/example_dags/example_branch_python_dop_operator_3.py
[2023-12-06T18:46:33.647+0000] {processor.py:829} INFO - Processing file /usr/local/lib/python3.10/dist-packages/airflow/example_dags/example_branch_python_dop_operator_3.py for tasks to queue
[2023-12-06T18:46:33.648+0000] {logging_mixin.py:154} INFO - [2023-12-06T18:46:33.648+0000] {dagbag.py:536} INFO - Filling up the DagBag from /usr/local/lib/python3.10/dist-packages/airflow/example_dags/example_branch_python_dop_operator_3.py
[2023-12-06T18:46:33.658+0000] {processor.py:839} INFO - DAG(s) dict_keys(['example_branch_dop_operator_v3']) retrieved from /usr/local/lib/python3.10/dist-packages/airflow/example_dags/example_branch_python_dop_operator_3.py
[2023-12-06T18:46:33.676+0000] {logging_mixin.py:154} INFO - [2023-12-06T18:46:33.675+0000] {dag.py:2941} INFO - Sync 1 DAGs
[2023-12-06T18:46:33.701+0000] {logging_mixin.py:154} INFO - [2023-12-06T18:46:33.701+0000] {dag.py:3722} INFO - Setting next_dagrun for example_branch_dop_operator_v3 to 2023-12-06T18:45:00+00:00, run_after=2023-12-06T18:46:00+00:00
[2023-12-06T18:46:33.726+0000] {processor.py:179} INFO - Processing /usr/local/lib/python3.10/dist-packages/airflow/example_dags/example_branch_python_dop_operator_3.py took 0.084 seconds
[2023-12-06T18:47:20.345+0000] {processor.py:157} INFO - Started process (PID=5240) to work on /usr/local/lib/python3.10/dist-packages/airflow/example_dags/example_branch_python_dop_operator_3.py
[2023-12-06T18:47:20.346+0000] {processor.py:829} INFO - Processing file /usr/local/lib/python3.10/dist-packages/airflow/example_dags/example_branch_python_dop_operator_3.py for tasks to queue
[2023-12-06T18:47:20.347+0000] {logging_mixin.py:154} INFO - [2023-12-06T18:47:20.347+0000] {dagbag.py:536} INFO - Filling up the DagBag from /usr/local/lib/python3.10/dist-packages/airflow/example_dags/example_branch_python_dop_operator_3.py
[2023-12-06T18:47:20.357+0000] {processor.py:839} INFO - DAG(s) dict_keys(['example_branch_dop_operator_v3']) retrieved from /usr/local/lib/python3.10/dist-packages/airflow/example_dags/example_branch_python_dop_operator_3.py
[2023-12-06T18:47:20.374+0000] {logging_mixin.py:154} INFO - [2023-12-06T18:47:20.374+0000] {dag.py:2941} INFO - Sync 1 DAGs
[2023-12-06T18:47:20.399+0000] {logging_mixin.py:154} INFO - [2023-12-06T18:47:20.399+0000] {dag.py:3722} INFO - Setting next_dagrun for example_branch_dop_operator_v3 to 2023-12-06T18:46:00+00:00, run_after=2023-12-06T18:47:00+00:00
[2023-12-06T18:47:20.428+0000] {processor.py:179} INFO - Processing /usr/local/lib/python3.10/dist-packages/airflow/example_dags/example_branch_python_dop_operator_3.py took 0.087 seconds
[2023-12-06T18:48:10.637+0000] {processor.py:157} INFO - Started process (PID=5292) to work on /usr/local/lib/python3.10/dist-packages/airflow/example_dags/example_branch_python_dop_operator_3.py
[2023-12-06T18:48:10.639+0000] {processor.py:829} INFO - Processing file /usr/local/lib/python3.10/dist-packages/airflow/example_dags/example_branch_python_dop_operator_3.py for tasks to queue
[2023-12-06T18:48:10.639+0000] {logging_mixin.py:154} INFO - [2023-12-06T18:48:10.639+0000] {dagbag.py:536} INFO - Filling up the DagBag from /usr/local/lib/python3.10/dist-packages/airflow/example_dags/example_branch_python_dop_operator_3.py
[2023-12-06T18:48:10.650+0000] {processor.py:839} INFO - DAG(s) dict_keys(['example_branch_dop_operator_v3']) retrieved from /usr/local/lib/python3.10/dist-packages/airflow/example_dags/example_branch_python_dop_operator_3.py
[2023-12-06T18:48:10.667+0000] {logging_mixin.py:154} INFO - [2023-12-06T18:48:10.667+0000] {dag.py:2941} INFO - Sync 1 DAGs
[2023-12-06T18:48:10.693+0000] {logging_mixin.py:154} INFO - [2023-12-06T18:48:10.693+0000] {dag.py:3722} INFO - Setting next_dagrun for example_branch_dop_operator_v3 to 2023-12-06T18:47:00+00:00, run_after=2023-12-06T18:48:00+00:00
[2023-12-06T18:48:10.716+0000] {processor.py:179} INFO - Processing /usr/local/lib/python3.10/dist-packages/airflow/example_dags/example_branch_python_dop_operator_3.py took 0.082 seconds
[2023-12-06T18:48:59.335+0000] {processor.py:157} INFO - Started process (PID=5341) to work on /usr/local/lib/python3.10/dist-packages/airflow/example_dags/example_branch_python_dop_operator_3.py
[2023-12-06T18:48:59.337+0000] {processor.py:829} INFO - Processing file /usr/local/lib/python3.10/dist-packages/airflow/example_dags/example_branch_python_dop_operator_3.py for tasks to queue
[2023-12-06T18:48:59.338+0000] {logging_mixin.py:154} INFO - [2023-12-06T18:48:59.337+0000] {dagbag.py:536} INFO - Filling up the DagBag from /usr/local/lib/python3.10/dist-packages/airflow/example_dags/example_branch_python_dop_operator_3.py
[2023-12-06T18:48:59.347+0000] {processor.py:839} INFO - DAG(s) dict_keys(['example_branch_dop_operator_v3']) retrieved from /usr/local/lib/python3.10/dist-packages/airflow/example_dags/example_branch_python_dop_operator_3.py
[2023-12-06T18:48:59.365+0000] {logging_mixin.py:154} INFO - [2023-12-06T18:48:59.365+0000] {dag.py:2941} INFO - Sync 1 DAGs
[2023-12-06T18:48:59.390+0000] {logging_mixin.py:154} INFO - [2023-12-06T18:48:59.390+0000] {dag.py:3722} INFO - Setting next_dagrun for example_branch_dop_operator_v3 to 2023-12-06T18:47:00+00:00, run_after=2023-12-06T18:48:00+00:00
[2023-12-06T18:48:59.412+0000] {processor.py:179} INFO - Processing /usr/local/lib/python3.10/dist-packages/airflow/example_dags/example_branch_python_dop_operator_3.py took 0.080 seconds
[2023-12-06T18:49:44.765+0000] {processor.py:157} INFO - Started process (PID=5388) to work on /usr/local/lib/python3.10/dist-packages/airflow/example_dags/example_branch_python_dop_operator_3.py
[2023-12-06T18:49:44.766+0000] {processor.py:829} INFO - Processing file /usr/local/lib/python3.10/dist-packages/airflow/example_dags/example_branch_python_dop_operator_3.py for tasks to queue
[2023-12-06T18:49:44.767+0000] {logging_mixin.py:154} INFO - [2023-12-06T18:49:44.767+0000] {dagbag.py:536} INFO - Filling up the DagBag from /usr/local/lib/python3.10/dist-packages/airflow/example_dags/example_branch_python_dop_operator_3.py
[2023-12-06T18:49:44.777+0000] {processor.py:839} INFO - DAG(s) dict_keys(['example_branch_dop_operator_v3']) retrieved from /usr/local/lib/python3.10/dist-packages/airflow/example_dags/example_branch_python_dop_operator_3.py
[2023-12-06T18:49:44.794+0000] {logging_mixin.py:154} INFO - [2023-12-06T18:49:44.793+0000] {dag.py:2941} INFO - Sync 1 DAGs
[2023-12-06T18:49:44.818+0000] {logging_mixin.py:154} INFO - [2023-12-06T18:49:44.818+0000] {dag.py:3722} INFO - Setting next_dagrun for example_branch_dop_operator_v3 to 2023-12-06T18:48:00+00:00, run_after=2023-12-06T18:49:00+00:00
[2023-12-06T18:49:44.842+0000] {processor.py:179} INFO - Processing /usr/local/lib/python3.10/dist-packages/airflow/example_dags/example_branch_python_dop_operator_3.py took 0.081 seconds
[2023-12-06T18:50:26.977+0000] {processor.py:157} INFO - Started process (PID=5432) to work on /usr/local/lib/python3.10/dist-packages/airflow/example_dags/example_branch_python_dop_operator_3.py
[2023-12-06T18:50:26.980+0000] {processor.py:829} INFO - Processing file /usr/local/lib/python3.10/dist-packages/airflow/example_dags/example_branch_python_dop_operator_3.py for tasks to queue
[2023-12-06T18:50:26.981+0000] {logging_mixin.py:154} INFO - [2023-12-06T18:50:26.981+0000] {dagbag.py:536} INFO - Filling up the DagBag from /usr/local/lib/python3.10/dist-packages/airflow/example_dags/example_branch_python_dop_operator_3.py
[2023-12-06T18:50:26.991+0000] {processor.py:839} INFO - DAG(s) dict_keys(['example_branch_dop_operator_v3']) retrieved from /usr/local/lib/python3.10/dist-packages/airflow/example_dags/example_branch_python_dop_operator_3.py
[2023-12-06T18:50:27.009+0000] {logging_mixin.py:154} INFO - [2023-12-06T18:50:27.009+0000] {dag.py:2941} INFO - Sync 1 DAGs
[2023-12-06T18:50:27.034+0000] {logging_mixin.py:154} INFO - [2023-12-06T18:50:27.034+0000] {dag.py:3722} INFO - Setting next_dagrun for example_branch_dop_operator_v3 to 2023-12-06T18:49:00+00:00, run_after=2023-12-06T18:50:00+00:00
[2023-12-06T18:50:27.061+0000] {processor.py:179} INFO - Processing /usr/local/lib/python3.10/dist-packages/airflow/example_dags/example_branch_python_dop_operator_3.py took 0.088 seconds
[2023-12-06T18:51:09.452+0000] {processor.py:157} INFO - Started process (PID=5481) to work on /usr/local/lib/python3.10/dist-packages/airflow/example_dags/example_branch_python_dop_operator_3.py
[2023-12-06T18:51:09.453+0000] {processor.py:829} INFO - Processing file /usr/local/lib/python3.10/dist-packages/airflow/example_dags/example_branch_python_dop_operator_3.py for tasks to queue
[2023-12-06T18:51:09.454+0000] {logging_mixin.py:154} INFO - [2023-12-06T18:51:09.454+0000] {dagbag.py:536} INFO - Filling up the DagBag from /usr/local/lib/python3.10/dist-packages/airflow/example_dags/example_branch_python_dop_operator_3.py
[2023-12-06T18:51:09.465+0000] {processor.py:839} INFO - DAG(s) dict_keys(['example_branch_dop_operator_v3']) retrieved from /usr/local/lib/python3.10/dist-packages/airflow/example_dags/example_branch_python_dop_operator_3.py
[2023-12-06T18:51:09.483+0000] {logging_mixin.py:154} INFO - [2023-12-06T18:51:09.483+0000] {dag.py:2941} INFO - Sync 1 DAGs
[2023-12-06T18:51:09.509+0000] {logging_mixin.py:154} INFO - [2023-12-06T18:51:09.508+0000] {dag.py:3722} INFO - Setting next_dagrun for example_branch_dop_operator_v3 to 2023-12-06T18:50:00+00:00, run_after=2023-12-06T18:51:00+00:00
[2023-12-06T18:51:09.532+0000] {processor.py:179} INFO - Processing /usr/local/lib/python3.10/dist-packages/airflow/example_dags/example_branch_python_dop_operator_3.py took 0.083 seconds
[2023-12-06T18:51:51.591+0000] {processor.py:157} INFO - Started process (PID=5526) to work on /usr/local/lib/python3.10/dist-packages/airflow/example_dags/example_branch_python_dop_operator_3.py
[2023-12-06T18:51:51.592+0000] {processor.py:829} INFO - Processing file /usr/local/lib/python3.10/dist-packages/airflow/example_dags/example_branch_python_dop_operator_3.py for tasks to queue
[2023-12-06T18:51:51.593+0000] {logging_mixin.py:154} INFO - [2023-12-06T18:51:51.593+0000] {dagbag.py:536} INFO - Filling up the DagBag from /usr/local/lib/python3.10/dist-packages/airflow/example_dags/example_branch_python_dop_operator_3.py
[2023-12-06T18:51:51.603+0000] {processor.py:839} INFO - DAG(s) dict_keys(['example_branch_dop_operator_v3']) retrieved from /usr/local/lib/python3.10/dist-packages/airflow/example_dags/example_branch_python_dop_operator_3.py
[2023-12-06T18:51:51.621+0000] {logging_mixin.py:154} INFO - [2023-12-06T18:51:51.621+0000] {dag.py:2941} INFO - Sync 1 DAGs
[2023-12-06T18:51:51.646+0000] {logging_mixin.py:154} INFO - [2023-12-06T18:51:51.646+0000] {dag.py:3722} INFO - Setting next_dagrun for example_branch_dop_operator_v3 to 2023-12-06T18:50:00+00:00, run_after=2023-12-06T18:51:00+00:00
[2023-12-06T18:51:51.675+0000] {processor.py:179} INFO - Processing /usr/local/lib/python3.10/dist-packages/airflow/example_dags/example_branch_python_dop_operator_3.py took 0.088 seconds
[2023-12-06T18:52:40.684+0000] {processor.py:157} INFO - Started process (PID=5575) to work on /usr/local/lib/python3.10/dist-packages/airflow/example_dags/example_branch_python_dop_operator_3.py
[2023-12-06T18:52:40.686+0000] {processor.py:829} INFO - Processing file /usr/local/lib/python3.10/dist-packages/airflow/example_dags/example_branch_python_dop_operator_3.py for tasks to queue
[2023-12-06T18:52:40.687+0000] {logging_mixin.py:154} INFO - [2023-12-06T18:52:40.687+0000] {dagbag.py:536} INFO - Filling up the DagBag from /usr/local/lib/python3.10/dist-packages/airflow/example_dags/example_branch_python_dop_operator_3.py
[2023-12-06T18:52:40.698+0000] {processor.py:839} INFO - DAG(s) dict_keys(['example_branch_dop_operator_v3']) retrieved from /usr/local/lib/python3.10/dist-packages/airflow/example_dags/example_branch_python_dop_operator_3.py
[2023-12-06T18:52:40.716+0000] {logging_mixin.py:154} INFO - [2023-12-06T18:52:40.715+0000] {dag.py:2941} INFO - Sync 1 DAGs
[2023-12-06T18:52:40.741+0000] {logging_mixin.py:154} INFO - [2023-12-06T18:52:40.741+0000] {dag.py:3722} INFO - Setting next_dagrun for example_branch_dop_operator_v3 to 2023-12-06T18:51:00+00:00, run_after=2023-12-06T18:52:00+00:00
[2023-12-06T18:52:40.765+0000] {processor.py:179} INFO - Processing /usr/local/lib/python3.10/dist-packages/airflow/example_dags/example_branch_python_dop_operator_3.py took 0.085 seconds
[2023-12-06T18:53:26.365+0000] {processor.py:157} INFO - Started process (PID=5622) to work on /usr/local/lib/python3.10/dist-packages/airflow/example_dags/example_branch_python_dop_operator_3.py
[2023-12-06T18:53:26.367+0000] {processor.py:829} INFO - Processing file /usr/local/lib/python3.10/dist-packages/airflow/example_dags/example_branch_python_dop_operator_3.py for tasks to queue
[2023-12-06T18:53:26.368+0000] {logging_mixin.py:154} INFO - [2023-12-06T18:53:26.367+0000] {dagbag.py:536} INFO - Filling up the DagBag from /usr/local/lib/python3.10/dist-packages/airflow/example_dags/example_branch_python_dop_operator_3.py
[2023-12-06T18:53:26.382+0000] {processor.py:839} INFO - DAG(s) dict_keys(['example_branch_dop_operator_v3']) retrieved from /usr/local/lib/python3.10/dist-packages/airflow/example_dags/example_branch_python_dop_operator_3.py
[2023-12-06T18:53:26.402+0000] {logging_mixin.py:154} INFO - [2023-12-06T18:53:26.402+0000] {dag.py:2941} INFO - Sync 1 DAGs
[2023-12-06T18:53:26.427+0000] {logging_mixin.py:154} INFO - [2023-12-06T18:53:26.427+0000] {dag.py:3722} INFO - Setting next_dagrun for example_branch_dop_operator_v3 to 2023-12-06T18:52:00+00:00, run_after=2023-12-06T18:53:00+00:00
[2023-12-06T18:53:26.451+0000] {processor.py:179} INFO - Processing /usr/local/lib/python3.10/dist-packages/airflow/example_dags/example_branch_python_dop_operator_3.py took 0.089 seconds
[2023-12-06T18:54:09.845+0000] {processor.py:157} INFO - Started process (PID=5667) to work on /usr/local/lib/python3.10/dist-packages/airflow/example_dags/example_branch_python_dop_operator_3.py
[2023-12-06T18:54:09.847+0000] {processor.py:829} INFO - Processing file /usr/local/lib/python3.10/dist-packages/airflow/example_dags/example_branch_python_dop_operator_3.py for tasks to queue
[2023-12-06T18:54:09.848+0000] {logging_mixin.py:154} INFO - [2023-12-06T18:54:09.848+0000] {dagbag.py:536} INFO - Filling up the DagBag from /usr/local/lib/python3.10/dist-packages/airflow/example_dags/example_branch_python_dop_operator_3.py
[2023-12-06T18:54:09.858+0000] {processor.py:839} INFO - DAG(s) dict_keys(['example_branch_dop_operator_v3']) retrieved from /usr/local/lib/python3.10/dist-packages/airflow/example_dags/example_branch_python_dop_operator_3.py
[2023-12-06T18:54:09.876+0000] {logging_mixin.py:154} INFO - [2023-12-06T18:54:09.876+0000] {dag.py:2941} INFO - Sync 1 DAGs
[2023-12-06T18:54:09.902+0000] {logging_mixin.py:154} INFO - [2023-12-06T18:54:09.902+0000] {dag.py:3722} INFO - Setting next_dagrun for example_branch_dop_operator_v3 to 2023-12-06T18:53:00+00:00, run_after=2023-12-06T18:54:00+00:00
[2023-12-06T18:54:09.925+0000] {processor.py:179} INFO - Processing /usr/local/lib/python3.10/dist-packages/airflow/example_dags/example_branch_python_dop_operator_3.py took 0.084 seconds
[2023-12-06T18:54:55.946+0000] {processor.py:157} INFO - Started process (PID=5715) to work on /usr/local/lib/python3.10/dist-packages/airflow/example_dags/example_branch_python_dop_operator_3.py
[2023-12-06T18:54:55.947+0000] {processor.py:829} INFO - Processing file /usr/local/lib/python3.10/dist-packages/airflow/example_dags/example_branch_python_dop_operator_3.py for tasks to queue
[2023-12-06T18:54:55.948+0000] {logging_mixin.py:154} INFO - [2023-12-06T18:54:55.948+0000] {dagbag.py:536} INFO - Filling up the DagBag from /usr/local/lib/python3.10/dist-packages/airflow/example_dags/example_branch_python_dop_operator_3.py
[2023-12-06T18:54:55.958+0000] {processor.py:839} INFO - DAG(s) dict_keys(['example_branch_dop_operator_v3']) retrieved from /usr/local/lib/python3.10/dist-packages/airflow/example_dags/example_branch_python_dop_operator_3.py
[2023-12-06T18:54:55.976+0000] {logging_mixin.py:154} INFO - [2023-12-06T18:54:55.976+0000] {dag.py:2941} INFO - Sync 1 DAGs
[2023-12-06T18:54:56.001+0000] {logging_mixin.py:154} INFO - [2023-12-06T18:54:56.001+0000] {dag.py:3722} INFO - Setting next_dagrun for example_branch_dop_operator_v3 to 2023-12-06T18:53:00+00:00, run_after=2023-12-06T18:54:00+00:00
[2023-12-06T18:54:56.030+0000] {processor.py:179} INFO - Processing /usr/local/lib/python3.10/dist-packages/airflow/example_dags/example_branch_python_dop_operator_3.py took 0.087 seconds
[2023-12-06T18:55:42.902+0000] {processor.py:157} INFO - Started process (PID=5762) to work on /usr/local/lib/python3.10/dist-packages/airflow/example_dags/example_branch_python_dop_operator_3.py
[2023-12-06T18:55:42.904+0000] {processor.py:829} INFO - Processing file /usr/local/lib/python3.10/dist-packages/airflow/example_dags/example_branch_python_dop_operator_3.py for tasks to queue
[2023-12-06T18:55:42.905+0000] {logging_mixin.py:154} INFO - [2023-12-06T18:55:42.904+0000] {dagbag.py:536} INFO - Filling up the DagBag from /usr/local/lib/python3.10/dist-packages/airflow/example_dags/example_branch_python_dop_operator_3.py
[2023-12-06T18:55:42.915+0000] {processor.py:839} INFO - DAG(s) dict_keys(['example_branch_dop_operator_v3']) retrieved from /usr/local/lib/python3.10/dist-packages/airflow/example_dags/example_branch_python_dop_operator_3.py
[2023-12-06T18:55:42.944+0000] {logging_mixin.py:154} INFO - [2023-12-06T18:55:42.944+0000] {dag.py:2941} INFO - Sync 1 DAGs
[2023-12-06T18:55:42.969+0000] {logging_mixin.py:154} INFO - [2023-12-06T18:55:42.969+0000] {dag.py:3722} INFO - Setting next_dagrun for example_branch_dop_operator_v3 to 2023-12-06T18:54:00+00:00, run_after=2023-12-06T18:55:00+00:00
[2023-12-06T18:55:43.008+0000] {processor.py:179} INFO - Processing /usr/local/lib/python3.10/dist-packages/airflow/example_dags/example_branch_python_dop_operator_3.py took 0.109 seconds
[2023-12-06T18:56:28.010+0000] {processor.py:157} INFO - Started process (PID=5810) to work on /usr/local/lib/python3.10/dist-packages/airflow/example_dags/example_branch_python_dop_operator_3.py
[2023-12-06T18:56:28.012+0000] {processor.py:829} INFO - Processing file /usr/local/lib/python3.10/dist-packages/airflow/example_dags/example_branch_python_dop_operator_3.py for tasks to queue
[2023-12-06T18:56:28.013+0000] {logging_mixin.py:154} INFO - [2023-12-06T18:56:28.013+0000] {dagbag.py:536} INFO - Filling up the DagBag from /usr/local/lib/python3.10/dist-packages/airflow/example_dags/example_branch_python_dop_operator_3.py
[2023-12-06T18:56:28.023+0000] {processor.py:839} INFO - DAG(s) dict_keys(['example_branch_dop_operator_v3']) retrieved from /usr/local/lib/python3.10/dist-packages/airflow/example_dags/example_branch_python_dop_operator_3.py
[2023-12-06T18:56:28.041+0000] {logging_mixin.py:154} INFO - [2023-12-06T18:56:28.040+0000] {dag.py:2941} INFO - Sync 1 DAGs
[2023-12-06T18:56:28.066+0000] {logging_mixin.py:154} INFO - [2023-12-06T18:56:28.066+0000] {dag.py:3722} INFO - Setting next_dagrun for example_branch_dop_operator_v3 to 2023-12-06T18:55:00+00:00, run_after=2023-12-06T18:56:00+00:00
[2023-12-06T18:56:28.091+0000] {processor.py:179} INFO - Processing /usr/local/lib/python3.10/dist-packages/airflow/example_dags/example_branch_python_dop_operator_3.py took 0.085 seconds
[2023-12-06T18:57:13.243+0000] {processor.py:157} INFO - Started process (PID=5859) to work on /usr/local/lib/python3.10/dist-packages/airflow/example_dags/example_branch_python_dop_operator_3.py
[2023-12-06T18:57:13.244+0000] {processor.py:829} INFO - Processing file /usr/local/lib/python3.10/dist-packages/airflow/example_dags/example_branch_python_dop_operator_3.py for tasks to queue
[2023-12-06T18:57:13.245+0000] {logging_mixin.py:154} INFO - [2023-12-06T18:57:13.245+0000] {dagbag.py:536} INFO - Filling up the DagBag from /usr/local/lib/python3.10/dist-packages/airflow/example_dags/example_branch_python_dop_operator_3.py
[2023-12-06T18:57:13.255+0000] {processor.py:839} INFO - DAG(s) dict_keys(['example_branch_dop_operator_v3']) retrieved from /usr/local/lib/python3.10/dist-packages/airflow/example_dags/example_branch_python_dop_operator_3.py
[2023-12-06T18:57:13.274+0000] {logging_mixin.py:154} INFO - [2023-12-06T18:57:13.273+0000] {dag.py:2941} INFO - Sync 1 DAGs
[2023-12-06T18:57:13.300+0000] {logging_mixin.py:154} INFO - [2023-12-06T18:57:13.299+0000] {dag.py:3722} INFO - Setting next_dagrun for example_branch_dop_operator_v3 to 2023-12-06T18:56:00+00:00, run_after=2023-12-06T18:57:00+00:00
[2023-12-06T18:57:13.336+0000] {processor.py:179} INFO - Processing /usr/local/lib/python3.10/dist-packages/airflow/example_dags/example_branch_python_dop_operator_3.py took 0.097 seconds
[2023-12-06T18:58:02.319+0000] {processor.py:157} INFO - Started process (PID=5909) to work on /usr/local/lib/python3.10/dist-packages/airflow/example_dags/example_branch_python_dop_operator_3.py
[2023-12-06T18:58:02.321+0000] {processor.py:829} INFO - Processing file /usr/local/lib/python3.10/dist-packages/airflow/example_dags/example_branch_python_dop_operator_3.py for tasks to queue
[2023-12-06T18:58:02.322+0000] {logging_mixin.py:154} INFO - [2023-12-06T18:58:02.321+0000] {dagbag.py:536} INFO - Filling up the DagBag from /usr/local/lib/python3.10/dist-packages/airflow/example_dags/example_branch_python_dop_operator_3.py
[2023-12-06T18:58:02.332+0000] {processor.py:839} INFO - DAG(s) dict_keys(['example_branch_dop_operator_v3']) retrieved from /usr/local/lib/python3.10/dist-packages/airflow/example_dags/example_branch_python_dop_operator_3.py
[2023-12-06T18:58:02.356+0000] {logging_mixin.py:154} INFO - [2023-12-06T18:58:02.350+0000] {dag.py:2941} INFO - Sync 1 DAGs
[2023-12-06T18:58:02.383+0000] {logging_mixin.py:154} INFO - [2023-12-06T18:58:02.383+0000] {dag.py:3722} INFO - Setting next_dagrun for example_branch_dop_operator_v3 to 2023-12-06T18:57:00+00:00, run_after=2023-12-06T18:58:00+00:00
[2023-12-06T18:58:02.408+0000] {processor.py:179} INFO - Processing /usr/local/lib/python3.10/dist-packages/airflow/example_dags/example_branch_python_dop_operator_3.py took 0.093 seconds
[2023-12-06T18:58:46.399+0000] {processor.py:157} INFO - Started process (PID=5954) to work on /usr/local/lib/python3.10/dist-packages/airflow/example_dags/example_branch_python_dop_operator_3.py
[2023-12-06T18:58:46.400+0000] {processor.py:829} INFO - Processing file /usr/local/lib/python3.10/dist-packages/airflow/example_dags/example_branch_python_dop_operator_3.py for tasks to queue
[2023-12-06T18:58:46.401+0000] {logging_mixin.py:154} INFO - [2023-12-06T18:58:46.401+0000] {dagbag.py:536} INFO - Filling up the DagBag from /usr/local/lib/python3.10/dist-packages/airflow/example_dags/example_branch_python_dop_operator_3.py
[2023-12-06T18:58:46.411+0000] {processor.py:839} INFO - DAG(s) dict_keys(['example_branch_dop_operator_v3']) retrieved from /usr/local/lib/python3.10/dist-packages/airflow/example_dags/example_branch_python_dop_operator_3.py
[2023-12-06T18:58:46.428+0000] {logging_mixin.py:154} INFO - [2023-12-06T18:58:46.428+0000] {dag.py:2941} INFO - Sync 1 DAGs
[2023-12-06T18:58:46.453+0000] {logging_mixin.py:154} INFO - [2023-12-06T18:58:46.453+0000] {dag.py:3722} INFO - Setting next_dagrun for example_branch_dop_operator_v3 to 2023-12-06T18:57:00+00:00, run_after=2023-12-06T18:58:00+00:00
[2023-12-06T18:58:46.476+0000] {processor.py:179} INFO - Processing /usr/local/lib/python3.10/dist-packages/airflow/example_dags/example_branch_python_dop_operator_3.py took 0.081 seconds
[2023-12-06T18:59:32.746+0000] {processor.py:157} INFO - Started process (PID=6001) to work on /usr/local/lib/python3.10/dist-packages/airflow/example_dags/example_branch_python_dop_operator_3.py
[2023-12-06T18:59:32.748+0000] {processor.py:829} INFO - Processing file /usr/local/lib/python3.10/dist-packages/airflow/example_dags/example_branch_python_dop_operator_3.py for tasks to queue
[2023-12-06T18:59:32.749+0000] {logging_mixin.py:154} INFO - [2023-12-06T18:59:32.748+0000] {dagbag.py:536} INFO - Filling up the DagBag from /usr/local/lib/python3.10/dist-packages/airflow/example_dags/example_branch_python_dop_operator_3.py
[2023-12-06T18:59:32.759+0000] {processor.py:839} INFO - DAG(s) dict_keys(['example_branch_dop_operator_v3']) retrieved from /usr/local/lib/python3.10/dist-packages/airflow/example_dags/example_branch_python_dop_operator_3.py
[2023-12-06T18:59:32.776+0000] {logging_mixin.py:154} INFO - [2023-12-06T18:59:32.775+0000] {dag.py:2941} INFO - Sync 1 DAGs
[2023-12-06T18:59:32.800+0000] {logging_mixin.py:154} INFO - [2023-12-06T18:59:32.800+0000] {dag.py:3722} INFO - Setting next_dagrun for example_branch_dop_operator_v3 to 2023-12-06T18:58:00+00:00, run_after=2023-12-06T18:59:00+00:00
[2023-12-06T18:59:32.824+0000] {processor.py:179} INFO - Processing /usr/local/lib/python3.10/dist-packages/airflow/example_dags/example_branch_python_dop_operator_3.py took 0.081 seconds
[2023-12-06T19:00:19.405+0000] {processor.py:157} INFO - Started process (PID=6350) to work on /usr/local/lib/python3.10/dist-packages/airflow/example_dags/example_branch_python_dop_operator_3.py
[2023-12-06T19:00:19.409+0000] {processor.py:829} INFO - Processing file /usr/local/lib/python3.10/dist-packages/airflow/example_dags/example_branch_python_dop_operator_3.py for tasks to queue
[2023-12-06T19:00:19.410+0000] {logging_mixin.py:154} INFO - [2023-12-06T19:00:19.410+0000] {dagbag.py:536} INFO - Filling up the DagBag from /usr/local/lib/python3.10/dist-packages/airflow/example_dags/example_branch_python_dop_operator_3.py
[2023-12-06T19:00:19.421+0000] {processor.py:839} INFO - DAG(s) dict_keys(['example_branch_dop_operator_v3']) retrieved from /usr/local/lib/python3.10/dist-packages/airflow/example_dags/example_branch_python_dop_operator_3.py
[2023-12-06T19:00:19.439+0000] {logging_mixin.py:154} INFO - [2023-12-06T19:00:19.438+0000] {dag.py:2941} INFO - Sync 1 DAGs
[2023-12-06T19:00:19.465+0000] {logging_mixin.py:154} INFO - [2023-12-06T19:00:19.465+0000] {dag.py:3722} INFO - Setting next_dagrun for example_branch_dop_operator_v3 to 2023-12-06T18:59:00+00:00, run_after=2023-12-06T19:00:00+00:00
[2023-12-06T19:00:19.491+0000] {processor.py:179} INFO - Processing /usr/local/lib/python3.10/dist-packages/airflow/example_dags/example_branch_python_dop_operator_3.py took 0.120 seconds
[2023-12-06T19:01:11.161+0000] {processor.py:157} INFO - Started process (PID=6460) to work on /usr/local/lib/python3.10/dist-packages/airflow/example_dags/example_branch_python_dop_operator_3.py
[2023-12-06T19:01:11.163+0000] {processor.py:829} INFO - Processing file /usr/local/lib/python3.10/dist-packages/airflow/example_dags/example_branch_python_dop_operator_3.py for tasks to queue
[2023-12-06T19:01:11.164+0000] {logging_mixin.py:154} INFO - [2023-12-06T19:01:11.164+0000] {dagbag.py:536} INFO - Filling up the DagBag from /usr/local/lib/python3.10/dist-packages/airflow/example_dags/example_branch_python_dop_operator_3.py
[2023-12-06T19:01:11.174+0000] {processor.py:839} INFO - DAG(s) dict_keys(['example_branch_dop_operator_v3']) retrieved from /usr/local/lib/python3.10/dist-packages/airflow/example_dags/example_branch_python_dop_operator_3.py
[2023-12-06T19:01:11.192+0000] {logging_mixin.py:154} INFO - [2023-12-06T19:01:11.192+0000] {dag.py:2941} INFO - Sync 1 DAGs
[2023-12-06T19:01:11.217+0000] {logging_mixin.py:154} INFO - [2023-12-06T19:01:11.217+0000] {dag.py:3722} INFO - Setting next_dagrun for example_branch_dop_operator_v3 to 2023-12-06T19:00:00+00:00, run_after=2023-12-06T19:01:00+00:00
[2023-12-06T19:01:11.242+0000] {processor.py:179} INFO - Processing /usr/local/lib/python3.10/dist-packages/airflow/example_dags/example_branch_python_dop_operator_3.py took 0.086 seconds
[2023-12-06T19:02:01.241+0000] {processor.py:157} INFO - Started process (PID=6510) to work on /usr/local/lib/python3.10/dist-packages/airflow/example_dags/example_branch_python_dop_operator_3.py
[2023-12-06T19:02:01.243+0000] {processor.py:829} INFO - Processing file /usr/local/lib/python3.10/dist-packages/airflow/example_dags/example_branch_python_dop_operator_3.py for tasks to queue
[2023-12-06T19:02:01.244+0000] {logging_mixin.py:154} INFO - [2023-12-06T19:02:01.244+0000] {dagbag.py:536} INFO - Filling up the DagBag from /usr/local/lib/python3.10/dist-packages/airflow/example_dags/example_branch_python_dop_operator_3.py
[2023-12-06T19:02:01.255+0000] {processor.py:839} INFO - DAG(s) dict_keys(['example_branch_dop_operator_v3']) retrieved from /usr/local/lib/python3.10/dist-packages/airflow/example_dags/example_branch_python_dop_operator_3.py
[2023-12-06T19:02:01.283+0000] {logging_mixin.py:154} INFO - [2023-12-06T19:02:01.283+0000] {dag.py:2941} INFO - Sync 1 DAGs
[2023-12-06T19:02:01.315+0000] {logging_mixin.py:154} INFO - [2023-12-06T19:02:01.314+0000] {dag.py:3722} INFO - Setting next_dagrun for example_branch_dop_operator_v3 to 2023-12-06T19:01:00+00:00, run_after=2023-12-06T19:02:00+00:00
[2023-12-06T19:02:01.340+0000] {processor.py:179} INFO - Processing /usr/local/lib/python3.10/dist-packages/airflow/example_dags/example_branch_python_dop_operator_3.py took 0.103 seconds
[2023-12-06T19:02:44.822+0000] {processor.py:157} INFO - Started process (PID=6557) to work on /usr/local/lib/python3.10/dist-packages/airflow/example_dags/example_branch_python_dop_operator_3.py
[2023-12-06T19:02:44.824+0000] {processor.py:829} INFO - Processing file /usr/local/lib/python3.10/dist-packages/airflow/example_dags/example_branch_python_dop_operator_3.py for tasks to queue
[2023-12-06T19:02:44.825+0000] {logging_mixin.py:154} INFO - [2023-12-06T19:02:44.825+0000] {dagbag.py:536} INFO - Filling up the DagBag from /usr/local/lib/python3.10/dist-packages/airflow/example_dags/example_branch_python_dop_operator_3.py
[2023-12-06T19:02:44.835+0000] {processor.py:839} INFO - DAG(s) dict_keys(['example_branch_dop_operator_v3']) retrieved from /usr/local/lib/python3.10/dist-packages/airflow/example_dags/example_branch_python_dop_operator_3.py
[2023-12-06T19:02:44.853+0000] {logging_mixin.py:154} INFO - [2023-12-06T19:02:44.853+0000] {dag.py:2941} INFO - Sync 1 DAGs
[2023-12-06T19:02:44.879+0000] {logging_mixin.py:154} INFO - [2023-12-06T19:02:44.878+0000] {dag.py:3722} INFO - Setting next_dagrun for example_branch_dop_operator_v3 to 2023-12-06T19:01:00+00:00, run_after=2023-12-06T19:02:00+00:00
[2023-12-06T19:02:44.907+0000] {processor.py:179} INFO - Processing /usr/local/lib/python3.10/dist-packages/airflow/example_dags/example_branch_python_dop_operator_3.py took 0.089 seconds
[2023-12-06T19:03:31.214+0000] {processor.py:157} INFO - Started process (PID=6603) to work on /usr/local/lib/python3.10/dist-packages/airflow/example_dags/example_branch_python_dop_operator_3.py
[2023-12-06T19:03:31.216+0000] {processor.py:829} INFO - Processing file /usr/local/lib/python3.10/dist-packages/airflow/example_dags/example_branch_python_dop_operator_3.py for tasks to queue
[2023-12-06T19:03:31.217+0000] {logging_mixin.py:154} INFO - [2023-12-06T19:03:31.216+0000] {dagbag.py:536} INFO - Filling up the DagBag from /usr/local/lib/python3.10/dist-packages/airflow/example_dags/example_branch_python_dop_operator_3.py
[2023-12-06T19:03:31.227+0000] {processor.py:839} INFO - DAG(s) dict_keys(['example_branch_dop_operator_v3']) retrieved from /usr/local/lib/python3.10/dist-packages/airflow/example_dags/example_branch_python_dop_operator_3.py
[2023-12-06T19:03:31.245+0000] {logging_mixin.py:154} INFO - [2023-12-06T19:03:31.245+0000] {dag.py:2941} INFO - Sync 1 DAGs
[2023-12-06T19:03:31.271+0000] {logging_mixin.py:154} INFO - [2023-12-06T19:03:31.271+0000] {dag.py:3722} INFO - Setting next_dagrun for example_branch_dop_operator_v3 to 2023-12-06T19:02:00+00:00, run_after=2023-12-06T19:03:00+00:00
[2023-12-06T19:03:31.294+0000] {processor.py:179} INFO - Processing /usr/local/lib/python3.10/dist-packages/airflow/example_dags/example_branch_python_dop_operator_3.py took 0.083 seconds
[2023-12-06T19:04:19.897+0000] {processor.py:157} INFO - Started process (PID=6652) to work on /usr/local/lib/python3.10/dist-packages/airflow/example_dags/example_branch_python_dop_operator_3.py
[2023-12-06T19:04:19.898+0000] {processor.py:829} INFO - Processing file /usr/local/lib/python3.10/dist-packages/airflow/example_dags/example_branch_python_dop_operator_3.py for tasks to queue
[2023-12-06T19:04:19.899+0000] {logging_mixin.py:154} INFO - [2023-12-06T19:04:19.899+0000] {dagbag.py:536} INFO - Filling up the DagBag from /usr/local/lib/python3.10/dist-packages/airflow/example_dags/example_branch_python_dop_operator_3.py
[2023-12-06T19:04:19.910+0000] {processor.py:839} INFO - DAG(s) dict_keys(['example_branch_dop_operator_v3']) retrieved from /usr/local/lib/python3.10/dist-packages/airflow/example_dags/example_branch_python_dop_operator_3.py
[2023-12-06T19:04:19.928+0000] {logging_mixin.py:154} INFO - [2023-12-06T19:04:19.928+0000] {dag.py:2941} INFO - Sync 1 DAGs
[2023-12-06T19:04:19.953+0000] {logging_mixin.py:154} INFO - [2023-12-06T19:04:19.953+0000] {dag.py:3722} INFO - Setting next_dagrun for example_branch_dop_operator_v3 to 2023-12-06T19:03:00+00:00, run_after=2023-12-06T19:04:00+00:00
[2023-12-06T19:04:19.977+0000] {processor.py:179} INFO - Processing /usr/local/lib/python3.10/dist-packages/airflow/example_dags/example_branch_python_dop_operator_3.py took 0.083 seconds
[2023-12-06T19:05:08.642+0000] {processor.py:157} INFO - Started process (PID=6871) to work on /usr/local/lib/python3.10/dist-packages/airflow/example_dags/example_branch_python_dop_operator_3.py
[2023-12-06T19:05:08.644+0000] {processor.py:829} INFO - Processing file /usr/local/lib/python3.10/dist-packages/airflow/example_dags/example_branch_python_dop_operator_3.py for tasks to queue
[2023-12-06T19:05:08.645+0000] {logging_mixin.py:154} INFO - [2023-12-06T19:05:08.644+0000] {dagbag.py:536} INFO - Filling up the DagBag from /usr/local/lib/python3.10/dist-packages/airflow/example_dags/example_branch_python_dop_operator_3.py
[2023-12-06T19:05:08.655+0000] {processor.py:839} INFO - DAG(s) dict_keys(['example_branch_dop_operator_v3']) retrieved from /usr/local/lib/python3.10/dist-packages/airflow/example_dags/example_branch_python_dop_operator_3.py
[2023-12-06T19:05:08.674+0000] {logging_mixin.py:154} INFO - [2023-12-06T19:05:08.673+0000] {dag.py:2941} INFO - Sync 1 DAGs
[2023-12-06T19:05:08.700+0000] {logging_mixin.py:154} INFO - [2023-12-06T19:05:08.700+0000] {dag.py:3722} INFO - Setting next_dagrun for example_branch_dop_operator_v3 to 2023-12-06T19:04:00+00:00, run_after=2023-12-06T19:05:00+00:00
[2023-12-06T19:05:08.730+0000] {processor.py:179} INFO - Processing /usr/local/lib/python3.10/dist-packages/airflow/example_dags/example_branch_python_dop_operator_3.py took 0.092 seconds
[2023-12-06T19:05:58.000+0000] {processor.py:157} INFO - Started process (PID=6921) to work on /usr/local/lib/python3.10/dist-packages/airflow/example_dags/example_branch_python_dop_operator_3.py
[2023-12-06T19:05:58.002+0000] {processor.py:829} INFO - Processing file /usr/local/lib/python3.10/dist-packages/airflow/example_dags/example_branch_python_dop_operator_3.py for tasks to queue
[2023-12-06T19:05:58.003+0000] {logging_mixin.py:154} INFO - [2023-12-06T19:05:58.002+0000] {dagbag.py:536} INFO - Filling up the DagBag from /usr/local/lib/python3.10/dist-packages/airflow/example_dags/example_branch_python_dop_operator_3.py
[2023-12-06T19:05:58.013+0000] {processor.py:839} INFO - DAG(s) dict_keys(['example_branch_dop_operator_v3']) retrieved from /usr/local/lib/python3.10/dist-packages/airflow/example_dags/example_branch_python_dop_operator_3.py
[2023-12-06T19:05:58.030+0000] {logging_mixin.py:154} INFO - [2023-12-06T19:05:58.030+0000] {dag.py:2941} INFO - Sync 1 DAGs
[2023-12-06T19:05:58.056+0000] {logging_mixin.py:154} INFO - [2023-12-06T19:05:58.056+0000] {dag.py:3722} INFO - Setting next_dagrun for example_branch_dop_operator_v3 to 2023-12-06T19:04:00+00:00, run_after=2023-12-06T19:05:00+00:00
[2023-12-06T19:05:58.083+0000] {processor.py:179} INFO - Processing /usr/local/lib/python3.10/dist-packages/airflow/example_dags/example_branch_python_dop_operator_3.py took 0.087 seconds
[2023-12-06T19:06:44.343+0000] {processor.py:157} INFO - Started process (PID=6969) to work on /usr/local/lib/python3.10/dist-packages/airflow/example_dags/example_branch_python_dop_operator_3.py
[2023-12-06T19:06:44.345+0000] {processor.py:829} INFO - Processing file /usr/local/lib/python3.10/dist-packages/airflow/example_dags/example_branch_python_dop_operator_3.py for tasks to queue
[2023-12-06T19:06:44.346+0000] {logging_mixin.py:154} INFO - [2023-12-06T19:06:44.346+0000] {dagbag.py:536} INFO - Filling up the DagBag from /usr/local/lib/python3.10/dist-packages/airflow/example_dags/example_branch_python_dop_operator_3.py
[2023-12-06T19:06:44.356+0000] {processor.py:839} INFO - DAG(s) dict_keys(['example_branch_dop_operator_v3']) retrieved from /usr/local/lib/python3.10/dist-packages/airflow/example_dags/example_branch_python_dop_operator_3.py
[2023-12-06T19:06:44.374+0000] {logging_mixin.py:154} INFO - [2023-12-06T19:06:44.374+0000] {dag.py:2941} INFO - Sync 1 DAGs
[2023-12-06T19:06:44.399+0000] {logging_mixin.py:154} INFO - [2023-12-06T19:06:44.399+0000] {dag.py:3722} INFO - Setting next_dagrun for example_branch_dop_operator_v3 to 2023-12-06T19:05:00+00:00, run_after=2023-12-06T19:06:00+00:00
[2023-12-06T19:06:44.426+0000] {processor.py:179} INFO - Processing /usr/local/lib/python3.10/dist-packages/airflow/example_dags/example_branch_python_dop_operator_3.py took 0.086 seconds
[2023-12-06T19:07:33.784+0000] {processor.py:157} INFO - Started process (PID=7017) to work on /usr/local/lib/python3.10/dist-packages/airflow/example_dags/example_branch_python_dop_operator_3.py
[2023-12-06T19:07:33.786+0000] {processor.py:829} INFO - Processing file /usr/local/lib/python3.10/dist-packages/airflow/example_dags/example_branch_python_dop_operator_3.py for tasks to queue
[2023-12-06T19:07:33.787+0000] {logging_mixin.py:154} INFO - [2023-12-06T19:07:33.787+0000] {dagbag.py:536} INFO - Filling up the DagBag from /usr/local/lib/python3.10/dist-packages/airflow/example_dags/example_branch_python_dop_operator_3.py
[2023-12-06T19:07:33.798+0000] {processor.py:839} INFO - DAG(s) dict_keys(['example_branch_dop_operator_v3']) retrieved from /usr/local/lib/python3.10/dist-packages/airflow/example_dags/example_branch_python_dop_operator_3.py
[2023-12-06T19:07:33.816+0000] {logging_mixin.py:154} INFO - [2023-12-06T19:07:33.816+0000] {dag.py:2941} INFO - Sync 1 DAGs
[2023-12-06T19:07:33.848+0000] {logging_mixin.py:154} INFO - [2023-12-06T19:07:33.848+0000] {dag.py:3722} INFO - Setting next_dagrun for example_branch_dop_operator_v3 to 2023-12-06T19:06:00+00:00, run_after=2023-12-06T19:07:00+00:00
[2023-12-06T19:07:33.876+0000] {processor.py:179} INFO - Processing /usr/local/lib/python3.10/dist-packages/airflow/example_dags/example_branch_python_dop_operator_3.py took 0.096 seconds
