[2023-12-06T18:22:31.482+0000] {processor.py:157} INFO - Started process (PID=3705) to work on /usr/local/lib/python3.10/dist-packages/airflow/example_dags/example_branch_operator_decorator.py
[2023-12-06T18:22:31.483+0000] {processor.py:829} INFO - Processing file /usr/local/lib/python3.10/dist-packages/airflow/example_dags/example_branch_operator_decorator.py for tasks to queue
[2023-12-06T18:22:31.484+0000] {logging_mixin.py:154} INFO - [2023-12-06T18:22:31.483+0000] {dagbag.py:536} INFO - Filling up the DagBag from /usr/local/lib/python3.10/dist-packages/airflow/example_dags/example_branch_operator_decorator.py
[2023-12-06T18:22:31.496+0000] {processor.py:839} INFO - DAG(s) dict_keys(['example_branch_python_operator_decorator']) retrieved from /usr/local/lib/python3.10/dist-packages/airflow/example_dags/example_branch_operator_decorator.py
[2023-12-06T18:22:31.609+0000] {logging_mixin.py:154} INFO - [2023-12-06T18:22:31.609+0000] {manager.py:499} INFO - Created Permission View: %s
[2023-12-06T18:22:31.624+0000] {logging_mixin.py:154} INFO - [2023-12-06T18:22:31.624+0000] {manager.py:499} INFO - Created Permission View: %s
[2023-12-06T18:22:31.633+0000] {logging_mixin.py:154} INFO - [2023-12-06T18:22:31.633+0000] {manager.py:499} INFO - Created Permission View: %s
[2023-12-06T18:22:31.634+0000] {logging_mixin.py:154} INFO - [2023-12-06T18:22:31.633+0000] {dag.py:2941} INFO - Sync 1 DAGs
[2023-12-06T18:22:31.644+0000] {logging_mixin.py:154} INFO - [2023-12-06T18:22:31.644+0000] {dag.py:2963} INFO - Creating ORM DAG for example_branch_python_operator_decorator
[2023-12-06T18:22:31.654+0000] {logging_mixin.py:154} INFO - [2023-12-06T18:22:31.654+0000] {dag.py:3722} INFO - Setting next_dagrun for example_branch_python_operator_decorator to 2023-12-05T00:00:00+00:00, run_after=2023-12-06T00:00:00+00:00
[2023-12-06T18:22:31.714+0000] {processor.py:179} INFO - Processing /usr/local/lib/python3.10/dist-packages/airflow/example_dags/example_branch_operator_decorator.py took 0.236 seconds
[2023-12-06T18:23:24.677+0000] {processor.py:157} INFO - Started process (PID=3763) to work on /usr/local/lib/python3.10/dist-packages/airflow/example_dags/example_branch_operator_decorator.py
[2023-12-06T18:23:24.679+0000] {processor.py:829} INFO - Processing file /usr/local/lib/python3.10/dist-packages/airflow/example_dags/example_branch_operator_decorator.py for tasks to queue
[2023-12-06T18:23:24.680+0000] {logging_mixin.py:154} INFO - [2023-12-06T18:23:24.679+0000] {dagbag.py:536} INFO - Filling up the DagBag from /usr/local/lib/python3.10/dist-packages/airflow/example_dags/example_branch_operator_decorator.py
[2023-12-06T18:23:24.691+0000] {processor.py:839} INFO - DAG(s) dict_keys(['example_branch_python_operator_decorator']) retrieved from /usr/local/lib/python3.10/dist-packages/airflow/example_dags/example_branch_operator_decorator.py
[2023-12-06T18:23:24.711+0000] {logging_mixin.py:154} INFO - [2023-12-06T18:23:24.711+0000] {dag.py:2941} INFO - Sync 1 DAGs
[2023-12-06T18:23:24.735+0000] {logging_mixin.py:154} INFO - [2023-12-06T18:23:24.735+0000] {dag.py:3722} INFO - Setting next_dagrun for example_branch_python_operator_decorator to 2023-12-05T00:00:00+00:00, run_after=2023-12-06T00:00:00+00:00
[2023-12-06T18:23:24.758+0000] {processor.py:179} INFO - Processing /usr/local/lib/python3.10/dist-packages/airflow/example_dags/example_branch_operator_decorator.py took 0.084 seconds
[2023-12-06T18:24:13.694+0000] {processor.py:157} INFO - Started process (PID=3813) to work on /usr/local/lib/python3.10/dist-packages/airflow/example_dags/example_branch_operator_decorator.py
[2023-12-06T18:24:13.696+0000] {processor.py:829} INFO - Processing file /usr/local/lib/python3.10/dist-packages/airflow/example_dags/example_branch_operator_decorator.py for tasks to queue
[2023-12-06T18:24:13.696+0000] {logging_mixin.py:154} INFO - [2023-12-06T18:24:13.696+0000] {dagbag.py:536} INFO - Filling up the DagBag from /usr/local/lib/python3.10/dist-packages/airflow/example_dags/example_branch_operator_decorator.py
[2023-12-06T18:24:13.709+0000] {processor.py:839} INFO - DAG(s) dict_keys(['example_branch_python_operator_decorator']) retrieved from /usr/local/lib/python3.10/dist-packages/airflow/example_dags/example_branch_operator_decorator.py
[2023-12-06T18:24:13.729+0000] {logging_mixin.py:154} INFO - [2023-12-06T18:24:13.729+0000] {dag.py:2941} INFO - Sync 1 DAGs
[2023-12-06T18:24:13.751+0000] {logging_mixin.py:154} INFO - [2023-12-06T18:24:13.751+0000] {dag.py:3722} INFO - Setting next_dagrun for example_branch_python_operator_decorator to 2023-12-05T00:00:00+00:00, run_after=2023-12-06T00:00:00+00:00
[2023-12-06T18:24:13.774+0000] {processor.py:179} INFO - Processing /usr/local/lib/python3.10/dist-packages/airflow/example_dags/example_branch_operator_decorator.py took 0.087 seconds
[2023-12-06T18:25:03.692+0000] {processor.py:157} INFO - Started process (PID=3865) to work on /usr/local/lib/python3.10/dist-packages/airflow/example_dags/example_branch_operator_decorator.py
[2023-12-06T18:25:03.693+0000] {processor.py:829} INFO - Processing file /usr/local/lib/python3.10/dist-packages/airflow/example_dags/example_branch_operator_decorator.py for tasks to queue
[2023-12-06T18:25:03.694+0000] {logging_mixin.py:154} INFO - [2023-12-06T18:25:03.693+0000] {dagbag.py:536} INFO - Filling up the DagBag from /usr/local/lib/python3.10/dist-packages/airflow/example_dags/example_branch_operator_decorator.py
[2023-12-06T18:25:03.706+0000] {processor.py:839} INFO - DAG(s) dict_keys(['example_branch_python_operator_decorator']) retrieved from /usr/local/lib/python3.10/dist-packages/airflow/example_dags/example_branch_operator_decorator.py
[2023-12-06T18:25:03.726+0000] {logging_mixin.py:154} INFO - [2023-12-06T18:25:03.726+0000] {dag.py:2941} INFO - Sync 1 DAGs
[2023-12-06T18:25:03.750+0000] {logging_mixin.py:154} INFO - [2023-12-06T18:25:03.749+0000] {dag.py:3722} INFO - Setting next_dagrun for example_branch_python_operator_decorator to 2023-12-05T00:00:00+00:00, run_after=2023-12-06T00:00:00+00:00
[2023-12-06T18:25:03.775+0000] {processor.py:179} INFO - Processing /usr/local/lib/python3.10/dist-packages/airflow/example_dags/example_branch_operator_decorator.py took 0.087 seconds
[2023-12-06T18:25:46.966+0000] {processor.py:157} INFO - Started process (PID=3913) to work on /usr/local/lib/python3.10/dist-packages/airflow/example_dags/example_branch_operator_decorator.py
[2023-12-06T18:25:46.973+0000] {processor.py:829} INFO - Processing file /usr/local/lib/python3.10/dist-packages/airflow/example_dags/example_branch_operator_decorator.py for tasks to queue
[2023-12-06T18:25:46.974+0000] {logging_mixin.py:154} INFO - [2023-12-06T18:25:46.974+0000] {dagbag.py:536} INFO - Filling up the DagBag from /usr/local/lib/python3.10/dist-packages/airflow/example_dags/example_branch_operator_decorator.py
[2023-12-06T18:25:46.986+0000] {processor.py:839} INFO - DAG(s) dict_keys(['example_branch_python_operator_decorator']) retrieved from /usr/local/lib/python3.10/dist-packages/airflow/example_dags/example_branch_operator_decorator.py
[2023-12-06T18:25:47.006+0000] {logging_mixin.py:154} INFO - [2023-12-06T18:25:47.005+0000] {dag.py:2941} INFO - Sync 1 DAGs
[2023-12-06T18:25:47.028+0000] {logging_mixin.py:154} INFO - [2023-12-06T18:25:47.027+0000] {dag.py:3722} INFO - Setting next_dagrun for example_branch_python_operator_decorator to 2023-12-05T00:00:00+00:00, run_after=2023-12-06T00:00:00+00:00
[2023-12-06T18:25:47.049+0000] {processor.py:179} INFO - Processing /usr/local/lib/python3.10/dist-packages/airflow/example_dags/example_branch_operator_decorator.py took 0.087 seconds
[2023-12-06T18:26:35.002+0000] {processor.py:157} INFO - Started process (PID=3960) to work on /usr/local/lib/python3.10/dist-packages/airflow/example_dags/example_branch_operator_decorator.py
[2023-12-06T18:26:35.003+0000] {processor.py:829} INFO - Processing file /usr/local/lib/python3.10/dist-packages/airflow/example_dags/example_branch_operator_decorator.py for tasks to queue
[2023-12-06T18:26:35.004+0000] {logging_mixin.py:154} INFO - [2023-12-06T18:26:35.004+0000] {dagbag.py:536} INFO - Filling up the DagBag from /usr/local/lib/python3.10/dist-packages/airflow/example_dags/example_branch_operator_decorator.py
[2023-12-06T18:26:35.019+0000] {processor.py:839} INFO - DAG(s) dict_keys(['example_branch_python_operator_decorator']) retrieved from /usr/local/lib/python3.10/dist-packages/airflow/example_dags/example_branch_operator_decorator.py
[2023-12-06T18:26:35.039+0000] {logging_mixin.py:154} INFO - [2023-12-06T18:26:35.038+0000] {dag.py:2941} INFO - Sync 1 DAGs
[2023-12-06T18:26:35.060+0000] {logging_mixin.py:154} INFO - [2023-12-06T18:26:35.060+0000] {dag.py:3722} INFO - Setting next_dagrun for example_branch_python_operator_decorator to 2023-12-05T00:00:00+00:00, run_after=2023-12-06T00:00:00+00:00
[2023-12-06T18:26:35.083+0000] {processor.py:179} INFO - Processing /usr/local/lib/python3.10/dist-packages/airflow/example_dags/example_branch_operator_decorator.py took 0.089 seconds
[2023-12-06T18:27:20.061+0000] {processor.py:157} INFO - Started process (PID=4008) to work on /usr/local/lib/python3.10/dist-packages/airflow/example_dags/example_branch_operator_decorator.py
[2023-12-06T18:27:20.062+0000] {processor.py:829} INFO - Processing file /usr/local/lib/python3.10/dist-packages/airflow/example_dags/example_branch_operator_decorator.py for tasks to queue
[2023-12-06T18:27:20.063+0000] {logging_mixin.py:154} INFO - [2023-12-06T18:27:20.063+0000] {dagbag.py:536} INFO - Filling up the DagBag from /usr/local/lib/python3.10/dist-packages/airflow/example_dags/example_branch_operator_decorator.py
[2023-12-06T18:27:20.075+0000] {processor.py:839} INFO - DAG(s) dict_keys(['example_branch_python_operator_decorator']) retrieved from /usr/local/lib/python3.10/dist-packages/airflow/example_dags/example_branch_operator_decorator.py
[2023-12-06T18:27:20.094+0000] {logging_mixin.py:154} INFO - [2023-12-06T18:27:20.094+0000] {dag.py:2941} INFO - Sync 1 DAGs
[2023-12-06T18:27:20.116+0000] {logging_mixin.py:154} INFO - [2023-12-06T18:27:20.115+0000] {dag.py:3722} INFO - Setting next_dagrun for example_branch_python_operator_decorator to 2023-12-05T00:00:00+00:00, run_after=2023-12-06T00:00:00+00:00
[2023-12-06T18:27:20.137+0000] {processor.py:179} INFO - Processing /usr/local/lib/python3.10/dist-packages/airflow/example_dags/example_branch_operator_decorator.py took 0.079 seconds
[2023-12-06T18:28:03.018+0000] {processor.py:157} INFO - Started process (PID=4054) to work on /usr/local/lib/python3.10/dist-packages/airflow/example_dags/example_branch_operator_decorator.py
[2023-12-06T18:28:03.019+0000] {processor.py:829} INFO - Processing file /usr/local/lib/python3.10/dist-packages/airflow/example_dags/example_branch_operator_decorator.py for tasks to queue
[2023-12-06T18:28:03.020+0000] {logging_mixin.py:154} INFO - [2023-12-06T18:28:03.020+0000] {dagbag.py:536} INFO - Filling up the DagBag from /usr/local/lib/python3.10/dist-packages/airflow/example_dags/example_branch_operator_decorator.py
[2023-12-06T18:28:03.032+0000] {processor.py:839} INFO - DAG(s) dict_keys(['example_branch_python_operator_decorator']) retrieved from /usr/local/lib/python3.10/dist-packages/airflow/example_dags/example_branch_operator_decorator.py
[2023-12-06T18:28:03.053+0000] {logging_mixin.py:154} INFO - [2023-12-06T18:28:03.052+0000] {dag.py:2941} INFO - Sync 1 DAGs
[2023-12-06T18:28:03.075+0000] {logging_mixin.py:154} INFO - [2023-12-06T18:28:03.075+0000] {dag.py:3722} INFO - Setting next_dagrun for example_branch_python_operator_decorator to 2023-12-05T00:00:00+00:00, run_after=2023-12-06T00:00:00+00:00
[2023-12-06T18:28:03.099+0000] {processor.py:179} INFO - Processing /usr/local/lib/python3.10/dist-packages/airflow/example_dags/example_branch_operator_decorator.py took 0.085 seconds
[2023-12-06T18:28:49.315+0000] {processor.py:157} INFO - Started process (PID=4100) to work on /usr/local/lib/python3.10/dist-packages/airflow/example_dags/example_branch_operator_decorator.py
[2023-12-06T18:28:49.316+0000] {processor.py:829} INFO - Processing file /usr/local/lib/python3.10/dist-packages/airflow/example_dags/example_branch_operator_decorator.py for tasks to queue
[2023-12-06T18:28:49.317+0000] {logging_mixin.py:154} INFO - [2023-12-06T18:28:49.317+0000] {dagbag.py:536} INFO - Filling up the DagBag from /usr/local/lib/python3.10/dist-packages/airflow/example_dags/example_branch_operator_decorator.py
[2023-12-06T18:28:49.329+0000] {processor.py:839} INFO - DAG(s) dict_keys(['example_branch_python_operator_decorator']) retrieved from /usr/local/lib/python3.10/dist-packages/airflow/example_dags/example_branch_operator_decorator.py
[2023-12-06T18:28:49.348+0000] {logging_mixin.py:154} INFO - [2023-12-06T18:28:49.348+0000] {dag.py:2941} INFO - Sync 1 DAGs
[2023-12-06T18:28:49.370+0000] {logging_mixin.py:154} INFO - [2023-12-06T18:28:49.370+0000] {dag.py:3722} INFO - Setting next_dagrun for example_branch_python_operator_decorator to 2023-12-05T00:00:00+00:00, run_after=2023-12-06T00:00:00+00:00
[2023-12-06T18:28:49.391+0000] {processor.py:179} INFO - Processing /usr/local/lib/python3.10/dist-packages/airflow/example_dags/example_branch_operator_decorator.py took 0.080 seconds
[2023-12-06T18:29:35.499+0000] {processor.py:157} INFO - Started process (PID=4149) to work on /usr/local/lib/python3.10/dist-packages/airflow/example_dags/example_branch_operator_decorator.py
[2023-12-06T18:29:35.501+0000] {processor.py:829} INFO - Processing file /usr/local/lib/python3.10/dist-packages/airflow/example_dags/example_branch_operator_decorator.py for tasks to queue
[2023-12-06T18:29:35.502+0000] {logging_mixin.py:154} INFO - [2023-12-06T18:29:35.502+0000] {dagbag.py:536} INFO - Filling up the DagBag from /usr/local/lib/python3.10/dist-packages/airflow/example_dags/example_branch_operator_decorator.py
[2023-12-06T18:29:35.514+0000] {processor.py:839} INFO - DAG(s) dict_keys(['example_branch_python_operator_decorator']) retrieved from /usr/local/lib/python3.10/dist-packages/airflow/example_dags/example_branch_operator_decorator.py
[2023-12-06T18:29:35.534+0000] {logging_mixin.py:154} INFO - [2023-12-06T18:29:35.534+0000] {dag.py:2941} INFO - Sync 1 DAGs
[2023-12-06T18:29:35.557+0000] {logging_mixin.py:154} INFO - [2023-12-06T18:29:35.557+0000] {dag.py:3722} INFO - Setting next_dagrun for example_branch_python_operator_decorator to 2023-12-05T00:00:00+00:00, run_after=2023-12-06T00:00:00+00:00
[2023-12-06T18:29:35.580+0000] {processor.py:179} INFO - Processing /usr/local/lib/python3.10/dist-packages/airflow/example_dags/example_branch_operator_decorator.py took 0.084 seconds
[2023-12-06T18:30:19.910+0000] {processor.py:157} INFO - Started process (PID=4195) to work on /usr/local/lib/python3.10/dist-packages/airflow/example_dags/example_branch_operator_decorator.py
[2023-12-06T18:30:19.911+0000] {processor.py:829} INFO - Processing file /usr/local/lib/python3.10/dist-packages/airflow/example_dags/example_branch_operator_decorator.py for tasks to queue
[2023-12-06T18:30:19.912+0000] {logging_mixin.py:154} INFO - [2023-12-06T18:30:19.912+0000] {dagbag.py:536} INFO - Filling up the DagBag from /usr/local/lib/python3.10/dist-packages/airflow/example_dags/example_branch_operator_decorator.py
[2023-12-06T18:30:19.923+0000] {processor.py:839} INFO - DAG(s) dict_keys(['example_branch_python_operator_decorator']) retrieved from /usr/local/lib/python3.10/dist-packages/airflow/example_dags/example_branch_operator_decorator.py
[2023-12-06T18:30:19.943+0000] {logging_mixin.py:154} INFO - [2023-12-06T18:30:19.943+0000] {dag.py:2941} INFO - Sync 1 DAGs
[2023-12-06T18:30:19.964+0000] {logging_mixin.py:154} INFO - [2023-12-06T18:30:19.964+0000] {dag.py:3722} INFO - Setting next_dagrun for example_branch_python_operator_decorator to 2023-12-05T00:00:00+00:00, run_after=2023-12-06T00:00:00+00:00
[2023-12-06T18:30:19.986+0000] {processor.py:179} INFO - Processing /usr/local/lib/python3.10/dist-packages/airflow/example_dags/example_branch_operator_decorator.py took 0.080 seconds
[2023-12-06T18:31:04.929+0000] {processor.py:157} INFO - Started process (PID=4243) to work on /usr/local/lib/python3.10/dist-packages/airflow/example_dags/example_branch_operator_decorator.py
[2023-12-06T18:31:04.931+0000] {processor.py:829} INFO - Processing file /usr/local/lib/python3.10/dist-packages/airflow/example_dags/example_branch_operator_decorator.py for tasks to queue
[2023-12-06T18:31:04.932+0000] {logging_mixin.py:154} INFO - [2023-12-06T18:31:04.931+0000] {dagbag.py:536} INFO - Filling up the DagBag from /usr/local/lib/python3.10/dist-packages/airflow/example_dags/example_branch_operator_decorator.py
[2023-12-06T18:31:04.943+0000] {processor.py:839} INFO - DAG(s) dict_keys(['example_branch_python_operator_decorator']) retrieved from /usr/local/lib/python3.10/dist-packages/airflow/example_dags/example_branch_operator_decorator.py
[2023-12-06T18:31:04.964+0000] {logging_mixin.py:154} INFO - [2023-12-06T18:31:04.963+0000] {dag.py:2941} INFO - Sync 1 DAGs
[2023-12-06T18:31:04.986+0000] {logging_mixin.py:154} INFO - [2023-12-06T18:31:04.986+0000] {dag.py:3722} INFO - Setting next_dagrun for example_branch_python_operator_decorator to 2023-12-05T00:00:00+00:00, run_after=2023-12-06T00:00:00+00:00
[2023-12-06T18:31:05.009+0000] {processor.py:179} INFO - Processing /usr/local/lib/python3.10/dist-packages/airflow/example_dags/example_branch_operator_decorator.py took 0.083 seconds
[2023-12-06T18:31:47.346+0000] {processor.py:157} INFO - Started process (PID=4289) to work on /usr/local/lib/python3.10/dist-packages/airflow/example_dags/example_branch_operator_decorator.py
[2023-12-06T18:31:47.348+0000] {processor.py:829} INFO - Processing file /usr/local/lib/python3.10/dist-packages/airflow/example_dags/example_branch_operator_decorator.py for tasks to queue
[2023-12-06T18:31:47.348+0000] {logging_mixin.py:154} INFO - [2023-12-06T18:31:47.348+0000] {dagbag.py:536} INFO - Filling up the DagBag from /usr/local/lib/python3.10/dist-packages/airflow/example_dags/example_branch_operator_decorator.py
[2023-12-06T18:31:47.360+0000] {processor.py:839} INFO - DAG(s) dict_keys(['example_branch_python_operator_decorator']) retrieved from /usr/local/lib/python3.10/dist-packages/airflow/example_dags/example_branch_operator_decorator.py
[2023-12-06T18:31:47.380+0000] {logging_mixin.py:154} INFO - [2023-12-06T18:31:47.380+0000] {dag.py:2941} INFO - Sync 1 DAGs
[2023-12-06T18:31:47.402+0000] {logging_mixin.py:154} INFO - [2023-12-06T18:31:47.402+0000] {dag.py:3722} INFO - Setting next_dagrun for example_branch_python_operator_decorator to 2023-12-05T00:00:00+00:00, run_after=2023-12-06T00:00:00+00:00
[2023-12-06T18:31:47.427+0000] {processor.py:179} INFO - Processing /usr/local/lib/python3.10/dist-packages/airflow/example_dags/example_branch_operator_decorator.py took 0.085 seconds
[2023-12-06T18:32:44.198+0000] {processor.py:157} INFO - Started process (PID=4347) to work on /usr/local/lib/python3.10/dist-packages/airflow/example_dags/example_branch_operator_decorator.py
[2023-12-06T18:32:44.201+0000] {processor.py:829} INFO - Processing file /usr/local/lib/python3.10/dist-packages/airflow/example_dags/example_branch_operator_decorator.py for tasks to queue
[2023-12-06T18:32:44.202+0000] {logging_mixin.py:154} INFO - [2023-12-06T18:32:44.202+0000] {dagbag.py:536} INFO - Filling up the DagBag from /usr/local/lib/python3.10/dist-packages/airflow/example_dags/example_branch_operator_decorator.py
[2023-12-06T18:32:44.215+0000] {processor.py:839} INFO - DAG(s) dict_keys(['example_branch_python_operator_decorator']) retrieved from /usr/local/lib/python3.10/dist-packages/airflow/example_dags/example_branch_operator_decorator.py
[2023-12-06T18:32:44.235+0000] {logging_mixin.py:154} INFO - [2023-12-06T18:32:44.235+0000] {dag.py:2941} INFO - Sync 1 DAGs
[2023-12-06T18:32:44.257+0000] {logging_mixin.py:154} INFO - [2023-12-06T18:32:44.257+0000] {dag.py:3722} INFO - Setting next_dagrun for example_branch_python_operator_decorator to 2023-12-05T00:00:00+00:00, run_after=2023-12-06T00:00:00+00:00
[2023-12-06T18:32:44.280+0000] {processor.py:179} INFO - Processing /usr/local/lib/python3.10/dist-packages/airflow/example_dags/example_branch_operator_decorator.py took 0.086 seconds
[2023-12-06T18:33:31.843+0000] {processor.py:157} INFO - Started process (PID=4395) to work on /usr/local/lib/python3.10/dist-packages/airflow/example_dags/example_branch_operator_decorator.py
[2023-12-06T18:33:31.844+0000] {processor.py:829} INFO - Processing file /usr/local/lib/python3.10/dist-packages/airflow/example_dags/example_branch_operator_decorator.py for tasks to queue
[2023-12-06T18:33:31.845+0000] {logging_mixin.py:154} INFO - [2023-12-06T18:33:31.845+0000] {dagbag.py:536} INFO - Filling up the DagBag from /usr/local/lib/python3.10/dist-packages/airflow/example_dags/example_branch_operator_decorator.py
[2023-12-06T18:33:31.857+0000] {processor.py:839} INFO - DAG(s) dict_keys(['example_branch_python_operator_decorator']) retrieved from /usr/local/lib/python3.10/dist-packages/airflow/example_dags/example_branch_operator_decorator.py
[2023-12-06T18:33:31.876+0000] {logging_mixin.py:154} INFO - [2023-12-06T18:33:31.876+0000] {dag.py:2941} INFO - Sync 1 DAGs
[2023-12-06T18:33:31.898+0000] {logging_mixin.py:154} INFO - [2023-12-06T18:33:31.898+0000] {dag.py:3722} INFO - Setting next_dagrun for example_branch_python_operator_decorator to 2023-12-05T00:00:00+00:00, run_after=2023-12-06T00:00:00+00:00
[2023-12-06T18:33:31.928+0000] {processor.py:179} INFO - Processing /usr/local/lib/python3.10/dist-packages/airflow/example_dags/example_branch_operator_decorator.py took 0.089 seconds
[2023-12-06T18:34:18.147+0000] {processor.py:157} INFO - Started process (PID=4442) to work on /usr/local/lib/python3.10/dist-packages/airflow/example_dags/example_branch_operator_decorator.py
[2023-12-06T18:34:18.149+0000] {processor.py:829} INFO - Processing file /usr/local/lib/python3.10/dist-packages/airflow/example_dags/example_branch_operator_decorator.py for tasks to queue
[2023-12-06T18:34:18.149+0000] {logging_mixin.py:154} INFO - [2023-12-06T18:34:18.149+0000] {dagbag.py:536} INFO - Filling up the DagBag from /usr/local/lib/python3.10/dist-packages/airflow/example_dags/example_branch_operator_decorator.py
[2023-12-06T18:34:18.162+0000] {processor.py:839} INFO - DAG(s) dict_keys(['example_branch_python_operator_decorator']) retrieved from /usr/local/lib/python3.10/dist-packages/airflow/example_dags/example_branch_operator_decorator.py
[2023-12-06T18:34:18.182+0000] {logging_mixin.py:154} INFO - [2023-12-06T18:34:18.181+0000] {dag.py:2941} INFO - Sync 1 DAGs
[2023-12-06T18:34:18.203+0000] {logging_mixin.py:154} INFO - [2023-12-06T18:34:18.203+0000] {dag.py:3722} INFO - Setting next_dagrun for example_branch_python_operator_decorator to 2023-12-05T00:00:00+00:00, run_after=2023-12-06T00:00:00+00:00
[2023-12-06T18:34:18.225+0000] {processor.py:179} INFO - Processing /usr/local/lib/python3.10/dist-packages/airflow/example_dags/example_branch_operator_decorator.py took 0.082 seconds
[2023-12-06T18:35:05.522+0000] {processor.py:157} INFO - Started process (PID=4490) to work on /usr/local/lib/python3.10/dist-packages/airflow/example_dags/example_branch_operator_decorator.py
[2023-12-06T18:35:05.524+0000] {processor.py:829} INFO - Processing file /usr/local/lib/python3.10/dist-packages/airflow/example_dags/example_branch_operator_decorator.py for tasks to queue
[2023-12-06T18:35:05.525+0000] {logging_mixin.py:154} INFO - [2023-12-06T18:35:05.525+0000] {dagbag.py:536} INFO - Filling up the DagBag from /usr/local/lib/python3.10/dist-packages/airflow/example_dags/example_branch_operator_decorator.py
[2023-12-06T18:35:05.537+0000] {processor.py:839} INFO - DAG(s) dict_keys(['example_branch_python_operator_decorator']) retrieved from /usr/local/lib/python3.10/dist-packages/airflow/example_dags/example_branch_operator_decorator.py
[2023-12-06T18:35:05.557+0000] {logging_mixin.py:154} INFO - [2023-12-06T18:35:05.557+0000] {dag.py:2941} INFO - Sync 1 DAGs
[2023-12-06T18:35:05.580+0000] {logging_mixin.py:154} INFO - [2023-12-06T18:35:05.579+0000] {dag.py:3722} INFO - Setting next_dagrun for example_branch_python_operator_decorator to 2023-12-05T00:00:00+00:00, run_after=2023-12-06T00:00:00+00:00
[2023-12-06T18:35:05.603+0000] {processor.py:179} INFO - Processing /usr/local/lib/python3.10/dist-packages/airflow/example_dags/example_branch_operator_decorator.py took 0.084 seconds
[2023-12-06T18:35:51.484+0000] {processor.py:157} INFO - Started process (PID=4540) to work on /usr/local/lib/python3.10/dist-packages/airflow/example_dags/example_branch_operator_decorator.py
[2023-12-06T18:35:51.485+0000] {processor.py:829} INFO - Processing file /usr/local/lib/python3.10/dist-packages/airflow/example_dags/example_branch_operator_decorator.py for tasks to queue
[2023-12-06T18:35:51.486+0000] {logging_mixin.py:154} INFO - [2023-12-06T18:35:51.485+0000] {dagbag.py:536} INFO - Filling up the DagBag from /usr/local/lib/python3.10/dist-packages/airflow/example_dags/example_branch_operator_decorator.py
[2023-12-06T18:35:51.497+0000] {processor.py:839} INFO - DAG(s) dict_keys(['example_branch_python_operator_decorator']) retrieved from /usr/local/lib/python3.10/dist-packages/airflow/example_dags/example_branch_operator_decorator.py
[2023-12-06T18:35:51.529+0000] {logging_mixin.py:154} INFO - [2023-12-06T18:35:51.525+0000] {dag.py:2941} INFO - Sync 1 DAGs
[2023-12-06T18:35:51.553+0000] {logging_mixin.py:154} INFO - [2023-12-06T18:35:51.553+0000] {dag.py:3722} INFO - Setting next_dagrun for example_branch_python_operator_decorator to 2023-12-05T00:00:00+00:00, run_after=2023-12-06T00:00:00+00:00
[2023-12-06T18:35:51.576+0000] {processor.py:179} INFO - Processing /usr/local/lib/python3.10/dist-packages/airflow/example_dags/example_branch_operator_decorator.py took 0.096 seconds
[2023-12-06T18:36:37.939+0000] {processor.py:157} INFO - Started process (PID=4586) to work on /usr/local/lib/python3.10/dist-packages/airflow/example_dags/example_branch_operator_decorator.py
[2023-12-06T18:36:37.941+0000] {processor.py:829} INFO - Processing file /usr/local/lib/python3.10/dist-packages/airflow/example_dags/example_branch_operator_decorator.py for tasks to queue
[2023-12-06T18:36:37.942+0000] {logging_mixin.py:154} INFO - [2023-12-06T18:36:37.941+0000] {dagbag.py:536} INFO - Filling up the DagBag from /usr/local/lib/python3.10/dist-packages/airflow/example_dags/example_branch_operator_decorator.py
[2023-12-06T18:36:37.953+0000] {processor.py:839} INFO - DAG(s) dict_keys(['example_branch_python_operator_decorator']) retrieved from /usr/local/lib/python3.10/dist-packages/airflow/example_dags/example_branch_operator_decorator.py
[2023-12-06T18:36:37.973+0000] {logging_mixin.py:154} INFO - [2023-12-06T18:36:37.973+0000] {dag.py:2941} INFO - Sync 1 DAGs
[2023-12-06T18:36:38.001+0000] {logging_mixin.py:154} INFO - [2023-12-06T18:36:38.000+0000] {dag.py:3722} INFO - Setting next_dagrun for example_branch_python_operator_decorator to 2023-12-05T00:00:00+00:00, run_after=2023-12-06T00:00:00+00:00
[2023-12-06T18:36:38.027+0000] {processor.py:179} INFO - Processing /usr/local/lib/python3.10/dist-packages/airflow/example_dags/example_branch_operator_decorator.py took 0.092 seconds
[2023-12-06T18:37:22.866+0000] {processor.py:157} INFO - Started process (PID=4634) to work on /usr/local/lib/python3.10/dist-packages/airflow/example_dags/example_branch_operator_decorator.py
[2023-12-06T18:37:22.868+0000] {processor.py:829} INFO - Processing file /usr/local/lib/python3.10/dist-packages/airflow/example_dags/example_branch_operator_decorator.py for tasks to queue
[2023-12-06T18:37:22.869+0000] {logging_mixin.py:154} INFO - [2023-12-06T18:37:22.868+0000] {dagbag.py:536} INFO - Filling up the DagBag from /usr/local/lib/python3.10/dist-packages/airflow/example_dags/example_branch_operator_decorator.py
[2023-12-06T18:37:22.880+0000] {processor.py:839} INFO - DAG(s) dict_keys(['example_branch_python_operator_decorator']) retrieved from /usr/local/lib/python3.10/dist-packages/airflow/example_dags/example_branch_operator_decorator.py
[2023-12-06T18:37:22.900+0000] {logging_mixin.py:154} INFO - [2023-12-06T18:37:22.900+0000] {dag.py:2941} INFO - Sync 1 DAGs
[2023-12-06T18:37:22.922+0000] {logging_mixin.py:154} INFO - [2023-12-06T18:37:22.922+0000] {dag.py:3722} INFO - Setting next_dagrun for example_branch_python_operator_decorator to 2023-12-05T00:00:00+00:00, run_after=2023-12-06T00:00:00+00:00
[2023-12-06T18:37:22.946+0000] {processor.py:179} INFO - Processing /usr/local/lib/python3.10/dist-packages/airflow/example_dags/example_branch_operator_decorator.py took 0.083 seconds
[2023-12-06T18:38:09.254+0000] {processor.py:157} INFO - Started process (PID=4681) to work on /usr/local/lib/python3.10/dist-packages/airflow/example_dags/example_branch_operator_decorator.py
[2023-12-06T18:38:09.255+0000] {processor.py:829} INFO - Processing file /usr/local/lib/python3.10/dist-packages/airflow/example_dags/example_branch_operator_decorator.py for tasks to queue
[2023-12-06T18:38:09.256+0000] {logging_mixin.py:154} INFO - [2023-12-06T18:38:09.256+0000] {dagbag.py:536} INFO - Filling up the DagBag from /usr/local/lib/python3.10/dist-packages/airflow/example_dags/example_branch_operator_decorator.py
[2023-12-06T18:38:09.268+0000] {processor.py:839} INFO - DAG(s) dict_keys(['example_branch_python_operator_decorator']) retrieved from /usr/local/lib/python3.10/dist-packages/airflow/example_dags/example_branch_operator_decorator.py
[2023-12-06T18:38:09.288+0000] {logging_mixin.py:154} INFO - [2023-12-06T18:38:09.288+0000] {dag.py:2941} INFO - Sync 1 DAGs
[2023-12-06T18:38:09.311+0000] {logging_mixin.py:154} INFO - [2023-12-06T18:38:09.311+0000] {dag.py:3722} INFO - Setting next_dagrun for example_branch_python_operator_decorator to 2023-12-05T00:00:00+00:00, run_after=2023-12-06T00:00:00+00:00
[2023-12-06T18:38:09.333+0000] {processor.py:179} INFO - Processing /usr/local/lib/python3.10/dist-packages/airflow/example_dags/example_branch_operator_decorator.py took 0.083 seconds
[2023-12-06T18:38:57.948+0000] {processor.py:157} INFO - Started process (PID=4729) to work on /usr/local/lib/python3.10/dist-packages/airflow/example_dags/example_branch_operator_decorator.py
[2023-12-06T18:38:57.950+0000] {processor.py:829} INFO - Processing file /usr/local/lib/python3.10/dist-packages/airflow/example_dags/example_branch_operator_decorator.py for tasks to queue
[2023-12-06T18:38:57.951+0000] {logging_mixin.py:154} INFO - [2023-12-06T18:38:57.950+0000] {dagbag.py:536} INFO - Filling up the DagBag from /usr/local/lib/python3.10/dist-packages/airflow/example_dags/example_branch_operator_decorator.py
[2023-12-06T18:38:57.962+0000] {processor.py:839} INFO - DAG(s) dict_keys(['example_branch_python_operator_decorator']) retrieved from /usr/local/lib/python3.10/dist-packages/airflow/example_dags/example_branch_operator_decorator.py
[2023-12-06T18:38:57.982+0000] {logging_mixin.py:154} INFO - [2023-12-06T18:38:57.982+0000] {dag.py:2941} INFO - Sync 1 DAGs
[2023-12-06T18:38:58.010+0000] {logging_mixin.py:154} INFO - [2023-12-06T18:38:58.010+0000] {dag.py:3722} INFO - Setting next_dagrun for example_branch_python_operator_decorator to 2023-12-05T00:00:00+00:00, run_after=2023-12-06T00:00:00+00:00
[2023-12-06T18:38:58.032+0000] {processor.py:179} INFO - Processing /usr/local/lib/python3.10/dist-packages/airflow/example_dags/example_branch_operator_decorator.py took 0.088 seconds
[2023-12-06T18:39:45.091+0000] {processor.py:157} INFO - Started process (PID=4777) to work on /usr/local/lib/python3.10/dist-packages/airflow/example_dags/example_branch_operator_decorator.py
[2023-12-06T18:39:45.092+0000] {processor.py:829} INFO - Processing file /usr/local/lib/python3.10/dist-packages/airflow/example_dags/example_branch_operator_decorator.py for tasks to queue
[2023-12-06T18:39:45.093+0000] {logging_mixin.py:154} INFO - [2023-12-06T18:39:45.093+0000] {dagbag.py:536} INFO - Filling up the DagBag from /usr/local/lib/python3.10/dist-packages/airflow/example_dags/example_branch_operator_decorator.py
[2023-12-06T18:39:45.105+0000] {processor.py:839} INFO - DAG(s) dict_keys(['example_branch_python_operator_decorator']) retrieved from /usr/local/lib/python3.10/dist-packages/airflow/example_dags/example_branch_operator_decorator.py
[2023-12-06T18:39:45.125+0000] {logging_mixin.py:154} INFO - [2023-12-06T18:39:45.125+0000] {dag.py:2941} INFO - Sync 1 DAGs
[2023-12-06T18:39:45.148+0000] {logging_mixin.py:154} INFO - [2023-12-06T18:39:45.147+0000] {dag.py:3722} INFO - Setting next_dagrun for example_branch_python_operator_decorator to 2023-12-05T00:00:00+00:00, run_after=2023-12-06T00:00:00+00:00
[2023-12-06T18:39:45.170+0000] {processor.py:179} INFO - Processing /usr/local/lib/python3.10/dist-packages/airflow/example_dags/example_branch_operator_decorator.py took 0.083 seconds
[2023-12-06T18:40:36.247+0000] {processor.py:157} INFO - Started process (PID=4827) to work on /usr/local/lib/python3.10/dist-packages/airflow/example_dags/example_branch_operator_decorator.py
[2023-12-06T18:40:36.249+0000] {processor.py:829} INFO - Processing file /usr/local/lib/python3.10/dist-packages/airflow/example_dags/example_branch_operator_decorator.py for tasks to queue
[2023-12-06T18:40:36.249+0000] {logging_mixin.py:154} INFO - [2023-12-06T18:40:36.249+0000] {dagbag.py:536} INFO - Filling up the DagBag from /usr/local/lib/python3.10/dist-packages/airflow/example_dags/example_branch_operator_decorator.py
[2023-12-06T18:40:36.261+0000] {processor.py:839} INFO - DAG(s) dict_keys(['example_branch_python_operator_decorator']) retrieved from /usr/local/lib/python3.10/dist-packages/airflow/example_dags/example_branch_operator_decorator.py
[2023-12-06T18:40:36.281+0000] {logging_mixin.py:154} INFO - [2023-12-06T18:40:36.281+0000] {dag.py:2941} INFO - Sync 1 DAGs
[2023-12-06T18:40:36.304+0000] {logging_mixin.py:154} INFO - [2023-12-06T18:40:36.303+0000] {dag.py:3722} INFO - Setting next_dagrun for example_branch_python_operator_decorator to 2023-12-05T00:00:00+00:00, run_after=2023-12-06T00:00:00+00:00
[2023-12-06T18:40:36.325+0000] {processor.py:179} INFO - Processing /usr/local/lib/python3.10/dist-packages/airflow/example_dags/example_branch_operator_decorator.py took 0.082 seconds
[2023-12-06T18:41:26.569+0000] {processor.py:157} INFO - Started process (PID=4878) to work on /usr/local/lib/python3.10/dist-packages/airflow/example_dags/example_branch_operator_decorator.py
[2023-12-06T18:41:26.570+0000] {processor.py:829} INFO - Processing file /usr/local/lib/python3.10/dist-packages/airflow/example_dags/example_branch_operator_decorator.py for tasks to queue
[2023-12-06T18:41:26.571+0000] {logging_mixin.py:154} INFO - [2023-12-06T18:41:26.570+0000] {dagbag.py:536} INFO - Filling up the DagBag from /usr/local/lib/python3.10/dist-packages/airflow/example_dags/example_branch_operator_decorator.py
[2023-12-06T18:41:26.583+0000] {processor.py:839} INFO - DAG(s) dict_keys(['example_branch_python_operator_decorator']) retrieved from /usr/local/lib/python3.10/dist-packages/airflow/example_dags/example_branch_operator_decorator.py
[2023-12-06T18:41:26.602+0000] {logging_mixin.py:154} INFO - [2023-12-06T18:41:26.602+0000] {dag.py:2941} INFO - Sync 1 DAGs
[2023-12-06T18:41:26.624+0000] {logging_mixin.py:154} INFO - [2023-12-06T18:41:26.624+0000] {dag.py:3722} INFO - Setting next_dagrun for example_branch_python_operator_decorator to 2023-12-05T00:00:00+00:00, run_after=2023-12-06T00:00:00+00:00
[2023-12-06T18:41:26.645+0000] {processor.py:179} INFO - Processing /usr/local/lib/python3.10/dist-packages/airflow/example_dags/example_branch_operator_decorator.py took 0.080 seconds
[2023-12-06T18:42:11.571+0000] {processor.py:157} INFO - Started process (PID=4925) to work on /usr/local/lib/python3.10/dist-packages/airflow/example_dags/example_branch_operator_decorator.py
[2023-12-06T18:42:11.573+0000] {processor.py:829} INFO - Processing file /usr/local/lib/python3.10/dist-packages/airflow/example_dags/example_branch_operator_decorator.py for tasks to queue
[2023-12-06T18:42:11.574+0000] {logging_mixin.py:154} INFO - [2023-12-06T18:42:11.573+0000] {dagbag.py:536} INFO - Filling up the DagBag from /usr/local/lib/python3.10/dist-packages/airflow/example_dags/example_branch_operator_decorator.py
[2023-12-06T18:42:11.586+0000] {processor.py:839} INFO - DAG(s) dict_keys(['example_branch_python_operator_decorator']) retrieved from /usr/local/lib/python3.10/dist-packages/airflow/example_dags/example_branch_operator_decorator.py
[2023-12-06T18:42:11.606+0000] {logging_mixin.py:154} INFO - [2023-12-06T18:42:11.606+0000] {dag.py:2941} INFO - Sync 1 DAGs
[2023-12-06T18:42:11.629+0000] {logging_mixin.py:154} INFO - [2023-12-06T18:42:11.629+0000] {dag.py:3722} INFO - Setting next_dagrun for example_branch_python_operator_decorator to 2023-12-05T00:00:00+00:00, run_after=2023-12-06T00:00:00+00:00
[2023-12-06T18:42:11.653+0000] {processor.py:179} INFO - Processing /usr/local/lib/python3.10/dist-packages/airflow/example_dags/example_branch_operator_decorator.py took 0.085 seconds
[2023-12-06T18:43:01.330+0000] {processor.py:157} INFO - Started process (PID=4973) to work on /usr/local/lib/python3.10/dist-packages/airflow/example_dags/example_branch_operator_decorator.py
[2023-12-06T18:43:01.332+0000] {processor.py:829} INFO - Processing file /usr/local/lib/python3.10/dist-packages/airflow/example_dags/example_branch_operator_decorator.py for tasks to queue
[2023-12-06T18:43:01.332+0000] {logging_mixin.py:154} INFO - [2023-12-06T18:43:01.332+0000] {dagbag.py:536} INFO - Filling up the DagBag from /usr/local/lib/python3.10/dist-packages/airflow/example_dags/example_branch_operator_decorator.py
[2023-12-06T18:43:01.344+0000] {processor.py:839} INFO - DAG(s) dict_keys(['example_branch_python_operator_decorator']) retrieved from /usr/local/lib/python3.10/dist-packages/airflow/example_dags/example_branch_operator_decorator.py
[2023-12-06T18:43:01.365+0000] {logging_mixin.py:154} INFO - [2023-12-06T18:43:01.365+0000] {dag.py:2941} INFO - Sync 1 DAGs
[2023-12-06T18:43:01.388+0000] {logging_mixin.py:154} INFO - [2023-12-06T18:43:01.388+0000] {dag.py:3722} INFO - Setting next_dagrun for example_branch_python_operator_decorator to 2023-12-05T00:00:00+00:00, run_after=2023-12-06T00:00:00+00:00
[2023-12-06T18:43:01.412+0000] {processor.py:179} INFO - Processing /usr/local/lib/python3.10/dist-packages/airflow/example_dags/example_branch_operator_decorator.py took 0.086 seconds
[2023-12-06T18:43:53.783+0000] {processor.py:157} INFO - Started process (PID=5026) to work on /usr/local/lib/python3.10/dist-packages/airflow/example_dags/example_branch_operator_decorator.py
[2023-12-06T18:43:53.784+0000] {processor.py:829} INFO - Processing file /usr/local/lib/python3.10/dist-packages/airflow/example_dags/example_branch_operator_decorator.py for tasks to queue
[2023-12-06T18:43:53.785+0000] {logging_mixin.py:154} INFO - [2023-12-06T18:43:53.785+0000] {dagbag.py:536} INFO - Filling up the DagBag from /usr/local/lib/python3.10/dist-packages/airflow/example_dags/example_branch_operator_decorator.py
[2023-12-06T18:43:53.796+0000] {processor.py:839} INFO - DAG(s) dict_keys(['example_branch_python_operator_decorator']) retrieved from /usr/local/lib/python3.10/dist-packages/airflow/example_dags/example_branch_operator_decorator.py
[2023-12-06T18:43:53.816+0000] {logging_mixin.py:154} INFO - [2023-12-06T18:43:53.816+0000] {dag.py:2941} INFO - Sync 1 DAGs
[2023-12-06T18:43:53.838+0000] {logging_mixin.py:154} INFO - [2023-12-06T18:43:53.838+0000] {dag.py:3722} INFO - Setting next_dagrun for example_branch_python_operator_decorator to 2023-12-05T00:00:00+00:00, run_after=2023-12-06T00:00:00+00:00
[2023-12-06T18:43:53.862+0000] {processor.py:179} INFO - Processing /usr/local/lib/python3.10/dist-packages/airflow/example_dags/example_branch_operator_decorator.py took 0.083 seconds
[2023-12-06T18:44:43.083+0000] {processor.py:157} INFO - Started process (PID=5075) to work on /usr/local/lib/python3.10/dist-packages/airflow/example_dags/example_branch_operator_decorator.py
[2023-12-06T18:44:43.084+0000] {processor.py:829} INFO - Processing file /usr/local/lib/python3.10/dist-packages/airflow/example_dags/example_branch_operator_decorator.py for tasks to queue
[2023-12-06T18:44:43.085+0000] {logging_mixin.py:154} INFO - [2023-12-06T18:44:43.085+0000] {dagbag.py:536} INFO - Filling up the DagBag from /usr/local/lib/python3.10/dist-packages/airflow/example_dags/example_branch_operator_decorator.py
[2023-12-06T18:44:43.096+0000] {processor.py:839} INFO - DAG(s) dict_keys(['example_branch_python_operator_decorator']) retrieved from /usr/local/lib/python3.10/dist-packages/airflow/example_dags/example_branch_operator_decorator.py
[2023-12-06T18:44:43.116+0000] {logging_mixin.py:154} INFO - [2023-12-06T18:44:43.116+0000] {dag.py:2941} INFO - Sync 1 DAGs
[2023-12-06T18:44:43.138+0000] {logging_mixin.py:154} INFO - [2023-12-06T18:44:43.138+0000] {dag.py:3722} INFO - Setting next_dagrun for example_branch_python_operator_decorator to 2023-12-05T00:00:00+00:00, run_after=2023-12-06T00:00:00+00:00
[2023-12-06T18:44:43.161+0000] {processor.py:179} INFO - Processing /usr/local/lib/python3.10/dist-packages/airflow/example_dags/example_branch_operator_decorator.py took 0.082 seconds
[2023-12-06T18:45:27.373+0000] {processor.py:157} INFO - Started process (PID=5121) to work on /usr/local/lib/python3.10/dist-packages/airflow/example_dags/example_branch_operator_decorator.py
[2023-12-06T18:45:27.375+0000] {processor.py:829} INFO - Processing file /usr/local/lib/python3.10/dist-packages/airflow/example_dags/example_branch_operator_decorator.py for tasks to queue
[2023-12-06T18:45:27.376+0000] {logging_mixin.py:154} INFO - [2023-12-06T18:45:27.376+0000] {dagbag.py:536} INFO - Filling up the DagBag from /usr/local/lib/python3.10/dist-packages/airflow/example_dags/example_branch_operator_decorator.py
[2023-12-06T18:45:27.388+0000] {processor.py:839} INFO - DAG(s) dict_keys(['example_branch_python_operator_decorator']) retrieved from /usr/local/lib/python3.10/dist-packages/airflow/example_dags/example_branch_operator_decorator.py
[2023-12-06T18:45:27.409+0000] {logging_mixin.py:154} INFO - [2023-12-06T18:45:27.409+0000] {dag.py:2941} INFO - Sync 1 DAGs
[2023-12-06T18:45:27.432+0000] {logging_mixin.py:154} INFO - [2023-12-06T18:45:27.432+0000] {dag.py:3722} INFO - Setting next_dagrun for example_branch_python_operator_decorator to 2023-12-05T00:00:00+00:00, run_after=2023-12-06T00:00:00+00:00
[2023-12-06T18:45:27.456+0000] {processor.py:179} INFO - Processing /usr/local/lib/python3.10/dist-packages/airflow/example_dags/example_branch_operator_decorator.py took 0.086 seconds
[2023-12-06T18:46:12.806+0000] {processor.py:157} INFO - Started process (PID=5170) to work on /usr/local/lib/python3.10/dist-packages/airflow/example_dags/example_branch_operator_decorator.py
[2023-12-06T18:46:12.808+0000] {processor.py:829} INFO - Processing file /usr/local/lib/python3.10/dist-packages/airflow/example_dags/example_branch_operator_decorator.py for tasks to queue
[2023-12-06T18:46:12.809+0000] {logging_mixin.py:154} INFO - [2023-12-06T18:46:12.808+0000] {dagbag.py:536} INFO - Filling up the DagBag from /usr/local/lib/python3.10/dist-packages/airflow/example_dags/example_branch_operator_decorator.py
[2023-12-06T18:46:12.820+0000] {processor.py:839} INFO - DAG(s) dict_keys(['example_branch_python_operator_decorator']) retrieved from /usr/local/lib/python3.10/dist-packages/airflow/example_dags/example_branch_operator_decorator.py
[2023-12-06T18:46:12.840+0000] {logging_mixin.py:154} INFO - [2023-12-06T18:46:12.840+0000] {dag.py:2941} INFO - Sync 1 DAGs
[2023-12-06T18:46:12.863+0000] {logging_mixin.py:154} INFO - [2023-12-06T18:46:12.862+0000] {dag.py:3722} INFO - Setting next_dagrun for example_branch_python_operator_decorator to 2023-12-05T00:00:00+00:00, run_after=2023-12-06T00:00:00+00:00
[2023-12-06T18:46:12.884+0000] {processor.py:179} INFO - Processing /usr/local/lib/python3.10/dist-packages/airflow/example_dags/example_branch_operator_decorator.py took 0.081 seconds
[2023-12-06T18:46:57.122+0000] {processor.py:157} INFO - Started process (PID=5218) to work on /usr/local/lib/python3.10/dist-packages/airflow/example_dags/example_branch_operator_decorator.py
[2023-12-06T18:46:57.123+0000] {processor.py:829} INFO - Processing file /usr/local/lib/python3.10/dist-packages/airflow/example_dags/example_branch_operator_decorator.py for tasks to queue
[2023-12-06T18:46:57.124+0000] {logging_mixin.py:154} INFO - [2023-12-06T18:46:57.124+0000] {dagbag.py:536} INFO - Filling up the DagBag from /usr/local/lib/python3.10/dist-packages/airflow/example_dags/example_branch_operator_decorator.py
[2023-12-06T18:46:57.136+0000] {processor.py:839} INFO - DAG(s) dict_keys(['example_branch_python_operator_decorator']) retrieved from /usr/local/lib/python3.10/dist-packages/airflow/example_dags/example_branch_operator_decorator.py
[2023-12-06T18:46:57.156+0000] {logging_mixin.py:154} INFO - [2023-12-06T18:46:57.156+0000] {dag.py:2941} INFO - Sync 1 DAGs
[2023-12-06T18:46:57.178+0000] {logging_mixin.py:154} INFO - [2023-12-06T18:46:57.177+0000] {dag.py:3722} INFO - Setting next_dagrun for example_branch_python_operator_decorator to 2023-12-05T00:00:00+00:00, run_after=2023-12-06T00:00:00+00:00
[2023-12-06T18:46:57.200+0000] {processor.py:179} INFO - Processing /usr/local/lib/python3.10/dist-packages/airflow/example_dags/example_branch_operator_decorator.py took 0.082 seconds
[2023-12-06T18:47:47.826+0000] {processor.py:157} INFO - Started process (PID=5270) to work on /usr/local/lib/python3.10/dist-packages/airflow/example_dags/example_branch_operator_decorator.py
[2023-12-06T18:47:47.828+0000] {processor.py:829} INFO - Processing file /usr/local/lib/python3.10/dist-packages/airflow/example_dags/example_branch_operator_decorator.py for tasks to queue
[2023-12-06T18:47:47.829+0000] {logging_mixin.py:154} INFO - [2023-12-06T18:47:47.828+0000] {dagbag.py:536} INFO - Filling up the DagBag from /usr/local/lib/python3.10/dist-packages/airflow/example_dags/example_branch_operator_decorator.py
[2023-12-06T18:47:47.841+0000] {processor.py:839} INFO - DAG(s) dict_keys(['example_branch_python_operator_decorator']) retrieved from /usr/local/lib/python3.10/dist-packages/airflow/example_dags/example_branch_operator_decorator.py
[2023-12-06T18:47:47.861+0000] {logging_mixin.py:154} INFO - [2023-12-06T18:47:47.860+0000] {dag.py:2941} INFO - Sync 1 DAGs
[2023-12-06T18:47:47.883+0000] {logging_mixin.py:154} INFO - [2023-12-06T18:47:47.883+0000] {dag.py:3722} INFO - Setting next_dagrun for example_branch_python_operator_decorator to 2023-12-05T00:00:00+00:00, run_after=2023-12-06T00:00:00+00:00
[2023-12-06T18:47:47.910+0000] {processor.py:179} INFO - Processing /usr/local/lib/python3.10/dist-packages/airflow/example_dags/example_branch_operator_decorator.py took 0.087 seconds
[2023-12-06T18:48:37.734+0000] {processor.py:157} INFO - Started process (PID=5319) to work on /usr/local/lib/python3.10/dist-packages/airflow/example_dags/example_branch_operator_decorator.py
[2023-12-06T18:48:37.736+0000] {processor.py:829} INFO - Processing file /usr/local/lib/python3.10/dist-packages/airflow/example_dags/example_branch_operator_decorator.py for tasks to queue
[2023-12-06T18:48:37.736+0000] {logging_mixin.py:154} INFO - [2023-12-06T18:48:37.736+0000] {dagbag.py:536} INFO - Filling up the DagBag from /usr/local/lib/python3.10/dist-packages/airflow/example_dags/example_branch_operator_decorator.py
[2023-12-06T18:48:37.748+0000] {processor.py:839} INFO - DAG(s) dict_keys(['example_branch_python_operator_decorator']) retrieved from /usr/local/lib/python3.10/dist-packages/airflow/example_dags/example_branch_operator_decorator.py
[2023-12-06T18:48:37.769+0000] {logging_mixin.py:154} INFO - [2023-12-06T18:48:37.768+0000] {dag.py:2941} INFO - Sync 1 DAGs
[2023-12-06T18:48:37.791+0000] {logging_mixin.py:154} INFO - [2023-12-06T18:48:37.791+0000] {dag.py:3722} INFO - Setting next_dagrun for example_branch_python_operator_decorator to 2023-12-05T00:00:00+00:00, run_after=2023-12-06T00:00:00+00:00
[2023-12-06T18:48:37.814+0000] {processor.py:179} INFO - Processing /usr/local/lib/python3.10/dist-packages/airflow/example_dags/example_branch_operator_decorator.py took 0.083 seconds
[2023-12-06T18:49:25.655+0000] {processor.py:157} INFO - Started process (PID=5367) to work on /usr/local/lib/python3.10/dist-packages/airflow/example_dags/example_branch_operator_decorator.py
[2023-12-06T18:49:25.657+0000] {processor.py:829} INFO - Processing file /usr/local/lib/python3.10/dist-packages/airflow/example_dags/example_branch_operator_decorator.py for tasks to queue
[2023-12-06T18:49:25.657+0000] {logging_mixin.py:154} INFO - [2023-12-06T18:49:25.657+0000] {dagbag.py:536} INFO - Filling up the DagBag from /usr/local/lib/python3.10/dist-packages/airflow/example_dags/example_branch_operator_decorator.py
[2023-12-06T18:49:25.669+0000] {processor.py:839} INFO - DAG(s) dict_keys(['example_branch_python_operator_decorator']) retrieved from /usr/local/lib/python3.10/dist-packages/airflow/example_dags/example_branch_operator_decorator.py
[2023-12-06T18:49:25.689+0000] {logging_mixin.py:154} INFO - [2023-12-06T18:49:25.689+0000] {dag.py:2941} INFO - Sync 1 DAGs
[2023-12-06T18:49:25.712+0000] {logging_mixin.py:154} INFO - [2023-12-06T18:49:25.711+0000] {dag.py:3722} INFO - Setting next_dagrun for example_branch_python_operator_decorator to 2023-12-05T00:00:00+00:00, run_after=2023-12-06T00:00:00+00:00
[2023-12-06T18:49:25.735+0000] {processor.py:179} INFO - Processing /usr/local/lib/python3.10/dist-packages/airflow/example_dags/example_branch_operator_decorator.py took 0.084 seconds
[2023-12-06T18:50:18.300+0000] {processor.py:157} INFO - Started process (PID=5424) to work on /usr/local/lib/python3.10/dist-packages/airflow/example_dags/example_branch_operator_decorator.py
[2023-12-06T18:50:18.303+0000] {processor.py:829} INFO - Processing file /usr/local/lib/python3.10/dist-packages/airflow/example_dags/example_branch_operator_decorator.py for tasks to queue
[2023-12-06T18:50:18.304+0000] {logging_mixin.py:154} INFO - [2023-12-06T18:50:18.304+0000] {dagbag.py:536} INFO - Filling up the DagBag from /usr/local/lib/python3.10/dist-packages/airflow/example_dags/example_branch_operator_decorator.py
[2023-12-06T18:50:18.316+0000] {processor.py:839} INFO - DAG(s) dict_keys(['example_branch_python_operator_decorator']) retrieved from /usr/local/lib/python3.10/dist-packages/airflow/example_dags/example_branch_operator_decorator.py
[2023-12-06T18:50:18.336+0000] {logging_mixin.py:154} INFO - [2023-12-06T18:50:18.336+0000] {dag.py:2941} INFO - Sync 1 DAGs
[2023-12-06T18:50:18.358+0000] {logging_mixin.py:154} INFO - [2023-12-06T18:50:18.358+0000] {dag.py:3722} INFO - Setting next_dagrun for example_branch_python_operator_decorator to 2023-12-05T00:00:00+00:00, run_after=2023-12-06T00:00:00+00:00
[2023-12-06T18:50:18.385+0000] {processor.py:179} INFO - Processing /usr/local/lib/python3.10/dist-packages/airflow/example_dags/example_branch_operator_decorator.py took 0.088 seconds
[2023-12-06T18:51:02.898+0000] {processor.py:157} INFO - Started process (PID=5474) to work on /usr/local/lib/python3.10/dist-packages/airflow/example_dags/example_branch_operator_decorator.py
[2023-12-06T18:51:02.900+0000] {processor.py:829} INFO - Processing file /usr/local/lib/python3.10/dist-packages/airflow/example_dags/example_branch_operator_decorator.py for tasks to queue
[2023-12-06T18:51:02.901+0000] {logging_mixin.py:154} INFO - [2023-12-06T18:51:02.901+0000] {dagbag.py:536} INFO - Filling up the DagBag from /usr/local/lib/python3.10/dist-packages/airflow/example_dags/example_branch_operator_decorator.py
[2023-12-06T18:51:02.913+0000] {processor.py:839} INFO - DAG(s) dict_keys(['example_branch_python_operator_decorator']) retrieved from /usr/local/lib/python3.10/dist-packages/airflow/example_dags/example_branch_operator_decorator.py
[2023-12-06T18:51:02.933+0000] {logging_mixin.py:154} INFO - [2023-12-06T18:51:02.933+0000] {dag.py:2941} INFO - Sync 1 DAGs
[2023-12-06T18:51:02.956+0000] {logging_mixin.py:154} INFO - [2023-12-06T18:51:02.956+0000] {dag.py:3722} INFO - Setting next_dagrun for example_branch_python_operator_decorator to 2023-12-05T00:00:00+00:00, run_after=2023-12-06T00:00:00+00:00
[2023-12-06T18:51:02.980+0000] {processor.py:179} INFO - Processing /usr/local/lib/python3.10/dist-packages/airflow/example_dags/example_branch_operator_decorator.py took 0.085 seconds
[2023-12-06T18:51:59.248+0000] {processor.py:157} INFO - Started process (PID=5533) to work on /usr/local/lib/python3.10/dist-packages/airflow/example_dags/example_branch_operator_decorator.py
[2023-12-06T18:51:59.249+0000] {processor.py:829} INFO - Processing file /usr/local/lib/python3.10/dist-packages/airflow/example_dags/example_branch_operator_decorator.py for tasks to queue
[2023-12-06T18:51:59.250+0000] {logging_mixin.py:154} INFO - [2023-12-06T18:51:59.250+0000] {dagbag.py:536} INFO - Filling up the DagBag from /usr/local/lib/python3.10/dist-packages/airflow/example_dags/example_branch_operator_decorator.py
[2023-12-06T18:51:59.262+0000] {processor.py:839} INFO - DAG(s) dict_keys(['example_branch_python_operator_decorator']) retrieved from /usr/local/lib/python3.10/dist-packages/airflow/example_dags/example_branch_operator_decorator.py
[2023-12-06T18:51:59.282+0000] {logging_mixin.py:154} INFO - [2023-12-06T18:51:59.282+0000] {dag.py:2941} INFO - Sync 1 DAGs
[2023-12-06T18:51:59.305+0000] {logging_mixin.py:154} INFO - [2023-12-06T18:51:59.304+0000] {dag.py:3722} INFO - Setting next_dagrun for example_branch_python_operator_decorator to 2023-12-05T00:00:00+00:00, run_after=2023-12-06T00:00:00+00:00
[2023-12-06T18:51:59.326+0000] {processor.py:179} INFO - Processing /usr/local/lib/python3.10/dist-packages/airflow/example_dags/example_branch_operator_decorator.py took 0.082 seconds
[2023-12-06T18:52:47.400+0000] {processor.py:157} INFO - Started process (PID=5582) to work on /usr/local/lib/python3.10/dist-packages/airflow/example_dags/example_branch_operator_decorator.py
[2023-12-06T18:52:47.403+0000] {processor.py:829} INFO - Processing file /usr/local/lib/python3.10/dist-packages/airflow/example_dags/example_branch_operator_decorator.py for tasks to queue
[2023-12-06T18:52:47.404+0000] {logging_mixin.py:154} INFO - [2023-12-06T18:52:47.403+0000] {dagbag.py:536} INFO - Filling up the DagBag from /usr/local/lib/python3.10/dist-packages/airflow/example_dags/example_branch_operator_decorator.py
[2023-12-06T18:52:47.416+0000] {processor.py:839} INFO - DAG(s) dict_keys(['example_branch_python_operator_decorator']) retrieved from /usr/local/lib/python3.10/dist-packages/airflow/example_dags/example_branch_operator_decorator.py
[2023-12-06T18:52:47.436+0000] {logging_mixin.py:154} INFO - [2023-12-06T18:52:47.436+0000] {dag.py:2941} INFO - Sync 1 DAGs
[2023-12-06T18:52:47.458+0000] {logging_mixin.py:154} INFO - [2023-12-06T18:52:47.458+0000] {dag.py:3722} INFO - Setting next_dagrun for example_branch_python_operator_decorator to 2023-12-05T00:00:00+00:00, run_after=2023-12-06T00:00:00+00:00
[2023-12-06T18:52:47.481+0000] {processor.py:179} INFO - Processing /usr/local/lib/python3.10/dist-packages/airflow/example_dags/example_branch_operator_decorator.py took 0.084 seconds
[2023-12-06T18:53:33.744+0000] {processor.py:157} INFO - Started process (PID=5629) to work on /usr/local/lib/python3.10/dist-packages/airflow/example_dags/example_branch_operator_decorator.py
[2023-12-06T18:53:33.745+0000] {processor.py:829} INFO - Processing file /usr/local/lib/python3.10/dist-packages/airflow/example_dags/example_branch_operator_decorator.py for tasks to queue
[2023-12-06T18:53:33.746+0000] {logging_mixin.py:154} INFO - [2023-12-06T18:53:33.746+0000] {dagbag.py:536} INFO - Filling up the DagBag from /usr/local/lib/python3.10/dist-packages/airflow/example_dags/example_branch_operator_decorator.py
[2023-12-06T18:53:33.758+0000] {processor.py:839} INFO - DAG(s) dict_keys(['example_branch_python_operator_decorator']) retrieved from /usr/local/lib/python3.10/dist-packages/airflow/example_dags/example_branch_operator_decorator.py
[2023-12-06T18:53:33.778+0000] {logging_mixin.py:154} INFO - [2023-12-06T18:53:33.778+0000] {dag.py:2941} INFO - Sync 1 DAGs
[2023-12-06T18:53:33.802+0000] {logging_mixin.py:154} INFO - [2023-12-06T18:53:33.802+0000] {dag.py:3722} INFO - Setting next_dagrun for example_branch_python_operator_decorator to 2023-12-05T00:00:00+00:00, run_after=2023-12-06T00:00:00+00:00
[2023-12-06T18:53:33.853+0000] {processor.py:179} INFO - Processing /usr/local/lib/python3.10/dist-packages/airflow/example_dags/example_branch_operator_decorator.py took 0.113 seconds
[2023-12-06T18:54:29.666+0000] {processor.py:157} INFO - Started process (PID=5687) to work on /usr/local/lib/python3.10/dist-packages/airflow/example_dags/example_branch_operator_decorator.py
[2023-12-06T18:54:29.667+0000] {processor.py:829} INFO - Processing file /usr/local/lib/python3.10/dist-packages/airflow/example_dags/example_branch_operator_decorator.py for tasks to queue
[2023-12-06T18:54:29.668+0000] {logging_mixin.py:154} INFO - [2023-12-06T18:54:29.668+0000] {dagbag.py:536} INFO - Filling up the DagBag from /usr/local/lib/python3.10/dist-packages/airflow/example_dags/example_branch_operator_decorator.py
[2023-12-06T18:54:29.680+0000] {processor.py:839} INFO - DAG(s) dict_keys(['example_branch_python_operator_decorator']) retrieved from /usr/local/lib/python3.10/dist-packages/airflow/example_dags/example_branch_operator_decorator.py
[2023-12-06T18:54:29.700+0000] {logging_mixin.py:154} INFO - [2023-12-06T18:54:29.700+0000] {dag.py:2941} INFO - Sync 1 DAGs
[2023-12-06T18:54:29.723+0000] {logging_mixin.py:154} INFO - [2023-12-06T18:54:29.722+0000] {dag.py:3722} INFO - Setting next_dagrun for example_branch_python_operator_decorator to 2023-12-05T00:00:00+00:00, run_after=2023-12-06T00:00:00+00:00
[2023-12-06T18:54:29.745+0000] {processor.py:179} INFO - Processing /usr/local/lib/python3.10/dist-packages/airflow/example_dags/example_branch_operator_decorator.py took 0.083 seconds
[2023-12-06T18:55:15.517+0000] {processor.py:157} INFO - Started process (PID=5736) to work on /usr/local/lib/python3.10/dist-packages/airflow/example_dags/example_branch_operator_decorator.py
[2023-12-06T18:55:15.522+0000] {processor.py:829} INFO - Processing file /usr/local/lib/python3.10/dist-packages/airflow/example_dags/example_branch_operator_decorator.py for tasks to queue
[2023-12-06T18:55:15.522+0000] {logging_mixin.py:154} INFO - [2023-12-06T18:55:15.522+0000] {dagbag.py:536} INFO - Filling up the DagBag from /usr/local/lib/python3.10/dist-packages/airflow/example_dags/example_branch_operator_decorator.py
[2023-12-06T18:55:15.538+0000] {processor.py:839} INFO - DAG(s) dict_keys(['example_branch_python_operator_decorator']) retrieved from /usr/local/lib/python3.10/dist-packages/airflow/example_dags/example_branch_operator_decorator.py
[2023-12-06T18:55:15.558+0000] {logging_mixin.py:154} INFO - [2023-12-06T18:55:15.558+0000] {dag.py:2941} INFO - Sync 1 DAGs
[2023-12-06T18:55:15.580+0000] {logging_mixin.py:154} INFO - [2023-12-06T18:55:15.580+0000] {dag.py:3722} INFO - Setting next_dagrun for example_branch_python_operator_decorator to 2023-12-05T00:00:00+00:00, run_after=2023-12-06T00:00:00+00:00
[2023-12-06T18:55:15.602+0000] {processor.py:179} INFO - Processing /usr/local/lib/python3.10/dist-packages/airflow/example_dags/example_branch_operator_decorator.py took 0.092 seconds
[2023-12-06T18:56:02.265+0000] {processor.py:157} INFO - Started process (PID=5784) to work on /usr/local/lib/python3.10/dist-packages/airflow/example_dags/example_branch_operator_decorator.py
[2023-12-06T18:56:02.267+0000] {processor.py:829} INFO - Processing file /usr/local/lib/python3.10/dist-packages/airflow/example_dags/example_branch_operator_decorator.py for tasks to queue
[2023-12-06T18:56:02.267+0000] {logging_mixin.py:154} INFO - [2023-12-06T18:56:02.267+0000] {dagbag.py:536} INFO - Filling up the DagBag from /usr/local/lib/python3.10/dist-packages/airflow/example_dags/example_branch_operator_decorator.py
[2023-12-06T18:56:02.280+0000] {processor.py:839} INFO - DAG(s) dict_keys(['example_branch_python_operator_decorator']) retrieved from /usr/local/lib/python3.10/dist-packages/airflow/example_dags/example_branch_operator_decorator.py
[2023-12-06T18:56:02.302+0000] {logging_mixin.py:154} INFO - [2023-12-06T18:56:02.302+0000] {dag.py:2941} INFO - Sync 1 DAGs
[2023-12-06T18:56:02.328+0000] {logging_mixin.py:154} INFO - [2023-12-06T18:56:02.327+0000] {dag.py:3722} INFO - Setting next_dagrun for example_branch_python_operator_decorator to 2023-12-05T00:00:00+00:00, run_after=2023-12-06T00:00:00+00:00
[2023-12-06T18:56:02.353+0000] {processor.py:179} INFO - Processing /usr/local/lib/python3.10/dist-packages/airflow/example_dags/example_branch_operator_decorator.py took 0.092 seconds
[2023-12-06T18:56:48.803+0000] {processor.py:157} INFO - Started process (PID=5832) to work on /usr/local/lib/python3.10/dist-packages/airflow/example_dags/example_branch_operator_decorator.py
[2023-12-06T18:56:48.805+0000] {processor.py:829} INFO - Processing file /usr/local/lib/python3.10/dist-packages/airflow/example_dags/example_branch_operator_decorator.py for tasks to queue
[2023-12-06T18:56:48.806+0000] {logging_mixin.py:154} INFO - [2023-12-06T18:56:48.805+0000] {dagbag.py:536} INFO - Filling up the DagBag from /usr/local/lib/python3.10/dist-packages/airflow/example_dags/example_branch_operator_decorator.py
[2023-12-06T18:56:48.823+0000] {processor.py:839} INFO - DAG(s) dict_keys(['example_branch_python_operator_decorator']) retrieved from /usr/local/lib/python3.10/dist-packages/airflow/example_dags/example_branch_operator_decorator.py
[2023-12-06T18:56:48.843+0000] {logging_mixin.py:154} INFO - [2023-12-06T18:56:48.843+0000] {dag.py:2941} INFO - Sync 1 DAGs
[2023-12-06T18:56:48.864+0000] {logging_mixin.py:154} INFO - [2023-12-06T18:56:48.864+0000] {dag.py:3722} INFO - Setting next_dagrun for example_branch_python_operator_decorator to 2023-12-05T00:00:00+00:00, run_after=2023-12-06T00:00:00+00:00
[2023-12-06T18:56:48.886+0000] {processor.py:179} INFO - Processing /usr/local/lib/python3.10/dist-packages/airflow/example_dags/example_branch_operator_decorator.py took 0.086 seconds
[2023-12-06T18:57:35.607+0000] {processor.py:157} INFO - Started process (PID=5881) to work on /usr/local/lib/python3.10/dist-packages/airflow/example_dags/example_branch_operator_decorator.py
[2023-12-06T18:57:35.608+0000] {processor.py:829} INFO - Processing file /usr/local/lib/python3.10/dist-packages/airflow/example_dags/example_branch_operator_decorator.py for tasks to queue
[2023-12-06T18:57:35.609+0000] {logging_mixin.py:154} INFO - [2023-12-06T18:57:35.609+0000] {dagbag.py:536} INFO - Filling up the DagBag from /usr/local/lib/python3.10/dist-packages/airflow/example_dags/example_branch_operator_decorator.py
[2023-12-06T18:57:35.625+0000] {processor.py:839} INFO - DAG(s) dict_keys(['example_branch_python_operator_decorator']) retrieved from /usr/local/lib/python3.10/dist-packages/airflow/example_dags/example_branch_operator_decorator.py
[2023-12-06T18:57:35.651+0000] {logging_mixin.py:154} INFO - [2023-12-06T18:57:35.651+0000] {dag.py:2941} INFO - Sync 1 DAGs
[2023-12-06T18:57:35.673+0000] {logging_mixin.py:154} INFO - [2023-12-06T18:57:35.673+0000] {dag.py:3722} INFO - Setting next_dagrun for example_branch_python_operator_decorator to 2023-12-05T00:00:00+00:00, run_after=2023-12-06T00:00:00+00:00
[2023-12-06T18:57:35.694+0000] {processor.py:179} INFO - Processing /usr/local/lib/python3.10/dist-packages/airflow/example_dags/example_branch_operator_decorator.py took 0.091 seconds
[2023-12-06T18:58:20.618+0000] {processor.py:157} INFO - Started process (PID=5928) to work on /usr/local/lib/python3.10/dist-packages/airflow/example_dags/example_branch_operator_decorator.py
[2023-12-06T18:58:20.619+0000] {processor.py:829} INFO - Processing file /usr/local/lib/python3.10/dist-packages/airflow/example_dags/example_branch_operator_decorator.py for tasks to queue
[2023-12-06T18:58:20.620+0000] {logging_mixin.py:154} INFO - [2023-12-06T18:58:20.620+0000] {dagbag.py:536} INFO - Filling up the DagBag from /usr/local/lib/python3.10/dist-packages/airflow/example_dags/example_branch_operator_decorator.py
[2023-12-06T18:58:20.631+0000] {processor.py:839} INFO - DAG(s) dict_keys(['example_branch_python_operator_decorator']) retrieved from /usr/local/lib/python3.10/dist-packages/airflow/example_dags/example_branch_operator_decorator.py
[2023-12-06T18:58:20.652+0000] {logging_mixin.py:154} INFO - [2023-12-06T18:58:20.651+0000] {dag.py:2941} INFO - Sync 1 DAGs
[2023-12-06T18:58:20.673+0000] {logging_mixin.py:154} INFO - [2023-12-06T18:58:20.673+0000] {dag.py:3722} INFO - Setting next_dagrun for example_branch_python_operator_decorator to 2023-12-05T00:00:00+00:00, run_after=2023-12-06T00:00:00+00:00
[2023-12-06T18:58:20.696+0000] {processor.py:179} INFO - Processing /usr/local/lib/python3.10/dist-packages/airflow/example_dags/example_branch_operator_decorator.py took 0.082 seconds
[2023-12-06T18:59:06.026+0000] {processor.py:157} INFO - Started process (PID=5974) to work on /usr/local/lib/python3.10/dist-packages/airflow/example_dags/example_branch_operator_decorator.py
[2023-12-06T18:59:06.027+0000] {processor.py:829} INFO - Processing file /usr/local/lib/python3.10/dist-packages/airflow/example_dags/example_branch_operator_decorator.py for tasks to queue
[2023-12-06T18:59:06.028+0000] {logging_mixin.py:154} INFO - [2023-12-06T18:59:06.028+0000] {dagbag.py:536} INFO - Filling up the DagBag from /usr/local/lib/python3.10/dist-packages/airflow/example_dags/example_branch_operator_decorator.py
[2023-12-06T18:59:06.040+0000] {processor.py:839} INFO - DAG(s) dict_keys(['example_branch_python_operator_decorator']) retrieved from /usr/local/lib/python3.10/dist-packages/airflow/example_dags/example_branch_operator_decorator.py
[2023-12-06T18:59:06.061+0000] {logging_mixin.py:154} INFO - [2023-12-06T18:59:06.061+0000] {dag.py:2941} INFO - Sync 1 DAGs
[2023-12-06T18:59:06.084+0000] {logging_mixin.py:154} INFO - [2023-12-06T18:59:06.083+0000] {dag.py:3722} INFO - Setting next_dagrun for example_branch_python_operator_decorator to 2023-12-05T00:00:00+00:00, run_after=2023-12-06T00:00:00+00:00
[2023-12-06T18:59:06.121+0000] {processor.py:179} INFO - Processing /usr/local/lib/python3.10/dist-packages/airflow/example_dags/example_branch_operator_decorator.py took 0.099 seconds
[2023-12-06T18:59:50.495+0000] {processor.py:157} INFO - Started process (PID=6040) to work on /usr/local/lib/python3.10/dist-packages/airflow/example_dags/example_branch_operator_decorator.py
[2023-12-06T18:59:50.497+0000] {processor.py:829} INFO - Processing file /usr/local/lib/python3.10/dist-packages/airflow/example_dags/example_branch_operator_decorator.py for tasks to queue
[2023-12-06T18:59:50.498+0000] {logging_mixin.py:154} INFO - [2023-12-06T18:59:50.498+0000] {dagbag.py:536} INFO - Filling up the DagBag from /usr/local/lib/python3.10/dist-packages/airflow/example_dags/example_branch_operator_decorator.py
[2023-12-06T18:59:50.521+0000] {processor.py:839} INFO - DAG(s) dict_keys(['example_branch_python_operator_decorator']) retrieved from /usr/local/lib/python3.10/dist-packages/airflow/example_dags/example_branch_operator_decorator.py
[2023-12-06T18:59:50.559+0000] {logging_mixin.py:154} INFO - [2023-12-06T18:59:50.559+0000] {dag.py:2941} INFO - Sync 1 DAGs
[2023-12-06T18:59:50.602+0000] {logging_mixin.py:154} INFO - [2023-12-06T18:59:50.602+0000] {dag.py:3722} INFO - Setting next_dagrun for example_branch_python_operator_decorator to 2023-12-05T00:00:00+00:00, run_after=2023-12-06T00:00:00+00:00
[2023-12-06T18:59:50.630+0000] {processor.py:179} INFO - Processing /usr/local/lib/python3.10/dist-packages/airflow/example_dags/example_branch_operator_decorator.py took 0.139 seconds
[2023-12-06T19:00:43.835+0000] {processor.py:157} INFO - Started process (PID=6377) to work on /usr/local/lib/python3.10/dist-packages/airflow/example_dags/example_branch_operator_decorator.py
[2023-12-06T19:00:43.837+0000] {processor.py:829} INFO - Processing file /usr/local/lib/python3.10/dist-packages/airflow/example_dags/example_branch_operator_decorator.py for tasks to queue
[2023-12-06T19:00:43.838+0000] {logging_mixin.py:154} INFO - [2023-12-06T19:00:43.837+0000] {dagbag.py:536} INFO - Filling up the DagBag from /usr/local/lib/python3.10/dist-packages/airflow/example_dags/example_branch_operator_decorator.py
[2023-12-06T19:00:43.850+0000] {processor.py:839} INFO - DAG(s) dict_keys(['example_branch_python_operator_decorator']) retrieved from /usr/local/lib/python3.10/dist-packages/airflow/example_dags/example_branch_operator_decorator.py
[2023-12-06T19:00:43.870+0000] {logging_mixin.py:154} INFO - [2023-12-06T19:00:43.870+0000] {dag.py:2941} INFO - Sync 1 DAGs
[2023-12-06T19:00:43.893+0000] {logging_mixin.py:154} INFO - [2023-12-06T19:00:43.892+0000] {dag.py:3722} INFO - Setting next_dagrun for example_branch_python_operator_decorator to 2023-12-05T00:00:00+00:00, run_after=2023-12-06T00:00:00+00:00
[2023-12-06T19:00:43.917+0000] {processor.py:179} INFO - Processing /usr/local/lib/python3.10/dist-packages/airflow/example_dags/example_branch_operator_decorator.py took 0.086 seconds
[2023-12-06T19:01:32.963+0000] {processor.py:157} INFO - Started process (PID=6481) to work on /usr/local/lib/python3.10/dist-packages/airflow/example_dags/example_branch_operator_decorator.py
[2023-12-06T19:01:32.966+0000] {processor.py:829} INFO - Processing file /usr/local/lib/python3.10/dist-packages/airflow/example_dags/example_branch_operator_decorator.py for tasks to queue
[2023-12-06T19:01:32.967+0000] {logging_mixin.py:154} INFO - [2023-12-06T19:01:32.967+0000] {dagbag.py:536} INFO - Filling up the DagBag from /usr/local/lib/python3.10/dist-packages/airflow/example_dags/example_branch_operator_decorator.py
[2023-12-06T19:01:32.979+0000] {processor.py:839} INFO - DAG(s) dict_keys(['example_branch_python_operator_decorator']) retrieved from /usr/local/lib/python3.10/dist-packages/airflow/example_dags/example_branch_operator_decorator.py
[2023-12-06T19:01:33.006+0000] {logging_mixin.py:154} INFO - [2023-12-06T19:01:33.005+0000] {dag.py:2941} INFO - Sync 1 DAGs
[2023-12-06T19:01:33.029+0000] {logging_mixin.py:154} INFO - [2023-12-06T19:01:33.029+0000] {dag.py:3722} INFO - Setting next_dagrun for example_branch_python_operator_decorator to 2023-12-05T00:00:00+00:00, run_after=2023-12-06T00:00:00+00:00
[2023-12-06T19:01:33.053+0000] {processor.py:179} INFO - Processing /usr/local/lib/python3.10/dist-packages/airflow/example_dags/example_branch_operator_decorator.py took 0.094 seconds
[2023-12-06T19:02:19.235+0000] {processor.py:157} INFO - Started process (PID=6531) to work on /usr/local/lib/python3.10/dist-packages/airflow/example_dags/example_branch_operator_decorator.py
[2023-12-06T19:02:19.237+0000] {processor.py:829} INFO - Processing file /usr/local/lib/python3.10/dist-packages/airflow/example_dags/example_branch_operator_decorator.py for tasks to queue
[2023-12-06T19:02:19.238+0000] {logging_mixin.py:154} INFO - [2023-12-06T19:02:19.237+0000] {dagbag.py:536} INFO - Filling up the DagBag from /usr/local/lib/python3.10/dist-packages/airflow/example_dags/example_branch_operator_decorator.py
[2023-12-06T19:02:19.249+0000] {processor.py:839} INFO - DAG(s) dict_keys(['example_branch_python_operator_decorator']) retrieved from /usr/local/lib/python3.10/dist-packages/airflow/example_dags/example_branch_operator_decorator.py
[2023-12-06T19:02:19.268+0000] {logging_mixin.py:154} INFO - [2023-12-06T19:02:19.268+0000] {dag.py:2941} INFO - Sync 1 DAGs
[2023-12-06T19:02:19.290+0000] {logging_mixin.py:154} INFO - [2023-12-06T19:02:19.290+0000] {dag.py:3722} INFO - Setting next_dagrun for example_branch_python_operator_decorator to 2023-12-05T00:00:00+00:00, run_after=2023-12-06T00:00:00+00:00
[2023-12-06T19:02:19.320+0000] {processor.py:179} INFO - Processing /usr/local/lib/python3.10/dist-packages/airflow/example_dags/example_branch_operator_decorator.py took 0.089 seconds
[2023-12-06T19:03:04.953+0000] {processor.py:157} INFO - Started process (PID=6577) to work on /usr/local/lib/python3.10/dist-packages/airflow/example_dags/example_branch_operator_decorator.py
[2023-12-06T19:03:04.955+0000] {processor.py:829} INFO - Processing file /usr/local/lib/python3.10/dist-packages/airflow/example_dags/example_branch_operator_decorator.py for tasks to queue
[2023-12-06T19:03:04.956+0000] {logging_mixin.py:154} INFO - [2023-12-06T19:03:04.955+0000] {dagbag.py:536} INFO - Filling up the DagBag from /usr/local/lib/python3.10/dist-packages/airflow/example_dags/example_branch_operator_decorator.py
[2023-12-06T19:03:04.968+0000] {processor.py:839} INFO - DAG(s) dict_keys(['example_branch_python_operator_decorator']) retrieved from /usr/local/lib/python3.10/dist-packages/airflow/example_dags/example_branch_operator_decorator.py
[2023-12-06T19:03:04.988+0000] {logging_mixin.py:154} INFO - [2023-12-06T19:03:04.987+0000] {dag.py:2941} INFO - Sync 1 DAGs
[2023-12-06T19:03:05.011+0000] {logging_mixin.py:154} INFO - [2023-12-06T19:03:05.011+0000] {dag.py:3722} INFO - Setting next_dagrun for example_branch_python_operator_decorator to 2023-12-05T00:00:00+00:00, run_after=2023-12-06T00:00:00+00:00
[2023-12-06T19:03:05.034+0000] {processor.py:179} INFO - Processing /usr/local/lib/python3.10/dist-packages/airflow/example_dags/example_branch_operator_decorator.py took 0.084 seconds
[2023-12-06T19:03:55.213+0000] {processor.py:157} INFO - Started process (PID=6626) to work on /usr/local/lib/python3.10/dist-packages/airflow/example_dags/example_branch_operator_decorator.py
[2023-12-06T19:03:55.215+0000] {processor.py:829} INFO - Processing file /usr/local/lib/python3.10/dist-packages/airflow/example_dags/example_branch_operator_decorator.py for tasks to queue
[2023-12-06T19:03:55.215+0000] {logging_mixin.py:154} INFO - [2023-12-06T19:03:55.215+0000] {dagbag.py:536} INFO - Filling up the DagBag from /usr/local/lib/python3.10/dist-packages/airflow/example_dags/example_branch_operator_decorator.py
[2023-12-06T19:03:55.227+0000] {processor.py:839} INFO - DAG(s) dict_keys(['example_branch_python_operator_decorator']) retrieved from /usr/local/lib/python3.10/dist-packages/airflow/example_dags/example_branch_operator_decorator.py
[2023-12-06T19:03:55.246+0000] {logging_mixin.py:154} INFO - [2023-12-06T19:03:55.246+0000] {dag.py:2941} INFO - Sync 1 DAGs
[2023-12-06T19:03:55.269+0000] {logging_mixin.py:154} INFO - [2023-12-06T19:03:55.268+0000] {dag.py:3722} INFO - Setting next_dagrun for example_branch_python_operator_decorator to 2023-12-05T00:00:00+00:00, run_after=2023-12-06T00:00:00+00:00
[2023-12-06T19:03:55.290+0000] {processor.py:179} INFO - Processing /usr/local/lib/python3.10/dist-packages/airflow/example_dags/example_branch_operator_decorator.py took 0.081 seconds
[2023-12-06T19:04:40.847+0000] {processor.py:157} INFO - Started process (PID=6695) to work on /usr/local/lib/python3.10/dist-packages/airflow/example_dags/example_branch_operator_decorator.py
[2023-12-06T19:04:40.848+0000] {processor.py:829} INFO - Processing file /usr/local/lib/python3.10/dist-packages/airflow/example_dags/example_branch_operator_decorator.py for tasks to queue
[2023-12-06T19:04:40.849+0000] {logging_mixin.py:154} INFO - [2023-12-06T19:04:40.849+0000] {dagbag.py:536} INFO - Filling up the DagBag from /usr/local/lib/python3.10/dist-packages/airflow/example_dags/example_branch_operator_decorator.py
[2023-12-06T19:04:40.861+0000] {processor.py:839} INFO - DAG(s) dict_keys(['example_branch_python_operator_decorator']) retrieved from /usr/local/lib/python3.10/dist-packages/airflow/example_dags/example_branch_operator_decorator.py
[2023-12-06T19:04:40.881+0000] {logging_mixin.py:154} INFO - [2023-12-06T19:04:40.881+0000] {dag.py:2941} INFO - Sync 1 DAGs
[2023-12-06T19:04:40.905+0000] {logging_mixin.py:154} INFO - [2023-12-06T19:04:40.905+0000] {dag.py:3722} INFO - Setting next_dagrun for example_branch_python_operator_decorator to 2023-12-05T00:00:00+00:00, run_after=2023-12-06T00:00:00+00:00
[2023-12-06T19:04:40.941+0000] {processor.py:179} INFO - Processing /usr/local/lib/python3.10/dist-packages/airflow/example_dags/example_branch_operator_decorator.py took 0.098 seconds
[2023-12-06T19:05:32.133+0000] {processor.py:157} INFO - Started process (PID=6894) to work on /usr/local/lib/python3.10/dist-packages/airflow/example_dags/example_branch_operator_decorator.py
[2023-12-06T19:05:32.134+0000] {processor.py:829} INFO - Processing file /usr/local/lib/python3.10/dist-packages/airflow/example_dags/example_branch_operator_decorator.py for tasks to queue
[2023-12-06T19:05:32.135+0000] {logging_mixin.py:154} INFO - [2023-12-06T19:05:32.135+0000] {dagbag.py:536} INFO - Filling up the DagBag from /usr/local/lib/python3.10/dist-packages/airflow/example_dags/example_branch_operator_decorator.py
[2023-12-06T19:05:32.147+0000] {processor.py:839} INFO - DAG(s) dict_keys(['example_branch_python_operator_decorator']) retrieved from /usr/local/lib/python3.10/dist-packages/airflow/example_dags/example_branch_operator_decorator.py
[2023-12-06T19:05:32.167+0000] {logging_mixin.py:154} INFO - [2023-12-06T19:05:32.167+0000] {dag.py:2941} INFO - Sync 1 DAGs
[2023-12-06T19:05:32.189+0000] {logging_mixin.py:154} INFO - [2023-12-06T19:05:32.189+0000] {dag.py:3722} INFO - Setting next_dagrun for example_branch_python_operator_decorator to 2023-12-05T00:00:00+00:00, run_after=2023-12-06T00:00:00+00:00
[2023-12-06T19:05:32.212+0000] {processor.py:179} INFO - Processing /usr/local/lib/python3.10/dist-packages/airflow/example_dags/example_branch_operator_decorator.py took 0.083 seconds
[2023-12-06T19:06:19.849+0000] {processor.py:157} INFO - Started process (PID=6943) to work on /usr/local/lib/python3.10/dist-packages/airflow/example_dags/example_branch_operator_decorator.py
[2023-12-06T19:06:19.851+0000] {processor.py:829} INFO - Processing file /usr/local/lib/python3.10/dist-packages/airflow/example_dags/example_branch_operator_decorator.py for tasks to queue
[2023-12-06T19:06:19.852+0000] {logging_mixin.py:154} INFO - [2023-12-06T19:06:19.851+0000] {dagbag.py:536} INFO - Filling up the DagBag from /usr/local/lib/python3.10/dist-packages/airflow/example_dags/example_branch_operator_decorator.py
[2023-12-06T19:06:19.864+0000] {processor.py:839} INFO - DAG(s) dict_keys(['example_branch_python_operator_decorator']) retrieved from /usr/local/lib/python3.10/dist-packages/airflow/example_dags/example_branch_operator_decorator.py
[2023-12-06T19:06:19.885+0000] {logging_mixin.py:154} INFO - [2023-12-06T19:06:19.884+0000] {dag.py:2941} INFO - Sync 1 DAGs
[2023-12-06T19:06:19.908+0000] {logging_mixin.py:154} INFO - [2023-12-06T19:06:19.908+0000] {dag.py:3722} INFO - Setting next_dagrun for example_branch_python_operator_decorator to 2023-12-05T00:00:00+00:00, run_after=2023-12-06T00:00:00+00:00
[2023-12-06T19:06:19.932+0000] {processor.py:179} INFO - Processing /usr/local/lib/python3.10/dist-packages/airflow/example_dags/example_branch_operator_decorator.py took 0.086 seconds
[2023-12-06T19:07:06.305+0000] {processor.py:157} INFO - Started process (PID=6990) to work on /usr/local/lib/python3.10/dist-packages/airflow/example_dags/example_branch_operator_decorator.py
[2023-12-06T19:07:06.307+0000] {processor.py:829} INFO - Processing file /usr/local/lib/python3.10/dist-packages/airflow/example_dags/example_branch_operator_decorator.py for tasks to queue
[2023-12-06T19:07:06.308+0000] {logging_mixin.py:154} INFO - [2023-12-06T19:07:06.308+0000] {dagbag.py:536} INFO - Filling up the DagBag from /usr/local/lib/python3.10/dist-packages/airflow/example_dags/example_branch_operator_decorator.py
[2023-12-06T19:07:06.320+0000] {processor.py:839} INFO - DAG(s) dict_keys(['example_branch_python_operator_decorator']) retrieved from /usr/local/lib/python3.10/dist-packages/airflow/example_dags/example_branch_operator_decorator.py
[2023-12-06T19:07:06.340+0000] {logging_mixin.py:154} INFO - [2023-12-06T19:07:06.340+0000] {dag.py:2941} INFO - Sync 1 DAGs
[2023-12-06T19:07:06.364+0000] {logging_mixin.py:154} INFO - [2023-12-06T19:07:06.363+0000] {dag.py:3722} INFO - Setting next_dagrun for example_branch_python_operator_decorator to 2023-12-05T00:00:00+00:00, run_after=2023-12-06T00:00:00+00:00
[2023-12-06T19:07:06.389+0000] {processor.py:179} INFO - Processing /usr/local/lib/python3.10/dist-packages/airflow/example_dags/example_branch_operator_decorator.py took 0.087 seconds
