[2023-12-06T18:21:58.775+0000] {processor.py:157} INFO - Started process (PID=3677) to work on /usr/local/lib/python3.10/dist-packages/airflow/example_dags/example_task_group.py
[2023-12-06T18:21:58.776+0000] {processor.py:829} INFO - Processing file /usr/local/lib/python3.10/dist-packages/airflow/example_dags/example_task_group.py for tasks to queue
[2023-12-06T18:21:58.777+0000] {logging_mixin.py:154} INFO - [2023-12-06T18:21:58.777+0000] {dagbag.py:536} INFO - Filling up the DagBag from /usr/local/lib/python3.10/dist-packages/airflow/example_dags/example_task_group.py
[2023-12-06T18:21:58.788+0000] {processor.py:839} INFO - DAG(s) dict_keys(['example_task_group']) retrieved from /usr/local/lib/python3.10/dist-packages/airflow/example_dags/example_task_group.py
[2023-12-06T18:21:58.904+0000] {logging_mixin.py:154} INFO - [2023-12-06T18:21:58.904+0000] {manager.py:499} INFO - Created Permission View: %s
[2023-12-06T18:21:58.918+0000] {logging_mixin.py:154} INFO - [2023-12-06T18:21:58.918+0000] {manager.py:499} INFO - Created Permission View: %s
[2023-12-06T18:21:58.930+0000] {logging_mixin.py:154} INFO - [2023-12-06T18:21:58.929+0000] {manager.py:499} INFO - Created Permission View: %s
[2023-12-06T18:21:58.930+0000] {logging_mixin.py:154} INFO - [2023-12-06T18:21:58.930+0000] {dag.py:2941} INFO - Sync 1 DAGs
[2023-12-06T18:21:58.942+0000] {logging_mixin.py:154} INFO - [2023-12-06T18:21:58.942+0000] {dag.py:2963} INFO - Creating ORM DAG for example_task_group
[2023-12-06T18:21:58.951+0000] {logging_mixin.py:154} INFO - [2023-12-06T18:21:58.951+0000] {dag.py:3722} INFO - Setting next_dagrun for example_task_group to 2023-12-05T18:21:58.950854+00:00, run_after=2023-12-06T18:21:58.950854+00:00
[2023-12-06T18:21:59.026+0000] {processor.py:179} INFO - Processing /usr/local/lib/python3.10/dist-packages/airflow/example_dags/example_task_group.py took 0.254 seconds
[2023-12-06T18:22:50.560+0000] {processor.py:157} INFO - Started process (PID=3728) to work on /usr/local/lib/python3.10/dist-packages/airflow/example_dags/example_task_group.py
[2023-12-06T18:22:50.562+0000] {processor.py:829} INFO - Processing file /usr/local/lib/python3.10/dist-packages/airflow/example_dags/example_task_group.py for tasks to queue
[2023-12-06T18:22:50.563+0000] {logging_mixin.py:154} INFO - [2023-12-06T18:22:50.562+0000] {dagbag.py:536} INFO - Filling up the DagBag from /usr/local/lib/python3.10/dist-packages/airflow/example_dags/example_task_group.py
[2023-12-06T18:22:50.573+0000] {processor.py:839} INFO - DAG(s) dict_keys(['example_task_group']) retrieved from /usr/local/lib/python3.10/dist-packages/airflow/example_dags/example_task_group.py
[2023-12-06T18:22:50.591+0000] {logging_mixin.py:154} INFO - [2023-12-06T18:22:50.590+0000] {dag.py:2941} INFO - Sync 1 DAGs
[2023-12-06T18:22:50.611+0000] {logging_mixin.py:154} INFO - [2023-12-06T18:22:50.610+0000] {dag.py:3722} INFO - Setting next_dagrun for example_task_group to 2023-12-05T18:22:50.610621+00:00, run_after=2023-12-06T18:22:50.610621+00:00
[2023-12-06T18:22:50.632+0000] {processor.py:179} INFO - Processing /usr/local/lib/python3.10/dist-packages/airflow/example_dags/example_task_group.py took 0.075 seconds
[2023-12-06T18:23:36.060+0000] {processor.py:157} INFO - Started process (PID=3774) to work on /usr/local/lib/python3.10/dist-packages/airflow/example_dags/example_task_group.py
[2023-12-06T18:23:36.062+0000] {processor.py:829} INFO - Processing file /usr/local/lib/python3.10/dist-packages/airflow/example_dags/example_task_group.py for tasks to queue
[2023-12-06T18:23:36.063+0000] {logging_mixin.py:154} INFO - [2023-12-06T18:23:36.062+0000] {dagbag.py:536} INFO - Filling up the DagBag from /usr/local/lib/python3.10/dist-packages/airflow/example_dags/example_task_group.py
[2023-12-06T18:23:36.076+0000] {processor.py:839} INFO - DAG(s) dict_keys(['example_task_group']) retrieved from /usr/local/lib/python3.10/dist-packages/airflow/example_dags/example_task_group.py
[2023-12-06T18:23:36.103+0000] {logging_mixin.py:154} INFO - [2023-12-06T18:23:36.103+0000] {dag.py:2941} INFO - Sync 1 DAGs
[2023-12-06T18:23:36.125+0000] {logging_mixin.py:154} INFO - [2023-12-06T18:23:36.125+0000] {dag.py:3722} INFO - Setting next_dagrun for example_task_group to 2023-12-05T18:23:36.125046+00:00, run_after=2023-12-06T18:23:36.125046+00:00
[2023-12-06T18:23:36.148+0000] {processor.py:179} INFO - Processing /usr/local/lib/python3.10/dist-packages/airflow/example_dags/example_task_group.py took 0.091 seconds
[2023-12-06T18:24:25.141+0000] {processor.py:157} INFO - Started process (PID=3824) to work on /usr/local/lib/python3.10/dist-packages/airflow/example_dags/example_task_group.py
[2023-12-06T18:24:25.144+0000] {processor.py:829} INFO - Processing file /usr/local/lib/python3.10/dist-packages/airflow/example_dags/example_task_group.py for tasks to queue
[2023-12-06T18:24:25.145+0000] {logging_mixin.py:154} INFO - [2023-12-06T18:24:25.144+0000] {dagbag.py:536} INFO - Filling up the DagBag from /usr/local/lib/python3.10/dist-packages/airflow/example_dags/example_task_group.py
[2023-12-06T18:24:25.153+0000] {processor.py:839} INFO - DAG(s) dict_keys(['example_task_group']) retrieved from /usr/local/lib/python3.10/dist-packages/airflow/example_dags/example_task_group.py
[2023-12-06T18:24:25.172+0000] {logging_mixin.py:154} INFO - [2023-12-06T18:24:25.172+0000] {dag.py:2941} INFO - Sync 1 DAGs
[2023-12-06T18:24:25.192+0000] {logging_mixin.py:154} INFO - [2023-12-06T18:24:25.192+0000] {dag.py:3722} INFO - Setting next_dagrun for example_task_group to 2023-12-05T18:24:25.192309+00:00, run_after=2023-12-06T18:24:25.192309+00:00
[2023-12-06T18:24:25.215+0000] {processor.py:179} INFO - Processing /usr/local/lib/python3.10/dist-packages/airflow/example_dags/example_task_group.py took 0.077 seconds
[2023-12-06T18:25:13.884+0000] {processor.py:157} INFO - Started process (PID=3875) to work on /usr/local/lib/python3.10/dist-packages/airflow/example_dags/example_task_group.py
[2023-12-06T18:25:13.886+0000] {processor.py:829} INFO - Processing file /usr/local/lib/python3.10/dist-packages/airflow/example_dags/example_task_group.py for tasks to queue
[2023-12-06T18:25:13.887+0000] {logging_mixin.py:154} INFO - [2023-12-06T18:25:13.887+0000] {dagbag.py:536} INFO - Filling up the DagBag from /usr/local/lib/python3.10/dist-packages/airflow/example_dags/example_task_group.py
[2023-12-06T18:25:13.896+0000] {processor.py:839} INFO - DAG(s) dict_keys(['example_task_group']) retrieved from /usr/local/lib/python3.10/dist-packages/airflow/example_dags/example_task_group.py
[2023-12-06T18:25:13.914+0000] {logging_mixin.py:154} INFO - [2023-12-06T18:25:13.914+0000] {dag.py:2941} INFO - Sync 1 DAGs
[2023-12-06T18:25:13.935+0000] {logging_mixin.py:154} INFO - [2023-12-06T18:25:13.935+0000] {dag.py:3722} INFO - Setting next_dagrun for example_task_group to 2023-12-05T18:25:13.935395+00:00, run_after=2023-12-06T18:25:13.935395+00:00
[2023-12-06T18:25:13.957+0000] {processor.py:179} INFO - Processing /usr/local/lib/python3.10/dist-packages/airflow/example_dags/example_task_group.py took 0.077 seconds
[2023-12-06T18:25:57.105+0000] {processor.py:157} INFO - Started process (PID=3923) to work on /usr/local/lib/python3.10/dist-packages/airflow/example_dags/example_task_group.py
[2023-12-06T18:25:57.107+0000] {processor.py:829} INFO - Processing file /usr/local/lib/python3.10/dist-packages/airflow/example_dags/example_task_group.py for tasks to queue
[2023-12-06T18:25:57.108+0000] {logging_mixin.py:154} INFO - [2023-12-06T18:25:57.107+0000] {dagbag.py:536} INFO - Filling up the DagBag from /usr/local/lib/python3.10/dist-packages/airflow/example_dags/example_task_group.py
[2023-12-06T18:25:57.116+0000] {processor.py:839} INFO - DAG(s) dict_keys(['example_task_group']) retrieved from /usr/local/lib/python3.10/dist-packages/airflow/example_dags/example_task_group.py
[2023-12-06T18:25:57.135+0000] {logging_mixin.py:154} INFO - [2023-12-06T18:25:57.135+0000] {dag.py:2941} INFO - Sync 1 DAGs
[2023-12-06T18:25:57.156+0000] {logging_mixin.py:154} INFO - [2023-12-06T18:25:57.156+0000] {dag.py:3722} INFO - Setting next_dagrun for example_task_group to 2023-12-05T18:25:57.156087+00:00, run_after=2023-12-06T18:25:57.156087+00:00
[2023-12-06T18:25:57.179+0000] {processor.py:179} INFO - Processing /usr/local/lib/python3.10/dist-packages/airflow/example_dags/example_task_group.py took 0.077 seconds
[2023-12-06T18:26:45.935+0000] {processor.py:157} INFO - Started process (PID=3973) to work on /usr/local/lib/python3.10/dist-packages/airflow/example_dags/example_task_group.py
[2023-12-06T18:26:45.936+0000] {processor.py:829} INFO - Processing file /usr/local/lib/python3.10/dist-packages/airflow/example_dags/example_task_group.py for tasks to queue
[2023-12-06T18:26:45.937+0000] {logging_mixin.py:154} INFO - [2023-12-06T18:26:45.937+0000] {dagbag.py:536} INFO - Filling up the DagBag from /usr/local/lib/python3.10/dist-packages/airflow/example_dags/example_task_group.py
[2023-12-06T18:26:45.946+0000] {processor.py:839} INFO - DAG(s) dict_keys(['example_task_group']) retrieved from /usr/local/lib/python3.10/dist-packages/airflow/example_dags/example_task_group.py
[2023-12-06T18:26:45.963+0000] {logging_mixin.py:154} INFO - [2023-12-06T18:26:45.963+0000] {dag.py:2941} INFO - Sync 1 DAGs
[2023-12-06T18:26:45.984+0000] {logging_mixin.py:154} INFO - [2023-12-06T18:26:45.984+0000] {dag.py:3722} INFO - Setting next_dagrun for example_task_group to 2023-12-05T18:26:45.983964+00:00, run_after=2023-12-06T18:26:45.983964+00:00
[2023-12-06T18:26:46.007+0000] {processor.py:179} INFO - Processing /usr/local/lib/python3.10/dist-packages/airflow/example_dags/example_task_group.py took 0.075 seconds
[2023-12-06T18:27:31.460+0000] {processor.py:157} INFO - Started process (PID=4019) to work on /usr/local/lib/python3.10/dist-packages/airflow/example_dags/example_task_group.py
[2023-12-06T18:27:31.462+0000] {processor.py:829} INFO - Processing file /usr/local/lib/python3.10/dist-packages/airflow/example_dags/example_task_group.py for tasks to queue
[2023-12-06T18:27:31.463+0000] {logging_mixin.py:154} INFO - [2023-12-06T18:27:31.463+0000] {dagbag.py:536} INFO - Filling up the DagBag from /usr/local/lib/python3.10/dist-packages/airflow/example_dags/example_task_group.py
[2023-12-06T18:27:31.472+0000] {processor.py:839} INFO - DAG(s) dict_keys(['example_task_group']) retrieved from /usr/local/lib/python3.10/dist-packages/airflow/example_dags/example_task_group.py
[2023-12-06T18:27:31.491+0000] {logging_mixin.py:154} INFO - [2023-12-06T18:27:31.490+0000] {dag.py:2941} INFO - Sync 1 DAGs
[2023-12-06T18:27:31.511+0000] {logging_mixin.py:154} INFO - [2023-12-06T18:27:31.511+0000] {dag.py:3722} INFO - Setting next_dagrun for example_task_group to 2023-12-05T18:27:31.510921+00:00, run_after=2023-12-06T18:27:31.510921+00:00
[2023-12-06T18:27:31.534+0000] {processor.py:179} INFO - Processing /usr/local/lib/python3.10/dist-packages/airflow/example_dags/example_task_group.py took 0.077 seconds
[2023-12-06T18:28:12.848+0000] {processor.py:157} INFO - Started process (PID=4063) to work on /usr/local/lib/python3.10/dist-packages/airflow/example_dags/example_task_group.py
[2023-12-06T18:28:12.849+0000] {processor.py:829} INFO - Processing file /usr/local/lib/python3.10/dist-packages/airflow/example_dags/example_task_group.py for tasks to queue
[2023-12-06T18:28:12.850+0000] {logging_mixin.py:154} INFO - [2023-12-06T18:28:12.850+0000] {dagbag.py:536} INFO - Filling up the DagBag from /usr/local/lib/python3.10/dist-packages/airflow/example_dags/example_task_group.py
[2023-12-06T18:28:12.859+0000] {processor.py:839} INFO - DAG(s) dict_keys(['example_task_group']) retrieved from /usr/local/lib/python3.10/dist-packages/airflow/example_dags/example_task_group.py
[2023-12-06T18:28:12.877+0000] {logging_mixin.py:154} INFO - [2023-12-06T18:28:12.877+0000] {dag.py:2941} INFO - Sync 1 DAGs
[2023-12-06T18:28:12.897+0000] {logging_mixin.py:154} INFO - [2023-12-06T18:28:12.897+0000] {dag.py:3722} INFO - Setting next_dagrun for example_task_group to 2023-12-05T18:28:12.897108+00:00, run_after=2023-12-06T18:28:12.897108+00:00
[2023-12-06T18:28:12.920+0000] {processor.py:179} INFO - Processing /usr/local/lib/python3.10/dist-packages/airflow/example_dags/example_task_group.py took 0.076 seconds
[2023-12-06T18:29:00.595+0000] {processor.py:157} INFO - Started process (PID=4111) to work on /usr/local/lib/python3.10/dist-packages/airflow/example_dags/example_task_group.py
[2023-12-06T18:29:00.596+0000] {processor.py:829} INFO - Processing file /usr/local/lib/python3.10/dist-packages/airflow/example_dags/example_task_group.py for tasks to queue
[2023-12-06T18:29:00.597+0000] {logging_mixin.py:154} INFO - [2023-12-06T18:29:00.597+0000] {dagbag.py:536} INFO - Filling up the DagBag from /usr/local/lib/python3.10/dist-packages/airflow/example_dags/example_task_group.py
[2023-12-06T18:29:00.606+0000] {processor.py:839} INFO - DAG(s) dict_keys(['example_task_group']) retrieved from /usr/local/lib/python3.10/dist-packages/airflow/example_dags/example_task_group.py
[2023-12-06T18:29:00.625+0000] {logging_mixin.py:154} INFO - [2023-12-06T18:29:00.625+0000] {dag.py:2941} INFO - Sync 1 DAGs
[2023-12-06T18:29:00.646+0000] {logging_mixin.py:154} INFO - [2023-12-06T18:29:00.645+0000] {dag.py:3722} INFO - Setting next_dagrun for example_task_group to 2023-12-05T18:29:00.645605+00:00, run_after=2023-12-06T18:29:00.645605+00:00
[2023-12-06T18:29:00.669+0000] {processor.py:179} INFO - Processing /usr/local/lib/python3.10/dist-packages/airflow/example_dags/example_task_group.py took 0.078 seconds
[2023-12-06T18:29:44.236+0000] {processor.py:157} INFO - Started process (PID=4159) to work on /usr/local/lib/python3.10/dist-packages/airflow/example_dags/example_task_group.py
[2023-12-06T18:29:44.237+0000] {processor.py:829} INFO - Processing file /usr/local/lib/python3.10/dist-packages/airflow/example_dags/example_task_group.py for tasks to queue
[2023-12-06T18:29:44.238+0000] {logging_mixin.py:154} INFO - [2023-12-06T18:29:44.238+0000] {dagbag.py:536} INFO - Filling up the DagBag from /usr/local/lib/python3.10/dist-packages/airflow/example_dags/example_task_group.py
[2023-12-06T18:29:44.247+0000] {processor.py:839} INFO - DAG(s) dict_keys(['example_task_group']) retrieved from /usr/local/lib/python3.10/dist-packages/airflow/example_dags/example_task_group.py
[2023-12-06T18:29:44.266+0000] {logging_mixin.py:154} INFO - [2023-12-06T18:29:44.265+0000] {dag.py:2941} INFO - Sync 1 DAGs
[2023-12-06T18:29:44.286+0000] {logging_mixin.py:154} INFO - [2023-12-06T18:29:44.286+0000] {dag.py:3722} INFO - Setting next_dagrun for example_task_group to 2023-12-05T18:29:44.285943+00:00, run_after=2023-12-06T18:29:44.285943+00:00
[2023-12-06T18:29:44.307+0000] {processor.py:179} INFO - Processing /usr/local/lib/python3.10/dist-packages/airflow/example_dags/example_task_group.py took 0.075 seconds
[2023-12-06T18:30:28.502+0000] {processor.py:157} INFO - Started process (PID=4203) to work on /usr/local/lib/python3.10/dist-packages/airflow/example_dags/example_task_group.py
[2023-12-06T18:30:28.503+0000] {processor.py:829} INFO - Processing file /usr/local/lib/python3.10/dist-packages/airflow/example_dags/example_task_group.py for tasks to queue
[2023-12-06T18:30:28.504+0000] {logging_mixin.py:154} INFO - [2023-12-06T18:30:28.504+0000] {dagbag.py:536} INFO - Filling up the DagBag from /usr/local/lib/python3.10/dist-packages/airflow/example_dags/example_task_group.py
[2023-12-06T18:30:28.513+0000] {processor.py:839} INFO - DAG(s) dict_keys(['example_task_group']) retrieved from /usr/local/lib/python3.10/dist-packages/airflow/example_dags/example_task_group.py
[2023-12-06T18:30:28.532+0000] {logging_mixin.py:154} INFO - [2023-12-06T18:30:28.531+0000] {dag.py:2941} INFO - Sync 1 DAGs
[2023-12-06T18:30:28.552+0000] {logging_mixin.py:154} INFO - [2023-12-06T18:30:28.552+0000] {dag.py:3722} INFO - Setting next_dagrun for example_task_group to 2023-12-05T18:30:28.552347+00:00, run_after=2023-12-06T18:30:28.552347+00:00
[2023-12-06T18:30:28.603+0000] {processor.py:179} INFO - Processing /usr/local/lib/python3.10/dist-packages/airflow/example_dags/example_task_group.py took 0.105 seconds
[2023-12-06T18:31:11.420+0000] {processor.py:157} INFO - Started process (PID=4250) to work on /usr/local/lib/python3.10/dist-packages/airflow/example_dags/example_task_group.py
[2023-12-06T18:31:11.421+0000] {processor.py:829} INFO - Processing file /usr/local/lib/python3.10/dist-packages/airflow/example_dags/example_task_group.py for tasks to queue
[2023-12-06T18:31:11.422+0000] {logging_mixin.py:154} INFO - [2023-12-06T18:31:11.422+0000] {dagbag.py:536} INFO - Filling up the DagBag from /usr/local/lib/python3.10/dist-packages/airflow/example_dags/example_task_group.py
[2023-12-06T18:31:11.431+0000] {processor.py:839} INFO - DAG(s) dict_keys(['example_task_group']) retrieved from /usr/local/lib/python3.10/dist-packages/airflow/example_dags/example_task_group.py
[2023-12-06T18:31:11.450+0000] {logging_mixin.py:154} INFO - [2023-12-06T18:31:11.449+0000] {dag.py:2941} INFO - Sync 1 DAGs
[2023-12-06T18:31:11.470+0000] {logging_mixin.py:154} INFO - [2023-12-06T18:31:11.470+0000] {dag.py:3722} INFO - Setting next_dagrun for example_task_group to 2023-12-05T18:31:11.470166+00:00, run_after=2023-12-06T18:31:11.470166+00:00
[2023-12-06T18:31:11.492+0000] {processor.py:179} INFO - Processing /usr/local/lib/python3.10/dist-packages/airflow/example_dags/example_task_group.py took 0.076 seconds
[2023-12-06T18:31:53.643+0000] {processor.py:157} INFO - Started process (PID=4296) to work on /usr/local/lib/python3.10/dist-packages/airflow/example_dags/example_task_group.py
[2023-12-06T18:31:53.645+0000] {processor.py:829} INFO - Processing file /usr/local/lib/python3.10/dist-packages/airflow/example_dags/example_task_group.py for tasks to queue
[2023-12-06T18:31:53.646+0000] {logging_mixin.py:154} INFO - [2023-12-06T18:31:53.645+0000] {dagbag.py:536} INFO - Filling up the DagBag from /usr/local/lib/python3.10/dist-packages/airflow/example_dags/example_task_group.py
[2023-12-06T18:31:53.655+0000] {processor.py:839} INFO - DAG(s) dict_keys(['example_task_group']) retrieved from /usr/local/lib/python3.10/dist-packages/airflow/example_dags/example_task_group.py
[2023-12-06T18:31:53.673+0000] {logging_mixin.py:154} INFO - [2023-12-06T18:31:53.672+0000] {dag.py:2941} INFO - Sync 1 DAGs
[2023-12-06T18:31:53.693+0000] {logging_mixin.py:154} INFO - [2023-12-06T18:31:53.692+0000] {dag.py:3722} INFO - Setting next_dagrun for example_task_group to 2023-12-05T18:31:53.692729+00:00, run_after=2023-12-06T18:31:53.692729+00:00
[2023-12-06T18:31:53.717+0000] {processor.py:179} INFO - Processing /usr/local/lib/python3.10/dist-packages/airflow/example_dags/example_task_group.py took 0.077 seconds
[2023-12-06T18:32:35.743+0000] {processor.py:157} INFO - Started process (PID=4338) to work on /usr/local/lib/python3.10/dist-packages/airflow/example_dags/example_task_group.py
[2023-12-06T18:32:35.744+0000] {processor.py:829} INFO - Processing file /usr/local/lib/python3.10/dist-packages/airflow/example_dags/example_task_group.py for tasks to queue
[2023-12-06T18:32:35.745+0000] {logging_mixin.py:154} INFO - [2023-12-06T18:32:35.745+0000] {dagbag.py:536} INFO - Filling up the DagBag from /usr/local/lib/python3.10/dist-packages/airflow/example_dags/example_task_group.py
[2023-12-06T18:32:35.754+0000] {processor.py:839} INFO - DAG(s) dict_keys(['example_task_group']) retrieved from /usr/local/lib/python3.10/dist-packages/airflow/example_dags/example_task_group.py
[2023-12-06T18:32:35.773+0000] {logging_mixin.py:154} INFO - [2023-12-06T18:32:35.773+0000] {dag.py:2941} INFO - Sync 1 DAGs
[2023-12-06T18:32:35.795+0000] {logging_mixin.py:154} INFO - [2023-12-06T18:32:35.795+0000] {dag.py:3722} INFO - Setting next_dagrun for example_task_group to 2023-12-05T18:32:35.794833+00:00, run_after=2023-12-06T18:32:35.794833+00:00
[2023-12-06T18:32:35.819+0000] {processor.py:179} INFO - Processing /usr/local/lib/python3.10/dist-packages/airflow/example_dags/example_task_group.py took 0.080 seconds
[2023-12-06T18:33:22.778+0000] {processor.py:157} INFO - Started process (PID=4386) to work on /usr/local/lib/python3.10/dist-packages/airflow/example_dags/example_task_group.py
[2023-12-06T18:33:22.780+0000] {processor.py:829} INFO - Processing file /usr/local/lib/python3.10/dist-packages/airflow/example_dags/example_task_group.py for tasks to queue
[2023-12-06T18:33:22.780+0000] {logging_mixin.py:154} INFO - [2023-12-06T18:33:22.780+0000] {dagbag.py:536} INFO - Filling up the DagBag from /usr/local/lib/python3.10/dist-packages/airflow/example_dags/example_task_group.py
[2023-12-06T18:33:22.789+0000] {processor.py:839} INFO - DAG(s) dict_keys(['example_task_group']) retrieved from /usr/local/lib/python3.10/dist-packages/airflow/example_dags/example_task_group.py
[2023-12-06T18:33:22.808+0000] {logging_mixin.py:154} INFO - [2023-12-06T18:33:22.808+0000] {dag.py:2941} INFO - Sync 1 DAGs
[2023-12-06T18:33:22.828+0000] {logging_mixin.py:154} INFO - [2023-12-06T18:33:22.828+0000] {dag.py:3722} INFO - Setting next_dagrun for example_task_group to 2023-12-05T18:33:22.828247+00:00, run_after=2023-12-06T18:33:22.828247+00:00
[2023-12-06T18:33:22.853+0000] {processor.py:179} INFO - Processing /usr/local/lib/python3.10/dist-packages/airflow/example_dags/example_task_group.py took 0.078 seconds
[2023-12-06T18:34:09.051+0000] {processor.py:157} INFO - Started process (PID=4433) to work on /usr/local/lib/python3.10/dist-packages/airflow/example_dags/example_task_group.py
[2023-12-06T18:34:09.052+0000] {processor.py:829} INFO - Processing file /usr/local/lib/python3.10/dist-packages/airflow/example_dags/example_task_group.py for tasks to queue
[2023-12-06T18:34:09.053+0000] {logging_mixin.py:154} INFO - [2023-12-06T18:34:09.052+0000] {dagbag.py:536} INFO - Filling up the DagBag from /usr/local/lib/python3.10/dist-packages/airflow/example_dags/example_task_group.py
[2023-12-06T18:34:09.062+0000] {processor.py:839} INFO - DAG(s) dict_keys(['example_task_group']) retrieved from /usr/local/lib/python3.10/dist-packages/airflow/example_dags/example_task_group.py
[2023-12-06T18:34:09.081+0000] {logging_mixin.py:154} INFO - [2023-12-06T18:34:09.081+0000] {dag.py:2941} INFO - Sync 1 DAGs
[2023-12-06T18:34:09.102+0000] {logging_mixin.py:154} INFO - [2023-12-06T18:34:09.102+0000] {dag.py:3722} INFO - Setting next_dagrun for example_task_group to 2023-12-05T18:34:09.101866+00:00, run_after=2023-12-06T18:34:09.101866+00:00
[2023-12-06T18:34:09.124+0000] {processor.py:179} INFO - Processing /usr/local/lib/python3.10/dist-packages/airflow/example_dags/example_task_group.py took 0.077 seconds
[2023-12-06T18:34:56.522+0000] {processor.py:157} INFO - Started process (PID=4481) to work on /usr/local/lib/python3.10/dist-packages/airflow/example_dags/example_task_group.py
[2023-12-06T18:34:56.526+0000] {processor.py:829} INFO - Processing file /usr/local/lib/python3.10/dist-packages/airflow/example_dags/example_task_group.py for tasks to queue
[2023-12-06T18:34:56.527+0000] {logging_mixin.py:154} INFO - [2023-12-06T18:34:56.526+0000] {dagbag.py:536} INFO - Filling up the DagBag from /usr/local/lib/python3.10/dist-packages/airflow/example_dags/example_task_group.py
[2023-12-06T18:34:56.536+0000] {processor.py:839} INFO - DAG(s) dict_keys(['example_task_group']) retrieved from /usr/local/lib/python3.10/dist-packages/airflow/example_dags/example_task_group.py
[2023-12-06T18:34:56.554+0000] {logging_mixin.py:154} INFO - [2023-12-06T18:34:56.554+0000] {dag.py:2941} INFO - Sync 1 DAGs
[2023-12-06T18:34:56.576+0000] {logging_mixin.py:154} INFO - [2023-12-06T18:34:56.575+0000] {dag.py:3722} INFO - Setting next_dagrun for example_task_group to 2023-12-05T18:34:56.575501+00:00, run_after=2023-12-06T18:34:56.575501+00:00
[2023-12-06T18:34:56.600+0000] {processor.py:179} INFO - Processing /usr/local/lib/python3.10/dist-packages/airflow/example_dags/example_task_group.py took 0.081 seconds
[2023-12-06T18:35:44.371+0000] {processor.py:157} INFO - Started process (PID=4531) to work on /usr/local/lib/python3.10/dist-packages/airflow/example_dags/example_task_group.py
[2023-12-06T18:35:44.373+0000] {processor.py:829} INFO - Processing file /usr/local/lib/python3.10/dist-packages/airflow/example_dags/example_task_group.py for tasks to queue
[2023-12-06T18:35:44.373+0000] {logging_mixin.py:154} INFO - [2023-12-06T18:35:44.373+0000] {dagbag.py:536} INFO - Filling up the DagBag from /usr/local/lib/python3.10/dist-packages/airflow/example_dags/example_task_group.py
[2023-12-06T18:35:44.382+0000] {processor.py:839} INFO - DAG(s) dict_keys(['example_task_group']) retrieved from /usr/local/lib/python3.10/dist-packages/airflow/example_dags/example_task_group.py
[2023-12-06T18:35:44.401+0000] {logging_mixin.py:154} INFO - [2023-12-06T18:35:44.400+0000] {dag.py:2941} INFO - Sync 1 DAGs
[2023-12-06T18:35:44.432+0000] {logging_mixin.py:154} INFO - [2023-12-06T18:35:44.432+0000] {dag.py:3722} INFO - Setting next_dagrun for example_task_group to 2023-12-05T18:35:44.431864+00:00, run_after=2023-12-06T18:35:44.431864+00:00
[2023-12-06T18:35:44.454+0000] {processor.py:179} INFO - Processing /usr/local/lib/python3.10/dist-packages/airflow/example_dags/example_task_group.py took 0.086 seconds
[2023-12-06T18:36:28.946+0000] {processor.py:157} INFO - Started process (PID=4577) to work on /usr/local/lib/python3.10/dist-packages/airflow/example_dags/example_task_group.py
[2023-12-06T18:36:28.947+0000] {processor.py:829} INFO - Processing file /usr/local/lib/python3.10/dist-packages/airflow/example_dags/example_task_group.py for tasks to queue
[2023-12-06T18:36:28.948+0000] {logging_mixin.py:154} INFO - [2023-12-06T18:36:28.948+0000] {dagbag.py:536} INFO - Filling up the DagBag from /usr/local/lib/python3.10/dist-packages/airflow/example_dags/example_task_group.py
[2023-12-06T18:36:28.957+0000] {processor.py:839} INFO - DAG(s) dict_keys(['example_task_group']) retrieved from /usr/local/lib/python3.10/dist-packages/airflow/example_dags/example_task_group.py
[2023-12-06T18:36:28.976+0000] {logging_mixin.py:154} INFO - [2023-12-06T18:36:28.975+0000] {dag.py:2941} INFO - Sync 1 DAGs
[2023-12-06T18:36:28.996+0000] {logging_mixin.py:154} INFO - [2023-12-06T18:36:28.996+0000] {dag.py:3722} INFO - Setting next_dagrun for example_task_group to 2023-12-05T18:36:28.996124+00:00, run_after=2023-12-06T18:36:28.996124+00:00
[2023-12-06T18:36:29.021+0000] {processor.py:179} INFO - Processing /usr/local/lib/python3.10/dist-packages/airflow/example_dags/example_task_group.py took 0.079 seconds
[2023-12-06T18:37:14.857+0000] {processor.py:157} INFO - Started process (PID=4624) to work on /usr/local/lib/python3.10/dist-packages/airflow/example_dags/example_task_group.py
[2023-12-06T18:37:14.858+0000] {processor.py:829} INFO - Processing file /usr/local/lib/python3.10/dist-packages/airflow/example_dags/example_task_group.py for tasks to queue
[2023-12-06T18:37:14.859+0000] {logging_mixin.py:154} INFO - [2023-12-06T18:37:14.859+0000] {dagbag.py:536} INFO - Filling up the DagBag from /usr/local/lib/python3.10/dist-packages/airflow/example_dags/example_task_group.py
[2023-12-06T18:37:14.868+0000] {processor.py:839} INFO - DAG(s) dict_keys(['example_task_group']) retrieved from /usr/local/lib/python3.10/dist-packages/airflow/example_dags/example_task_group.py
[2023-12-06T18:37:14.887+0000] {logging_mixin.py:154} INFO - [2023-12-06T18:37:14.886+0000] {dag.py:2941} INFO - Sync 1 DAGs
[2023-12-06T18:37:14.907+0000] {logging_mixin.py:154} INFO - [2023-12-06T18:37:14.906+0000] {dag.py:3722} INFO - Setting next_dagrun for example_task_group to 2023-12-05T18:37:14.906684+00:00, run_after=2023-12-06T18:37:14.906684+00:00
[2023-12-06T18:37:14.929+0000] {processor.py:179} INFO - Processing /usr/local/lib/python3.10/dist-packages/airflow/example_dags/example_task_group.py took 0.076 seconds
[2023-12-06T18:38:01.238+0000] {processor.py:157} INFO - Started process (PID=4672) to work on /usr/local/lib/python3.10/dist-packages/airflow/example_dags/example_task_group.py
[2023-12-06T18:38:01.240+0000] {processor.py:829} INFO - Processing file /usr/local/lib/python3.10/dist-packages/airflow/example_dags/example_task_group.py for tasks to queue
[2023-12-06T18:38:01.241+0000] {logging_mixin.py:154} INFO - [2023-12-06T18:38:01.240+0000] {dagbag.py:536} INFO - Filling up the DagBag from /usr/local/lib/python3.10/dist-packages/airflow/example_dags/example_task_group.py
[2023-12-06T18:38:01.250+0000] {processor.py:839} INFO - DAG(s) dict_keys(['example_task_group']) retrieved from /usr/local/lib/python3.10/dist-packages/airflow/example_dags/example_task_group.py
[2023-12-06T18:38:01.270+0000] {logging_mixin.py:154} INFO - [2023-12-06T18:38:01.270+0000] {dag.py:2941} INFO - Sync 1 DAGs
[2023-12-06T18:38:01.292+0000] {logging_mixin.py:154} INFO - [2023-12-06T18:38:01.292+0000] {dag.py:3722} INFO - Setting next_dagrun for example_task_group to 2023-12-05T18:38:01.292404+00:00, run_after=2023-12-06T18:38:01.292404+00:00
[2023-12-06T18:38:01.318+0000] {processor.py:179} INFO - Processing /usr/local/lib/python3.10/dist-packages/airflow/example_dags/example_task_group.py took 0.083 seconds
[2023-12-06T18:38:48.275+0000] {processor.py:157} INFO - Started process (PID=4720) to work on /usr/local/lib/python3.10/dist-packages/airflow/example_dags/example_task_group.py
[2023-12-06T18:38:48.277+0000] {processor.py:829} INFO - Processing file /usr/local/lib/python3.10/dist-packages/airflow/example_dags/example_task_group.py for tasks to queue
[2023-12-06T18:38:48.278+0000] {logging_mixin.py:154} INFO - [2023-12-06T18:38:48.277+0000] {dagbag.py:536} INFO - Filling up the DagBag from /usr/local/lib/python3.10/dist-packages/airflow/example_dags/example_task_group.py
[2023-12-06T18:38:48.286+0000] {processor.py:839} INFO - DAG(s) dict_keys(['example_task_group']) retrieved from /usr/local/lib/python3.10/dist-packages/airflow/example_dags/example_task_group.py
[2023-12-06T18:38:48.305+0000] {logging_mixin.py:154} INFO - [2023-12-06T18:38:48.305+0000] {dag.py:2941} INFO - Sync 1 DAGs
[2023-12-06T18:38:48.325+0000] {logging_mixin.py:154} INFO - [2023-12-06T18:38:48.325+0000] {dag.py:3722} INFO - Setting next_dagrun for example_task_group to 2023-12-05T18:38:48.324953+00:00, run_after=2023-12-06T18:38:48.324953+00:00
[2023-12-06T18:38:48.357+0000] {processor.py:179} INFO - Processing /usr/local/lib/python3.10/dist-packages/airflow/example_dags/example_task_group.py took 0.085 seconds
[2023-12-06T18:39:37.162+0000] {processor.py:157} INFO - Started process (PID=4768) to work on /usr/local/lib/python3.10/dist-packages/airflow/example_dags/example_task_group.py
[2023-12-06T18:39:37.163+0000] {processor.py:829} INFO - Processing file /usr/local/lib/python3.10/dist-packages/airflow/example_dags/example_task_group.py for tasks to queue
[2023-12-06T18:39:37.164+0000] {logging_mixin.py:154} INFO - [2023-12-06T18:39:37.164+0000] {dagbag.py:536} INFO - Filling up the DagBag from /usr/local/lib/python3.10/dist-packages/airflow/example_dags/example_task_group.py
[2023-12-06T18:39:37.172+0000] {processor.py:839} INFO - DAG(s) dict_keys(['example_task_group']) retrieved from /usr/local/lib/python3.10/dist-packages/airflow/example_dags/example_task_group.py
[2023-12-06T18:39:37.191+0000] {logging_mixin.py:154} INFO - [2023-12-06T18:39:37.191+0000] {dag.py:2941} INFO - Sync 1 DAGs
[2023-12-06T18:39:37.212+0000] {logging_mixin.py:154} INFO - [2023-12-06T18:39:37.211+0000] {dag.py:3722} INFO - Setting next_dagrun for example_task_group to 2023-12-05T18:39:37.211603+00:00, run_after=2023-12-06T18:39:37.211603+00:00
[2023-12-06T18:39:37.238+0000] {processor.py:179} INFO - Processing /usr/local/lib/python3.10/dist-packages/airflow/example_dags/example_task_group.py took 0.080 seconds
[2023-12-06T18:40:26.424+0000] {processor.py:157} INFO - Started process (PID=4818) to work on /usr/local/lib/python3.10/dist-packages/airflow/example_dags/example_task_group.py
[2023-12-06T18:40:26.426+0000] {processor.py:829} INFO - Processing file /usr/local/lib/python3.10/dist-packages/airflow/example_dags/example_task_group.py for tasks to queue
[2023-12-06T18:40:26.426+0000] {logging_mixin.py:154} INFO - [2023-12-06T18:40:26.426+0000] {dagbag.py:536} INFO - Filling up the DagBag from /usr/local/lib/python3.10/dist-packages/airflow/example_dags/example_task_group.py
[2023-12-06T18:40:26.435+0000] {processor.py:839} INFO - DAG(s) dict_keys(['example_task_group']) retrieved from /usr/local/lib/python3.10/dist-packages/airflow/example_dags/example_task_group.py
[2023-12-06T18:40:26.454+0000] {logging_mixin.py:154} INFO - [2023-12-06T18:40:26.454+0000] {dag.py:2941} INFO - Sync 1 DAGs
[2023-12-06T18:40:26.475+0000] {logging_mixin.py:154} INFO - [2023-12-06T18:40:26.475+0000] {dag.py:3722} INFO - Setting next_dagrun for example_task_group to 2023-12-05T18:40:26.475311+00:00, run_after=2023-12-06T18:40:26.475311+00:00
[2023-12-06T18:40:26.500+0000] {processor.py:179} INFO - Processing /usr/local/lib/python3.10/dist-packages/airflow/example_dags/example_task_group.py took 0.080 seconds
[2023-12-06T18:41:17.414+0000] {processor.py:157} INFO - Started process (PID=4869) to work on /usr/local/lib/python3.10/dist-packages/airflow/example_dags/example_task_group.py
[2023-12-06T18:41:17.415+0000] {processor.py:829} INFO - Processing file /usr/local/lib/python3.10/dist-packages/airflow/example_dags/example_task_group.py for tasks to queue
[2023-12-06T18:41:17.416+0000] {logging_mixin.py:154} INFO - [2023-12-06T18:41:17.416+0000] {dagbag.py:536} INFO - Filling up the DagBag from /usr/local/lib/python3.10/dist-packages/airflow/example_dags/example_task_group.py
[2023-12-06T18:41:17.425+0000] {processor.py:839} INFO - DAG(s) dict_keys(['example_task_group']) retrieved from /usr/local/lib/python3.10/dist-packages/airflow/example_dags/example_task_group.py
[2023-12-06T18:41:17.444+0000] {logging_mixin.py:154} INFO - [2023-12-06T18:41:17.443+0000] {dag.py:2941} INFO - Sync 1 DAGs
[2023-12-06T18:41:17.464+0000] {logging_mixin.py:154} INFO - [2023-12-06T18:41:17.464+0000] {dag.py:3722} INFO - Setting next_dagrun for example_task_group to 2023-12-05T18:41:17.464455+00:00, run_after=2023-12-06T18:41:17.464455+00:00
[2023-12-06T18:41:17.487+0000] {processor.py:179} INFO - Processing /usr/local/lib/python3.10/dist-packages/airflow/example_dags/example_task_group.py took 0.077 seconds
[2023-12-06T18:42:03.572+0000] {processor.py:157} INFO - Started process (PID=4916) to work on /usr/local/lib/python3.10/dist-packages/airflow/example_dags/example_task_group.py
[2023-12-06T18:42:03.573+0000] {processor.py:829} INFO - Processing file /usr/local/lib/python3.10/dist-packages/airflow/example_dags/example_task_group.py for tasks to queue
[2023-12-06T18:42:03.574+0000] {logging_mixin.py:154} INFO - [2023-12-06T18:42:03.574+0000] {dagbag.py:536} INFO - Filling up the DagBag from /usr/local/lib/python3.10/dist-packages/airflow/example_dags/example_task_group.py
[2023-12-06T18:42:03.583+0000] {processor.py:839} INFO - DAG(s) dict_keys(['example_task_group']) retrieved from /usr/local/lib/python3.10/dist-packages/airflow/example_dags/example_task_group.py
[2023-12-06T18:42:03.603+0000] {logging_mixin.py:154} INFO - [2023-12-06T18:42:03.603+0000] {dag.py:2941} INFO - Sync 1 DAGs
[2023-12-06T18:42:03.624+0000] {logging_mixin.py:154} INFO - [2023-12-06T18:42:03.624+0000] {dag.py:3722} INFO - Setting next_dagrun for example_task_group to 2023-12-05T18:42:03.624026+00:00, run_after=2023-12-06T18:42:03.624026+00:00
[2023-12-06T18:42:03.649+0000] {processor.py:179} INFO - Processing /usr/local/lib/python3.10/dist-packages/airflow/example_dags/example_task_group.py took 0.081 seconds
[2023-12-06T18:42:51.691+0000] {processor.py:157} INFO - Started process (PID=4964) to work on /usr/local/lib/python3.10/dist-packages/airflow/example_dags/example_task_group.py
[2023-12-06T18:42:51.692+0000] {processor.py:829} INFO - Processing file /usr/local/lib/python3.10/dist-packages/airflow/example_dags/example_task_group.py for tasks to queue
[2023-12-06T18:42:51.693+0000] {logging_mixin.py:154} INFO - [2023-12-06T18:42:51.693+0000] {dagbag.py:536} INFO - Filling up the DagBag from /usr/local/lib/python3.10/dist-packages/airflow/example_dags/example_task_group.py
[2023-12-06T18:42:51.702+0000] {processor.py:839} INFO - DAG(s) dict_keys(['example_task_group']) retrieved from /usr/local/lib/python3.10/dist-packages/airflow/example_dags/example_task_group.py
[2023-12-06T18:42:51.721+0000] {logging_mixin.py:154} INFO - [2023-12-06T18:42:51.720+0000] {dag.py:2941} INFO - Sync 1 DAGs
[2023-12-06T18:42:51.741+0000] {logging_mixin.py:154} INFO - [2023-12-06T18:42:51.741+0000] {dag.py:3722} INFO - Setting next_dagrun for example_task_group to 2023-12-05T18:42:51.740810+00:00, run_after=2023-12-06T18:42:51.740810+00:00
[2023-12-06T18:42:51.765+0000] {processor.py:179} INFO - Processing /usr/local/lib/python3.10/dist-packages/airflow/example_dags/example_task_group.py took 0.078 seconds
[2023-12-06T18:43:44.534+0000] {processor.py:157} INFO - Started process (PID=5017) to work on /usr/local/lib/python3.10/dist-packages/airflow/example_dags/example_task_group.py
[2023-12-06T18:43:44.536+0000] {processor.py:829} INFO - Processing file /usr/local/lib/python3.10/dist-packages/airflow/example_dags/example_task_group.py for tasks to queue
[2023-12-06T18:43:44.537+0000] {logging_mixin.py:154} INFO - [2023-12-06T18:43:44.537+0000] {dagbag.py:536} INFO - Filling up the DagBag from /usr/local/lib/python3.10/dist-packages/airflow/example_dags/example_task_group.py
[2023-12-06T18:43:44.546+0000] {processor.py:839} INFO - DAG(s) dict_keys(['example_task_group']) retrieved from /usr/local/lib/python3.10/dist-packages/airflow/example_dags/example_task_group.py
[2023-12-06T18:43:44.564+0000] {logging_mixin.py:154} INFO - [2023-12-06T18:43:44.564+0000] {dag.py:2941} INFO - Sync 1 DAGs
[2023-12-06T18:43:44.585+0000] {logging_mixin.py:154} INFO - [2023-12-06T18:43:44.585+0000] {dag.py:3722} INFO - Setting next_dagrun for example_task_group to 2023-12-05T18:43:44.585306+00:00, run_after=2023-12-06T18:43:44.585306+00:00
[2023-12-06T18:43:44.608+0000] {processor.py:179} INFO - Processing /usr/local/lib/python3.10/dist-packages/airflow/example_dags/example_task_group.py took 0.077 seconds
[2023-12-06T18:44:34.083+0000] {processor.py:157} INFO - Started process (PID=5066) to work on /usr/local/lib/python3.10/dist-packages/airflow/example_dags/example_task_group.py
[2023-12-06T18:44:34.084+0000] {processor.py:829} INFO - Processing file /usr/local/lib/python3.10/dist-packages/airflow/example_dags/example_task_group.py for tasks to queue
[2023-12-06T18:44:34.085+0000] {logging_mixin.py:154} INFO - [2023-12-06T18:44:34.085+0000] {dagbag.py:536} INFO - Filling up the DagBag from /usr/local/lib/python3.10/dist-packages/airflow/example_dags/example_task_group.py
[2023-12-06T18:44:34.094+0000] {processor.py:839} INFO - DAG(s) dict_keys(['example_task_group']) retrieved from /usr/local/lib/python3.10/dist-packages/airflow/example_dags/example_task_group.py
[2023-12-06T18:44:34.112+0000] {logging_mixin.py:154} INFO - [2023-12-06T18:44:34.112+0000] {dag.py:2941} INFO - Sync 1 DAGs
[2023-12-06T18:44:34.132+0000] {logging_mixin.py:154} INFO - [2023-12-06T18:44:34.131+0000] {dag.py:3722} INFO - Setting next_dagrun for example_task_group to 2023-12-05T18:44:34.131685+00:00, run_after=2023-12-06T18:44:34.131685+00:00
[2023-12-06T18:44:34.154+0000] {processor.py:179} INFO - Processing /usr/local/lib/python3.10/dist-packages/airflow/example_dags/example_task_group.py took 0.075 seconds
[2023-12-06T18:45:18.977+0000] {processor.py:157} INFO - Started process (PID=5112) to work on /usr/local/lib/python3.10/dist-packages/airflow/example_dags/example_task_group.py
[2023-12-06T18:45:18.978+0000] {processor.py:829} INFO - Processing file /usr/local/lib/python3.10/dist-packages/airflow/example_dags/example_task_group.py for tasks to queue
[2023-12-06T18:45:18.979+0000] {logging_mixin.py:154} INFO - [2023-12-06T18:45:18.979+0000] {dagbag.py:536} INFO - Filling up the DagBag from /usr/local/lib/python3.10/dist-packages/airflow/example_dags/example_task_group.py
[2023-12-06T18:45:18.988+0000] {processor.py:839} INFO - DAG(s) dict_keys(['example_task_group']) retrieved from /usr/local/lib/python3.10/dist-packages/airflow/example_dags/example_task_group.py
[2023-12-06T18:45:19.007+0000] {logging_mixin.py:154} INFO - [2023-12-06T18:45:19.006+0000] {dag.py:2941} INFO - Sync 1 DAGs
[2023-12-06T18:45:19.027+0000] {logging_mixin.py:154} INFO - [2023-12-06T18:45:19.027+0000] {dag.py:3722} INFO - Setting next_dagrun for example_task_group to 2023-12-05T18:45:19.027435+00:00, run_after=2023-12-06T18:45:19.027435+00:00
[2023-12-06T18:45:19.050+0000] {processor.py:179} INFO - Processing /usr/local/lib/python3.10/dist-packages/airflow/example_dags/example_task_group.py took 0.076 seconds
[2023-12-06T18:46:04.280+0000] {processor.py:157} INFO - Started process (PID=5161) to work on /usr/local/lib/python3.10/dist-packages/airflow/example_dags/example_task_group.py
[2023-12-06T18:46:04.282+0000] {processor.py:829} INFO - Processing file /usr/local/lib/python3.10/dist-packages/airflow/example_dags/example_task_group.py for tasks to queue
[2023-12-06T18:46:04.283+0000] {logging_mixin.py:154} INFO - [2023-12-06T18:46:04.282+0000] {dagbag.py:536} INFO - Filling up the DagBag from /usr/local/lib/python3.10/dist-packages/airflow/example_dags/example_task_group.py
[2023-12-06T18:46:04.292+0000] {processor.py:839} INFO - DAG(s) dict_keys(['example_task_group']) retrieved from /usr/local/lib/python3.10/dist-packages/airflow/example_dags/example_task_group.py
[2023-12-06T18:46:04.311+0000] {logging_mixin.py:154} INFO - [2023-12-06T18:46:04.311+0000] {dag.py:2941} INFO - Sync 1 DAGs
[2023-12-06T18:46:04.332+0000] {logging_mixin.py:154} INFO - [2023-12-06T18:46:04.332+0000] {dag.py:3722} INFO - Setting next_dagrun for example_task_group to 2023-12-05T18:46:04.332018+00:00, run_after=2023-12-06T18:46:04.332018+00:00
[2023-12-06T18:46:04.355+0000] {processor.py:179} INFO - Processing /usr/local/lib/python3.10/dist-packages/airflow/example_dags/example_task_group.py took 0.078 seconds
[2023-12-06T18:46:47.137+0000] {processor.py:157} INFO - Started process (PID=5209) to work on /usr/local/lib/python3.10/dist-packages/airflow/example_dags/example_task_group.py
[2023-12-06T18:46:47.139+0000] {processor.py:829} INFO - Processing file /usr/local/lib/python3.10/dist-packages/airflow/example_dags/example_task_group.py for tasks to queue
[2023-12-06T18:46:47.140+0000] {logging_mixin.py:154} INFO - [2023-12-06T18:46:47.140+0000] {dagbag.py:536} INFO - Filling up the DagBag from /usr/local/lib/python3.10/dist-packages/airflow/example_dags/example_task_group.py
[2023-12-06T18:46:47.149+0000] {processor.py:839} INFO - DAG(s) dict_keys(['example_task_group']) retrieved from /usr/local/lib/python3.10/dist-packages/airflow/example_dags/example_task_group.py
[2023-12-06T18:46:47.168+0000] {logging_mixin.py:154} INFO - [2023-12-06T18:46:47.168+0000] {dag.py:2941} INFO - Sync 1 DAGs
[2023-12-06T18:46:47.189+0000] {logging_mixin.py:154} INFO - [2023-12-06T18:46:47.189+0000] {dag.py:3722} INFO - Setting next_dagrun for example_task_group to 2023-12-05T18:46:47.188881+00:00, run_after=2023-12-06T18:46:47.188881+00:00
[2023-12-06T18:46:47.212+0000] {processor.py:179} INFO - Processing /usr/local/lib/python3.10/dist-packages/airflow/example_dags/example_task_group.py took 0.078 seconds
[2023-12-06T18:47:39.816+0000] {processor.py:157} INFO - Started process (PID=5259) to work on /usr/local/lib/python3.10/dist-packages/airflow/example_dags/example_task_group.py
[2023-12-06T18:47:39.818+0000] {processor.py:829} INFO - Processing file /usr/local/lib/python3.10/dist-packages/airflow/example_dags/example_task_group.py for tasks to queue
[2023-12-06T18:47:39.819+0000] {logging_mixin.py:154} INFO - [2023-12-06T18:47:39.818+0000] {dagbag.py:536} INFO - Filling up the DagBag from /usr/local/lib/python3.10/dist-packages/airflow/example_dags/example_task_group.py
[2023-12-06T18:47:39.827+0000] {processor.py:839} INFO - DAG(s) dict_keys(['example_task_group']) retrieved from /usr/local/lib/python3.10/dist-packages/airflow/example_dags/example_task_group.py
[2023-12-06T18:47:39.846+0000] {logging_mixin.py:154} INFO - [2023-12-06T18:47:39.846+0000] {dag.py:2941} INFO - Sync 1 DAGs
[2023-12-06T18:47:39.873+0000] {logging_mixin.py:154} INFO - [2023-12-06T18:47:39.873+0000] {dag.py:3722} INFO - Setting next_dagrun for example_task_group to 2023-12-05T18:47:39.873054+00:00, run_after=2023-12-06T18:47:39.873054+00:00
[2023-12-06T18:47:39.898+0000] {processor.py:179} INFO - Processing /usr/local/lib/python3.10/dist-packages/airflow/example_dags/example_task_group.py took 0.085 seconds
[2023-12-06T18:48:29.050+0000] {processor.py:157} INFO - Started process (PID=5310) to work on /usr/local/lib/python3.10/dist-packages/airflow/example_dags/example_task_group.py
[2023-12-06T18:48:29.051+0000] {processor.py:829} INFO - Processing file /usr/local/lib/python3.10/dist-packages/airflow/example_dags/example_task_group.py for tasks to queue
[2023-12-06T18:48:29.052+0000] {logging_mixin.py:154} INFO - [2023-12-06T18:48:29.052+0000] {dagbag.py:536} INFO - Filling up the DagBag from /usr/local/lib/python3.10/dist-packages/airflow/example_dags/example_task_group.py
[2023-12-06T18:48:29.061+0000] {processor.py:839} INFO - DAG(s) dict_keys(['example_task_group']) retrieved from /usr/local/lib/python3.10/dist-packages/airflow/example_dags/example_task_group.py
[2023-12-06T18:48:29.081+0000] {logging_mixin.py:154} INFO - [2023-12-06T18:48:29.080+0000] {dag.py:2941} INFO - Sync 1 DAGs
[2023-12-06T18:48:29.101+0000] {logging_mixin.py:154} INFO - [2023-12-06T18:48:29.101+0000] {dag.py:3722} INFO - Setting next_dagrun for example_task_group to 2023-12-05T18:48:29.101420+00:00, run_after=2023-12-06T18:48:29.101420+00:00
[2023-12-06T18:48:29.124+0000] {processor.py:179} INFO - Processing /usr/local/lib/python3.10/dist-packages/airflow/example_dags/example_task_group.py took 0.078 seconds
[2023-12-06T18:49:15.927+0000] {processor.py:157} INFO - Started process (PID=5358) to work on /usr/local/lib/python3.10/dist-packages/airflow/example_dags/example_task_group.py
[2023-12-06T18:49:15.929+0000] {processor.py:829} INFO - Processing file /usr/local/lib/python3.10/dist-packages/airflow/example_dags/example_task_group.py for tasks to queue
[2023-12-06T18:49:15.930+0000] {logging_mixin.py:154} INFO - [2023-12-06T18:49:15.929+0000] {dagbag.py:536} INFO - Filling up the DagBag from /usr/local/lib/python3.10/dist-packages/airflow/example_dags/example_task_group.py
[2023-12-06T18:49:15.939+0000] {processor.py:839} INFO - DAG(s) dict_keys(['example_task_group']) retrieved from /usr/local/lib/python3.10/dist-packages/airflow/example_dags/example_task_group.py
[2023-12-06T18:49:15.958+0000] {logging_mixin.py:154} INFO - [2023-12-06T18:49:15.958+0000] {dag.py:2941} INFO - Sync 1 DAGs
[2023-12-06T18:49:15.981+0000] {logging_mixin.py:154} INFO - [2023-12-06T18:49:15.981+0000] {dag.py:3722} INFO - Setting next_dagrun for example_task_group to 2023-12-05T18:49:15.981360+00:00, run_after=2023-12-06T18:49:15.981360+00:00
[2023-12-06T18:49:16.008+0000] {processor.py:179} INFO - Processing /usr/local/lib/python3.10/dist-packages/airflow/example_dags/example_task_group.py took 0.085 seconds
[2023-12-06T18:49:58.425+0000] {processor.py:157} INFO - Started process (PID=5404) to work on /usr/local/lib/python3.10/dist-packages/airflow/example_dags/example_task_group.py
[2023-12-06T18:49:58.427+0000] {processor.py:829} INFO - Processing file /usr/local/lib/python3.10/dist-packages/airflow/example_dags/example_task_group.py for tasks to queue
[2023-12-06T18:49:58.428+0000] {logging_mixin.py:154} INFO - [2023-12-06T18:49:58.427+0000] {dagbag.py:536} INFO - Filling up the DagBag from /usr/local/lib/python3.10/dist-packages/airflow/example_dags/example_task_group.py
[2023-12-06T18:49:58.437+0000] {processor.py:839} INFO - DAG(s) dict_keys(['example_task_group']) retrieved from /usr/local/lib/python3.10/dist-packages/airflow/example_dags/example_task_group.py
[2023-12-06T18:49:58.455+0000] {logging_mixin.py:154} INFO - [2023-12-06T18:49:58.455+0000] {dag.py:2941} INFO - Sync 1 DAGs
[2023-12-06T18:49:58.476+0000] {logging_mixin.py:154} INFO - [2023-12-06T18:49:58.475+0000] {dag.py:3722} INFO - Setting next_dagrun for example_task_group to 2023-12-05T18:49:58.475674+00:00, run_after=2023-12-06T18:49:58.475674+00:00
[2023-12-06T18:49:58.499+0000] {processor.py:179} INFO - Processing /usr/local/lib/python3.10/dist-packages/airflow/example_dags/example_task_group.py took 0.077 seconds
[2023-12-06T18:50:40.167+0000] {processor.py:157} INFO - Started process (PID=5447) to work on /usr/local/lib/python3.10/dist-packages/airflow/example_dags/example_task_group.py
[2023-12-06T18:50:40.169+0000] {processor.py:829} INFO - Processing file /usr/local/lib/python3.10/dist-packages/airflow/example_dags/example_task_group.py for tasks to queue
[2023-12-06T18:50:40.170+0000] {logging_mixin.py:154} INFO - [2023-12-06T18:50:40.170+0000] {dagbag.py:536} INFO - Filling up the DagBag from /usr/local/lib/python3.10/dist-packages/airflow/example_dags/example_task_group.py
[2023-12-06T18:50:40.179+0000] {processor.py:839} INFO - DAG(s) dict_keys(['example_task_group']) retrieved from /usr/local/lib/python3.10/dist-packages/airflow/example_dags/example_task_group.py
[2023-12-06T18:50:40.198+0000] {logging_mixin.py:154} INFO - [2023-12-06T18:50:40.198+0000] {dag.py:2941} INFO - Sync 1 DAGs
[2023-12-06T18:50:40.219+0000] {logging_mixin.py:154} INFO - [2023-12-06T18:50:40.219+0000] {dag.py:3722} INFO - Setting next_dagrun for example_task_group to 2023-12-05T18:50:40.219041+00:00, run_after=2023-12-06T18:50:40.219041+00:00
[2023-12-06T18:50:40.243+0000] {processor.py:179} INFO - Processing /usr/local/lib/python3.10/dist-packages/airflow/example_dags/example_task_group.py took 0.080 seconds
[2023-12-06T18:51:22.656+0000] {processor.py:157} INFO - Started process (PID=5495) to work on /usr/local/lib/python3.10/dist-packages/airflow/example_dags/example_task_group.py
[2023-12-06T18:51:22.657+0000] {processor.py:829} INFO - Processing file /usr/local/lib/python3.10/dist-packages/airflow/example_dags/example_task_group.py for tasks to queue
[2023-12-06T18:51:22.658+0000] {logging_mixin.py:154} INFO - [2023-12-06T18:51:22.658+0000] {dagbag.py:536} INFO - Filling up the DagBag from /usr/local/lib/python3.10/dist-packages/airflow/example_dags/example_task_group.py
[2023-12-06T18:51:22.667+0000] {processor.py:839} INFO - DAG(s) dict_keys(['example_task_group']) retrieved from /usr/local/lib/python3.10/dist-packages/airflow/example_dags/example_task_group.py
[2023-12-06T18:51:22.685+0000] {logging_mixin.py:154} INFO - [2023-12-06T18:51:22.685+0000] {dag.py:2941} INFO - Sync 1 DAGs
[2023-12-06T18:51:22.706+0000] {logging_mixin.py:154} INFO - [2023-12-06T18:51:22.705+0000] {dag.py:3722} INFO - Setting next_dagrun for example_task_group to 2023-12-05T18:51:22.705577+00:00, run_after=2023-12-06T18:51:22.705577+00:00
[2023-12-06T18:51:22.728+0000] {processor.py:179} INFO - Processing /usr/local/lib/python3.10/dist-packages/airflow/example_dags/example_task_group.py took 0.076 seconds
[2023-12-06T18:52:05.563+0000] {processor.py:157} INFO - Started process (PID=5540) to work on /usr/local/lib/python3.10/dist-packages/airflow/example_dags/example_task_group.py
[2023-12-06T18:52:05.565+0000] {processor.py:829} INFO - Processing file /usr/local/lib/python3.10/dist-packages/airflow/example_dags/example_task_group.py for tasks to queue
[2023-12-06T18:52:05.566+0000] {logging_mixin.py:154} INFO - [2023-12-06T18:52:05.565+0000] {dagbag.py:536} INFO - Filling up the DagBag from /usr/local/lib/python3.10/dist-packages/airflow/example_dags/example_task_group.py
[2023-12-06T18:52:05.575+0000] {processor.py:839} INFO - DAG(s) dict_keys(['example_task_group']) retrieved from /usr/local/lib/python3.10/dist-packages/airflow/example_dags/example_task_group.py
[2023-12-06T18:52:05.594+0000] {logging_mixin.py:154} INFO - [2023-12-06T18:52:05.594+0000] {dag.py:2941} INFO - Sync 1 DAGs
[2023-12-06T18:52:05.616+0000] {logging_mixin.py:154} INFO - [2023-12-06T18:52:05.616+0000] {dag.py:3722} INFO - Setting next_dagrun for example_task_group to 2023-12-05T18:52:05.616101+00:00, run_after=2023-12-06T18:52:05.616101+00:00
[2023-12-06T18:52:05.642+0000] {processor.py:179} INFO - Processing /usr/local/lib/python3.10/dist-packages/airflow/example_dags/example_task_group.py took 0.082 seconds
[2023-12-06T18:52:53.103+0000] {processor.py:157} INFO - Started process (PID=5588) to work on /usr/local/lib/python3.10/dist-packages/airflow/example_dags/example_task_group.py
[2023-12-06T18:52:53.105+0000] {processor.py:829} INFO - Processing file /usr/local/lib/python3.10/dist-packages/airflow/example_dags/example_task_group.py for tasks to queue
[2023-12-06T18:52:53.106+0000] {logging_mixin.py:154} INFO - [2023-12-06T18:52:53.105+0000] {dagbag.py:536} INFO - Filling up the DagBag from /usr/local/lib/python3.10/dist-packages/airflow/example_dags/example_task_group.py
[2023-12-06T18:52:53.121+0000] {processor.py:839} INFO - DAG(s) dict_keys(['example_task_group']) retrieved from /usr/local/lib/python3.10/dist-packages/airflow/example_dags/example_task_group.py
[2023-12-06T18:52:53.140+0000] {logging_mixin.py:154} INFO - [2023-12-06T18:52:53.139+0000] {dag.py:2941} INFO - Sync 1 DAGs
[2023-12-06T18:52:53.160+0000] {logging_mixin.py:154} INFO - [2023-12-06T18:52:53.160+0000] {dag.py:3722} INFO - Setting next_dagrun for example_task_group to 2023-12-05T18:52:53.160112+00:00, run_after=2023-12-06T18:52:53.160112+00:00
[2023-12-06T18:52:53.184+0000] {processor.py:179} INFO - Processing /usr/local/lib/python3.10/dist-packages/airflow/example_dags/example_task_group.py took 0.085 seconds
[2023-12-06T18:53:40.493+0000] {processor.py:157} INFO - Started process (PID=5635) to work on /usr/local/lib/python3.10/dist-packages/airflow/example_dags/example_task_group.py
[2023-12-06T18:53:40.494+0000] {processor.py:829} INFO - Processing file /usr/local/lib/python3.10/dist-packages/airflow/example_dags/example_task_group.py for tasks to queue
[2023-12-06T18:53:40.495+0000] {logging_mixin.py:154} INFO - [2023-12-06T18:53:40.494+0000] {dagbag.py:536} INFO - Filling up the DagBag from /usr/local/lib/python3.10/dist-packages/airflow/example_dags/example_task_group.py
[2023-12-06T18:53:40.504+0000] {processor.py:839} INFO - DAG(s) dict_keys(['example_task_group']) retrieved from /usr/local/lib/python3.10/dist-packages/airflow/example_dags/example_task_group.py
[2023-12-06T18:53:40.523+0000] {logging_mixin.py:154} INFO - [2023-12-06T18:53:40.522+0000] {dag.py:2941} INFO - Sync 1 DAGs
[2023-12-06T18:53:40.544+0000] {logging_mixin.py:154} INFO - [2023-12-06T18:53:40.544+0000] {dag.py:3722} INFO - Setting next_dagrun for example_task_group to 2023-12-05T18:53:40.544066+00:00, run_after=2023-12-06T18:53:40.544066+00:00
[2023-12-06T18:53:40.566+0000] {processor.py:179} INFO - Processing /usr/local/lib/python3.10/dist-packages/airflow/example_dags/example_task_group.py took 0.078 seconds
[2023-12-06T18:54:20.310+0000] {processor.py:157} INFO - Started process (PID=5678) to work on /usr/local/lib/python3.10/dist-packages/airflow/example_dags/example_task_group.py
[2023-12-06T18:54:20.311+0000] {processor.py:829} INFO - Processing file /usr/local/lib/python3.10/dist-packages/airflow/example_dags/example_task_group.py for tasks to queue
[2023-12-06T18:54:20.312+0000] {logging_mixin.py:154} INFO - [2023-12-06T18:54:20.312+0000] {dagbag.py:536} INFO - Filling up the DagBag from /usr/local/lib/python3.10/dist-packages/airflow/example_dags/example_task_group.py
[2023-12-06T18:54:20.321+0000] {processor.py:839} INFO - DAG(s) dict_keys(['example_task_group']) retrieved from /usr/local/lib/python3.10/dist-packages/airflow/example_dags/example_task_group.py
[2023-12-06T18:54:20.340+0000] {logging_mixin.py:154} INFO - [2023-12-06T18:54:20.340+0000] {dag.py:2941} INFO - Sync 1 DAGs
[2023-12-06T18:54:20.361+0000] {logging_mixin.py:154} INFO - [2023-12-06T18:54:20.361+0000] {dag.py:3722} INFO - Setting next_dagrun for example_task_group to 2023-12-05T18:54:20.361271+00:00, run_after=2023-12-06T18:54:20.361271+00:00
[2023-12-06T18:54:20.385+0000] {processor.py:179} INFO - Processing /usr/local/lib/python3.10/dist-packages/airflow/example_dags/example_task_group.py took 0.079 seconds
[2023-12-06T18:55:07.394+0000] {processor.py:157} INFO - Started process (PID=5727) to work on /usr/local/lib/python3.10/dist-packages/airflow/example_dags/example_task_group.py
[2023-12-06T18:55:07.395+0000] {processor.py:829} INFO - Processing file /usr/local/lib/python3.10/dist-packages/airflow/example_dags/example_task_group.py for tasks to queue
[2023-12-06T18:55:07.396+0000] {logging_mixin.py:154} INFO - [2023-12-06T18:55:07.396+0000] {dagbag.py:536} INFO - Filling up the DagBag from /usr/local/lib/python3.10/dist-packages/airflow/example_dags/example_task_group.py
[2023-12-06T18:55:07.409+0000] {processor.py:839} INFO - DAG(s) dict_keys(['example_task_group']) retrieved from /usr/local/lib/python3.10/dist-packages/airflow/example_dags/example_task_group.py
[2023-12-06T18:55:07.429+0000] {logging_mixin.py:154} INFO - [2023-12-06T18:55:07.429+0000] {dag.py:2941} INFO - Sync 1 DAGs
[2023-12-06T18:55:07.450+0000] {logging_mixin.py:154} INFO - [2023-12-06T18:55:07.450+0000] {dag.py:3722} INFO - Setting next_dagrun for example_task_group to 2023-12-05T18:55:07.450295+00:00, run_after=2023-12-06T18:55:07.450295+00:00
[2023-12-06T18:55:07.475+0000] {processor.py:179} INFO - Processing /usr/local/lib/python3.10/dist-packages/airflow/example_dags/example_task_group.py took 0.092 seconds
[2023-12-06T18:55:53.303+0000] {processor.py:157} INFO - Started process (PID=5774) to work on /usr/local/lib/python3.10/dist-packages/airflow/example_dags/example_task_group.py
[2023-12-06T18:55:53.304+0000] {processor.py:829} INFO - Processing file /usr/local/lib/python3.10/dist-packages/airflow/example_dags/example_task_group.py for tasks to queue
[2023-12-06T18:55:53.305+0000] {logging_mixin.py:154} INFO - [2023-12-06T18:55:53.305+0000] {dagbag.py:536} INFO - Filling up the DagBag from /usr/local/lib/python3.10/dist-packages/airflow/example_dags/example_task_group.py
[2023-12-06T18:55:53.314+0000] {processor.py:839} INFO - DAG(s) dict_keys(['example_task_group']) retrieved from /usr/local/lib/python3.10/dist-packages/airflow/example_dags/example_task_group.py
[2023-12-06T18:55:53.333+0000] {logging_mixin.py:154} INFO - [2023-12-06T18:55:53.333+0000] {dag.py:2941} INFO - Sync 1 DAGs
[2023-12-06T18:55:53.353+0000] {logging_mixin.py:154} INFO - [2023-12-06T18:55:53.353+0000] {dag.py:3722} INFO - Setting next_dagrun for example_task_group to 2023-12-05T18:55:53.352854+00:00, run_after=2023-12-06T18:55:53.352854+00:00
[2023-12-06T18:55:53.376+0000] {processor.py:179} INFO - Processing /usr/local/lib/python3.10/dist-packages/airflow/example_dags/example_task_group.py took 0.076 seconds
[2023-12-06T18:56:41.724+0000] {processor.py:157} INFO - Started process (PID=5823) to work on /usr/local/lib/python3.10/dist-packages/airflow/example_dags/example_task_group.py
[2023-12-06T18:56:41.725+0000] {processor.py:829} INFO - Processing file /usr/local/lib/python3.10/dist-packages/airflow/example_dags/example_task_group.py for tasks to queue
[2023-12-06T18:56:41.726+0000] {logging_mixin.py:154} INFO - [2023-12-06T18:56:41.726+0000] {dagbag.py:536} INFO - Filling up the DagBag from /usr/local/lib/python3.10/dist-packages/airflow/example_dags/example_task_group.py
[2023-12-06T18:56:41.735+0000] {processor.py:839} INFO - DAG(s) dict_keys(['example_task_group']) retrieved from /usr/local/lib/python3.10/dist-packages/airflow/example_dags/example_task_group.py
[2023-12-06T18:56:41.754+0000] {logging_mixin.py:154} INFO - [2023-12-06T18:56:41.754+0000] {dag.py:2941} INFO - Sync 1 DAGs
[2023-12-06T18:56:41.780+0000] {logging_mixin.py:154} INFO - [2023-12-06T18:56:41.780+0000] {dag.py:3722} INFO - Setting next_dagrun for example_task_group to 2023-12-05T18:56:41.780210+00:00, run_after=2023-12-06T18:56:41.780210+00:00
[2023-12-06T18:56:41.803+0000] {processor.py:179} INFO - Processing /usr/local/lib/python3.10/dist-packages/airflow/example_dags/example_task_group.py took 0.082 seconds
[2023-12-06T18:57:27.017+0000] {processor.py:157} INFO - Started process (PID=5872) to work on /usr/local/lib/python3.10/dist-packages/airflow/example_dags/example_task_group.py
[2023-12-06T18:57:27.019+0000] {processor.py:829} INFO - Processing file /usr/local/lib/python3.10/dist-packages/airflow/example_dags/example_task_group.py for tasks to queue
[2023-12-06T18:57:27.020+0000] {logging_mixin.py:154} INFO - [2023-12-06T18:57:27.019+0000] {dagbag.py:536} INFO - Filling up the DagBag from /usr/local/lib/python3.10/dist-packages/airflow/example_dags/example_task_group.py
[2023-12-06T18:57:27.029+0000] {processor.py:839} INFO - DAG(s) dict_keys(['example_task_group']) retrieved from /usr/local/lib/python3.10/dist-packages/airflow/example_dags/example_task_group.py
[2023-12-06T18:57:27.048+0000] {logging_mixin.py:154} INFO - [2023-12-06T18:57:27.048+0000] {dag.py:2941} INFO - Sync 1 DAGs
[2023-12-06T18:57:27.069+0000] {logging_mixin.py:154} INFO - [2023-12-06T18:57:27.069+0000] {dag.py:3722} INFO - Setting next_dagrun for example_task_group to 2023-12-05T18:57:27.069108+00:00, run_after=2023-12-06T18:57:27.069108+00:00
[2023-12-06T18:57:27.093+0000] {processor.py:179} INFO - Processing /usr/local/lib/python3.10/dist-packages/airflow/example_dags/example_task_group.py took 0.079 seconds
[2023-12-06T18:58:12.709+0000] {processor.py:157} INFO - Started process (PID=5919) to work on /usr/local/lib/python3.10/dist-packages/airflow/example_dags/example_task_group.py
[2023-12-06T18:58:12.711+0000] {processor.py:829} INFO - Processing file /usr/local/lib/python3.10/dist-packages/airflow/example_dags/example_task_group.py for tasks to queue
[2023-12-06T18:58:12.712+0000] {logging_mixin.py:154} INFO - [2023-12-06T18:58:12.712+0000] {dagbag.py:536} INFO - Filling up the DagBag from /usr/local/lib/python3.10/dist-packages/airflow/example_dags/example_task_group.py
[2023-12-06T18:58:12.721+0000] {processor.py:839} INFO - DAG(s) dict_keys(['example_task_group']) retrieved from /usr/local/lib/python3.10/dist-packages/airflow/example_dags/example_task_group.py
[2023-12-06T18:58:12.739+0000] {logging_mixin.py:154} INFO - [2023-12-06T18:58:12.739+0000] {dag.py:2941} INFO - Sync 1 DAGs
[2023-12-06T18:58:12.759+0000] {logging_mixin.py:154} INFO - [2023-12-06T18:58:12.759+0000] {dag.py:3722} INFO - Setting next_dagrun for example_task_group to 2023-12-05T18:58:12.759002+00:00, run_after=2023-12-06T18:58:12.759002+00:00
[2023-12-06T18:58:12.782+0000] {processor.py:179} INFO - Processing /usr/local/lib/python3.10/dist-packages/airflow/example_dags/example_task_group.py took 0.076 seconds
[2023-12-06T18:58:56.693+0000] {processor.py:157} INFO - Started process (PID=5965) to work on /usr/local/lib/python3.10/dist-packages/airflow/example_dags/example_task_group.py
[2023-12-06T18:58:56.694+0000] {processor.py:829} INFO - Processing file /usr/local/lib/python3.10/dist-packages/airflow/example_dags/example_task_group.py for tasks to queue
[2023-12-06T18:58:56.695+0000] {logging_mixin.py:154} INFO - [2023-12-06T18:58:56.695+0000] {dagbag.py:536} INFO - Filling up the DagBag from /usr/local/lib/python3.10/dist-packages/airflow/example_dags/example_task_group.py
[2023-12-06T18:58:56.704+0000] {processor.py:839} INFO - DAG(s) dict_keys(['example_task_group']) retrieved from /usr/local/lib/python3.10/dist-packages/airflow/example_dags/example_task_group.py
[2023-12-06T18:58:56.722+0000] {logging_mixin.py:154} INFO - [2023-12-06T18:58:56.722+0000] {dag.py:2941} INFO - Sync 1 DAGs
[2023-12-06T18:58:56.749+0000] {logging_mixin.py:154} INFO - [2023-12-06T18:58:56.749+0000] {dag.py:3722} INFO - Setting next_dagrun for example_task_group to 2023-12-05T18:58:56.749010+00:00, run_after=2023-12-06T18:58:56.749010+00:00
[2023-12-06T18:58:56.771+0000] {processor.py:179} INFO - Processing /usr/local/lib/python3.10/dist-packages/airflow/example_dags/example_task_group.py took 0.082 seconds
[2023-12-06T18:59:43.061+0000] {processor.py:157} INFO - Started process (PID=6013) to work on /usr/local/lib/python3.10/dist-packages/airflow/example_dags/example_task_group.py
[2023-12-06T18:59:43.064+0000] {processor.py:829} INFO - Processing file /usr/local/lib/python3.10/dist-packages/airflow/example_dags/example_task_group.py for tasks to queue
[2023-12-06T18:59:43.065+0000] {logging_mixin.py:154} INFO - [2023-12-06T18:59:43.065+0000] {dagbag.py:536} INFO - Filling up the DagBag from /usr/local/lib/python3.10/dist-packages/airflow/example_dags/example_task_group.py
[2023-12-06T18:59:43.074+0000] {processor.py:839} INFO - DAG(s) dict_keys(['example_task_group']) retrieved from /usr/local/lib/python3.10/dist-packages/airflow/example_dags/example_task_group.py
[2023-12-06T18:59:43.092+0000] {logging_mixin.py:154} INFO - [2023-12-06T18:59:43.092+0000] {dag.py:2941} INFO - Sync 1 DAGs
[2023-12-06T18:59:43.112+0000] {logging_mixin.py:154} INFO - [2023-12-06T18:59:43.112+0000] {dag.py:3722} INFO - Setting next_dagrun for example_task_group to 2023-12-05T18:59:43.112303+00:00, run_after=2023-12-06T18:59:43.112303+00:00
[2023-12-06T18:59:43.134+0000] {processor.py:179} INFO - Processing /usr/local/lib/python3.10/dist-packages/airflow/example_dags/example_task_group.py took 0.076 seconds
[2023-12-06T19:00:35.055+0000] {processor.py:157} INFO - Started process (PID=6368) to work on /usr/local/lib/python3.10/dist-packages/airflow/example_dags/example_task_group.py
[2023-12-06T19:00:35.057+0000] {processor.py:829} INFO - Processing file /usr/local/lib/python3.10/dist-packages/airflow/example_dags/example_task_group.py for tasks to queue
[2023-12-06T19:00:35.058+0000] {logging_mixin.py:154} INFO - [2023-12-06T19:00:35.057+0000] {dagbag.py:536} INFO - Filling up the DagBag from /usr/local/lib/python3.10/dist-packages/airflow/example_dags/example_task_group.py
[2023-12-06T19:00:35.067+0000] {processor.py:839} INFO - DAG(s) dict_keys(['example_task_group']) retrieved from /usr/local/lib/python3.10/dist-packages/airflow/example_dags/example_task_group.py
[2023-12-06T19:00:35.086+0000] {logging_mixin.py:154} INFO - [2023-12-06T19:00:35.086+0000] {dag.py:2941} INFO - Sync 1 DAGs
[2023-12-06T19:00:35.107+0000] {logging_mixin.py:154} INFO - [2023-12-06T19:00:35.106+0000] {dag.py:3722} INFO - Setting next_dagrun for example_task_group to 2023-12-05T19:00:35.106553+00:00, run_after=2023-12-06T19:00:35.106553+00:00
[2023-12-06T19:00:35.195+0000] {processor.py:179} INFO - Processing /usr/local/lib/python3.10/dist-packages/airflow/example_dags/example_task_group.py took 0.143 seconds
[2023-12-06T19:01:23.886+0000] {processor.py:157} INFO - Started process (PID=6472) to work on /usr/local/lib/python3.10/dist-packages/airflow/example_dags/example_task_group.py
[2023-12-06T19:01:23.888+0000] {processor.py:829} INFO - Processing file /usr/local/lib/python3.10/dist-packages/airflow/example_dags/example_task_group.py for tasks to queue
[2023-12-06T19:01:23.889+0000] {logging_mixin.py:154} INFO - [2023-12-06T19:01:23.888+0000] {dagbag.py:536} INFO - Filling up the DagBag from /usr/local/lib/python3.10/dist-packages/airflow/example_dags/example_task_group.py
[2023-12-06T19:01:23.898+0000] {processor.py:839} INFO - DAG(s) dict_keys(['example_task_group']) retrieved from /usr/local/lib/python3.10/dist-packages/airflow/example_dags/example_task_group.py
[2023-12-06T19:01:23.923+0000] {logging_mixin.py:154} INFO - [2023-12-06T19:01:23.922+0000] {dag.py:2941} INFO - Sync 1 DAGs
[2023-12-06T19:01:23.943+0000] {logging_mixin.py:154} INFO - [2023-12-06T19:01:23.943+0000] {dag.py:3722} INFO - Setting next_dagrun for example_task_group to 2023-12-05T19:01:23.942827+00:00, run_after=2023-12-06T19:01:23.942827+00:00
[2023-12-06T19:01:23.967+0000] {processor.py:179} INFO - Processing /usr/local/lib/python3.10/dist-packages/airflow/example_dags/example_task_group.py took 0.085 seconds
[2023-12-06T19:02:11.379+0000] {processor.py:157} INFO - Started process (PID=6522) to work on /usr/local/lib/python3.10/dist-packages/airflow/example_dags/example_task_group.py
[2023-12-06T19:02:11.381+0000] {processor.py:829} INFO - Processing file /usr/local/lib/python3.10/dist-packages/airflow/example_dags/example_task_group.py for tasks to queue
[2023-12-06T19:02:11.382+0000] {logging_mixin.py:154} INFO - [2023-12-06T19:02:11.381+0000] {dagbag.py:536} INFO - Filling up the DagBag from /usr/local/lib/python3.10/dist-packages/airflow/example_dags/example_task_group.py
[2023-12-06T19:02:11.391+0000] {processor.py:839} INFO - DAG(s) dict_keys(['example_task_group']) retrieved from /usr/local/lib/python3.10/dist-packages/airflow/example_dags/example_task_group.py
[2023-12-06T19:02:11.409+0000] {logging_mixin.py:154} INFO - [2023-12-06T19:02:11.409+0000] {dag.py:2941} INFO - Sync 1 DAGs
[2023-12-06T19:02:11.430+0000] {logging_mixin.py:154} INFO - [2023-12-06T19:02:11.430+0000] {dag.py:3722} INFO - Setting next_dagrun for example_task_group to 2023-12-05T19:02:11.429928+00:00, run_after=2023-12-06T19:02:11.429928+00:00
[2023-12-06T19:02:11.474+0000] {processor.py:179} INFO - Processing /usr/local/lib/python3.10/dist-packages/airflow/example_dags/example_task_group.py took 0.098 seconds
[2023-12-06T19:02:55.141+0000] {processor.py:157} INFO - Started process (PID=6568) to work on /usr/local/lib/python3.10/dist-packages/airflow/example_dags/example_task_group.py
[2023-12-06T19:02:55.143+0000] {processor.py:829} INFO - Processing file /usr/local/lib/python3.10/dist-packages/airflow/example_dags/example_task_group.py for tasks to queue
[2023-12-06T19:02:55.143+0000] {logging_mixin.py:154} INFO - [2023-12-06T19:02:55.143+0000] {dagbag.py:536} INFO - Filling up the DagBag from /usr/local/lib/python3.10/dist-packages/airflow/example_dags/example_task_group.py
[2023-12-06T19:02:55.152+0000] {processor.py:839} INFO - DAG(s) dict_keys(['example_task_group']) retrieved from /usr/local/lib/python3.10/dist-packages/airflow/example_dags/example_task_group.py
[2023-12-06T19:02:55.171+0000] {logging_mixin.py:154} INFO - [2023-12-06T19:02:55.171+0000] {dag.py:2941} INFO - Sync 1 DAGs
[2023-12-06T19:02:55.193+0000] {logging_mixin.py:154} INFO - [2023-12-06T19:02:55.192+0000] {dag.py:3722} INFO - Setting next_dagrun for example_task_group to 2023-12-05T19:02:55.192627+00:00, run_after=2023-12-06T19:02:55.192627+00:00
[2023-12-06T19:02:55.216+0000] {processor.py:179} INFO - Processing /usr/local/lib/python3.10/dist-packages/airflow/example_dags/example_task_group.py took 0.084 seconds
[2023-12-06T19:03:45.993+0000] {processor.py:157} INFO - Started process (PID=6617) to work on /usr/local/lib/python3.10/dist-packages/airflow/example_dags/example_task_group.py
[2023-12-06T19:03:45.994+0000] {processor.py:829} INFO - Processing file /usr/local/lib/python3.10/dist-packages/airflow/example_dags/example_task_group.py for tasks to queue
[2023-12-06T19:03:45.995+0000] {logging_mixin.py:154} INFO - [2023-12-06T19:03:45.995+0000] {dagbag.py:536} INFO - Filling up the DagBag from /usr/local/lib/python3.10/dist-packages/airflow/example_dags/example_task_group.py
[2023-12-06T19:03:46.004+0000] {processor.py:839} INFO - DAG(s) dict_keys(['example_task_group']) retrieved from /usr/local/lib/python3.10/dist-packages/airflow/example_dags/example_task_group.py
[2023-12-06T19:03:46.030+0000] {logging_mixin.py:154} INFO - [2023-12-06T19:03:46.030+0000] {dag.py:2941} INFO - Sync 1 DAGs
[2023-12-06T19:03:46.053+0000] {logging_mixin.py:154} INFO - [2023-12-06T19:03:46.052+0000] {dag.py:3722} INFO - Setting next_dagrun for example_task_group to 2023-12-05T19:03:46.052499+00:00, run_after=2023-12-06T19:03:46.052499+00:00
[2023-12-06T19:03:46.076+0000] {processor.py:179} INFO - Processing /usr/local/lib/python3.10/dist-packages/airflow/example_dags/example_task_group.py took 0.087 seconds
[2023-12-06T19:04:32.424+0000] {processor.py:157} INFO - Started process (PID=6664) to work on /usr/local/lib/python3.10/dist-packages/airflow/example_dags/example_task_group.py
[2023-12-06T19:04:32.426+0000] {processor.py:829} INFO - Processing file /usr/local/lib/python3.10/dist-packages/airflow/example_dags/example_task_group.py for tasks to queue
[2023-12-06T19:04:32.426+0000] {logging_mixin.py:154} INFO - [2023-12-06T19:04:32.426+0000] {dagbag.py:536} INFO - Filling up the DagBag from /usr/local/lib/python3.10/dist-packages/airflow/example_dags/example_task_group.py
[2023-12-06T19:04:32.435+0000] {processor.py:839} INFO - DAG(s) dict_keys(['example_task_group']) retrieved from /usr/local/lib/python3.10/dist-packages/airflow/example_dags/example_task_group.py
[2023-12-06T19:04:32.453+0000] {logging_mixin.py:154} INFO - [2023-12-06T19:04:32.453+0000] {dag.py:2941} INFO - Sync 1 DAGs
[2023-12-06T19:04:32.474+0000] {logging_mixin.py:154} INFO - [2023-12-06T19:04:32.474+0000] {dag.py:3722} INFO - Setting next_dagrun for example_task_group to 2023-12-05T19:04:32.473906+00:00, run_after=2023-12-06T19:04:32.473906+00:00
[2023-12-06T19:04:32.497+0000] {processor.py:179} INFO - Processing /usr/local/lib/python3.10/dist-packages/airflow/example_dags/example_task_group.py took 0.077 seconds
[2023-12-06T19:05:22.246+0000] {processor.py:157} INFO - Started process (PID=6885) to work on /usr/local/lib/python3.10/dist-packages/airflow/example_dags/example_task_group.py
[2023-12-06T19:05:22.250+0000] {processor.py:829} INFO - Processing file /usr/local/lib/python3.10/dist-packages/airflow/example_dags/example_task_group.py for tasks to queue
[2023-12-06T19:05:22.251+0000] {logging_mixin.py:154} INFO - [2023-12-06T19:05:22.250+0000] {dagbag.py:536} INFO - Filling up the DagBag from /usr/local/lib/python3.10/dist-packages/airflow/example_dags/example_task_group.py
[2023-12-06T19:05:22.260+0000] {processor.py:839} INFO - DAG(s) dict_keys(['example_task_group']) retrieved from /usr/local/lib/python3.10/dist-packages/airflow/example_dags/example_task_group.py
[2023-12-06T19:05:22.279+0000] {logging_mixin.py:154} INFO - [2023-12-06T19:05:22.279+0000] {dag.py:2941} INFO - Sync 1 DAGs
[2023-12-06T19:05:22.300+0000] {logging_mixin.py:154} INFO - [2023-12-06T19:05:22.300+0000] {dag.py:3722} INFO - Setting next_dagrun for example_task_group to 2023-12-05T19:05:22.300276+00:00, run_after=2023-12-06T19:05:22.300276+00:00
[2023-12-06T19:05:22.326+0000] {processor.py:179} INFO - Processing /usr/local/lib/python3.10/dist-packages/airflow/example_dags/example_task_group.py took 0.085 seconds
[2023-12-06T19:06:10.552+0000] {processor.py:157} INFO - Started process (PID=6933) to work on /usr/local/lib/python3.10/dist-packages/airflow/example_dags/example_task_group.py
[2023-12-06T19:06:10.554+0000] {processor.py:829} INFO - Processing file /usr/local/lib/python3.10/dist-packages/airflow/example_dags/example_task_group.py for tasks to queue
[2023-12-06T19:06:10.555+0000] {logging_mixin.py:154} INFO - [2023-12-06T19:06:10.554+0000] {dagbag.py:536} INFO - Filling up the DagBag from /usr/local/lib/python3.10/dist-packages/airflow/example_dags/example_task_group.py
[2023-12-06T19:06:10.563+0000] {processor.py:839} INFO - DAG(s) dict_keys(['example_task_group']) retrieved from /usr/local/lib/python3.10/dist-packages/airflow/example_dags/example_task_group.py
[2023-12-06T19:06:10.583+0000] {logging_mixin.py:154} INFO - [2023-12-06T19:06:10.583+0000] {dag.py:2941} INFO - Sync 1 DAGs
[2023-12-06T19:06:10.604+0000] {logging_mixin.py:154} INFO - [2023-12-06T19:06:10.604+0000] {dag.py:3722} INFO - Setting next_dagrun for example_task_group to 2023-12-05T19:06:10.604109+00:00, run_after=2023-12-06T19:06:10.604109+00:00
[2023-12-06T19:06:10.628+0000] {processor.py:179} INFO - Processing /usr/local/lib/python3.10/dist-packages/airflow/example_dags/example_task_group.py took 0.080 seconds
[2023-12-06T19:06:57.124+0000] {processor.py:157} INFO - Started process (PID=6981) to work on /usr/local/lib/python3.10/dist-packages/airflow/example_dags/example_task_group.py
[2023-12-06T19:06:57.126+0000] {processor.py:829} INFO - Processing file /usr/local/lib/python3.10/dist-packages/airflow/example_dags/example_task_group.py for tasks to queue
[2023-12-06T19:06:57.127+0000] {logging_mixin.py:154} INFO - [2023-12-06T19:06:57.127+0000] {dagbag.py:536} INFO - Filling up the DagBag from /usr/local/lib/python3.10/dist-packages/airflow/example_dags/example_task_group.py
[2023-12-06T19:06:57.136+0000] {processor.py:839} INFO - DAG(s) dict_keys(['example_task_group']) retrieved from /usr/local/lib/python3.10/dist-packages/airflow/example_dags/example_task_group.py
[2023-12-06T19:06:57.156+0000] {logging_mixin.py:154} INFO - [2023-12-06T19:06:57.155+0000] {dag.py:2941} INFO - Sync 1 DAGs
[2023-12-06T19:06:57.178+0000] {logging_mixin.py:154} INFO - [2023-12-06T19:06:57.178+0000] {dag.py:3722} INFO - Setting next_dagrun for example_task_group to 2023-12-05T19:06:57.178123+00:00, run_after=2023-12-06T19:06:57.178123+00:00
[2023-12-06T19:06:57.203+0000] {processor.py:179} INFO - Processing /usr/local/lib/python3.10/dist-packages/airflow/example_dags/example_task_group.py took 0.083 seconds
[2023-12-06T19:07:46.375+0000] {processor.py:157} INFO - Started process (PID=7031) to work on /usr/local/lib/python3.10/dist-packages/airflow/example_dags/example_task_group.py
[2023-12-06T19:07:46.376+0000] {processor.py:829} INFO - Processing file /usr/local/lib/python3.10/dist-packages/airflow/example_dags/example_task_group.py for tasks to queue
[2023-12-06T19:07:46.377+0000] {logging_mixin.py:154} INFO - [2023-12-06T19:07:46.377+0000] {dagbag.py:536} INFO - Filling up the DagBag from /usr/local/lib/python3.10/dist-packages/airflow/example_dags/example_task_group.py
[2023-12-06T19:07:46.386+0000] {processor.py:839} INFO - DAG(s) dict_keys(['example_task_group']) retrieved from /usr/local/lib/python3.10/dist-packages/airflow/example_dags/example_task_group.py
[2023-12-06T19:07:46.405+0000] {logging_mixin.py:154} INFO - [2023-12-06T19:07:46.405+0000] {dag.py:2941} INFO - Sync 1 DAGs
[2023-12-06T19:07:46.426+0000] {logging_mixin.py:154} INFO - [2023-12-06T19:07:46.426+0000] {dag.py:3722} INFO - Setting next_dagrun for example_task_group to 2023-12-05T19:07:46.426211+00:00, run_after=2023-12-06T19:07:46.426211+00:00
[2023-12-06T19:07:46.451+0000] {processor.py:179} INFO - Processing /usr/local/lib/python3.10/dist-packages/airflow/example_dags/example_task_group.py took 0.079 seconds
