[2023-12-06T18:21:57.939+0000] {processor.py:157} INFO - Started process (PID=3676) to work on /usr/local/lib/python3.10/dist-packages/airflow/example_dags/example_task_group_decorator.py
[2023-12-06T18:21:57.940+0000] {processor.py:829} INFO - Processing file /usr/local/lib/python3.10/dist-packages/airflow/example_dags/example_task_group_decorator.py for tasks to queue
[2023-12-06T18:21:57.941+0000] {logging_mixin.py:154} INFO - [2023-12-06T18:21:57.941+0000] {dagbag.py:536} INFO - Filling up the DagBag from /usr/local/lib/python3.10/dist-packages/airflow/example_dags/example_task_group_decorator.py
[2023-12-06T18:21:57.961+0000] {processor.py:839} INFO - DAG(s) dict_keys(['example_task_group_decorator']) retrieved from /usr/local/lib/python3.10/dist-packages/airflow/example_dags/example_task_group_decorator.py
[2023-12-06T18:21:58.075+0000] {logging_mixin.py:154} INFO - [2023-12-06T18:21:58.075+0000] {manager.py:499} INFO - Created Permission View: %s
[2023-12-06T18:21:58.089+0000] {logging_mixin.py:154} INFO - [2023-12-06T18:21:58.089+0000] {manager.py:499} INFO - Created Permission View: %s
[2023-12-06T18:21:58.099+0000] {logging_mixin.py:154} INFO - [2023-12-06T18:21:58.099+0000] {manager.py:499} INFO - Created Permission View: %s
[2023-12-06T18:21:58.100+0000] {logging_mixin.py:154} INFO - [2023-12-06T18:21:58.100+0000] {dag.py:2941} INFO - Sync 1 DAGs
[2023-12-06T18:21:58.112+0000] {logging_mixin.py:154} INFO - [2023-12-06T18:21:58.111+0000] {dag.py:2963} INFO - Creating ORM DAG for example_task_group_decorator
[2023-12-06T18:21:58.120+0000] {logging_mixin.py:154} INFO - [2023-12-06T18:21:58.120+0000] {dag.py:3722} INFO - Setting next_dagrun for example_task_group_decorator to 2023-12-05T18:21:58.120231+00:00, run_after=2023-12-06T18:21:58.120231+00:00
[2023-12-06T18:21:58.144+0000] {processor.py:179} INFO - Processing /usr/local/lib/python3.10/dist-packages/airflow/example_dags/example_task_group_decorator.py took 0.208 seconds
[2023-12-06T18:22:49.322+0000] {processor.py:157} INFO - Started process (PID=3727) to work on /usr/local/lib/python3.10/dist-packages/airflow/example_dags/example_task_group_decorator.py
[2023-12-06T18:22:49.323+0000] {processor.py:829} INFO - Processing file /usr/local/lib/python3.10/dist-packages/airflow/example_dags/example_task_group_decorator.py for tasks to queue
[2023-12-06T18:22:49.324+0000] {logging_mixin.py:154} INFO - [2023-12-06T18:22:49.324+0000] {dagbag.py:536} INFO - Filling up the DagBag from /usr/local/lib/python3.10/dist-packages/airflow/example_dags/example_task_group_decorator.py
[2023-12-06T18:22:49.358+0000] {processor.py:839} INFO - DAG(s) dict_keys(['example_task_group_decorator']) retrieved from /usr/local/lib/python3.10/dist-packages/airflow/example_dags/example_task_group_decorator.py
[2023-12-06T18:22:49.380+0000] {logging_mixin.py:154} INFO - [2023-12-06T18:22:49.380+0000] {dag.py:2941} INFO - Sync 1 DAGs
[2023-12-06T18:22:49.401+0000] {logging_mixin.py:154} INFO - [2023-12-06T18:22:49.401+0000] {dag.py:3722} INFO - Setting next_dagrun for example_task_group_decorator to 2023-12-05T18:22:49.401060+00:00, run_after=2023-12-06T18:22:49.401060+00:00
[2023-12-06T18:22:49.423+0000] {processor.py:179} INFO - Processing /usr/local/lib/python3.10/dist-packages/airflow/example_dags/example_task_group_decorator.py took 0.105 seconds
[2023-12-06T18:23:34.818+0000] {processor.py:157} INFO - Started process (PID=3773) to work on /usr/local/lib/python3.10/dist-packages/airflow/example_dags/example_task_group_decorator.py
[2023-12-06T18:23:34.819+0000] {processor.py:829} INFO - Processing file /usr/local/lib/python3.10/dist-packages/airflow/example_dags/example_task_group_decorator.py for tasks to queue
[2023-12-06T18:23:34.820+0000] {logging_mixin.py:154} INFO - [2023-12-06T18:23:34.820+0000] {dagbag.py:536} INFO - Filling up the DagBag from /usr/local/lib/python3.10/dist-packages/airflow/example_dags/example_task_group_decorator.py
[2023-12-06T18:23:34.838+0000] {processor.py:839} INFO - DAG(s) dict_keys(['example_task_group_decorator']) retrieved from /usr/local/lib/python3.10/dist-packages/airflow/example_dags/example_task_group_decorator.py
[2023-12-06T18:23:34.865+0000] {logging_mixin.py:154} INFO - [2023-12-06T18:23:34.865+0000] {dag.py:2941} INFO - Sync 1 DAGs
[2023-12-06T18:23:34.902+0000] {logging_mixin.py:154} INFO - [2023-12-06T18:23:34.902+0000] {dag.py:3722} INFO - Setting next_dagrun for example_task_group_decorator to 2023-12-05T18:23:34.902155+00:00, run_after=2023-12-06T18:23:34.902155+00:00
[2023-12-06T18:23:34.941+0000] {processor.py:179} INFO - Processing /usr/local/lib/python3.10/dist-packages/airflow/example_dags/example_task_group_decorator.py took 0.127 seconds
[2023-12-06T18:24:23.991+0000] {processor.py:157} INFO - Started process (PID=3823) to work on /usr/local/lib/python3.10/dist-packages/airflow/example_dags/example_task_group_decorator.py
[2023-12-06T18:24:23.993+0000] {processor.py:829} INFO - Processing file /usr/local/lib/python3.10/dist-packages/airflow/example_dags/example_task_group_decorator.py for tasks to queue
[2023-12-06T18:24:23.993+0000] {logging_mixin.py:154} INFO - [2023-12-06T18:24:23.993+0000] {dagbag.py:536} INFO - Filling up the DagBag from /usr/local/lib/python3.10/dist-packages/airflow/example_dags/example_task_group_decorator.py
[2023-12-06T18:24:24.011+0000] {processor.py:839} INFO - DAG(s) dict_keys(['example_task_group_decorator']) retrieved from /usr/local/lib/python3.10/dist-packages/airflow/example_dags/example_task_group_decorator.py
[2023-12-06T18:24:24.032+0000] {logging_mixin.py:154} INFO - [2023-12-06T18:24:24.032+0000] {dag.py:2941} INFO - Sync 1 DAGs
[2023-12-06T18:24:24.052+0000] {logging_mixin.py:154} INFO - [2023-12-06T18:24:24.052+0000] {dag.py:3722} INFO - Setting next_dagrun for example_task_group_decorator to 2023-12-05T18:24:24.052358+00:00, run_after=2023-12-06T18:24:24.052358+00:00
[2023-12-06T18:24:24.076+0000] {processor.py:179} INFO - Processing /usr/local/lib/python3.10/dist-packages/airflow/example_dags/example_task_group_decorator.py took 0.088 seconds
[2023-12-06T18:25:12.746+0000] {processor.py:157} INFO - Started process (PID=3874) to work on /usr/local/lib/python3.10/dist-packages/airflow/example_dags/example_task_group_decorator.py
[2023-12-06T18:25:12.747+0000] {processor.py:829} INFO - Processing file /usr/local/lib/python3.10/dist-packages/airflow/example_dags/example_task_group_decorator.py for tasks to queue
[2023-12-06T18:25:12.748+0000] {logging_mixin.py:154} INFO - [2023-12-06T18:25:12.748+0000] {dagbag.py:536} INFO - Filling up the DagBag from /usr/local/lib/python3.10/dist-packages/airflow/example_dags/example_task_group_decorator.py
[2023-12-06T18:25:12.765+0000] {processor.py:839} INFO - DAG(s) dict_keys(['example_task_group_decorator']) retrieved from /usr/local/lib/python3.10/dist-packages/airflow/example_dags/example_task_group_decorator.py
[2023-12-06T18:25:12.787+0000] {logging_mixin.py:154} INFO - [2023-12-06T18:25:12.786+0000] {dag.py:2941} INFO - Sync 1 DAGs
[2023-12-06T18:25:12.808+0000] {logging_mixin.py:154} INFO - [2023-12-06T18:25:12.808+0000] {dag.py:3722} INFO - Setting next_dagrun for example_task_group_decorator to 2023-12-05T18:25:12.807836+00:00, run_after=2023-12-06T18:25:12.807836+00:00
[2023-12-06T18:25:12.831+0000] {processor.py:179} INFO - Processing /usr/local/lib/python3.10/dist-packages/airflow/example_dags/example_task_group_decorator.py took 0.089 seconds
[2023-12-06T18:25:56.773+0000] {processor.py:157} INFO - Started process (PID=3922) to work on /usr/local/lib/python3.10/dist-packages/airflow/example_dags/example_task_group_decorator.py
[2023-12-06T18:25:56.775+0000] {processor.py:829} INFO - Processing file /usr/local/lib/python3.10/dist-packages/airflow/example_dags/example_task_group_decorator.py for tasks to queue
[2023-12-06T18:25:56.775+0000] {logging_mixin.py:154} INFO - [2023-12-06T18:25:56.775+0000] {dagbag.py:536} INFO - Filling up the DagBag from /usr/local/lib/python3.10/dist-packages/airflow/example_dags/example_task_group_decorator.py
[2023-12-06T18:25:56.793+0000] {processor.py:839} INFO - DAG(s) dict_keys(['example_task_group_decorator']) retrieved from /usr/local/lib/python3.10/dist-packages/airflow/example_dags/example_task_group_decorator.py
[2023-12-06T18:25:56.815+0000] {logging_mixin.py:154} INFO - [2023-12-06T18:25:56.814+0000] {dag.py:2941} INFO - Sync 1 DAGs
[2023-12-06T18:25:56.835+0000] {logging_mixin.py:154} INFO - [2023-12-06T18:25:56.835+0000] {dag.py:3722} INFO - Setting next_dagrun for example_task_group_decorator to 2023-12-05T18:25:56.834824+00:00, run_after=2023-12-06T18:25:56.834824+00:00
[2023-12-06T18:25:56.858+0000] {processor.py:179} INFO - Processing /usr/local/lib/python3.10/dist-packages/airflow/example_dags/example_task_group_decorator.py took 0.089 seconds
[2023-12-06T18:26:44.858+0000] {processor.py:157} INFO - Started process (PID=3972) to work on /usr/local/lib/python3.10/dist-packages/airflow/example_dags/example_task_group_decorator.py
[2023-12-06T18:26:44.860+0000] {processor.py:829} INFO - Processing file /usr/local/lib/python3.10/dist-packages/airflow/example_dags/example_task_group_decorator.py for tasks to queue
[2023-12-06T18:26:44.861+0000] {logging_mixin.py:154} INFO - [2023-12-06T18:26:44.860+0000] {dagbag.py:536} INFO - Filling up the DagBag from /usr/local/lib/python3.10/dist-packages/airflow/example_dags/example_task_group_decorator.py
[2023-12-06T18:26:44.878+0000] {processor.py:839} INFO - DAG(s) dict_keys(['example_task_group_decorator']) retrieved from /usr/local/lib/python3.10/dist-packages/airflow/example_dags/example_task_group_decorator.py
[2023-12-06T18:26:44.899+0000] {logging_mixin.py:154} INFO - [2023-12-06T18:26:44.898+0000] {dag.py:2941} INFO - Sync 1 DAGs
[2023-12-06T18:26:44.919+0000] {logging_mixin.py:154} INFO - [2023-12-06T18:26:44.919+0000] {dag.py:3722} INFO - Setting next_dagrun for example_task_group_decorator to 2023-12-05T18:26:44.918851+00:00, run_after=2023-12-06T18:26:44.918851+00:00
[2023-12-06T18:26:44.940+0000] {processor.py:179} INFO - Processing /usr/local/lib/python3.10/dist-packages/airflow/example_dags/example_task_group_decorator.py took 0.085 seconds
[2023-12-06T18:27:30.334+0000] {processor.py:157} INFO - Started process (PID=4018) to work on /usr/local/lib/python3.10/dist-packages/airflow/example_dags/example_task_group_decorator.py
[2023-12-06T18:27:30.336+0000] {processor.py:829} INFO - Processing file /usr/local/lib/python3.10/dist-packages/airflow/example_dags/example_task_group_decorator.py for tasks to queue
[2023-12-06T18:27:30.336+0000] {logging_mixin.py:154} INFO - [2023-12-06T18:27:30.336+0000] {dagbag.py:536} INFO - Filling up the DagBag from /usr/local/lib/python3.10/dist-packages/airflow/example_dags/example_task_group_decorator.py
[2023-12-06T18:27:30.354+0000] {processor.py:839} INFO - DAG(s) dict_keys(['example_task_group_decorator']) retrieved from /usr/local/lib/python3.10/dist-packages/airflow/example_dags/example_task_group_decorator.py
[2023-12-06T18:27:30.375+0000] {logging_mixin.py:154} INFO - [2023-12-06T18:27:30.374+0000] {dag.py:2941} INFO - Sync 1 DAGs
[2023-12-06T18:27:30.395+0000] {logging_mixin.py:154} INFO - [2023-12-06T18:27:30.395+0000] {dag.py:3722} INFO - Setting next_dagrun for example_task_group_decorator to 2023-12-05T18:27:30.394776+00:00, run_after=2023-12-06T18:27:30.394776+00:00
[2023-12-06T18:27:30.417+0000] {processor.py:179} INFO - Processing /usr/local/lib/python3.10/dist-packages/airflow/example_dags/example_task_group_decorator.py took 0.086 seconds
[2023-12-06T18:28:11.710+0000] {processor.py:157} INFO - Started process (PID=4062) to work on /usr/local/lib/python3.10/dist-packages/airflow/example_dags/example_task_group_decorator.py
[2023-12-06T18:28:11.711+0000] {processor.py:829} INFO - Processing file /usr/local/lib/python3.10/dist-packages/airflow/example_dags/example_task_group_decorator.py for tasks to queue
[2023-12-06T18:28:11.712+0000] {logging_mixin.py:154} INFO - [2023-12-06T18:28:11.712+0000] {dagbag.py:536} INFO - Filling up the DagBag from /usr/local/lib/python3.10/dist-packages/airflow/example_dags/example_task_group_decorator.py
[2023-12-06T18:28:11.730+0000] {processor.py:839} INFO - DAG(s) dict_keys(['example_task_group_decorator']) retrieved from /usr/local/lib/python3.10/dist-packages/airflow/example_dags/example_task_group_decorator.py
[2023-12-06T18:28:11.751+0000] {logging_mixin.py:154} INFO - [2023-12-06T18:28:11.751+0000] {dag.py:2941} INFO - Sync 1 DAGs
[2023-12-06T18:28:11.771+0000] {logging_mixin.py:154} INFO - [2023-12-06T18:28:11.771+0000] {dag.py:3722} INFO - Setting next_dagrun for example_task_group_decorator to 2023-12-05T18:28:11.771435+00:00, run_after=2023-12-06T18:28:11.771435+00:00
[2023-12-06T18:28:11.794+0000] {processor.py:179} INFO - Processing /usr/local/lib/python3.10/dist-packages/airflow/example_dags/example_task_group_decorator.py took 0.088 seconds
[2023-12-06T18:28:59.454+0000] {processor.py:157} INFO - Started process (PID=4110) to work on /usr/local/lib/python3.10/dist-packages/airflow/example_dags/example_task_group_decorator.py
[2023-12-06T18:28:59.456+0000] {processor.py:829} INFO - Processing file /usr/local/lib/python3.10/dist-packages/airflow/example_dags/example_task_group_decorator.py for tasks to queue
[2023-12-06T18:28:59.457+0000] {logging_mixin.py:154} INFO - [2023-12-06T18:28:59.456+0000] {dagbag.py:536} INFO - Filling up the DagBag from /usr/local/lib/python3.10/dist-packages/airflow/example_dags/example_task_group_decorator.py
[2023-12-06T18:28:59.474+0000] {processor.py:839} INFO - DAG(s) dict_keys(['example_task_group_decorator']) retrieved from /usr/local/lib/python3.10/dist-packages/airflow/example_dags/example_task_group_decorator.py
[2023-12-06T18:28:59.495+0000] {logging_mixin.py:154} INFO - [2023-12-06T18:28:59.495+0000] {dag.py:2941} INFO - Sync 1 DAGs
[2023-12-06T18:28:59.516+0000] {logging_mixin.py:154} INFO - [2023-12-06T18:28:59.515+0000] {dag.py:3722} INFO - Setting next_dagrun for example_task_group_decorator to 2023-12-05T18:28:59.515548+00:00, run_after=2023-12-06T18:28:59.515548+00:00
[2023-12-06T18:28:59.538+0000] {processor.py:179} INFO - Processing /usr/local/lib/python3.10/dist-packages/airflow/example_dags/example_task_group_decorator.py took 0.088 seconds
[2023-12-06T18:29:43.627+0000] {processor.py:157} INFO - Started process (PID=4158) to work on /usr/local/lib/python3.10/dist-packages/airflow/example_dags/example_task_group_decorator.py
[2023-12-06T18:29:43.628+0000] {processor.py:829} INFO - Processing file /usr/local/lib/python3.10/dist-packages/airflow/example_dags/example_task_group_decorator.py for tasks to queue
[2023-12-06T18:29:43.629+0000] {logging_mixin.py:154} INFO - [2023-12-06T18:29:43.628+0000] {dagbag.py:536} INFO - Filling up the DagBag from /usr/local/lib/python3.10/dist-packages/airflow/example_dags/example_task_group_decorator.py
[2023-12-06T18:29:43.646+0000] {processor.py:839} INFO - DAG(s) dict_keys(['example_task_group_decorator']) retrieved from /usr/local/lib/python3.10/dist-packages/airflow/example_dags/example_task_group_decorator.py
[2023-12-06T18:29:43.667+0000] {logging_mixin.py:154} INFO - [2023-12-06T18:29:43.666+0000] {dag.py:2941} INFO - Sync 1 DAGs
[2023-12-06T18:29:43.687+0000] {logging_mixin.py:154} INFO - [2023-12-06T18:29:43.687+0000] {dag.py:3722} INFO - Setting next_dagrun for example_task_group_decorator to 2023-12-05T18:29:43.687208+00:00, run_after=2023-12-06T18:29:43.687208+00:00
[2023-12-06T18:29:43.710+0000] {processor.py:179} INFO - Processing /usr/local/lib/python3.10/dist-packages/airflow/example_dags/example_task_group_decorator.py took 0.087 seconds
[2023-12-06T18:30:27.351+0000] {processor.py:157} INFO - Started process (PID=4202) to work on /usr/local/lib/python3.10/dist-packages/airflow/example_dags/example_task_group_decorator.py
[2023-12-06T18:30:27.353+0000] {processor.py:829} INFO - Processing file /usr/local/lib/python3.10/dist-packages/airflow/example_dags/example_task_group_decorator.py for tasks to queue
[2023-12-06T18:30:27.354+0000] {logging_mixin.py:154} INFO - [2023-12-06T18:30:27.353+0000] {dagbag.py:536} INFO - Filling up the DagBag from /usr/local/lib/python3.10/dist-packages/airflow/example_dags/example_task_group_decorator.py
[2023-12-06T18:30:27.371+0000] {processor.py:839} INFO - DAG(s) dict_keys(['example_task_group_decorator']) retrieved from /usr/local/lib/python3.10/dist-packages/airflow/example_dags/example_task_group_decorator.py
[2023-12-06T18:30:27.393+0000] {logging_mixin.py:154} INFO - [2023-12-06T18:30:27.392+0000] {dag.py:2941} INFO - Sync 1 DAGs
[2023-12-06T18:30:27.413+0000] {logging_mixin.py:154} INFO - [2023-12-06T18:30:27.413+0000] {dag.py:3722} INFO - Setting next_dagrun for example_task_group_decorator to 2023-12-05T18:30:27.413388+00:00, run_after=2023-12-06T18:30:27.413388+00:00
[2023-12-06T18:30:27.436+0000] {processor.py:179} INFO - Processing /usr/local/lib/python3.10/dist-packages/airflow/example_dags/example_task_group_decorator.py took 0.088 seconds
[2023-12-06T18:31:10.835+0000] {processor.py:157} INFO - Started process (PID=4249) to work on /usr/local/lib/python3.10/dist-packages/airflow/example_dags/example_task_group_decorator.py
[2023-12-06T18:31:10.836+0000] {processor.py:829} INFO - Processing file /usr/local/lib/python3.10/dist-packages/airflow/example_dags/example_task_group_decorator.py for tasks to queue
[2023-12-06T18:31:10.837+0000] {logging_mixin.py:154} INFO - [2023-12-06T18:31:10.837+0000] {dagbag.py:536} INFO - Filling up the DagBag from /usr/local/lib/python3.10/dist-packages/airflow/example_dags/example_task_group_decorator.py
[2023-12-06T18:31:10.854+0000] {processor.py:839} INFO - DAG(s) dict_keys(['example_task_group_decorator']) retrieved from /usr/local/lib/python3.10/dist-packages/airflow/example_dags/example_task_group_decorator.py
[2023-12-06T18:31:10.875+0000] {logging_mixin.py:154} INFO - [2023-12-06T18:31:10.875+0000] {dag.py:2941} INFO - Sync 1 DAGs
[2023-12-06T18:31:10.896+0000] {logging_mixin.py:154} INFO - [2023-12-06T18:31:10.895+0000] {dag.py:3722} INFO - Setting next_dagrun for example_task_group_decorator to 2023-12-05T18:31:10.895540+00:00, run_after=2023-12-06T18:31:10.895540+00:00
[2023-12-06T18:31:10.920+0000] {processor.py:179} INFO - Processing /usr/local/lib/python3.10/dist-packages/airflow/example_dags/example_task_group_decorator.py took 0.088 seconds
[2023-12-06T18:31:52.494+0000] {processor.py:157} INFO - Started process (PID=4295) to work on /usr/local/lib/python3.10/dist-packages/airflow/example_dags/example_task_group_decorator.py
[2023-12-06T18:31:52.496+0000] {processor.py:829} INFO - Processing file /usr/local/lib/python3.10/dist-packages/airflow/example_dags/example_task_group_decorator.py for tasks to queue
[2023-12-06T18:31:52.497+0000] {logging_mixin.py:154} INFO - [2023-12-06T18:31:52.496+0000] {dagbag.py:536} INFO - Filling up the DagBag from /usr/local/lib/python3.10/dist-packages/airflow/example_dags/example_task_group_decorator.py
[2023-12-06T18:31:52.514+0000] {processor.py:839} INFO - DAG(s) dict_keys(['example_task_group_decorator']) retrieved from /usr/local/lib/python3.10/dist-packages/airflow/example_dags/example_task_group_decorator.py
[2023-12-06T18:31:52.535+0000] {logging_mixin.py:154} INFO - [2023-12-06T18:31:52.535+0000] {dag.py:2941} INFO - Sync 1 DAGs
[2023-12-06T18:31:52.555+0000] {logging_mixin.py:154} INFO - [2023-12-06T18:31:52.555+0000] {dag.py:3722} INFO - Setting next_dagrun for example_task_group_decorator to 2023-12-05T18:31:52.554943+00:00, run_after=2023-12-06T18:31:52.554943+00:00
[2023-12-06T18:31:52.579+0000] {processor.py:179} INFO - Processing /usr/local/lib/python3.10/dist-packages/airflow/example_dags/example_task_group_decorator.py took 0.088 seconds
[2023-12-06T18:32:34.602+0000] {processor.py:157} INFO - Started process (PID=4337) to work on /usr/local/lib/python3.10/dist-packages/airflow/example_dags/example_task_group_decorator.py
[2023-12-06T18:32:34.604+0000] {processor.py:829} INFO - Processing file /usr/local/lib/python3.10/dist-packages/airflow/example_dags/example_task_group_decorator.py for tasks to queue
[2023-12-06T18:32:34.604+0000] {logging_mixin.py:154} INFO - [2023-12-06T18:32:34.604+0000] {dagbag.py:536} INFO - Filling up the DagBag from /usr/local/lib/python3.10/dist-packages/airflow/example_dags/example_task_group_decorator.py
[2023-12-06T18:32:34.622+0000] {processor.py:839} INFO - DAG(s) dict_keys(['example_task_group_decorator']) retrieved from /usr/local/lib/python3.10/dist-packages/airflow/example_dags/example_task_group_decorator.py
[2023-12-06T18:32:34.644+0000] {logging_mixin.py:154} INFO - [2023-12-06T18:32:34.643+0000] {dag.py:2941} INFO - Sync 1 DAGs
[2023-12-06T18:32:34.664+0000] {logging_mixin.py:154} INFO - [2023-12-06T18:32:34.664+0000] {dag.py:3722} INFO - Setting next_dagrun for example_task_group_decorator to 2023-12-05T18:32:34.664450+00:00, run_after=2023-12-06T18:32:34.664450+00:00
[2023-12-06T18:32:34.688+0000] {processor.py:179} INFO - Processing /usr/local/lib/python3.10/dist-packages/airflow/example_dags/example_task_group_decorator.py took 0.089 seconds
[2023-12-06T18:33:21.539+0000] {processor.py:157} INFO - Started process (PID=4385) to work on /usr/local/lib/python3.10/dist-packages/airflow/example_dags/example_task_group_decorator.py
[2023-12-06T18:33:21.541+0000] {processor.py:829} INFO - Processing file /usr/local/lib/python3.10/dist-packages/airflow/example_dags/example_task_group_decorator.py for tasks to queue
[2023-12-06T18:33:21.542+0000] {logging_mixin.py:154} INFO - [2023-12-06T18:33:21.542+0000] {dagbag.py:536} INFO - Filling up the DagBag from /usr/local/lib/python3.10/dist-packages/airflow/example_dags/example_task_group_decorator.py
[2023-12-06T18:33:21.566+0000] {processor.py:839} INFO - DAG(s) dict_keys(['example_task_group_decorator']) retrieved from /usr/local/lib/python3.10/dist-packages/airflow/example_dags/example_task_group_decorator.py
[2023-12-06T18:33:21.587+0000] {logging_mixin.py:154} INFO - [2023-12-06T18:33:21.587+0000] {dag.py:2941} INFO - Sync 1 DAGs
[2023-12-06T18:33:21.608+0000] {logging_mixin.py:154} INFO - [2023-12-06T18:33:21.608+0000] {dag.py:3722} INFO - Setting next_dagrun for example_task_group_decorator to 2023-12-05T18:33:21.608196+00:00, run_after=2023-12-06T18:33:21.608196+00:00
[2023-12-06T18:33:21.633+0000] {processor.py:179} INFO - Processing /usr/local/lib/python3.10/dist-packages/airflow/example_dags/example_task_group_decorator.py took 0.097 seconds
[2023-12-06T18:34:07.913+0000] {processor.py:157} INFO - Started process (PID=4432) to work on /usr/local/lib/python3.10/dist-packages/airflow/example_dags/example_task_group_decorator.py
[2023-12-06T18:34:07.915+0000] {processor.py:829} INFO - Processing file /usr/local/lib/python3.10/dist-packages/airflow/example_dags/example_task_group_decorator.py for tasks to queue
[2023-12-06T18:34:07.916+0000] {logging_mixin.py:154} INFO - [2023-12-06T18:34:07.915+0000] {dagbag.py:536} INFO - Filling up the DagBag from /usr/local/lib/python3.10/dist-packages/airflow/example_dags/example_task_group_decorator.py
[2023-12-06T18:34:07.933+0000] {processor.py:839} INFO - DAG(s) dict_keys(['example_task_group_decorator']) retrieved from /usr/local/lib/python3.10/dist-packages/airflow/example_dags/example_task_group_decorator.py
[2023-12-06T18:34:07.954+0000] {logging_mixin.py:154} INFO - [2023-12-06T18:34:07.954+0000] {dag.py:2941} INFO - Sync 1 DAGs
[2023-12-06T18:34:07.975+0000] {logging_mixin.py:154} INFO - [2023-12-06T18:34:07.975+0000] {dag.py:3722} INFO - Setting next_dagrun for example_task_group_decorator to 2023-12-05T18:34:07.974996+00:00, run_after=2023-12-06T18:34:07.974996+00:00
[2023-12-06T18:34:07.999+0000] {processor.py:179} INFO - Processing /usr/local/lib/python3.10/dist-packages/airflow/example_dags/example_task_group_decorator.py took 0.089 seconds
[2023-12-06T18:34:55.281+0000] {processor.py:157} INFO - Started process (PID=4480) to work on /usr/local/lib/python3.10/dist-packages/airflow/example_dags/example_task_group_decorator.py
[2023-12-06T18:34:55.283+0000] {processor.py:829} INFO - Processing file /usr/local/lib/python3.10/dist-packages/airflow/example_dags/example_task_group_decorator.py for tasks to queue
[2023-12-06T18:34:55.283+0000] {logging_mixin.py:154} INFO - [2023-12-06T18:34:55.283+0000] {dagbag.py:536} INFO - Filling up the DagBag from /usr/local/lib/python3.10/dist-packages/airflow/example_dags/example_task_group_decorator.py
[2023-12-06T18:34:55.301+0000] {processor.py:839} INFO - DAG(s) dict_keys(['example_task_group_decorator']) retrieved from /usr/local/lib/python3.10/dist-packages/airflow/example_dags/example_task_group_decorator.py
[2023-12-06T18:34:55.321+0000] {logging_mixin.py:154} INFO - [2023-12-06T18:34:55.321+0000] {dag.py:2941} INFO - Sync 1 DAGs
[2023-12-06T18:34:55.341+0000] {logging_mixin.py:154} INFO - [2023-12-06T18:34:55.341+0000] {dag.py:3722} INFO - Setting next_dagrun for example_task_group_decorator to 2023-12-05T18:34:55.341337+00:00, run_after=2023-12-06T18:34:55.341337+00:00
[2023-12-06T18:34:55.401+0000] {processor.py:179} INFO - Processing /usr/local/lib/python3.10/dist-packages/airflow/example_dags/example_task_group_decorator.py took 0.123 seconds
[2023-12-06T18:35:43.911+0000] {processor.py:157} INFO - Started process (PID=4530) to work on /usr/local/lib/python3.10/dist-packages/airflow/example_dags/example_task_group_decorator.py
[2023-12-06T18:35:43.913+0000] {processor.py:829} INFO - Processing file /usr/local/lib/python3.10/dist-packages/airflow/example_dags/example_task_group_decorator.py for tasks to queue
[2023-12-06T18:35:43.913+0000] {logging_mixin.py:154} INFO - [2023-12-06T18:35:43.913+0000] {dagbag.py:536} INFO - Filling up the DagBag from /usr/local/lib/python3.10/dist-packages/airflow/example_dags/example_task_group_decorator.py
[2023-12-06T18:35:43.931+0000] {processor.py:839} INFO - DAG(s) dict_keys(['example_task_group_decorator']) retrieved from /usr/local/lib/python3.10/dist-packages/airflow/example_dags/example_task_group_decorator.py
[2023-12-06T18:35:43.952+0000] {logging_mixin.py:154} INFO - [2023-12-06T18:35:43.952+0000] {dag.py:2941} INFO - Sync 1 DAGs
[2023-12-06T18:35:43.972+0000] {logging_mixin.py:154} INFO - [2023-12-06T18:35:43.972+0000] {dag.py:3722} INFO - Setting next_dagrun for example_task_group_decorator to 2023-12-05T18:35:43.972130+00:00, run_after=2023-12-06T18:35:43.972130+00:00
[2023-12-06T18:35:44.027+0000] {processor.py:179} INFO - Processing /usr/local/lib/python3.10/dist-packages/airflow/example_dags/example_task_group_decorator.py took 0.119 seconds
[2023-12-06T18:36:27.797+0000] {processor.py:157} INFO - Started process (PID=4576) to work on /usr/local/lib/python3.10/dist-packages/airflow/example_dags/example_task_group_decorator.py
[2023-12-06T18:36:27.798+0000] {processor.py:829} INFO - Processing file /usr/local/lib/python3.10/dist-packages/airflow/example_dags/example_task_group_decorator.py for tasks to queue
[2023-12-06T18:36:27.799+0000] {logging_mixin.py:154} INFO - [2023-12-06T18:36:27.798+0000] {dagbag.py:536} INFO - Filling up the DagBag from /usr/local/lib/python3.10/dist-packages/airflow/example_dags/example_task_group_decorator.py
[2023-12-06T18:36:27.816+0000] {processor.py:839} INFO - DAG(s) dict_keys(['example_task_group_decorator']) retrieved from /usr/local/lib/python3.10/dist-packages/airflow/example_dags/example_task_group_decorator.py
[2023-12-06T18:36:27.837+0000] {logging_mixin.py:154} INFO - [2023-12-06T18:36:27.836+0000] {dag.py:2941} INFO - Sync 1 DAGs
[2023-12-06T18:36:27.857+0000] {logging_mixin.py:154} INFO - [2023-12-06T18:36:27.857+0000] {dag.py:3722} INFO - Setting next_dagrun for example_task_group_decorator to 2023-12-05T18:36:27.856771+00:00, run_after=2023-12-06T18:36:27.856771+00:00
[2023-12-06T18:36:27.881+0000] {processor.py:179} INFO - Processing /usr/local/lib/python3.10/dist-packages/airflow/example_dags/example_task_group_decorator.py took 0.088 seconds
[2023-12-06T18:37:13.718+0000] {processor.py:157} INFO - Started process (PID=4623) to work on /usr/local/lib/python3.10/dist-packages/airflow/example_dags/example_task_group_decorator.py
[2023-12-06T18:37:13.720+0000] {processor.py:829} INFO - Processing file /usr/local/lib/python3.10/dist-packages/airflow/example_dags/example_task_group_decorator.py for tasks to queue
[2023-12-06T18:37:13.720+0000] {logging_mixin.py:154} INFO - [2023-12-06T18:37:13.720+0000] {dagbag.py:536} INFO - Filling up the DagBag from /usr/local/lib/python3.10/dist-packages/airflow/example_dags/example_task_group_decorator.py
[2023-12-06T18:37:13.738+0000] {processor.py:839} INFO - DAG(s) dict_keys(['example_task_group_decorator']) retrieved from /usr/local/lib/python3.10/dist-packages/airflow/example_dags/example_task_group_decorator.py
[2023-12-06T18:37:13.759+0000] {logging_mixin.py:154} INFO - [2023-12-06T18:37:13.758+0000] {dag.py:2941} INFO - Sync 1 DAGs
[2023-12-06T18:37:13.778+0000] {logging_mixin.py:154} INFO - [2023-12-06T18:37:13.778+0000] {dag.py:3722} INFO - Setting next_dagrun for example_task_group_decorator to 2023-12-05T18:37:13.778439+00:00, run_after=2023-12-06T18:37:13.778439+00:00
[2023-12-06T18:37:13.801+0000] {processor.py:179} INFO - Processing /usr/local/lib/python3.10/dist-packages/airflow/example_dags/example_task_group_decorator.py took 0.087 seconds
[2023-12-06T18:38:00.099+0000] {processor.py:157} INFO - Started process (PID=4671) to work on /usr/local/lib/python3.10/dist-packages/airflow/example_dags/example_task_group_decorator.py
[2023-12-06T18:38:00.101+0000] {processor.py:829} INFO - Processing file /usr/local/lib/python3.10/dist-packages/airflow/example_dags/example_task_group_decorator.py for tasks to queue
[2023-12-06T18:38:00.102+0000] {logging_mixin.py:154} INFO - [2023-12-06T18:38:00.101+0000] {dagbag.py:536} INFO - Filling up the DagBag from /usr/local/lib/python3.10/dist-packages/airflow/example_dags/example_task_group_decorator.py
[2023-12-06T18:38:00.119+0000] {processor.py:839} INFO - DAG(s) dict_keys(['example_task_group_decorator']) retrieved from /usr/local/lib/python3.10/dist-packages/airflow/example_dags/example_task_group_decorator.py
[2023-12-06T18:38:00.141+0000] {logging_mixin.py:154} INFO - [2023-12-06T18:38:00.140+0000] {dag.py:2941} INFO - Sync 1 DAGs
[2023-12-06T18:38:00.162+0000] {logging_mixin.py:154} INFO - [2023-12-06T18:38:00.162+0000] {dag.py:3722} INFO - Setting next_dagrun for example_task_group_decorator to 2023-12-05T18:38:00.161906+00:00, run_after=2023-12-06T18:38:00.161906+00:00
[2023-12-06T18:38:00.186+0000] {processor.py:179} INFO - Processing /usr/local/lib/python3.10/dist-packages/airflow/example_dags/example_task_group_decorator.py took 0.090 seconds
[2023-12-06T18:38:47.979+0000] {processor.py:157} INFO - Started process (PID=4719) to work on /usr/local/lib/python3.10/dist-packages/airflow/example_dags/example_task_group_decorator.py
[2023-12-06T18:38:47.980+0000] {processor.py:829} INFO - Processing file /usr/local/lib/python3.10/dist-packages/airflow/example_dags/example_task_group_decorator.py for tasks to queue
[2023-12-06T18:38:47.981+0000] {logging_mixin.py:154} INFO - [2023-12-06T18:38:47.981+0000] {dagbag.py:536} INFO - Filling up the DagBag from /usr/local/lib/python3.10/dist-packages/airflow/example_dags/example_task_group_decorator.py
[2023-12-06T18:38:47.999+0000] {processor.py:839} INFO - DAG(s) dict_keys(['example_task_group_decorator']) retrieved from /usr/local/lib/python3.10/dist-packages/airflow/example_dags/example_task_group_decorator.py
[2023-12-06T18:38:48.020+0000] {logging_mixin.py:154} INFO - [2023-12-06T18:38:48.020+0000] {dag.py:2941} INFO - Sync 1 DAGs
[2023-12-06T18:38:48.040+0000] {logging_mixin.py:154} INFO - [2023-12-06T18:38:48.040+0000] {dag.py:3722} INFO - Setting next_dagrun for example_task_group_decorator to 2023-12-05T18:38:48.039849+00:00, run_after=2023-12-06T18:38:48.039849+00:00
[2023-12-06T18:38:48.064+0000] {processor.py:179} INFO - Processing /usr/local/lib/python3.10/dist-packages/airflow/example_dags/example_task_group_decorator.py took 0.089 seconds
[2023-12-06T18:39:36.566+0000] {processor.py:157} INFO - Started process (PID=4767) to work on /usr/local/lib/python3.10/dist-packages/airflow/example_dags/example_task_group_decorator.py
[2023-12-06T18:39:36.567+0000] {processor.py:829} INFO - Processing file /usr/local/lib/python3.10/dist-packages/airflow/example_dags/example_task_group_decorator.py for tasks to queue
[2023-12-06T18:39:36.568+0000] {logging_mixin.py:154} INFO - [2023-12-06T18:39:36.568+0000] {dagbag.py:536} INFO - Filling up the DagBag from /usr/local/lib/python3.10/dist-packages/airflow/example_dags/example_task_group_decorator.py
[2023-12-06T18:39:36.585+0000] {processor.py:839} INFO - DAG(s) dict_keys(['example_task_group_decorator']) retrieved from /usr/local/lib/python3.10/dist-packages/airflow/example_dags/example_task_group_decorator.py
[2023-12-06T18:39:36.607+0000] {logging_mixin.py:154} INFO - [2023-12-06T18:39:36.607+0000] {dag.py:2941} INFO - Sync 1 DAGs
[2023-12-06T18:39:36.628+0000] {logging_mixin.py:154} INFO - [2023-12-06T18:39:36.628+0000] {dag.py:3722} INFO - Setting next_dagrun for example_task_group_decorator to 2023-12-05T18:39:36.627777+00:00, run_after=2023-12-06T18:39:36.627777+00:00
[2023-12-06T18:39:36.653+0000] {processor.py:179} INFO - Processing /usr/local/lib/python3.10/dist-packages/airflow/example_dags/example_task_group_decorator.py took 0.090 seconds
[2023-12-06T18:40:25.285+0000] {processor.py:157} INFO - Started process (PID=4817) to work on /usr/local/lib/python3.10/dist-packages/airflow/example_dags/example_task_group_decorator.py
[2023-12-06T18:40:25.286+0000] {processor.py:829} INFO - Processing file /usr/local/lib/python3.10/dist-packages/airflow/example_dags/example_task_group_decorator.py for tasks to queue
[2023-12-06T18:40:25.287+0000] {logging_mixin.py:154} INFO - [2023-12-06T18:40:25.286+0000] {dagbag.py:536} INFO - Filling up the DagBag from /usr/local/lib/python3.10/dist-packages/airflow/example_dags/example_task_group_decorator.py
[2023-12-06T18:40:25.304+0000] {processor.py:839} INFO - DAG(s) dict_keys(['example_task_group_decorator']) retrieved from /usr/local/lib/python3.10/dist-packages/airflow/example_dags/example_task_group_decorator.py
[2023-12-06T18:40:25.326+0000] {logging_mixin.py:154} INFO - [2023-12-06T18:40:25.326+0000] {dag.py:2941} INFO - Sync 1 DAGs
[2023-12-06T18:40:25.348+0000] {logging_mixin.py:154} INFO - [2023-12-06T18:40:25.347+0000] {dag.py:3722} INFO - Setting next_dagrun for example_task_group_decorator to 2023-12-05T18:40:25.347700+00:00, run_after=2023-12-06T18:40:25.347700+00:00
[2023-12-06T18:40:25.372+0000] {processor.py:179} INFO - Processing /usr/local/lib/python3.10/dist-packages/airflow/example_dags/example_task_group_decorator.py took 0.091 seconds
[2023-12-06T18:41:16.275+0000] {processor.py:157} INFO - Started process (PID=4868) to work on /usr/local/lib/python3.10/dist-packages/airflow/example_dags/example_task_group_decorator.py
[2023-12-06T18:41:16.278+0000] {processor.py:829} INFO - Processing file /usr/local/lib/python3.10/dist-packages/airflow/example_dags/example_task_group_decorator.py for tasks to queue
[2023-12-06T18:41:16.279+0000] {logging_mixin.py:154} INFO - [2023-12-06T18:41:16.279+0000] {dagbag.py:536} INFO - Filling up the DagBag from /usr/local/lib/python3.10/dist-packages/airflow/example_dags/example_task_group_decorator.py
[2023-12-06T18:41:16.296+0000] {processor.py:839} INFO - DAG(s) dict_keys(['example_task_group_decorator']) retrieved from /usr/local/lib/python3.10/dist-packages/airflow/example_dags/example_task_group_decorator.py
[2023-12-06T18:41:16.318+0000] {logging_mixin.py:154} INFO - [2023-12-06T18:41:16.317+0000] {dag.py:2941} INFO - Sync 1 DAGs
[2023-12-06T18:41:16.338+0000] {logging_mixin.py:154} INFO - [2023-12-06T18:41:16.337+0000] {dag.py:3722} INFO - Setting next_dagrun for example_task_group_decorator to 2023-12-05T18:41:16.337577+00:00, run_after=2023-12-06T18:41:16.337577+00:00
[2023-12-06T18:41:16.360+0000] {processor.py:179} INFO - Processing /usr/local/lib/python3.10/dist-packages/airflow/example_dags/example_task_group_decorator.py took 0.088 seconds
[2023-12-06T18:42:02.430+0000] {processor.py:157} INFO - Started process (PID=4915) to work on /usr/local/lib/python3.10/dist-packages/airflow/example_dags/example_task_group_decorator.py
[2023-12-06T18:42:02.432+0000] {processor.py:829} INFO - Processing file /usr/local/lib/python3.10/dist-packages/airflow/example_dags/example_task_group_decorator.py for tasks to queue
[2023-12-06T18:42:02.432+0000] {logging_mixin.py:154} INFO - [2023-12-06T18:42:02.432+0000] {dagbag.py:536} INFO - Filling up the DagBag from /usr/local/lib/python3.10/dist-packages/airflow/example_dags/example_task_group_decorator.py
[2023-12-06T18:42:02.451+0000] {processor.py:839} INFO - DAG(s) dict_keys(['example_task_group_decorator']) retrieved from /usr/local/lib/python3.10/dist-packages/airflow/example_dags/example_task_group_decorator.py
[2023-12-06T18:42:02.473+0000] {logging_mixin.py:154} INFO - [2023-12-06T18:42:02.472+0000] {dag.py:2941} INFO - Sync 1 DAGs
[2023-12-06T18:42:02.495+0000] {logging_mixin.py:154} INFO - [2023-12-06T18:42:02.495+0000] {dag.py:3722} INFO - Setting next_dagrun for example_task_group_decorator to 2023-12-05T18:42:02.494767+00:00, run_after=2023-12-06T18:42:02.494767+00:00
[2023-12-06T18:42:02.519+0000] {processor.py:179} INFO - Processing /usr/local/lib/python3.10/dist-packages/airflow/example_dags/example_task_group_decorator.py took 0.093 seconds
[2023-12-06T18:42:51.030+0000] {processor.py:157} INFO - Started process (PID=4963) to work on /usr/local/lib/python3.10/dist-packages/airflow/example_dags/example_task_group_decorator.py
[2023-12-06T18:42:51.032+0000] {processor.py:829} INFO - Processing file /usr/local/lib/python3.10/dist-packages/airflow/example_dags/example_task_group_decorator.py for tasks to queue
[2023-12-06T18:42:51.033+0000] {logging_mixin.py:154} INFO - [2023-12-06T18:42:51.032+0000] {dagbag.py:536} INFO - Filling up the DagBag from /usr/local/lib/python3.10/dist-packages/airflow/example_dags/example_task_group_decorator.py
[2023-12-06T18:42:51.050+0000] {processor.py:839} INFO - DAG(s) dict_keys(['example_task_group_decorator']) retrieved from /usr/local/lib/python3.10/dist-packages/airflow/example_dags/example_task_group_decorator.py
[2023-12-06T18:42:51.072+0000] {logging_mixin.py:154} INFO - [2023-12-06T18:42:51.071+0000] {dag.py:2941} INFO - Sync 1 DAGs
[2023-12-06T18:42:51.092+0000] {logging_mixin.py:154} INFO - [2023-12-06T18:42:51.092+0000] {dag.py:3722} INFO - Setting next_dagrun for example_task_group_decorator to 2023-12-05T18:42:51.092053+00:00, run_after=2023-12-06T18:42:51.092053+00:00
[2023-12-06T18:42:51.131+0000] {processor.py:179} INFO - Processing /usr/local/lib/python3.10/dist-packages/airflow/example_dags/example_task_group_decorator.py took 0.104 seconds
[2023-12-06T18:43:43.643+0000] {processor.py:157} INFO - Started process (PID=5016) to work on /usr/local/lib/python3.10/dist-packages/airflow/example_dags/example_task_group_decorator.py
[2023-12-06T18:43:43.645+0000] {processor.py:829} INFO - Processing file /usr/local/lib/python3.10/dist-packages/airflow/example_dags/example_task_group_decorator.py for tasks to queue
[2023-12-06T18:43:43.646+0000] {logging_mixin.py:154} INFO - [2023-12-06T18:43:43.645+0000] {dagbag.py:536} INFO - Filling up the DagBag from /usr/local/lib/python3.10/dist-packages/airflow/example_dags/example_task_group_decorator.py
[2023-12-06T18:43:43.663+0000] {processor.py:839} INFO - DAG(s) dict_keys(['example_task_group_decorator']) retrieved from /usr/local/lib/python3.10/dist-packages/airflow/example_dags/example_task_group_decorator.py
[2023-12-06T18:43:43.685+0000] {logging_mixin.py:154} INFO - [2023-12-06T18:43:43.684+0000] {dag.py:2941} INFO - Sync 1 DAGs
[2023-12-06T18:43:43.706+0000] {logging_mixin.py:154} INFO - [2023-12-06T18:43:43.706+0000] {dag.py:3722} INFO - Setting next_dagrun for example_task_group_decorator to 2023-12-05T18:43:43.706307+00:00, run_after=2023-12-06T18:43:43.706307+00:00
[2023-12-06T18:43:43.728+0000] {processor.py:179} INFO - Processing /usr/local/lib/python3.10/dist-packages/airflow/example_dags/example_task_group_decorator.py took 0.089 seconds
[2023-12-06T18:44:32.943+0000] {processor.py:157} INFO - Started process (PID=5065) to work on /usr/local/lib/python3.10/dist-packages/airflow/example_dags/example_task_group_decorator.py
[2023-12-06T18:44:32.944+0000] {processor.py:829} INFO - Processing file /usr/local/lib/python3.10/dist-packages/airflow/example_dags/example_task_group_decorator.py for tasks to queue
[2023-12-06T18:44:32.945+0000] {logging_mixin.py:154} INFO - [2023-12-06T18:44:32.945+0000] {dagbag.py:536} INFO - Filling up the DagBag from /usr/local/lib/python3.10/dist-packages/airflow/example_dags/example_task_group_decorator.py
[2023-12-06T18:44:32.963+0000] {processor.py:839} INFO - DAG(s) dict_keys(['example_task_group_decorator']) retrieved from /usr/local/lib/python3.10/dist-packages/airflow/example_dags/example_task_group_decorator.py
[2023-12-06T18:44:32.983+0000] {logging_mixin.py:154} INFO - [2023-12-06T18:44:32.983+0000] {dag.py:2941} INFO - Sync 1 DAGs
[2023-12-06T18:44:33.004+0000] {logging_mixin.py:154} INFO - [2023-12-06T18:44:33.003+0000] {dag.py:3722} INFO - Setting next_dagrun for example_task_group_decorator to 2023-12-05T18:44:33.003545+00:00, run_after=2023-12-06T18:44:33.003545+00:00
[2023-12-06T18:44:33.025+0000] {processor.py:179} INFO - Processing /usr/local/lib/python3.10/dist-packages/airflow/example_dags/example_task_group_decorator.py took 0.086 seconds
[2023-12-06T18:45:17.728+0000] {processor.py:157} INFO - Started process (PID=5111) to work on /usr/local/lib/python3.10/dist-packages/airflow/example_dags/example_task_group_decorator.py
[2023-12-06T18:45:17.729+0000] {processor.py:829} INFO - Processing file /usr/local/lib/python3.10/dist-packages/airflow/example_dags/example_task_group_decorator.py for tasks to queue
[2023-12-06T18:45:17.730+0000] {logging_mixin.py:154} INFO - [2023-12-06T18:45:17.730+0000] {dagbag.py:536} INFO - Filling up the DagBag from /usr/local/lib/python3.10/dist-packages/airflow/example_dags/example_task_group_decorator.py
[2023-12-06T18:45:17.747+0000] {processor.py:839} INFO - DAG(s) dict_keys(['example_task_group_decorator']) retrieved from /usr/local/lib/python3.10/dist-packages/airflow/example_dags/example_task_group_decorator.py
[2023-12-06T18:45:17.769+0000] {logging_mixin.py:154} INFO - [2023-12-06T18:45:17.768+0000] {dag.py:2941} INFO - Sync 1 DAGs
[2023-12-06T18:45:17.789+0000] {logging_mixin.py:154} INFO - [2023-12-06T18:45:17.789+0000] {dag.py:3722} INFO - Setting next_dagrun for example_task_group_decorator to 2023-12-05T18:45:17.789160+00:00, run_after=2023-12-06T18:45:17.789160+00:00
[2023-12-06T18:45:17.854+0000] {processor.py:179} INFO - Processing /usr/local/lib/python3.10/dist-packages/airflow/example_dags/example_task_group_decorator.py took 0.129 seconds
[2023-12-06T18:46:03.953+0000] {processor.py:157} INFO - Started process (PID=5160) to work on /usr/local/lib/python3.10/dist-packages/airflow/example_dags/example_task_group_decorator.py
[2023-12-06T18:46:03.955+0000] {processor.py:829} INFO - Processing file /usr/local/lib/python3.10/dist-packages/airflow/example_dags/example_task_group_decorator.py for tasks to queue
[2023-12-06T18:46:03.956+0000] {logging_mixin.py:154} INFO - [2023-12-06T18:46:03.955+0000] {dagbag.py:536} INFO - Filling up the DagBag from /usr/local/lib/python3.10/dist-packages/airflow/example_dags/example_task_group_decorator.py
[2023-12-06T18:46:03.973+0000] {processor.py:839} INFO - DAG(s) dict_keys(['example_task_group_decorator']) retrieved from /usr/local/lib/python3.10/dist-packages/airflow/example_dags/example_task_group_decorator.py
[2023-12-06T18:46:03.995+0000] {logging_mixin.py:154} INFO - [2023-12-06T18:46:03.995+0000] {dag.py:2941} INFO - Sync 1 DAGs
[2023-12-06T18:46:04.017+0000] {logging_mixin.py:154} INFO - [2023-12-06T18:46:04.016+0000] {dag.py:3722} INFO - Setting next_dagrun for example_task_group_decorator to 2023-12-05T18:46:04.016487+00:00, run_after=2023-12-06T18:46:04.016487+00:00
[2023-12-06T18:46:04.040+0000] {processor.py:179} INFO - Processing /usr/local/lib/python3.10/dist-packages/airflow/example_dags/example_task_group_decorator.py took 0.090 seconds
[2023-12-06T18:46:46.377+0000] {processor.py:157} INFO - Started process (PID=5208) to work on /usr/local/lib/python3.10/dist-packages/airflow/example_dags/example_task_group_decorator.py
[2023-12-06T18:46:46.379+0000] {processor.py:829} INFO - Processing file /usr/local/lib/python3.10/dist-packages/airflow/example_dags/example_task_group_decorator.py for tasks to queue
[2023-12-06T18:46:46.380+0000] {logging_mixin.py:154} INFO - [2023-12-06T18:46:46.379+0000] {dagbag.py:536} INFO - Filling up the DagBag from /usr/local/lib/python3.10/dist-packages/airflow/example_dags/example_task_group_decorator.py
[2023-12-06T18:46:46.398+0000] {processor.py:839} INFO - DAG(s) dict_keys(['example_task_group_decorator']) retrieved from /usr/local/lib/python3.10/dist-packages/airflow/example_dags/example_task_group_decorator.py
[2023-12-06T18:46:46.419+0000] {logging_mixin.py:154} INFO - [2023-12-06T18:46:46.419+0000] {dag.py:2941} INFO - Sync 1 DAGs
[2023-12-06T18:46:46.440+0000] {logging_mixin.py:154} INFO - [2023-12-06T18:46:46.440+0000] {dag.py:3722} INFO - Setting next_dagrun for example_task_group_decorator to 2023-12-05T18:46:46.439870+00:00, run_after=2023-12-06T18:46:46.439870+00:00
[2023-12-06T18:46:46.464+0000] {processor.py:179} INFO - Processing /usr/local/lib/python3.10/dist-packages/airflow/example_dags/example_task_group_decorator.py took 0.091 seconds
[2023-12-06T18:47:38.678+0000] {processor.py:157} INFO - Started process (PID=5258) to work on /usr/local/lib/python3.10/dist-packages/airflow/example_dags/example_task_group_decorator.py
[2023-12-06T18:47:38.679+0000] {processor.py:829} INFO - Processing file /usr/local/lib/python3.10/dist-packages/airflow/example_dags/example_task_group_decorator.py for tasks to queue
[2023-12-06T18:47:38.680+0000] {logging_mixin.py:154} INFO - [2023-12-06T18:47:38.679+0000] {dagbag.py:536} INFO - Filling up the DagBag from /usr/local/lib/python3.10/dist-packages/airflow/example_dags/example_task_group_decorator.py
[2023-12-06T18:47:38.697+0000] {processor.py:839} INFO - DAG(s) dict_keys(['example_task_group_decorator']) retrieved from /usr/local/lib/python3.10/dist-packages/airflow/example_dags/example_task_group_decorator.py
[2023-12-06T18:47:38.719+0000] {logging_mixin.py:154} INFO - [2023-12-06T18:47:38.718+0000] {dag.py:2941} INFO - Sync 1 DAGs
[2023-12-06T18:47:38.739+0000] {logging_mixin.py:154} INFO - [2023-12-06T18:47:38.739+0000] {dag.py:3722} INFO - Setting next_dagrun for example_task_group_decorator to 2023-12-05T18:47:38.738997+00:00, run_after=2023-12-06T18:47:38.738997+00:00
[2023-12-06T18:47:38.763+0000] {processor.py:179} INFO - Processing /usr/local/lib/python3.10/dist-packages/airflow/example_dags/example_task_group_decorator.py took 0.089 seconds
[2023-12-06T18:48:28.732+0000] {processor.py:157} INFO - Started process (PID=5309) to work on /usr/local/lib/python3.10/dist-packages/airflow/example_dags/example_task_group_decorator.py
[2023-12-06T18:48:28.734+0000] {processor.py:829} INFO - Processing file /usr/local/lib/python3.10/dist-packages/airflow/example_dags/example_task_group_decorator.py for tasks to queue
[2023-12-06T18:48:28.735+0000] {logging_mixin.py:154} INFO - [2023-12-06T18:48:28.734+0000] {dagbag.py:536} INFO - Filling up the DagBag from /usr/local/lib/python3.10/dist-packages/airflow/example_dags/example_task_group_decorator.py
[2023-12-06T18:48:28.753+0000] {processor.py:839} INFO - DAG(s) dict_keys(['example_task_group_decorator']) retrieved from /usr/local/lib/python3.10/dist-packages/airflow/example_dags/example_task_group_decorator.py
[2023-12-06T18:48:28.774+0000] {logging_mixin.py:154} INFO - [2023-12-06T18:48:28.774+0000] {dag.py:2941} INFO - Sync 1 DAGs
[2023-12-06T18:48:28.795+0000] {logging_mixin.py:154} INFO - [2023-12-06T18:48:28.795+0000] {dag.py:3722} INFO - Setting next_dagrun for example_task_group_decorator to 2023-12-05T18:48:28.795234+00:00, run_after=2023-12-06T18:48:28.795234+00:00
[2023-12-06T18:48:28.818+0000] {processor.py:179} INFO - Processing /usr/local/lib/python3.10/dist-packages/airflow/example_dags/example_task_group_decorator.py took 0.089 seconds
[2023-12-06T18:49:15.621+0000] {processor.py:157} INFO - Started process (PID=5357) to work on /usr/local/lib/python3.10/dist-packages/airflow/example_dags/example_task_group_decorator.py
[2023-12-06T18:49:15.624+0000] {processor.py:829} INFO - Processing file /usr/local/lib/python3.10/dist-packages/airflow/example_dags/example_task_group_decorator.py for tasks to queue
[2023-12-06T18:49:15.624+0000] {logging_mixin.py:154} INFO - [2023-12-06T18:49:15.624+0000] {dagbag.py:536} INFO - Filling up the DagBag from /usr/local/lib/python3.10/dist-packages/airflow/example_dags/example_task_group_decorator.py
[2023-12-06T18:49:15.642+0000] {processor.py:839} INFO - DAG(s) dict_keys(['example_task_group_decorator']) retrieved from /usr/local/lib/python3.10/dist-packages/airflow/example_dags/example_task_group_decorator.py
[2023-12-06T18:49:15.664+0000] {logging_mixin.py:154} INFO - [2023-12-06T18:49:15.664+0000] {dag.py:2941} INFO - Sync 1 DAGs
[2023-12-06T18:49:15.686+0000] {logging_mixin.py:154} INFO - [2023-12-06T18:49:15.686+0000] {dag.py:3722} INFO - Setting next_dagrun for example_task_group_decorator to 2023-12-05T18:49:15.686291+00:00, run_after=2023-12-06T18:49:15.686291+00:00
[2023-12-06T18:49:15.711+0000] {processor.py:179} INFO - Processing /usr/local/lib/python3.10/dist-packages/airflow/example_dags/example_task_group_decorator.py took 0.093 seconds
[2023-12-06T18:49:57.576+0000] {processor.py:157} INFO - Started process (PID=5403) to work on /usr/local/lib/python3.10/dist-packages/airflow/example_dags/example_task_group_decorator.py
[2023-12-06T18:49:57.577+0000] {processor.py:829} INFO - Processing file /usr/local/lib/python3.10/dist-packages/airflow/example_dags/example_task_group_decorator.py for tasks to queue
[2023-12-06T18:49:57.578+0000] {logging_mixin.py:154} INFO - [2023-12-06T18:49:57.578+0000] {dagbag.py:536} INFO - Filling up the DagBag from /usr/local/lib/python3.10/dist-packages/airflow/example_dags/example_task_group_decorator.py
[2023-12-06T18:49:57.596+0000] {processor.py:839} INFO - DAG(s) dict_keys(['example_task_group_decorator']) retrieved from /usr/local/lib/python3.10/dist-packages/airflow/example_dags/example_task_group_decorator.py
[2023-12-06T18:49:57.617+0000] {logging_mixin.py:154} INFO - [2023-12-06T18:49:57.617+0000] {dag.py:2941} INFO - Sync 1 DAGs
[2023-12-06T18:49:57.637+0000] {logging_mixin.py:154} INFO - [2023-12-06T18:49:57.637+0000] {dag.py:3722} INFO - Setting next_dagrun for example_task_group_decorator to 2023-12-05T18:49:57.636840+00:00, run_after=2023-12-06T18:49:57.636840+00:00
[2023-12-06T18:49:57.660+0000] {processor.py:179} INFO - Processing /usr/local/lib/python3.10/dist-packages/airflow/example_dags/example_task_group_decorator.py took 0.088 seconds
[2023-12-06T18:50:39.002+0000] {processor.py:157} INFO - Started process (PID=5445) to work on /usr/local/lib/python3.10/dist-packages/airflow/example_dags/example_task_group_decorator.py
[2023-12-06T18:50:39.003+0000] {processor.py:829} INFO - Processing file /usr/local/lib/python3.10/dist-packages/airflow/example_dags/example_task_group_decorator.py for tasks to queue
[2023-12-06T18:50:39.004+0000] {logging_mixin.py:154} INFO - [2023-12-06T18:50:39.004+0000] {dagbag.py:536} INFO - Filling up the DagBag from /usr/local/lib/python3.10/dist-packages/airflow/example_dags/example_task_group_decorator.py
[2023-12-06T18:50:39.022+0000] {processor.py:839} INFO - DAG(s) dict_keys(['example_task_group_decorator']) retrieved from /usr/local/lib/python3.10/dist-packages/airflow/example_dags/example_task_group_decorator.py
[2023-12-06T18:50:39.043+0000] {logging_mixin.py:154} INFO - [2023-12-06T18:50:39.043+0000] {dag.py:2941} INFO - Sync 1 DAGs
[2023-12-06T18:50:39.064+0000] {logging_mixin.py:154} INFO - [2023-12-06T18:50:39.063+0000] {dag.py:3722} INFO - Setting next_dagrun for example_task_group_decorator to 2023-12-05T18:50:39.063693+00:00, run_after=2023-12-06T18:50:39.063693+00:00
[2023-12-06T18:50:39.088+0000] {processor.py:179} INFO - Processing /usr/local/lib/python3.10/dist-packages/airflow/example_dags/example_task_group_decorator.py took 0.090 seconds
[2023-12-06T18:51:21.417+0000] {processor.py:157} INFO - Started process (PID=5494) to work on /usr/local/lib/python3.10/dist-packages/airflow/example_dags/example_task_group_decorator.py
[2023-12-06T18:51:21.419+0000] {processor.py:829} INFO - Processing file /usr/local/lib/python3.10/dist-packages/airflow/example_dags/example_task_group_decorator.py for tasks to queue
[2023-12-06T18:51:21.420+0000] {logging_mixin.py:154} INFO - [2023-12-06T18:51:21.420+0000] {dagbag.py:536} INFO - Filling up the DagBag from /usr/local/lib/python3.10/dist-packages/airflow/example_dags/example_task_group_decorator.py
[2023-12-06T18:51:21.438+0000] {processor.py:839} INFO - DAG(s) dict_keys(['example_task_group_decorator']) retrieved from /usr/local/lib/python3.10/dist-packages/airflow/example_dags/example_task_group_decorator.py
[2023-12-06T18:51:21.465+0000] {logging_mixin.py:154} INFO - [2023-12-06T18:51:21.465+0000] {dag.py:2941} INFO - Sync 1 DAGs
[2023-12-06T18:51:21.485+0000] {logging_mixin.py:154} INFO - [2023-12-06T18:51:21.485+0000] {dag.py:3722} INFO - Setting next_dagrun for example_task_group_decorator to 2023-12-05T18:51:21.485117+00:00, run_after=2023-12-06T18:51:21.485117+00:00
[2023-12-06T18:51:21.514+0000] {processor.py:179} INFO - Processing /usr/local/lib/python3.10/dist-packages/airflow/example_dags/example_task_group_decorator.py took 0.100 seconds
[2023-12-06T18:52:04.422+0000] {processor.py:157} INFO - Started process (PID=5539) to work on /usr/local/lib/python3.10/dist-packages/airflow/example_dags/example_task_group_decorator.py
[2023-12-06T18:52:04.425+0000] {processor.py:829} INFO - Processing file /usr/local/lib/python3.10/dist-packages/airflow/example_dags/example_task_group_decorator.py for tasks to queue
[2023-12-06T18:52:04.425+0000] {logging_mixin.py:154} INFO - [2023-12-06T18:52:04.425+0000] {dagbag.py:536} INFO - Filling up the DagBag from /usr/local/lib/python3.10/dist-packages/airflow/example_dags/example_task_group_decorator.py
[2023-12-06T18:52:04.443+0000] {processor.py:839} INFO - DAG(s) dict_keys(['example_task_group_decorator']) retrieved from /usr/local/lib/python3.10/dist-packages/airflow/example_dags/example_task_group_decorator.py
[2023-12-06T18:52:04.465+0000] {logging_mixin.py:154} INFO - [2023-12-06T18:52:04.465+0000] {dag.py:2941} INFO - Sync 1 DAGs
[2023-12-06T18:52:04.487+0000] {logging_mixin.py:154} INFO - [2023-12-06T18:52:04.487+0000] {dag.py:3722} INFO - Setting next_dagrun for example_task_group_decorator to 2023-12-05T18:52:04.487310+00:00, run_after=2023-12-06T18:52:04.487310+00:00
[2023-12-06T18:52:04.511+0000] {processor.py:179} INFO - Processing /usr/local/lib/python3.10/dist-packages/airflow/example_dags/example_task_group_decorator.py took 0.093 seconds
[2023-12-06T18:52:51.965+0000] {processor.py:157} INFO - Started process (PID=5587) to work on /usr/local/lib/python3.10/dist-packages/airflow/example_dags/example_task_group_decorator.py
[2023-12-06T18:52:51.966+0000] {processor.py:829} INFO - Processing file /usr/local/lib/python3.10/dist-packages/airflow/example_dags/example_task_group_decorator.py for tasks to queue
[2023-12-06T18:52:51.967+0000] {logging_mixin.py:154} INFO - [2023-12-06T18:52:51.967+0000] {dagbag.py:536} INFO - Filling up the DagBag from /usr/local/lib/python3.10/dist-packages/airflow/example_dags/example_task_group_decorator.py
[2023-12-06T18:52:51.985+0000] {processor.py:839} INFO - DAG(s) dict_keys(['example_task_group_decorator']) retrieved from /usr/local/lib/python3.10/dist-packages/airflow/example_dags/example_task_group_decorator.py
[2023-12-06T18:52:52.007+0000] {logging_mixin.py:154} INFO - [2023-12-06T18:52:52.007+0000] {dag.py:2941} INFO - Sync 1 DAGs
[2023-12-06T18:52:52.028+0000] {logging_mixin.py:154} INFO - [2023-12-06T18:52:52.028+0000] {dag.py:3722} INFO - Setting next_dagrun for example_task_group_decorator to 2023-12-05T18:52:52.027761+00:00, run_after=2023-12-06T18:52:52.027761+00:00
[2023-12-06T18:52:52.052+0000] {processor.py:179} INFO - Processing /usr/local/lib/python3.10/dist-packages/airflow/example_dags/example_task_group_decorator.py took 0.091 seconds
[2023-12-06T18:53:39.348+0000] {processor.py:157} INFO - Started process (PID=5634) to work on /usr/local/lib/python3.10/dist-packages/airflow/example_dags/example_task_group_decorator.py
[2023-12-06T18:53:39.349+0000] {processor.py:829} INFO - Processing file /usr/local/lib/python3.10/dist-packages/airflow/example_dags/example_task_group_decorator.py for tasks to queue
[2023-12-06T18:53:39.350+0000] {logging_mixin.py:154} INFO - [2023-12-06T18:53:39.350+0000] {dagbag.py:536} INFO - Filling up the DagBag from /usr/local/lib/python3.10/dist-packages/airflow/example_dags/example_task_group_decorator.py
[2023-12-06T18:53:39.368+0000] {processor.py:839} INFO - DAG(s) dict_keys(['example_task_group_decorator']) retrieved from /usr/local/lib/python3.10/dist-packages/airflow/example_dags/example_task_group_decorator.py
[2023-12-06T18:53:39.389+0000] {logging_mixin.py:154} INFO - [2023-12-06T18:53:39.389+0000] {dag.py:2941} INFO - Sync 1 DAGs
[2023-12-06T18:53:39.411+0000] {logging_mixin.py:154} INFO - [2023-12-06T18:53:39.410+0000] {dag.py:3722} INFO - Setting next_dagrun for example_task_group_decorator to 2023-12-05T18:53:39.410561+00:00, run_after=2023-12-06T18:53:39.410561+00:00
[2023-12-06T18:53:39.434+0000] {processor.py:179} INFO - Processing /usr/local/lib/python3.10/dist-packages/airflow/example_dags/example_task_group_decorator.py took 0.090 seconds
[2023-12-06T18:54:19.170+0000] {processor.py:157} INFO - Started process (PID=5677) to work on /usr/local/lib/python3.10/dist-packages/airflow/example_dags/example_task_group_decorator.py
[2023-12-06T18:54:19.172+0000] {processor.py:829} INFO - Processing file /usr/local/lib/python3.10/dist-packages/airflow/example_dags/example_task_group_decorator.py for tasks to queue
[2023-12-06T18:54:19.173+0000] {logging_mixin.py:154} INFO - [2023-12-06T18:54:19.172+0000] {dagbag.py:536} INFO - Filling up the DagBag from /usr/local/lib/python3.10/dist-packages/airflow/example_dags/example_task_group_decorator.py
[2023-12-06T18:54:19.190+0000] {processor.py:839} INFO - DAG(s) dict_keys(['example_task_group_decorator']) retrieved from /usr/local/lib/python3.10/dist-packages/airflow/example_dags/example_task_group_decorator.py
[2023-12-06T18:54:19.211+0000] {logging_mixin.py:154} INFO - [2023-12-06T18:54:19.211+0000] {dag.py:2941} INFO - Sync 1 DAGs
[2023-12-06T18:54:19.232+0000] {logging_mixin.py:154} INFO - [2023-12-06T18:54:19.232+0000] {dag.py:3722} INFO - Setting next_dagrun for example_task_group_decorator to 2023-12-05T18:54:19.232129+00:00, run_after=2023-12-06T18:54:19.232129+00:00
[2023-12-06T18:54:19.255+0000] {processor.py:179} INFO - Processing /usr/local/lib/python3.10/dist-packages/airflow/example_dags/example_task_group_decorator.py took 0.088 seconds
[2023-12-06T18:55:06.246+0000] {processor.py:157} INFO - Started process (PID=5726) to work on /usr/local/lib/python3.10/dist-packages/airflow/example_dags/example_task_group_decorator.py
[2023-12-06T18:55:06.248+0000] {processor.py:829} INFO - Processing file /usr/local/lib/python3.10/dist-packages/airflow/example_dags/example_task_group_decorator.py for tasks to queue
[2023-12-06T18:55:06.249+0000] {logging_mixin.py:154} INFO - [2023-12-06T18:55:06.248+0000] {dagbag.py:536} INFO - Filling up the DagBag from /usr/local/lib/python3.10/dist-packages/airflow/example_dags/example_task_group_decorator.py
[2023-12-06T18:55:06.266+0000] {processor.py:839} INFO - DAG(s) dict_keys(['example_task_group_decorator']) retrieved from /usr/local/lib/python3.10/dist-packages/airflow/example_dags/example_task_group_decorator.py
[2023-12-06T18:55:06.289+0000] {logging_mixin.py:154} INFO - [2023-12-06T18:55:06.289+0000] {dag.py:2941} INFO - Sync 1 DAGs
[2023-12-06T18:55:06.311+0000] {logging_mixin.py:154} INFO - [2023-12-06T18:55:06.310+0000] {dag.py:3722} INFO - Setting next_dagrun for example_task_group_decorator to 2023-12-05T18:55:06.310693+00:00, run_after=2023-12-06T18:55:06.310693+00:00
[2023-12-06T18:55:06.335+0000] {processor.py:179} INFO - Processing /usr/local/lib/python3.10/dist-packages/airflow/example_dags/example_task_group_decorator.py took 0.093 seconds
[2023-12-06T18:55:52.071+0000] {processor.py:157} INFO - Started process (PID=5773) to work on /usr/local/lib/python3.10/dist-packages/airflow/example_dags/example_task_group_decorator.py
[2023-12-06T18:55:52.072+0000] {processor.py:829} INFO - Processing file /usr/local/lib/python3.10/dist-packages/airflow/example_dags/example_task_group_decorator.py for tasks to queue
[2023-12-06T18:55:52.073+0000] {logging_mixin.py:154} INFO - [2023-12-06T18:55:52.073+0000] {dagbag.py:536} INFO - Filling up the DagBag from /usr/local/lib/python3.10/dist-packages/airflow/example_dags/example_task_group_decorator.py
[2023-12-06T18:55:52.095+0000] {processor.py:839} INFO - DAG(s) dict_keys(['example_task_group_decorator']) retrieved from /usr/local/lib/python3.10/dist-packages/airflow/example_dags/example_task_group_decorator.py
[2023-12-06T18:55:52.116+0000] {logging_mixin.py:154} INFO - [2023-12-06T18:55:52.116+0000] {dag.py:2941} INFO - Sync 1 DAGs
[2023-12-06T18:55:52.136+0000] {logging_mixin.py:154} INFO - [2023-12-06T18:55:52.136+0000] {dag.py:3722} INFO - Setting next_dagrun for example_task_group_decorator to 2023-12-05T18:55:52.136366+00:00, run_after=2023-12-06T18:55:52.136366+00:00
[2023-12-06T18:55:52.164+0000] {processor.py:179} INFO - Processing /usr/local/lib/python3.10/dist-packages/airflow/example_dags/example_task_group_decorator.py took 0.103 seconds
[2023-12-06T18:56:40.585+0000] {processor.py:157} INFO - Started process (PID=5822) to work on /usr/local/lib/python3.10/dist-packages/airflow/example_dags/example_task_group_decorator.py
[2023-12-06T18:56:40.587+0000] {processor.py:829} INFO - Processing file /usr/local/lib/python3.10/dist-packages/airflow/example_dags/example_task_group_decorator.py for tasks to queue
[2023-12-06T18:56:40.588+0000] {logging_mixin.py:154} INFO - [2023-12-06T18:56:40.587+0000] {dagbag.py:536} INFO - Filling up the DagBag from /usr/local/lib/python3.10/dist-packages/airflow/example_dags/example_task_group_decorator.py
[2023-12-06T18:56:40.605+0000] {processor.py:839} INFO - DAG(s) dict_keys(['example_task_group_decorator']) retrieved from /usr/local/lib/python3.10/dist-packages/airflow/example_dags/example_task_group_decorator.py
[2023-12-06T18:56:40.627+0000] {logging_mixin.py:154} INFO - [2023-12-06T18:56:40.627+0000] {dag.py:2941} INFO - Sync 1 DAGs
[2023-12-06T18:56:40.647+0000] {logging_mixin.py:154} INFO - [2023-12-06T18:56:40.647+0000] {dag.py:3722} INFO - Setting next_dagrun for example_task_group_decorator to 2023-12-05T18:56:40.647391+00:00, run_after=2023-12-06T18:56:40.647391+00:00
[2023-12-06T18:56:40.671+0000] {processor.py:179} INFO - Processing /usr/local/lib/python3.10/dist-packages/airflow/example_dags/example_task_group_decorator.py took 0.090 seconds
[2023-12-06T18:57:25.877+0000] {processor.py:157} INFO - Started process (PID=5871) to work on /usr/local/lib/python3.10/dist-packages/airflow/example_dags/example_task_group_decorator.py
[2023-12-06T18:57:25.878+0000] {processor.py:829} INFO - Processing file /usr/local/lib/python3.10/dist-packages/airflow/example_dags/example_task_group_decorator.py for tasks to queue
[2023-12-06T18:57:25.879+0000] {logging_mixin.py:154} INFO - [2023-12-06T18:57:25.879+0000] {dagbag.py:536} INFO - Filling up the DagBag from /usr/local/lib/python3.10/dist-packages/airflow/example_dags/example_task_group_decorator.py
[2023-12-06T18:57:25.897+0000] {processor.py:839} INFO - DAG(s) dict_keys(['example_task_group_decorator']) retrieved from /usr/local/lib/python3.10/dist-packages/airflow/example_dags/example_task_group_decorator.py
[2023-12-06T18:57:25.918+0000] {logging_mixin.py:154} INFO - [2023-12-06T18:57:25.918+0000] {dag.py:2941} INFO - Sync 1 DAGs
[2023-12-06T18:57:25.939+0000] {logging_mixin.py:154} INFO - [2023-12-06T18:57:25.939+0000] {dag.py:3722} INFO - Setting next_dagrun for example_task_group_decorator to 2023-12-05T18:57:25.939417+00:00, run_after=2023-12-06T18:57:25.939417+00:00
[2023-12-06T18:57:25.966+0000] {processor.py:179} INFO - Processing /usr/local/lib/python3.10/dist-packages/airflow/example_dags/example_task_group_decorator.py took 0.092 seconds
[2023-12-06T18:58:11.470+0000] {processor.py:157} INFO - Started process (PID=5918) to work on /usr/local/lib/python3.10/dist-packages/airflow/example_dags/example_task_group_decorator.py
[2023-12-06T18:58:11.472+0000] {processor.py:829} INFO - Processing file /usr/local/lib/python3.10/dist-packages/airflow/example_dags/example_task_group_decorator.py for tasks to queue
[2023-12-06T18:58:11.473+0000] {logging_mixin.py:154} INFO - [2023-12-06T18:58:11.472+0000] {dagbag.py:536} INFO - Filling up the DagBag from /usr/local/lib/python3.10/dist-packages/airflow/example_dags/example_task_group_decorator.py
[2023-12-06T18:58:11.490+0000] {processor.py:839} INFO - DAG(s) dict_keys(['example_task_group_decorator']) retrieved from /usr/local/lib/python3.10/dist-packages/airflow/example_dags/example_task_group_decorator.py
[2023-12-06T18:58:11.511+0000] {logging_mixin.py:154} INFO - [2023-12-06T18:58:11.511+0000] {dag.py:2941} INFO - Sync 1 DAGs
[2023-12-06T18:58:11.531+0000] {logging_mixin.py:154} INFO - [2023-12-06T18:58:11.531+0000] {dag.py:3722} INFO - Setting next_dagrun for example_task_group_decorator to 2023-12-05T18:58:11.531217+00:00, run_after=2023-12-06T18:58:11.531217+00:00
[2023-12-06T18:58:11.585+0000] {processor.py:179} INFO - Processing /usr/local/lib/python3.10/dist-packages/airflow/example_dags/example_task_group_decorator.py took 0.119 seconds
[2023-12-06T18:58:55.887+0000] {processor.py:157} INFO - Started process (PID=5964) to work on /usr/local/lib/python3.10/dist-packages/airflow/example_dags/example_task_group_decorator.py
[2023-12-06T18:58:55.889+0000] {processor.py:829} INFO - Processing file /usr/local/lib/python3.10/dist-packages/airflow/example_dags/example_task_group_decorator.py for tasks to queue
[2023-12-06T18:58:55.890+0000] {logging_mixin.py:154} INFO - [2023-12-06T18:58:55.890+0000] {dagbag.py:536} INFO - Filling up the DagBag from /usr/local/lib/python3.10/dist-packages/airflow/example_dags/example_task_group_decorator.py
[2023-12-06T18:58:55.907+0000] {processor.py:839} INFO - DAG(s) dict_keys(['example_task_group_decorator']) retrieved from /usr/local/lib/python3.10/dist-packages/airflow/example_dags/example_task_group_decorator.py
[2023-12-06T18:58:55.928+0000] {logging_mixin.py:154} INFO - [2023-12-06T18:58:55.928+0000] {dag.py:2941} INFO - Sync 1 DAGs
[2023-12-06T18:58:55.949+0000] {logging_mixin.py:154} INFO - [2023-12-06T18:58:55.949+0000] {dag.py:3722} INFO - Setting next_dagrun for example_task_group_decorator to 2023-12-05T18:58:55.948876+00:00, run_after=2023-12-06T18:58:55.948876+00:00
[2023-12-06T18:58:55.972+0000] {processor.py:179} INFO - Processing /usr/local/lib/python3.10/dist-packages/airflow/example_dags/example_task_group_decorator.py took 0.089 seconds
[2023-12-06T18:59:42.876+0000] {processor.py:157} INFO - Started process (PID=6012) to work on /usr/local/lib/python3.10/dist-packages/airflow/example_dags/example_task_group_decorator.py
[2023-12-06T18:59:42.877+0000] {processor.py:829} INFO - Processing file /usr/local/lib/python3.10/dist-packages/airflow/example_dags/example_task_group_decorator.py for tasks to queue
[2023-12-06T18:59:42.878+0000] {logging_mixin.py:154} INFO - [2023-12-06T18:59:42.878+0000] {dagbag.py:536} INFO - Filling up the DagBag from /usr/local/lib/python3.10/dist-packages/airflow/example_dags/example_task_group_decorator.py
[2023-12-06T18:59:42.895+0000] {processor.py:839} INFO - DAG(s) dict_keys(['example_task_group_decorator']) retrieved from /usr/local/lib/python3.10/dist-packages/airflow/example_dags/example_task_group_decorator.py
[2023-12-06T18:59:42.917+0000] {logging_mixin.py:154} INFO - [2023-12-06T18:59:42.916+0000] {dag.py:2941} INFO - Sync 1 DAGs
[2023-12-06T18:59:42.937+0000] {logging_mixin.py:154} INFO - [2023-12-06T18:59:42.937+0000] {dag.py:3722} INFO - Setting next_dagrun for example_task_group_decorator to 2023-12-05T18:59:42.937004+00:00, run_after=2023-12-06T18:59:42.937004+00:00
[2023-12-06T18:59:42.960+0000] {processor.py:179} INFO - Processing /usr/local/lib/python3.10/dist-packages/airflow/example_dags/example_task_group_decorator.py took 0.088 seconds
[2023-12-06T19:00:34.473+0000] {processor.py:157} INFO - Started process (PID=6367) to work on /usr/local/lib/python3.10/dist-packages/airflow/example_dags/example_task_group_decorator.py
[2023-12-06T19:00:34.475+0000] {processor.py:829} INFO - Processing file /usr/local/lib/python3.10/dist-packages/airflow/example_dags/example_task_group_decorator.py for tasks to queue
[2023-12-06T19:00:34.476+0000] {logging_mixin.py:154} INFO - [2023-12-06T19:00:34.476+0000] {dagbag.py:536} INFO - Filling up the DagBag from /usr/local/lib/python3.10/dist-packages/airflow/example_dags/example_task_group_decorator.py
[2023-12-06T19:00:34.493+0000] {processor.py:839} INFO - DAG(s) dict_keys(['example_task_group_decorator']) retrieved from /usr/local/lib/python3.10/dist-packages/airflow/example_dags/example_task_group_decorator.py
[2023-12-06T19:00:34.515+0000] {logging_mixin.py:154} INFO - [2023-12-06T19:00:34.515+0000] {dag.py:2941} INFO - Sync 1 DAGs
[2023-12-06T19:00:34.542+0000] {logging_mixin.py:154} INFO - [2023-12-06T19:00:34.542+0000] {dag.py:3722} INFO - Setting next_dagrun for example_task_group_decorator to 2023-12-05T19:00:34.541830+00:00, run_after=2023-12-06T19:00:34.541830+00:00
[2023-12-06T19:00:34.569+0000] {processor.py:179} INFO - Processing /usr/local/lib/python3.10/dist-packages/airflow/example_dags/example_task_group_decorator.py took 0.099 seconds
[2023-12-06T19:01:22.643+0000] {processor.py:157} INFO - Started process (PID=6471) to work on /usr/local/lib/python3.10/dist-packages/airflow/example_dags/example_task_group_decorator.py
[2023-12-06T19:01:22.646+0000] {processor.py:829} INFO - Processing file /usr/local/lib/python3.10/dist-packages/airflow/example_dags/example_task_group_decorator.py for tasks to queue
[2023-12-06T19:01:22.647+0000] {logging_mixin.py:154} INFO - [2023-12-06T19:01:22.646+0000] {dagbag.py:536} INFO - Filling up the DagBag from /usr/local/lib/python3.10/dist-packages/airflow/example_dags/example_task_group_decorator.py
[2023-12-06T19:01:22.664+0000] {processor.py:839} INFO - DAG(s) dict_keys(['example_task_group_decorator']) retrieved from /usr/local/lib/python3.10/dist-packages/airflow/example_dags/example_task_group_decorator.py
[2023-12-06T19:01:22.691+0000] {logging_mixin.py:154} INFO - [2023-12-06T19:01:22.691+0000] {dag.py:2941} INFO - Sync 1 DAGs
[2023-12-06T19:01:22.717+0000] {logging_mixin.py:154} INFO - [2023-12-06T19:01:22.717+0000] {dag.py:3722} INFO - Setting next_dagrun for example_task_group_decorator to 2023-12-05T19:01:22.717271+00:00, run_after=2023-12-06T19:01:22.717271+00:00
[2023-12-06T19:01:22.741+0000] {processor.py:179} INFO - Processing /usr/local/lib/python3.10/dist-packages/airflow/example_dags/example_task_group_decorator.py took 0.101 seconds
[2023-12-06T19:02:10.237+0000] {processor.py:157} INFO - Started process (PID=6520) to work on /usr/local/lib/python3.10/dist-packages/airflow/example_dags/example_task_group_decorator.py
[2023-12-06T19:02:10.239+0000] {processor.py:829} INFO - Processing file /usr/local/lib/python3.10/dist-packages/airflow/example_dags/example_task_group_decorator.py for tasks to queue
[2023-12-06T19:02:10.240+0000] {logging_mixin.py:154} INFO - [2023-12-06T19:02:10.240+0000] {dagbag.py:536} INFO - Filling up the DagBag from /usr/local/lib/python3.10/dist-packages/airflow/example_dags/example_task_group_decorator.py
[2023-12-06T19:02:10.257+0000] {processor.py:839} INFO - DAG(s) dict_keys(['example_task_group_decorator']) retrieved from /usr/local/lib/python3.10/dist-packages/airflow/example_dags/example_task_group_decorator.py
[2023-12-06T19:02:10.285+0000] {logging_mixin.py:154} INFO - [2023-12-06T19:02:10.284+0000] {dag.py:2941} INFO - Sync 1 DAGs
[2023-12-06T19:02:10.305+0000] {logging_mixin.py:154} INFO - [2023-12-06T19:02:10.305+0000] {dag.py:3722} INFO - Setting next_dagrun for example_task_group_decorator to 2023-12-05T19:02:10.305343+00:00, run_after=2023-12-06T19:02:10.305343+00:00
[2023-12-06T19:02:10.329+0000] {processor.py:179} INFO - Processing /usr/local/lib/python3.10/dist-packages/airflow/example_dags/example_task_group_decorator.py took 0.096 seconds
[2023-12-06T19:02:54.646+0000] {processor.py:157} INFO - Started process (PID=6567) to work on /usr/local/lib/python3.10/dist-packages/airflow/example_dags/example_task_group_decorator.py
[2023-12-06T19:02:54.648+0000] {processor.py:829} INFO - Processing file /usr/local/lib/python3.10/dist-packages/airflow/example_dags/example_task_group_decorator.py for tasks to queue
[2023-12-06T19:02:54.649+0000] {logging_mixin.py:154} INFO - [2023-12-06T19:02:54.648+0000] {dagbag.py:536} INFO - Filling up the DagBag from /usr/local/lib/python3.10/dist-packages/airflow/example_dags/example_task_group_decorator.py
[2023-12-06T19:02:54.666+0000] {processor.py:839} INFO - DAG(s) dict_keys(['example_task_group_decorator']) retrieved from /usr/local/lib/python3.10/dist-packages/airflow/example_dags/example_task_group_decorator.py
[2023-12-06T19:02:54.687+0000] {logging_mixin.py:154} INFO - [2023-12-06T19:02:54.687+0000] {dag.py:2941} INFO - Sync 1 DAGs
[2023-12-06T19:02:54.708+0000] {logging_mixin.py:154} INFO - [2023-12-06T19:02:54.708+0000] {dag.py:3722} INFO - Setting next_dagrun for example_task_group_decorator to 2023-12-05T19:02:54.708092+00:00, run_after=2023-12-06T19:02:54.708092+00:00
[2023-12-06T19:02:54.731+0000] {processor.py:179} INFO - Processing /usr/local/lib/python3.10/dist-packages/airflow/example_dags/example_task_group_decorator.py took 0.089 seconds
[2023-12-06T19:03:44.941+0000] {processor.py:157} INFO - Started process (PID=6616) to work on /usr/local/lib/python3.10/dist-packages/airflow/example_dags/example_task_group_decorator.py
[2023-12-06T19:03:44.942+0000] {processor.py:829} INFO - Processing file /usr/local/lib/python3.10/dist-packages/airflow/example_dags/example_task_group_decorator.py for tasks to queue
[2023-12-06T19:03:44.943+0000] {logging_mixin.py:154} INFO - [2023-12-06T19:03:44.942+0000] {dagbag.py:536} INFO - Filling up the DagBag from /usr/local/lib/python3.10/dist-packages/airflow/example_dags/example_task_group_decorator.py
[2023-12-06T19:03:44.960+0000] {processor.py:839} INFO - DAG(s) dict_keys(['example_task_group_decorator']) retrieved from /usr/local/lib/python3.10/dist-packages/airflow/example_dags/example_task_group_decorator.py
[2023-12-06T19:03:44.982+0000] {logging_mixin.py:154} INFO - [2023-12-06T19:03:44.981+0000] {dag.py:2941} INFO - Sync 1 DAGs
[2023-12-06T19:03:45.010+0000] {logging_mixin.py:154} INFO - [2023-12-06T19:03:45.009+0000] {dag.py:3722} INFO - Setting next_dagrun for example_task_group_decorator to 2023-12-05T19:03:45.009290+00:00, run_after=2023-12-06T19:03:45.009290+00:00
[2023-12-06T19:03:45.033+0000] {processor.py:179} INFO - Processing /usr/local/lib/python3.10/dist-packages/airflow/example_dags/example_task_group_decorator.py took 0.095 seconds
[2023-12-06T19:04:31.279+0000] {processor.py:157} INFO - Started process (PID=6663) to work on /usr/local/lib/python3.10/dist-packages/airflow/example_dags/example_task_group_decorator.py
[2023-12-06T19:04:31.280+0000] {processor.py:829} INFO - Processing file /usr/local/lib/python3.10/dist-packages/airflow/example_dags/example_task_group_decorator.py for tasks to queue
[2023-12-06T19:04:31.281+0000] {logging_mixin.py:154} INFO - [2023-12-06T19:04:31.280+0000] {dagbag.py:536} INFO - Filling up the DagBag from /usr/local/lib/python3.10/dist-packages/airflow/example_dags/example_task_group_decorator.py
[2023-12-06T19:04:31.298+0000] {processor.py:839} INFO - DAG(s) dict_keys(['example_task_group_decorator']) retrieved from /usr/local/lib/python3.10/dist-packages/airflow/example_dags/example_task_group_decorator.py
[2023-12-06T19:04:31.320+0000] {logging_mixin.py:154} INFO - [2023-12-06T19:04:31.320+0000] {dag.py:2941} INFO - Sync 1 DAGs
[2023-12-06T19:04:31.341+0000] {logging_mixin.py:154} INFO - [2023-12-06T19:04:31.341+0000] {dag.py:3722} INFO - Setting next_dagrun for example_task_group_decorator to 2023-12-05T19:04:31.341453+00:00, run_after=2023-12-06T19:04:31.341453+00:00
[2023-12-06T19:04:31.370+0000] {processor.py:179} INFO - Processing /usr/local/lib/python3.10/dist-packages/airflow/example_dags/example_task_group_decorator.py took 0.095 seconds
[2023-12-06T19:05:21.903+0000] {processor.py:157} INFO - Started process (PID=6884) to work on /usr/local/lib/python3.10/dist-packages/airflow/example_dags/example_task_group_decorator.py
[2023-12-06T19:05:21.908+0000] {processor.py:829} INFO - Processing file /usr/local/lib/python3.10/dist-packages/airflow/example_dags/example_task_group_decorator.py for tasks to queue
[2023-12-06T19:05:21.909+0000] {logging_mixin.py:154} INFO - [2023-12-06T19:05:21.909+0000] {dagbag.py:536} INFO - Filling up the DagBag from /usr/local/lib/python3.10/dist-packages/airflow/example_dags/example_task_group_decorator.py
[2023-12-06T19:05:21.928+0000] {processor.py:839} INFO - DAG(s) dict_keys(['example_task_group_decorator']) retrieved from /usr/local/lib/python3.10/dist-packages/airflow/example_dags/example_task_group_decorator.py
[2023-12-06T19:05:21.950+0000] {logging_mixin.py:154} INFO - [2023-12-06T19:05:21.950+0000] {dag.py:2941} INFO - Sync 1 DAGs
[2023-12-06T19:05:21.971+0000] {logging_mixin.py:154} INFO - [2023-12-06T19:05:21.971+0000] {dag.py:3722} INFO - Setting next_dagrun for example_task_group_decorator to 2023-12-05T19:05:21.970790+00:00, run_after=2023-12-06T19:05:21.970790+00:00
[2023-12-06T19:05:22.002+0000] {processor.py:179} INFO - Processing /usr/local/lib/python3.10/dist-packages/airflow/example_dags/example_task_group_decorator.py took 0.103 seconds
[2023-12-06T19:06:09.844+0000] {processor.py:157} INFO - Started process (PID=6932) to work on /usr/local/lib/python3.10/dist-packages/airflow/example_dags/example_task_group_decorator.py
[2023-12-06T19:06:09.846+0000] {processor.py:829} INFO - Processing file /usr/local/lib/python3.10/dist-packages/airflow/example_dags/example_task_group_decorator.py for tasks to queue
[2023-12-06T19:06:09.847+0000] {logging_mixin.py:154} INFO - [2023-12-06T19:06:09.846+0000] {dagbag.py:536} INFO - Filling up the DagBag from /usr/local/lib/python3.10/dist-packages/airflow/example_dags/example_task_group_decorator.py
[2023-12-06T19:06:09.864+0000] {processor.py:839} INFO - DAG(s) dict_keys(['example_task_group_decorator']) retrieved from /usr/local/lib/python3.10/dist-packages/airflow/example_dags/example_task_group_decorator.py
[2023-12-06T19:06:09.886+0000] {logging_mixin.py:154} INFO - [2023-12-06T19:06:09.885+0000] {dag.py:2941} INFO - Sync 1 DAGs
[2023-12-06T19:06:09.906+0000] {logging_mixin.py:154} INFO - [2023-12-06T19:06:09.906+0000] {dag.py:3722} INFO - Setting next_dagrun for example_task_group_decorator to 2023-12-05T19:06:09.906083+00:00, run_after=2023-12-06T19:06:09.906083+00:00
[2023-12-06T19:06:09.930+0000] {processor.py:179} INFO - Processing /usr/local/lib/python3.10/dist-packages/airflow/example_dags/example_task_group_decorator.py took 0.089 seconds
[2023-12-06T19:06:55.983+0000] {processor.py:157} INFO - Started process (PID=6980) to work on /usr/local/lib/python3.10/dist-packages/airflow/example_dags/example_task_group_decorator.py
[2023-12-06T19:06:55.984+0000] {processor.py:829} INFO - Processing file /usr/local/lib/python3.10/dist-packages/airflow/example_dags/example_task_group_decorator.py for tasks to queue
[2023-12-06T19:06:55.986+0000] {logging_mixin.py:154} INFO - [2023-12-06T19:06:55.985+0000] {dagbag.py:536} INFO - Filling up the DagBag from /usr/local/lib/python3.10/dist-packages/airflow/example_dags/example_task_group_decorator.py
[2023-12-06T19:06:56.003+0000] {processor.py:839} INFO - DAG(s) dict_keys(['example_task_group_decorator']) retrieved from /usr/local/lib/python3.10/dist-packages/airflow/example_dags/example_task_group_decorator.py
[2023-12-06T19:06:56.024+0000] {logging_mixin.py:154} INFO - [2023-12-06T19:06:56.024+0000] {dag.py:2941} INFO - Sync 1 DAGs
[2023-12-06T19:06:56.046+0000] {logging_mixin.py:154} INFO - [2023-12-06T19:06:56.045+0000] {dag.py:3722} INFO - Setting next_dagrun for example_task_group_decorator to 2023-12-05T19:06:56.045564+00:00, run_after=2023-12-06T19:06:56.045564+00:00
[2023-12-06T19:06:56.070+0000] {processor.py:179} INFO - Processing /usr/local/lib/python3.10/dist-packages/airflow/example_dags/example_task_group_decorator.py took 0.091 seconds
[2023-12-06T19:07:45.832+0000] {processor.py:157} INFO - Started process (PID=7030) to work on /usr/local/lib/python3.10/dist-packages/airflow/example_dags/example_task_group_decorator.py
[2023-12-06T19:07:45.834+0000] {processor.py:829} INFO - Processing file /usr/local/lib/python3.10/dist-packages/airflow/example_dags/example_task_group_decorator.py for tasks to queue
[2023-12-06T19:07:45.835+0000] {logging_mixin.py:154} INFO - [2023-12-06T19:07:45.835+0000] {dagbag.py:536} INFO - Filling up the DagBag from /usr/local/lib/python3.10/dist-packages/airflow/example_dags/example_task_group_decorator.py
[2023-12-06T19:07:45.852+0000] {processor.py:839} INFO - DAG(s) dict_keys(['example_task_group_decorator']) retrieved from /usr/local/lib/python3.10/dist-packages/airflow/example_dags/example_task_group_decorator.py
[2023-12-06T19:07:45.874+0000] {logging_mixin.py:154} INFO - [2023-12-06T19:07:45.874+0000] {dag.py:2941} INFO - Sync 1 DAGs
[2023-12-06T19:07:45.894+0000] {logging_mixin.py:154} INFO - [2023-12-06T19:07:45.894+0000] {dag.py:3722} INFO - Setting next_dagrun for example_task_group_decorator to 2023-12-05T19:07:45.894370+00:00, run_after=2023-12-06T19:07:45.894370+00:00
[2023-12-06T19:07:45.918+0000] {processor.py:179} INFO - Processing /usr/local/lib/python3.10/dist-packages/airflow/example_dags/example_task_group_decorator.py took 0.089 seconds
