[2023-12-06T18:21:47.989+0000] {processor.py:157} INFO - Started process (PID=3664) to work on /usr/local/lib/python3.10/dist-packages/airflow/example_dags/example_trigger_target_dag.py
[2023-12-06T18:21:47.990+0000] {processor.py:829} INFO - Processing file /usr/local/lib/python3.10/dist-packages/airflow/example_dags/example_trigger_target_dag.py for tasks to queue
[2023-12-06T18:21:47.991+0000] {logging_mixin.py:154} INFO - [2023-12-06T18:21:47.991+0000] {dagbag.py:536} INFO - Filling up the DagBag from /usr/local/lib/python3.10/dist-packages/airflow/example_dags/example_trigger_target_dag.py
[2023-12-06T18:21:48.014+0000] {processor.py:839} INFO - DAG(s) dict_keys(['example_trigger_target_dag']) retrieved from /usr/local/lib/python3.10/dist-packages/airflow/example_dags/example_trigger_target_dag.py
[2023-12-06T18:21:48.247+0000] {logging_mixin.py:154} INFO - [2023-12-06T18:21:48.247+0000] {manager.py:499} INFO - Created Permission View: %s
[2023-12-06T18:21:48.272+0000] {logging_mixin.py:154} INFO - [2023-12-06T18:21:48.272+0000] {manager.py:499} INFO - Created Permission View: %s
[2023-12-06T18:21:48.289+0000] {logging_mixin.py:154} INFO - [2023-12-06T18:21:48.289+0000] {manager.py:499} INFO - Created Permission View: %s
[2023-12-06T18:21:48.290+0000] {logging_mixin.py:154} INFO - [2023-12-06T18:21:48.290+0000] {dag.py:2941} INFO - Sync 1 DAGs
[2023-12-06T18:21:48.309+0000] {logging_mixin.py:154} INFO - [2023-12-06T18:21:48.309+0000] {dag.py:2963} INFO - Creating ORM DAG for example_trigger_target_dag
[2023-12-06T18:21:48.313+0000] {logging_mixin.py:154} INFO - [2023-12-06T18:21:48.313+0000] {dag.py:3722} INFO - Setting next_dagrun for example_trigger_target_dag to None, run_after=None
[2023-12-06T18:21:48.354+0000] {processor.py:179} INFO - Processing /usr/local/lib/python3.10/dist-packages/airflow/example_dags/example_trigger_target_dag.py took 0.368 seconds
[2023-12-06T18:22:40.732+0000] {processor.py:157} INFO - Started process (PID=3714) to work on /usr/local/lib/python3.10/dist-packages/airflow/example_dags/example_trigger_target_dag.py
[2023-12-06T18:22:40.733+0000] {processor.py:829} INFO - Processing file /usr/local/lib/python3.10/dist-packages/airflow/example_dags/example_trigger_target_dag.py for tasks to queue
[2023-12-06T18:22:40.734+0000] {logging_mixin.py:154} INFO - [2023-12-06T18:22:40.734+0000] {dagbag.py:536} INFO - Filling up the DagBag from /usr/local/lib/python3.10/dist-packages/airflow/example_dags/example_trigger_target_dag.py
[2023-12-06T18:22:40.742+0000] {processor.py:839} INFO - DAG(s) dict_keys(['example_trigger_target_dag']) retrieved from /usr/local/lib/python3.10/dist-packages/airflow/example_dags/example_trigger_target_dag.py
[2023-12-06T18:22:40.759+0000] {logging_mixin.py:154} INFO - [2023-12-06T18:22:40.758+0000] {dag.py:2941} INFO - Sync 1 DAGs
[2023-12-06T18:22:40.770+0000] {logging_mixin.py:154} INFO - [2023-12-06T18:22:40.770+0000] {dag.py:3722} INFO - Setting next_dagrun for example_trigger_target_dag to None, run_after=None
[2023-12-06T18:22:40.791+0000] {processor.py:179} INFO - Processing /usr/local/lib/python3.10/dist-packages/airflow/example_dags/example_trigger_target_dag.py took 0.063 seconds
[2023-12-06T18:23:16.678+0000] {processor.py:157} INFO - Started process (PID=3755) to work on /usr/local/lib/python3.10/dist-packages/airflow/example_dags/example_trigger_target_dag.py
[2023-12-06T18:23:16.680+0000] {processor.py:829} INFO - Processing file /usr/local/lib/python3.10/dist-packages/airflow/example_dags/example_trigger_target_dag.py for tasks to queue
[2023-12-06T18:23:16.681+0000] {logging_mixin.py:154} INFO - [2023-12-06T18:23:16.680+0000] {dagbag.py:536} INFO - Filling up the DagBag from /usr/local/lib/python3.10/dist-packages/airflow/example_dags/example_trigger_target_dag.py
[2023-12-06T18:23:16.687+0000] {processor.py:839} INFO - DAG(s) dict_keys(['example_trigger_target_dag']) retrieved from /usr/local/lib/python3.10/dist-packages/airflow/example_dags/example_trigger_target_dag.py
[2023-12-06T18:23:16.704+0000] {logging_mixin.py:154} INFO - [2023-12-06T18:23:16.704+0000] {dag.py:2941} INFO - Sync 1 DAGs
[2023-12-06T18:23:16.716+0000] {logging_mixin.py:154} INFO - [2023-12-06T18:23:16.716+0000] {dag.py:3722} INFO - Setting next_dagrun for example_trigger_target_dag to None, run_after=None
[2023-12-06T18:23:16.737+0000] {processor.py:179} INFO - Processing /usr/local/lib/python3.10/dist-packages/airflow/example_dags/example_trigger_target_dag.py took 0.063 seconds
[2023-12-06T18:24:03.043+0000] {processor.py:157} INFO - Started process (PID=3801) to work on /usr/local/lib/python3.10/dist-packages/airflow/example_dags/example_trigger_target_dag.py
[2023-12-06T18:24:03.045+0000] {processor.py:829} INFO - Processing file /usr/local/lib/python3.10/dist-packages/airflow/example_dags/example_trigger_target_dag.py for tasks to queue
[2023-12-06T18:24:03.046+0000] {logging_mixin.py:154} INFO - [2023-12-06T18:24:03.045+0000] {dagbag.py:536} INFO - Filling up the DagBag from /usr/local/lib/python3.10/dist-packages/airflow/example_dags/example_trigger_target_dag.py
[2023-12-06T18:24:03.052+0000] {processor.py:839} INFO - DAG(s) dict_keys(['example_trigger_target_dag']) retrieved from /usr/local/lib/python3.10/dist-packages/airflow/example_dags/example_trigger_target_dag.py
[2023-12-06T18:24:03.070+0000] {logging_mixin.py:154} INFO - [2023-12-06T18:24:03.070+0000] {dag.py:2941} INFO - Sync 1 DAGs
[2023-12-06T18:24:03.082+0000] {logging_mixin.py:154} INFO - [2023-12-06T18:24:03.082+0000] {dag.py:3722} INFO - Setting next_dagrun for example_trigger_target_dag to None, run_after=None
[2023-12-06T18:24:03.106+0000] {processor.py:179} INFO - Processing /usr/local/lib/python3.10/dist-packages/airflow/example_dags/example_trigger_target_dag.py took 0.066 seconds
[2023-12-06T18:24:37.015+0000] {processor.py:157} INFO - Started process (PID=3836) to work on /usr/local/lib/python3.10/dist-packages/airflow/example_dags/example_trigger_target_dag.py
[2023-12-06T18:24:37.017+0000] {processor.py:829} INFO - Processing file /usr/local/lib/python3.10/dist-packages/airflow/example_dags/example_trigger_target_dag.py for tasks to queue
[2023-12-06T18:24:37.018+0000] {logging_mixin.py:154} INFO - [2023-12-06T18:24:37.017+0000] {dagbag.py:536} INFO - Filling up the DagBag from /usr/local/lib/python3.10/dist-packages/airflow/example_dags/example_trigger_target_dag.py
[2023-12-06T18:24:37.025+0000] {processor.py:839} INFO - DAG(s) dict_keys(['example_trigger_target_dag']) retrieved from /usr/local/lib/python3.10/dist-packages/airflow/example_dags/example_trigger_target_dag.py
[2023-12-06T18:24:37.043+0000] {logging_mixin.py:154} INFO - [2023-12-06T18:24:37.042+0000] {dag.py:2941} INFO - Sync 1 DAGs
[2023-12-06T18:24:37.055+0000] {logging_mixin.py:154} INFO - [2023-12-06T18:24:37.055+0000] {dag.py:3722} INFO - Setting next_dagrun for example_trigger_target_dag to None, run_after=None
[2023-12-06T18:24:37.078+0000] {processor.py:179} INFO - Processing /usr/local/lib/python3.10/dist-packages/airflow/example_dags/example_trigger_target_dag.py took 0.066 seconds
[2023-12-06T18:25:09.820+0000] {processor.py:157} INFO - Started process (PID=3871) to work on /usr/local/lib/python3.10/dist-packages/airflow/example_dags/example_trigger_target_dag.py
[2023-12-06T18:25:09.821+0000] {processor.py:829} INFO - Processing file /usr/local/lib/python3.10/dist-packages/airflow/example_dags/example_trigger_target_dag.py for tasks to queue
[2023-12-06T18:25:09.822+0000] {logging_mixin.py:154} INFO - [2023-12-06T18:25:09.822+0000] {dagbag.py:536} INFO - Filling up the DagBag from /usr/local/lib/python3.10/dist-packages/airflow/example_dags/example_trigger_target_dag.py
[2023-12-06T18:25:09.829+0000] {processor.py:839} INFO - DAG(s) dict_keys(['example_trigger_target_dag']) retrieved from /usr/local/lib/python3.10/dist-packages/airflow/example_dags/example_trigger_target_dag.py
[2023-12-06T18:25:09.846+0000] {logging_mixin.py:154} INFO - [2023-12-06T18:25:09.846+0000] {dag.py:2941} INFO - Sync 1 DAGs
[2023-12-06T18:25:09.859+0000] {logging_mixin.py:154} INFO - [2023-12-06T18:25:09.858+0000] {dag.py:3722} INFO - Setting next_dagrun for example_trigger_target_dag to None, run_after=None
[2023-12-06T18:25:09.882+0000] {processor.py:179} INFO - Processing /usr/local/lib/python3.10/dist-packages/airflow/example_dags/example_trigger_target_dag.py took 0.066 seconds
[2023-12-06T18:25:53.913+0000] {processor.py:157} INFO - Started process (PID=3919) to work on /usr/local/lib/python3.10/dist-packages/airflow/example_dags/example_trigger_target_dag.py
[2023-12-06T18:25:53.918+0000] {processor.py:829} INFO - Processing file /usr/local/lib/python3.10/dist-packages/airflow/example_dags/example_trigger_target_dag.py for tasks to queue
[2023-12-06T18:25:53.918+0000] {logging_mixin.py:154} INFO - [2023-12-06T18:25:53.918+0000] {dagbag.py:536} INFO - Filling up the DagBag from /usr/local/lib/python3.10/dist-packages/airflow/example_dags/example_trigger_target_dag.py
[2023-12-06T18:25:53.925+0000] {processor.py:839} INFO - DAG(s) dict_keys(['example_trigger_target_dag']) retrieved from /usr/local/lib/python3.10/dist-packages/airflow/example_dags/example_trigger_target_dag.py
[2023-12-06T18:25:53.942+0000] {logging_mixin.py:154} INFO - [2023-12-06T18:25:53.942+0000] {dag.py:2941} INFO - Sync 1 DAGs
[2023-12-06T18:25:53.954+0000] {logging_mixin.py:154} INFO - [2023-12-06T18:25:53.954+0000] {dag.py:3722} INFO - Setting next_dagrun for example_trigger_target_dag to None, run_after=None
[2023-12-06T18:25:53.977+0000] {processor.py:179} INFO - Processing /usr/local/lib/python3.10/dist-packages/airflow/example_dags/example_trigger_target_dag.py took 0.067 seconds
[2023-12-06T18:26:41.280+0000] {processor.py:157} INFO - Started process (PID=3966) to work on /usr/local/lib/python3.10/dist-packages/airflow/example_dags/example_trigger_target_dag.py
[2023-12-06T18:26:41.281+0000] {processor.py:829} INFO - Processing file /usr/local/lib/python3.10/dist-packages/airflow/example_dags/example_trigger_target_dag.py for tasks to queue
[2023-12-06T18:26:41.282+0000] {logging_mixin.py:154} INFO - [2023-12-06T18:26:41.282+0000] {dagbag.py:536} INFO - Filling up the DagBag from /usr/local/lib/python3.10/dist-packages/airflow/example_dags/example_trigger_target_dag.py
[2023-12-06T18:26:41.289+0000] {processor.py:839} INFO - DAG(s) dict_keys(['example_trigger_target_dag']) retrieved from /usr/local/lib/python3.10/dist-packages/airflow/example_dags/example_trigger_target_dag.py
[2023-12-06T18:26:41.306+0000] {logging_mixin.py:154} INFO - [2023-12-06T18:26:41.306+0000] {dag.py:2941} INFO - Sync 1 DAGs
[2023-12-06T18:26:41.318+0000] {logging_mixin.py:154} INFO - [2023-12-06T18:26:41.318+0000] {dag.py:3722} INFO - Setting next_dagrun for example_trigger_target_dag to None, run_after=None
[2023-12-06T18:26:41.342+0000] {processor.py:179} INFO - Processing /usr/local/lib/python3.10/dist-packages/airflow/example_dags/example_trigger_target_dag.py took 0.065 seconds
[2023-12-06T18:27:25.209+0000] {processor.py:157} INFO - Started process (PID=4013) to work on /usr/local/lib/python3.10/dist-packages/airflow/example_dags/example_trigger_target_dag.py
[2023-12-06T18:27:25.211+0000] {processor.py:829} INFO - Processing file /usr/local/lib/python3.10/dist-packages/airflow/example_dags/example_trigger_target_dag.py for tasks to queue
[2023-12-06T18:27:25.211+0000] {logging_mixin.py:154} INFO - [2023-12-06T18:27:25.211+0000] {dagbag.py:536} INFO - Filling up the DagBag from /usr/local/lib/python3.10/dist-packages/airflow/example_dags/example_trigger_target_dag.py
[2023-12-06T18:27:25.218+0000] {processor.py:839} INFO - DAG(s) dict_keys(['example_trigger_target_dag']) retrieved from /usr/local/lib/python3.10/dist-packages/airflow/example_dags/example_trigger_target_dag.py
[2023-12-06T18:27:25.235+0000] {logging_mixin.py:154} INFO - [2023-12-06T18:27:25.235+0000] {dag.py:2941} INFO - Sync 1 DAGs
[2023-12-06T18:27:25.247+0000] {logging_mixin.py:154} INFO - [2023-12-06T18:27:25.247+0000] {dag.py:3722} INFO - Setting next_dagrun for example_trigger_target_dag to None, run_after=None
[2023-12-06T18:27:25.269+0000] {processor.py:179} INFO - Processing /usr/local/lib/python3.10/dist-packages/airflow/example_dags/example_trigger_target_dag.py took 0.063 seconds
[2023-12-06T18:28:06.562+0000] {processor.py:157} INFO - Started process (PID=4057) to work on /usr/local/lib/python3.10/dist-packages/airflow/example_dags/example_trigger_target_dag.py
[2023-12-06T18:28:06.563+0000] {processor.py:829} INFO - Processing file /usr/local/lib/python3.10/dist-packages/airflow/example_dags/example_trigger_target_dag.py for tasks to queue
[2023-12-06T18:28:06.564+0000] {logging_mixin.py:154} INFO - [2023-12-06T18:28:06.564+0000] {dagbag.py:536} INFO - Filling up the DagBag from /usr/local/lib/python3.10/dist-packages/airflow/example_dags/example_trigger_target_dag.py
[2023-12-06T18:28:06.571+0000] {processor.py:839} INFO - DAG(s) dict_keys(['example_trigger_target_dag']) retrieved from /usr/local/lib/python3.10/dist-packages/airflow/example_dags/example_trigger_target_dag.py
[2023-12-06T18:28:06.588+0000] {logging_mixin.py:154} INFO - [2023-12-06T18:28:06.588+0000] {dag.py:2941} INFO - Sync 1 DAGs
[2023-12-06T18:28:06.601+0000] {logging_mixin.py:154} INFO - [2023-12-06T18:28:06.600+0000] {dag.py:3722} INFO - Setting next_dagrun for example_trigger_target_dag to None, run_after=None
[2023-12-06T18:28:06.623+0000] {processor.py:179} INFO - Processing /usr/local/lib/python3.10/dist-packages/airflow/example_dags/example_trigger_target_dag.py took 0.065 seconds
[2023-12-06T18:28:55.320+0000] {processor.py:157} INFO - Started process (PID=4105) to work on /usr/local/lib/python3.10/dist-packages/airflow/example_dags/example_trigger_target_dag.py
[2023-12-06T18:28:55.322+0000] {processor.py:829} INFO - Processing file /usr/local/lib/python3.10/dist-packages/airflow/example_dags/example_trigger_target_dag.py for tasks to queue
[2023-12-06T18:28:55.323+0000] {logging_mixin.py:154} INFO - [2023-12-06T18:28:55.323+0000] {dagbag.py:536} INFO - Filling up the DagBag from /usr/local/lib/python3.10/dist-packages/airflow/example_dags/example_trigger_target_dag.py
[2023-12-06T18:28:55.330+0000] {processor.py:839} INFO - DAG(s) dict_keys(['example_trigger_target_dag']) retrieved from /usr/local/lib/python3.10/dist-packages/airflow/example_dags/example_trigger_target_dag.py
[2023-12-06T18:28:55.347+0000] {logging_mixin.py:154} INFO - [2023-12-06T18:28:55.346+0000] {dag.py:2941} INFO - Sync 1 DAGs
[2023-12-06T18:28:55.358+0000] {logging_mixin.py:154} INFO - [2023-12-06T18:28:55.358+0000] {dag.py:3722} INFO - Setting next_dagrun for example_trigger_target_dag to None, run_after=None
[2023-12-06T18:28:55.380+0000] {processor.py:179} INFO - Processing /usr/local/lib/python3.10/dist-packages/airflow/example_dags/example_trigger_target_dag.py took 0.063 seconds
[2023-12-06T18:29:39.627+0000] {processor.py:157} INFO - Started process (PID=4153) to work on /usr/local/lib/python3.10/dist-packages/airflow/example_dags/example_trigger_target_dag.py
[2023-12-06T18:29:39.629+0000] {processor.py:829} INFO - Processing file /usr/local/lib/python3.10/dist-packages/airflow/example_dags/example_trigger_target_dag.py for tasks to queue
[2023-12-06T18:29:39.630+0000] {logging_mixin.py:154} INFO - [2023-12-06T18:29:39.629+0000] {dagbag.py:536} INFO - Filling up the DagBag from /usr/local/lib/python3.10/dist-packages/airflow/example_dags/example_trigger_target_dag.py
[2023-12-06T18:29:39.636+0000] {processor.py:839} INFO - DAG(s) dict_keys(['example_trigger_target_dag']) retrieved from /usr/local/lib/python3.10/dist-packages/airflow/example_dags/example_trigger_target_dag.py
[2023-12-06T18:29:39.653+0000] {logging_mixin.py:154} INFO - [2023-12-06T18:29:39.653+0000] {dag.py:2941} INFO - Sync 1 DAGs
[2023-12-06T18:29:39.665+0000] {logging_mixin.py:154} INFO - [2023-12-06T18:29:39.665+0000] {dag.py:3722} INFO - Setting next_dagrun for example_trigger_target_dag to None, run_after=None
[2023-12-06T18:29:39.687+0000] {processor.py:179} INFO - Processing /usr/local/lib/python3.10/dist-packages/airflow/example_dags/example_trigger_target_dag.py took 0.063 seconds
[2023-12-06T18:30:21.880+0000] {processor.py:157} INFO - Started process (PID=4197) to work on /usr/local/lib/python3.10/dist-packages/airflow/example_dags/example_trigger_target_dag.py
[2023-12-06T18:30:21.881+0000] {processor.py:829} INFO - Processing file /usr/local/lib/python3.10/dist-packages/airflow/example_dags/example_trigger_target_dag.py for tasks to queue
[2023-12-06T18:30:21.882+0000] {logging_mixin.py:154} INFO - [2023-12-06T18:30:21.882+0000] {dagbag.py:536} INFO - Filling up the DagBag from /usr/local/lib/python3.10/dist-packages/airflow/example_dags/example_trigger_target_dag.py
[2023-12-06T18:30:21.889+0000] {processor.py:839} INFO - DAG(s) dict_keys(['example_trigger_target_dag']) retrieved from /usr/local/lib/python3.10/dist-packages/airflow/example_dags/example_trigger_target_dag.py
[2023-12-06T18:30:21.905+0000] {logging_mixin.py:154} INFO - [2023-12-06T18:30:21.905+0000] {dag.py:2941} INFO - Sync 1 DAGs
[2023-12-06T18:30:21.917+0000] {logging_mixin.py:154} INFO - [2023-12-06T18:30:21.917+0000] {dag.py:3722} INFO - Setting next_dagrun for example_trigger_target_dag to None, run_after=None
[2023-12-06T18:30:21.938+0000] {processor.py:179} INFO - Processing /usr/local/lib/python3.10/dist-packages/airflow/example_dags/example_trigger_target_dag.py took 0.061 seconds
[2023-12-06T18:31:06.080+0000] {processor.py:157} INFO - Started process (PID=4244) to work on /usr/local/lib/python3.10/dist-packages/airflow/example_dags/example_trigger_target_dag.py
[2023-12-06T18:31:06.081+0000] {processor.py:829} INFO - Processing file /usr/local/lib/python3.10/dist-packages/airflow/example_dags/example_trigger_target_dag.py for tasks to queue
[2023-12-06T18:31:06.082+0000] {logging_mixin.py:154} INFO - [2023-12-06T18:31:06.081+0000] {dagbag.py:536} INFO - Filling up the DagBag from /usr/local/lib/python3.10/dist-packages/airflow/example_dags/example_trigger_target_dag.py
[2023-12-06T18:31:06.089+0000] {processor.py:839} INFO - DAG(s) dict_keys(['example_trigger_target_dag']) retrieved from /usr/local/lib/python3.10/dist-packages/airflow/example_dags/example_trigger_target_dag.py
[2023-12-06T18:31:06.106+0000] {logging_mixin.py:154} INFO - [2023-12-06T18:31:06.106+0000] {dag.py:2941} INFO - Sync 1 DAGs
[2023-12-06T18:31:06.119+0000] {logging_mixin.py:154} INFO - [2023-12-06T18:31:06.119+0000] {dag.py:3722} INFO - Setting next_dagrun for example_trigger_target_dag to None, run_after=None
[2023-12-06T18:31:06.143+0000] {processor.py:179} INFO - Processing /usr/local/lib/python3.10/dist-packages/airflow/example_dags/example_trigger_target_dag.py took 0.067 seconds
[2023-12-06T18:31:37.049+0000] {processor.py:157} INFO - Started process (PID=4276) to work on /usr/local/lib/python3.10/dist-packages/airflow/example_dags/example_trigger_target_dag.py
[2023-12-06T18:31:37.050+0000] {processor.py:829} INFO - Processing file /usr/local/lib/python3.10/dist-packages/airflow/example_dags/example_trigger_target_dag.py for tasks to queue
[2023-12-06T18:31:37.051+0000] {logging_mixin.py:154} INFO - [2023-12-06T18:31:37.050+0000] {dagbag.py:536} INFO - Filling up the DagBag from /usr/local/lib/python3.10/dist-packages/airflow/example_dags/example_trigger_target_dag.py
[2023-12-06T18:31:37.057+0000] {processor.py:839} INFO - DAG(s) dict_keys(['example_trigger_target_dag']) retrieved from /usr/local/lib/python3.10/dist-packages/airflow/example_dags/example_trigger_target_dag.py
[2023-12-06T18:31:37.074+0000] {logging_mixin.py:154} INFO - [2023-12-06T18:31:37.074+0000] {dag.py:2941} INFO - Sync 1 DAGs
[2023-12-06T18:31:37.086+0000] {logging_mixin.py:154} INFO - [2023-12-06T18:31:37.086+0000] {dag.py:3722} INFO - Setting next_dagrun for example_trigger_target_dag to None, run_after=None
[2023-12-06T18:31:37.107+0000] {processor.py:179} INFO - Processing /usr/local/lib/python3.10/dist-packages/airflow/example_dags/example_trigger_target_dag.py took 0.062 seconds
[2023-12-06T18:32:16.832+0000] {processor.py:157} INFO - Started process (PID=4319) to work on /usr/local/lib/python3.10/dist-packages/airflow/example_dags/example_trigger_target_dag.py
[2023-12-06T18:32:16.834+0000] {processor.py:829} INFO - Processing file /usr/local/lib/python3.10/dist-packages/airflow/example_dags/example_trigger_target_dag.py for tasks to queue
[2023-12-06T18:32:16.835+0000] {logging_mixin.py:154} INFO - [2023-12-06T18:32:16.835+0000] {dagbag.py:536} INFO - Filling up the DagBag from /usr/local/lib/python3.10/dist-packages/airflow/example_dags/example_trigger_target_dag.py
[2023-12-06T18:32:16.842+0000] {processor.py:839} INFO - DAG(s) dict_keys(['example_trigger_target_dag']) retrieved from /usr/local/lib/python3.10/dist-packages/airflow/example_dags/example_trigger_target_dag.py
[2023-12-06T18:32:16.859+0000] {logging_mixin.py:154} INFO - [2023-12-06T18:32:16.859+0000] {dag.py:2941} INFO - Sync 1 DAGs
[2023-12-06T18:32:16.871+0000] {logging_mixin.py:154} INFO - [2023-12-06T18:32:16.871+0000] {dag.py:3722} INFO - Setting next_dagrun for example_trigger_target_dag to None, run_after=None
[2023-12-06T18:32:16.894+0000] {processor.py:179} INFO - Processing /usr/local/lib/python3.10/dist-packages/airflow/example_dags/example_trigger_target_dag.py took 0.066 seconds
[2023-12-06T18:33:01.982+0000] {processor.py:157} INFO - Started process (PID=4365) to work on /usr/local/lib/python3.10/dist-packages/airflow/example_dags/example_trigger_target_dag.py
[2023-12-06T18:33:01.983+0000] {processor.py:829} INFO - Processing file /usr/local/lib/python3.10/dist-packages/airflow/example_dags/example_trigger_target_dag.py for tasks to queue
[2023-12-06T18:33:01.984+0000] {logging_mixin.py:154} INFO - [2023-12-06T18:33:01.984+0000] {dagbag.py:536} INFO - Filling up the DagBag from /usr/local/lib/python3.10/dist-packages/airflow/example_dags/example_trigger_target_dag.py
[2023-12-06T18:33:01.991+0000] {processor.py:839} INFO - DAG(s) dict_keys(['example_trigger_target_dag']) retrieved from /usr/local/lib/python3.10/dist-packages/airflow/example_dags/example_trigger_target_dag.py
[2023-12-06T18:33:02.010+0000] {logging_mixin.py:154} INFO - [2023-12-06T18:33:02.010+0000] {dag.py:2941} INFO - Sync 1 DAGs
[2023-12-06T18:33:02.023+0000] {logging_mixin.py:154} INFO - [2023-12-06T18:33:02.023+0000] {dag.py:3722} INFO - Setting next_dagrun for example_trigger_target_dag to None, run_after=None
[2023-12-06T18:33:02.050+0000] {processor.py:179} INFO - Processing /usr/local/lib/python3.10/dist-packages/airflow/example_dags/example_trigger_target_dag.py took 0.072 seconds
[2023-12-06T18:33:35.842+0000] {processor.py:157} INFO - Started process (PID=4399) to work on /usr/local/lib/python3.10/dist-packages/airflow/example_dags/example_trigger_target_dag.py
[2023-12-06T18:33:35.844+0000] {processor.py:829} INFO - Processing file /usr/local/lib/python3.10/dist-packages/airflow/example_dags/example_trigger_target_dag.py for tasks to queue
[2023-12-06T18:33:35.845+0000] {logging_mixin.py:154} INFO - [2023-12-06T18:33:35.844+0000] {dagbag.py:536} INFO - Filling up the DagBag from /usr/local/lib/python3.10/dist-packages/airflow/example_dags/example_trigger_target_dag.py
[2023-12-06T18:33:35.852+0000] {processor.py:839} INFO - DAG(s) dict_keys(['example_trigger_target_dag']) retrieved from /usr/local/lib/python3.10/dist-packages/airflow/example_dags/example_trigger_target_dag.py
[2023-12-06T18:33:35.869+0000] {logging_mixin.py:154} INFO - [2023-12-06T18:33:35.869+0000] {dag.py:2941} INFO - Sync 1 DAGs
[2023-12-06T18:33:35.881+0000] {logging_mixin.py:154} INFO - [2023-12-06T18:33:35.881+0000] {dag.py:3722} INFO - Setting next_dagrun for example_trigger_target_dag to None, run_after=None
[2023-12-06T18:33:35.928+0000] {processor.py:179} INFO - Processing /usr/local/lib/python3.10/dist-packages/airflow/example_dags/example_trigger_target_dag.py took 0.090 seconds
[2023-12-06T18:34:23.296+0000] {processor.py:157} INFO - Started process (PID=4447) to work on /usr/local/lib/python3.10/dist-packages/airflow/example_dags/example_trigger_target_dag.py
[2023-12-06T18:34:23.297+0000] {processor.py:829} INFO - Processing file /usr/local/lib/python3.10/dist-packages/airflow/example_dags/example_trigger_target_dag.py for tasks to queue
[2023-12-06T18:34:23.298+0000] {logging_mixin.py:154} INFO - [2023-12-06T18:34:23.298+0000] {dagbag.py:536} INFO - Filling up the DagBag from /usr/local/lib/python3.10/dist-packages/airflow/example_dags/example_trigger_target_dag.py
[2023-12-06T18:34:23.305+0000] {processor.py:839} INFO - DAG(s) dict_keys(['example_trigger_target_dag']) retrieved from /usr/local/lib/python3.10/dist-packages/airflow/example_dags/example_trigger_target_dag.py
[2023-12-06T18:34:23.322+0000] {logging_mixin.py:154} INFO - [2023-12-06T18:34:23.322+0000] {dag.py:2941} INFO - Sync 1 DAGs
[2023-12-06T18:34:23.335+0000] {logging_mixin.py:154} INFO - [2023-12-06T18:34:23.334+0000] {dag.py:3722} INFO - Setting next_dagrun for example_trigger_target_dag to None, run_after=None
[2023-12-06T18:34:23.358+0000] {processor.py:179} INFO - Processing /usr/local/lib/python3.10/dist-packages/airflow/example_dags/example_trigger_target_dag.py took 0.066 seconds
[2023-12-06T18:35:08.140+0000] {processor.py:157} INFO - Started process (PID=4493) to work on /usr/local/lib/python3.10/dist-packages/airflow/example_dags/example_trigger_target_dag.py
[2023-12-06T18:35:08.141+0000] {processor.py:829} INFO - Processing file /usr/local/lib/python3.10/dist-packages/airflow/example_dags/example_trigger_target_dag.py for tasks to queue
[2023-12-06T18:35:08.142+0000] {logging_mixin.py:154} INFO - [2023-12-06T18:35:08.142+0000] {dagbag.py:536} INFO - Filling up the DagBag from /usr/local/lib/python3.10/dist-packages/airflow/example_dags/example_trigger_target_dag.py
[2023-12-06T18:35:08.149+0000] {processor.py:839} INFO - DAG(s) dict_keys(['example_trigger_target_dag']) retrieved from /usr/local/lib/python3.10/dist-packages/airflow/example_dags/example_trigger_target_dag.py
[2023-12-06T18:35:08.167+0000] {logging_mixin.py:154} INFO - [2023-12-06T18:35:08.167+0000] {dag.py:2941} INFO - Sync 1 DAGs
[2023-12-06T18:35:08.180+0000] {logging_mixin.py:154} INFO - [2023-12-06T18:35:08.180+0000] {dag.py:3722} INFO - Setting next_dagrun for example_trigger_target_dag to None, run_after=None
[2023-12-06T18:35:08.206+0000] {processor.py:179} INFO - Processing /usr/local/lib/python3.10/dist-packages/airflow/example_dags/example_trigger_target_dag.py took 0.070 seconds
[2023-12-06T18:35:40.690+0000] {processor.py:157} INFO - Started process (PID=4527) to work on /usr/local/lib/python3.10/dist-packages/airflow/example_dags/example_trigger_target_dag.py
[2023-12-06T18:35:40.692+0000] {processor.py:829} INFO - Processing file /usr/local/lib/python3.10/dist-packages/airflow/example_dags/example_trigger_target_dag.py for tasks to queue
[2023-12-06T18:35:40.693+0000] {logging_mixin.py:154} INFO - [2023-12-06T18:35:40.693+0000] {dagbag.py:536} INFO - Filling up the DagBag from /usr/local/lib/python3.10/dist-packages/airflow/example_dags/example_trigger_target_dag.py
[2023-12-06T18:35:40.700+0000] {processor.py:839} INFO - DAG(s) dict_keys(['example_trigger_target_dag']) retrieved from /usr/local/lib/python3.10/dist-packages/airflow/example_dags/example_trigger_target_dag.py
[2023-12-06T18:35:40.718+0000] {logging_mixin.py:154} INFO - [2023-12-06T18:35:40.718+0000] {dag.py:2941} INFO - Sync 1 DAGs
[2023-12-06T18:35:40.731+0000] {logging_mixin.py:154} INFO - [2023-12-06T18:35:40.731+0000] {dag.py:3722} INFO - Setting next_dagrun for example_trigger_target_dag to None, run_after=None
[2023-12-06T18:35:40.754+0000] {processor.py:179} INFO - Processing /usr/local/lib/python3.10/dist-packages/airflow/example_dags/example_trigger_target_dag.py took 0.068 seconds
[2023-12-06T18:36:25.212+0000] {processor.py:157} INFO - Started process (PID=4573) to work on /usr/local/lib/python3.10/dist-packages/airflow/example_dags/example_trigger_target_dag.py
[2023-12-06T18:36:25.214+0000] {processor.py:829} INFO - Processing file /usr/local/lib/python3.10/dist-packages/airflow/example_dags/example_trigger_target_dag.py for tasks to queue
[2023-12-06T18:36:25.215+0000] {logging_mixin.py:154} INFO - [2023-12-06T18:36:25.214+0000] {dagbag.py:536} INFO - Filling up the DagBag from /usr/local/lib/python3.10/dist-packages/airflow/example_dags/example_trigger_target_dag.py
[2023-12-06T18:36:25.221+0000] {processor.py:839} INFO - DAG(s) dict_keys(['example_trigger_target_dag']) retrieved from /usr/local/lib/python3.10/dist-packages/airflow/example_dags/example_trigger_target_dag.py
[2023-12-06T18:36:25.238+0000] {logging_mixin.py:154} INFO - [2023-12-06T18:36:25.238+0000] {dag.py:2941} INFO - Sync 1 DAGs
[2023-12-06T18:36:25.251+0000] {logging_mixin.py:154} INFO - [2023-12-06T18:36:25.250+0000] {dag.py:3722} INFO - Setting next_dagrun for example_trigger_target_dag to None, run_after=None
[2023-12-06T18:36:25.274+0000] {processor.py:179} INFO - Processing /usr/local/lib/python3.10/dist-packages/airflow/example_dags/example_trigger_target_dag.py took 0.065 seconds
[2023-12-06T18:36:57.010+0000] {processor.py:157} INFO - Started process (PID=4606) to work on /usr/local/lib/python3.10/dist-packages/airflow/example_dags/example_trigger_target_dag.py
[2023-12-06T18:36:57.012+0000] {processor.py:829} INFO - Processing file /usr/local/lib/python3.10/dist-packages/airflow/example_dags/example_trigger_target_dag.py for tasks to queue
[2023-12-06T18:36:57.013+0000] {logging_mixin.py:154} INFO - [2023-12-06T18:36:57.012+0000] {dagbag.py:536} INFO - Filling up the DagBag from /usr/local/lib/python3.10/dist-packages/airflow/example_dags/example_trigger_target_dag.py
[2023-12-06T18:36:57.019+0000] {processor.py:839} INFO - DAG(s) dict_keys(['example_trigger_target_dag']) retrieved from /usr/local/lib/python3.10/dist-packages/airflow/example_dags/example_trigger_target_dag.py
[2023-12-06T18:36:57.036+0000] {logging_mixin.py:154} INFO - [2023-12-06T18:36:57.036+0000] {dag.py:2941} INFO - Sync 1 DAGs
[2023-12-06T18:36:57.049+0000] {logging_mixin.py:154} INFO - [2023-12-06T18:36:57.048+0000] {dag.py:3722} INFO - Setting next_dagrun for example_trigger_target_dag to None, run_after=None
[2023-12-06T18:36:57.073+0000] {processor.py:179} INFO - Processing /usr/local/lib/python3.10/dist-packages/airflow/example_dags/example_trigger_target_dag.py took 0.067 seconds
[2023-12-06T18:37:42.989+0000] {processor.py:157} INFO - Started process (PID=4653) to work on /usr/local/lib/python3.10/dist-packages/airflow/example_dags/example_trigger_target_dag.py
[2023-12-06T18:37:42.991+0000] {processor.py:829} INFO - Processing file /usr/local/lib/python3.10/dist-packages/airflow/example_dags/example_trigger_target_dag.py for tasks to queue
[2023-12-06T18:37:42.992+0000] {logging_mixin.py:154} INFO - [2023-12-06T18:37:42.991+0000] {dagbag.py:536} INFO - Filling up the DagBag from /usr/local/lib/python3.10/dist-packages/airflow/example_dags/example_trigger_target_dag.py
[2023-12-06T18:37:42.998+0000] {processor.py:839} INFO - DAG(s) dict_keys(['example_trigger_target_dag']) retrieved from /usr/local/lib/python3.10/dist-packages/airflow/example_dags/example_trigger_target_dag.py
[2023-12-06T18:37:43.016+0000] {logging_mixin.py:154} INFO - [2023-12-06T18:37:43.015+0000] {dag.py:2941} INFO - Sync 1 DAGs
[2023-12-06T18:37:43.028+0000] {logging_mixin.py:154} INFO - [2023-12-06T18:37:43.027+0000] {dag.py:3722} INFO - Setting next_dagrun for example_trigger_target_dag to None, run_after=None
[2023-12-06T18:37:43.050+0000] {processor.py:179} INFO - Processing /usr/local/lib/python3.10/dist-packages/airflow/example_dags/example_trigger_target_dag.py took 0.064 seconds
[2023-12-06T18:38:29.126+0000] {processor.py:157} INFO - Started process (PID=4700) to work on /usr/local/lib/python3.10/dist-packages/airflow/example_dags/example_trigger_target_dag.py
[2023-12-06T18:38:29.127+0000] {processor.py:829} INFO - Processing file /usr/local/lib/python3.10/dist-packages/airflow/example_dags/example_trigger_target_dag.py for tasks to queue
[2023-12-06T18:38:29.128+0000] {logging_mixin.py:154} INFO - [2023-12-06T18:38:29.128+0000] {dagbag.py:536} INFO - Filling up the DagBag from /usr/local/lib/python3.10/dist-packages/airflow/example_dags/example_trigger_target_dag.py
[2023-12-06T18:38:29.135+0000] {processor.py:839} INFO - DAG(s) dict_keys(['example_trigger_target_dag']) retrieved from /usr/local/lib/python3.10/dist-packages/airflow/example_dags/example_trigger_target_dag.py
[2023-12-06T18:38:29.151+0000] {logging_mixin.py:154} INFO - [2023-12-06T18:38:29.151+0000] {dag.py:2941} INFO - Sync 1 DAGs
[2023-12-06T18:38:29.163+0000] {logging_mixin.py:154} INFO - [2023-12-06T18:38:29.163+0000] {dag.py:3722} INFO - Setting next_dagrun for example_trigger_target_dag to None, run_after=None
[2023-12-06T18:38:29.187+0000] {processor.py:179} INFO - Processing /usr/local/lib/python3.10/dist-packages/airflow/example_dags/example_trigger_target_dag.py took 0.064 seconds
[2023-12-06T18:39:01.876+0000] {processor.py:157} INFO - Started process (PID=4733) to work on /usr/local/lib/python3.10/dist-packages/airflow/example_dags/example_trigger_target_dag.py
[2023-12-06T18:39:01.877+0000] {processor.py:829} INFO - Processing file /usr/local/lib/python3.10/dist-packages/airflow/example_dags/example_trigger_target_dag.py for tasks to queue
[2023-12-06T18:39:01.878+0000] {logging_mixin.py:154} INFO - [2023-12-06T18:39:01.878+0000] {dagbag.py:536} INFO - Filling up the DagBag from /usr/local/lib/python3.10/dist-packages/airflow/example_dags/example_trigger_target_dag.py
[2023-12-06T18:39:01.885+0000] {processor.py:839} INFO - DAG(s) dict_keys(['example_trigger_target_dag']) retrieved from /usr/local/lib/python3.10/dist-packages/airflow/example_dags/example_trigger_target_dag.py
[2023-12-06T18:39:01.907+0000] {logging_mixin.py:154} INFO - [2023-12-06T18:39:01.906+0000] {dag.py:2941} INFO - Sync 1 DAGs
[2023-12-06T18:39:01.926+0000] {logging_mixin.py:154} INFO - [2023-12-06T18:39:01.925+0000] {dag.py:3722} INFO - Setting next_dagrun for example_trigger_target_dag to None, run_after=None
[2023-12-06T18:39:02.100+0000] {processor.py:179} INFO - Processing /usr/local/lib/python3.10/dist-packages/airflow/example_dags/example_trigger_target_dag.py took 0.228 seconds
[2023-12-06T18:39:48.819+0000] {processor.py:157} INFO - Started process (PID=4781) to work on /usr/local/lib/python3.10/dist-packages/airflow/example_dags/example_trigger_target_dag.py
[2023-12-06T18:39:48.821+0000] {processor.py:829} INFO - Processing file /usr/local/lib/python3.10/dist-packages/airflow/example_dags/example_trigger_target_dag.py for tasks to queue
[2023-12-06T18:39:48.822+0000] {logging_mixin.py:154} INFO - [2023-12-06T18:39:48.821+0000] {dagbag.py:536} INFO - Filling up the DagBag from /usr/local/lib/python3.10/dist-packages/airflow/example_dags/example_trigger_target_dag.py
[2023-12-06T18:39:48.829+0000] {processor.py:839} INFO - DAG(s) dict_keys(['example_trigger_target_dag']) retrieved from /usr/local/lib/python3.10/dist-packages/airflow/example_dags/example_trigger_target_dag.py
[2023-12-06T18:39:48.846+0000] {logging_mixin.py:154} INFO - [2023-12-06T18:39:48.846+0000] {dag.py:2941} INFO - Sync 1 DAGs
[2023-12-06T18:39:48.859+0000] {logging_mixin.py:154} INFO - [2023-12-06T18:39:48.858+0000] {dag.py:3722} INFO - Setting next_dagrun for example_trigger_target_dag to None, run_after=None
[2023-12-06T18:39:48.880+0000] {processor.py:179} INFO - Processing /usr/local/lib/python3.10/dist-packages/airflow/example_dags/example_trigger_target_dag.py took 0.065 seconds
[2023-12-06T18:40:22.010+0000] {processor.py:157} INFO - Started process (PID=4813) to work on /usr/local/lib/python3.10/dist-packages/airflow/example_dags/example_trigger_target_dag.py
[2023-12-06T18:40:22.011+0000] {processor.py:829} INFO - Processing file /usr/local/lib/python3.10/dist-packages/airflow/example_dags/example_trigger_target_dag.py for tasks to queue
[2023-12-06T18:40:22.012+0000] {logging_mixin.py:154} INFO - [2023-12-06T18:40:22.012+0000] {dagbag.py:536} INFO - Filling up the DagBag from /usr/local/lib/python3.10/dist-packages/airflow/example_dags/example_trigger_target_dag.py
[2023-12-06T18:40:22.019+0000] {processor.py:839} INFO - DAG(s) dict_keys(['example_trigger_target_dag']) retrieved from /usr/local/lib/python3.10/dist-packages/airflow/example_dags/example_trigger_target_dag.py
[2023-12-06T18:40:22.037+0000] {logging_mixin.py:154} INFO - [2023-12-06T18:40:22.037+0000] {dag.py:2941} INFO - Sync 1 DAGs
[2023-12-06T18:40:22.050+0000] {logging_mixin.py:154} INFO - [2023-12-06T18:40:22.049+0000] {dag.py:3722} INFO - Setting next_dagrun for example_trigger_target_dag to None, run_after=None
[2023-12-06T18:40:22.075+0000] {processor.py:179} INFO - Processing /usr/local/lib/python3.10/dist-packages/airflow/example_dags/example_trigger_target_dag.py took 0.069 seconds
[2023-12-06T18:40:56.920+0000] {processor.py:157} INFO - Started process (PID=4848) to work on /usr/local/lib/python3.10/dist-packages/airflow/example_dags/example_trigger_target_dag.py
[2023-12-06T18:40:56.922+0000] {processor.py:829} INFO - Processing file /usr/local/lib/python3.10/dist-packages/airflow/example_dags/example_trigger_target_dag.py for tasks to queue
[2023-12-06T18:40:56.923+0000] {logging_mixin.py:154} INFO - [2023-12-06T18:40:56.922+0000] {dagbag.py:536} INFO - Filling up the DagBag from /usr/local/lib/python3.10/dist-packages/airflow/example_dags/example_trigger_target_dag.py
[2023-12-06T18:40:56.929+0000] {processor.py:839} INFO - DAG(s) dict_keys(['example_trigger_target_dag']) retrieved from /usr/local/lib/python3.10/dist-packages/airflow/example_dags/example_trigger_target_dag.py
[2023-12-06T18:40:56.946+0000] {logging_mixin.py:154} INFO - [2023-12-06T18:40:56.946+0000] {dag.py:2941} INFO - Sync 1 DAGs
[2023-12-06T18:40:56.964+0000] {logging_mixin.py:154} INFO - [2023-12-06T18:40:56.964+0000] {dag.py:3722} INFO - Setting next_dagrun for example_trigger_target_dag to None, run_after=None
[2023-12-06T18:40:56.987+0000] {processor.py:179} INFO - Processing /usr/local/lib/python3.10/dist-packages/airflow/example_dags/example_trigger_target_dag.py took 0.071 seconds
[2023-12-06T18:41:30.424+0000] {processor.py:157} INFO - Started process (PID=4882) to work on /usr/local/lib/python3.10/dist-packages/airflow/example_dags/example_trigger_target_dag.py
[2023-12-06T18:41:30.425+0000] {processor.py:829} INFO - Processing file /usr/local/lib/python3.10/dist-packages/airflow/example_dags/example_trigger_target_dag.py for tasks to queue
[2023-12-06T18:41:30.426+0000] {logging_mixin.py:154} INFO - [2023-12-06T18:41:30.425+0000] {dagbag.py:536} INFO - Filling up the DagBag from /usr/local/lib/python3.10/dist-packages/airflow/example_dags/example_trigger_target_dag.py
[2023-12-06T18:41:30.432+0000] {processor.py:839} INFO - DAG(s) dict_keys(['example_trigger_target_dag']) retrieved from /usr/local/lib/python3.10/dist-packages/airflow/example_dags/example_trigger_target_dag.py
[2023-12-06T18:41:30.450+0000] {logging_mixin.py:154} INFO - [2023-12-06T18:41:30.449+0000] {dag.py:2941} INFO - Sync 1 DAGs
[2023-12-06T18:41:30.462+0000] {logging_mixin.py:154} INFO - [2023-12-06T18:41:30.462+0000] {dag.py:3722} INFO - Setting next_dagrun for example_trigger_target_dag to None, run_after=None
[2023-12-06T18:41:30.484+0000] {processor.py:179} INFO - Processing /usr/local/lib/python3.10/dist-packages/airflow/example_dags/example_trigger_target_dag.py took 0.064 seconds
[2023-12-06T18:42:15.200+0000] {processor.py:157} INFO - Started process (PID=4928) to work on /usr/local/lib/python3.10/dist-packages/airflow/example_dags/example_trigger_target_dag.py
[2023-12-06T18:42:15.201+0000] {processor.py:829} INFO - Processing file /usr/local/lib/python3.10/dist-packages/airflow/example_dags/example_trigger_target_dag.py for tasks to queue
[2023-12-06T18:42:15.202+0000] {logging_mixin.py:154} INFO - [2023-12-06T18:42:15.202+0000] {dagbag.py:536} INFO - Filling up the DagBag from /usr/local/lib/python3.10/dist-packages/airflow/example_dags/example_trigger_target_dag.py
[2023-12-06T18:42:15.209+0000] {processor.py:839} INFO - DAG(s) dict_keys(['example_trigger_target_dag']) retrieved from /usr/local/lib/python3.10/dist-packages/airflow/example_dags/example_trigger_target_dag.py
[2023-12-06T18:42:15.226+0000] {logging_mixin.py:154} INFO - [2023-12-06T18:42:15.225+0000] {dag.py:2941} INFO - Sync 1 DAGs
[2023-12-06T18:42:15.238+0000] {logging_mixin.py:154} INFO - [2023-12-06T18:42:15.238+0000] {dag.py:3722} INFO - Setting next_dagrun for example_trigger_target_dag to None, run_after=None
[2023-12-06T18:42:15.261+0000] {processor.py:179} INFO - Processing /usr/local/lib/python3.10/dist-packages/airflow/example_dags/example_trigger_target_dag.py took 0.065 seconds
[2023-12-06T18:42:47.605+0000] {processor.py:157} INFO - Started process (PID=4960) to work on /usr/local/lib/python3.10/dist-packages/airflow/example_dags/example_trigger_target_dag.py
[2023-12-06T18:42:47.607+0000] {processor.py:829} INFO - Processing file /usr/local/lib/python3.10/dist-packages/airflow/example_dags/example_trigger_target_dag.py for tasks to queue
[2023-12-06T18:42:47.608+0000] {logging_mixin.py:154} INFO - [2023-12-06T18:42:47.607+0000] {dagbag.py:536} INFO - Filling up the DagBag from /usr/local/lib/python3.10/dist-packages/airflow/example_dags/example_trigger_target_dag.py
[2023-12-06T18:42:47.614+0000] {processor.py:839} INFO - DAG(s) dict_keys(['example_trigger_target_dag']) retrieved from /usr/local/lib/python3.10/dist-packages/airflow/example_dags/example_trigger_target_dag.py
[2023-12-06T18:42:47.631+0000] {logging_mixin.py:154} INFO - [2023-12-06T18:42:47.631+0000] {dag.py:2941} INFO - Sync 1 DAGs
[2023-12-06T18:42:47.644+0000] {logging_mixin.py:154} INFO - [2023-12-06T18:42:47.643+0000] {dag.py:3722} INFO - Setting next_dagrun for example_trigger_target_dag to None, run_after=None
[2023-12-06T18:42:47.668+0000] {processor.py:179} INFO - Processing /usr/local/lib/python3.10/dist-packages/airflow/example_dags/example_trigger_target_dag.py took 0.066 seconds
[2023-12-06T18:43:23.362+0000] {processor.py:157} INFO - Started process (PID=4995) to work on /usr/local/lib/python3.10/dist-packages/airflow/example_dags/example_trigger_target_dag.py
[2023-12-06T18:43:23.364+0000] {processor.py:829} INFO - Processing file /usr/local/lib/python3.10/dist-packages/airflow/example_dags/example_trigger_target_dag.py for tasks to queue
[2023-12-06T18:43:23.365+0000] {logging_mixin.py:154} INFO - [2023-12-06T18:43:23.365+0000] {dagbag.py:536} INFO - Filling up the DagBag from /usr/local/lib/python3.10/dist-packages/airflow/example_dags/example_trigger_target_dag.py
[2023-12-06T18:43:23.372+0000] {processor.py:839} INFO - DAG(s) dict_keys(['example_trigger_target_dag']) retrieved from /usr/local/lib/python3.10/dist-packages/airflow/example_dags/example_trigger_target_dag.py
[2023-12-06T18:43:23.389+0000] {logging_mixin.py:154} INFO - [2023-12-06T18:43:23.388+0000] {dag.py:2941} INFO - Sync 1 DAGs
[2023-12-06T18:43:23.401+0000] {logging_mixin.py:154} INFO - [2023-12-06T18:43:23.400+0000] {dag.py:3722} INFO - Setting next_dagrun for example_trigger_target_dag to None, run_after=None
[2023-12-06T18:43:23.426+0000] {processor.py:179} INFO - Processing /usr/local/lib/python3.10/dist-packages/airflow/example_dags/example_trigger_target_dag.py took 0.067 seconds
[2023-12-06T18:43:57.656+0000] {processor.py:157} INFO - Started process (PID=5030) to work on /usr/local/lib/python3.10/dist-packages/airflow/example_dags/example_trigger_target_dag.py
[2023-12-06T18:43:57.657+0000] {processor.py:829} INFO - Processing file /usr/local/lib/python3.10/dist-packages/airflow/example_dags/example_trigger_target_dag.py for tasks to queue
[2023-12-06T18:43:57.657+0000] {logging_mixin.py:154} INFO - [2023-12-06T18:43:57.657+0000] {dagbag.py:536} INFO - Filling up the DagBag from /usr/local/lib/python3.10/dist-packages/airflow/example_dags/example_trigger_target_dag.py
[2023-12-06T18:43:57.664+0000] {processor.py:839} INFO - DAG(s) dict_keys(['example_trigger_target_dag']) retrieved from /usr/local/lib/python3.10/dist-packages/airflow/example_dags/example_trigger_target_dag.py
[2023-12-06T18:43:57.681+0000] {logging_mixin.py:154} INFO - [2023-12-06T18:43:57.681+0000] {dag.py:2941} INFO - Sync 1 DAGs
[2023-12-06T18:43:57.694+0000] {logging_mixin.py:154} INFO - [2023-12-06T18:43:57.693+0000] {dag.py:3722} INFO - Setting next_dagrun for example_trigger_target_dag to None, run_after=None
[2023-12-06T18:43:57.715+0000] {processor.py:179} INFO - Processing /usr/local/lib/python3.10/dist-packages/airflow/example_dags/example_trigger_target_dag.py took 0.063 seconds
[2023-12-06T18:44:30.622+0000] {processor.py:157} INFO - Started process (PID=5062) to work on /usr/local/lib/python3.10/dist-packages/airflow/example_dags/example_trigger_target_dag.py
[2023-12-06T18:44:30.625+0000] {processor.py:829} INFO - Processing file /usr/local/lib/python3.10/dist-packages/airflow/example_dags/example_trigger_target_dag.py for tasks to queue
[2023-12-06T18:44:30.626+0000] {logging_mixin.py:154} INFO - [2023-12-06T18:44:30.626+0000] {dagbag.py:536} INFO - Filling up the DagBag from /usr/local/lib/python3.10/dist-packages/airflow/example_dags/example_trigger_target_dag.py
[2023-12-06T18:44:30.633+0000] {processor.py:839} INFO - DAG(s) dict_keys(['example_trigger_target_dag']) retrieved from /usr/local/lib/python3.10/dist-packages/airflow/example_dags/example_trigger_target_dag.py
[2023-12-06T18:44:30.649+0000] {logging_mixin.py:154} INFO - [2023-12-06T18:44:30.649+0000] {dag.py:2941} INFO - Sync 1 DAGs
[2023-12-06T18:44:30.662+0000] {logging_mixin.py:154} INFO - [2023-12-06T18:44:30.661+0000] {dag.py:3722} INFO - Setting next_dagrun for example_trigger_target_dag to None, run_after=None
[2023-12-06T18:44:30.691+0000] {processor.py:179} INFO - Processing /usr/local/lib/python3.10/dist-packages/airflow/example_dags/example_trigger_target_dag.py took 0.072 seconds
[2023-12-06T18:45:14.614+0000] {processor.py:157} INFO - Started process (PID=5108) to work on /usr/local/lib/python3.10/dist-packages/airflow/example_dags/example_trigger_target_dag.py
[2023-12-06T18:45:14.615+0000] {processor.py:829} INFO - Processing file /usr/local/lib/python3.10/dist-packages/airflow/example_dags/example_trigger_target_dag.py for tasks to queue
[2023-12-06T18:45:14.616+0000] {logging_mixin.py:154} INFO - [2023-12-06T18:45:14.616+0000] {dagbag.py:536} INFO - Filling up the DagBag from /usr/local/lib/python3.10/dist-packages/airflow/example_dags/example_trigger_target_dag.py
[2023-12-06T18:45:14.623+0000] {processor.py:839} INFO - DAG(s) dict_keys(['example_trigger_target_dag']) retrieved from /usr/local/lib/python3.10/dist-packages/airflow/example_dags/example_trigger_target_dag.py
[2023-12-06T18:45:14.640+0000] {logging_mixin.py:154} INFO - [2023-12-06T18:45:14.640+0000] {dag.py:2941} INFO - Sync 1 DAGs
[2023-12-06T18:45:14.653+0000] {logging_mixin.py:154} INFO - [2023-12-06T18:45:14.653+0000] {dag.py:3722} INFO - Setting next_dagrun for example_trigger_target_dag to None, run_after=None
[2023-12-06T18:45:14.676+0000] {processor.py:179} INFO - Processing /usr/local/lib/python3.10/dist-packages/airflow/example_dags/example_trigger_target_dag.py took 0.066 seconds
[2023-12-06T18:46:01.093+0000] {processor.py:157} INFO - Started process (PID=5157) to work on /usr/local/lib/python3.10/dist-packages/airflow/example_dags/example_trigger_target_dag.py
[2023-12-06T18:46:01.094+0000] {processor.py:829} INFO - Processing file /usr/local/lib/python3.10/dist-packages/airflow/example_dags/example_trigger_target_dag.py for tasks to queue
[2023-12-06T18:46:01.095+0000] {logging_mixin.py:154} INFO - [2023-12-06T18:46:01.095+0000] {dagbag.py:536} INFO - Filling up the DagBag from /usr/local/lib/python3.10/dist-packages/airflow/example_dags/example_trigger_target_dag.py
[2023-12-06T18:46:01.102+0000] {processor.py:839} INFO - DAG(s) dict_keys(['example_trigger_target_dag']) retrieved from /usr/local/lib/python3.10/dist-packages/airflow/example_dags/example_trigger_target_dag.py
[2023-12-06T18:46:01.119+0000] {logging_mixin.py:154} INFO - [2023-12-06T18:46:01.119+0000] {dag.py:2941} INFO - Sync 1 DAGs
[2023-12-06T18:46:01.131+0000] {logging_mixin.py:154} INFO - [2023-12-06T18:46:01.131+0000] {dag.py:3722} INFO - Setting next_dagrun for example_trigger_target_dag to None, run_after=None
[2023-12-06T18:46:01.160+0000] {processor.py:179} INFO - Processing /usr/local/lib/python3.10/dist-packages/airflow/example_dags/example_trigger_target_dag.py took 0.070 seconds
[2023-12-06T18:46:44.809+0000] {processor.py:157} INFO - Started process (PID=5205) to work on /usr/local/lib/python3.10/dist-packages/airflow/example_dags/example_trigger_target_dag.py
[2023-12-06T18:46:44.810+0000] {processor.py:829} INFO - Processing file /usr/local/lib/python3.10/dist-packages/airflow/example_dags/example_trigger_target_dag.py for tasks to queue
[2023-12-06T18:46:44.811+0000] {logging_mixin.py:154} INFO - [2023-12-06T18:46:44.811+0000] {dagbag.py:536} INFO - Filling up the DagBag from /usr/local/lib/python3.10/dist-packages/airflow/example_dags/example_trigger_target_dag.py
[2023-12-06T18:46:44.818+0000] {processor.py:839} INFO - DAG(s) dict_keys(['example_trigger_target_dag']) retrieved from /usr/local/lib/python3.10/dist-packages/airflow/example_dags/example_trigger_target_dag.py
[2023-12-06T18:46:44.834+0000] {logging_mixin.py:154} INFO - [2023-12-06T18:46:44.834+0000] {dag.py:2941} INFO - Sync 1 DAGs
[2023-12-06T18:46:44.846+0000] {logging_mixin.py:154} INFO - [2023-12-06T18:46:44.846+0000] {dag.py:3722} INFO - Setting next_dagrun for example_trigger_target_dag to None, run_after=None
[2023-12-06T18:46:44.869+0000] {processor.py:179} INFO - Processing /usr/local/lib/python3.10/dist-packages/airflow/example_dags/example_trigger_target_dag.py took 0.063 seconds
[2023-12-06T18:47:32.378+0000] {processor.py:157} INFO - Started process (PID=5252) to work on /usr/local/lib/python3.10/dist-packages/airflow/example_dags/example_trigger_target_dag.py
[2023-12-06T18:47:32.379+0000] {processor.py:829} INFO - Processing file /usr/local/lib/python3.10/dist-packages/airflow/example_dags/example_trigger_target_dag.py for tasks to queue
[2023-12-06T18:47:32.380+0000] {logging_mixin.py:154} INFO - [2023-12-06T18:47:32.380+0000] {dagbag.py:536} INFO - Filling up the DagBag from /usr/local/lib/python3.10/dist-packages/airflow/example_dags/example_trigger_target_dag.py
[2023-12-06T18:47:32.387+0000] {processor.py:839} INFO - DAG(s) dict_keys(['example_trigger_target_dag']) retrieved from /usr/local/lib/python3.10/dist-packages/airflow/example_dags/example_trigger_target_dag.py
[2023-12-06T18:47:32.410+0000] {logging_mixin.py:154} INFO - [2023-12-06T18:47:32.410+0000] {dag.py:2941} INFO - Sync 1 DAGs
[2023-12-06T18:47:32.439+0000] {logging_mixin.py:154} INFO - [2023-12-06T18:47:32.438+0000] {dag.py:3722} INFO - Setting next_dagrun for example_trigger_target_dag to None, run_after=None
[2023-12-06T18:47:32.460+0000] {processor.py:179} INFO - Processing /usr/local/lib/python3.10/dist-packages/airflow/example_dags/example_trigger_target_dag.py took 0.086 seconds
[2023-12-06T18:48:06.068+0000] {processor.py:157} INFO - Started process (PID=5288) to work on /usr/local/lib/python3.10/dist-packages/airflow/example_dags/example_trigger_target_dag.py
[2023-12-06T18:48:06.069+0000] {processor.py:829} INFO - Processing file /usr/local/lib/python3.10/dist-packages/airflow/example_dags/example_trigger_target_dag.py for tasks to queue
[2023-12-06T18:48:06.070+0000] {logging_mixin.py:154} INFO - [2023-12-06T18:48:06.070+0000] {dagbag.py:536} INFO - Filling up the DagBag from /usr/local/lib/python3.10/dist-packages/airflow/example_dags/example_trigger_target_dag.py
[2023-12-06T18:48:06.077+0000] {processor.py:839} INFO - DAG(s) dict_keys(['example_trigger_target_dag']) retrieved from /usr/local/lib/python3.10/dist-packages/airflow/example_dags/example_trigger_target_dag.py
[2023-12-06T18:48:06.095+0000] {logging_mixin.py:154} INFO - [2023-12-06T18:48:06.094+0000] {dag.py:2941} INFO - Sync 1 DAGs
[2023-12-06T18:48:06.108+0000] {logging_mixin.py:154} INFO - [2023-12-06T18:48:06.108+0000] {dag.py:3722} INFO - Setting next_dagrun for example_trigger_target_dag to None, run_after=None
[2023-12-06T18:48:06.133+0000] {processor.py:179} INFO - Processing /usr/local/lib/python3.10/dist-packages/airflow/example_dags/example_trigger_target_dag.py took 0.069 seconds
[2023-12-06T18:48:39.689+0000] {processor.py:157} INFO - Started process (PID=5321) to work on /usr/local/lib/python3.10/dist-packages/airflow/example_dags/example_trigger_target_dag.py
[2023-12-06T18:48:39.691+0000] {processor.py:829} INFO - Processing file /usr/local/lib/python3.10/dist-packages/airflow/example_dags/example_trigger_target_dag.py for tasks to queue
[2023-12-06T18:48:39.692+0000] {logging_mixin.py:154} INFO - [2023-12-06T18:48:39.691+0000] {dagbag.py:536} INFO - Filling up the DagBag from /usr/local/lib/python3.10/dist-packages/airflow/example_dags/example_trigger_target_dag.py
[2023-12-06T18:48:39.698+0000] {processor.py:839} INFO - DAG(s) dict_keys(['example_trigger_target_dag']) retrieved from /usr/local/lib/python3.10/dist-packages/airflow/example_dags/example_trigger_target_dag.py
[2023-12-06T18:48:39.715+0000] {logging_mixin.py:154} INFO - [2023-12-06T18:48:39.715+0000] {dag.py:2941} INFO - Sync 1 DAGs
[2023-12-06T18:48:39.727+0000] {logging_mixin.py:154} INFO - [2023-12-06T18:48:39.727+0000] {dag.py:3722} INFO - Setting next_dagrun for example_trigger_target_dag to None, run_after=None
[2023-12-06T18:48:39.751+0000] {processor.py:179} INFO - Processing /usr/local/lib/python3.10/dist-packages/airflow/example_dags/example_trigger_target_dag.py took 0.066 seconds
[2023-12-06T18:49:11.928+0000] {processor.py:157} INFO - Started process (PID=5353) to work on /usr/local/lib/python3.10/dist-packages/airflow/example_dags/example_trigger_target_dag.py
[2023-12-06T18:49:11.929+0000] {processor.py:829} INFO - Processing file /usr/local/lib/python3.10/dist-packages/airflow/example_dags/example_trigger_target_dag.py for tasks to queue
[2023-12-06T18:49:11.930+0000] {logging_mixin.py:154} INFO - [2023-12-06T18:49:11.930+0000] {dagbag.py:536} INFO - Filling up the DagBag from /usr/local/lib/python3.10/dist-packages/airflow/example_dags/example_trigger_target_dag.py
[2023-12-06T18:49:11.944+0000] {processor.py:839} INFO - DAG(s) dict_keys(['example_trigger_target_dag']) retrieved from /usr/local/lib/python3.10/dist-packages/airflow/example_dags/example_trigger_target_dag.py
[2023-12-06T18:49:11.967+0000] {logging_mixin.py:154} INFO - [2023-12-06T18:49:11.966+0000] {dag.py:2941} INFO - Sync 1 DAGs
[2023-12-06T18:49:11.980+0000] {logging_mixin.py:154} INFO - [2023-12-06T18:49:11.979+0000] {dag.py:3722} INFO - Setting next_dagrun for example_trigger_target_dag to None, run_after=None
[2023-12-06T18:49:12.003+0000] {processor.py:179} INFO - Processing /usr/local/lib/python3.10/dist-packages/airflow/example_dags/example_trigger_target_dag.py took 0.079 seconds
[2023-12-06T18:49:53.576+0000] {processor.py:157} INFO - Started process (PID=5399) to work on /usr/local/lib/python3.10/dist-packages/airflow/example_dags/example_trigger_target_dag.py
[2023-12-06T18:49:53.578+0000] {processor.py:829} INFO - Processing file /usr/local/lib/python3.10/dist-packages/airflow/example_dags/example_trigger_target_dag.py for tasks to queue
[2023-12-06T18:49:53.578+0000] {logging_mixin.py:154} INFO - [2023-12-06T18:49:53.578+0000] {dagbag.py:536} INFO - Filling up the DagBag from /usr/local/lib/python3.10/dist-packages/airflow/example_dags/example_trigger_target_dag.py
[2023-12-06T18:49:53.585+0000] {processor.py:839} INFO - DAG(s) dict_keys(['example_trigger_target_dag']) retrieved from /usr/local/lib/python3.10/dist-packages/airflow/example_dags/example_trigger_target_dag.py
[2023-12-06T18:49:53.602+0000] {logging_mixin.py:154} INFO - [2023-12-06T18:49:53.602+0000] {dag.py:2941} INFO - Sync 1 DAGs
[2023-12-06T18:49:53.615+0000] {logging_mixin.py:154} INFO - [2023-12-06T18:49:53.615+0000] {dag.py:3722} INFO - Setting next_dagrun for example_trigger_target_dag to None, run_after=None
[2023-12-06T18:49:53.649+0000] {processor.py:179} INFO - Processing /usr/local/lib/python3.10/dist-packages/airflow/example_dags/example_trigger_target_dag.py took 0.077 seconds
[2023-12-06T18:50:35.002+0000] {processor.py:157} INFO - Started process (PID=5441) to work on /usr/local/lib/python3.10/dist-packages/airflow/example_dags/example_trigger_target_dag.py
[2023-12-06T18:50:35.004+0000] {processor.py:829} INFO - Processing file /usr/local/lib/python3.10/dist-packages/airflow/example_dags/example_trigger_target_dag.py for tasks to queue
[2023-12-06T18:50:35.005+0000] {logging_mixin.py:154} INFO - [2023-12-06T18:50:35.005+0000] {dagbag.py:536} INFO - Filling up the DagBag from /usr/local/lib/python3.10/dist-packages/airflow/example_dags/example_trigger_target_dag.py
[2023-12-06T18:50:35.012+0000] {processor.py:839} INFO - DAG(s) dict_keys(['example_trigger_target_dag']) retrieved from /usr/local/lib/python3.10/dist-packages/airflow/example_dags/example_trigger_target_dag.py
[2023-12-06T18:50:35.029+0000] {logging_mixin.py:154} INFO - [2023-12-06T18:50:35.029+0000] {dag.py:2941} INFO - Sync 1 DAGs
[2023-12-06T18:50:35.042+0000] {logging_mixin.py:154} INFO - [2023-12-06T18:50:35.042+0000] {dag.py:3722} INFO - Setting next_dagrun for example_trigger_target_dag to None, run_after=None
[2023-12-06T18:50:35.069+0000] {processor.py:179} INFO - Processing /usr/local/lib/python3.10/dist-packages/airflow/example_dags/example_trigger_target_dag.py took 0.070 seconds
[2023-12-06T18:51:18.038+0000] {processor.py:157} INFO - Started process (PID=5490) to work on /usr/local/lib/python3.10/dist-packages/airflow/example_dags/example_trigger_target_dag.py
[2023-12-06T18:51:18.039+0000] {processor.py:829} INFO - Processing file /usr/local/lib/python3.10/dist-packages/airflow/example_dags/example_trigger_target_dag.py for tasks to queue
[2023-12-06T18:51:18.040+0000] {logging_mixin.py:154} INFO - [2023-12-06T18:51:18.040+0000] {dagbag.py:536} INFO - Filling up the DagBag from /usr/local/lib/python3.10/dist-packages/airflow/example_dags/example_trigger_target_dag.py
[2023-12-06T18:51:18.047+0000] {processor.py:839} INFO - DAG(s) dict_keys(['example_trigger_target_dag']) retrieved from /usr/local/lib/python3.10/dist-packages/airflow/example_dags/example_trigger_target_dag.py
[2023-12-06T18:51:18.064+0000] {logging_mixin.py:154} INFO - [2023-12-06T18:51:18.064+0000] {dag.py:2941} INFO - Sync 1 DAGs
[2023-12-06T18:51:18.076+0000] {logging_mixin.py:154} INFO - [2023-12-06T18:51:18.076+0000] {dag.py:3722} INFO - Setting next_dagrun for example_trigger_target_dag to None, run_after=None
[2023-12-06T18:51:18.098+0000] {processor.py:179} INFO - Processing /usr/local/lib/python3.10/dist-packages/airflow/example_dags/example_trigger_target_dag.py took 0.063 seconds
[2023-12-06T18:52:01.405+0000] {processor.py:157} INFO - Started process (PID=5535) to work on /usr/local/lib/python3.10/dist-packages/airflow/example_dags/example_trigger_target_dag.py
[2023-12-06T18:52:01.407+0000] {processor.py:829} INFO - Processing file /usr/local/lib/python3.10/dist-packages/airflow/example_dags/example_trigger_target_dag.py for tasks to queue
[2023-12-06T18:52:01.408+0000] {logging_mixin.py:154} INFO - [2023-12-06T18:52:01.407+0000] {dagbag.py:536} INFO - Filling up the DagBag from /usr/local/lib/python3.10/dist-packages/airflow/example_dags/example_trigger_target_dag.py
[2023-12-06T18:52:01.415+0000] {processor.py:839} INFO - DAG(s) dict_keys(['example_trigger_target_dag']) retrieved from /usr/local/lib/python3.10/dist-packages/airflow/example_dags/example_trigger_target_dag.py
[2023-12-06T18:52:01.433+0000] {logging_mixin.py:154} INFO - [2023-12-06T18:52:01.433+0000] {dag.py:2941} INFO - Sync 1 DAGs
[2023-12-06T18:52:01.446+0000] {logging_mixin.py:154} INFO - [2023-12-06T18:52:01.446+0000] {dag.py:3722} INFO - Setting next_dagrun for example_trigger_target_dag to None, run_after=None
[2023-12-06T18:52:01.470+0000] {processor.py:179} INFO - Processing /usr/local/lib/python3.10/dist-packages/airflow/example_dags/example_trigger_target_dag.py took 0.069 seconds
[2023-12-06T18:52:33.244+0000] {processor.py:157} INFO - Started process (PID=5568) to work on /usr/local/lib/python3.10/dist-packages/airflow/example_dags/example_trigger_target_dag.py
[2023-12-06T18:52:33.245+0000] {processor.py:829} INFO - Processing file /usr/local/lib/python3.10/dist-packages/airflow/example_dags/example_trigger_target_dag.py for tasks to queue
[2023-12-06T18:52:33.246+0000] {logging_mixin.py:154} INFO - [2023-12-06T18:52:33.245+0000] {dagbag.py:536} INFO - Filling up the DagBag from /usr/local/lib/python3.10/dist-packages/airflow/example_dags/example_trigger_target_dag.py
[2023-12-06T18:52:33.252+0000] {processor.py:839} INFO - DAG(s) dict_keys(['example_trigger_target_dag']) retrieved from /usr/local/lib/python3.10/dist-packages/airflow/example_dags/example_trigger_target_dag.py
[2023-12-06T18:52:33.269+0000] {logging_mixin.py:154} INFO - [2023-12-06T18:52:33.269+0000] {dag.py:2941} INFO - Sync 1 DAGs
[2023-12-06T18:52:33.281+0000] {logging_mixin.py:154} INFO - [2023-12-06T18:52:33.281+0000] {dag.py:3722} INFO - Setting next_dagrun for example_trigger_target_dag to None, run_after=None
[2023-12-06T18:52:33.303+0000] {processor.py:179} INFO - Processing /usr/local/lib/python3.10/dist-packages/airflow/example_dags/example_trigger_target_dag.py took 0.063 seconds
[2023-12-06T18:53:06.879+0000] {processor.py:157} INFO - Started process (PID=5601) to work on /usr/local/lib/python3.10/dist-packages/airflow/example_dags/example_trigger_target_dag.py
[2023-12-06T18:53:06.881+0000] {processor.py:829} INFO - Processing file /usr/local/lib/python3.10/dist-packages/airflow/example_dags/example_trigger_target_dag.py for tasks to queue
[2023-12-06T18:53:06.882+0000] {logging_mixin.py:154} INFO - [2023-12-06T18:53:06.881+0000] {dagbag.py:536} INFO - Filling up the DagBag from /usr/local/lib/python3.10/dist-packages/airflow/example_dags/example_trigger_target_dag.py
[2023-12-06T18:53:06.888+0000] {processor.py:839} INFO - DAG(s) dict_keys(['example_trigger_target_dag']) retrieved from /usr/local/lib/python3.10/dist-packages/airflow/example_dags/example_trigger_target_dag.py
[2023-12-06T18:53:06.905+0000] {logging_mixin.py:154} INFO - [2023-12-06T18:53:06.905+0000] {dag.py:2941} INFO - Sync 1 DAGs
[2023-12-06T18:53:06.918+0000] {logging_mixin.py:154} INFO - [2023-12-06T18:53:06.918+0000] {dag.py:3722} INFO - Setting next_dagrun for example_trigger_target_dag to None, run_after=None
[2023-12-06T18:53:06.940+0000] {processor.py:179} INFO - Processing /usr/local/lib/python3.10/dist-packages/airflow/example_dags/example_trigger_target_dag.py took 0.065 seconds
[2023-12-06T18:53:49.373+0000] {processor.py:157} INFO - Started process (PID=5647) to work on /usr/local/lib/python3.10/dist-packages/airflow/example_dags/example_trigger_target_dag.py
[2023-12-06T18:53:49.374+0000] {processor.py:829} INFO - Processing file /usr/local/lib/python3.10/dist-packages/airflow/example_dags/example_trigger_target_dag.py for tasks to queue
[2023-12-06T18:53:49.375+0000] {logging_mixin.py:154} INFO - [2023-12-06T18:53:49.374+0000] {dagbag.py:536} INFO - Filling up the DagBag from /usr/local/lib/python3.10/dist-packages/airflow/example_dags/example_trigger_target_dag.py
[2023-12-06T18:53:49.381+0000] {processor.py:839} INFO - DAG(s) dict_keys(['example_trigger_target_dag']) retrieved from /usr/local/lib/python3.10/dist-packages/airflow/example_dags/example_trigger_target_dag.py
[2023-12-06T18:53:49.398+0000] {logging_mixin.py:154} INFO - [2023-12-06T18:53:49.398+0000] {dag.py:2941} INFO - Sync 1 DAGs
[2023-12-06T18:53:49.410+0000] {logging_mixin.py:154} INFO - [2023-12-06T18:53:49.410+0000] {dag.py:3722} INFO - Setting next_dagrun for example_trigger_target_dag to None, run_after=None
[2023-12-06T18:53:49.432+0000] {processor.py:179} INFO - Processing /usr/local/lib/python3.10/dist-packages/airflow/example_dags/example_trigger_target_dag.py took 0.063 seconds
[2023-12-06T18:54:32.525+0000] {processor.py:157} INFO - Started process (PID=5691) to work on /usr/local/lib/python3.10/dist-packages/airflow/example_dags/example_trigger_target_dag.py
[2023-12-06T18:54:32.527+0000] {processor.py:829} INFO - Processing file /usr/local/lib/python3.10/dist-packages/airflow/example_dags/example_trigger_target_dag.py for tasks to queue
[2023-12-06T18:54:32.527+0000] {logging_mixin.py:154} INFO - [2023-12-06T18:54:32.527+0000] {dagbag.py:536} INFO - Filling up the DagBag from /usr/local/lib/python3.10/dist-packages/airflow/example_dags/example_trigger_target_dag.py
[2023-12-06T18:54:32.534+0000] {processor.py:839} INFO - DAG(s) dict_keys(['example_trigger_target_dag']) retrieved from /usr/local/lib/python3.10/dist-packages/airflow/example_dags/example_trigger_target_dag.py
[2023-12-06T18:54:32.551+0000] {logging_mixin.py:154} INFO - [2023-12-06T18:54:32.551+0000] {dag.py:2941} INFO - Sync 1 DAGs
[2023-12-06T18:54:32.564+0000] {logging_mixin.py:154} INFO - [2023-12-06T18:54:32.563+0000] {dag.py:3722} INFO - Setting next_dagrun for example_trigger_target_dag to None, run_after=None
[2023-12-06T18:54:32.588+0000] {processor.py:179} INFO - Processing /usr/local/lib/python3.10/dist-packages/airflow/example_dags/example_trigger_target_dag.py took 0.066 seconds
[2023-12-06T18:55:03.954+0000] {processor.py:157} INFO - Started process (PID=5724) to work on /usr/local/lib/python3.10/dist-packages/airflow/example_dags/example_trigger_target_dag.py
[2023-12-06T18:55:03.956+0000] {processor.py:829} INFO - Processing file /usr/local/lib/python3.10/dist-packages/airflow/example_dags/example_trigger_target_dag.py for tasks to queue
[2023-12-06T18:55:03.956+0000] {logging_mixin.py:154} INFO - [2023-12-06T18:55:03.956+0000] {dagbag.py:536} INFO - Filling up the DagBag from /usr/local/lib/python3.10/dist-packages/airflow/example_dags/example_trigger_target_dag.py
[2023-12-06T18:55:03.963+0000] {processor.py:839} INFO - DAG(s) dict_keys(['example_trigger_target_dag']) retrieved from /usr/local/lib/python3.10/dist-packages/airflow/example_dags/example_trigger_target_dag.py
[2023-12-06T18:55:03.981+0000] {logging_mixin.py:154} INFO - [2023-12-06T18:55:03.981+0000] {dag.py:2941} INFO - Sync 1 DAGs
[2023-12-06T18:55:03.994+0000] {logging_mixin.py:154} INFO - [2023-12-06T18:55:03.994+0000] {dag.py:3722} INFO - Setting next_dagrun for example_trigger_target_dag to None, run_after=None
[2023-12-06T18:55:04.020+0000] {processor.py:179} INFO - Processing /usr/local/lib/python3.10/dist-packages/airflow/example_dags/example_trigger_target_dag.py took 0.070 seconds
[2023-12-06T18:55:49.094+0000] {processor.py:157} INFO - Started process (PID=5770) to work on /usr/local/lib/python3.10/dist-packages/airflow/example_dags/example_trigger_target_dag.py
[2023-12-06T18:55:49.095+0000] {processor.py:829} INFO - Processing file /usr/local/lib/python3.10/dist-packages/airflow/example_dags/example_trigger_target_dag.py for tasks to queue
[2023-12-06T18:55:49.096+0000] {logging_mixin.py:154} INFO - [2023-12-06T18:55:49.096+0000] {dagbag.py:536} INFO - Filling up the DagBag from /usr/local/lib/python3.10/dist-packages/airflow/example_dags/example_trigger_target_dag.py
[2023-12-06T18:55:49.103+0000] {processor.py:839} INFO - DAG(s) dict_keys(['example_trigger_target_dag']) retrieved from /usr/local/lib/python3.10/dist-packages/airflow/example_dags/example_trigger_target_dag.py
[2023-12-06T18:55:49.121+0000] {logging_mixin.py:154} INFO - [2023-12-06T18:55:49.121+0000] {dag.py:2941} INFO - Sync 1 DAGs
[2023-12-06T18:55:49.133+0000] {logging_mixin.py:154} INFO - [2023-12-06T18:55:49.133+0000] {dag.py:3722} INFO - Setting next_dagrun for example_trigger_target_dag to None, run_after=None
[2023-12-06T18:55:49.155+0000] {processor.py:179} INFO - Processing /usr/local/lib/python3.10/dist-packages/airflow/example_dags/example_trigger_target_dag.py took 0.065 seconds
[2023-12-06T18:56:36.179+0000] {processor.py:157} INFO - Started process (PID=5818) to work on /usr/local/lib/python3.10/dist-packages/airflow/example_dags/example_trigger_target_dag.py
[2023-12-06T18:56:36.180+0000] {processor.py:829} INFO - Processing file /usr/local/lib/python3.10/dist-packages/airflow/example_dags/example_trigger_target_dag.py for tasks to queue
[2023-12-06T18:56:36.181+0000] {logging_mixin.py:154} INFO - [2023-12-06T18:56:36.181+0000] {dagbag.py:536} INFO - Filling up the DagBag from /usr/local/lib/python3.10/dist-packages/airflow/example_dags/example_trigger_target_dag.py
[2023-12-06T18:56:36.188+0000] {processor.py:839} INFO - DAG(s) dict_keys(['example_trigger_target_dag']) retrieved from /usr/local/lib/python3.10/dist-packages/airflow/example_dags/example_trigger_target_dag.py
[2023-12-06T18:56:36.206+0000] {logging_mixin.py:154} INFO - [2023-12-06T18:56:36.205+0000] {dag.py:2941} INFO - Sync 1 DAGs
[2023-12-06T18:56:36.218+0000] {logging_mixin.py:154} INFO - [2023-12-06T18:56:36.218+0000] {dag.py:3722} INFO - Setting next_dagrun for example_trigger_target_dag to None, run_after=None
[2023-12-06T18:56:36.240+0000] {processor.py:179} INFO - Processing /usr/local/lib/python3.10/dist-packages/airflow/example_dags/example_trigger_target_dag.py took 0.064 seconds
[2023-12-06T18:57:21.607+0000] {processor.py:157} INFO - Started process (PID=5867) to work on /usr/local/lib/python3.10/dist-packages/airflow/example_dags/example_trigger_target_dag.py
[2023-12-06T18:57:21.609+0000] {processor.py:829} INFO - Processing file /usr/local/lib/python3.10/dist-packages/airflow/example_dags/example_trigger_target_dag.py for tasks to queue
[2023-12-06T18:57:21.610+0000] {logging_mixin.py:154} INFO - [2023-12-06T18:57:21.610+0000] {dagbag.py:536} INFO - Filling up the DagBag from /usr/local/lib/python3.10/dist-packages/airflow/example_dags/example_trigger_target_dag.py
[2023-12-06T18:57:21.617+0000] {processor.py:839} INFO - DAG(s) dict_keys(['example_trigger_target_dag']) retrieved from /usr/local/lib/python3.10/dist-packages/airflow/example_dags/example_trigger_target_dag.py
[2023-12-06T18:57:21.634+0000] {logging_mixin.py:154} INFO - [2023-12-06T18:57:21.634+0000] {dag.py:2941} INFO - Sync 1 DAGs
[2023-12-06T18:57:21.646+0000] {logging_mixin.py:154} INFO - [2023-12-06T18:57:21.646+0000] {dag.py:3722} INFO - Setting next_dagrun for example_trigger_target_dag to None, run_after=None
[2023-12-06T18:57:21.669+0000] {processor.py:179} INFO - Processing /usr/local/lib/python3.10/dist-packages/airflow/example_dags/example_trigger_target_dag.py took 0.065 seconds
[2023-12-06T18:57:54.874+0000] {processor.py:157} INFO - Started process (PID=5901) to work on /usr/local/lib/python3.10/dist-packages/airflow/example_dags/example_trigger_target_dag.py
[2023-12-06T18:57:54.875+0000] {processor.py:829} INFO - Processing file /usr/local/lib/python3.10/dist-packages/airflow/example_dags/example_trigger_target_dag.py for tasks to queue
[2023-12-06T18:57:54.876+0000] {logging_mixin.py:154} INFO - [2023-12-06T18:57:54.875+0000] {dagbag.py:536} INFO - Filling up the DagBag from /usr/local/lib/python3.10/dist-packages/airflow/example_dags/example_trigger_target_dag.py
[2023-12-06T18:57:54.883+0000] {processor.py:839} INFO - DAG(s) dict_keys(['example_trigger_target_dag']) retrieved from /usr/local/lib/python3.10/dist-packages/airflow/example_dags/example_trigger_target_dag.py
[2023-12-06T18:57:54.900+0000] {logging_mixin.py:154} INFO - [2023-12-06T18:57:54.900+0000] {dag.py:2941} INFO - Sync 1 DAGs
[2023-12-06T18:57:54.912+0000] {logging_mixin.py:154} INFO - [2023-12-06T18:57:54.912+0000] {dag.py:3722} INFO - Setting next_dagrun for example_trigger_target_dag to None, run_after=None
[2023-12-06T18:57:54.939+0000] {processor.py:179} INFO - Processing /usr/local/lib/python3.10/dist-packages/airflow/example_dags/example_trigger_target_dag.py took 0.068 seconds
[2023-12-06T18:58:38.392+0000] {processor.py:157} INFO - Started process (PID=5946) to work on /usr/local/lib/python3.10/dist-packages/airflow/example_dags/example_trigger_target_dag.py
[2023-12-06T18:58:38.394+0000] {processor.py:829} INFO - Processing file /usr/local/lib/python3.10/dist-packages/airflow/example_dags/example_trigger_target_dag.py for tasks to queue
[2023-12-06T18:58:38.395+0000] {logging_mixin.py:154} INFO - [2023-12-06T18:58:38.395+0000] {dagbag.py:536} INFO - Filling up the DagBag from /usr/local/lib/python3.10/dist-packages/airflow/example_dags/example_trigger_target_dag.py
[2023-12-06T18:58:38.402+0000] {processor.py:839} INFO - DAG(s) dict_keys(['example_trigger_target_dag']) retrieved from /usr/local/lib/python3.10/dist-packages/airflow/example_dags/example_trigger_target_dag.py
[2023-12-06T18:58:38.420+0000] {logging_mixin.py:154} INFO - [2023-12-06T18:58:38.419+0000] {dag.py:2941} INFO - Sync 1 DAGs
[2023-12-06T18:58:38.432+0000] {logging_mixin.py:154} INFO - [2023-12-06T18:58:38.432+0000] {dag.py:3722} INFO - Setting next_dagrun for example_trigger_target_dag to None, run_after=None
[2023-12-06T18:58:38.455+0000] {processor.py:179} INFO - Processing /usr/local/lib/python3.10/dist-packages/airflow/example_dags/example_trigger_target_dag.py took 0.066 seconds
[2023-12-06T18:59:24.747+0000] {processor.py:157} INFO - Started process (PID=5993) to work on /usr/local/lib/python3.10/dist-packages/airflow/example_dags/example_trigger_target_dag.py
[2023-12-06T18:59:24.748+0000] {processor.py:829} INFO - Processing file /usr/local/lib/python3.10/dist-packages/airflow/example_dags/example_trigger_target_dag.py for tasks to queue
[2023-12-06T18:59:24.749+0000] {logging_mixin.py:154} INFO - [2023-12-06T18:59:24.749+0000] {dagbag.py:536} INFO - Filling up the DagBag from /usr/local/lib/python3.10/dist-packages/airflow/example_dags/example_trigger_target_dag.py
[2023-12-06T18:59:24.756+0000] {processor.py:839} INFO - DAG(s) dict_keys(['example_trigger_target_dag']) retrieved from /usr/local/lib/python3.10/dist-packages/airflow/example_dags/example_trigger_target_dag.py
[2023-12-06T18:59:24.773+0000] {logging_mixin.py:154} INFO - [2023-12-06T18:59:24.773+0000] {dag.py:2941} INFO - Sync 1 DAGs
[2023-12-06T18:59:24.785+0000] {logging_mixin.py:154} INFO - [2023-12-06T18:59:24.785+0000] {dag.py:3722} INFO - Setting next_dagrun for example_trigger_target_dag to None, run_after=None
[2023-12-06T18:59:24.809+0000] {processor.py:179} INFO - Processing /usr/local/lib/python3.10/dist-packages/airflow/example_dags/example_trigger_target_dag.py took 0.065 seconds
[2023-12-06T19:00:08.944+0000] {processor.py:157} INFO - Started process (PID=6108) to work on /usr/local/lib/python3.10/dist-packages/airflow/example_dags/example_trigger_target_dag.py
[2023-12-06T19:00:08.945+0000] {processor.py:829} INFO - Processing file /usr/local/lib/python3.10/dist-packages/airflow/example_dags/example_trigger_target_dag.py for tasks to queue
[2023-12-06T19:00:08.946+0000] {logging_mixin.py:154} INFO - [2023-12-06T19:00:08.946+0000] {dagbag.py:536} INFO - Filling up the DagBag from /usr/local/lib/python3.10/dist-packages/airflow/example_dags/example_trigger_target_dag.py
[2023-12-06T19:00:08.954+0000] {processor.py:839} INFO - DAG(s) dict_keys(['example_trigger_target_dag']) retrieved from /usr/local/lib/python3.10/dist-packages/airflow/example_dags/example_trigger_target_dag.py
[2023-12-06T19:00:08.983+0000] {logging_mixin.py:154} INFO - [2023-12-06T19:00:08.983+0000] {dag.py:2941} INFO - Sync 1 DAGs
[2023-12-06T19:00:09.004+0000] {logging_mixin.py:154} INFO - [2023-12-06T19:00:09.004+0000] {dag.py:3722} INFO - Setting next_dagrun for example_trigger_target_dag to None, run_after=None
[2023-12-06T19:00:09.039+0000] {processor.py:179} INFO - Processing /usr/local/lib/python3.10/dist-packages/airflow/example_dags/example_trigger_target_dag.py took 0.099 seconds
[2023-12-06T19:00:47.745+0000] {processor.py:157} INFO - Started process (PID=6381) to work on /usr/local/lib/python3.10/dist-packages/airflow/example_dags/example_trigger_target_dag.py
[2023-12-06T19:00:47.749+0000] {processor.py:829} INFO - Processing file /usr/local/lib/python3.10/dist-packages/airflow/example_dags/example_trigger_target_dag.py for tasks to queue
[2023-12-06T19:00:47.749+0000] {logging_mixin.py:154} INFO - [2023-12-06T19:00:47.749+0000] {dagbag.py:536} INFO - Filling up the DagBag from /usr/local/lib/python3.10/dist-packages/airflow/example_dags/example_trigger_target_dag.py
[2023-12-06T19:00:47.757+0000] {processor.py:839} INFO - DAG(s) dict_keys(['example_trigger_target_dag']) retrieved from /usr/local/lib/python3.10/dist-packages/airflow/example_dags/example_trigger_target_dag.py
[2023-12-06T19:00:47.774+0000] {logging_mixin.py:154} INFO - [2023-12-06T19:00:47.773+0000] {dag.py:2941} INFO - Sync 1 DAGs
[2023-12-06T19:00:47.786+0000] {logging_mixin.py:154} INFO - [2023-12-06T19:00:47.786+0000] {dag.py:3722} INFO - Setting next_dagrun for example_trigger_target_dag to None, run_after=None
[2023-12-06T19:00:47.809+0000] {processor.py:179} INFO - Processing /usr/local/lib/python3.10/dist-packages/airflow/example_dags/example_trigger_target_dag.py took 0.067 seconds
[2023-12-06T19:01:19.574+0000] {processor.py:157} INFO - Started process (PID=6468) to work on /usr/local/lib/python3.10/dist-packages/airflow/example_dags/example_trigger_target_dag.py
[2023-12-06T19:01:19.575+0000] {processor.py:829} INFO - Processing file /usr/local/lib/python3.10/dist-packages/airflow/example_dags/example_trigger_target_dag.py for tasks to queue
[2023-12-06T19:01:19.576+0000] {logging_mixin.py:154} INFO - [2023-12-06T19:01:19.576+0000] {dagbag.py:536} INFO - Filling up the DagBag from /usr/local/lib/python3.10/dist-packages/airflow/example_dags/example_trigger_target_dag.py
[2023-12-06T19:01:19.583+0000] {processor.py:839} INFO - DAG(s) dict_keys(['example_trigger_target_dag']) retrieved from /usr/local/lib/python3.10/dist-packages/airflow/example_dags/example_trigger_target_dag.py
[2023-12-06T19:01:19.600+0000] {logging_mixin.py:154} INFO - [2023-12-06T19:01:19.599+0000] {dag.py:2941} INFO - Sync 1 DAGs
[2023-12-06T19:01:19.612+0000] {logging_mixin.py:154} INFO - [2023-12-06T19:01:19.611+0000] {dag.py:3722} INFO - Setting next_dagrun for example_trigger_target_dag to None, run_after=None
[2023-12-06T19:01:19.639+0000] {processor.py:179} INFO - Processing /usr/local/lib/python3.10/dist-packages/airflow/example_dags/example_trigger_target_dag.py took 0.068 seconds
[2023-12-06T19:01:52.914+0000] {processor.py:157} INFO - Started process (PID=6502) to work on /usr/local/lib/python3.10/dist-packages/airflow/example_dags/example_trigger_target_dag.py
[2023-12-06T19:01:52.921+0000] {processor.py:829} INFO - Processing file /usr/local/lib/python3.10/dist-packages/airflow/example_dags/example_trigger_target_dag.py for tasks to queue
[2023-12-06T19:01:52.921+0000] {logging_mixin.py:154} INFO - [2023-12-06T19:01:52.921+0000] {dagbag.py:536} INFO - Filling up the DagBag from /usr/local/lib/python3.10/dist-packages/airflow/example_dags/example_trigger_target_dag.py
[2023-12-06T19:01:52.928+0000] {processor.py:839} INFO - DAG(s) dict_keys(['example_trigger_target_dag']) retrieved from /usr/local/lib/python3.10/dist-packages/airflow/example_dags/example_trigger_target_dag.py
[2023-12-06T19:01:52.945+0000] {logging_mixin.py:154} INFO - [2023-12-06T19:01:52.945+0000] {dag.py:2941} INFO - Sync 1 DAGs
[2023-12-06T19:01:52.957+0000] {logging_mixin.py:154} INFO - [2023-12-06T19:01:52.957+0000] {dag.py:3722} INFO - Setting next_dagrun for example_trigger_target_dag to None, run_after=None
[2023-12-06T19:01:52.979+0000] {processor.py:179} INFO - Processing /usr/local/lib/python3.10/dist-packages/airflow/example_dags/example_trigger_target_dag.py took 0.068 seconds
[2023-12-06T19:02:38.053+0000] {processor.py:157} INFO - Started process (PID=6549) to work on /usr/local/lib/python3.10/dist-packages/airflow/example_dags/example_trigger_target_dag.py
[2023-12-06T19:02:38.055+0000] {processor.py:829} INFO - Processing file /usr/local/lib/python3.10/dist-packages/airflow/example_dags/example_trigger_target_dag.py for tasks to queue
[2023-12-06T19:02:38.056+0000] {logging_mixin.py:154} INFO - [2023-12-06T19:02:38.055+0000] {dagbag.py:536} INFO - Filling up the DagBag from /usr/local/lib/python3.10/dist-packages/airflow/example_dags/example_trigger_target_dag.py
[2023-12-06T19:02:38.062+0000] {processor.py:839} INFO - DAG(s) dict_keys(['example_trigger_target_dag']) retrieved from /usr/local/lib/python3.10/dist-packages/airflow/example_dags/example_trigger_target_dag.py
[2023-12-06T19:02:38.080+0000] {logging_mixin.py:154} INFO - [2023-12-06T19:02:38.080+0000] {dag.py:2941} INFO - Sync 1 DAGs
[2023-12-06T19:02:38.092+0000] {logging_mixin.py:154} INFO - [2023-12-06T19:02:38.092+0000] {dag.py:3722} INFO - Setting next_dagrun for example_trigger_target_dag to None, run_after=None
[2023-12-06T19:02:38.117+0000] {processor.py:179} INFO - Processing /usr/local/lib/python3.10/dist-packages/airflow/example_dags/example_trigger_target_dag.py took 0.068 seconds
[2023-12-06T19:03:23.272+0000] {processor.py:157} INFO - Started process (PID=6595) to work on /usr/local/lib/python3.10/dist-packages/airflow/example_dags/example_trigger_target_dag.py
[2023-12-06T19:03:23.274+0000] {processor.py:829} INFO - Processing file /usr/local/lib/python3.10/dist-packages/airflow/example_dags/example_trigger_target_dag.py for tasks to queue
[2023-12-06T19:03:23.274+0000] {logging_mixin.py:154} INFO - [2023-12-06T19:03:23.274+0000] {dagbag.py:536} INFO - Filling up the DagBag from /usr/local/lib/python3.10/dist-packages/airflow/example_dags/example_trigger_target_dag.py
[2023-12-06T19:03:23.281+0000] {processor.py:839} INFO - DAG(s) dict_keys(['example_trigger_target_dag']) retrieved from /usr/local/lib/python3.10/dist-packages/airflow/example_dags/example_trigger_target_dag.py
[2023-12-06T19:03:23.299+0000] {logging_mixin.py:154} INFO - [2023-12-06T19:03:23.298+0000] {dag.py:2941} INFO - Sync 1 DAGs
[2023-12-06T19:03:23.311+0000] {logging_mixin.py:154} INFO - [2023-12-06T19:03:23.311+0000] {dag.py:3722} INFO - Setting next_dagrun for example_trigger_target_dag to None, run_after=None
[2023-12-06T19:03:23.338+0000] {processor.py:179} INFO - Processing /usr/local/lib/python3.10/dist-packages/airflow/example_dags/example_trigger_target_dag.py took 0.070 seconds
[2023-12-06T19:03:58.055+0000] {processor.py:157} INFO - Started process (PID=6629) to work on /usr/local/lib/python3.10/dist-packages/airflow/example_dags/example_trigger_target_dag.py
[2023-12-06T19:03:58.058+0000] {processor.py:829} INFO - Processing file /usr/local/lib/python3.10/dist-packages/airflow/example_dags/example_trigger_target_dag.py for tasks to queue
[2023-12-06T19:03:58.058+0000] {logging_mixin.py:154} INFO - [2023-12-06T19:03:58.058+0000] {dagbag.py:536} INFO - Filling up the DagBag from /usr/local/lib/python3.10/dist-packages/airflow/example_dags/example_trigger_target_dag.py
[2023-12-06T19:03:58.073+0000] {processor.py:839} INFO - DAG(s) dict_keys(['example_trigger_target_dag']) retrieved from /usr/local/lib/python3.10/dist-packages/airflow/example_dags/example_trigger_target_dag.py
[2023-12-06T19:03:58.092+0000] {logging_mixin.py:154} INFO - [2023-12-06T19:03:58.092+0000] {dag.py:2941} INFO - Sync 1 DAGs
[2023-12-06T19:03:58.110+0000] {logging_mixin.py:154} INFO - [2023-12-06T19:03:58.109+0000] {dag.py:3722} INFO - Setting next_dagrun for example_trigger_target_dag to None, run_after=None
[2023-12-06T19:03:58.133+0000] {processor.py:179} INFO - Processing /usr/local/lib/python3.10/dist-packages/airflow/example_dags/example_trigger_target_dag.py took 0.086 seconds
[2023-12-06T19:04:43.328+0000] {processor.py:157} INFO - Started process (PID=6742) to work on /usr/local/lib/python3.10/dist-packages/airflow/example_dags/example_trigger_target_dag.py
[2023-12-06T19:04:43.330+0000] {processor.py:829} INFO - Processing file /usr/local/lib/python3.10/dist-packages/airflow/example_dags/example_trigger_target_dag.py for tasks to queue
[2023-12-06T19:04:43.331+0000] {logging_mixin.py:154} INFO - [2023-12-06T19:04:43.330+0000] {dagbag.py:536} INFO - Filling up the DagBag from /usr/local/lib/python3.10/dist-packages/airflow/example_dags/example_trigger_target_dag.py
[2023-12-06T19:04:43.337+0000] {processor.py:839} INFO - DAG(s) dict_keys(['example_trigger_target_dag']) retrieved from /usr/local/lib/python3.10/dist-packages/airflow/example_dags/example_trigger_target_dag.py
[2023-12-06T19:04:43.361+0000] {logging_mixin.py:154} INFO - [2023-12-06T19:04:43.359+0000] {dag.py:2941} INFO - Sync 1 DAGs
[2023-12-06T19:04:43.377+0000] {logging_mixin.py:154} INFO - [2023-12-06T19:04:43.376+0000] {dag.py:3722} INFO - Setting next_dagrun for example_trigger_target_dag to None, run_after=None
[2023-12-06T19:04:43.411+0000] {processor.py:179} INFO - Processing /usr/local/lib/python3.10/dist-packages/airflow/example_dags/example_trigger_target_dag.py took 0.086 seconds
[2023-12-06T19:05:17.887+0000] {processor.py:157} INFO - Started process (PID=6880) to work on /usr/local/lib/python3.10/dist-packages/airflow/example_dags/example_trigger_target_dag.py
[2023-12-06T19:05:17.889+0000] {processor.py:829} INFO - Processing file /usr/local/lib/python3.10/dist-packages/airflow/example_dags/example_trigger_target_dag.py for tasks to queue
[2023-12-06T19:05:17.890+0000] {logging_mixin.py:154} INFO - [2023-12-06T19:05:17.890+0000] {dagbag.py:536} INFO - Filling up the DagBag from /usr/local/lib/python3.10/dist-packages/airflow/example_dags/example_trigger_target_dag.py
[2023-12-06T19:05:17.897+0000] {processor.py:839} INFO - DAG(s) dict_keys(['example_trigger_target_dag']) retrieved from /usr/local/lib/python3.10/dist-packages/airflow/example_dags/example_trigger_target_dag.py
[2023-12-06T19:05:17.914+0000] {logging_mixin.py:154} INFO - [2023-12-06T19:05:17.914+0000] {dag.py:2941} INFO - Sync 1 DAGs
[2023-12-06T19:05:17.928+0000] {logging_mixin.py:154} INFO - [2023-12-06T19:05:17.928+0000] {dag.py:3722} INFO - Setting next_dagrun for example_trigger_target_dag to None, run_after=None
[2023-12-06T19:05:17.958+0000] {processor.py:179} INFO - Processing /usr/local/lib/python3.10/dist-packages/airflow/example_dags/example_trigger_target_dag.py took 0.075 seconds
[2023-12-06T19:05:51.710+0000] {processor.py:157} INFO - Started process (PID=6914) to work on /usr/local/lib/python3.10/dist-packages/airflow/example_dags/example_trigger_target_dag.py
[2023-12-06T19:05:51.712+0000] {processor.py:829} INFO - Processing file /usr/local/lib/python3.10/dist-packages/airflow/example_dags/example_trigger_target_dag.py for tasks to queue
[2023-12-06T19:05:51.713+0000] {logging_mixin.py:154} INFO - [2023-12-06T19:05:51.713+0000] {dagbag.py:536} INFO - Filling up the DagBag from /usr/local/lib/python3.10/dist-packages/airflow/example_dags/example_trigger_target_dag.py
[2023-12-06T19:05:51.720+0000] {processor.py:839} INFO - DAG(s) dict_keys(['example_trigger_target_dag']) retrieved from /usr/local/lib/python3.10/dist-packages/airflow/example_dags/example_trigger_target_dag.py
[2023-12-06T19:05:51.737+0000] {logging_mixin.py:154} INFO - [2023-12-06T19:05:51.737+0000] {dag.py:2941} INFO - Sync 1 DAGs
[2023-12-06T19:05:51.750+0000] {logging_mixin.py:154} INFO - [2023-12-06T19:05:51.750+0000] {dag.py:3722} INFO - Setting next_dagrun for example_trigger_target_dag to None, run_after=None
[2023-12-06T19:05:51.775+0000] {processor.py:179} INFO - Processing /usr/local/lib/python3.10/dist-packages/airflow/example_dags/example_trigger_target_dag.py took 0.069 seconds
[2023-12-06T19:06:38.166+0000] {processor.py:157} INFO - Started process (PID=6962) to work on /usr/local/lib/python3.10/dist-packages/airflow/example_dags/example_trigger_target_dag.py
[2023-12-06T19:06:38.169+0000] {processor.py:829} INFO - Processing file /usr/local/lib/python3.10/dist-packages/airflow/example_dags/example_trigger_target_dag.py for tasks to queue
[2023-12-06T19:06:38.170+0000] {logging_mixin.py:154} INFO - [2023-12-06T19:06:38.170+0000] {dagbag.py:536} INFO - Filling up the DagBag from /usr/local/lib/python3.10/dist-packages/airflow/example_dags/example_trigger_target_dag.py
[2023-12-06T19:06:38.177+0000] {processor.py:839} INFO - DAG(s) dict_keys(['example_trigger_target_dag']) retrieved from /usr/local/lib/python3.10/dist-packages/airflow/example_dags/example_trigger_target_dag.py
[2023-12-06T19:06:38.195+0000] {logging_mixin.py:154} INFO - [2023-12-06T19:06:38.195+0000] {dag.py:2941} INFO - Sync 1 DAGs
[2023-12-06T19:06:38.207+0000] {logging_mixin.py:154} INFO - [2023-12-06T19:06:38.207+0000] {dag.py:3722} INFO - Setting next_dagrun for example_trigger_target_dag to None, run_after=None
[2023-12-06T19:06:38.231+0000] {processor.py:179} INFO - Processing /usr/local/lib/python3.10/dist-packages/airflow/example_dags/example_trigger_target_dag.py took 0.069 seconds
[2023-12-06T19:07:26.298+0000] {processor.py:157} INFO - Started process (PID=7010) to work on /usr/local/lib/python3.10/dist-packages/airflow/example_dags/example_trigger_target_dag.py
[2023-12-06T19:07:26.299+0000] {processor.py:829} INFO - Processing file /usr/local/lib/python3.10/dist-packages/airflow/example_dags/example_trigger_target_dag.py for tasks to queue
[2023-12-06T19:07:26.300+0000] {logging_mixin.py:154} INFO - [2023-12-06T19:07:26.300+0000] {dagbag.py:536} INFO - Filling up the DagBag from /usr/local/lib/python3.10/dist-packages/airflow/example_dags/example_trigger_target_dag.py
[2023-12-06T19:07:26.307+0000] {processor.py:839} INFO - DAG(s) dict_keys(['example_trigger_target_dag']) retrieved from /usr/local/lib/python3.10/dist-packages/airflow/example_dags/example_trigger_target_dag.py
[2023-12-06T19:07:26.325+0000] {logging_mixin.py:154} INFO - [2023-12-06T19:07:26.324+0000] {dag.py:2941} INFO - Sync 1 DAGs
[2023-12-06T19:07:26.337+0000] {logging_mixin.py:154} INFO - [2023-12-06T19:07:26.337+0000] {dag.py:3722} INFO - Setting next_dagrun for example_trigger_target_dag to None, run_after=None
[2023-12-06T19:07:26.391+0000] {processor.py:179} INFO - Processing /usr/local/lib/python3.10/dist-packages/airflow/example_dags/example_trigger_target_dag.py took 0.097 seconds
