[2023-12-06T18:21:57.456+0000] {processor.py:157} INFO - Started process (PID=3675) to work on /usr/local/lib/python3.10/dist-packages/airflow/example_dags/example_xcomargs.py
[2023-12-06T18:21:57.457+0000] {processor.py:829} INFO - Processing file /usr/local/lib/python3.10/dist-packages/airflow/example_dags/example_xcomargs.py for tasks to queue
[2023-12-06T18:21:57.457+0000] {logging_mixin.py:154} INFO - [2023-12-06T18:21:57.457+0000] {dagbag.py:536} INFO - Filling up the DagBag from /usr/local/lib/python3.10/dist-packages/airflow/example_dags/example_xcomargs.py
[2023-12-06T18:21:57.469+0000] {processor.py:839} INFO - DAG(s) dict_keys(['example_xcom_args_with_operators', 'example_xcom_args']) retrieved from /usr/local/lib/python3.10/dist-packages/airflow/example_dags/example_xcomargs.py
[2023-12-06T18:21:57.587+0000] {logging_mixin.py:154} INFO - [2023-12-06T18:21:57.587+0000] {manager.py:499} INFO - Created Permission View: %s
[2023-12-06T18:21:57.601+0000] {logging_mixin.py:154} INFO - [2023-12-06T18:21:57.600+0000] {manager.py:499} INFO - Created Permission View: %s
[2023-12-06T18:21:57.611+0000] {logging_mixin.py:154} INFO - [2023-12-06T18:21:57.611+0000] {manager.py:499} INFO - Created Permission View: %s
[2023-12-06T18:21:57.633+0000] {logging_mixin.py:154} INFO - [2023-12-06T18:21:57.632+0000] {manager.py:499} INFO - Created Permission View: %s
[2023-12-06T18:21:57.643+0000] {logging_mixin.py:154} INFO - [2023-12-06T18:21:57.643+0000] {manager.py:499} INFO - Created Permission View: %s
[2023-12-06T18:21:57.654+0000] {logging_mixin.py:154} INFO - [2023-12-06T18:21:57.654+0000] {manager.py:499} INFO - Created Permission View: %s
[2023-12-06T18:21:57.654+0000] {logging_mixin.py:154} INFO - [2023-12-06T18:21:57.654+0000] {dag.py:2941} INFO - Sync 2 DAGs
[2023-12-06T18:21:57.666+0000] {logging_mixin.py:154} INFO - [2023-12-06T18:21:57.666+0000] {dag.py:2963} INFO - Creating ORM DAG for example_xcom_args_with_operators
[2023-12-06T18:21:57.667+0000] {logging_mixin.py:154} INFO - [2023-12-06T18:21:57.667+0000] {dag.py:2963} INFO - Creating ORM DAG for example_xcom_args
[2023-12-06T18:21:57.667+0000] {logging_mixin.py:154} INFO - [2023-12-06T18:21:57.667+0000] {dag.py:3722} INFO - Setting next_dagrun for example_xcom_args to None, run_after=None
[2023-12-06T18:21:57.668+0000] {logging_mixin.py:154} INFO - [2023-12-06T18:21:57.668+0000] {dag.py:3722} INFO - Setting next_dagrun for example_xcom_args_with_operators to None, run_after=None
[2023-12-06T18:21:57.692+0000] {processor.py:179} INFO - Processing /usr/local/lib/python3.10/dist-packages/airflow/example_dags/example_xcomargs.py took 0.240 seconds
[2023-12-06T18:22:48.183+0000] {processor.py:157} INFO - Started process (PID=3726) to work on /usr/local/lib/python3.10/dist-packages/airflow/example_dags/example_xcomargs.py
[2023-12-06T18:22:48.184+0000] {processor.py:829} INFO - Processing file /usr/local/lib/python3.10/dist-packages/airflow/example_dags/example_xcomargs.py for tasks to queue
[2023-12-06T18:22:48.185+0000] {logging_mixin.py:154} INFO - [2023-12-06T18:22:48.185+0000] {dagbag.py:536} INFO - Filling up the DagBag from /usr/local/lib/python3.10/dist-packages/airflow/example_dags/example_xcomargs.py
[2023-12-06T18:22:48.196+0000] {processor.py:839} INFO - DAG(s) dict_keys(['example_xcom_args', 'example_xcom_args_with_operators']) retrieved from /usr/local/lib/python3.10/dist-packages/airflow/example_dags/example_xcomargs.py
[2023-12-06T18:22:48.216+0000] {logging_mixin.py:154} INFO - [2023-12-06T18:22:48.216+0000] {dag.py:2941} INFO - Sync 2 DAGs
[2023-12-06T18:22:48.228+0000] {logging_mixin.py:154} INFO - [2023-12-06T18:22:48.228+0000] {dag.py:3722} INFO - Setting next_dagrun for example_xcom_args to None, run_after=None
[2023-12-06T18:22:48.231+0000] {logging_mixin.py:154} INFO - [2023-12-06T18:22:48.231+0000] {dag.py:3722} INFO - Setting next_dagrun for example_xcom_args_with_operators to None, run_after=None
[2023-12-06T18:22:48.251+0000] {processor.py:179} INFO - Processing /usr/local/lib/python3.10/dist-packages/airflow/example_dags/example_xcomargs.py took 0.071 seconds
[2023-12-06T18:23:34.426+0000] {processor.py:157} INFO - Started process (PID=3772) to work on /usr/local/lib/python3.10/dist-packages/airflow/example_dags/example_xcomargs.py
[2023-12-06T18:23:34.427+0000] {processor.py:829} INFO - Processing file /usr/local/lib/python3.10/dist-packages/airflow/example_dags/example_xcomargs.py for tasks to queue
[2023-12-06T18:23:34.428+0000] {logging_mixin.py:154} INFO - [2023-12-06T18:23:34.428+0000] {dagbag.py:536} INFO - Filling up the DagBag from /usr/local/lib/python3.10/dist-packages/airflow/example_dags/example_xcomargs.py
[2023-12-06T18:23:34.443+0000] {processor.py:839} INFO - DAG(s) dict_keys(['example_xcom_args_with_operators', 'example_xcom_args']) retrieved from /usr/local/lib/python3.10/dist-packages/airflow/example_dags/example_xcomargs.py
[2023-12-06T18:23:34.520+0000] {logging_mixin.py:154} INFO - [2023-12-06T18:23:34.520+0000] {dag.py:2941} INFO - Sync 2 DAGs
[2023-12-06T18:23:34.532+0000] {logging_mixin.py:154} INFO - [2023-12-06T18:23:34.532+0000] {dag.py:3722} INFO - Setting next_dagrun for example_xcom_args to None, run_after=None
[2023-12-06T18:23:34.536+0000] {logging_mixin.py:154} INFO - [2023-12-06T18:23:34.535+0000] {dag.py:3722} INFO - Setting next_dagrun for example_xcom_args_with_operators to None, run_after=None
[2023-12-06T18:23:34.558+0000] {processor.py:179} INFO - Processing /usr/local/lib/python3.10/dist-packages/airflow/example_dags/example_xcomargs.py took 0.137 seconds
[2023-12-06T18:24:23.709+0000] {processor.py:157} INFO - Started process (PID=3822) to work on /usr/local/lib/python3.10/dist-packages/airflow/example_dags/example_xcomargs.py
[2023-12-06T18:24:23.710+0000] {processor.py:829} INFO - Processing file /usr/local/lib/python3.10/dist-packages/airflow/example_dags/example_xcomargs.py for tasks to queue
[2023-12-06T18:24:23.711+0000] {logging_mixin.py:154} INFO - [2023-12-06T18:24:23.711+0000] {dagbag.py:536} INFO - Filling up the DagBag from /usr/local/lib/python3.10/dist-packages/airflow/example_dags/example_xcomargs.py
[2023-12-06T18:24:23.720+0000] {processor.py:839} INFO - DAG(s) dict_keys(['example_xcom_args_with_operators', 'example_xcom_args']) retrieved from /usr/local/lib/python3.10/dist-packages/airflow/example_dags/example_xcomargs.py
[2023-12-06T18:24:23.740+0000] {logging_mixin.py:154} INFO - [2023-12-06T18:24:23.740+0000] {dag.py:2941} INFO - Sync 2 DAGs
[2023-12-06T18:24:23.752+0000] {logging_mixin.py:154} INFO - [2023-12-06T18:24:23.752+0000] {dag.py:3722} INFO - Setting next_dagrun for example_xcom_args to None, run_after=None
[2023-12-06T18:24:23.755+0000] {logging_mixin.py:154} INFO - [2023-12-06T18:24:23.755+0000] {dag.py:3722} INFO - Setting next_dagrun for example_xcom_args_with_operators to None, run_after=None
[2023-12-06T18:24:23.775+0000] {processor.py:179} INFO - Processing /usr/local/lib/python3.10/dist-packages/airflow/example_dags/example_xcomargs.py took 0.069 seconds
[2023-12-06T18:25:11.607+0000] {processor.py:157} INFO - Started process (PID=3873) to work on /usr/local/lib/python3.10/dist-packages/airflow/example_dags/example_xcomargs.py
[2023-12-06T18:25:11.609+0000] {processor.py:829} INFO - Processing file /usr/local/lib/python3.10/dist-packages/airflow/example_dags/example_xcomargs.py for tasks to queue
[2023-12-06T18:25:11.610+0000] {logging_mixin.py:154} INFO - [2023-12-06T18:25:11.609+0000] {dagbag.py:536} INFO - Filling up the DagBag from /usr/local/lib/python3.10/dist-packages/airflow/example_dags/example_xcomargs.py
[2023-12-06T18:25:11.619+0000] {processor.py:839} INFO - DAG(s) dict_keys(['example_xcom_args_with_operators', 'example_xcom_args']) retrieved from /usr/local/lib/python3.10/dist-packages/airflow/example_dags/example_xcomargs.py
[2023-12-06T18:25:11.648+0000] {logging_mixin.py:154} INFO - [2023-12-06T18:25:11.648+0000] {dag.py:2941} INFO - Sync 2 DAGs
[2023-12-06T18:25:11.668+0000] {logging_mixin.py:154} INFO - [2023-12-06T18:25:11.668+0000] {dag.py:3722} INFO - Setting next_dagrun for example_xcom_args to None, run_after=None
[2023-12-06T18:25:11.671+0000] {logging_mixin.py:154} INFO - [2023-12-06T18:25:11.671+0000] {dag.py:3722} INFO - Setting next_dagrun for example_xcom_args_with_operators to None, run_after=None
[2023-12-06T18:25:11.693+0000] {processor.py:179} INFO - Processing /usr/local/lib/python3.10/dist-packages/airflow/example_dags/example_xcomargs.py took 0.089 seconds
[2023-12-06T18:25:56.190+0000] {processor.py:157} INFO - Started process (PID=3921) to work on /usr/local/lib/python3.10/dist-packages/airflow/example_dags/example_xcomargs.py
[2023-12-06T18:25:56.192+0000] {processor.py:829} INFO - Processing file /usr/local/lib/python3.10/dist-packages/airflow/example_dags/example_xcomargs.py for tasks to queue
[2023-12-06T18:25:56.193+0000] {logging_mixin.py:154} INFO - [2023-12-06T18:25:56.192+0000] {dagbag.py:536} INFO - Filling up the DagBag from /usr/local/lib/python3.10/dist-packages/airflow/example_dags/example_xcomargs.py
[2023-12-06T18:25:56.202+0000] {processor.py:839} INFO - DAG(s) dict_keys(['example_xcom_args', 'example_xcom_args_with_operators']) retrieved from /usr/local/lib/python3.10/dist-packages/airflow/example_dags/example_xcomargs.py
[2023-12-06T18:25:56.221+0000] {logging_mixin.py:154} INFO - [2023-12-06T18:25:56.221+0000] {dag.py:2941} INFO - Sync 2 DAGs
[2023-12-06T18:25:56.233+0000] {logging_mixin.py:154} INFO - [2023-12-06T18:25:56.233+0000] {dag.py:3722} INFO - Setting next_dagrun for example_xcom_args to None, run_after=None
[2023-12-06T18:25:56.236+0000] {logging_mixin.py:154} INFO - [2023-12-06T18:25:56.236+0000] {dag.py:3722} INFO - Setting next_dagrun for example_xcom_args_with_operators to None, run_after=None
[2023-12-06T18:25:56.256+0000] {processor.py:179} INFO - Processing /usr/local/lib/python3.10/dist-packages/airflow/example_dags/example_xcomargs.py took 0.069 seconds
[2023-12-06T18:26:43.615+0000] {processor.py:157} INFO - Started process (PID=3971) to work on /usr/local/lib/python3.10/dist-packages/airflow/example_dags/example_xcomargs.py
[2023-12-06T18:26:43.617+0000] {processor.py:829} INFO - Processing file /usr/local/lib/python3.10/dist-packages/airflow/example_dags/example_xcomargs.py for tasks to queue
[2023-12-06T18:26:43.618+0000] {logging_mixin.py:154} INFO - [2023-12-06T18:26:43.617+0000] {dagbag.py:536} INFO - Filling up the DagBag from /usr/local/lib/python3.10/dist-packages/airflow/example_dags/example_xcomargs.py
[2023-12-06T18:26:43.627+0000] {processor.py:839} INFO - DAG(s) dict_keys(['example_xcom_args_with_operators', 'example_xcom_args']) retrieved from /usr/local/lib/python3.10/dist-packages/airflow/example_dags/example_xcomargs.py
[2023-12-06T18:26:43.647+0000] {logging_mixin.py:154} INFO - [2023-12-06T18:26:43.646+0000] {dag.py:2941} INFO - Sync 2 DAGs
[2023-12-06T18:26:43.658+0000] {logging_mixin.py:154} INFO - [2023-12-06T18:26:43.658+0000] {dag.py:3722} INFO - Setting next_dagrun for example_xcom_args to None, run_after=None
[2023-12-06T18:26:43.662+0000] {logging_mixin.py:154} INFO - [2023-12-06T18:26:43.661+0000] {dag.py:3722} INFO - Setting next_dagrun for example_xcom_args_with_operators to None, run_after=None
[2023-12-06T18:26:43.716+0000] {processor.py:179} INFO - Processing /usr/local/lib/python3.10/dist-packages/airflow/example_dags/example_xcomargs.py took 0.104 seconds
[2023-12-06T18:27:29.126+0000] {processor.py:157} INFO - Started process (PID=4017) to work on /usr/local/lib/python3.10/dist-packages/airflow/example_dags/example_xcomargs.py
[2023-12-06T18:27:29.128+0000] {processor.py:829} INFO - Processing file /usr/local/lib/python3.10/dist-packages/airflow/example_dags/example_xcomargs.py for tasks to queue
[2023-12-06T18:27:29.128+0000] {logging_mixin.py:154} INFO - [2023-12-06T18:27:29.128+0000] {dagbag.py:536} INFO - Filling up the DagBag from /usr/local/lib/python3.10/dist-packages/airflow/example_dags/example_xcomargs.py
[2023-12-06T18:27:29.138+0000] {processor.py:839} INFO - DAG(s) dict_keys(['example_xcom_args', 'example_xcom_args_with_operators']) retrieved from /usr/local/lib/python3.10/dist-packages/airflow/example_dags/example_xcomargs.py
[2023-12-06T18:27:29.158+0000] {logging_mixin.py:154} INFO - [2023-12-06T18:27:29.158+0000] {dag.py:2941} INFO - Sync 2 DAGs
[2023-12-06T18:27:29.170+0000] {logging_mixin.py:154} INFO - [2023-12-06T18:27:29.170+0000] {dag.py:3722} INFO - Setting next_dagrun for example_xcom_args to None, run_after=None
[2023-12-06T18:27:29.173+0000] {logging_mixin.py:154} INFO - [2023-12-06T18:27:29.173+0000] {dag.py:3722} INFO - Setting next_dagrun for example_xcom_args_with_operators to None, run_after=None
[2023-12-06T18:27:29.192+0000] {processor.py:179} INFO - Processing /usr/local/lib/python3.10/dist-packages/airflow/example_dags/example_xcomargs.py took 0.070 seconds
[2023-12-06T18:28:10.561+0000] {processor.py:157} INFO - Started process (PID=4061) to work on /usr/local/lib/python3.10/dist-packages/airflow/example_dags/example_xcomargs.py
[2023-12-06T18:28:10.562+0000] {processor.py:829} INFO - Processing file /usr/local/lib/python3.10/dist-packages/airflow/example_dags/example_xcomargs.py for tasks to queue
[2023-12-06T18:28:10.563+0000] {logging_mixin.py:154} INFO - [2023-12-06T18:28:10.563+0000] {dagbag.py:536} INFO - Filling up the DagBag from /usr/local/lib/python3.10/dist-packages/airflow/example_dags/example_xcomargs.py
[2023-12-06T18:28:10.572+0000] {processor.py:839} INFO - DAG(s) dict_keys(['example_xcom_args_with_operators', 'example_xcom_args']) retrieved from /usr/local/lib/python3.10/dist-packages/airflow/example_dags/example_xcomargs.py
[2023-12-06T18:28:10.592+0000] {logging_mixin.py:154} INFO - [2023-12-06T18:28:10.592+0000] {dag.py:2941} INFO - Sync 2 DAGs
[2023-12-06T18:28:10.604+0000] {logging_mixin.py:154} INFO - [2023-12-06T18:28:10.604+0000] {dag.py:3722} INFO - Setting next_dagrun for example_xcom_args to None, run_after=None
[2023-12-06T18:28:10.607+0000] {logging_mixin.py:154} INFO - [2023-12-06T18:28:10.607+0000] {dag.py:3722} INFO - Setting next_dagrun for example_xcom_args_with_operators to None, run_after=None
[2023-12-06T18:28:10.627+0000] {processor.py:179} INFO - Processing /usr/local/lib/python3.10/dist-packages/airflow/example_dags/example_xcomargs.py took 0.069 seconds
[2023-12-06T18:28:59.148+0000] {processor.py:157} INFO - Started process (PID=4109) to work on /usr/local/lib/python3.10/dist-packages/airflow/example_dags/example_xcomargs.py
[2023-12-06T18:28:59.150+0000] {processor.py:829} INFO - Processing file /usr/local/lib/python3.10/dist-packages/airflow/example_dags/example_xcomargs.py for tasks to queue
[2023-12-06T18:28:59.151+0000] {logging_mixin.py:154} INFO - [2023-12-06T18:28:59.150+0000] {dagbag.py:536} INFO - Filling up the DagBag from /usr/local/lib/python3.10/dist-packages/airflow/example_dags/example_xcomargs.py
[2023-12-06T18:28:59.160+0000] {processor.py:839} INFO - DAG(s) dict_keys(['example_xcom_args_with_operators', 'example_xcom_args']) retrieved from /usr/local/lib/python3.10/dist-packages/airflow/example_dags/example_xcomargs.py
[2023-12-06T18:28:59.181+0000] {logging_mixin.py:154} INFO - [2023-12-06T18:28:59.180+0000] {dag.py:2941} INFO - Sync 2 DAGs
[2023-12-06T18:28:59.193+0000] {logging_mixin.py:154} INFO - [2023-12-06T18:28:59.193+0000] {dag.py:3722} INFO - Setting next_dagrun for example_xcom_args to None, run_after=None
[2023-12-06T18:28:59.196+0000] {logging_mixin.py:154} INFO - [2023-12-06T18:28:59.196+0000] {dag.py:3722} INFO - Setting next_dagrun for example_xcom_args_with_operators to None, run_after=None
[2023-12-06T18:28:59.218+0000] {processor.py:179} INFO - Processing /usr/local/lib/python3.10/dist-packages/airflow/example_dags/example_xcomargs.py took 0.074 seconds
[2023-12-06T18:29:43.392+0000] {processor.py:157} INFO - Started process (PID=4157) to work on /usr/local/lib/python3.10/dist-packages/airflow/example_dags/example_xcomargs.py
[2023-12-06T18:29:43.394+0000] {processor.py:829} INFO - Processing file /usr/local/lib/python3.10/dist-packages/airflow/example_dags/example_xcomargs.py for tasks to queue
[2023-12-06T18:29:43.394+0000] {logging_mixin.py:154} INFO - [2023-12-06T18:29:43.394+0000] {dagbag.py:536} INFO - Filling up the DagBag from /usr/local/lib/python3.10/dist-packages/airflow/example_dags/example_xcomargs.py
[2023-12-06T18:29:43.404+0000] {processor.py:839} INFO - DAG(s) dict_keys(['example_xcom_args', 'example_xcom_args_with_operators']) retrieved from /usr/local/lib/python3.10/dist-packages/airflow/example_dags/example_xcomargs.py
[2023-12-06T18:29:43.424+0000] {logging_mixin.py:154} INFO - [2023-12-06T18:29:43.423+0000] {dag.py:2941} INFO - Sync 2 DAGs
[2023-12-06T18:29:43.435+0000] {logging_mixin.py:154} INFO - [2023-12-06T18:29:43.435+0000] {dag.py:3722} INFO - Setting next_dagrun for example_xcom_args to None, run_after=None
[2023-12-06T18:29:43.439+0000] {logging_mixin.py:154} INFO - [2023-12-06T18:29:43.439+0000] {dag.py:3722} INFO - Setting next_dagrun for example_xcom_args_with_operators to None, run_after=None
[2023-12-06T18:29:43.459+0000] {processor.py:179} INFO - Processing /usr/local/lib/python3.10/dist-packages/airflow/example_dags/example_xcomargs.py took 0.070 seconds
[2023-12-06T18:30:26.209+0000] {processor.py:157} INFO - Started process (PID=4201) to work on /usr/local/lib/python3.10/dist-packages/airflow/example_dags/example_xcomargs.py
[2023-12-06T18:30:26.210+0000] {processor.py:829} INFO - Processing file /usr/local/lib/python3.10/dist-packages/airflow/example_dags/example_xcomargs.py for tasks to queue
[2023-12-06T18:30:26.211+0000] {logging_mixin.py:154} INFO - [2023-12-06T18:30:26.211+0000] {dagbag.py:536} INFO - Filling up the DagBag from /usr/local/lib/python3.10/dist-packages/airflow/example_dags/example_xcomargs.py
[2023-12-06T18:30:26.221+0000] {processor.py:839} INFO - DAG(s) dict_keys(['example_xcom_args_with_operators', 'example_xcom_args']) retrieved from /usr/local/lib/python3.10/dist-packages/airflow/example_dags/example_xcomargs.py
[2023-12-06T18:30:26.241+0000] {logging_mixin.py:154} INFO - [2023-12-06T18:30:26.240+0000] {dag.py:2941} INFO - Sync 2 DAGs
[2023-12-06T18:30:26.253+0000] {logging_mixin.py:154} INFO - [2023-12-06T18:30:26.253+0000] {dag.py:3722} INFO - Setting next_dagrun for example_xcom_args to None, run_after=None
[2023-12-06T18:30:26.256+0000] {logging_mixin.py:154} INFO - [2023-12-06T18:30:26.256+0000] {dag.py:3722} INFO - Setting next_dagrun for example_xcom_args_with_operators to None, run_after=None
[2023-12-06T18:30:26.276+0000] {processor.py:179} INFO - Processing /usr/local/lib/python3.10/dist-packages/airflow/example_dags/example_xcomargs.py took 0.070 seconds
[2023-12-06T18:31:09.697+0000] {processor.py:157} INFO - Started process (PID=4248) to work on /usr/local/lib/python3.10/dist-packages/airflow/example_dags/example_xcomargs.py
[2023-12-06T18:31:09.698+0000] {processor.py:829} INFO - Processing file /usr/local/lib/python3.10/dist-packages/airflow/example_dags/example_xcomargs.py for tasks to queue
[2023-12-06T18:31:09.699+0000] {logging_mixin.py:154} INFO - [2023-12-06T18:31:09.699+0000] {dagbag.py:536} INFO - Filling up the DagBag from /usr/local/lib/python3.10/dist-packages/airflow/example_dags/example_xcomargs.py
[2023-12-06T18:31:09.709+0000] {processor.py:839} INFO - DAG(s) dict_keys(['example_xcom_args', 'example_xcom_args_with_operators']) retrieved from /usr/local/lib/python3.10/dist-packages/airflow/example_dags/example_xcomargs.py
[2023-12-06T18:31:09.728+0000] {logging_mixin.py:154} INFO - [2023-12-06T18:31:09.728+0000] {dag.py:2941} INFO - Sync 2 DAGs
[2023-12-06T18:31:09.741+0000] {logging_mixin.py:154} INFO - [2023-12-06T18:31:09.741+0000] {dag.py:3722} INFO - Setting next_dagrun for example_xcom_args to None, run_after=None
[2023-12-06T18:31:09.744+0000] {logging_mixin.py:154} INFO - [2023-12-06T18:31:09.744+0000] {dag.py:3722} INFO - Setting next_dagrun for example_xcom_args_with_operators to None, run_after=None
[2023-12-06T18:31:09.764+0000] {processor.py:179} INFO - Processing /usr/local/lib/python3.10/dist-packages/airflow/example_dags/example_xcomargs.py took 0.071 seconds
[2023-12-06T18:31:52.187+0000] {processor.py:157} INFO - Started process (PID=4294) to work on /usr/local/lib/python3.10/dist-packages/airflow/example_dags/example_xcomargs.py
[2023-12-06T18:31:52.188+0000] {processor.py:829} INFO - Processing file /usr/local/lib/python3.10/dist-packages/airflow/example_dags/example_xcomargs.py for tasks to queue
[2023-12-06T18:31:52.189+0000] {logging_mixin.py:154} INFO - [2023-12-06T18:31:52.189+0000] {dagbag.py:536} INFO - Filling up the DagBag from /usr/local/lib/python3.10/dist-packages/airflow/example_dags/example_xcomargs.py
[2023-12-06T18:31:52.199+0000] {processor.py:839} INFO - DAG(s) dict_keys(['example_xcom_args_with_operators', 'example_xcom_args']) retrieved from /usr/local/lib/python3.10/dist-packages/airflow/example_dags/example_xcomargs.py
[2023-12-06T18:31:52.219+0000] {logging_mixin.py:154} INFO - [2023-12-06T18:31:52.218+0000] {dag.py:2941} INFO - Sync 2 DAGs
[2023-12-06T18:31:52.231+0000] {logging_mixin.py:154} INFO - [2023-12-06T18:31:52.231+0000] {dag.py:3722} INFO - Setting next_dagrun for example_xcom_args to None, run_after=None
[2023-12-06T18:31:52.234+0000] {logging_mixin.py:154} INFO - [2023-12-06T18:31:52.234+0000] {dag.py:3722} INFO - Setting next_dagrun for example_xcom_args_with_operators to None, run_after=None
[2023-12-06T18:31:52.256+0000] {processor.py:179} INFO - Processing /usr/local/lib/python3.10/dist-packages/airflow/example_dags/example_xcomargs.py took 0.072 seconds
[2023-12-06T18:32:33.899+0000] {processor.py:157} INFO - Started process (PID=4336) to work on /usr/local/lib/python3.10/dist-packages/airflow/example_dags/example_xcomargs.py
[2023-12-06T18:32:33.904+0000] {processor.py:829} INFO - Processing file /usr/local/lib/python3.10/dist-packages/airflow/example_dags/example_xcomargs.py for tasks to queue
[2023-12-06T18:32:33.905+0000] {logging_mixin.py:154} INFO - [2023-12-06T18:32:33.904+0000] {dagbag.py:536} INFO - Filling up the DagBag from /usr/local/lib/python3.10/dist-packages/airflow/example_dags/example_xcomargs.py
[2023-12-06T18:32:33.914+0000] {processor.py:839} INFO - DAG(s) dict_keys(['example_xcom_args', 'example_xcom_args_with_operators']) retrieved from /usr/local/lib/python3.10/dist-packages/airflow/example_dags/example_xcomargs.py
[2023-12-06T18:32:33.935+0000] {logging_mixin.py:154} INFO - [2023-12-06T18:32:33.935+0000] {dag.py:2941} INFO - Sync 2 DAGs
[2023-12-06T18:32:33.947+0000] {logging_mixin.py:154} INFO - [2023-12-06T18:32:33.947+0000] {dag.py:3722} INFO - Setting next_dagrun for example_xcom_args to None, run_after=None
[2023-12-06T18:32:33.950+0000] {logging_mixin.py:154} INFO - [2023-12-06T18:32:33.950+0000] {dag.py:3722} INFO - Setting next_dagrun for example_xcom_args_with_operators to None, run_after=None
[2023-12-06T18:32:33.971+0000] {processor.py:179} INFO - Processing /usr/local/lib/python3.10/dist-packages/airflow/example_dags/example_xcomargs.py took 0.075 seconds
[2023-12-06T18:33:20.388+0000] {processor.py:157} INFO - Started process (PID=4384) to work on /usr/local/lib/python3.10/dist-packages/airflow/example_dags/example_xcomargs.py
[2023-12-06T18:33:20.390+0000] {processor.py:829} INFO - Processing file /usr/local/lib/python3.10/dist-packages/airflow/example_dags/example_xcomargs.py for tasks to queue
[2023-12-06T18:33:20.391+0000] {logging_mixin.py:154} INFO - [2023-12-06T18:33:20.390+0000] {dagbag.py:536} INFO - Filling up the DagBag from /usr/local/lib/python3.10/dist-packages/airflow/example_dags/example_xcomargs.py
[2023-12-06T18:33:20.400+0000] {processor.py:839} INFO - DAG(s) dict_keys(['example_xcom_args_with_operators', 'example_xcom_args']) retrieved from /usr/local/lib/python3.10/dist-packages/airflow/example_dags/example_xcomargs.py
[2023-12-06T18:33:20.421+0000] {logging_mixin.py:154} INFO - [2023-12-06T18:33:20.421+0000] {dag.py:2941} INFO - Sync 2 DAGs
[2023-12-06T18:33:20.434+0000] {logging_mixin.py:154} INFO - [2023-12-06T18:33:20.433+0000] {dag.py:3722} INFO - Setting next_dagrun for example_xcom_args to None, run_after=None
[2023-12-06T18:33:20.437+0000] {logging_mixin.py:154} INFO - [2023-12-06T18:33:20.437+0000] {dag.py:3722} INFO - Setting next_dagrun for example_xcom_args_with_operators to None, run_after=None
[2023-12-06T18:33:20.457+0000] {processor.py:179} INFO - Processing /usr/local/lib/python3.10/dist-packages/airflow/example_dags/example_xcomargs.py took 0.073 seconds
[2023-12-06T18:34:06.739+0000] {processor.py:157} INFO - Started process (PID=4431) to work on /usr/local/lib/python3.10/dist-packages/airflow/example_dags/example_xcomargs.py
[2023-12-06T18:34:06.740+0000] {processor.py:829} INFO - Processing file /usr/local/lib/python3.10/dist-packages/airflow/example_dags/example_xcomargs.py for tasks to queue
[2023-12-06T18:34:06.741+0000] {logging_mixin.py:154} INFO - [2023-12-06T18:34:06.741+0000] {dagbag.py:536} INFO - Filling up the DagBag from /usr/local/lib/python3.10/dist-packages/airflow/example_dags/example_xcomargs.py
[2023-12-06T18:34:06.751+0000] {processor.py:839} INFO - DAG(s) dict_keys(['example_xcom_args', 'example_xcom_args_with_operators']) retrieved from /usr/local/lib/python3.10/dist-packages/airflow/example_dags/example_xcomargs.py
[2023-12-06T18:34:06.773+0000] {logging_mixin.py:154} INFO - [2023-12-06T18:34:06.772+0000] {dag.py:2941} INFO - Sync 2 DAGs
[2023-12-06T18:34:06.786+0000] {logging_mixin.py:154} INFO - [2023-12-06T18:34:06.786+0000] {dag.py:3722} INFO - Setting next_dagrun for example_xcom_args to None, run_after=None
[2023-12-06T18:34:06.790+0000] {logging_mixin.py:154} INFO - [2023-12-06T18:34:06.789+0000] {dag.py:3722} INFO - Setting next_dagrun for example_xcom_args_with_operators to None, run_after=None
[2023-12-06T18:34:06.814+0000] {processor.py:179} INFO - Processing /usr/local/lib/python3.10/dist-packages/airflow/example_dags/example_xcomargs.py took 0.078 seconds
[2023-12-06T18:34:54.143+0000] {processor.py:157} INFO - Started process (PID=4479) to work on /usr/local/lib/python3.10/dist-packages/airflow/example_dags/example_xcomargs.py
[2023-12-06T18:34:54.144+0000] {processor.py:829} INFO - Processing file /usr/local/lib/python3.10/dist-packages/airflow/example_dags/example_xcomargs.py for tasks to queue
[2023-12-06T18:34:54.145+0000] {logging_mixin.py:154} INFO - [2023-12-06T18:34:54.145+0000] {dagbag.py:536} INFO - Filling up the DagBag from /usr/local/lib/python3.10/dist-packages/airflow/example_dags/example_xcomargs.py
[2023-12-06T18:34:54.154+0000] {processor.py:839} INFO - DAG(s) dict_keys(['example_xcom_args_with_operators', 'example_xcom_args']) retrieved from /usr/local/lib/python3.10/dist-packages/airflow/example_dags/example_xcomargs.py
[2023-12-06T18:34:54.174+0000] {logging_mixin.py:154} INFO - [2023-12-06T18:34:54.174+0000] {dag.py:2941} INFO - Sync 2 DAGs
[2023-12-06T18:34:54.186+0000] {logging_mixin.py:154} INFO - [2023-12-06T18:34:54.186+0000] {dag.py:3722} INFO - Setting next_dagrun for example_xcom_args to None, run_after=None
[2023-12-06T18:34:54.190+0000] {logging_mixin.py:154} INFO - [2023-12-06T18:34:54.189+0000] {dag.py:3722} INFO - Setting next_dagrun for example_xcom_args_with_operators to None, run_after=None
[2023-12-06T18:34:54.209+0000] {processor.py:179} INFO - Processing /usr/local/lib/python3.10/dist-packages/airflow/example_dags/example_xcomargs.py took 0.069 seconds
[2023-12-06T18:35:42.967+0000] {processor.py:157} INFO - Started process (PID=4529) to work on /usr/local/lib/python3.10/dist-packages/airflow/example_dags/example_xcomargs.py
[2023-12-06T18:35:42.968+0000] {processor.py:829} INFO - Processing file /usr/local/lib/python3.10/dist-packages/airflow/example_dags/example_xcomargs.py for tasks to queue
[2023-12-06T18:35:42.969+0000] {logging_mixin.py:154} INFO - [2023-12-06T18:35:42.969+0000] {dagbag.py:536} INFO - Filling up the DagBag from /usr/local/lib/python3.10/dist-packages/airflow/example_dags/example_xcomargs.py
[2023-12-06T18:35:42.979+0000] {processor.py:839} INFO - DAG(s) dict_keys(['example_xcom_args_with_operators', 'example_xcom_args']) retrieved from /usr/local/lib/python3.10/dist-packages/airflow/example_dags/example_xcomargs.py
[2023-12-06T18:35:42.998+0000] {logging_mixin.py:154} INFO - [2023-12-06T18:35:42.998+0000] {dag.py:2941} INFO - Sync 2 DAGs
[2023-12-06T18:35:43.011+0000] {logging_mixin.py:154} INFO - [2023-12-06T18:35:43.011+0000] {dag.py:3722} INFO - Setting next_dagrun for example_xcom_args to None, run_after=None
[2023-12-06T18:35:43.014+0000] {logging_mixin.py:154} INFO - [2023-12-06T18:35:43.014+0000] {dag.py:3722} INFO - Setting next_dagrun for example_xcom_args_with_operators to None, run_after=None
[2023-12-06T18:35:43.034+0000] {processor.py:179} INFO - Processing /usr/local/lib/python3.10/dist-packages/airflow/example_dags/example_xcomargs.py took 0.070 seconds
[2023-12-06T18:36:26.656+0000] {processor.py:157} INFO - Started process (PID=4575) to work on /usr/local/lib/python3.10/dist-packages/airflow/example_dags/example_xcomargs.py
[2023-12-06T18:36:26.657+0000] {processor.py:829} INFO - Processing file /usr/local/lib/python3.10/dist-packages/airflow/example_dags/example_xcomargs.py for tasks to queue
[2023-12-06T18:36:26.658+0000] {logging_mixin.py:154} INFO - [2023-12-06T18:36:26.658+0000] {dagbag.py:536} INFO - Filling up the DagBag from /usr/local/lib/python3.10/dist-packages/airflow/example_dags/example_xcomargs.py
[2023-12-06T18:36:26.667+0000] {processor.py:839} INFO - DAG(s) dict_keys(['example_xcom_args', 'example_xcom_args_with_operators']) retrieved from /usr/local/lib/python3.10/dist-packages/airflow/example_dags/example_xcomargs.py
[2023-12-06T18:36:26.687+0000] {logging_mixin.py:154} INFO - [2023-12-06T18:36:26.687+0000] {dag.py:2941} INFO - Sync 2 DAGs
[2023-12-06T18:36:26.699+0000] {logging_mixin.py:154} INFO - [2023-12-06T18:36:26.699+0000] {dag.py:3722} INFO - Setting next_dagrun for example_xcom_args to None, run_after=None
[2023-12-06T18:36:26.703+0000] {logging_mixin.py:154} INFO - [2023-12-06T18:36:26.703+0000] {dag.py:3722} INFO - Setting next_dagrun for example_xcom_args_with_operators to None, run_after=None
[2023-12-06T18:36:26.729+0000] {processor.py:179} INFO - Processing /usr/local/lib/python3.10/dist-packages/airflow/example_dags/example_xcomargs.py took 0.077 seconds
[2023-12-06T18:37:12.569+0000] {processor.py:157} INFO - Started process (PID=4622) to work on /usr/local/lib/python3.10/dist-packages/airflow/example_dags/example_xcomargs.py
[2023-12-06T18:37:12.570+0000] {processor.py:829} INFO - Processing file /usr/local/lib/python3.10/dist-packages/airflow/example_dags/example_xcomargs.py for tasks to queue
[2023-12-06T18:37:12.571+0000] {logging_mixin.py:154} INFO - [2023-12-06T18:37:12.571+0000] {dagbag.py:536} INFO - Filling up the DagBag from /usr/local/lib/python3.10/dist-packages/airflow/example_dags/example_xcomargs.py
[2023-12-06T18:37:12.581+0000] {processor.py:839} INFO - DAG(s) dict_keys(['example_xcom_args', 'example_xcom_args_with_operators']) retrieved from /usr/local/lib/python3.10/dist-packages/airflow/example_dags/example_xcomargs.py
[2023-12-06T18:37:12.601+0000] {logging_mixin.py:154} INFO - [2023-12-06T18:37:12.601+0000] {dag.py:2941} INFO - Sync 2 DAGs
[2023-12-06T18:37:12.613+0000] {logging_mixin.py:154} INFO - [2023-12-06T18:37:12.613+0000] {dag.py:3722} INFO - Setting next_dagrun for example_xcom_args to None, run_after=None
[2023-12-06T18:37:12.617+0000] {logging_mixin.py:154} INFO - [2023-12-06T18:37:12.616+0000] {dag.py:3722} INFO - Setting next_dagrun for example_xcom_args_with_operators to None, run_after=None
[2023-12-06T18:37:12.638+0000] {processor.py:179} INFO - Processing /usr/local/lib/python3.10/dist-packages/airflow/example_dags/example_xcomargs.py took 0.073 seconds
[2023-12-06T18:37:58.952+0000] {processor.py:157} INFO - Started process (PID=4670) to work on /usr/local/lib/python3.10/dist-packages/airflow/example_dags/example_xcomargs.py
[2023-12-06T18:37:58.953+0000] {processor.py:829} INFO - Processing file /usr/local/lib/python3.10/dist-packages/airflow/example_dags/example_xcomargs.py for tasks to queue
[2023-12-06T18:37:58.954+0000] {logging_mixin.py:154} INFO - [2023-12-06T18:37:58.953+0000] {dagbag.py:536} INFO - Filling up the DagBag from /usr/local/lib/python3.10/dist-packages/airflow/example_dags/example_xcomargs.py
[2023-12-06T18:37:58.963+0000] {processor.py:839} INFO - DAG(s) dict_keys(['example_xcom_args_with_operators', 'example_xcom_args']) retrieved from /usr/local/lib/python3.10/dist-packages/airflow/example_dags/example_xcomargs.py
[2023-12-06T18:37:58.984+0000] {logging_mixin.py:154} INFO - [2023-12-06T18:37:58.983+0000] {dag.py:2941} INFO - Sync 2 DAGs
[2023-12-06T18:37:58.996+0000] {logging_mixin.py:154} INFO - [2023-12-06T18:37:58.996+0000] {dag.py:3722} INFO - Setting next_dagrun for example_xcom_args to None, run_after=None
[2023-12-06T18:37:58.999+0000] {logging_mixin.py:154} INFO - [2023-12-06T18:37:58.999+0000] {dag.py:3722} INFO - Setting next_dagrun for example_xcom_args_with_operators to None, run_after=None
[2023-12-06T18:37:59.020+0000] {processor.py:179} INFO - Processing /usr/local/lib/python3.10/dist-packages/airflow/example_dags/example_xcomargs.py took 0.072 seconds
[2023-12-06T18:38:46.841+0000] {processor.py:157} INFO - Started process (PID=4718) to work on /usr/local/lib/python3.10/dist-packages/airflow/example_dags/example_xcomargs.py
[2023-12-06T18:38:46.842+0000] {processor.py:829} INFO - Processing file /usr/local/lib/python3.10/dist-packages/airflow/example_dags/example_xcomargs.py for tasks to queue
[2023-12-06T18:38:46.843+0000] {logging_mixin.py:154} INFO - [2023-12-06T18:38:46.843+0000] {dagbag.py:536} INFO - Filling up the DagBag from /usr/local/lib/python3.10/dist-packages/airflow/example_dags/example_xcomargs.py
[2023-12-06T18:38:46.853+0000] {processor.py:839} INFO - DAG(s) dict_keys(['example_xcom_args', 'example_xcom_args_with_operators']) retrieved from /usr/local/lib/python3.10/dist-packages/airflow/example_dags/example_xcomargs.py
[2023-12-06T18:38:46.873+0000] {logging_mixin.py:154} INFO - [2023-12-06T18:38:46.872+0000] {dag.py:2941} INFO - Sync 2 DAGs
[2023-12-06T18:38:46.885+0000] {logging_mixin.py:154} INFO - [2023-12-06T18:38:46.885+0000] {dag.py:3722} INFO - Setting next_dagrun for example_xcom_args to None, run_after=None
[2023-12-06T18:38:46.888+0000] {logging_mixin.py:154} INFO - [2023-12-06T18:38:46.888+0000] {dag.py:3722} INFO - Setting next_dagrun for example_xcom_args_with_operators to None, run_after=None
[2023-12-06T18:38:46.908+0000] {processor.py:179} INFO - Processing /usr/local/lib/python3.10/dist-packages/airflow/example_dags/example_xcomargs.py took 0.070 seconds
[2023-12-06T18:39:35.427+0000] {processor.py:157} INFO - Started process (PID=4766) to work on /usr/local/lib/python3.10/dist-packages/airflow/example_dags/example_xcomargs.py
[2023-12-06T18:39:35.429+0000] {processor.py:829} INFO - Processing file /usr/local/lib/python3.10/dist-packages/airflow/example_dags/example_xcomargs.py for tasks to queue
[2023-12-06T18:39:35.430+0000] {logging_mixin.py:154} INFO - [2023-12-06T18:39:35.429+0000] {dagbag.py:536} INFO - Filling up the DagBag from /usr/local/lib/python3.10/dist-packages/airflow/example_dags/example_xcomargs.py
[2023-12-06T18:39:35.439+0000] {processor.py:839} INFO - DAG(s) dict_keys(['example_xcom_args_with_operators', 'example_xcom_args']) retrieved from /usr/local/lib/python3.10/dist-packages/airflow/example_dags/example_xcomargs.py
[2023-12-06T18:39:35.460+0000] {logging_mixin.py:154} INFO - [2023-12-06T18:39:35.460+0000] {dag.py:2941} INFO - Sync 2 DAGs
[2023-12-06T18:39:35.473+0000] {logging_mixin.py:154} INFO - [2023-12-06T18:39:35.473+0000] {dag.py:3722} INFO - Setting next_dagrun for example_xcom_args to None, run_after=None
[2023-12-06T18:39:35.476+0000] {logging_mixin.py:154} INFO - [2023-12-06T18:39:35.476+0000] {dag.py:3722} INFO - Setting next_dagrun for example_xcom_args_with_operators to None, run_after=None
[2023-12-06T18:39:35.497+0000] {processor.py:179} INFO - Processing /usr/local/lib/python3.10/dist-packages/airflow/example_dags/example_xcomargs.py took 0.073 seconds
[2023-12-06T18:40:24.139+0000] {processor.py:157} INFO - Started process (PID=4816) to work on /usr/local/lib/python3.10/dist-packages/airflow/example_dags/example_xcomargs.py
[2023-12-06T18:40:24.141+0000] {processor.py:829} INFO - Processing file /usr/local/lib/python3.10/dist-packages/airflow/example_dags/example_xcomargs.py for tasks to queue
[2023-12-06T18:40:24.142+0000] {logging_mixin.py:154} INFO - [2023-12-06T18:40:24.141+0000] {dagbag.py:536} INFO - Filling up the DagBag from /usr/local/lib/python3.10/dist-packages/airflow/example_dags/example_xcomargs.py
[2023-12-06T18:40:24.152+0000] {processor.py:839} INFO - DAG(s) dict_keys(['example_xcom_args', 'example_xcom_args_with_operators']) retrieved from /usr/local/lib/python3.10/dist-packages/airflow/example_dags/example_xcomargs.py
[2023-12-06T18:40:24.172+0000] {logging_mixin.py:154} INFO - [2023-12-06T18:40:24.172+0000] {dag.py:2941} INFO - Sync 2 DAGs
[2023-12-06T18:40:24.185+0000] {logging_mixin.py:154} INFO - [2023-12-06T18:40:24.184+0000] {dag.py:3722} INFO - Setting next_dagrun for example_xcom_args to None, run_after=None
[2023-12-06T18:40:24.188+0000] {logging_mixin.py:154} INFO - [2023-12-06T18:40:24.188+0000] {dag.py:3722} INFO - Setting next_dagrun for example_xcom_args_with_operators to None, run_after=None
[2023-12-06T18:40:24.210+0000] {processor.py:179} INFO - Processing /usr/local/lib/python3.10/dist-packages/airflow/example_dags/example_xcomargs.py took 0.074 seconds
[2023-12-06T18:40:59.580+0000] {processor.py:157} INFO - Started process (PID=4851) to work on /usr/local/lib/python3.10/dist-packages/airflow/example_dags/example_xcomargs.py
[2023-12-06T18:40:59.582+0000] {processor.py:829} INFO - Processing file /usr/local/lib/python3.10/dist-packages/airflow/example_dags/example_xcomargs.py for tasks to queue
[2023-12-06T18:40:59.583+0000] {logging_mixin.py:154} INFO - [2023-12-06T18:40:59.582+0000] {dagbag.py:536} INFO - Filling up the DagBag from /usr/local/lib/python3.10/dist-packages/airflow/example_dags/example_xcomargs.py
[2023-12-06T18:40:59.592+0000] {processor.py:839} INFO - DAG(s) dict_keys(['example_xcom_args_with_operators', 'example_xcom_args']) retrieved from /usr/local/lib/python3.10/dist-packages/airflow/example_dags/example_xcomargs.py
[2023-12-06T18:40:59.612+0000] {logging_mixin.py:154} INFO - [2023-12-06T18:40:59.612+0000] {dag.py:2941} INFO - Sync 2 DAGs
[2023-12-06T18:40:59.624+0000] {logging_mixin.py:154} INFO - [2023-12-06T18:40:59.624+0000] {dag.py:3722} INFO - Setting next_dagrun for example_xcom_args to None, run_after=None
[2023-12-06T18:40:59.628+0000] {logging_mixin.py:154} INFO - [2023-12-06T18:40:59.628+0000] {dag.py:3722} INFO - Setting next_dagrun for example_xcom_args_with_operators to None, run_after=None
[2023-12-06T18:40:59.649+0000] {processor.py:179} INFO - Processing /usr/local/lib/python3.10/dist-packages/airflow/example_dags/example_xcomargs.py took 0.072 seconds
[2023-12-06T18:41:47.261+0000] {processor.py:157} INFO - Started process (PID=4900) to work on /usr/local/lib/python3.10/dist-packages/airflow/example_dags/example_xcomargs.py
[2023-12-06T18:41:47.263+0000] {processor.py:829} INFO - Processing file /usr/local/lib/python3.10/dist-packages/airflow/example_dags/example_xcomargs.py for tasks to queue
[2023-12-06T18:41:47.263+0000] {logging_mixin.py:154} INFO - [2023-12-06T18:41:47.263+0000] {dagbag.py:536} INFO - Filling up the DagBag from /usr/local/lib/python3.10/dist-packages/airflow/example_dags/example_xcomargs.py
[2023-12-06T18:41:47.273+0000] {processor.py:839} INFO - DAG(s) dict_keys(['example_xcom_args', 'example_xcom_args_with_operators']) retrieved from /usr/local/lib/python3.10/dist-packages/airflow/example_dags/example_xcomargs.py
[2023-12-06T18:41:47.293+0000] {logging_mixin.py:154} INFO - [2023-12-06T18:41:47.293+0000] {dag.py:2941} INFO - Sync 2 DAGs
[2023-12-06T18:41:47.312+0000] {logging_mixin.py:154} INFO - [2023-12-06T18:41:47.311+0000] {dag.py:3722} INFO - Setting next_dagrun for example_xcom_args to None, run_after=None
[2023-12-06T18:41:47.315+0000] {logging_mixin.py:154} INFO - [2023-12-06T18:41:47.315+0000] {dag.py:3722} INFO - Setting next_dagrun for example_xcom_args_with_operators to None, run_after=None
[2023-12-06T18:41:47.335+0000] {processor.py:179} INFO - Processing /usr/local/lib/python3.10/dist-packages/airflow/example_dags/example_xcomargs.py took 0.078 seconds
[2023-12-06T18:42:33.345+0000] {processor.py:157} INFO - Started process (PID=4946) to work on /usr/local/lib/python3.10/dist-packages/airflow/example_dags/example_xcomargs.py
[2023-12-06T18:42:33.346+0000] {processor.py:829} INFO - Processing file /usr/local/lib/python3.10/dist-packages/airflow/example_dags/example_xcomargs.py for tasks to queue
[2023-12-06T18:42:33.347+0000] {logging_mixin.py:154} INFO - [2023-12-06T18:42:33.347+0000] {dagbag.py:536} INFO - Filling up the DagBag from /usr/local/lib/python3.10/dist-packages/airflow/example_dags/example_xcomargs.py
[2023-12-06T18:42:33.356+0000] {processor.py:839} INFO - DAG(s) dict_keys(['example_xcom_args', 'example_xcom_args_with_operators']) retrieved from /usr/local/lib/python3.10/dist-packages/airflow/example_dags/example_xcomargs.py
[2023-12-06T18:42:33.377+0000] {logging_mixin.py:154} INFO - [2023-12-06T18:42:33.377+0000] {dag.py:2941} INFO - Sync 2 DAGs
[2023-12-06T18:42:33.390+0000] {logging_mixin.py:154} INFO - [2023-12-06T18:42:33.389+0000] {dag.py:3722} INFO - Setting next_dagrun for example_xcom_args to None, run_after=None
[2023-12-06T18:42:33.393+0000] {logging_mixin.py:154} INFO - [2023-12-06T18:42:33.392+0000] {dag.py:3722} INFO - Setting next_dagrun for example_xcom_args_with_operators to None, run_after=None
[2023-12-06T18:42:33.415+0000] {processor.py:179} INFO - Processing /usr/local/lib/python3.10/dist-packages/airflow/example_dags/example_xcomargs.py took 0.074 seconds
[2023-12-06T18:43:26.026+0000] {processor.py:157} INFO - Started process (PID=4998) to work on /usr/local/lib/python3.10/dist-packages/airflow/example_dags/example_xcomargs.py
[2023-12-06T18:43:26.028+0000] {processor.py:829} INFO - Processing file /usr/local/lib/python3.10/dist-packages/airflow/example_dags/example_xcomargs.py for tasks to queue
[2023-12-06T18:43:26.029+0000] {logging_mixin.py:154} INFO - [2023-12-06T18:43:26.028+0000] {dagbag.py:536} INFO - Filling up the DagBag from /usr/local/lib/python3.10/dist-packages/airflow/example_dags/example_xcomargs.py
[2023-12-06T18:43:26.044+0000] {processor.py:839} INFO - DAG(s) dict_keys(['example_xcom_args', 'example_xcom_args_with_operators']) retrieved from /usr/local/lib/python3.10/dist-packages/airflow/example_dags/example_xcomargs.py
[2023-12-06T18:43:26.064+0000] {logging_mixin.py:154} INFO - [2023-12-06T18:43:26.064+0000] {dag.py:2941} INFO - Sync 2 DAGs
[2023-12-06T18:43:26.076+0000] {logging_mixin.py:154} INFO - [2023-12-06T18:43:26.076+0000] {dag.py:3722} INFO - Setting next_dagrun for example_xcom_args to None, run_after=None
[2023-12-06T18:43:26.079+0000] {logging_mixin.py:154} INFO - [2023-12-06T18:43:26.079+0000] {dag.py:3722} INFO - Setting next_dagrun for example_xcom_args_with_operators to None, run_after=None
[2023-12-06T18:43:26.101+0000] {processor.py:179} INFO - Processing /usr/local/lib/python3.10/dist-packages/airflow/example_dags/example_xcomargs.py took 0.078 seconds
[2023-12-06T18:44:15.368+0000] {processor.py:157} INFO - Started process (PID=5048) to work on /usr/local/lib/python3.10/dist-packages/airflow/example_dags/example_xcomargs.py
[2023-12-06T18:44:15.370+0000] {processor.py:829} INFO - Processing file /usr/local/lib/python3.10/dist-packages/airflow/example_dags/example_xcomargs.py for tasks to queue
[2023-12-06T18:44:15.371+0000] {logging_mixin.py:154} INFO - [2023-12-06T18:44:15.370+0000] {dagbag.py:536} INFO - Filling up the DagBag from /usr/local/lib/python3.10/dist-packages/airflow/example_dags/example_xcomargs.py
[2023-12-06T18:44:15.380+0000] {processor.py:839} INFO - DAG(s) dict_keys(['example_xcom_args', 'example_xcom_args_with_operators']) retrieved from /usr/local/lib/python3.10/dist-packages/airflow/example_dags/example_xcomargs.py
[2023-12-06T18:44:15.406+0000] {logging_mixin.py:154} INFO - [2023-12-06T18:44:15.406+0000] {dag.py:2941} INFO - Sync 2 DAGs
[2023-12-06T18:44:15.419+0000] {logging_mixin.py:154} INFO - [2023-12-06T18:44:15.418+0000] {dag.py:3722} INFO - Setting next_dagrun for example_xcom_args to None, run_after=None
[2023-12-06T18:44:15.422+0000] {logging_mixin.py:154} INFO - [2023-12-06T18:44:15.422+0000] {dag.py:3722} INFO - Setting next_dagrun for example_xcom_args_with_operators to None, run_after=None
[2023-12-06T18:44:15.454+0000] {processor.py:179} INFO - Processing /usr/local/lib/python3.10/dist-packages/airflow/example_dags/example_xcomargs.py took 0.090 seconds
[2023-12-06T18:45:03.330+0000] {processor.py:157} INFO - Started process (PID=5096) to work on /usr/local/lib/python3.10/dist-packages/airflow/example_dags/example_xcomargs.py
[2023-12-06T18:45:03.331+0000] {processor.py:829} INFO - Processing file /usr/local/lib/python3.10/dist-packages/airflow/example_dags/example_xcomargs.py for tasks to queue
[2023-12-06T18:45:03.332+0000] {logging_mixin.py:154} INFO - [2023-12-06T18:45:03.332+0000] {dagbag.py:536} INFO - Filling up the DagBag from /usr/local/lib/python3.10/dist-packages/airflow/example_dags/example_xcomargs.py
[2023-12-06T18:45:03.342+0000] {processor.py:839} INFO - DAG(s) dict_keys(['example_xcom_args', 'example_xcom_args_with_operators']) retrieved from /usr/local/lib/python3.10/dist-packages/airflow/example_dags/example_xcomargs.py
[2023-12-06T18:45:03.364+0000] {logging_mixin.py:154} INFO - [2023-12-06T18:45:03.363+0000] {dag.py:2941} INFO - Sync 2 DAGs
[2023-12-06T18:45:03.377+0000] {logging_mixin.py:154} INFO - [2023-12-06T18:45:03.377+0000] {dag.py:3722} INFO - Setting next_dagrun for example_xcom_args to None, run_after=None
[2023-12-06T18:45:03.380+0000] {logging_mixin.py:154} INFO - [2023-12-06T18:45:03.380+0000] {dag.py:3722} INFO - Setting next_dagrun for example_xcom_args_with_operators to None, run_after=None
[2023-12-06T18:45:03.405+0000] {processor.py:179} INFO - Processing /usr/local/lib/python3.10/dist-packages/airflow/example_dags/example_xcomargs.py took 0.079 seconds
[2023-12-06T18:45:46.997+0000] {processor.py:157} INFO - Started process (PID=5143) to work on /usr/local/lib/python3.10/dist-packages/airflow/example_dags/example_xcomargs.py
[2023-12-06T18:45:46.998+0000] {processor.py:829} INFO - Processing file /usr/local/lib/python3.10/dist-packages/airflow/example_dags/example_xcomargs.py for tasks to queue
[2023-12-06T18:45:46.999+0000] {logging_mixin.py:154} INFO - [2023-12-06T18:45:46.999+0000] {dagbag.py:536} INFO - Filling up the DagBag from /usr/local/lib/python3.10/dist-packages/airflow/example_dags/example_xcomargs.py
[2023-12-06T18:45:47.009+0000] {processor.py:839} INFO - DAG(s) dict_keys(['example_xcom_args', 'example_xcom_args_with_operators']) retrieved from /usr/local/lib/python3.10/dist-packages/airflow/example_dags/example_xcomargs.py
[2023-12-06T18:45:47.029+0000] {logging_mixin.py:154} INFO - [2023-12-06T18:45:47.029+0000] {dag.py:2941} INFO - Sync 2 DAGs
[2023-12-06T18:45:47.046+0000] {logging_mixin.py:154} INFO - [2023-12-06T18:45:47.045+0000] {dag.py:3722} INFO - Setting next_dagrun for example_xcom_args to None, run_after=None
[2023-12-06T18:45:47.049+0000] {logging_mixin.py:154} INFO - [2023-12-06T18:45:47.049+0000] {dag.py:3722} INFO - Setting next_dagrun for example_xcom_args_with_operators to None, run_after=None
[2023-12-06T18:45:47.072+0000] {processor.py:179} INFO - Processing /usr/local/lib/python3.10/dist-packages/airflow/example_dags/example_xcomargs.py took 0.079 seconds
[2023-12-06T18:46:31.263+0000] {processor.py:157} INFO - Started process (PID=5189) to work on /usr/local/lib/python3.10/dist-packages/airflow/example_dags/example_xcomargs.py
[2023-12-06T18:46:31.265+0000] {processor.py:829} INFO - Processing file /usr/local/lib/python3.10/dist-packages/airflow/example_dags/example_xcomargs.py for tasks to queue
[2023-12-06T18:46:31.266+0000] {logging_mixin.py:154} INFO - [2023-12-06T18:46:31.265+0000] {dagbag.py:536} INFO - Filling up the DagBag from /usr/local/lib/python3.10/dist-packages/airflow/example_dags/example_xcomargs.py
[2023-12-06T18:46:31.275+0000] {processor.py:839} INFO - DAG(s) dict_keys(['example_xcom_args', 'example_xcom_args_with_operators']) retrieved from /usr/local/lib/python3.10/dist-packages/airflow/example_dags/example_xcomargs.py
[2023-12-06T18:46:31.296+0000] {logging_mixin.py:154} INFO - [2023-12-06T18:46:31.296+0000] {dag.py:2941} INFO - Sync 2 DAGs
[2023-12-06T18:46:31.308+0000] {logging_mixin.py:154} INFO - [2023-12-06T18:46:31.308+0000] {dag.py:3722} INFO - Setting next_dagrun for example_xcom_args to None, run_after=None
[2023-12-06T18:46:31.311+0000] {logging_mixin.py:154} INFO - [2023-12-06T18:46:31.311+0000] {dag.py:3722} INFO - Setting next_dagrun for example_xcom_args_with_operators to None, run_after=None
[2023-12-06T18:46:31.333+0000] {processor.py:179} INFO - Processing /usr/local/lib/python3.10/dist-packages/airflow/example_dags/example_xcomargs.py took 0.073 seconds
[2023-12-06T18:47:18.069+0000] {processor.py:157} INFO - Started process (PID=5238) to work on /usr/local/lib/python3.10/dist-packages/airflow/example_dags/example_xcomargs.py
[2023-12-06T18:47:18.070+0000] {processor.py:829} INFO - Processing file /usr/local/lib/python3.10/dist-packages/airflow/example_dags/example_xcomargs.py for tasks to queue
[2023-12-06T18:47:18.071+0000] {logging_mixin.py:154} INFO - [2023-12-06T18:47:18.070+0000] {dagbag.py:536} INFO - Filling up the DagBag from /usr/local/lib/python3.10/dist-packages/airflow/example_dags/example_xcomargs.py
[2023-12-06T18:47:18.080+0000] {processor.py:839} INFO - DAG(s) dict_keys(['example_xcom_args_with_operators', 'example_xcom_args']) retrieved from /usr/local/lib/python3.10/dist-packages/airflow/example_dags/example_xcomargs.py
[2023-12-06T18:47:18.100+0000] {logging_mixin.py:154} INFO - [2023-12-06T18:47:18.100+0000] {dag.py:2941} INFO - Sync 2 DAGs
[2023-12-06T18:47:18.112+0000] {logging_mixin.py:154} INFO - [2023-12-06T18:47:18.112+0000] {dag.py:3722} INFO - Setting next_dagrun for example_xcom_args to None, run_after=None
[2023-12-06T18:47:18.115+0000] {logging_mixin.py:154} INFO - [2023-12-06T18:47:18.115+0000] {dag.py:3722} INFO - Setting next_dagrun for example_xcom_args_with_operators to None, run_after=None
[2023-12-06T18:47:18.135+0000] {processor.py:179} INFO - Processing /usr/local/lib/python3.10/dist-packages/airflow/example_dags/example_xcomargs.py took 0.070 seconds
[2023-12-06T18:47:52.981+0000] {processor.py:157} INFO - Started process (PID=5275) to work on /usr/local/lib/python3.10/dist-packages/airflow/example_dags/example_xcomargs.py
[2023-12-06T18:47:52.982+0000] {processor.py:829} INFO - Processing file /usr/local/lib/python3.10/dist-packages/airflow/example_dags/example_xcomargs.py for tasks to queue
[2023-12-06T18:47:52.983+0000] {logging_mixin.py:154} INFO - [2023-12-06T18:47:52.983+0000] {dagbag.py:536} INFO - Filling up the DagBag from /usr/local/lib/python3.10/dist-packages/airflow/example_dags/example_xcomargs.py
[2023-12-06T18:47:52.992+0000] {processor.py:839} INFO - DAG(s) dict_keys(['example_xcom_args_with_operators', 'example_xcom_args']) retrieved from /usr/local/lib/python3.10/dist-packages/airflow/example_dags/example_xcomargs.py
[2023-12-06T18:47:53.013+0000] {logging_mixin.py:154} INFO - [2023-12-06T18:47:53.013+0000] {dag.py:2941} INFO - Sync 2 DAGs
[2023-12-06T18:47:53.025+0000] {logging_mixin.py:154} INFO - [2023-12-06T18:47:53.025+0000] {dag.py:3722} INFO - Setting next_dagrun for example_xcom_args to None, run_after=None
[2023-12-06T18:47:53.028+0000] {logging_mixin.py:154} INFO - [2023-12-06T18:47:53.028+0000] {dag.py:3722} INFO - Setting next_dagrun for example_xcom_args_with_operators to None, run_after=None
[2023-12-06T18:47:53.050+0000] {processor.py:179} INFO - Processing /usr/local/lib/python3.10/dist-packages/airflow/example_dags/example_xcomargs.py took 0.073 seconds
[2023-12-06T18:48:44.194+0000] {processor.py:157} INFO - Started process (PID=5325) to work on /usr/local/lib/python3.10/dist-packages/airflow/example_dags/example_xcomargs.py
[2023-12-06T18:48:44.196+0000] {processor.py:829} INFO - Processing file /usr/local/lib/python3.10/dist-packages/airflow/example_dags/example_xcomargs.py for tasks to queue
[2023-12-06T18:48:44.197+0000] {logging_mixin.py:154} INFO - [2023-12-06T18:48:44.197+0000] {dagbag.py:536} INFO - Filling up the DagBag from /usr/local/lib/python3.10/dist-packages/airflow/example_dags/example_xcomargs.py
[2023-12-06T18:48:44.207+0000] {processor.py:839} INFO - DAG(s) dict_keys(['example_xcom_args_with_operators', 'example_xcom_args']) retrieved from /usr/local/lib/python3.10/dist-packages/airflow/example_dags/example_xcomargs.py
[2023-12-06T18:48:44.227+0000] {logging_mixin.py:154} INFO - [2023-12-06T18:48:44.227+0000] {dag.py:2941} INFO - Sync 2 DAGs
[2023-12-06T18:48:44.240+0000] {logging_mixin.py:154} INFO - [2023-12-06T18:48:44.240+0000] {dag.py:3722} INFO - Setting next_dagrun for example_xcom_args to None, run_after=None
[2023-12-06T18:48:44.243+0000] {logging_mixin.py:154} INFO - [2023-12-06T18:48:44.243+0000] {dag.py:3722} INFO - Setting next_dagrun for example_xcom_args_with_operators to None, run_after=None
[2023-12-06T18:48:44.267+0000] {processor.py:179} INFO - Processing /usr/local/lib/python3.10/dist-packages/airflow/example_dags/example_xcomargs.py took 0.076 seconds
[2023-12-06T18:49:29.620+0000] {processor.py:157} INFO - Started process (PID=5372) to work on /usr/local/lib/python3.10/dist-packages/airflow/example_dags/example_xcomargs.py
[2023-12-06T18:49:29.621+0000] {processor.py:829} INFO - Processing file /usr/local/lib/python3.10/dist-packages/airflow/example_dags/example_xcomargs.py for tasks to queue
[2023-12-06T18:49:29.622+0000] {logging_mixin.py:154} INFO - [2023-12-06T18:49:29.622+0000] {dagbag.py:536} INFO - Filling up the DagBag from /usr/local/lib/python3.10/dist-packages/airflow/example_dags/example_xcomargs.py
[2023-12-06T18:49:29.637+0000] {processor.py:839} INFO - DAG(s) dict_keys(['example_xcom_args', 'example_xcom_args_with_operators']) retrieved from /usr/local/lib/python3.10/dist-packages/airflow/example_dags/example_xcomargs.py
[2023-12-06T18:49:29.658+0000] {logging_mixin.py:154} INFO - [2023-12-06T18:49:29.657+0000] {dag.py:2941} INFO - Sync 2 DAGs
[2023-12-06T18:49:29.670+0000] {logging_mixin.py:154} INFO - [2023-12-06T18:49:29.670+0000] {dag.py:3722} INFO - Setting next_dagrun for example_xcom_args to None, run_after=None
[2023-12-06T18:49:29.673+0000] {logging_mixin.py:154} INFO - [2023-12-06T18:49:29.673+0000] {dag.py:3722} INFO - Setting next_dagrun for example_xcom_args_with_operators to None, run_after=None
[2023-12-06T18:49:29.698+0000] {processor.py:179} INFO - Processing /usr/local/lib/python3.10/dist-packages/airflow/example_dags/example_xcomargs.py took 0.082 seconds
[2023-12-06T18:50:09.810+0000] {processor.py:157} INFO - Started process (PID=5416) to work on /usr/local/lib/python3.10/dist-packages/airflow/example_dags/example_xcomargs.py
[2023-12-06T18:50:09.811+0000] {processor.py:829} INFO - Processing file /usr/local/lib/python3.10/dist-packages/airflow/example_dags/example_xcomargs.py for tasks to queue
[2023-12-06T18:50:09.812+0000] {logging_mixin.py:154} INFO - [2023-12-06T18:50:09.812+0000] {dagbag.py:536} INFO - Filling up the DagBag from /usr/local/lib/python3.10/dist-packages/airflow/example_dags/example_xcomargs.py
[2023-12-06T18:50:09.822+0000] {processor.py:839} INFO - DAG(s) dict_keys(['example_xcom_args', 'example_xcom_args_with_operators']) retrieved from /usr/local/lib/python3.10/dist-packages/airflow/example_dags/example_xcomargs.py
[2023-12-06T18:50:09.842+0000] {logging_mixin.py:154} INFO - [2023-12-06T18:50:09.842+0000] {dag.py:2941} INFO - Sync 2 DAGs
[2023-12-06T18:50:09.854+0000] {logging_mixin.py:154} INFO - [2023-12-06T18:50:09.854+0000] {dag.py:3722} INFO - Setting next_dagrun for example_xcom_args to None, run_after=None
[2023-12-06T18:50:09.857+0000] {logging_mixin.py:154} INFO - [2023-12-06T18:50:09.857+0000] {dag.py:3722} INFO - Setting next_dagrun for example_xcom_args_with_operators to None, run_after=None
[2023-12-06T18:50:09.878+0000] {processor.py:179} INFO - Processing /usr/local/lib/python3.10/dist-packages/airflow/example_dags/example_xcomargs.py took 0.072 seconds
[2023-12-06T18:50:54.314+0000] {processor.py:157} INFO - Started process (PID=5465) to work on /usr/local/lib/python3.10/dist-packages/airflow/example_dags/example_xcomargs.py
[2023-12-06T18:50:54.315+0000] {processor.py:829} INFO - Processing file /usr/local/lib/python3.10/dist-packages/airflow/example_dags/example_xcomargs.py for tasks to queue
[2023-12-06T18:50:54.316+0000] {logging_mixin.py:154} INFO - [2023-12-06T18:50:54.316+0000] {dagbag.py:536} INFO - Filling up the DagBag from /usr/local/lib/python3.10/dist-packages/airflow/example_dags/example_xcomargs.py
[2023-12-06T18:50:54.326+0000] {processor.py:839} INFO - DAG(s) dict_keys(['example_xcom_args_with_operators', 'example_xcom_args']) retrieved from /usr/local/lib/python3.10/dist-packages/airflow/example_dags/example_xcomargs.py
[2023-12-06T18:50:54.346+0000] {logging_mixin.py:154} INFO - [2023-12-06T18:50:54.346+0000] {dag.py:2941} INFO - Sync 2 DAGs
[2023-12-06T18:50:54.359+0000] {logging_mixin.py:154} INFO - [2023-12-06T18:50:54.359+0000] {dag.py:3722} INFO - Setting next_dagrun for example_xcom_args to None, run_after=None
[2023-12-06T18:50:54.362+0000] {logging_mixin.py:154} INFO - [2023-12-06T18:50:54.362+0000] {dag.py:3722} INFO - Setting next_dagrun for example_xcom_args_with_operators to None, run_after=None
[2023-12-06T18:50:54.383+0000] {processor.py:179} INFO - Processing /usr/local/lib/python3.10/dist-packages/airflow/example_dags/example_xcomargs.py took 0.072 seconds
[2023-12-06T18:51:36.964+0000] {processor.py:157} INFO - Started process (PID=5510) to work on /usr/local/lib/python3.10/dist-packages/airflow/example_dags/example_xcomargs.py
[2023-12-06T18:51:36.966+0000] {processor.py:829} INFO - Processing file /usr/local/lib/python3.10/dist-packages/airflow/example_dags/example_xcomargs.py for tasks to queue
[2023-12-06T18:51:36.966+0000] {logging_mixin.py:154} INFO - [2023-12-06T18:51:36.966+0000] {dagbag.py:536} INFO - Filling up the DagBag from /usr/local/lib/python3.10/dist-packages/airflow/example_dags/example_xcomargs.py
[2023-12-06T18:51:36.976+0000] {processor.py:839} INFO - DAG(s) dict_keys(['example_xcom_args_with_operators', 'example_xcom_args']) retrieved from /usr/local/lib/python3.10/dist-packages/airflow/example_dags/example_xcomargs.py
[2023-12-06T18:51:36.996+0000] {logging_mixin.py:154} INFO - [2023-12-06T18:51:36.996+0000] {dag.py:2941} INFO - Sync 2 DAGs
[2023-12-06T18:51:37.009+0000] {logging_mixin.py:154} INFO - [2023-12-06T18:51:37.008+0000] {dag.py:3722} INFO - Setting next_dagrun for example_xcom_args to None, run_after=None
[2023-12-06T18:51:37.012+0000] {logging_mixin.py:154} INFO - [2023-12-06T18:51:37.011+0000] {dag.py:3722} INFO - Setting next_dagrun for example_xcom_args_with_operators to None, run_after=None
[2023-12-06T18:51:37.033+0000] {processor.py:179} INFO - Processing /usr/local/lib/python3.10/dist-packages/airflow/example_dags/example_xcomargs.py took 0.072 seconds
[2023-12-06T18:52:22.946+0000] {processor.py:157} INFO - Started process (PID=5557) to work on /usr/local/lib/python3.10/dist-packages/airflow/example_dags/example_xcomargs.py
[2023-12-06T18:52:22.947+0000] {processor.py:829} INFO - Processing file /usr/local/lib/python3.10/dist-packages/airflow/example_dags/example_xcomargs.py for tasks to queue
[2023-12-06T18:52:22.948+0000] {logging_mixin.py:154} INFO - [2023-12-06T18:52:22.947+0000] {dagbag.py:536} INFO - Filling up the DagBag from /usr/local/lib/python3.10/dist-packages/airflow/example_dags/example_xcomargs.py
[2023-12-06T18:52:22.963+0000] {processor.py:839} INFO - DAG(s) dict_keys(['example_xcom_args', 'example_xcom_args_with_operators']) retrieved from /usr/local/lib/python3.10/dist-packages/airflow/example_dags/example_xcomargs.py
[2023-12-06T18:52:22.988+0000] {logging_mixin.py:154} INFO - [2023-12-06T18:52:22.988+0000] {dag.py:2941} INFO - Sync 2 DAGs
[2023-12-06T18:52:23.001+0000] {logging_mixin.py:154} INFO - [2023-12-06T18:52:23.001+0000] {dag.py:3722} INFO - Setting next_dagrun for example_xcom_args to None, run_after=None
[2023-12-06T18:52:23.004+0000] {logging_mixin.py:154} INFO - [2023-12-06T18:52:23.004+0000] {dag.py:3722} INFO - Setting next_dagrun for example_xcom_args_with_operators to None, run_after=None
[2023-12-06T18:52:23.025+0000] {processor.py:179} INFO - Processing /usr/local/lib/python3.10/dist-packages/airflow/example_dags/example_xcomargs.py took 0.083 seconds
[2023-12-06T18:53:10.917+0000] {processor.py:157} INFO - Started process (PID=5605) to work on /usr/local/lib/python3.10/dist-packages/airflow/example_dags/example_xcomargs.py
[2023-12-06T18:53:10.919+0000] {processor.py:829} INFO - Processing file /usr/local/lib/python3.10/dist-packages/airflow/example_dags/example_xcomargs.py for tasks to queue
[2023-12-06T18:53:10.920+0000] {logging_mixin.py:154} INFO - [2023-12-06T18:53:10.919+0000] {dagbag.py:536} INFO - Filling up the DagBag from /usr/local/lib/python3.10/dist-packages/airflow/example_dags/example_xcomargs.py
[2023-12-06T18:53:10.930+0000] {processor.py:839} INFO - DAG(s) dict_keys(['example_xcom_args_with_operators', 'example_xcom_args']) retrieved from /usr/local/lib/python3.10/dist-packages/airflow/example_dags/example_xcomargs.py
[2023-12-06T18:53:10.950+0000] {logging_mixin.py:154} INFO - [2023-12-06T18:53:10.950+0000] {dag.py:2941} INFO - Sync 2 DAGs
[2023-12-06T18:53:10.962+0000] {logging_mixin.py:154} INFO - [2023-12-06T18:53:10.962+0000] {dag.py:3722} INFO - Setting next_dagrun for example_xcom_args to None, run_after=None
[2023-12-06T18:53:10.966+0000] {logging_mixin.py:154} INFO - [2023-12-06T18:53:10.965+0000] {dag.py:3722} INFO - Setting next_dagrun for example_xcom_args_with_operators to None, run_after=None
[2023-12-06T18:53:10.985+0000] {processor.py:179} INFO - Processing /usr/local/lib/python3.10/dist-packages/airflow/example_dags/example_xcomargs.py took 0.072 seconds
[2023-12-06T18:53:52.790+0000] {processor.py:157} INFO - Started process (PID=5651) to work on /usr/local/lib/python3.10/dist-packages/airflow/example_dags/example_xcomargs.py
[2023-12-06T18:53:52.792+0000] {processor.py:829} INFO - Processing file /usr/local/lib/python3.10/dist-packages/airflow/example_dags/example_xcomargs.py for tasks to queue
[2023-12-06T18:53:52.793+0000] {logging_mixin.py:154} INFO - [2023-12-06T18:53:52.792+0000] {dagbag.py:536} INFO - Filling up the DagBag from /usr/local/lib/python3.10/dist-packages/airflow/example_dags/example_xcomargs.py
[2023-12-06T18:53:52.802+0000] {processor.py:839} INFO - DAG(s) dict_keys(['example_xcom_args', 'example_xcom_args_with_operators']) retrieved from /usr/local/lib/python3.10/dist-packages/airflow/example_dags/example_xcomargs.py
[2023-12-06T18:53:52.822+0000] {logging_mixin.py:154} INFO - [2023-12-06T18:53:52.822+0000] {dag.py:2941} INFO - Sync 2 DAGs
[2023-12-06T18:53:52.834+0000] {logging_mixin.py:154} INFO - [2023-12-06T18:53:52.834+0000] {dag.py:3722} INFO - Setting next_dagrun for example_xcom_args to None, run_after=None
[2023-12-06T18:53:52.838+0000] {logging_mixin.py:154} INFO - [2023-12-06T18:53:52.837+0000] {dag.py:3722} INFO - Setting next_dagrun for example_xcom_args_with_operators to None, run_after=None
[2023-12-06T18:53:52.858+0000] {processor.py:179} INFO - Processing /usr/local/lib/python3.10/dist-packages/airflow/example_dags/example_xcomargs.py took 0.071 seconds
[2023-12-06T18:54:36.592+0000] {processor.py:157} INFO - Started process (PID=5695) to work on /usr/local/lib/python3.10/dist-packages/airflow/example_dags/example_xcomargs.py
[2023-12-06T18:54:36.594+0000] {processor.py:829} INFO - Processing file /usr/local/lib/python3.10/dist-packages/airflow/example_dags/example_xcomargs.py for tasks to queue
[2023-12-06T18:54:36.595+0000] {logging_mixin.py:154} INFO - [2023-12-06T18:54:36.594+0000] {dagbag.py:536} INFO - Filling up the DagBag from /usr/local/lib/python3.10/dist-packages/airflow/example_dags/example_xcomargs.py
[2023-12-06T18:54:36.604+0000] {processor.py:839} INFO - DAG(s) dict_keys(['example_xcom_args_with_operators', 'example_xcom_args']) retrieved from /usr/local/lib/python3.10/dist-packages/airflow/example_dags/example_xcomargs.py
[2023-12-06T18:54:36.625+0000] {logging_mixin.py:154} INFO - [2023-12-06T18:54:36.624+0000] {dag.py:2941} INFO - Sync 2 DAGs
[2023-12-06T18:54:36.637+0000] {logging_mixin.py:154} INFO - [2023-12-06T18:54:36.637+0000] {dag.py:3722} INFO - Setting next_dagrun for example_xcom_args to None, run_after=None
[2023-12-06T18:54:36.641+0000] {logging_mixin.py:154} INFO - [2023-12-06T18:54:36.640+0000] {dag.py:3722} INFO - Setting next_dagrun for example_xcom_args_with_operators to None, run_after=None
[2023-12-06T18:54:36.663+0000] {processor.py:179} INFO - Processing /usr/local/lib/python3.10/dist-packages/airflow/example_dags/example_xcomargs.py took 0.074 seconds
[2023-12-06T18:55:20.762+0000] {processor.py:157} INFO - Started process (PID=5741) to work on /usr/local/lib/python3.10/dist-packages/airflow/example_dags/example_xcomargs.py
[2023-12-06T18:55:20.764+0000] {processor.py:829} INFO - Processing file /usr/local/lib/python3.10/dist-packages/airflow/example_dags/example_xcomargs.py for tasks to queue
[2023-12-06T18:55:20.764+0000] {logging_mixin.py:154} INFO - [2023-12-06T18:55:20.764+0000] {dagbag.py:536} INFO - Filling up the DagBag from /usr/local/lib/python3.10/dist-packages/airflow/example_dags/example_xcomargs.py
[2023-12-06T18:55:20.774+0000] {processor.py:839} INFO - DAG(s) dict_keys(['example_xcom_args_with_operators', 'example_xcom_args']) retrieved from /usr/local/lib/python3.10/dist-packages/airflow/example_dags/example_xcomargs.py
[2023-12-06T18:55:20.795+0000] {logging_mixin.py:154} INFO - [2023-12-06T18:55:20.794+0000] {dag.py:2941} INFO - Sync 2 DAGs
[2023-12-06T18:55:20.807+0000] {logging_mixin.py:154} INFO - [2023-12-06T18:55:20.807+0000] {dag.py:3722} INFO - Setting next_dagrun for example_xcom_args to None, run_after=None
[2023-12-06T18:55:20.811+0000] {logging_mixin.py:154} INFO - [2023-12-06T18:55:20.810+0000] {dag.py:3722} INFO - Setting next_dagrun for example_xcom_args_with_operators to None, run_after=None
[2023-12-06T18:55:20.831+0000] {processor.py:179} INFO - Processing /usr/local/lib/python3.10/dist-packages/airflow/example_dags/example_xcomargs.py took 0.072 seconds
[2023-12-06T18:56:06.260+0000] {processor.py:157} INFO - Started process (PID=5789) to work on /usr/local/lib/python3.10/dist-packages/airflow/example_dags/example_xcomargs.py
[2023-12-06T18:56:06.262+0000] {processor.py:829} INFO - Processing file /usr/local/lib/python3.10/dist-packages/airflow/example_dags/example_xcomargs.py for tasks to queue
[2023-12-06T18:56:06.263+0000] {logging_mixin.py:154} INFO - [2023-12-06T18:56:06.262+0000] {dagbag.py:536} INFO - Filling up the DagBag from /usr/local/lib/python3.10/dist-packages/airflow/example_dags/example_xcomargs.py
[2023-12-06T18:56:06.272+0000] {processor.py:839} INFO - DAG(s) dict_keys(['example_xcom_args_with_operators', 'example_xcom_args']) retrieved from /usr/local/lib/python3.10/dist-packages/airflow/example_dags/example_xcomargs.py
[2023-12-06T18:56:06.304+0000] {logging_mixin.py:154} INFO - [2023-12-06T18:56:06.304+0000] {dag.py:2941} INFO - Sync 2 DAGs
[2023-12-06T18:56:06.320+0000] {logging_mixin.py:154} INFO - [2023-12-06T18:56:06.320+0000] {dag.py:3722} INFO - Setting next_dagrun for example_xcom_args to None, run_after=None
[2023-12-06T18:56:06.323+0000] {logging_mixin.py:154} INFO - [2023-12-06T18:56:06.323+0000] {dag.py:3722} INFO - Setting next_dagrun for example_xcom_args_with_operators to None, run_after=None
[2023-12-06T18:56:06.346+0000] {processor.py:179} INFO - Processing /usr/local/lib/python3.10/dist-packages/airflow/example_dags/example_xcomargs.py took 0.089 seconds
[2023-12-06T18:56:53.907+0000] {processor.py:157} INFO - Started process (PID=5837) to work on /usr/local/lib/python3.10/dist-packages/airflow/example_dags/example_xcomargs.py
[2023-12-06T18:56:53.909+0000] {processor.py:829} INFO - Processing file /usr/local/lib/python3.10/dist-packages/airflow/example_dags/example_xcomargs.py for tasks to queue
[2023-12-06T18:56:53.910+0000] {logging_mixin.py:154} INFO - [2023-12-06T18:56:53.909+0000] {dagbag.py:536} INFO - Filling up the DagBag from /usr/local/lib/python3.10/dist-packages/airflow/example_dags/example_xcomargs.py
[2023-12-06T18:56:53.919+0000] {processor.py:839} INFO - DAG(s) dict_keys(['example_xcom_args_with_operators', 'example_xcom_args']) retrieved from /usr/local/lib/python3.10/dist-packages/airflow/example_dags/example_xcomargs.py
[2023-12-06T18:56:53.940+0000] {logging_mixin.py:154} INFO - [2023-12-06T18:56:53.940+0000] {dag.py:2941} INFO - Sync 2 DAGs
[2023-12-06T18:56:53.952+0000] {logging_mixin.py:154} INFO - [2023-12-06T18:56:53.952+0000] {dag.py:3722} INFO - Setting next_dagrun for example_xcom_args to None, run_after=None
[2023-12-06T18:56:53.955+0000] {logging_mixin.py:154} INFO - [2023-12-06T18:56:53.955+0000] {dag.py:3722} INFO - Setting next_dagrun for example_xcom_args_with_operators to None, run_after=None
[2023-12-06T18:56:53.976+0000] {processor.py:179} INFO - Processing /usr/local/lib/python3.10/dist-packages/airflow/example_dags/example_xcomargs.py took 0.072 seconds
[2023-12-06T18:57:44.004+0000] {processor.py:157} INFO - Started process (PID=5888) to work on /usr/local/lib/python3.10/dist-packages/airflow/example_dags/example_xcomargs.py
[2023-12-06T18:57:44.005+0000] {processor.py:829} INFO - Processing file /usr/local/lib/python3.10/dist-packages/airflow/example_dags/example_xcomargs.py for tasks to queue
[2023-12-06T18:57:44.006+0000] {logging_mixin.py:154} INFO - [2023-12-06T18:57:44.006+0000] {dagbag.py:536} INFO - Filling up the DagBag from /usr/local/lib/python3.10/dist-packages/airflow/example_dags/example_xcomargs.py
[2023-12-06T18:57:44.016+0000] {processor.py:839} INFO - DAG(s) dict_keys(['example_xcom_args', 'example_xcom_args_with_operators']) retrieved from /usr/local/lib/python3.10/dist-packages/airflow/example_dags/example_xcomargs.py
[2023-12-06T18:57:44.036+0000] {logging_mixin.py:154} INFO - [2023-12-06T18:57:44.035+0000] {dag.py:2941} INFO - Sync 2 DAGs
[2023-12-06T18:57:44.048+0000] {logging_mixin.py:154} INFO - [2023-12-06T18:57:44.048+0000] {dag.py:3722} INFO - Setting next_dagrun for example_xcom_args to None, run_after=None
[2023-12-06T18:57:44.051+0000] {logging_mixin.py:154} INFO - [2023-12-06T18:57:44.051+0000] {dag.py:3722} INFO - Setting next_dagrun for example_xcom_args_with_operators to None, run_after=None
[2023-12-06T18:57:44.071+0000] {processor.py:179} INFO - Processing /usr/local/lib/python3.10/dist-packages/airflow/example_dags/example_xcomargs.py took 0.071 seconds
[2023-12-06T18:58:25.765+0000] {processor.py:157} INFO - Started process (PID=5934) to work on /usr/local/lib/python3.10/dist-packages/airflow/example_dags/example_xcomargs.py
[2023-12-06T18:58:25.766+0000] {processor.py:829} INFO - Processing file /usr/local/lib/python3.10/dist-packages/airflow/example_dags/example_xcomargs.py for tasks to queue
[2023-12-06T18:58:25.767+0000] {logging_mixin.py:154} INFO - [2023-12-06T18:58:25.767+0000] {dagbag.py:536} INFO - Filling up the DagBag from /usr/local/lib/python3.10/dist-packages/airflow/example_dags/example_xcomargs.py
[2023-12-06T18:58:25.776+0000] {processor.py:839} INFO - DAG(s) dict_keys(['example_xcom_args', 'example_xcom_args_with_operators']) retrieved from /usr/local/lib/python3.10/dist-packages/airflow/example_dags/example_xcomargs.py
[2023-12-06T18:58:25.797+0000] {logging_mixin.py:154} INFO - [2023-12-06T18:58:25.796+0000] {dag.py:2941} INFO - Sync 2 DAGs
[2023-12-06T18:58:25.809+0000] {logging_mixin.py:154} INFO - [2023-12-06T18:58:25.809+0000] {dag.py:3722} INFO - Setting next_dagrun for example_xcom_args to None, run_after=None
[2023-12-06T18:58:25.812+0000] {logging_mixin.py:154} INFO - [2023-12-06T18:58:25.812+0000] {dag.py:3722} INFO - Setting next_dagrun for example_xcom_args_with_operators to None, run_after=None
[2023-12-06T18:58:25.833+0000] {processor.py:179} INFO - Processing /usr/local/lib/python3.10/dist-packages/airflow/example_dags/example_xcomargs.py took 0.072 seconds
[2023-12-06T18:59:12.160+0000] {processor.py:157} INFO - Started process (PID=5981) to work on /usr/local/lib/python3.10/dist-packages/airflow/example_dags/example_xcomargs.py
[2023-12-06T18:59:12.161+0000] {processor.py:829} INFO - Processing file /usr/local/lib/python3.10/dist-packages/airflow/example_dags/example_xcomargs.py for tasks to queue
[2023-12-06T18:59:12.162+0000] {logging_mixin.py:154} INFO - [2023-12-06T18:59:12.161+0000] {dagbag.py:536} INFO - Filling up the DagBag from /usr/local/lib/python3.10/dist-packages/airflow/example_dags/example_xcomargs.py
[2023-12-06T18:59:12.171+0000] {processor.py:839} INFO - DAG(s) dict_keys(['example_xcom_args_with_operators', 'example_xcom_args']) retrieved from /usr/local/lib/python3.10/dist-packages/airflow/example_dags/example_xcomargs.py
[2023-12-06T18:59:12.204+0000] {logging_mixin.py:154} INFO - [2023-12-06T18:59:12.203+0000] {dag.py:2941} INFO - Sync 2 DAGs
[2023-12-06T18:59:12.216+0000] {logging_mixin.py:154} INFO - [2023-12-06T18:59:12.216+0000] {dag.py:3722} INFO - Setting next_dagrun for example_xcom_args to None, run_after=None
[2023-12-06T18:59:12.220+0000] {logging_mixin.py:154} INFO - [2023-12-06T18:59:12.219+0000] {dag.py:3722} INFO - Setting next_dagrun for example_xcom_args_with_operators to None, run_after=None
[2023-12-06T18:59:12.242+0000] {processor.py:179} INFO - Processing /usr/local/lib/python3.10/dist-packages/airflow/example_dags/example_xcomargs.py took 0.086 seconds
[2023-12-06T18:59:56.806+0000] {processor.py:157} INFO - Started process (PID=6093) to work on /usr/local/lib/python3.10/dist-packages/airflow/example_dags/example_xcomargs.py
[2023-12-06T18:59:56.807+0000] {processor.py:829} INFO - Processing file /usr/local/lib/python3.10/dist-packages/airflow/example_dags/example_xcomargs.py for tasks to queue
[2023-12-06T18:59:56.808+0000] {logging_mixin.py:154} INFO - [2023-12-06T18:59:56.808+0000] {dagbag.py:536} INFO - Filling up the DagBag from /usr/local/lib/python3.10/dist-packages/airflow/example_dags/example_xcomargs.py
[2023-12-06T18:59:56.817+0000] {processor.py:839} INFO - DAG(s) dict_keys(['example_xcom_args', 'example_xcom_args_with_operators']) retrieved from /usr/local/lib/python3.10/dist-packages/airflow/example_dags/example_xcomargs.py
[2023-12-06T18:59:56.837+0000] {logging_mixin.py:154} INFO - [2023-12-06T18:59:56.837+0000] {dag.py:2941} INFO - Sync 2 DAGs
[2023-12-06T18:59:56.858+0000] {logging_mixin.py:154} INFO - [2023-12-06T18:59:56.857+0000] {dag.py:3722} INFO - Setting next_dagrun for example_xcom_args to None, run_after=None
[2023-12-06T18:59:56.861+0000] {logging_mixin.py:154} INFO - [2023-12-06T18:59:56.860+0000] {dag.py:3722} INFO - Setting next_dagrun for example_xcom_args_with_operators to None, run_after=None
[2023-12-06T18:59:56.884+0000] {processor.py:179} INFO - Processing /usr/local/lib/python3.10/dist-packages/airflow/example_dags/example_xcomargs.py took 0.082 seconds
[2023-12-06T19:00:33.334+0000] {processor.py:157} INFO - Started process (PID=6366) to work on /usr/local/lib/python3.10/dist-packages/airflow/example_dags/example_xcomargs.py
[2023-12-06T19:00:33.336+0000] {processor.py:829} INFO - Processing file /usr/local/lib/python3.10/dist-packages/airflow/example_dags/example_xcomargs.py for tasks to queue
[2023-12-06T19:00:33.337+0000] {logging_mixin.py:154} INFO - [2023-12-06T19:00:33.337+0000] {dagbag.py:536} INFO - Filling up the DagBag from /usr/local/lib/python3.10/dist-packages/airflow/example_dags/example_xcomargs.py
[2023-12-06T19:00:33.346+0000] {processor.py:839} INFO - DAG(s) dict_keys(['example_xcom_args_with_operators', 'example_xcom_args']) retrieved from /usr/local/lib/python3.10/dist-packages/airflow/example_dags/example_xcomargs.py
[2023-12-06T19:00:33.367+0000] {logging_mixin.py:154} INFO - [2023-12-06T19:00:33.366+0000] {dag.py:2941} INFO - Sync 2 DAGs
[2023-12-06T19:00:33.379+0000] {logging_mixin.py:154} INFO - [2023-12-06T19:00:33.379+0000] {dag.py:3722} INFO - Setting next_dagrun for example_xcom_args to None, run_after=None
[2023-12-06T19:00:33.382+0000] {logging_mixin.py:154} INFO - [2023-12-06T19:00:33.382+0000] {dag.py:3722} INFO - Setting next_dagrun for example_xcom_args_with_operators to None, run_after=None
[2023-12-06T19:00:33.408+0000] {processor.py:179} INFO - Processing /usr/local/lib/python3.10/dist-packages/airflow/example_dags/example_xcomargs.py took 0.077 seconds
[2023-12-06T19:01:21.495+0000] {processor.py:157} INFO - Started process (PID=6470) to work on /usr/local/lib/python3.10/dist-packages/airflow/example_dags/example_xcomargs.py
[2023-12-06T19:01:21.497+0000] {processor.py:829} INFO - Processing file /usr/local/lib/python3.10/dist-packages/airflow/example_dags/example_xcomargs.py for tasks to queue
[2023-12-06T19:01:21.498+0000] {logging_mixin.py:154} INFO - [2023-12-06T19:01:21.497+0000] {dagbag.py:536} INFO - Filling up the DagBag from /usr/local/lib/python3.10/dist-packages/airflow/example_dags/example_xcomargs.py
[2023-12-06T19:01:21.507+0000] {processor.py:839} INFO - DAG(s) dict_keys(['example_xcom_args_with_operators', 'example_xcom_args']) retrieved from /usr/local/lib/python3.10/dist-packages/airflow/example_dags/example_xcomargs.py
[2023-12-06T19:01:21.527+0000] {logging_mixin.py:154} INFO - [2023-12-06T19:01:21.527+0000] {dag.py:2941} INFO - Sync 2 DAGs
[2023-12-06T19:01:21.540+0000] {logging_mixin.py:154} INFO - [2023-12-06T19:01:21.540+0000] {dag.py:3722} INFO - Setting next_dagrun for example_xcom_args to None, run_after=None
[2023-12-06T19:01:21.543+0000] {logging_mixin.py:154} INFO - [2023-12-06T19:01:21.543+0000] {dag.py:3722} INFO - Setting next_dagrun for example_xcom_args_with_operators to None, run_after=None
[2023-12-06T19:01:21.563+0000] {processor.py:179} INFO - Processing /usr/local/lib/python3.10/dist-packages/airflow/example_dags/example_xcomargs.py took 0.072 seconds
[2023-12-06T19:01:58.064+0000] {processor.py:157} INFO - Started process (PID=6507) to work on /usr/local/lib/python3.10/dist-packages/airflow/example_dags/example_xcomargs.py
[2023-12-06T19:01:58.066+0000] {processor.py:829} INFO - Processing file /usr/local/lib/python3.10/dist-packages/airflow/example_dags/example_xcomargs.py for tasks to queue
[2023-12-06T19:01:58.067+0000] {logging_mixin.py:154} INFO - [2023-12-06T19:01:58.066+0000] {dagbag.py:536} INFO - Filling up the DagBag from /usr/local/lib/python3.10/dist-packages/airflow/example_dags/example_xcomargs.py
[2023-12-06T19:01:58.076+0000] {processor.py:839} INFO - DAG(s) dict_keys(['example_xcom_args_with_operators', 'example_xcom_args']) retrieved from /usr/local/lib/python3.10/dist-packages/airflow/example_dags/example_xcomargs.py
[2023-12-06T19:01:58.097+0000] {logging_mixin.py:154} INFO - [2023-12-06T19:01:58.096+0000] {dag.py:2941} INFO - Sync 2 DAGs
[2023-12-06T19:01:58.109+0000] {logging_mixin.py:154} INFO - [2023-12-06T19:01:58.109+0000] {dag.py:3722} INFO - Setting next_dagrun for example_xcom_args to None, run_after=None
[2023-12-06T19:01:58.112+0000] {logging_mixin.py:154} INFO - [2023-12-06T19:01:58.112+0000] {dag.py:3722} INFO - Setting next_dagrun for example_xcom_args_with_operators to None, run_after=None
[2023-12-06T19:01:58.134+0000] {processor.py:179} INFO - Processing /usr/local/lib/python3.10/dist-packages/airflow/example_dags/example_xcomargs.py took 0.073 seconds
[2023-12-06T19:02:41.961+0000] {processor.py:157} INFO - Started process (PID=6554) to work on /usr/local/lib/python3.10/dist-packages/airflow/example_dags/example_xcomargs.py
[2023-12-06T19:02:41.963+0000] {processor.py:829} INFO - Processing file /usr/local/lib/python3.10/dist-packages/airflow/example_dags/example_xcomargs.py for tasks to queue
[2023-12-06T19:02:41.964+0000] {logging_mixin.py:154} INFO - [2023-12-06T19:02:41.963+0000] {dagbag.py:536} INFO - Filling up the DagBag from /usr/local/lib/python3.10/dist-packages/airflow/example_dags/example_xcomargs.py
[2023-12-06T19:02:41.973+0000] {processor.py:839} INFO - DAG(s) dict_keys(['example_xcom_args', 'example_xcom_args_with_operators']) retrieved from /usr/local/lib/python3.10/dist-packages/airflow/example_dags/example_xcomargs.py
[2023-12-06T19:02:41.993+0000] {logging_mixin.py:154} INFO - [2023-12-06T19:02:41.993+0000] {dag.py:2941} INFO - Sync 2 DAGs
[2023-12-06T19:02:42.005+0000] {logging_mixin.py:154} INFO - [2023-12-06T19:02:42.005+0000] {dag.py:3722} INFO - Setting next_dagrun for example_xcom_args to None, run_after=None
[2023-12-06T19:02:42.008+0000] {logging_mixin.py:154} INFO - [2023-12-06T19:02:42.008+0000] {dag.py:3722} INFO - Setting next_dagrun for example_xcom_args_with_operators to None, run_after=None
[2023-12-06T19:02:42.030+0000] {processor.py:179} INFO - Processing /usr/local/lib/python3.10/dist-packages/airflow/example_dags/example_xcomargs.py took 0.072 seconds
[2023-12-06T19:03:28.358+0000] {processor.py:157} INFO - Started process (PID=6600) to work on /usr/local/lib/python3.10/dist-packages/airflow/example_dags/example_xcomargs.py
[2023-12-06T19:03:28.360+0000] {processor.py:829} INFO - Processing file /usr/local/lib/python3.10/dist-packages/airflow/example_dags/example_xcomargs.py for tasks to queue
[2023-12-06T19:03:28.360+0000] {logging_mixin.py:154} INFO - [2023-12-06T19:03:28.360+0000] {dagbag.py:536} INFO - Filling up the DagBag from /usr/local/lib/python3.10/dist-packages/airflow/example_dags/example_xcomargs.py
[2023-12-06T19:03:28.370+0000] {processor.py:839} INFO - DAG(s) dict_keys(['example_xcom_args', 'example_xcom_args_with_operators']) retrieved from /usr/local/lib/python3.10/dist-packages/airflow/example_dags/example_xcomargs.py
[2023-12-06T19:03:28.390+0000] {logging_mixin.py:154} INFO - [2023-12-06T19:03:28.390+0000] {dag.py:2941} INFO - Sync 2 DAGs
[2023-12-06T19:03:28.403+0000] {logging_mixin.py:154} INFO - [2023-12-06T19:03:28.402+0000] {dag.py:3722} INFO - Setting next_dagrun for example_xcom_args to None, run_after=None
[2023-12-06T19:03:28.406+0000] {logging_mixin.py:154} INFO - [2023-12-06T19:03:28.406+0000] {dag.py:3722} INFO - Setting next_dagrun for example_xcom_args_with_operators to None, run_after=None
[2023-12-06T19:03:28.426+0000] {processor.py:179} INFO - Processing /usr/local/lib/python3.10/dist-packages/airflow/example_dags/example_xcomargs.py took 0.071 seconds
[2023-12-06T19:04:17.426+0000] {processor.py:157} INFO - Started process (PID=6649) to work on /usr/local/lib/python3.10/dist-packages/airflow/example_dags/example_xcomargs.py
[2023-12-06T19:04:17.428+0000] {processor.py:829} INFO - Processing file /usr/local/lib/python3.10/dist-packages/airflow/example_dags/example_xcomargs.py for tasks to queue
[2023-12-06T19:04:17.429+0000] {logging_mixin.py:154} INFO - [2023-12-06T19:04:17.428+0000] {dagbag.py:536} INFO - Filling up the DagBag from /usr/local/lib/python3.10/dist-packages/airflow/example_dags/example_xcomargs.py
[2023-12-06T19:04:17.438+0000] {processor.py:839} INFO - DAG(s) dict_keys(['example_xcom_args_with_operators', 'example_xcom_args']) retrieved from /usr/local/lib/python3.10/dist-packages/airflow/example_dags/example_xcomargs.py
[2023-12-06T19:04:17.459+0000] {logging_mixin.py:154} INFO - [2023-12-06T19:04:17.459+0000] {dag.py:2941} INFO - Sync 2 DAGs
[2023-12-06T19:04:17.471+0000] {logging_mixin.py:154} INFO - [2023-12-06T19:04:17.471+0000] {dag.py:3722} INFO - Setting next_dagrun for example_xcom_args to None, run_after=None
[2023-12-06T19:04:17.475+0000] {logging_mixin.py:154} INFO - [2023-12-06T19:04:17.474+0000] {dag.py:3722} INFO - Setting next_dagrun for example_xcom_args_with_operators to None, run_after=None
[2023-12-06T19:04:17.497+0000] {processor.py:179} INFO - Processing /usr/local/lib/python3.10/dist-packages/airflow/example_dags/example_xcomargs.py took 0.074 seconds
[2023-12-06T19:05:05.110+0000] {processor.py:157} INFO - Started process (PID=6861) to work on /usr/local/lib/python3.10/dist-packages/airflow/example_dags/example_xcomargs.py
[2023-12-06T19:05:05.117+0000] {processor.py:829} INFO - Processing file /usr/local/lib/python3.10/dist-packages/airflow/example_dags/example_xcomargs.py for tasks to queue
[2023-12-06T19:05:05.119+0000] {logging_mixin.py:154} INFO - [2023-12-06T19:05:05.118+0000] {dagbag.py:536} INFO - Filling up the DagBag from /usr/local/lib/python3.10/dist-packages/airflow/example_dags/example_xcomargs.py
[2023-12-06T19:05:05.141+0000] {processor.py:839} INFO - DAG(s) dict_keys(['example_xcom_args', 'example_xcom_args_with_operators']) retrieved from /usr/local/lib/python3.10/dist-packages/airflow/example_dags/example_xcomargs.py
[2023-12-06T19:05:05.212+0000] {logging_mixin.py:154} INFO - [2023-12-06T19:05:05.212+0000] {dag.py:2941} INFO - Sync 2 DAGs
[2023-12-06T19:05:05.237+0000] {logging_mixin.py:154} INFO - [2023-12-06T19:05:05.233+0000] {dag.py:3722} INFO - Setting next_dagrun for example_xcom_args to None, run_after=None
[2023-12-06T19:05:05.245+0000] {logging_mixin.py:154} INFO - [2023-12-06T19:05:05.241+0000] {dag.py:3722} INFO - Setting next_dagrun for example_xcom_args_with_operators to None, run_after=None
[2023-12-06T19:05:05.280+0000] {processor.py:179} INFO - Processing /usr/local/lib/python3.10/dist-packages/airflow/example_dags/example_xcomargs.py took 0.179 seconds
[2023-12-06T19:05:55.411+0000] {processor.py:157} INFO - Started process (PID=6918) to work on /usr/local/lib/python3.10/dist-packages/airflow/example_dags/example_xcomargs.py
[2023-12-06T19:05:55.413+0000] {processor.py:829} INFO - Processing file /usr/local/lib/python3.10/dist-packages/airflow/example_dags/example_xcomargs.py for tasks to queue
[2023-12-06T19:05:55.414+0000] {logging_mixin.py:154} INFO - [2023-12-06T19:05:55.414+0000] {dagbag.py:536} INFO - Filling up the DagBag from /usr/local/lib/python3.10/dist-packages/airflow/example_dags/example_xcomargs.py
[2023-12-06T19:05:55.424+0000] {processor.py:839} INFO - DAG(s) dict_keys(['example_xcom_args_with_operators', 'example_xcom_args']) retrieved from /usr/local/lib/python3.10/dist-packages/airflow/example_dags/example_xcomargs.py
[2023-12-06T19:05:55.444+0000] {logging_mixin.py:154} INFO - [2023-12-06T19:05:55.444+0000] {dag.py:2941} INFO - Sync 2 DAGs
[2023-12-06T19:05:55.457+0000] {logging_mixin.py:154} INFO - [2023-12-06T19:05:55.457+0000] {dag.py:3722} INFO - Setting next_dagrun for example_xcom_args to None, run_after=None
[2023-12-06T19:05:55.460+0000] {logging_mixin.py:154} INFO - [2023-12-06T19:05:55.460+0000] {dag.py:3722} INFO - Setting next_dagrun for example_xcom_args_with_operators to None, run_after=None
[2023-12-06T19:05:55.480+0000] {processor.py:179} INFO - Processing /usr/local/lib/python3.10/dist-packages/airflow/example_dags/example_xcomargs.py took 0.073 seconds
[2023-12-06T19:06:41.983+0000] {processor.py:157} INFO - Started process (PID=6966) to work on /usr/local/lib/python3.10/dist-packages/airflow/example_dags/example_xcomargs.py
[2023-12-06T19:06:41.985+0000] {processor.py:829} INFO - Processing file /usr/local/lib/python3.10/dist-packages/airflow/example_dags/example_xcomargs.py for tasks to queue
[2023-12-06T19:06:41.986+0000] {logging_mixin.py:154} INFO - [2023-12-06T19:06:41.986+0000] {dagbag.py:536} INFO - Filling up the DagBag from /usr/local/lib/python3.10/dist-packages/airflow/example_dags/example_xcomargs.py
[2023-12-06T19:06:41.996+0000] {processor.py:839} INFO - DAG(s) dict_keys(['example_xcom_args_with_operators', 'example_xcom_args']) retrieved from /usr/local/lib/python3.10/dist-packages/airflow/example_dags/example_xcomargs.py
[2023-12-06T19:06:42.017+0000] {logging_mixin.py:154} INFO - [2023-12-06T19:06:42.017+0000] {dag.py:2941} INFO - Sync 2 DAGs
[2023-12-06T19:06:42.030+0000] {logging_mixin.py:154} INFO - [2023-12-06T19:06:42.029+0000] {dag.py:3722} INFO - Setting next_dagrun for example_xcom_args to None, run_after=None
[2023-12-06T19:06:42.033+0000] {logging_mixin.py:154} INFO - [2023-12-06T19:06:42.033+0000] {dag.py:3722} INFO - Setting next_dagrun for example_xcom_args_with_operators to None, run_after=None
[2023-12-06T19:06:42.056+0000] {processor.py:179} INFO - Processing /usr/local/lib/python3.10/dist-packages/airflow/example_dags/example_xcomargs.py took 0.077 seconds
[2023-12-06T19:07:30.923+0000] {processor.py:157} INFO - Started process (PID=7014) to work on /usr/local/lib/python3.10/dist-packages/airflow/example_dags/example_xcomargs.py
[2023-12-06T19:07:30.925+0000] {processor.py:829} INFO - Processing file /usr/local/lib/python3.10/dist-packages/airflow/example_dags/example_xcomargs.py for tasks to queue
[2023-12-06T19:07:30.926+0000] {logging_mixin.py:154} INFO - [2023-12-06T19:07:30.926+0000] {dagbag.py:536} INFO - Filling up the DagBag from /usr/local/lib/python3.10/dist-packages/airflow/example_dags/example_xcomargs.py
[2023-12-06T19:07:30.936+0000] {processor.py:839} INFO - DAG(s) dict_keys(['example_xcom_args_with_operators', 'example_xcom_args']) retrieved from /usr/local/lib/python3.10/dist-packages/airflow/example_dags/example_xcomargs.py
[2023-12-06T19:07:30.957+0000] {logging_mixin.py:154} INFO - [2023-12-06T19:07:30.957+0000] {dag.py:2941} INFO - Sync 2 DAGs
[2023-12-06T19:07:30.970+0000] {logging_mixin.py:154} INFO - [2023-12-06T19:07:30.970+0000] {dag.py:3722} INFO - Setting next_dagrun for example_xcom_args to None, run_after=None
[2023-12-06T19:07:30.973+0000] {logging_mixin.py:154} INFO - [2023-12-06T19:07:30.973+0000] {dag.py:3722} INFO - Setting next_dagrun for example_xcom_args_with_operators to None, run_after=None
[2023-12-06T19:07:30.995+0000] {processor.py:179} INFO - Processing /usr/local/lib/python3.10/dist-packages/airflow/example_dags/example_xcomargs.py took 0.075 seconds
