[2023-12-06T18:21:53.434+0000] {processor.py:157} INFO - Started process (PID=3672) to work on /usr/local/lib/python3.10/dist-packages/airflow/example_dags/example_setup_teardown.py
[2023-12-06T18:21:53.435+0000] {processor.py:829} INFO - Processing file /usr/local/lib/python3.10/dist-packages/airflow/example_dags/example_setup_teardown.py for tasks to queue
[2023-12-06T18:21:53.436+0000] {logging_mixin.py:154} INFO - [2023-12-06T18:21:53.436+0000] {dagbag.py:536} INFO - Filling up the DagBag from /usr/local/lib/python3.10/dist-packages/airflow/example_dags/example_setup_teardown.py
[2023-12-06T18:21:53.446+0000] {processor.py:839} INFO - DAG(s) dict_keys(['example_setup_teardown']) retrieved from /usr/local/lib/python3.10/dist-packages/airflow/example_dags/example_setup_teardown.py
[2023-12-06T18:21:53.576+0000] {logging_mixin.py:154} INFO - [2023-12-06T18:21:53.575+0000] {manager.py:499} INFO - Created Permission View: %s
[2023-12-06T18:21:53.590+0000] {logging_mixin.py:154} INFO - [2023-12-06T18:21:53.590+0000] {manager.py:499} INFO - Created Permission View: %s
[2023-12-06T18:21:53.600+0000] {logging_mixin.py:154} INFO - [2023-12-06T18:21:53.600+0000] {manager.py:499} INFO - Created Permission View: %s
[2023-12-06T18:21:53.600+0000] {logging_mixin.py:154} INFO - [2023-12-06T18:21:53.600+0000] {dag.py:2941} INFO - Sync 1 DAGs
[2023-12-06T18:21:53.612+0000] {logging_mixin.py:154} INFO - [2023-12-06T18:21:53.612+0000] {dag.py:2963} INFO - Creating ORM DAG for example_setup_teardown
[2023-12-06T18:21:53.621+0000] {logging_mixin.py:154} INFO - [2023-12-06T18:21:53.621+0000] {dag.py:3722} INFO - Setting next_dagrun for example_setup_teardown to 2023-12-05T18:21:53.621246+00:00, run_after=2023-12-06T18:21:53.621246+00:00
[2023-12-06T18:21:53.642+0000] {processor.py:179} INFO - Processing /usr/local/lib/python3.10/dist-packages/airflow/example_dags/example_setup_teardown.py took 0.212 seconds
[2023-12-06T18:22:44.944+0000] {processor.py:157} INFO - Started process (PID=3721) to work on /usr/local/lib/python3.10/dist-packages/airflow/example_dags/example_setup_teardown.py
[2023-12-06T18:22:44.945+0000] {processor.py:829} INFO - Processing file /usr/local/lib/python3.10/dist-packages/airflow/example_dags/example_setup_teardown.py for tasks to queue
[2023-12-06T18:22:44.946+0000] {logging_mixin.py:154} INFO - [2023-12-06T18:22:44.946+0000] {dagbag.py:536} INFO - Filling up the DagBag from /usr/local/lib/python3.10/dist-packages/airflow/example_dags/example_setup_teardown.py
[2023-12-06T18:22:44.956+0000] {processor.py:839} INFO - DAG(s) dict_keys(['example_setup_teardown']) retrieved from /usr/local/lib/python3.10/dist-packages/airflow/example_dags/example_setup_teardown.py
[2023-12-06T18:22:44.973+0000] {logging_mixin.py:154} INFO - [2023-12-06T18:22:44.972+0000] {dag.py:2941} INFO - Sync 1 DAGs
[2023-12-06T18:22:44.992+0000] {logging_mixin.py:154} INFO - [2023-12-06T18:22:44.992+0000] {dag.py:3722} INFO - Setting next_dagrun for example_setup_teardown to 2023-12-05T18:22:44.992340+00:00, run_after=2023-12-06T18:22:44.992340+00:00
[2023-12-06T18:22:45.016+0000] {processor.py:179} INFO - Processing /usr/local/lib/python3.10/dist-packages/airflow/example_dags/example_setup_teardown.py took 0.076 seconds
[2023-12-06T18:23:31.501+0000] {processor.py:157} INFO - Started process (PID=3769) to work on /usr/local/lib/python3.10/dist-packages/airflow/example_dags/example_setup_teardown.py
[2023-12-06T18:23:31.503+0000] {processor.py:829} INFO - Processing file /usr/local/lib/python3.10/dist-packages/airflow/example_dags/example_setup_teardown.py for tasks to queue
[2023-12-06T18:23:31.504+0000] {logging_mixin.py:154} INFO - [2023-12-06T18:23:31.503+0000] {dagbag.py:536} INFO - Filling up the DagBag from /usr/local/lib/python3.10/dist-packages/airflow/example_dags/example_setup_teardown.py
[2023-12-06T18:23:31.512+0000] {processor.py:839} INFO - DAG(s) dict_keys(['example_setup_teardown']) retrieved from /usr/local/lib/python3.10/dist-packages/airflow/example_dags/example_setup_teardown.py
[2023-12-06T18:23:31.529+0000] {logging_mixin.py:154} INFO - [2023-12-06T18:23:31.529+0000] {dag.py:2941} INFO - Sync 1 DAGs
[2023-12-06T18:23:31.551+0000] {logging_mixin.py:154} INFO - [2023-12-06T18:23:31.551+0000] {dag.py:3722} INFO - Setting next_dagrun for example_setup_teardown to 2023-12-05T18:23:31.550842+00:00, run_after=2023-12-06T18:23:31.550842+00:00
[2023-12-06T18:23:31.574+0000] {processor.py:179} INFO - Processing /usr/local/lib/python3.10/dist-packages/airflow/example_dags/example_setup_teardown.py took 0.076 seconds
[2023-12-06T18:24:06.490+0000] {processor.py:157} INFO - Started process (PID=3805) to work on /usr/local/lib/python3.10/dist-packages/airflow/example_dags/example_setup_teardown.py
[2023-12-06T18:24:06.491+0000] {processor.py:829} INFO - Processing file /usr/local/lib/python3.10/dist-packages/airflow/example_dags/example_setup_teardown.py for tasks to queue
[2023-12-06T18:24:06.492+0000] {logging_mixin.py:154} INFO - [2023-12-06T18:24:06.492+0000] {dagbag.py:536} INFO - Filling up the DagBag from /usr/local/lib/python3.10/dist-packages/airflow/example_dags/example_setup_teardown.py
[2023-12-06T18:24:06.501+0000] {processor.py:839} INFO - DAG(s) dict_keys(['example_setup_teardown']) retrieved from /usr/local/lib/python3.10/dist-packages/airflow/example_dags/example_setup_teardown.py
[2023-12-06T18:24:06.519+0000] {logging_mixin.py:154} INFO - [2023-12-06T18:24:06.519+0000] {dag.py:2941} INFO - Sync 1 DAGs
[2023-12-06T18:24:06.540+0000] {logging_mixin.py:154} INFO - [2023-12-06T18:24:06.540+0000] {dag.py:3722} INFO - Setting next_dagrun for example_setup_teardown to 2023-12-05T18:24:06.540030+00:00, run_after=2023-12-06T18:24:06.540030+00:00
[2023-12-06T18:24:06.563+0000] {processor.py:179} INFO - Processing /usr/local/lib/python3.10/dist-packages/airflow/example_dags/example_setup_teardown.py took 0.083 seconds
[2023-12-06T18:24:56.104+0000] {processor.py:157} INFO - Started process (PID=3857) to work on /usr/local/lib/python3.10/dist-packages/airflow/example_dags/example_setup_teardown.py
[2023-12-06T18:24:56.105+0000] {processor.py:829} INFO - Processing file /usr/local/lib/python3.10/dist-packages/airflow/example_dags/example_setup_teardown.py for tasks to queue
[2023-12-06T18:24:56.106+0000] {logging_mixin.py:154} INFO - [2023-12-06T18:24:56.106+0000] {dagbag.py:536} INFO - Filling up the DagBag from /usr/local/lib/python3.10/dist-packages/airflow/example_dags/example_setup_teardown.py
[2023-12-06T18:24:56.114+0000] {processor.py:839} INFO - DAG(s) dict_keys(['example_setup_teardown']) retrieved from /usr/local/lib/python3.10/dist-packages/airflow/example_dags/example_setup_teardown.py
[2023-12-06T18:24:56.131+0000] {logging_mixin.py:154} INFO - [2023-12-06T18:24:56.131+0000] {dag.py:2941} INFO - Sync 1 DAGs
[2023-12-06T18:24:56.151+0000] {logging_mixin.py:154} INFO - [2023-12-06T18:24:56.151+0000] {dag.py:3722} INFO - Setting next_dagrun for example_setup_teardown to 2023-12-05T18:24:56.151362+00:00, run_after=2023-12-06T18:24:56.151362+00:00
[2023-12-06T18:24:56.174+0000] {processor.py:179} INFO - Processing /usr/local/lib/python3.10/dist-packages/airflow/example_dags/example_setup_teardown.py took 0.073 seconds
[2023-12-06T18:25:40.459+0000] {processor.py:157} INFO - Started process (PID=3905) to work on /usr/local/lib/python3.10/dist-packages/airflow/example_dags/example_setup_teardown.py
[2023-12-06T18:25:40.461+0000] {processor.py:829} INFO - Processing file /usr/local/lib/python3.10/dist-packages/airflow/example_dags/example_setup_teardown.py for tasks to queue
[2023-12-06T18:25:40.462+0000] {logging_mixin.py:154} INFO - [2023-12-06T18:25:40.461+0000] {dagbag.py:536} INFO - Filling up the DagBag from /usr/local/lib/python3.10/dist-packages/airflow/example_dags/example_setup_teardown.py
[2023-12-06T18:25:40.470+0000] {processor.py:839} INFO - DAG(s) dict_keys(['example_setup_teardown']) retrieved from /usr/local/lib/python3.10/dist-packages/airflow/example_dags/example_setup_teardown.py
[2023-12-06T18:25:40.488+0000] {logging_mixin.py:154} INFO - [2023-12-06T18:25:40.488+0000] {dag.py:2941} INFO - Sync 1 DAGs
[2023-12-06T18:25:40.509+0000] {logging_mixin.py:154} INFO - [2023-12-06T18:25:40.509+0000] {dag.py:3722} INFO - Setting next_dagrun for example_setup_teardown to 2023-12-05T18:25:40.508872+00:00, run_after=2023-12-06T18:25:40.508872+00:00
[2023-12-06T18:25:40.533+0000] {processor.py:179} INFO - Processing /usr/local/lib/python3.10/dist-packages/airflow/example_dags/example_setup_teardown.py took 0.077 seconds
[2023-12-06T18:26:27.272+0000] {processor.py:157} INFO - Started process (PID=3952) to work on /usr/local/lib/python3.10/dist-packages/airflow/example_dags/example_setup_teardown.py
[2023-12-06T18:26:27.274+0000] {processor.py:829} INFO - Processing file /usr/local/lib/python3.10/dist-packages/airflow/example_dags/example_setup_teardown.py for tasks to queue
[2023-12-06T18:26:27.274+0000] {logging_mixin.py:154} INFO - [2023-12-06T18:26:27.274+0000] {dagbag.py:536} INFO - Filling up the DagBag from /usr/local/lib/python3.10/dist-packages/airflow/example_dags/example_setup_teardown.py
[2023-12-06T18:26:27.282+0000] {processor.py:839} INFO - DAG(s) dict_keys(['example_setup_teardown']) retrieved from /usr/local/lib/python3.10/dist-packages/airflow/example_dags/example_setup_teardown.py
[2023-12-06T18:26:27.300+0000] {logging_mixin.py:154} INFO - [2023-12-06T18:26:27.300+0000] {dag.py:2941} INFO - Sync 1 DAGs
[2023-12-06T18:26:27.320+0000] {logging_mixin.py:154} INFO - [2023-12-06T18:26:27.320+0000] {dag.py:3722} INFO - Setting next_dagrun for example_setup_teardown to 2023-12-05T18:26:27.320390+00:00, run_after=2023-12-06T18:26:27.320390+00:00
[2023-12-06T18:26:27.342+0000] {processor.py:179} INFO - Processing /usr/local/lib/python3.10/dist-packages/airflow/example_dags/example_setup_teardown.py took 0.074 seconds
[2023-12-06T18:27:13.186+0000] {processor.py:157} INFO - Started process (PID=4000) to work on /usr/local/lib/python3.10/dist-packages/airflow/example_dags/example_setup_teardown.py
[2023-12-06T18:27:13.187+0000] {processor.py:829} INFO - Processing file /usr/local/lib/python3.10/dist-packages/airflow/example_dags/example_setup_teardown.py for tasks to queue
[2023-12-06T18:27:13.188+0000] {logging_mixin.py:154} INFO - [2023-12-06T18:27:13.188+0000] {dagbag.py:536} INFO - Filling up the DagBag from /usr/local/lib/python3.10/dist-packages/airflow/example_dags/example_setup_teardown.py
[2023-12-06T18:27:13.196+0000] {processor.py:839} INFO - DAG(s) dict_keys(['example_setup_teardown']) retrieved from /usr/local/lib/python3.10/dist-packages/airflow/example_dags/example_setup_teardown.py
[2023-12-06T18:27:13.214+0000] {logging_mixin.py:154} INFO - [2023-12-06T18:27:13.214+0000] {dag.py:2941} INFO - Sync 1 DAGs
[2023-12-06T18:27:13.235+0000] {logging_mixin.py:154} INFO - [2023-12-06T18:27:13.235+0000] {dag.py:3722} INFO - Setting next_dagrun for example_setup_teardown to 2023-12-05T18:27:13.234899+00:00, run_after=2023-12-06T18:27:13.234899+00:00
[2023-12-06T18:27:13.271+0000] {processor.py:179} INFO - Processing /usr/local/lib/python3.10/dist-packages/airflow/example_dags/example_setup_teardown.py took 0.089 seconds
[2023-12-06T18:27:55.031+0000] {processor.py:157} INFO - Started process (PID=4046) to work on /usr/local/lib/python3.10/dist-packages/airflow/example_dags/example_setup_teardown.py
[2023-12-06T18:27:55.033+0000] {processor.py:829} INFO - Processing file /usr/local/lib/python3.10/dist-packages/airflow/example_dags/example_setup_teardown.py for tasks to queue
[2023-12-06T18:27:55.034+0000] {logging_mixin.py:154} INFO - [2023-12-06T18:27:55.033+0000] {dagbag.py:536} INFO - Filling up the DagBag from /usr/local/lib/python3.10/dist-packages/airflow/example_dags/example_setup_teardown.py
[2023-12-06T18:27:55.042+0000] {processor.py:839} INFO - DAG(s) dict_keys(['example_setup_teardown']) retrieved from /usr/local/lib/python3.10/dist-packages/airflow/example_dags/example_setup_teardown.py
[2023-12-06T18:27:55.060+0000] {logging_mixin.py:154} INFO - [2023-12-06T18:27:55.060+0000] {dag.py:2941} INFO - Sync 1 DAGs
[2023-12-06T18:27:55.081+0000] {logging_mixin.py:154} INFO - [2023-12-06T18:27:55.081+0000] {dag.py:3722} INFO - Setting next_dagrun for example_setup_teardown to 2023-12-05T18:27:55.081002+00:00, run_after=2023-12-06T18:27:55.081002+00:00
[2023-12-06T18:27:55.103+0000] {processor.py:179} INFO - Processing /usr/local/lib/python3.10/dist-packages/airflow/example_dags/example_setup_teardown.py took 0.076 seconds
[2023-12-06T18:28:37.456+0000] {processor.py:157} INFO - Started process (PID=4088) to work on /usr/local/lib/python3.10/dist-packages/airflow/example_dags/example_setup_teardown.py
[2023-12-06T18:28:37.458+0000] {processor.py:829} INFO - Processing file /usr/local/lib/python3.10/dist-packages/airflow/example_dags/example_setup_teardown.py for tasks to queue
[2023-12-06T18:28:37.458+0000] {logging_mixin.py:154} INFO - [2023-12-06T18:28:37.458+0000] {dagbag.py:536} INFO - Filling up the DagBag from /usr/local/lib/python3.10/dist-packages/airflow/example_dags/example_setup_teardown.py
[2023-12-06T18:28:37.466+0000] {processor.py:839} INFO - DAG(s) dict_keys(['example_setup_teardown']) retrieved from /usr/local/lib/python3.10/dist-packages/airflow/example_dags/example_setup_teardown.py
[2023-12-06T18:28:37.483+0000] {logging_mixin.py:154} INFO - [2023-12-06T18:28:37.483+0000] {dag.py:2941} INFO - Sync 1 DAGs
[2023-12-06T18:28:37.504+0000] {logging_mixin.py:154} INFO - [2023-12-06T18:28:37.503+0000] {dag.py:3722} INFO - Setting next_dagrun for example_setup_teardown to 2023-12-05T18:28:37.503581+00:00, run_after=2023-12-06T18:28:37.503581+00:00
[2023-12-06T18:28:37.530+0000] {processor.py:179} INFO - Processing /usr/local/lib/python3.10/dist-packages/airflow/example_dags/example_setup_teardown.py took 0.077 seconds
[2023-12-06T18:29:10.690+0000] {processor.py:157} INFO - Started process (PID=4124) to work on /usr/local/lib/python3.10/dist-packages/airflow/example_dags/example_setup_teardown.py
[2023-12-06T18:29:10.691+0000] {processor.py:829} INFO - Processing file /usr/local/lib/python3.10/dist-packages/airflow/example_dags/example_setup_teardown.py for tasks to queue
[2023-12-06T18:29:10.692+0000] {logging_mixin.py:154} INFO - [2023-12-06T18:29:10.692+0000] {dagbag.py:536} INFO - Filling up the DagBag from /usr/local/lib/python3.10/dist-packages/airflow/example_dags/example_setup_teardown.py
[2023-12-06T18:29:10.700+0000] {processor.py:839} INFO - DAG(s) dict_keys(['example_setup_teardown']) retrieved from /usr/local/lib/python3.10/dist-packages/airflow/example_dags/example_setup_teardown.py
[2023-12-06T18:29:10.718+0000] {logging_mixin.py:154} INFO - [2023-12-06T18:29:10.718+0000] {dag.py:2941} INFO - Sync 1 DAGs
[2023-12-06T18:29:10.739+0000] {logging_mixin.py:154} INFO - [2023-12-06T18:29:10.739+0000] {dag.py:3722} INFO - Setting next_dagrun for example_setup_teardown to 2023-12-05T18:29:10.738903+00:00, run_after=2023-12-06T18:29:10.738903+00:00
[2023-12-06T18:29:10.771+0000] {processor.py:179} INFO - Processing /usr/local/lib/python3.10/dist-packages/airflow/example_dags/example_setup_teardown.py took 0.084 seconds
[2023-12-06T18:29:53.925+0000] {processor.py:157} INFO - Started process (PID=4170) to work on /usr/local/lib/python3.10/dist-packages/airflow/example_dags/example_setup_teardown.py
[2023-12-06T18:29:53.930+0000] {processor.py:829} INFO - Processing file /usr/local/lib/python3.10/dist-packages/airflow/example_dags/example_setup_teardown.py for tasks to queue
[2023-12-06T18:29:53.931+0000] {logging_mixin.py:154} INFO - [2023-12-06T18:29:53.931+0000] {dagbag.py:536} INFO - Filling up the DagBag from /usr/local/lib/python3.10/dist-packages/airflow/example_dags/example_setup_teardown.py
[2023-12-06T18:29:53.942+0000] {processor.py:839} INFO - DAG(s) dict_keys(['example_setup_teardown']) retrieved from /usr/local/lib/python3.10/dist-packages/airflow/example_dags/example_setup_teardown.py
[2023-12-06T18:29:53.959+0000] {logging_mixin.py:154} INFO - [2023-12-06T18:29:53.959+0000] {dag.py:2941} INFO - Sync 1 DAGs
[2023-12-06T18:29:53.980+0000] {logging_mixin.py:154} INFO - [2023-12-06T18:29:53.979+0000] {dag.py:3722} INFO - Setting next_dagrun for example_setup_teardown to 2023-12-05T18:29:53.979722+00:00, run_after=2023-12-06T18:29:53.979722+00:00
[2023-12-06T18:29:54.003+0000] {processor.py:179} INFO - Processing /usr/local/lib/python3.10/dist-packages/airflow/example_dags/example_setup_teardown.py took 0.081 seconds
[2023-12-06T18:30:40.514+0000] {processor.py:157} INFO - Started process (PID=4217) to work on /usr/local/lib/python3.10/dist-packages/airflow/example_dags/example_setup_teardown.py
[2023-12-06T18:30:40.515+0000] {processor.py:829} INFO - Processing file /usr/local/lib/python3.10/dist-packages/airflow/example_dags/example_setup_teardown.py for tasks to queue
[2023-12-06T18:30:40.516+0000] {logging_mixin.py:154} INFO - [2023-12-06T18:30:40.515+0000] {dagbag.py:536} INFO - Filling up the DagBag from /usr/local/lib/python3.10/dist-packages/airflow/example_dags/example_setup_teardown.py
[2023-12-06T18:30:40.524+0000] {processor.py:839} INFO - DAG(s) dict_keys(['example_setup_teardown']) retrieved from /usr/local/lib/python3.10/dist-packages/airflow/example_dags/example_setup_teardown.py
[2023-12-06T18:30:40.542+0000] {logging_mixin.py:154} INFO - [2023-12-06T18:30:40.542+0000] {dag.py:2941} INFO - Sync 1 DAGs
[2023-12-06T18:30:40.563+0000] {logging_mixin.py:154} INFO - [2023-12-06T18:30:40.563+0000] {dag.py:3722} INFO - Setting next_dagrun for example_setup_teardown to 2023-12-05T18:30:40.562964+00:00, run_after=2023-12-06T18:30:40.562964+00:00
[2023-12-06T18:30:40.586+0000] {processor.py:179} INFO - Processing /usr/local/lib/python3.10/dist-packages/airflow/example_dags/example_setup_teardown.py took 0.076 seconds
[2023-12-06T18:31:22.899+0000] {processor.py:157} INFO - Started process (PID=4262) to work on /usr/local/lib/python3.10/dist-packages/airflow/example_dags/example_setup_teardown.py
[2023-12-06T18:31:22.900+0000] {processor.py:829} INFO - Processing file /usr/local/lib/python3.10/dist-packages/airflow/example_dags/example_setup_teardown.py for tasks to queue
[2023-12-06T18:31:22.901+0000] {logging_mixin.py:154} INFO - [2023-12-06T18:31:22.901+0000] {dagbag.py:536} INFO - Filling up the DagBag from /usr/local/lib/python3.10/dist-packages/airflow/example_dags/example_setup_teardown.py
[2023-12-06T18:31:22.909+0000] {processor.py:839} INFO - DAG(s) dict_keys(['example_setup_teardown']) retrieved from /usr/local/lib/python3.10/dist-packages/airflow/example_dags/example_setup_teardown.py
[2023-12-06T18:31:22.926+0000] {logging_mixin.py:154} INFO - [2023-12-06T18:31:22.926+0000] {dag.py:2941} INFO - Sync 1 DAGs
[2023-12-06T18:31:22.946+0000] {logging_mixin.py:154} INFO - [2023-12-06T18:31:22.946+0000] {dag.py:3722} INFO - Setting next_dagrun for example_setup_teardown to 2023-12-05T18:31:22.946218+00:00, run_after=2023-12-06T18:31:22.946218+00:00
[2023-12-06T18:31:22.968+0000] {processor.py:179} INFO - Processing /usr/local/lib/python3.10/dist-packages/airflow/example_dags/example_setup_teardown.py took 0.073 seconds
[2023-12-06T18:32:05.458+0000] {processor.py:157} INFO - Started process (PID=4308) to work on /usr/local/lib/python3.10/dist-packages/airflow/example_dags/example_setup_teardown.py
[2023-12-06T18:32:05.459+0000] {processor.py:829} INFO - Processing file /usr/local/lib/python3.10/dist-packages/airflow/example_dags/example_setup_teardown.py for tasks to queue
[2023-12-06T18:32:05.460+0000] {logging_mixin.py:154} INFO - [2023-12-06T18:32:05.460+0000] {dagbag.py:536} INFO - Filling up the DagBag from /usr/local/lib/python3.10/dist-packages/airflow/example_dags/example_setup_teardown.py
[2023-12-06T18:32:05.469+0000] {processor.py:839} INFO - DAG(s) dict_keys(['example_setup_teardown']) retrieved from /usr/local/lib/python3.10/dist-packages/airflow/example_dags/example_setup_teardown.py
[2023-12-06T18:32:05.487+0000] {logging_mixin.py:154} INFO - [2023-12-06T18:32:05.487+0000] {dag.py:2941} INFO - Sync 1 DAGs
[2023-12-06T18:32:05.508+0000] {logging_mixin.py:154} INFO - [2023-12-06T18:32:05.508+0000] {dag.py:3722} INFO - Setting next_dagrun for example_setup_teardown to 2023-12-05T18:32:05.508460+00:00, run_after=2023-12-06T18:32:05.508460+00:00
[2023-12-06T18:32:05.538+0000] {processor.py:179} INFO - Processing /usr/local/lib/python3.10/dist-packages/airflow/example_dags/example_setup_teardown.py took 0.084 seconds
[2023-12-06T18:32:49.742+0000] {processor.py:157} INFO - Started process (PID=4353) to work on /usr/local/lib/python3.10/dist-packages/airflow/example_dags/example_setup_teardown.py
[2023-12-06T18:32:49.743+0000] {processor.py:829} INFO - Processing file /usr/local/lib/python3.10/dist-packages/airflow/example_dags/example_setup_teardown.py for tasks to queue
[2023-12-06T18:32:49.744+0000] {logging_mixin.py:154} INFO - [2023-12-06T18:32:49.743+0000] {dagbag.py:536} INFO - Filling up the DagBag from /usr/local/lib/python3.10/dist-packages/airflow/example_dags/example_setup_teardown.py
[2023-12-06T18:32:49.752+0000] {processor.py:839} INFO - DAG(s) dict_keys(['example_setup_teardown']) retrieved from /usr/local/lib/python3.10/dist-packages/airflow/example_dags/example_setup_teardown.py
[2023-12-06T18:32:49.769+0000] {logging_mixin.py:154} INFO - [2023-12-06T18:32:49.769+0000] {dag.py:2941} INFO - Sync 1 DAGs
[2023-12-06T18:32:49.790+0000] {logging_mixin.py:154} INFO - [2023-12-06T18:32:49.790+0000] {dag.py:3722} INFO - Setting next_dagrun for example_setup_teardown to 2023-12-05T18:32:49.789989+00:00, run_after=2023-12-06T18:32:49.789989+00:00
[2023-12-06T18:32:49.812+0000] {processor.py:179} INFO - Processing /usr/local/lib/python3.10/dist-packages/airflow/example_dags/example_setup_teardown.py took 0.074 seconds
[2023-12-06T18:33:38.130+0000] {processor.py:157} INFO - Started process (PID=4401) to work on /usr/local/lib/python3.10/dist-packages/airflow/example_dags/example_setup_teardown.py
[2023-12-06T18:33:38.131+0000] {processor.py:829} INFO - Processing file /usr/local/lib/python3.10/dist-packages/airflow/example_dags/example_setup_teardown.py for tasks to queue
[2023-12-06T18:33:38.132+0000] {logging_mixin.py:154} INFO - [2023-12-06T18:33:38.132+0000] {dagbag.py:536} INFO - Filling up the DagBag from /usr/local/lib/python3.10/dist-packages/airflow/example_dags/example_setup_teardown.py
[2023-12-06T18:33:38.140+0000] {processor.py:839} INFO - DAG(s) dict_keys(['example_setup_teardown']) retrieved from /usr/local/lib/python3.10/dist-packages/airflow/example_dags/example_setup_teardown.py
[2023-12-06T18:33:38.158+0000] {logging_mixin.py:154} INFO - [2023-12-06T18:33:38.158+0000] {dag.py:2941} INFO - Sync 1 DAGs
[2023-12-06T18:33:38.180+0000] {logging_mixin.py:154} INFO - [2023-12-06T18:33:38.179+0000] {dag.py:3722} INFO - Setting next_dagrun for example_setup_teardown to 2023-12-05T18:33:38.178701+00:00, run_after=2023-12-06T18:33:38.178701+00:00
[2023-12-06T18:33:38.205+0000] {processor.py:179} INFO - Processing /usr/local/lib/python3.10/dist-packages/airflow/example_dags/example_setup_teardown.py took 0.079 seconds
[2023-12-06T18:34:24.858+0000] {processor.py:157} INFO - Started process (PID=4449) to work on /usr/local/lib/python3.10/dist-packages/airflow/example_dags/example_setup_teardown.py
[2023-12-06T18:34:24.860+0000] {processor.py:829} INFO - Processing file /usr/local/lib/python3.10/dist-packages/airflow/example_dags/example_setup_teardown.py for tasks to queue
[2023-12-06T18:34:24.860+0000] {logging_mixin.py:154} INFO - [2023-12-06T18:34:24.860+0000] {dagbag.py:536} INFO - Filling up the DagBag from /usr/local/lib/python3.10/dist-packages/airflow/example_dags/example_setup_teardown.py
[2023-12-06T18:34:24.868+0000] {processor.py:839} INFO - DAG(s) dict_keys(['example_setup_teardown']) retrieved from /usr/local/lib/python3.10/dist-packages/airflow/example_dags/example_setup_teardown.py
[2023-12-06T18:34:24.886+0000] {logging_mixin.py:154} INFO - [2023-12-06T18:34:24.886+0000] {dag.py:2941} INFO - Sync 1 DAGs
[2023-12-06T18:34:24.906+0000] {logging_mixin.py:154} INFO - [2023-12-06T18:34:24.906+0000] {dag.py:3722} INFO - Setting next_dagrun for example_setup_teardown to 2023-12-05T18:34:24.905990+00:00, run_after=2023-12-06T18:34:24.905990+00:00
[2023-12-06T18:34:24.928+0000] {processor.py:179} INFO - Processing /usr/local/lib/python3.10/dist-packages/airflow/example_dags/example_setup_teardown.py took 0.074 seconds
[2023-12-06T18:35:09.611+0000] {processor.py:157} INFO - Started process (PID=4495) to work on /usr/local/lib/python3.10/dist-packages/airflow/example_dags/example_setup_teardown.py
[2023-12-06T18:35:09.612+0000] {processor.py:829} INFO - Processing file /usr/local/lib/python3.10/dist-packages/airflow/example_dags/example_setup_teardown.py for tasks to queue
[2023-12-06T18:35:09.613+0000] {logging_mixin.py:154} INFO - [2023-12-06T18:35:09.613+0000] {dagbag.py:536} INFO - Filling up the DagBag from /usr/local/lib/python3.10/dist-packages/airflow/example_dags/example_setup_teardown.py
[2023-12-06T18:35:09.622+0000] {processor.py:839} INFO - DAG(s) dict_keys(['example_setup_teardown']) retrieved from /usr/local/lib/python3.10/dist-packages/airflow/example_dags/example_setup_teardown.py
[2023-12-06T18:35:09.640+0000] {logging_mixin.py:154} INFO - [2023-12-06T18:35:09.639+0000] {dag.py:2941} INFO - Sync 1 DAGs
[2023-12-06T18:35:09.660+0000] {logging_mixin.py:154} INFO - [2023-12-06T18:35:09.660+0000] {dag.py:3722} INFO - Setting next_dagrun for example_setup_teardown to 2023-12-05T18:35:09.660337+00:00, run_after=2023-12-06T18:35:09.660337+00:00
[2023-12-06T18:35:09.693+0000] {processor.py:179} INFO - Processing /usr/local/lib/python3.10/dist-packages/airflow/example_dags/example_setup_teardown.py took 0.086 seconds
[2023-12-06T18:35:56.229+0000] {processor.py:157} INFO - Started process (PID=4544) to work on /usr/local/lib/python3.10/dist-packages/airflow/example_dags/example_setup_teardown.py
[2023-12-06T18:35:56.231+0000] {processor.py:829} INFO - Processing file /usr/local/lib/python3.10/dist-packages/airflow/example_dags/example_setup_teardown.py for tasks to queue
[2023-12-06T18:35:56.232+0000] {logging_mixin.py:154} INFO - [2023-12-06T18:35:56.231+0000] {dagbag.py:536} INFO - Filling up the DagBag from /usr/local/lib/python3.10/dist-packages/airflow/example_dags/example_setup_teardown.py
[2023-12-06T18:35:56.239+0000] {processor.py:839} INFO - DAG(s) dict_keys(['example_setup_teardown']) retrieved from /usr/local/lib/python3.10/dist-packages/airflow/example_dags/example_setup_teardown.py
[2023-12-06T18:35:56.257+0000] {logging_mixin.py:154} INFO - [2023-12-06T18:35:56.257+0000] {dag.py:2941} INFO - Sync 1 DAGs
[2023-12-06T18:35:56.277+0000] {logging_mixin.py:154} INFO - [2023-12-06T18:35:56.277+0000] {dag.py:3722} INFO - Setting next_dagrun for example_setup_teardown to 2023-12-05T18:35:56.276946+00:00, run_after=2023-12-06T18:35:56.276946+00:00
[2023-12-06T18:35:56.298+0000] {processor.py:179} INFO - Processing /usr/local/lib/python3.10/dist-packages/airflow/example_dags/example_setup_teardown.py took 0.072 seconds
[2023-12-06T18:36:43.312+0000] {processor.py:157} INFO - Started process (PID=4592) to work on /usr/local/lib/python3.10/dist-packages/airflow/example_dags/example_setup_teardown.py
[2023-12-06T18:36:43.313+0000] {processor.py:829} INFO - Processing file /usr/local/lib/python3.10/dist-packages/airflow/example_dags/example_setup_teardown.py for tasks to queue
[2023-12-06T18:36:43.314+0000] {logging_mixin.py:154} INFO - [2023-12-06T18:36:43.314+0000] {dagbag.py:536} INFO - Filling up the DagBag from /usr/local/lib/python3.10/dist-packages/airflow/example_dags/example_setup_teardown.py
[2023-12-06T18:36:43.322+0000] {processor.py:839} INFO - DAG(s) dict_keys(['example_setup_teardown']) retrieved from /usr/local/lib/python3.10/dist-packages/airflow/example_dags/example_setup_teardown.py
[2023-12-06T18:36:43.340+0000] {logging_mixin.py:154} INFO - [2023-12-06T18:36:43.340+0000] {dag.py:2941} INFO - Sync 1 DAGs
[2023-12-06T18:36:43.361+0000] {logging_mixin.py:154} INFO - [2023-12-06T18:36:43.361+0000] {dag.py:3722} INFO - Setting next_dagrun for example_setup_teardown to 2023-12-05T18:36:43.360780+00:00, run_after=2023-12-06T18:36:43.360780+00:00
[2023-12-06T18:36:43.385+0000] {processor.py:179} INFO - Processing /usr/local/lib/python3.10/dist-packages/airflow/example_dags/example_setup_teardown.py took 0.077 seconds
[2023-12-06T18:37:28.018+0000] {processor.py:157} INFO - Started process (PID=4639) to work on /usr/local/lib/python3.10/dist-packages/airflow/example_dags/example_setup_teardown.py
[2023-12-06T18:37:28.020+0000] {processor.py:829} INFO - Processing file /usr/local/lib/python3.10/dist-packages/airflow/example_dags/example_setup_teardown.py for tasks to queue
[2023-12-06T18:37:28.021+0000] {logging_mixin.py:154} INFO - [2023-12-06T18:37:28.020+0000] {dagbag.py:536} INFO - Filling up the DagBag from /usr/local/lib/python3.10/dist-packages/airflow/example_dags/example_setup_teardown.py
[2023-12-06T18:37:28.029+0000] {processor.py:839} INFO - DAG(s) dict_keys(['example_setup_teardown']) retrieved from /usr/local/lib/python3.10/dist-packages/airflow/example_dags/example_setup_teardown.py
[2023-12-06T18:37:28.046+0000] {logging_mixin.py:154} INFO - [2023-12-06T18:37:28.046+0000] {dag.py:2941} INFO - Sync 1 DAGs
[2023-12-06T18:37:28.067+0000] {logging_mixin.py:154} INFO - [2023-12-06T18:37:28.066+0000] {dag.py:3722} INFO - Setting next_dagrun for example_setup_teardown to 2023-12-05T18:37:28.066452+00:00, run_after=2023-12-06T18:37:28.066452+00:00
[2023-12-06T18:37:28.097+0000] {processor.py:179} INFO - Processing /usr/local/lib/python3.10/dist-packages/airflow/example_dags/example_setup_teardown.py took 0.083 seconds
[2023-12-06T18:38:14.408+0000] {processor.py:157} INFO - Started process (PID=4686) to work on /usr/local/lib/python3.10/dist-packages/airflow/example_dags/example_setup_teardown.py
[2023-12-06T18:38:14.410+0000] {processor.py:829} INFO - Processing file /usr/local/lib/python3.10/dist-packages/airflow/example_dags/example_setup_teardown.py for tasks to queue
[2023-12-06T18:38:14.411+0000] {logging_mixin.py:154} INFO - [2023-12-06T18:38:14.410+0000] {dagbag.py:536} INFO - Filling up the DagBag from /usr/local/lib/python3.10/dist-packages/airflow/example_dags/example_setup_teardown.py
[2023-12-06T18:38:14.419+0000] {processor.py:839} INFO - DAG(s) dict_keys(['example_setup_teardown']) retrieved from /usr/local/lib/python3.10/dist-packages/airflow/example_dags/example_setup_teardown.py
[2023-12-06T18:38:14.436+0000] {logging_mixin.py:154} INFO - [2023-12-06T18:38:14.436+0000] {dag.py:2941} INFO - Sync 1 DAGs
[2023-12-06T18:38:14.457+0000] {logging_mixin.py:154} INFO - [2023-12-06T18:38:14.457+0000] {dag.py:3722} INFO - Setting next_dagrun for example_setup_teardown to 2023-12-05T18:38:14.457236+00:00, run_after=2023-12-06T18:38:14.457236+00:00
[2023-12-06T18:38:14.479+0000] {processor.py:179} INFO - Processing /usr/local/lib/python3.10/dist-packages/airflow/example_dags/example_setup_teardown.py took 0.074 seconds
[2023-12-06T18:39:04.382+0000] {processor.py:157} INFO - Started process (PID=4735) to work on /usr/local/lib/python3.10/dist-packages/airflow/example_dags/example_setup_teardown.py
[2023-12-06T18:39:04.383+0000] {processor.py:829} INFO - Processing file /usr/local/lib/python3.10/dist-packages/airflow/example_dags/example_setup_teardown.py for tasks to queue
[2023-12-06T18:39:04.384+0000] {logging_mixin.py:154} INFO - [2023-12-06T18:39:04.384+0000] {dagbag.py:536} INFO - Filling up the DagBag from /usr/local/lib/python3.10/dist-packages/airflow/example_dags/example_setup_teardown.py
[2023-12-06T18:39:04.392+0000] {processor.py:839} INFO - DAG(s) dict_keys(['example_setup_teardown']) retrieved from /usr/local/lib/python3.10/dist-packages/airflow/example_dags/example_setup_teardown.py
[2023-12-06T18:39:04.411+0000] {logging_mixin.py:154} INFO - [2023-12-06T18:39:04.411+0000] {dag.py:2941} INFO - Sync 1 DAGs
[2023-12-06T18:39:04.433+0000] {logging_mixin.py:154} INFO - [2023-12-06T18:39:04.432+0000] {dag.py:3722} INFO - Setting next_dagrun for example_setup_teardown to 2023-12-05T18:39:04.432496+00:00, run_after=2023-12-06T18:39:04.432496+00:00
[2023-12-06T18:39:04.456+0000] {processor.py:179} INFO - Processing /usr/local/lib/python3.10/dist-packages/airflow/example_dags/example_setup_teardown.py took 0.077 seconds
[2023-12-06T18:39:50.260+0000] {processor.py:157} INFO - Started process (PID=4783) to work on /usr/local/lib/python3.10/dist-packages/airflow/example_dags/example_setup_teardown.py
[2023-12-06T18:39:50.261+0000] {processor.py:829} INFO - Processing file /usr/local/lib/python3.10/dist-packages/airflow/example_dags/example_setup_teardown.py for tasks to queue
[2023-12-06T18:39:50.262+0000] {logging_mixin.py:154} INFO - [2023-12-06T18:39:50.262+0000] {dagbag.py:536} INFO - Filling up the DagBag from /usr/local/lib/python3.10/dist-packages/airflow/example_dags/example_setup_teardown.py
[2023-12-06T18:39:50.270+0000] {processor.py:839} INFO - DAG(s) dict_keys(['example_setup_teardown']) retrieved from /usr/local/lib/python3.10/dist-packages/airflow/example_dags/example_setup_teardown.py
[2023-12-06T18:39:50.288+0000] {logging_mixin.py:154} INFO - [2023-12-06T18:39:50.287+0000] {dag.py:2941} INFO - Sync 1 DAGs
[2023-12-06T18:39:50.308+0000] {logging_mixin.py:154} INFO - [2023-12-06T18:39:50.308+0000] {dag.py:3722} INFO - Setting next_dagrun for example_setup_teardown to 2023-12-05T18:39:50.308304+00:00, run_after=2023-12-06T18:39:50.308304+00:00
[2023-12-06T18:39:50.367+0000] {processor.py:179} INFO - Processing /usr/local/lib/python3.10/dist-packages/airflow/example_dags/example_setup_teardown.py took 0.111 seconds
[2023-12-06T18:40:39.711+0000] {processor.py:157} INFO - Started process (PID=4832) to work on /usr/local/lib/python3.10/dist-packages/airflow/example_dags/example_setup_teardown.py
[2023-12-06T18:40:39.713+0000] {processor.py:829} INFO - Processing file /usr/local/lib/python3.10/dist-packages/airflow/example_dags/example_setup_teardown.py for tasks to queue
[2023-12-06T18:40:39.713+0000] {logging_mixin.py:154} INFO - [2023-12-06T18:40:39.713+0000] {dagbag.py:536} INFO - Filling up the DagBag from /usr/local/lib/python3.10/dist-packages/airflow/example_dags/example_setup_teardown.py
[2023-12-06T18:40:39.722+0000] {processor.py:839} INFO - DAG(s) dict_keys(['example_setup_teardown']) retrieved from /usr/local/lib/python3.10/dist-packages/airflow/example_dags/example_setup_teardown.py
[2023-12-06T18:40:39.739+0000] {logging_mixin.py:154} INFO - [2023-12-06T18:40:39.739+0000] {dag.py:2941} INFO - Sync 1 DAGs
[2023-12-06T18:40:39.760+0000] {logging_mixin.py:154} INFO - [2023-12-06T18:40:39.760+0000] {dag.py:3722} INFO - Setting next_dagrun for example_setup_teardown to 2023-12-05T18:40:39.759749+00:00, run_after=2023-12-06T18:40:39.759749+00:00
[2023-12-06T18:40:39.782+0000] {processor.py:179} INFO - Processing /usr/local/lib/python3.10/dist-packages/airflow/example_dags/example_setup_teardown.py took 0.074 seconds
[2023-12-06T18:41:14.798+0000] {processor.py:157} INFO - Started process (PID=4866) to work on /usr/local/lib/python3.10/dist-packages/airflow/example_dags/example_setup_teardown.py
[2023-12-06T18:41:14.799+0000] {processor.py:829} INFO - Processing file /usr/local/lib/python3.10/dist-packages/airflow/example_dags/example_setup_teardown.py for tasks to queue
[2023-12-06T18:41:14.800+0000] {logging_mixin.py:154} INFO - [2023-12-06T18:41:14.800+0000] {dagbag.py:536} INFO - Filling up the DagBag from /usr/local/lib/python3.10/dist-packages/airflow/example_dags/example_setup_teardown.py
[2023-12-06T18:41:14.808+0000] {processor.py:839} INFO - DAG(s) dict_keys(['example_setup_teardown']) retrieved from /usr/local/lib/python3.10/dist-packages/airflow/example_dags/example_setup_teardown.py
[2023-12-06T18:41:14.826+0000] {logging_mixin.py:154} INFO - [2023-12-06T18:41:14.826+0000] {dag.py:2941} INFO - Sync 1 DAGs
[2023-12-06T18:41:14.846+0000] {logging_mixin.py:154} INFO - [2023-12-06T18:41:14.846+0000] {dag.py:3722} INFO - Setting next_dagrun for example_setup_teardown to 2023-12-05T18:41:14.846149+00:00, run_after=2023-12-06T18:41:14.846149+00:00
[2023-12-06T18:41:14.867+0000] {processor.py:179} INFO - Processing /usr/local/lib/python3.10/dist-packages/airflow/example_dags/example_setup_teardown.py took 0.073 seconds
[2023-12-06T18:42:00.885+0000] {processor.py:157} INFO - Started process (PID=4913) to work on /usr/local/lib/python3.10/dist-packages/airflow/example_dags/example_setup_teardown.py
[2023-12-06T18:42:00.887+0000] {processor.py:829} INFO - Processing file /usr/local/lib/python3.10/dist-packages/airflow/example_dags/example_setup_teardown.py for tasks to queue
[2023-12-06T18:42:00.888+0000] {logging_mixin.py:154} INFO - [2023-12-06T18:42:00.887+0000] {dagbag.py:536} INFO - Filling up the DagBag from /usr/local/lib/python3.10/dist-packages/airflow/example_dags/example_setup_teardown.py
[2023-12-06T18:42:00.896+0000] {processor.py:839} INFO - DAG(s) dict_keys(['example_setup_teardown']) retrieved from /usr/local/lib/python3.10/dist-packages/airflow/example_dags/example_setup_teardown.py
[2023-12-06T18:42:00.913+0000] {logging_mixin.py:154} INFO - [2023-12-06T18:42:00.912+0000] {dag.py:2941} INFO - Sync 1 DAGs
[2023-12-06T18:42:00.933+0000] {logging_mixin.py:154} INFO - [2023-12-06T18:42:00.933+0000] {dag.py:3722} INFO - Setting next_dagrun for example_setup_teardown to 2023-12-05T18:42:00.932803+00:00, run_after=2023-12-06T18:42:00.932803+00:00
[2023-12-06T18:42:00.957+0000] {processor.py:179} INFO - Processing /usr/local/lib/python3.10/dist-packages/airflow/example_dags/example_setup_teardown.py took 0.075 seconds
[2023-12-06T18:42:48.753+0000] {processor.py:157} INFO - Started process (PID=4961) to work on /usr/local/lib/python3.10/dist-packages/airflow/example_dags/example_setup_teardown.py
[2023-12-06T18:42:48.755+0000] {processor.py:829} INFO - Processing file /usr/local/lib/python3.10/dist-packages/airflow/example_dags/example_setup_teardown.py for tasks to queue
[2023-12-06T18:42:48.756+0000] {logging_mixin.py:154} INFO - [2023-12-06T18:42:48.755+0000] {dagbag.py:536} INFO - Filling up the DagBag from /usr/local/lib/python3.10/dist-packages/airflow/example_dags/example_setup_teardown.py
[2023-12-06T18:42:48.770+0000] {processor.py:839} INFO - DAG(s) dict_keys(['example_setup_teardown']) retrieved from /usr/local/lib/python3.10/dist-packages/airflow/example_dags/example_setup_teardown.py
[2023-12-06T18:42:48.788+0000] {logging_mixin.py:154} INFO - [2023-12-06T18:42:48.787+0000] {dag.py:2941} INFO - Sync 1 DAGs
[2023-12-06T18:42:48.808+0000] {logging_mixin.py:154} INFO - [2023-12-06T18:42:48.808+0000] {dag.py:3722} INFO - Setting next_dagrun for example_setup_teardown to 2023-12-05T18:42:48.808486+00:00, run_after=2023-12-06T18:42:48.808486+00:00
[2023-12-06T18:42:48.830+0000] {processor.py:179} INFO - Processing /usr/local/lib/python3.10/dist-packages/airflow/example_dags/example_setup_teardown.py took 0.080 seconds
[2023-12-06T18:43:23.739+0000] {processor.py:157} INFO - Started process (PID=4996) to work on /usr/local/lib/python3.10/dist-packages/airflow/example_dags/example_setup_teardown.py
[2023-12-06T18:43:23.740+0000] {processor.py:829} INFO - Processing file /usr/local/lib/python3.10/dist-packages/airflow/example_dags/example_setup_teardown.py for tasks to queue
[2023-12-06T18:43:23.741+0000] {logging_mixin.py:154} INFO - [2023-12-06T18:43:23.741+0000] {dagbag.py:536} INFO - Filling up the DagBag from /usr/local/lib/python3.10/dist-packages/airflow/example_dags/example_setup_teardown.py
[2023-12-06T18:43:23.749+0000] {processor.py:839} INFO - DAG(s) dict_keys(['example_setup_teardown']) retrieved from /usr/local/lib/python3.10/dist-packages/airflow/example_dags/example_setup_teardown.py
[2023-12-06T18:43:23.766+0000] {logging_mixin.py:154} INFO - [2023-12-06T18:43:23.766+0000] {dag.py:2941} INFO - Sync 1 DAGs
[2023-12-06T18:43:23.787+0000] {logging_mixin.py:154} INFO - [2023-12-06T18:43:23.786+0000] {dag.py:3722} INFO - Setting next_dagrun for example_setup_teardown to 2023-12-05T18:43:23.786723+00:00, run_after=2023-12-06T18:43:23.786723+00:00
[2023-12-06T18:43:23.809+0000] {processor.py:179} INFO - Processing /usr/local/lib/python3.10/dist-packages/airflow/example_dags/example_setup_teardown.py took 0.074 seconds
[2023-12-06T18:43:58.794+0000] {processor.py:157} INFO - Started process (PID=5031) to work on /usr/local/lib/python3.10/dist-packages/airflow/example_dags/example_setup_teardown.py
[2023-12-06T18:43:58.796+0000] {processor.py:829} INFO - Processing file /usr/local/lib/python3.10/dist-packages/airflow/example_dags/example_setup_teardown.py for tasks to queue
[2023-12-06T18:43:58.796+0000] {logging_mixin.py:154} INFO - [2023-12-06T18:43:58.796+0000] {dagbag.py:536} INFO - Filling up the DagBag from /usr/local/lib/python3.10/dist-packages/airflow/example_dags/example_setup_teardown.py
[2023-12-06T18:43:58.804+0000] {processor.py:839} INFO - DAG(s) dict_keys(['example_setup_teardown']) retrieved from /usr/local/lib/python3.10/dist-packages/airflow/example_dags/example_setup_teardown.py
[2023-12-06T18:43:58.822+0000] {logging_mixin.py:154} INFO - [2023-12-06T18:43:58.822+0000] {dag.py:2941} INFO - Sync 1 DAGs
[2023-12-06T18:43:58.842+0000] {logging_mixin.py:154} INFO - [2023-12-06T18:43:58.842+0000] {dag.py:3722} INFO - Setting next_dagrun for example_setup_teardown to 2023-12-05T18:43:58.842330+00:00, run_after=2023-12-06T18:43:58.842330+00:00
[2023-12-06T18:43:58.864+0000] {processor.py:179} INFO - Processing /usr/local/lib/python3.10/dist-packages/airflow/example_dags/example_setup_teardown.py took 0.074 seconds
[2023-12-06T18:44:47.997+0000] {processor.py:157} INFO - Started process (PID=5081) to work on /usr/local/lib/python3.10/dist-packages/airflow/example_dags/example_setup_teardown.py
[2023-12-06T18:44:47.999+0000] {processor.py:829} INFO - Processing file /usr/local/lib/python3.10/dist-packages/airflow/example_dags/example_setup_teardown.py for tasks to queue
[2023-12-06T18:44:48.000+0000] {logging_mixin.py:154} INFO - [2023-12-06T18:44:47.999+0000] {dagbag.py:536} INFO - Filling up the DagBag from /usr/local/lib/python3.10/dist-packages/airflow/example_dags/example_setup_teardown.py
[2023-12-06T18:44:48.008+0000] {processor.py:839} INFO - DAG(s) dict_keys(['example_setup_teardown']) retrieved from /usr/local/lib/python3.10/dist-packages/airflow/example_dags/example_setup_teardown.py
[2023-12-06T18:44:48.026+0000] {logging_mixin.py:154} INFO - [2023-12-06T18:44:48.026+0000] {dag.py:2941} INFO - Sync 1 DAGs
[2023-12-06T18:44:48.047+0000] {logging_mixin.py:154} INFO - [2023-12-06T18:44:48.047+0000] {dag.py:3722} INFO - Setting next_dagrun for example_setup_teardown to 2023-12-05T18:44:48.046969+00:00, run_after=2023-12-06T18:44:48.046969+00:00
[2023-12-06T18:44:48.070+0000] {processor.py:179} INFO - Processing /usr/local/lib/python3.10/dist-packages/airflow/example_dags/example_setup_teardown.py took 0.076 seconds
[2023-12-06T18:45:33.277+0000] {processor.py:157} INFO - Started process (PID=5129) to work on /usr/local/lib/python3.10/dist-packages/airflow/example_dags/example_setup_teardown.py
[2023-12-06T18:45:33.278+0000] {processor.py:829} INFO - Processing file /usr/local/lib/python3.10/dist-packages/airflow/example_dags/example_setup_teardown.py for tasks to queue
[2023-12-06T18:45:33.279+0000] {logging_mixin.py:154} INFO - [2023-12-06T18:45:33.279+0000] {dagbag.py:536} INFO - Filling up the DagBag from /usr/local/lib/python3.10/dist-packages/airflow/example_dags/example_setup_teardown.py
[2023-12-06T18:45:33.287+0000] {processor.py:839} INFO - DAG(s) dict_keys(['example_setup_teardown']) retrieved from /usr/local/lib/python3.10/dist-packages/airflow/example_dags/example_setup_teardown.py
[2023-12-06T18:45:33.305+0000] {logging_mixin.py:154} INFO - [2023-12-06T18:45:33.305+0000] {dag.py:2941} INFO - Sync 1 DAGs
[2023-12-06T18:45:33.326+0000] {logging_mixin.py:154} INFO - [2023-12-06T18:45:33.326+0000] {dag.py:3722} INFO - Setting next_dagrun for example_setup_teardown to 2023-12-05T18:45:33.326090+00:00, run_after=2023-12-06T18:45:33.326090+00:00
[2023-12-06T18:45:33.351+0000] {processor.py:179} INFO - Processing /usr/local/lib/python3.10/dist-packages/airflow/example_dags/example_setup_teardown.py took 0.078 seconds
[2023-12-06T18:46:16.700+0000] {processor.py:157} INFO - Started process (PID=5175) to work on /usr/local/lib/python3.10/dist-packages/airflow/example_dags/example_setup_teardown.py
[2023-12-06T18:46:16.701+0000] {processor.py:829} INFO - Processing file /usr/local/lib/python3.10/dist-packages/airflow/example_dags/example_setup_teardown.py for tasks to queue
[2023-12-06T18:46:16.702+0000] {logging_mixin.py:154} INFO - [2023-12-06T18:46:16.702+0000] {dagbag.py:536} INFO - Filling up the DagBag from /usr/local/lib/python3.10/dist-packages/airflow/example_dags/example_setup_teardown.py
[2023-12-06T18:46:16.710+0000] {processor.py:839} INFO - DAG(s) dict_keys(['example_setup_teardown']) retrieved from /usr/local/lib/python3.10/dist-packages/airflow/example_dags/example_setup_teardown.py
[2023-12-06T18:46:16.728+0000] {logging_mixin.py:154} INFO - [2023-12-06T18:46:16.728+0000] {dag.py:2941} INFO - Sync 1 DAGs
[2023-12-06T18:46:16.749+0000] {logging_mixin.py:154} INFO - [2023-12-06T18:46:16.749+0000] {dag.py:3722} INFO - Setting next_dagrun for example_setup_teardown to 2023-12-05T18:46:16.748852+00:00, run_after=2023-12-06T18:46:16.748852+00:00
[2023-12-06T18:46:16.774+0000] {processor.py:179} INFO - Processing /usr/local/lib/python3.10/dist-packages/airflow/example_dags/example_setup_teardown.py took 0.077 seconds
[2023-12-06T18:47:01.119+0000] {processor.py:157} INFO - Started process (PID=5222) to work on /usr/local/lib/python3.10/dist-packages/airflow/example_dags/example_setup_teardown.py
[2023-12-06T18:47:01.121+0000] {processor.py:829} INFO - Processing file /usr/local/lib/python3.10/dist-packages/airflow/example_dags/example_setup_teardown.py for tasks to queue
[2023-12-06T18:47:01.122+0000] {logging_mixin.py:154} INFO - [2023-12-06T18:47:01.122+0000] {dagbag.py:536} INFO - Filling up the DagBag from /usr/local/lib/python3.10/dist-packages/airflow/example_dags/example_setup_teardown.py
[2023-12-06T18:47:01.130+0000] {processor.py:839} INFO - DAG(s) dict_keys(['example_setup_teardown']) retrieved from /usr/local/lib/python3.10/dist-packages/airflow/example_dags/example_setup_teardown.py
[2023-12-06T18:47:01.148+0000] {logging_mixin.py:154} INFO - [2023-12-06T18:47:01.148+0000] {dag.py:2941} INFO - Sync 1 DAGs
[2023-12-06T18:47:01.169+0000] {logging_mixin.py:154} INFO - [2023-12-06T18:47:01.169+0000] {dag.py:3722} INFO - Setting next_dagrun for example_setup_teardown to 2023-12-05T18:47:01.169373+00:00, run_after=2023-12-06T18:47:01.169373+00:00
[2023-12-06T18:47:01.194+0000] {processor.py:179} INFO - Processing /usr/local/lib/python3.10/dist-packages/airflow/example_dags/example_setup_teardown.py took 0.078 seconds
[2023-12-06T18:47:36.781+0000] {processor.py:157} INFO - Started process (PID=5256) to work on /usr/local/lib/python3.10/dist-packages/airflow/example_dags/example_setup_teardown.py
[2023-12-06T18:47:36.782+0000] {processor.py:829} INFO - Processing file /usr/local/lib/python3.10/dist-packages/airflow/example_dags/example_setup_teardown.py for tasks to queue
[2023-12-06T18:47:36.783+0000] {logging_mixin.py:154} INFO - [2023-12-06T18:47:36.783+0000] {dagbag.py:536} INFO - Filling up the DagBag from /usr/local/lib/python3.10/dist-packages/airflow/example_dags/example_setup_teardown.py
[2023-12-06T18:47:36.791+0000] {processor.py:839} INFO - DAG(s) dict_keys(['example_setup_teardown']) retrieved from /usr/local/lib/python3.10/dist-packages/airflow/example_dags/example_setup_teardown.py
[2023-12-06T18:47:36.809+0000] {logging_mixin.py:154} INFO - [2023-12-06T18:47:36.808+0000] {dag.py:2941} INFO - Sync 1 DAGs
[2023-12-06T18:47:36.829+0000] {logging_mixin.py:154} INFO - [2023-12-06T18:47:36.829+0000] {dag.py:3722} INFO - Setting next_dagrun for example_setup_teardown to 2023-12-05T18:47:36.828781+00:00, run_after=2023-12-06T18:47:36.828781+00:00
[2023-12-06T18:47:36.857+0000] {processor.py:179} INFO - Processing /usr/local/lib/python3.10/dist-packages/airflow/example_dags/example_setup_teardown.py took 0.080 seconds
[2023-12-06T18:48:26.451+0000] {processor.py:157} INFO - Started process (PID=5307) to work on /usr/local/lib/python3.10/dist-packages/airflow/example_dags/example_setup_teardown.py
[2023-12-06T18:48:26.453+0000] {processor.py:829} INFO - Processing file /usr/local/lib/python3.10/dist-packages/airflow/example_dags/example_setup_teardown.py for tasks to queue
[2023-12-06T18:48:26.453+0000] {logging_mixin.py:154} INFO - [2023-12-06T18:48:26.453+0000] {dagbag.py:536} INFO - Filling up the DagBag from /usr/local/lib/python3.10/dist-packages/airflow/example_dags/example_setup_teardown.py
[2023-12-06T18:48:26.462+0000] {processor.py:839} INFO - DAG(s) dict_keys(['example_setup_teardown']) retrieved from /usr/local/lib/python3.10/dist-packages/airflow/example_dags/example_setup_teardown.py
[2023-12-06T18:48:26.480+0000] {logging_mixin.py:154} INFO - [2023-12-06T18:48:26.480+0000] {dag.py:2941} INFO - Sync 1 DAGs
[2023-12-06T18:48:26.501+0000] {logging_mixin.py:154} INFO - [2023-12-06T18:48:26.500+0000] {dag.py:3722} INFO - Setting next_dagrun for example_setup_teardown to 2023-12-05T18:48:26.500719+00:00, run_after=2023-12-06T18:48:26.500719+00:00
[2023-12-06T18:48:26.524+0000] {processor.py:179} INFO - Processing /usr/local/lib/python3.10/dist-packages/airflow/example_dags/example_setup_teardown.py took 0.076 seconds
[2023-12-06T18:49:14.205+0000] {processor.py:157} INFO - Started process (PID=5355) to work on /usr/local/lib/python3.10/dist-packages/airflow/example_dags/example_setup_teardown.py
[2023-12-06T18:49:14.206+0000] {processor.py:829} INFO - Processing file /usr/local/lib/python3.10/dist-packages/airflow/example_dags/example_setup_teardown.py for tasks to queue
[2023-12-06T18:49:14.207+0000] {logging_mixin.py:154} INFO - [2023-12-06T18:49:14.207+0000] {dagbag.py:536} INFO - Filling up the DagBag from /usr/local/lib/python3.10/dist-packages/airflow/example_dags/example_setup_teardown.py
[2023-12-06T18:49:14.215+0000] {processor.py:839} INFO - DAG(s) dict_keys(['example_setup_teardown']) retrieved from /usr/local/lib/python3.10/dist-packages/airflow/example_dags/example_setup_teardown.py
[2023-12-06T18:49:14.233+0000] {logging_mixin.py:154} INFO - [2023-12-06T18:49:14.233+0000] {dag.py:2941} INFO - Sync 1 DAGs
[2023-12-06T18:49:14.255+0000] {logging_mixin.py:154} INFO - [2023-12-06T18:49:14.254+0000] {dag.py:3722} INFO - Setting next_dagrun for example_setup_teardown to 2023-12-05T18:49:14.254654+00:00, run_after=2023-12-06T18:49:14.254654+00:00
[2023-12-06T18:49:14.277+0000] {processor.py:179} INFO - Processing /usr/local/lib/python3.10/dist-packages/airflow/example_dags/example_setup_teardown.py took 0.076 seconds
[2023-12-06T18:49:55.858+0000] {processor.py:157} INFO - Started process (PID=5401) to work on /usr/local/lib/python3.10/dist-packages/airflow/example_dags/example_setup_teardown.py
[2023-12-06T18:49:55.859+0000] {processor.py:829} INFO - Processing file /usr/local/lib/python3.10/dist-packages/airflow/example_dags/example_setup_teardown.py for tasks to queue
[2023-12-06T18:49:55.860+0000] {logging_mixin.py:154} INFO - [2023-12-06T18:49:55.860+0000] {dagbag.py:536} INFO - Filling up the DagBag from /usr/local/lib/python3.10/dist-packages/airflow/example_dags/example_setup_teardown.py
[2023-12-06T18:49:55.868+0000] {processor.py:839} INFO - DAG(s) dict_keys(['example_setup_teardown']) retrieved from /usr/local/lib/python3.10/dist-packages/airflow/example_dags/example_setup_teardown.py
[2023-12-06T18:49:55.885+0000] {logging_mixin.py:154} INFO - [2023-12-06T18:49:55.885+0000] {dag.py:2941} INFO - Sync 1 DAGs
[2023-12-06T18:49:55.905+0000] {logging_mixin.py:154} INFO - [2023-12-06T18:49:55.905+0000] {dag.py:3722} INFO - Setting next_dagrun for example_setup_teardown to 2023-12-05T18:49:55.904908+00:00, run_after=2023-12-06T18:49:55.904908+00:00
[2023-12-06T18:49:55.927+0000] {processor.py:179} INFO - Processing /usr/local/lib/python3.10/dist-packages/airflow/example_dags/example_setup_teardown.py took 0.072 seconds
[2023-12-06T18:50:37.284+0000] {processor.py:157} INFO - Started process (PID=5443) to work on /usr/local/lib/python3.10/dist-packages/airflow/example_dags/example_setup_teardown.py
[2023-12-06T18:50:37.286+0000] {processor.py:829} INFO - Processing file /usr/local/lib/python3.10/dist-packages/airflow/example_dags/example_setup_teardown.py for tasks to queue
[2023-12-06T18:50:37.287+0000] {logging_mixin.py:154} INFO - [2023-12-06T18:50:37.286+0000] {dagbag.py:536} INFO - Filling up the DagBag from /usr/local/lib/python3.10/dist-packages/airflow/example_dags/example_setup_teardown.py
[2023-12-06T18:50:37.295+0000] {processor.py:839} INFO - DAG(s) dict_keys(['example_setup_teardown']) retrieved from /usr/local/lib/python3.10/dist-packages/airflow/example_dags/example_setup_teardown.py
[2023-12-06T18:50:37.312+0000] {logging_mixin.py:154} INFO - [2023-12-06T18:50:37.312+0000] {dag.py:2941} INFO - Sync 1 DAGs
[2023-12-06T18:50:37.333+0000] {logging_mixin.py:154} INFO - [2023-12-06T18:50:37.332+0000] {dag.py:3722} INFO - Setting next_dagrun for example_setup_teardown to 2023-12-05T18:50:37.332555+00:00, run_after=2023-12-06T18:50:37.332555+00:00
[2023-12-06T18:50:37.369+0000] {processor.py:179} INFO - Processing /usr/local/lib/python3.10/dist-packages/airflow/example_dags/example_setup_teardown.py took 0.088 seconds
[2023-12-06T18:51:19.592+0000] {processor.py:157} INFO - Started process (PID=5492) to work on /usr/local/lib/python3.10/dist-packages/airflow/example_dags/example_setup_teardown.py
[2023-12-06T18:51:19.593+0000] {processor.py:829} INFO - Processing file /usr/local/lib/python3.10/dist-packages/airflow/example_dags/example_setup_teardown.py for tasks to queue
[2023-12-06T18:51:19.594+0000] {logging_mixin.py:154} INFO - [2023-12-06T18:51:19.594+0000] {dagbag.py:536} INFO - Filling up the DagBag from /usr/local/lib/python3.10/dist-packages/airflow/example_dags/example_setup_teardown.py
[2023-12-06T18:51:19.602+0000] {processor.py:839} INFO - DAG(s) dict_keys(['example_setup_teardown']) retrieved from /usr/local/lib/python3.10/dist-packages/airflow/example_dags/example_setup_teardown.py
[2023-12-06T18:51:19.620+0000] {logging_mixin.py:154} INFO - [2023-12-06T18:51:19.620+0000] {dag.py:2941} INFO - Sync 1 DAGs
[2023-12-06T18:51:19.641+0000] {logging_mixin.py:154} INFO - [2023-12-06T18:51:19.640+0000] {dag.py:3722} INFO - Setting next_dagrun for example_setup_teardown to 2023-12-05T18:51:19.640645+00:00, run_after=2023-12-06T18:51:19.640645+00:00
[2023-12-06T18:51:19.662+0000] {processor.py:179} INFO - Processing /usr/local/lib/python3.10/dist-packages/airflow/example_dags/example_setup_teardown.py took 0.074 seconds
[2023-12-06T18:52:02.027+0000] {processor.py:157} INFO - Started process (PID=5537) to work on /usr/local/lib/python3.10/dist-packages/airflow/example_dags/example_setup_teardown.py
[2023-12-06T18:52:02.029+0000] {processor.py:829} INFO - Processing file /usr/local/lib/python3.10/dist-packages/airflow/example_dags/example_setup_teardown.py for tasks to queue
[2023-12-06T18:52:02.031+0000] {logging_mixin.py:154} INFO - [2023-12-06T18:52:02.031+0000] {dagbag.py:536} INFO - Filling up the DagBag from /usr/local/lib/python3.10/dist-packages/airflow/example_dags/example_setup_teardown.py
[2023-12-06T18:52:02.050+0000] {processor.py:839} INFO - DAG(s) dict_keys(['example_setup_teardown']) retrieved from /usr/local/lib/python3.10/dist-packages/airflow/example_dags/example_setup_teardown.py
[2023-12-06T18:52:02.089+0000] {logging_mixin.py:154} INFO - [2023-12-06T18:52:02.089+0000] {dag.py:2941} INFO - Sync 1 DAGs
[2023-12-06T18:52:02.139+0000] {logging_mixin.py:154} INFO - [2023-12-06T18:52:02.139+0000] {dag.py:3722} INFO - Setting next_dagrun for example_setup_teardown to 2023-12-05T18:52:02.139440+00:00, run_after=2023-12-06T18:52:02.139440+00:00
[2023-12-06T18:52:02.170+0000] {processor.py:179} INFO - Processing /usr/local/lib/python3.10/dist-packages/airflow/example_dags/example_setup_teardown.py took 0.148 seconds
[2023-12-06T18:52:35.533+0000] {processor.py:157} INFO - Started process (PID=5570) to work on /usr/local/lib/python3.10/dist-packages/airflow/example_dags/example_setup_teardown.py
[2023-12-06T18:52:35.534+0000] {processor.py:829} INFO - Processing file /usr/local/lib/python3.10/dist-packages/airflow/example_dags/example_setup_teardown.py for tasks to queue
[2023-12-06T18:52:35.535+0000] {logging_mixin.py:154} INFO - [2023-12-06T18:52:35.535+0000] {dagbag.py:536} INFO - Filling up the DagBag from /usr/local/lib/python3.10/dist-packages/airflow/example_dags/example_setup_teardown.py
[2023-12-06T18:52:35.544+0000] {processor.py:839} INFO - DAG(s) dict_keys(['example_setup_teardown']) retrieved from /usr/local/lib/python3.10/dist-packages/airflow/example_dags/example_setup_teardown.py
[2023-12-06T18:52:35.563+0000] {logging_mixin.py:154} INFO - [2023-12-06T18:52:35.562+0000] {dag.py:2941} INFO - Sync 1 DAGs
[2023-12-06T18:52:35.585+0000] {logging_mixin.py:154} INFO - [2023-12-06T18:52:35.584+0000] {dag.py:3722} INFO - Setting next_dagrun for example_setup_teardown to 2023-12-05T18:52:35.584440+00:00, run_after=2023-12-06T18:52:35.584440+00:00
[2023-12-06T18:52:35.609+0000] {processor.py:179} INFO - Processing /usr/local/lib/python3.10/dist-packages/airflow/example_dags/example_setup_teardown.py took 0.080 seconds
[2023-12-06T18:53:21.217+0000] {processor.py:157} INFO - Started process (PID=5617) to work on /usr/local/lib/python3.10/dist-packages/airflow/example_dags/example_setup_teardown.py
[2023-12-06T18:53:21.218+0000] {processor.py:829} INFO - Processing file /usr/local/lib/python3.10/dist-packages/airflow/example_dags/example_setup_teardown.py for tasks to queue
[2023-12-06T18:53:21.219+0000] {logging_mixin.py:154} INFO - [2023-12-06T18:53:21.218+0000] {dagbag.py:536} INFO - Filling up the DagBag from /usr/local/lib/python3.10/dist-packages/airflow/example_dags/example_setup_teardown.py
[2023-12-06T18:53:21.227+0000] {processor.py:839} INFO - DAG(s) dict_keys(['example_setup_teardown']) retrieved from /usr/local/lib/python3.10/dist-packages/airflow/example_dags/example_setup_teardown.py
[2023-12-06T18:53:21.245+0000] {logging_mixin.py:154} INFO - [2023-12-06T18:53:21.245+0000] {dag.py:2941} INFO - Sync 1 DAGs
[2023-12-06T18:53:21.266+0000] {logging_mixin.py:154} INFO - [2023-12-06T18:53:21.266+0000] {dag.py:3722} INFO - Setting next_dagrun for example_setup_teardown to 2023-12-05T18:53:21.266035+00:00, run_after=2023-12-06T18:53:21.266035+00:00
[2023-12-06T18:53:21.289+0000] {processor.py:179} INFO - Processing /usr/local/lib/python3.10/dist-packages/airflow/example_dags/example_setup_teardown.py took 0.076 seconds
[2023-12-06T18:54:04.031+0000] {processor.py:157} INFO - Started process (PID=5662) to work on /usr/local/lib/python3.10/dist-packages/airflow/example_dags/example_setup_teardown.py
[2023-12-06T18:54:04.032+0000] {processor.py:829} INFO - Processing file /usr/local/lib/python3.10/dist-packages/airflow/example_dags/example_setup_teardown.py for tasks to queue
[2023-12-06T18:54:04.033+0000] {logging_mixin.py:154} INFO - [2023-12-06T18:54:04.033+0000] {dagbag.py:536} INFO - Filling up the DagBag from /usr/local/lib/python3.10/dist-packages/airflow/example_dags/example_setup_teardown.py
[2023-12-06T18:54:04.041+0000] {processor.py:839} INFO - DAG(s) dict_keys(['example_setup_teardown']) retrieved from /usr/local/lib/python3.10/dist-packages/airflow/example_dags/example_setup_teardown.py
[2023-12-06T18:54:04.059+0000] {logging_mixin.py:154} INFO - [2023-12-06T18:54:04.059+0000] {dag.py:2941} INFO - Sync 1 DAGs
[2023-12-06T18:54:04.080+0000] {logging_mixin.py:154} INFO - [2023-12-06T18:54:04.080+0000] {dag.py:3722} INFO - Setting next_dagrun for example_setup_teardown to 2023-12-05T18:54:04.080469+00:00, run_after=2023-12-06T18:54:04.080469+00:00
[2023-12-06T18:54:04.103+0000] {processor.py:179} INFO - Processing /usr/local/lib/python3.10/dist-packages/airflow/example_dags/example_setup_teardown.py took 0.076 seconds
[2023-12-06T18:54:50.801+0000] {processor.py:157} INFO - Started process (PID=5710) to work on /usr/local/lib/python3.10/dist-packages/airflow/example_dags/example_setup_teardown.py
[2023-12-06T18:54:50.802+0000] {processor.py:829} INFO - Processing file /usr/local/lib/python3.10/dist-packages/airflow/example_dags/example_setup_teardown.py for tasks to queue
[2023-12-06T18:54:50.803+0000] {logging_mixin.py:154} INFO - [2023-12-06T18:54:50.803+0000] {dagbag.py:536} INFO - Filling up the DagBag from /usr/local/lib/python3.10/dist-packages/airflow/example_dags/example_setup_teardown.py
[2023-12-06T18:54:50.811+0000] {processor.py:839} INFO - DAG(s) dict_keys(['example_setup_teardown']) retrieved from /usr/local/lib/python3.10/dist-packages/airflow/example_dags/example_setup_teardown.py
[2023-12-06T18:54:50.830+0000] {logging_mixin.py:154} INFO - [2023-12-06T18:54:50.829+0000] {dag.py:2941} INFO - Sync 1 DAGs
[2023-12-06T18:54:50.851+0000] {logging_mixin.py:154} INFO - [2023-12-06T18:54:50.851+0000] {dag.py:3722} INFO - Setting next_dagrun for example_setup_teardown to 2023-12-05T18:54:50.851332+00:00, run_after=2023-12-06T18:54:50.851332+00:00
[2023-12-06T18:54:50.873+0000] {processor.py:179} INFO - Processing /usr/local/lib/python3.10/dist-packages/airflow/example_dags/example_setup_teardown.py took 0.076 seconds
[2023-12-06T18:55:37.753+0000] {processor.py:157} INFO - Started process (PID=5757) to work on /usr/local/lib/python3.10/dist-packages/airflow/example_dags/example_setup_teardown.py
[2023-12-06T18:55:37.755+0000] {processor.py:829} INFO - Processing file /usr/local/lib/python3.10/dist-packages/airflow/example_dags/example_setup_teardown.py for tasks to queue
[2023-12-06T18:55:37.755+0000] {logging_mixin.py:154} INFO - [2023-12-06T18:55:37.755+0000] {dagbag.py:536} INFO - Filling up the DagBag from /usr/local/lib/python3.10/dist-packages/airflow/example_dags/example_setup_teardown.py
[2023-12-06T18:55:37.763+0000] {processor.py:839} INFO - DAG(s) dict_keys(['example_setup_teardown']) retrieved from /usr/local/lib/python3.10/dist-packages/airflow/example_dags/example_setup_teardown.py
[2023-12-06T18:55:37.781+0000] {logging_mixin.py:154} INFO - [2023-12-06T18:55:37.781+0000] {dag.py:2941} INFO - Sync 1 DAGs
[2023-12-06T18:55:37.802+0000] {logging_mixin.py:154} INFO - [2023-12-06T18:55:37.802+0000] {dag.py:3722} INFO - Setting next_dagrun for example_setup_teardown to 2023-12-05T18:55:37.801719+00:00, run_after=2023-12-06T18:55:37.801719+00:00
[2023-12-06T18:55:37.825+0000] {processor.py:179} INFO - Processing /usr/local/lib/python3.10/dist-packages/airflow/example_dags/example_setup_teardown.py took 0.076 seconds
[2023-12-06T18:56:22.862+0000] {processor.py:157} INFO - Started process (PID=5805) to work on /usr/local/lib/python3.10/dist-packages/airflow/example_dags/example_setup_teardown.py
[2023-12-06T18:56:22.864+0000] {processor.py:829} INFO - Processing file /usr/local/lib/python3.10/dist-packages/airflow/example_dags/example_setup_teardown.py for tasks to queue
[2023-12-06T18:56:22.865+0000] {logging_mixin.py:154} INFO - [2023-12-06T18:56:22.864+0000] {dagbag.py:536} INFO - Filling up the DagBag from /usr/local/lib/python3.10/dist-packages/airflow/example_dags/example_setup_teardown.py
[2023-12-06T18:56:22.873+0000] {processor.py:839} INFO - DAG(s) dict_keys(['example_setup_teardown']) retrieved from /usr/local/lib/python3.10/dist-packages/airflow/example_dags/example_setup_teardown.py
[2023-12-06T18:56:22.891+0000] {logging_mixin.py:154} INFO - [2023-12-06T18:56:22.890+0000] {dag.py:2941} INFO - Sync 1 DAGs
[2023-12-06T18:56:22.911+0000] {logging_mixin.py:154} INFO - [2023-12-06T18:56:22.911+0000] {dag.py:3722} INFO - Setting next_dagrun for example_setup_teardown to 2023-12-05T18:56:22.911350+00:00, run_after=2023-12-06T18:56:22.911350+00:00
[2023-12-06T18:56:22.933+0000] {processor.py:179} INFO - Processing /usr/local/lib/python3.10/dist-packages/airflow/example_dags/example_setup_teardown.py took 0.074 seconds
[2023-12-06T18:57:08.094+0000] {processor.py:157} INFO - Started process (PID=5852) to work on /usr/local/lib/python3.10/dist-packages/airflow/example_dags/example_setup_teardown.py
[2023-12-06T18:57:08.096+0000] {processor.py:829} INFO - Processing file /usr/local/lib/python3.10/dist-packages/airflow/example_dags/example_setup_teardown.py for tasks to queue
[2023-12-06T18:57:08.097+0000] {logging_mixin.py:154} INFO - [2023-12-06T18:57:08.096+0000] {dagbag.py:536} INFO - Filling up the DagBag from /usr/local/lib/python3.10/dist-packages/airflow/example_dags/example_setup_teardown.py
[2023-12-06T18:57:08.105+0000] {processor.py:839} INFO - DAG(s) dict_keys(['example_setup_teardown']) retrieved from /usr/local/lib/python3.10/dist-packages/airflow/example_dags/example_setup_teardown.py
[2023-12-06T18:57:08.123+0000] {logging_mixin.py:154} INFO - [2023-12-06T18:57:08.123+0000] {dag.py:2941} INFO - Sync 1 DAGs
[2023-12-06T18:57:08.145+0000] {logging_mixin.py:154} INFO - [2023-12-06T18:57:08.144+0000] {dag.py:3722} INFO - Setting next_dagrun for example_setup_teardown to 2023-12-05T18:57:08.144683+00:00, run_after=2023-12-06T18:57:08.144683+00:00
[2023-12-06T18:57:08.168+0000] {processor.py:179} INFO - Processing /usr/local/lib/python3.10/dist-packages/airflow/example_dags/example_setup_teardown.py took 0.077 seconds
[2023-12-06T18:57:57.438+0000] {processor.py:157} INFO - Started process (PID=5904) to work on /usr/local/lib/python3.10/dist-packages/airflow/example_dags/example_setup_teardown.py
[2023-12-06T18:57:57.440+0000] {processor.py:829} INFO - Processing file /usr/local/lib/python3.10/dist-packages/airflow/example_dags/example_setup_teardown.py for tasks to queue
[2023-12-06T18:57:57.441+0000] {logging_mixin.py:154} INFO - [2023-12-06T18:57:57.440+0000] {dagbag.py:536} INFO - Filling up the DagBag from /usr/local/lib/python3.10/dist-packages/airflow/example_dags/example_setup_teardown.py
[2023-12-06T18:57:57.449+0000] {processor.py:839} INFO - DAG(s) dict_keys(['example_setup_teardown']) retrieved from /usr/local/lib/python3.10/dist-packages/airflow/example_dags/example_setup_teardown.py
[2023-12-06T18:57:57.467+0000] {logging_mixin.py:154} INFO - [2023-12-06T18:57:57.467+0000] {dag.py:2941} INFO - Sync 1 DAGs
[2023-12-06T18:57:57.487+0000] {logging_mixin.py:154} INFO - [2023-12-06T18:57:57.487+0000] {dag.py:3722} INFO - Setting next_dagrun for example_setup_teardown to 2023-12-05T18:57:57.487098+00:00, run_after=2023-12-06T18:57:57.487098+00:00
[2023-12-06T18:57:57.509+0000] {processor.py:179} INFO - Processing /usr/local/lib/python3.10/dist-packages/airflow/example_dags/example_setup_teardown.py took 0.074 seconds
[2023-12-06T18:58:41.251+0000] {processor.py:157} INFO - Started process (PID=5949) to work on /usr/local/lib/python3.10/dist-packages/airflow/example_dags/example_setup_teardown.py
[2023-12-06T18:58:41.252+0000] {processor.py:829} INFO - Processing file /usr/local/lib/python3.10/dist-packages/airflow/example_dags/example_setup_teardown.py for tasks to queue
[2023-12-06T18:58:41.253+0000] {logging_mixin.py:154} INFO - [2023-12-06T18:58:41.252+0000] {dagbag.py:536} INFO - Filling up the DagBag from /usr/local/lib/python3.10/dist-packages/airflow/example_dags/example_setup_teardown.py
[2023-12-06T18:58:41.261+0000] {processor.py:839} INFO - DAG(s) dict_keys(['example_setup_teardown']) retrieved from /usr/local/lib/python3.10/dist-packages/airflow/example_dags/example_setup_teardown.py
[2023-12-06T18:58:41.279+0000] {logging_mixin.py:154} INFO - [2023-12-06T18:58:41.279+0000] {dag.py:2941} INFO - Sync 1 DAGs
[2023-12-06T18:58:41.300+0000] {logging_mixin.py:154} INFO - [2023-12-06T18:58:41.300+0000] {dag.py:3722} INFO - Setting next_dagrun for example_setup_teardown to 2023-12-05T18:58:41.299866+00:00, run_after=2023-12-06T18:58:41.299866+00:00
[2023-12-06T18:58:41.324+0000] {processor.py:179} INFO - Processing /usr/local/lib/python3.10/dist-packages/airflow/example_dags/example_setup_teardown.py took 0.077 seconds
[2023-12-06T18:59:27.560+0000] {processor.py:157} INFO - Started process (PID=5996) to work on /usr/local/lib/python3.10/dist-packages/airflow/example_dags/example_setup_teardown.py
[2023-12-06T18:59:27.562+0000] {processor.py:829} INFO - Processing file /usr/local/lib/python3.10/dist-packages/airflow/example_dags/example_setup_teardown.py for tasks to queue
[2023-12-06T18:59:27.562+0000] {logging_mixin.py:154} INFO - [2023-12-06T18:59:27.562+0000] {dagbag.py:536} INFO - Filling up the DagBag from /usr/local/lib/python3.10/dist-packages/airflow/example_dags/example_setup_teardown.py
[2023-12-06T18:59:27.570+0000] {processor.py:839} INFO - DAG(s) dict_keys(['example_setup_teardown']) retrieved from /usr/local/lib/python3.10/dist-packages/airflow/example_dags/example_setup_teardown.py
[2023-12-06T18:59:27.588+0000] {logging_mixin.py:154} INFO - [2023-12-06T18:59:27.587+0000] {dag.py:2941} INFO - Sync 1 DAGs
[2023-12-06T18:59:27.607+0000] {logging_mixin.py:154} INFO - [2023-12-06T18:59:27.607+0000] {dag.py:3722} INFO - Setting next_dagrun for example_setup_teardown to 2023-12-05T18:59:27.607470+00:00, run_after=2023-12-06T18:59:27.607470+00:00
[2023-12-06T18:59:27.630+0000] {processor.py:179} INFO - Processing /usr/local/lib/python3.10/dist-packages/airflow/example_dags/example_setup_teardown.py took 0.073 seconds
[2023-12-06T19:00:12.848+0000] {processor.py:157} INFO - Started process (PID=6203) to work on /usr/local/lib/python3.10/dist-packages/airflow/example_dags/example_setup_teardown.py
[2023-12-06T19:00:12.850+0000] {processor.py:829} INFO - Processing file /usr/local/lib/python3.10/dist-packages/airflow/example_dags/example_setup_teardown.py for tasks to queue
[2023-12-06T19:00:12.851+0000] {logging_mixin.py:154} INFO - [2023-12-06T19:00:12.851+0000] {dagbag.py:536} INFO - Filling up the DagBag from /usr/local/lib/python3.10/dist-packages/airflow/example_dags/example_setup_teardown.py
[2023-12-06T19:00:12.868+0000] {processor.py:839} INFO - DAG(s) dict_keys(['example_setup_teardown']) retrieved from /usr/local/lib/python3.10/dist-packages/airflow/example_dags/example_setup_teardown.py
[2023-12-06T19:00:12.916+0000] {logging_mixin.py:154} INFO - [2023-12-06T19:00:12.915+0000] {dag.py:2941} INFO - Sync 1 DAGs
[2023-12-06T19:00:12.966+0000] {logging_mixin.py:154} INFO - [2023-12-06T19:00:12.966+0000] {dag.py:3722} INFO - Setting next_dagrun for example_setup_teardown to 2023-12-05T19:00:12.966386+00:00, run_after=2023-12-06T19:00:12.966386+00:00
[2023-12-06T19:00:13.119+0000] {processor.py:179} INFO - Processing /usr/local/lib/python3.10/dist-packages/airflow/example_dags/example_setup_teardown.py took 0.281 seconds
[2023-12-06T19:00:49.484+0000] {processor.py:157} INFO - Started process (PID=6384) to work on /usr/local/lib/python3.10/dist-packages/airflow/example_dags/example_setup_teardown.py
[2023-12-06T19:00:49.488+0000] {processor.py:829} INFO - Processing file /usr/local/lib/python3.10/dist-packages/airflow/example_dags/example_setup_teardown.py for tasks to queue
[2023-12-06T19:00:49.489+0000] {logging_mixin.py:154} INFO - [2023-12-06T19:00:49.488+0000] {dagbag.py:536} INFO - Filling up the DagBag from /usr/local/lib/python3.10/dist-packages/airflow/example_dags/example_setup_teardown.py
[2023-12-06T19:00:49.497+0000] {processor.py:839} INFO - DAG(s) dict_keys(['example_setup_teardown']) retrieved from /usr/local/lib/python3.10/dist-packages/airflow/example_dags/example_setup_teardown.py
[2023-12-06T19:00:49.515+0000] {logging_mixin.py:154} INFO - [2023-12-06T19:00:49.515+0000] {dag.py:2941} INFO - Sync 1 DAGs
[2023-12-06T19:00:49.535+0000] {logging_mixin.py:154} INFO - [2023-12-06T19:00:49.535+0000] {dag.py:3722} INFO - Setting next_dagrun for example_setup_teardown to 2023-12-05T19:00:49.535423+00:00, run_after=2023-12-06T19:00:49.535423+00:00
[2023-12-06T19:00:49.557+0000] {processor.py:179} INFO - Processing /usr/local/lib/python3.10/dist-packages/airflow/example_dags/example_setup_teardown.py took 0.077 seconds
[2023-12-06T19:01:39.855+0000] {processor.py:157} INFO - Started process (PID=6488) to work on /usr/local/lib/python3.10/dist-packages/airflow/example_dags/example_setup_teardown.py
[2023-12-06T19:01:39.857+0000] {processor.py:829} INFO - Processing file /usr/local/lib/python3.10/dist-packages/airflow/example_dags/example_setup_teardown.py for tasks to queue
[2023-12-06T19:01:39.858+0000] {logging_mixin.py:154} INFO - [2023-12-06T19:01:39.857+0000] {dagbag.py:536} INFO - Filling up the DagBag from /usr/local/lib/python3.10/dist-packages/airflow/example_dags/example_setup_teardown.py
[2023-12-06T19:01:39.866+0000] {processor.py:839} INFO - DAG(s) dict_keys(['example_setup_teardown']) retrieved from /usr/local/lib/python3.10/dist-packages/airflow/example_dags/example_setup_teardown.py
[2023-12-06T19:01:39.884+0000] {logging_mixin.py:154} INFO - [2023-12-06T19:01:39.883+0000] {dag.py:2941} INFO - Sync 1 DAGs
[2023-12-06T19:01:39.905+0000] {logging_mixin.py:154} INFO - [2023-12-06T19:01:39.905+0000] {dag.py:3722} INFO - Setting next_dagrun for example_setup_teardown to 2023-12-05T19:01:39.905309+00:00, run_after=2023-12-06T19:01:39.905309+00:00
[2023-12-06T19:01:39.928+0000] {processor.py:179} INFO - Processing /usr/local/lib/python3.10/dist-packages/airflow/example_dags/example_setup_teardown.py took 0.076 seconds
[2023-12-06T19:02:24.229+0000] {processor.py:157} INFO - Started process (PID=6536) to work on /usr/local/lib/python3.10/dist-packages/airflow/example_dags/example_setup_teardown.py
[2023-12-06T19:02:24.230+0000] {processor.py:829} INFO - Processing file /usr/local/lib/python3.10/dist-packages/airflow/example_dags/example_setup_teardown.py for tasks to queue
[2023-12-06T19:02:24.231+0000] {logging_mixin.py:154} INFO - [2023-12-06T19:02:24.231+0000] {dagbag.py:536} INFO - Filling up the DagBag from /usr/local/lib/python3.10/dist-packages/airflow/example_dags/example_setup_teardown.py
[2023-12-06T19:02:24.239+0000] {processor.py:839} INFO - DAG(s) dict_keys(['example_setup_teardown']) retrieved from /usr/local/lib/python3.10/dist-packages/airflow/example_dags/example_setup_teardown.py
[2023-12-06T19:02:24.256+0000] {logging_mixin.py:154} INFO - [2023-12-06T19:02:24.256+0000] {dag.py:2941} INFO - Sync 1 DAGs
[2023-12-06T19:02:24.276+0000] {logging_mixin.py:154} INFO - [2023-12-06T19:02:24.276+0000] {dag.py:3722} INFO - Setting next_dagrun for example_setup_teardown to 2023-12-05T19:02:24.276399+00:00, run_after=2023-12-06T19:02:24.276399+00:00
[2023-12-06T19:02:24.298+0000] {processor.py:179} INFO - Processing /usr/local/lib/python3.10/dist-packages/airflow/example_dags/example_setup_teardown.py took 0.073 seconds
[2023-12-06T19:03:08.645+0000] {processor.py:157} INFO - Started process (PID=6581) to work on /usr/local/lib/python3.10/dist-packages/airflow/example_dags/example_setup_teardown.py
[2023-12-06T19:03:08.646+0000] {processor.py:829} INFO - Processing file /usr/local/lib/python3.10/dist-packages/airflow/example_dags/example_setup_teardown.py for tasks to queue
[2023-12-06T19:03:08.647+0000] {logging_mixin.py:154} INFO - [2023-12-06T19:03:08.647+0000] {dagbag.py:536} INFO - Filling up the DagBag from /usr/local/lib/python3.10/dist-packages/airflow/example_dags/example_setup_teardown.py
[2023-12-06T19:03:08.655+0000] {processor.py:839} INFO - DAG(s) dict_keys(['example_setup_teardown']) retrieved from /usr/local/lib/python3.10/dist-packages/airflow/example_dags/example_setup_teardown.py
[2023-12-06T19:03:08.673+0000] {logging_mixin.py:154} INFO - [2023-12-06T19:03:08.673+0000] {dag.py:2941} INFO - Sync 1 DAGs
[2023-12-06T19:03:08.694+0000] {logging_mixin.py:154} INFO - [2023-12-06T19:03:08.694+0000] {dag.py:3722} INFO - Setting next_dagrun for example_setup_teardown to 2023-12-05T19:03:08.693801+00:00, run_after=2023-12-06T19:03:08.693801+00:00
[2023-12-06T19:03:08.717+0000] {processor.py:179} INFO - Processing /usr/local/lib/python3.10/dist-packages/airflow/example_dags/example_setup_teardown.py took 0.075 seconds
[2023-12-06T19:03:43.801+0000] {processor.py:157} INFO - Started process (PID=6615) to work on /usr/local/lib/python3.10/dist-packages/airflow/example_dags/example_setup_teardown.py
[2023-12-06T19:03:43.803+0000] {processor.py:829} INFO - Processing file /usr/local/lib/python3.10/dist-packages/airflow/example_dags/example_setup_teardown.py for tasks to queue
[2023-12-06T19:03:43.804+0000] {logging_mixin.py:154} INFO - [2023-12-06T19:03:43.803+0000] {dagbag.py:536} INFO - Filling up the DagBag from /usr/local/lib/python3.10/dist-packages/airflow/example_dags/example_setup_teardown.py
[2023-12-06T19:03:43.812+0000] {processor.py:839} INFO - DAG(s) dict_keys(['example_setup_teardown']) retrieved from /usr/local/lib/python3.10/dist-packages/airflow/example_dags/example_setup_teardown.py
[2023-12-06T19:03:43.839+0000] {logging_mixin.py:154} INFO - [2023-12-06T19:03:43.839+0000] {dag.py:2941} INFO - Sync 1 DAGs
[2023-12-06T19:03:43.862+0000] {logging_mixin.py:154} INFO - [2023-12-06T19:03:43.862+0000] {dag.py:3722} INFO - Setting next_dagrun for example_setup_teardown to 2023-12-05T19:03:43.862135+00:00, run_after=2023-12-06T19:03:43.862135+00:00
[2023-12-06T19:03:43.885+0000] {processor.py:179} INFO - Processing /usr/local/lib/python3.10/dist-packages/airflow/example_dags/example_setup_teardown.py took 0.087 seconds
[2023-12-06T19:04:30.171+0000] {processor.py:157} INFO - Started process (PID=6662) to work on /usr/local/lib/python3.10/dist-packages/airflow/example_dags/example_setup_teardown.py
[2023-12-06T19:04:30.172+0000] {processor.py:829} INFO - Processing file /usr/local/lib/python3.10/dist-packages/airflow/example_dags/example_setup_teardown.py for tasks to queue
[2023-12-06T19:04:30.173+0000] {logging_mixin.py:154} INFO - [2023-12-06T19:04:30.173+0000] {dagbag.py:536} INFO - Filling up the DagBag from /usr/local/lib/python3.10/dist-packages/airflow/example_dags/example_setup_teardown.py
[2023-12-06T19:04:30.181+0000] {processor.py:839} INFO - DAG(s) dict_keys(['example_setup_teardown']) retrieved from /usr/local/lib/python3.10/dist-packages/airflow/example_dags/example_setup_teardown.py
[2023-12-06T19:04:30.199+0000] {logging_mixin.py:154} INFO - [2023-12-06T19:04:30.198+0000] {dag.py:2941} INFO - Sync 1 DAGs
[2023-12-06T19:04:30.219+0000] {logging_mixin.py:154} INFO - [2023-12-06T19:04:30.219+0000] {dag.py:3722} INFO - Setting next_dagrun for example_setup_teardown to 2023-12-05T19:04:30.219299+00:00, run_after=2023-12-06T19:04:30.219299+00:00
[2023-12-06T19:04:30.243+0000] {processor.py:179} INFO - Processing /usr/local/lib/python3.10/dist-packages/airflow/example_dags/example_setup_teardown.py took 0.075 seconds
[2023-12-06T19:05:20.763+0000] {processor.py:157} INFO - Started process (PID=6883) to work on /usr/local/lib/python3.10/dist-packages/airflow/example_dags/example_setup_teardown.py
[2023-12-06T19:05:20.765+0000] {processor.py:829} INFO - Processing file /usr/local/lib/python3.10/dist-packages/airflow/example_dags/example_setup_teardown.py for tasks to queue
[2023-12-06T19:05:20.766+0000] {logging_mixin.py:154} INFO - [2023-12-06T19:05:20.765+0000] {dagbag.py:536} INFO - Filling up the DagBag from /usr/local/lib/python3.10/dist-packages/airflow/example_dags/example_setup_teardown.py
[2023-12-06T19:05:20.774+0000] {processor.py:839} INFO - DAG(s) dict_keys(['example_setup_teardown']) retrieved from /usr/local/lib/python3.10/dist-packages/airflow/example_dags/example_setup_teardown.py
[2023-12-06T19:05:20.792+0000] {logging_mixin.py:154} INFO - [2023-12-06T19:05:20.792+0000] {dag.py:2941} INFO - Sync 1 DAGs
[2023-12-06T19:05:20.823+0000] {logging_mixin.py:154} INFO - [2023-12-06T19:05:20.822+0000] {dag.py:3722} INFO - Setting next_dagrun for example_setup_teardown to 2023-12-05T19:05:20.822715+00:00, run_after=2023-12-06T19:05:20.822715+00:00
[2023-12-06T19:05:20.851+0000] {processor.py:179} INFO - Processing /usr/local/lib/python3.10/dist-packages/airflow/example_dags/example_setup_teardown.py took 0.092 seconds
[2023-12-06T19:06:08.705+0000] {processor.py:157} INFO - Started process (PID=6931) to work on /usr/local/lib/python3.10/dist-packages/airflow/example_dags/example_setup_teardown.py
[2023-12-06T19:06:08.707+0000] {processor.py:829} INFO - Processing file /usr/local/lib/python3.10/dist-packages/airflow/example_dags/example_setup_teardown.py for tasks to queue
[2023-12-06T19:06:08.708+0000] {logging_mixin.py:154} INFO - [2023-12-06T19:06:08.708+0000] {dagbag.py:536} INFO - Filling up the DagBag from /usr/local/lib/python3.10/dist-packages/airflow/example_dags/example_setup_teardown.py
[2023-12-06T19:06:08.716+0000] {processor.py:839} INFO - DAG(s) dict_keys(['example_setup_teardown']) retrieved from /usr/local/lib/python3.10/dist-packages/airflow/example_dags/example_setup_teardown.py
[2023-12-06T19:06:08.735+0000] {logging_mixin.py:154} INFO - [2023-12-06T19:06:08.735+0000] {dag.py:2941} INFO - Sync 1 DAGs
[2023-12-06T19:06:08.756+0000] {logging_mixin.py:154} INFO - [2023-12-06T19:06:08.755+0000] {dag.py:3722} INFO - Setting next_dagrun for example_setup_teardown to 2023-12-05T19:06:08.755534+00:00, run_after=2023-12-06T19:06:08.755534+00:00
[2023-12-06T19:06:08.781+0000] {processor.py:179} INFO - Processing /usr/local/lib/python3.10/dist-packages/airflow/example_dags/example_setup_teardown.py took 0.079 seconds
[2023-12-06T19:06:54.950+0000] {processor.py:157} INFO - Started process (PID=6979) to work on /usr/local/lib/python3.10/dist-packages/airflow/example_dags/example_setup_teardown.py
[2023-12-06T19:06:54.952+0000] {processor.py:829} INFO - Processing file /usr/local/lib/python3.10/dist-packages/airflow/example_dags/example_setup_teardown.py for tasks to queue
[2023-12-06T19:06:54.953+0000] {logging_mixin.py:154} INFO - [2023-12-06T19:06:54.953+0000] {dagbag.py:536} INFO - Filling up the DagBag from /usr/local/lib/python3.10/dist-packages/airflow/example_dags/example_setup_teardown.py
[2023-12-06T19:06:54.961+0000] {processor.py:839} INFO - DAG(s) dict_keys(['example_setup_teardown']) retrieved from /usr/local/lib/python3.10/dist-packages/airflow/example_dags/example_setup_teardown.py
[2023-12-06T19:06:54.979+0000] {logging_mixin.py:154} INFO - [2023-12-06T19:06:54.979+0000] {dag.py:2941} INFO - Sync 1 DAGs
[2023-12-06T19:06:55.000+0000] {logging_mixin.py:154} INFO - [2023-12-06T19:06:54.999+0000] {dag.py:3722} INFO - Setting next_dagrun for example_setup_teardown to 2023-12-05T19:06:54.999560+00:00, run_after=2023-12-06T19:06:54.999560+00:00
[2023-12-06T19:06:55.025+0000] {processor.py:179} INFO - Processing /usr/local/lib/python3.10/dist-packages/airflow/example_dags/example_setup_teardown.py took 0.078 seconds
[2023-12-06T19:07:44.095+0000] {processor.py:157} INFO - Started process (PID=7028) to work on /usr/local/lib/python3.10/dist-packages/airflow/example_dags/example_setup_teardown.py
[2023-12-06T19:07:44.097+0000] {processor.py:829} INFO - Processing file /usr/local/lib/python3.10/dist-packages/airflow/example_dags/example_setup_teardown.py for tasks to queue
[2023-12-06T19:07:44.098+0000] {logging_mixin.py:154} INFO - [2023-12-06T19:07:44.097+0000] {dagbag.py:536} INFO - Filling up the DagBag from /usr/local/lib/python3.10/dist-packages/airflow/example_dags/example_setup_teardown.py
[2023-12-06T19:07:44.106+0000] {processor.py:839} INFO - DAG(s) dict_keys(['example_setup_teardown']) retrieved from /usr/local/lib/python3.10/dist-packages/airflow/example_dags/example_setup_teardown.py
[2023-12-06T19:07:44.124+0000] {logging_mixin.py:154} INFO - [2023-12-06T19:07:44.124+0000] {dag.py:2941} INFO - Sync 1 DAGs
[2023-12-06T19:07:44.145+0000] {logging_mixin.py:154} INFO - [2023-12-06T19:07:44.145+0000] {dag.py:3722} INFO - Setting next_dagrun for example_setup_teardown to 2023-12-05T19:07:44.145406+00:00, run_after=2023-12-06T19:07:44.145406+00:00
[2023-12-06T19:07:44.171+0000] {processor.py:179} INFO - Processing /usr/local/lib/python3.10/dist-packages/airflow/example_dags/example_setup_teardown.py took 0.079 seconds
