[2023-12-06T18:22:18.309+0000] {processor.py:157} INFO - Started process (PID=3693) to work on /usr/local/lib/python3.10/dist-packages/airflow/example_dags/example_dynamic_task_mapping_with_no_taskflow_operators.py
[2023-12-06T18:22:18.310+0000] {processor.py:829} INFO - Processing file /usr/local/lib/python3.10/dist-packages/airflow/example_dags/example_dynamic_task_mapping_with_no_taskflow_operators.py for tasks to queue
[2023-12-06T18:22:18.311+0000] {logging_mixin.py:154} INFO - [2023-12-06T18:22:18.311+0000] {dagbag.py:536} INFO - Filling up the DagBag from /usr/local/lib/python3.10/dist-packages/airflow/example_dags/example_dynamic_task_mapping_with_no_taskflow_operators.py
[2023-12-06T18:22:18.319+0000] {processor.py:839} INFO - DAG(s) dict_keys(['example_dynamic_task_mapping_with_no_taskflow_operators']) retrieved from /usr/local/lib/python3.10/dist-packages/airflow/example_dags/example_dynamic_task_mapping_with_no_taskflow_operators.py
[2023-12-06T18:22:18.437+0000] {logging_mixin.py:154} INFO - [2023-12-06T18:22:18.437+0000] {manager.py:499} INFO - Created Permission View: %s
[2023-12-06T18:22:18.454+0000] {logging_mixin.py:154} INFO - [2023-12-06T18:22:18.453+0000] {manager.py:499} INFO - Created Permission View: %s
[2023-12-06T18:22:18.466+0000] {logging_mixin.py:154} INFO - [2023-12-06T18:22:18.465+0000] {manager.py:499} INFO - Created Permission View: %s
[2023-12-06T18:22:18.466+0000] {logging_mixin.py:154} INFO - [2023-12-06T18:22:18.466+0000] {dag.py:2941} INFO - Sync 1 DAGs
[2023-12-06T18:22:18.477+0000] {logging_mixin.py:154} INFO - [2023-12-06T18:22:18.477+0000] {dag.py:2963} INFO - Creating ORM DAG for example_dynamic_task_mapping_with_no_taskflow_operators
[2023-12-06T18:22:18.486+0000] {logging_mixin.py:154} INFO - [2023-12-06T18:22:18.485+0000] {dag.py:3722} INFO - Setting next_dagrun for example_dynamic_task_mapping_with_no_taskflow_operators to 2023-12-05T18:22:18.485738+00:00, run_after=2023-12-06T18:22:18.485738+00:00
[2023-12-06T18:22:18.508+0000] {processor.py:179} INFO - Processing /usr/local/lib/python3.10/dist-packages/airflow/example_dags/example_dynamic_task_mapping_with_no_taskflow_operators.py took 0.202 seconds
[2023-12-06T18:23:06.380+0000] {processor.py:157} INFO - Started process (PID=3744) to work on /usr/local/lib/python3.10/dist-packages/airflow/example_dags/example_dynamic_task_mapping_with_no_taskflow_operators.py
[2023-12-06T18:23:06.381+0000] {processor.py:829} INFO - Processing file /usr/local/lib/python3.10/dist-packages/airflow/example_dags/example_dynamic_task_mapping_with_no_taskflow_operators.py for tasks to queue
[2023-12-06T18:23:06.382+0000] {logging_mixin.py:154} INFO - [2023-12-06T18:23:06.382+0000] {dagbag.py:536} INFO - Filling up the DagBag from /usr/local/lib/python3.10/dist-packages/airflow/example_dags/example_dynamic_task_mapping_with_no_taskflow_operators.py
[2023-12-06T18:23:06.390+0000] {processor.py:839} INFO - DAG(s) dict_keys(['example_dynamic_task_mapping_with_no_taskflow_operators']) retrieved from /usr/local/lib/python3.10/dist-packages/airflow/example_dags/example_dynamic_task_mapping_with_no_taskflow_operators.py
[2023-12-06T18:23:06.407+0000] {logging_mixin.py:154} INFO - [2023-12-06T18:23:06.407+0000] {dag.py:2941} INFO - Sync 1 DAGs
[2023-12-06T18:23:06.428+0000] {logging_mixin.py:154} INFO - [2023-12-06T18:23:06.427+0000] {dag.py:3722} INFO - Setting next_dagrun for example_dynamic_task_mapping_with_no_taskflow_operators to 2023-12-05T18:23:06.427721+00:00, run_after=2023-12-06T18:23:06.427721+00:00
[2023-12-06T18:23:06.455+0000] {processor.py:179} INFO - Processing /usr/local/lib/python3.10/dist-packages/airflow/example_dags/example_dynamic_task_mapping_with_no_taskflow_operators.py took 0.079 seconds
[2023-12-06T18:23:55.201+0000] {processor.py:157} INFO - Started process (PID=3794) to work on /usr/local/lib/python3.10/dist-packages/airflow/example_dags/example_dynamic_task_mapping_with_no_taskflow_operators.py
[2023-12-06T18:23:55.202+0000] {processor.py:829} INFO - Processing file /usr/local/lib/python3.10/dist-packages/airflow/example_dags/example_dynamic_task_mapping_with_no_taskflow_operators.py for tasks to queue
[2023-12-06T18:23:55.203+0000] {logging_mixin.py:154} INFO - [2023-12-06T18:23:55.202+0000] {dagbag.py:536} INFO - Filling up the DagBag from /usr/local/lib/python3.10/dist-packages/airflow/example_dags/example_dynamic_task_mapping_with_no_taskflow_operators.py
[2023-12-06T18:23:55.210+0000] {processor.py:839} INFO - DAG(s) dict_keys(['example_dynamic_task_mapping_with_no_taskflow_operators']) retrieved from /usr/local/lib/python3.10/dist-packages/airflow/example_dags/example_dynamic_task_mapping_with_no_taskflow_operators.py
[2023-12-06T18:23:55.226+0000] {logging_mixin.py:154} INFO - [2023-12-06T18:23:55.226+0000] {dag.py:2941} INFO - Sync 1 DAGs
[2023-12-06T18:23:55.247+0000] {logging_mixin.py:154} INFO - [2023-12-06T18:23:55.247+0000] {dag.py:3722} INFO - Setting next_dagrun for example_dynamic_task_mapping_with_no_taskflow_operators to 2023-12-05T18:23:55.247102+00:00, run_after=2023-12-06T18:23:55.247102+00:00
[2023-12-06T18:23:55.270+0000] {processor.py:179} INFO - Processing /usr/local/lib/python3.10/dist-packages/airflow/example_dags/example_dynamic_task_mapping_with_no_taskflow_operators.py took 0.073 seconds
[2023-12-06T18:24:44.909+0000] {processor.py:157} INFO - Started process (PID=3845) to work on /usr/local/lib/python3.10/dist-packages/airflow/example_dags/example_dynamic_task_mapping_with_no_taskflow_operators.py
[2023-12-06T18:24:44.910+0000] {processor.py:829} INFO - Processing file /usr/local/lib/python3.10/dist-packages/airflow/example_dags/example_dynamic_task_mapping_with_no_taskflow_operators.py for tasks to queue
[2023-12-06T18:24:44.911+0000] {logging_mixin.py:154} INFO - [2023-12-06T18:24:44.911+0000] {dagbag.py:536} INFO - Filling up the DagBag from /usr/local/lib/python3.10/dist-packages/airflow/example_dags/example_dynamic_task_mapping_with_no_taskflow_operators.py
[2023-12-06T18:24:44.919+0000] {processor.py:839} INFO - DAG(s) dict_keys(['example_dynamic_task_mapping_with_no_taskflow_operators']) retrieved from /usr/local/lib/python3.10/dist-packages/airflow/example_dags/example_dynamic_task_mapping_with_no_taskflow_operators.py
[2023-12-06T18:24:44.935+0000] {logging_mixin.py:154} INFO - [2023-12-06T18:24:44.935+0000] {dag.py:2941} INFO - Sync 1 DAGs
[2023-12-06T18:24:44.955+0000] {logging_mixin.py:154} INFO - [2023-12-06T18:24:44.955+0000] {dag.py:3722} INFO - Setting next_dagrun for example_dynamic_task_mapping_with_no_taskflow_operators to 2023-12-05T18:24:44.954967+00:00, run_after=2023-12-06T18:24:44.954967+00:00
[2023-12-06T18:24:44.976+0000] {processor.py:179} INFO - Processing /usr/local/lib/python3.10/dist-packages/airflow/example_dags/example_dynamic_task_mapping_with_no_taskflow_operators.py took 0.071 seconds
[2023-12-06T18:25:31.078+0000] {processor.py:157} INFO - Started process (PID=3896) to work on /usr/local/lib/python3.10/dist-packages/airflow/example_dags/example_dynamic_task_mapping_with_no_taskflow_operators.py
[2023-12-06T18:25:31.080+0000] {processor.py:829} INFO - Processing file /usr/local/lib/python3.10/dist-packages/airflow/example_dags/example_dynamic_task_mapping_with_no_taskflow_operators.py for tasks to queue
[2023-12-06T18:25:31.081+0000] {logging_mixin.py:154} INFO - [2023-12-06T18:25:31.080+0000] {dagbag.py:536} INFO - Filling up the DagBag from /usr/local/lib/python3.10/dist-packages/airflow/example_dags/example_dynamic_task_mapping_with_no_taskflow_operators.py
[2023-12-06T18:25:31.088+0000] {processor.py:839} INFO - DAG(s) dict_keys(['example_dynamic_task_mapping_with_no_taskflow_operators']) retrieved from /usr/local/lib/python3.10/dist-packages/airflow/example_dags/example_dynamic_task_mapping_with_no_taskflow_operators.py
[2023-12-06T18:25:31.104+0000] {logging_mixin.py:154} INFO - [2023-12-06T18:25:31.104+0000] {dag.py:2941} INFO - Sync 1 DAGs
[2023-12-06T18:25:31.132+0000] {logging_mixin.py:154} INFO - [2023-12-06T18:25:31.131+0000] {dag.py:3722} INFO - Setting next_dagrun for example_dynamic_task_mapping_with_no_taskflow_operators to 2023-12-05T18:25:31.131716+00:00, run_after=2023-12-06T18:25:31.131716+00:00
[2023-12-06T18:25:31.155+0000] {processor.py:179} INFO - Processing /usr/local/lib/python3.10/dist-packages/airflow/example_dags/example_dynamic_task_mapping_with_no_taskflow_operators.py took 0.080 seconds
[2023-12-06T18:26:16.794+0000] {processor.py:157} INFO - Started process (PID=3942) to work on /usr/local/lib/python3.10/dist-packages/airflow/example_dags/example_dynamic_task_mapping_with_no_taskflow_operators.py
[2023-12-06T18:26:16.795+0000] {processor.py:829} INFO - Processing file /usr/local/lib/python3.10/dist-packages/airflow/example_dags/example_dynamic_task_mapping_with_no_taskflow_operators.py for tasks to queue
[2023-12-06T18:26:16.796+0000] {logging_mixin.py:154} INFO - [2023-12-06T18:26:16.796+0000] {dagbag.py:536} INFO - Filling up the DagBag from /usr/local/lib/python3.10/dist-packages/airflow/example_dags/example_dynamic_task_mapping_with_no_taskflow_operators.py
[2023-12-06T18:26:16.804+0000] {processor.py:839} INFO - DAG(s) dict_keys(['example_dynamic_task_mapping_with_no_taskflow_operators']) retrieved from /usr/local/lib/python3.10/dist-packages/airflow/example_dags/example_dynamic_task_mapping_with_no_taskflow_operators.py
[2023-12-06T18:26:16.820+0000] {logging_mixin.py:154} INFO - [2023-12-06T18:26:16.820+0000] {dag.py:2941} INFO - Sync 1 DAGs
[2023-12-06T18:26:16.841+0000] {logging_mixin.py:154} INFO - [2023-12-06T18:26:16.841+0000] {dag.py:3722} INFO - Setting next_dagrun for example_dynamic_task_mapping_with_no_taskflow_operators to 2023-12-05T18:26:16.840854+00:00, run_after=2023-12-06T18:26:16.840854+00:00
[2023-12-06T18:26:16.865+0000] {processor.py:179} INFO - Processing /usr/local/lib/python3.10/dist-packages/airflow/example_dags/example_dynamic_task_mapping_with_no_taskflow_operators.py took 0.075 seconds
[2023-12-06T18:27:03.461+0000] {processor.py:157} INFO - Started process (PID=3991) to work on /usr/local/lib/python3.10/dist-packages/airflow/example_dags/example_dynamic_task_mapping_with_no_taskflow_operators.py
[2023-12-06T18:27:03.462+0000] {processor.py:829} INFO - Processing file /usr/local/lib/python3.10/dist-packages/airflow/example_dags/example_dynamic_task_mapping_with_no_taskflow_operators.py for tasks to queue
[2023-12-06T18:27:03.463+0000] {logging_mixin.py:154} INFO - [2023-12-06T18:27:03.463+0000] {dagbag.py:536} INFO - Filling up the DagBag from /usr/local/lib/python3.10/dist-packages/airflow/example_dags/example_dynamic_task_mapping_with_no_taskflow_operators.py
[2023-12-06T18:27:03.471+0000] {processor.py:839} INFO - DAG(s) dict_keys(['example_dynamic_task_mapping_with_no_taskflow_operators']) retrieved from /usr/local/lib/python3.10/dist-packages/airflow/example_dags/example_dynamic_task_mapping_with_no_taskflow_operators.py
[2023-12-06T18:27:03.488+0000] {logging_mixin.py:154} INFO - [2023-12-06T18:27:03.488+0000] {dag.py:2941} INFO - Sync 1 DAGs
[2023-12-06T18:27:03.510+0000] {logging_mixin.py:154} INFO - [2023-12-06T18:27:03.510+0000] {dag.py:3722} INFO - Setting next_dagrun for example_dynamic_task_mapping_with_no_taskflow_operators to 2023-12-05T18:27:03.510043+00:00, run_after=2023-12-06T18:27:03.510043+00:00
[2023-12-06T18:27:03.534+0000] {processor.py:179} INFO - Processing /usr/local/lib/python3.10/dist-packages/airflow/example_dags/example_dynamic_task_mapping_with_no_taskflow_operators.py took 0.077 seconds
[2023-12-06T18:27:46.601+0000] {processor.py:157} INFO - Started process (PID=4037) to work on /usr/local/lib/python3.10/dist-packages/airflow/example_dags/example_dynamic_task_mapping_with_no_taskflow_operators.py
[2023-12-06T18:27:46.602+0000] {processor.py:829} INFO - Processing file /usr/local/lib/python3.10/dist-packages/airflow/example_dags/example_dynamic_task_mapping_with_no_taskflow_operators.py for tasks to queue
[2023-12-06T18:27:46.603+0000] {logging_mixin.py:154} INFO - [2023-12-06T18:27:46.602+0000] {dagbag.py:536} INFO - Filling up the DagBag from /usr/local/lib/python3.10/dist-packages/airflow/example_dags/example_dynamic_task_mapping_with_no_taskflow_operators.py
[2023-12-06T18:27:46.611+0000] {processor.py:839} INFO - DAG(s) dict_keys(['example_dynamic_task_mapping_with_no_taskflow_operators']) retrieved from /usr/local/lib/python3.10/dist-packages/airflow/example_dags/example_dynamic_task_mapping_with_no_taskflow_operators.py
[2023-12-06T18:27:46.627+0000] {logging_mixin.py:154} INFO - [2023-12-06T18:27:46.627+0000] {dag.py:2941} INFO - Sync 1 DAGs
[2023-12-06T18:27:46.648+0000] {logging_mixin.py:154} INFO - [2023-12-06T18:27:46.648+0000] {dag.py:3722} INFO - Setting next_dagrun for example_dynamic_task_mapping_with_no_taskflow_operators to 2023-12-05T18:27:46.647923+00:00, run_after=2023-12-06T18:27:46.647923+00:00
[2023-12-06T18:27:46.669+0000] {processor.py:179} INFO - Processing /usr/local/lib/python3.10/dist-packages/airflow/example_dags/example_dynamic_task_mapping_with_no_taskflow_operators.py took 0.072 seconds
[2023-12-06T18:28:32.256+0000] {processor.py:157} INFO - Started process (PID=4083) to work on /usr/local/lib/python3.10/dist-packages/airflow/example_dags/example_dynamic_task_mapping_with_no_taskflow_operators.py
[2023-12-06T18:28:32.258+0000] {processor.py:829} INFO - Processing file /usr/local/lib/python3.10/dist-packages/airflow/example_dags/example_dynamic_task_mapping_with_no_taskflow_operators.py for tasks to queue
[2023-12-06T18:28:32.259+0000] {logging_mixin.py:154} INFO - [2023-12-06T18:28:32.258+0000] {dagbag.py:536} INFO - Filling up the DagBag from /usr/local/lib/python3.10/dist-packages/airflow/example_dags/example_dynamic_task_mapping_with_no_taskflow_operators.py
[2023-12-06T18:28:32.267+0000] {processor.py:839} INFO - DAG(s) dict_keys(['example_dynamic_task_mapping_with_no_taskflow_operators']) retrieved from /usr/local/lib/python3.10/dist-packages/airflow/example_dags/example_dynamic_task_mapping_with_no_taskflow_operators.py
[2023-12-06T18:28:32.283+0000] {logging_mixin.py:154} INFO - [2023-12-06T18:28:32.282+0000] {dag.py:2941} INFO - Sync 1 DAGs
[2023-12-06T18:28:32.303+0000] {logging_mixin.py:154} INFO - [2023-12-06T18:28:32.303+0000] {dag.py:3722} INFO - Setting next_dagrun for example_dynamic_task_mapping_with_no_taskflow_operators to 2023-12-05T18:28:32.303398+00:00, run_after=2023-12-06T18:28:32.303398+00:00
[2023-12-06T18:28:32.327+0000] {processor.py:179} INFO - Processing /usr/local/lib/python3.10/dist-packages/airflow/example_dags/example_dynamic_task_mapping_with_no_taskflow_operators.py took 0.075 seconds
[2023-12-06T18:29:20.837+0000] {processor.py:157} INFO - Started process (PID=4134) to work on /usr/local/lib/python3.10/dist-packages/airflow/example_dags/example_dynamic_task_mapping_with_no_taskflow_operators.py
[2023-12-06T18:29:20.839+0000] {processor.py:829} INFO - Processing file /usr/local/lib/python3.10/dist-packages/airflow/example_dags/example_dynamic_task_mapping_with_no_taskflow_operators.py for tasks to queue
[2023-12-06T18:29:20.840+0000] {logging_mixin.py:154} INFO - [2023-12-06T18:29:20.839+0000] {dagbag.py:536} INFO - Filling up the DagBag from /usr/local/lib/python3.10/dist-packages/airflow/example_dags/example_dynamic_task_mapping_with_no_taskflow_operators.py
[2023-12-06T18:29:20.847+0000] {processor.py:839} INFO - DAG(s) dict_keys(['example_dynamic_task_mapping_with_no_taskflow_operators']) retrieved from /usr/local/lib/python3.10/dist-packages/airflow/example_dags/example_dynamic_task_mapping_with_no_taskflow_operators.py
[2023-12-06T18:29:20.863+0000] {logging_mixin.py:154} INFO - [2023-12-06T18:29:20.863+0000] {dag.py:2941} INFO - Sync 1 DAGs
[2023-12-06T18:29:20.883+0000] {logging_mixin.py:154} INFO - [2023-12-06T18:29:20.883+0000] {dag.py:3722} INFO - Setting next_dagrun for example_dynamic_task_mapping_with_no_taskflow_operators to 2023-12-05T18:29:20.882845+00:00, run_after=2023-12-06T18:29:20.882845+00:00
[2023-12-06T18:29:20.903+0000] {processor.py:179} INFO - Processing /usr/local/lib/python3.10/dist-packages/airflow/example_dags/example_dynamic_task_mapping_with_no_taskflow_operators.py took 0.070 seconds
[2023-12-06T18:30:04.255+0000] {processor.py:157} INFO - Started process (PID=4180) to work on /usr/local/lib/python3.10/dist-packages/airflow/example_dags/example_dynamic_task_mapping_with_no_taskflow_operators.py
[2023-12-06T18:30:04.256+0000] {processor.py:829} INFO - Processing file /usr/local/lib/python3.10/dist-packages/airflow/example_dags/example_dynamic_task_mapping_with_no_taskflow_operators.py for tasks to queue
[2023-12-06T18:30:04.258+0000] {logging_mixin.py:154} INFO - [2023-12-06T18:30:04.257+0000] {dagbag.py:536} INFO - Filling up the DagBag from /usr/local/lib/python3.10/dist-packages/airflow/example_dags/example_dynamic_task_mapping_with_no_taskflow_operators.py
[2023-12-06T18:30:04.266+0000] {processor.py:839} INFO - DAG(s) dict_keys(['example_dynamic_task_mapping_with_no_taskflow_operators']) retrieved from /usr/local/lib/python3.10/dist-packages/airflow/example_dags/example_dynamic_task_mapping_with_no_taskflow_operators.py
[2023-12-06T18:30:04.284+0000] {logging_mixin.py:154} INFO - [2023-12-06T18:30:04.283+0000] {dag.py:2941} INFO - Sync 1 DAGs
[2023-12-06T18:30:04.306+0000] {logging_mixin.py:154} INFO - [2023-12-06T18:30:04.306+0000] {dag.py:3722} INFO - Setting next_dagrun for example_dynamic_task_mapping_with_no_taskflow_operators to 2023-12-05T18:30:04.305836+00:00, run_after=2023-12-06T18:30:04.305836+00:00
[2023-12-06T18:30:04.330+0000] {processor.py:179} INFO - Processing /usr/local/lib/python3.10/dist-packages/airflow/example_dags/example_dynamic_task_mapping_with_no_taskflow_operators.py took 0.079 seconds
[2023-12-06T18:30:48.542+0000] {processor.py:157} INFO - Started process (PID=4227) to work on /usr/local/lib/python3.10/dist-packages/airflow/example_dags/example_dynamic_task_mapping_with_no_taskflow_operators.py
[2023-12-06T18:30:48.543+0000] {processor.py:829} INFO - Processing file /usr/local/lib/python3.10/dist-packages/airflow/example_dags/example_dynamic_task_mapping_with_no_taskflow_operators.py for tasks to queue
[2023-12-06T18:30:48.544+0000] {logging_mixin.py:154} INFO - [2023-12-06T18:30:48.544+0000] {dagbag.py:536} INFO - Filling up the DagBag from /usr/local/lib/python3.10/dist-packages/airflow/example_dags/example_dynamic_task_mapping_with_no_taskflow_operators.py
[2023-12-06T18:30:48.552+0000] {processor.py:839} INFO - DAG(s) dict_keys(['example_dynamic_task_mapping_with_no_taskflow_operators']) retrieved from /usr/local/lib/python3.10/dist-packages/airflow/example_dags/example_dynamic_task_mapping_with_no_taskflow_operators.py
[2023-12-06T18:30:48.569+0000] {logging_mixin.py:154} INFO - [2023-12-06T18:30:48.569+0000] {dag.py:2941} INFO - Sync 1 DAGs
[2023-12-06T18:30:48.590+0000] {logging_mixin.py:154} INFO - [2023-12-06T18:30:48.590+0000] {dag.py:3722} INFO - Setting next_dagrun for example_dynamic_task_mapping_with_no_taskflow_operators to 2023-12-05T18:30:48.590324+00:00, run_after=2023-12-06T18:30:48.590324+00:00
[2023-12-06T18:30:48.621+0000] {processor.py:179} INFO - Processing /usr/local/lib/python3.10/dist-packages/airflow/example_dags/example_dynamic_task_mapping_with_no_taskflow_operators.py took 0.082 seconds
[2023-12-06T18:31:33.049+0000] {processor.py:157} INFO - Started process (PID=4272) to work on /usr/local/lib/python3.10/dist-packages/airflow/example_dags/example_dynamic_task_mapping_with_no_taskflow_operators.py
[2023-12-06T18:31:33.051+0000] {processor.py:829} INFO - Processing file /usr/local/lib/python3.10/dist-packages/airflow/example_dags/example_dynamic_task_mapping_with_no_taskflow_operators.py for tasks to queue
[2023-12-06T18:31:33.052+0000] {logging_mixin.py:154} INFO - [2023-12-06T18:31:33.051+0000] {dagbag.py:536} INFO - Filling up the DagBag from /usr/local/lib/python3.10/dist-packages/airflow/example_dags/example_dynamic_task_mapping_with_no_taskflow_operators.py
[2023-12-06T18:31:33.059+0000] {processor.py:839} INFO - DAG(s) dict_keys(['example_dynamic_task_mapping_with_no_taskflow_operators']) retrieved from /usr/local/lib/python3.10/dist-packages/airflow/example_dags/example_dynamic_task_mapping_with_no_taskflow_operators.py
[2023-12-06T18:31:33.076+0000] {logging_mixin.py:154} INFO - [2023-12-06T18:31:33.075+0000] {dag.py:2941} INFO - Sync 1 DAGs
[2023-12-06T18:31:33.096+0000] {logging_mixin.py:154} INFO - [2023-12-06T18:31:33.095+0000] {dag.py:3722} INFO - Setting next_dagrun for example_dynamic_task_mapping_with_no_taskflow_operators to 2023-12-05T18:31:33.095700+00:00, run_after=2023-12-06T18:31:33.095700+00:00
[2023-12-06T18:31:33.122+0000] {processor.py:179} INFO - Processing /usr/local/lib/python3.10/dist-packages/airflow/example_dags/example_dynamic_task_mapping_with_no_taskflow_operators.py took 0.076 seconds
[2023-12-06T18:32:19.458+0000] {processor.py:157} INFO - Started process (PID=4322) to work on /usr/local/lib/python3.10/dist-packages/airflow/example_dags/example_dynamic_task_mapping_with_no_taskflow_operators.py
[2023-12-06T18:32:19.459+0000] {processor.py:829} INFO - Processing file /usr/local/lib/python3.10/dist-packages/airflow/example_dags/example_dynamic_task_mapping_with_no_taskflow_operators.py for tasks to queue
[2023-12-06T18:32:19.460+0000] {logging_mixin.py:154} INFO - [2023-12-06T18:32:19.460+0000] {dagbag.py:536} INFO - Filling up the DagBag from /usr/local/lib/python3.10/dist-packages/airflow/example_dags/example_dynamic_task_mapping_with_no_taskflow_operators.py
[2023-12-06T18:32:19.468+0000] {processor.py:839} INFO - DAG(s) dict_keys(['example_dynamic_task_mapping_with_no_taskflow_operators']) retrieved from /usr/local/lib/python3.10/dist-packages/airflow/example_dags/example_dynamic_task_mapping_with_no_taskflow_operators.py
[2023-12-06T18:32:19.486+0000] {logging_mixin.py:154} INFO - [2023-12-06T18:32:19.485+0000] {dag.py:2941} INFO - Sync 1 DAGs
[2023-12-06T18:32:19.508+0000] {logging_mixin.py:154} INFO - [2023-12-06T18:32:19.507+0000] {dag.py:3722} INFO - Setting next_dagrun for example_dynamic_task_mapping_with_no_taskflow_operators to 2023-12-05T18:32:19.507598+00:00, run_after=2023-12-06T18:32:19.507598+00:00
[2023-12-06T18:32:19.536+0000] {processor.py:179} INFO - Processing /usr/local/lib/python3.10/dist-packages/airflow/example_dags/example_dynamic_task_mapping_with_no_taskflow_operators.py took 0.082 seconds
[2023-12-06T18:33:05.991+0000] {processor.py:157} INFO - Started process (PID=4369) to work on /usr/local/lib/python3.10/dist-packages/airflow/example_dags/example_dynamic_task_mapping_with_no_taskflow_operators.py
[2023-12-06T18:33:05.993+0000] {processor.py:829} INFO - Processing file /usr/local/lib/python3.10/dist-packages/airflow/example_dags/example_dynamic_task_mapping_with_no_taskflow_operators.py for tasks to queue
[2023-12-06T18:33:05.994+0000] {logging_mixin.py:154} INFO - [2023-12-06T18:33:05.993+0000] {dagbag.py:536} INFO - Filling up the DagBag from /usr/local/lib/python3.10/dist-packages/airflow/example_dags/example_dynamic_task_mapping_with_no_taskflow_operators.py
[2023-12-06T18:33:06.002+0000] {processor.py:839} INFO - DAG(s) dict_keys(['example_dynamic_task_mapping_with_no_taskflow_operators']) retrieved from /usr/local/lib/python3.10/dist-packages/airflow/example_dags/example_dynamic_task_mapping_with_no_taskflow_operators.py
[2023-12-06T18:33:06.018+0000] {logging_mixin.py:154} INFO - [2023-12-06T18:33:06.018+0000] {dag.py:2941} INFO - Sync 1 DAGs
[2023-12-06T18:33:06.039+0000] {logging_mixin.py:154} INFO - [2023-12-06T18:33:06.039+0000] {dag.py:3722} INFO - Setting next_dagrun for example_dynamic_task_mapping_with_no_taskflow_operators to 2023-12-05T18:33:06.038955+00:00, run_after=2023-12-06T18:33:06.038955+00:00
[2023-12-06T18:33:06.062+0000] {processor.py:179} INFO - Processing /usr/local/lib/python3.10/dist-packages/airflow/example_dags/example_dynamic_task_mapping_with_no_taskflow_operators.py took 0.074 seconds
[2023-12-06T18:33:53.577+0000] {processor.py:157} INFO - Started process (PID=4417) to work on /usr/local/lib/python3.10/dist-packages/airflow/example_dags/example_dynamic_task_mapping_with_no_taskflow_operators.py
[2023-12-06T18:33:53.579+0000] {processor.py:829} INFO - Processing file /usr/local/lib/python3.10/dist-packages/airflow/example_dags/example_dynamic_task_mapping_with_no_taskflow_operators.py for tasks to queue
[2023-12-06T18:33:53.579+0000] {logging_mixin.py:154} INFO - [2023-12-06T18:33:53.579+0000] {dagbag.py:536} INFO - Filling up the DagBag from /usr/local/lib/python3.10/dist-packages/airflow/example_dags/example_dynamic_task_mapping_with_no_taskflow_operators.py
[2023-12-06T18:33:53.587+0000] {processor.py:839} INFO - DAG(s) dict_keys(['example_dynamic_task_mapping_with_no_taskflow_operators']) retrieved from /usr/local/lib/python3.10/dist-packages/airflow/example_dags/example_dynamic_task_mapping_with_no_taskflow_operators.py
[2023-12-06T18:33:53.603+0000] {logging_mixin.py:154} INFO - [2023-12-06T18:33:53.603+0000] {dag.py:2941} INFO - Sync 1 DAGs
[2023-12-06T18:33:53.624+0000] {logging_mixin.py:154} INFO - [2023-12-06T18:33:53.624+0000] {dag.py:3722} INFO - Setting next_dagrun for example_dynamic_task_mapping_with_no_taskflow_operators to 2023-12-05T18:33:53.623985+00:00, run_after=2023-12-06T18:33:53.623985+00:00
[2023-12-06T18:33:53.657+0000] {processor.py:179} INFO - Processing /usr/local/lib/python3.10/dist-packages/airflow/example_dags/example_dynamic_task_mapping_with_no_taskflow_operators.py took 0.083 seconds
[2023-12-06T18:34:42.100+0000] {processor.py:157} INFO - Started process (PID=4466) to work on /usr/local/lib/python3.10/dist-packages/airflow/example_dags/example_dynamic_task_mapping_with_no_taskflow_operators.py
[2023-12-06T18:34:42.102+0000] {processor.py:829} INFO - Processing file /usr/local/lib/python3.10/dist-packages/airflow/example_dags/example_dynamic_task_mapping_with_no_taskflow_operators.py for tasks to queue
[2023-12-06T18:34:42.102+0000] {logging_mixin.py:154} INFO - [2023-12-06T18:34:42.102+0000] {dagbag.py:536} INFO - Filling up the DagBag from /usr/local/lib/python3.10/dist-packages/airflow/example_dags/example_dynamic_task_mapping_with_no_taskflow_operators.py
[2023-12-06T18:34:42.110+0000] {processor.py:839} INFO - DAG(s) dict_keys(['example_dynamic_task_mapping_with_no_taskflow_operators']) retrieved from /usr/local/lib/python3.10/dist-packages/airflow/example_dags/example_dynamic_task_mapping_with_no_taskflow_operators.py
[2023-12-06T18:34:42.127+0000] {logging_mixin.py:154} INFO - [2023-12-06T18:34:42.127+0000] {dag.py:2941} INFO - Sync 1 DAGs
[2023-12-06T18:34:42.153+0000] {logging_mixin.py:154} INFO - [2023-12-06T18:34:42.153+0000] {dag.py:3722} INFO - Setting next_dagrun for example_dynamic_task_mapping_with_no_taskflow_operators to 2023-12-05T18:34:42.153219+00:00, run_after=2023-12-06T18:34:42.153219+00:00
[2023-12-06T18:34:42.175+0000] {processor.py:179} INFO - Processing /usr/local/lib/python3.10/dist-packages/airflow/example_dags/example_dynamic_task_mapping_with_no_taskflow_operators.py took 0.078 seconds
[2023-12-06T18:35:28.085+0000] {processor.py:157} INFO - Started process (PID=4514) to work on /usr/local/lib/python3.10/dist-packages/airflow/example_dags/example_dynamic_task_mapping_with_no_taskflow_operators.py
[2023-12-06T18:35:28.087+0000] {processor.py:829} INFO - Processing file /usr/local/lib/python3.10/dist-packages/airflow/example_dags/example_dynamic_task_mapping_with_no_taskflow_operators.py for tasks to queue
[2023-12-06T18:35:28.088+0000] {logging_mixin.py:154} INFO - [2023-12-06T18:35:28.088+0000] {dagbag.py:536} INFO - Filling up the DagBag from /usr/local/lib/python3.10/dist-packages/airflow/example_dags/example_dynamic_task_mapping_with_no_taskflow_operators.py
[2023-12-06T18:35:28.096+0000] {processor.py:839} INFO - DAG(s) dict_keys(['example_dynamic_task_mapping_with_no_taskflow_operators']) retrieved from /usr/local/lib/python3.10/dist-packages/airflow/example_dags/example_dynamic_task_mapping_with_no_taskflow_operators.py
[2023-12-06T18:35:28.111+0000] {logging_mixin.py:154} INFO - [2023-12-06T18:35:28.111+0000] {dag.py:2941} INFO - Sync 1 DAGs
[2023-12-06T18:35:28.137+0000] {logging_mixin.py:154} INFO - [2023-12-06T18:35:28.132+0000] {dag.py:3722} INFO - Setting next_dagrun for example_dynamic_task_mapping_with_no_taskflow_operators to 2023-12-05T18:35:28.132022+00:00, run_after=2023-12-06T18:35:28.132022+00:00
[2023-12-06T18:35:28.178+0000] {processor.py:179} INFO - Processing /usr/local/lib/python3.10/dist-packages/airflow/example_dags/example_dynamic_task_mapping_with_no_taskflow_operators.py took 0.096 seconds
[2023-12-06T18:36:11.724+0000] {processor.py:157} INFO - Started process (PID=4560) to work on /usr/local/lib/python3.10/dist-packages/airflow/example_dags/example_dynamic_task_mapping_with_no_taskflow_operators.py
[2023-12-06T18:36:11.726+0000] {processor.py:829} INFO - Processing file /usr/local/lib/python3.10/dist-packages/airflow/example_dags/example_dynamic_task_mapping_with_no_taskflow_operators.py for tasks to queue
[2023-12-06T18:36:11.727+0000] {logging_mixin.py:154} INFO - [2023-12-06T18:36:11.727+0000] {dagbag.py:536} INFO - Filling up the DagBag from /usr/local/lib/python3.10/dist-packages/airflow/example_dags/example_dynamic_task_mapping_with_no_taskflow_operators.py
[2023-12-06T18:36:11.735+0000] {processor.py:839} INFO - DAG(s) dict_keys(['example_dynamic_task_mapping_with_no_taskflow_operators']) retrieved from /usr/local/lib/python3.10/dist-packages/airflow/example_dags/example_dynamic_task_mapping_with_no_taskflow_operators.py
[2023-12-06T18:36:11.752+0000] {logging_mixin.py:154} INFO - [2023-12-06T18:36:11.752+0000] {dag.py:2941} INFO - Sync 1 DAGs
[2023-12-06T18:36:11.772+0000] {logging_mixin.py:154} INFO - [2023-12-06T18:36:11.772+0000] {dag.py:3722} INFO - Setting next_dagrun for example_dynamic_task_mapping_with_no_taskflow_operators to 2023-12-05T18:36:11.772430+00:00, run_after=2023-12-06T18:36:11.772430+00:00
[2023-12-06T18:36:11.798+0000] {processor.py:179} INFO - Processing /usr/local/lib/python3.10/dist-packages/airflow/example_dags/example_dynamic_task_mapping_with_no_taskflow_operators.py took 0.078 seconds
[2023-12-06T18:37:00.438+0000] {processor.py:157} INFO - Started process (PID=4609) to work on /usr/local/lib/python3.10/dist-packages/airflow/example_dags/example_dynamic_task_mapping_with_no_taskflow_operators.py
[2023-12-06T18:37:00.440+0000] {processor.py:829} INFO - Processing file /usr/local/lib/python3.10/dist-packages/airflow/example_dags/example_dynamic_task_mapping_with_no_taskflow_operators.py for tasks to queue
[2023-12-06T18:37:00.440+0000] {logging_mixin.py:154} INFO - [2023-12-06T18:37:00.440+0000] {dagbag.py:536} INFO - Filling up the DagBag from /usr/local/lib/python3.10/dist-packages/airflow/example_dags/example_dynamic_task_mapping_with_no_taskflow_operators.py
[2023-12-06T18:37:00.448+0000] {processor.py:839} INFO - DAG(s) dict_keys(['example_dynamic_task_mapping_with_no_taskflow_operators']) retrieved from /usr/local/lib/python3.10/dist-packages/airflow/example_dags/example_dynamic_task_mapping_with_no_taskflow_operators.py
[2023-12-06T18:37:00.464+0000] {logging_mixin.py:154} INFO - [2023-12-06T18:37:00.464+0000] {dag.py:2941} INFO - Sync 1 DAGs
[2023-12-06T18:37:00.484+0000] {logging_mixin.py:154} INFO - [2023-12-06T18:37:00.484+0000] {dag.py:3722} INFO - Setting next_dagrun for example_dynamic_task_mapping_with_no_taskflow_operators to 2023-12-05T18:37:00.484029+00:00, run_after=2023-12-06T18:37:00.484029+00:00
[2023-12-06T18:37:00.506+0000] {processor.py:179} INFO - Processing /usr/local/lib/python3.10/dist-packages/airflow/example_dags/example_dynamic_task_mapping_with_no_taskflow_operators.py took 0.071 seconds
[2023-12-06T18:37:44.603+0000] {processor.py:157} INFO - Started process (PID=4656) to work on /usr/local/lib/python3.10/dist-packages/airflow/example_dags/example_dynamic_task_mapping_with_no_taskflow_operators.py
[2023-12-06T18:37:44.604+0000] {processor.py:829} INFO - Processing file /usr/local/lib/python3.10/dist-packages/airflow/example_dags/example_dynamic_task_mapping_with_no_taskflow_operators.py for tasks to queue
[2023-12-06T18:37:44.605+0000] {logging_mixin.py:154} INFO - [2023-12-06T18:37:44.605+0000] {dagbag.py:536} INFO - Filling up the DagBag from /usr/local/lib/python3.10/dist-packages/airflow/example_dags/example_dynamic_task_mapping_with_no_taskflow_operators.py
[2023-12-06T18:37:44.613+0000] {processor.py:839} INFO - DAG(s) dict_keys(['example_dynamic_task_mapping_with_no_taskflow_operators']) retrieved from /usr/local/lib/python3.10/dist-packages/airflow/example_dags/example_dynamic_task_mapping_with_no_taskflow_operators.py
[2023-12-06T18:37:44.629+0000] {logging_mixin.py:154} INFO - [2023-12-06T18:37:44.629+0000] {dag.py:2941} INFO - Sync 1 DAGs
[2023-12-06T18:37:44.650+0000] {logging_mixin.py:154} INFO - [2023-12-06T18:37:44.649+0000] {dag.py:3722} INFO - Setting next_dagrun for example_dynamic_task_mapping_with_no_taskflow_operators to 2023-12-05T18:37:44.649533+00:00, run_after=2023-12-06T18:37:44.649533+00:00
[2023-12-06T18:37:44.671+0000] {processor.py:179} INFO - Processing /usr/local/lib/python3.10/dist-packages/airflow/example_dags/example_dynamic_task_mapping_with_no_taskflow_operators.py took 0.072 seconds
[2023-12-06T18:38:32.249+0000] {processor.py:157} INFO - Started process (PID=4703) to work on /usr/local/lib/python3.10/dist-packages/airflow/example_dags/example_dynamic_task_mapping_with_no_taskflow_operators.py
[2023-12-06T18:38:32.251+0000] {processor.py:829} INFO - Processing file /usr/local/lib/python3.10/dist-packages/airflow/example_dags/example_dynamic_task_mapping_with_no_taskflow_operators.py for tasks to queue
[2023-12-06T18:38:32.251+0000] {logging_mixin.py:154} INFO - [2023-12-06T18:38:32.251+0000] {dagbag.py:536} INFO - Filling up the DagBag from /usr/local/lib/python3.10/dist-packages/airflow/example_dags/example_dynamic_task_mapping_with_no_taskflow_operators.py
[2023-12-06T18:38:32.259+0000] {processor.py:839} INFO - DAG(s) dict_keys(['example_dynamic_task_mapping_with_no_taskflow_operators']) retrieved from /usr/local/lib/python3.10/dist-packages/airflow/example_dags/example_dynamic_task_mapping_with_no_taskflow_operators.py
[2023-12-06T18:38:32.276+0000] {logging_mixin.py:154} INFO - [2023-12-06T18:38:32.275+0000] {dag.py:2941} INFO - Sync 1 DAGs
[2023-12-06T18:38:32.295+0000] {logging_mixin.py:154} INFO - [2023-12-06T18:38:32.295+0000] {dag.py:3722} INFO - Setting next_dagrun for example_dynamic_task_mapping_with_no_taskflow_operators to 2023-12-05T18:38:32.295456+00:00, run_after=2023-12-06T18:38:32.295456+00:00
[2023-12-06T18:38:32.320+0000] {processor.py:179} INFO - Processing /usr/local/lib/python3.10/dist-packages/airflow/example_dags/example_dynamic_task_mapping_with_no_taskflow_operators.py took 0.074 seconds
[2023-12-06T18:39:19.738+0000] {processor.py:157} INFO - Started process (PID=4751) to work on /usr/local/lib/python3.10/dist-packages/airflow/example_dags/example_dynamic_task_mapping_with_no_taskflow_operators.py
[2023-12-06T18:39:19.739+0000] {processor.py:829} INFO - Processing file /usr/local/lib/python3.10/dist-packages/airflow/example_dags/example_dynamic_task_mapping_with_no_taskflow_operators.py for tasks to queue
[2023-12-06T18:39:19.740+0000] {logging_mixin.py:154} INFO - [2023-12-06T18:39:19.740+0000] {dagbag.py:536} INFO - Filling up the DagBag from /usr/local/lib/python3.10/dist-packages/airflow/example_dags/example_dynamic_task_mapping_with_no_taskflow_operators.py
[2023-12-06T18:39:19.748+0000] {processor.py:839} INFO - DAG(s) dict_keys(['example_dynamic_task_mapping_with_no_taskflow_operators']) retrieved from /usr/local/lib/python3.10/dist-packages/airflow/example_dags/example_dynamic_task_mapping_with_no_taskflow_operators.py
[2023-12-06T18:39:19.764+0000] {logging_mixin.py:154} INFO - [2023-12-06T18:39:19.764+0000] {dag.py:2941} INFO - Sync 1 DAGs
[2023-12-06T18:39:19.784+0000] {logging_mixin.py:154} INFO - [2023-12-06T18:39:19.784+0000] {dag.py:3722} INFO - Setting next_dagrun for example_dynamic_task_mapping_with_no_taskflow_operators to 2023-12-05T18:39:19.784384+00:00, run_after=2023-12-06T18:39:19.784384+00:00
[2023-12-06T18:39:19.811+0000] {processor.py:179} INFO - Processing /usr/local/lib/python3.10/dist-packages/airflow/example_dags/example_dynamic_task_mapping_with_no_taskflow_operators.py took 0.076 seconds
[2023-12-06T18:40:08.997+0000] {processor.py:157} INFO - Started process (PID=4800) to work on /usr/local/lib/python3.10/dist-packages/airflow/example_dags/example_dynamic_task_mapping_with_no_taskflow_operators.py
[2023-12-06T18:40:08.998+0000] {processor.py:829} INFO - Processing file /usr/local/lib/python3.10/dist-packages/airflow/example_dags/example_dynamic_task_mapping_with_no_taskflow_operators.py for tasks to queue
[2023-12-06T18:40:08.999+0000] {logging_mixin.py:154} INFO - [2023-12-06T18:40:08.999+0000] {dagbag.py:536} INFO - Filling up the DagBag from /usr/local/lib/python3.10/dist-packages/airflow/example_dags/example_dynamic_task_mapping_with_no_taskflow_operators.py
[2023-12-06T18:40:09.007+0000] {processor.py:839} INFO - DAG(s) dict_keys(['example_dynamic_task_mapping_with_no_taskflow_operators']) retrieved from /usr/local/lib/python3.10/dist-packages/airflow/example_dags/example_dynamic_task_mapping_with_no_taskflow_operators.py
[2023-12-06T18:40:09.025+0000] {logging_mixin.py:154} INFO - [2023-12-06T18:40:09.024+0000] {dag.py:2941} INFO - Sync 1 DAGs
[2023-12-06T18:40:09.046+0000] {logging_mixin.py:154} INFO - [2023-12-06T18:40:09.046+0000] {dag.py:3722} INFO - Setting next_dagrun for example_dynamic_task_mapping_with_no_taskflow_operators to 2023-12-05T18:40:09.046111+00:00, run_after=2023-12-06T18:40:09.046111+00:00
[2023-12-06T18:40:09.068+0000] {processor.py:179} INFO - Processing /usr/local/lib/python3.10/dist-packages/airflow/example_dags/example_dynamic_task_mapping_with_no_taskflow_operators.py took 0.075 seconds
[2023-12-06T18:41:00.097+0000] {processor.py:157} INFO - Started process (PID=4852) to work on /usr/local/lib/python3.10/dist-packages/airflow/example_dags/example_dynamic_task_mapping_with_no_taskflow_operators.py
[2023-12-06T18:41:00.099+0000] {processor.py:829} INFO - Processing file /usr/local/lib/python3.10/dist-packages/airflow/example_dags/example_dynamic_task_mapping_with_no_taskflow_operators.py for tasks to queue
[2023-12-06T18:41:00.100+0000] {logging_mixin.py:154} INFO - [2023-12-06T18:41:00.099+0000] {dagbag.py:536} INFO - Filling up the DagBag from /usr/local/lib/python3.10/dist-packages/airflow/example_dags/example_dynamic_task_mapping_with_no_taskflow_operators.py
[2023-12-06T18:41:00.107+0000] {processor.py:839} INFO - DAG(s) dict_keys(['example_dynamic_task_mapping_with_no_taskflow_operators']) retrieved from /usr/local/lib/python3.10/dist-packages/airflow/example_dags/example_dynamic_task_mapping_with_no_taskflow_operators.py
[2023-12-06T18:41:00.124+0000] {logging_mixin.py:154} INFO - [2023-12-06T18:41:00.124+0000] {dag.py:2941} INFO - Sync 1 DAGs
[2023-12-06T18:41:00.145+0000] {logging_mixin.py:154} INFO - [2023-12-06T18:41:00.145+0000] {dag.py:3722} INFO - Setting next_dagrun for example_dynamic_task_mapping_with_no_taskflow_operators to 2023-12-05T18:41:00.145336+00:00, run_after=2023-12-06T18:41:00.145336+00:00
[2023-12-06T18:41:00.168+0000] {processor.py:179} INFO - Processing /usr/local/lib/python3.10/dist-packages/airflow/example_dags/example_dynamic_task_mapping_with_no_taskflow_operators.py took 0.075 seconds
[2023-12-06T18:41:48.400+0000] {processor.py:157} INFO - Started process (PID=4901) to work on /usr/local/lib/python3.10/dist-packages/airflow/example_dags/example_dynamic_task_mapping_with_no_taskflow_operators.py
[2023-12-06T18:41:48.401+0000] {processor.py:829} INFO - Processing file /usr/local/lib/python3.10/dist-packages/airflow/example_dags/example_dynamic_task_mapping_with_no_taskflow_operators.py for tasks to queue
[2023-12-06T18:41:48.402+0000] {logging_mixin.py:154} INFO - [2023-12-06T18:41:48.401+0000] {dagbag.py:536} INFO - Filling up the DagBag from /usr/local/lib/python3.10/dist-packages/airflow/example_dags/example_dynamic_task_mapping_with_no_taskflow_operators.py
[2023-12-06T18:41:48.409+0000] {processor.py:839} INFO - DAG(s) dict_keys(['example_dynamic_task_mapping_with_no_taskflow_operators']) retrieved from /usr/local/lib/python3.10/dist-packages/airflow/example_dags/example_dynamic_task_mapping_with_no_taskflow_operators.py
[2023-12-06T18:41:48.425+0000] {logging_mixin.py:154} INFO - [2023-12-06T18:41:48.425+0000] {dag.py:2941} INFO - Sync 1 DAGs
[2023-12-06T18:41:48.445+0000] {logging_mixin.py:154} INFO - [2023-12-06T18:41:48.445+0000] {dag.py:3722} INFO - Setting next_dagrun for example_dynamic_task_mapping_with_no_taskflow_operators to 2023-12-05T18:41:48.445070+00:00, run_after=2023-12-06T18:41:48.445070+00:00
[2023-12-06T18:41:48.465+0000] {processor.py:179} INFO - Processing /usr/local/lib/python3.10/dist-packages/airflow/example_dags/example_dynamic_task_mapping_with_no_taskflow_operators.py took 0.069 seconds
[2023-12-06T18:42:34.483+0000] {processor.py:157} INFO - Started process (PID=4947) to work on /usr/local/lib/python3.10/dist-packages/airflow/example_dags/example_dynamic_task_mapping_with_no_taskflow_operators.py
[2023-12-06T18:42:34.484+0000] {processor.py:829} INFO - Processing file /usr/local/lib/python3.10/dist-packages/airflow/example_dags/example_dynamic_task_mapping_with_no_taskflow_operators.py for tasks to queue
[2023-12-06T18:42:34.485+0000] {logging_mixin.py:154} INFO - [2023-12-06T18:42:34.485+0000] {dagbag.py:536} INFO - Filling up the DagBag from /usr/local/lib/python3.10/dist-packages/airflow/example_dags/example_dynamic_task_mapping_with_no_taskflow_operators.py
[2023-12-06T18:42:34.493+0000] {processor.py:839} INFO - DAG(s) dict_keys(['example_dynamic_task_mapping_with_no_taskflow_operators']) retrieved from /usr/local/lib/python3.10/dist-packages/airflow/example_dags/example_dynamic_task_mapping_with_no_taskflow_operators.py
[2023-12-06T18:42:34.509+0000] {logging_mixin.py:154} INFO - [2023-12-06T18:42:34.509+0000] {dag.py:2941} INFO - Sync 1 DAGs
[2023-12-06T18:42:34.530+0000] {logging_mixin.py:154} INFO - [2023-12-06T18:42:34.530+0000] {dag.py:3722} INFO - Setting next_dagrun for example_dynamic_task_mapping_with_no_taskflow_operators to 2023-12-05T18:42:34.530033+00:00, run_after=2023-12-06T18:42:34.530033+00:00
[2023-12-06T18:42:34.558+0000] {processor.py:179} INFO - Processing /usr/local/lib/python3.10/dist-packages/airflow/example_dags/example_dynamic_task_mapping_with_no_taskflow_operators.py took 0.079 seconds
[2023-12-06T18:43:27.170+0000] {processor.py:157} INFO - Started process (PID=4999) to work on /usr/local/lib/python3.10/dist-packages/airflow/example_dags/example_dynamic_task_mapping_with_no_taskflow_operators.py
[2023-12-06T18:43:27.172+0000] {processor.py:829} INFO - Processing file /usr/local/lib/python3.10/dist-packages/airflow/example_dags/example_dynamic_task_mapping_with_no_taskflow_operators.py for tasks to queue
[2023-12-06T18:43:27.173+0000] {logging_mixin.py:154} INFO - [2023-12-06T18:43:27.172+0000] {dagbag.py:536} INFO - Filling up the DagBag from /usr/local/lib/python3.10/dist-packages/airflow/example_dags/example_dynamic_task_mapping_with_no_taskflow_operators.py
[2023-12-06T18:43:27.180+0000] {processor.py:839} INFO - DAG(s) dict_keys(['example_dynamic_task_mapping_with_no_taskflow_operators']) retrieved from /usr/local/lib/python3.10/dist-packages/airflow/example_dags/example_dynamic_task_mapping_with_no_taskflow_operators.py
[2023-12-06T18:43:27.196+0000] {logging_mixin.py:154} INFO - [2023-12-06T18:43:27.196+0000] {dag.py:2941} INFO - Sync 1 DAGs
[2023-12-06T18:43:27.217+0000] {logging_mixin.py:154} INFO - [2023-12-06T18:43:27.217+0000] {dag.py:3722} INFO - Setting next_dagrun for example_dynamic_task_mapping_with_no_taskflow_operators to 2023-12-05T18:43:27.216934+00:00, run_after=2023-12-06T18:43:27.216934+00:00
[2023-12-06T18:43:27.240+0000] {processor.py:179} INFO - Processing /usr/local/lib/python3.10/dist-packages/airflow/example_dags/example_dynamic_task_mapping_with_no_taskflow_operators.py took 0.073 seconds
[2023-12-06T18:44:16.517+0000] {processor.py:157} INFO - Started process (PID=5049) to work on /usr/local/lib/python3.10/dist-packages/airflow/example_dags/example_dynamic_task_mapping_with_no_taskflow_operators.py
[2023-12-06T18:44:16.519+0000] {processor.py:829} INFO - Processing file /usr/local/lib/python3.10/dist-packages/airflow/example_dags/example_dynamic_task_mapping_with_no_taskflow_operators.py for tasks to queue
[2023-12-06T18:44:16.519+0000] {logging_mixin.py:154} INFO - [2023-12-06T18:44:16.519+0000] {dagbag.py:536} INFO - Filling up the DagBag from /usr/local/lib/python3.10/dist-packages/airflow/example_dags/example_dynamic_task_mapping_with_no_taskflow_operators.py
[2023-12-06T18:44:16.527+0000] {processor.py:839} INFO - DAG(s) dict_keys(['example_dynamic_task_mapping_with_no_taskflow_operators']) retrieved from /usr/local/lib/python3.10/dist-packages/airflow/example_dags/example_dynamic_task_mapping_with_no_taskflow_operators.py
[2023-12-06T18:44:16.543+0000] {logging_mixin.py:154} INFO - [2023-12-06T18:44:16.543+0000] {dag.py:2941} INFO - Sync 1 DAGs
[2023-12-06T18:44:16.564+0000] {logging_mixin.py:154} INFO - [2023-12-06T18:44:16.563+0000] {dag.py:3722} INFO - Setting next_dagrun for example_dynamic_task_mapping_with_no_taskflow_operators to 2023-12-05T18:44:16.563647+00:00, run_after=2023-12-06T18:44:16.563647+00:00
[2023-12-06T18:44:16.585+0000] {processor.py:179} INFO - Processing /usr/local/lib/python3.10/dist-packages/airflow/example_dags/example_dynamic_task_mapping_with_no_taskflow_operators.py took 0.072 seconds
[2023-12-06T18:45:04.472+0000] {processor.py:157} INFO - Started process (PID=5097) to work on /usr/local/lib/python3.10/dist-packages/airflow/example_dags/example_dynamic_task_mapping_with_no_taskflow_operators.py
[2023-12-06T18:45:04.474+0000] {processor.py:829} INFO - Processing file /usr/local/lib/python3.10/dist-packages/airflow/example_dags/example_dynamic_task_mapping_with_no_taskflow_operators.py for tasks to queue
[2023-12-06T18:45:04.474+0000] {logging_mixin.py:154} INFO - [2023-12-06T18:45:04.474+0000] {dagbag.py:536} INFO - Filling up the DagBag from /usr/local/lib/python3.10/dist-packages/airflow/example_dags/example_dynamic_task_mapping_with_no_taskflow_operators.py
[2023-12-06T18:45:04.482+0000] {processor.py:839} INFO - DAG(s) dict_keys(['example_dynamic_task_mapping_with_no_taskflow_operators']) retrieved from /usr/local/lib/python3.10/dist-packages/airflow/example_dags/example_dynamic_task_mapping_with_no_taskflow_operators.py
[2023-12-06T18:45:04.499+0000] {logging_mixin.py:154} INFO - [2023-12-06T18:45:04.499+0000] {dag.py:2941} INFO - Sync 1 DAGs
[2023-12-06T18:45:04.522+0000] {logging_mixin.py:154} INFO - [2023-12-06T18:45:04.522+0000] {dag.py:3722} INFO - Setting next_dagrun for example_dynamic_task_mapping_with_no_taskflow_operators to 2023-12-05T18:45:04.521900+00:00, run_after=2023-12-06T18:45:04.521900+00:00
[2023-12-06T18:45:04.546+0000] {processor.py:179} INFO - Processing /usr/local/lib/python3.10/dist-packages/airflow/example_dags/example_dynamic_task_mapping_with_no_taskflow_operators.py took 0.077 seconds
[2023-12-06T18:45:48.137+0000] {processor.py:157} INFO - Started process (PID=5144) to work on /usr/local/lib/python3.10/dist-packages/airflow/example_dags/example_dynamic_task_mapping_with_no_taskflow_operators.py
[2023-12-06T18:45:48.139+0000] {processor.py:829} INFO - Processing file /usr/local/lib/python3.10/dist-packages/airflow/example_dags/example_dynamic_task_mapping_with_no_taskflow_operators.py for tasks to queue
[2023-12-06T18:45:48.140+0000] {logging_mixin.py:154} INFO - [2023-12-06T18:45:48.139+0000] {dagbag.py:536} INFO - Filling up the DagBag from /usr/local/lib/python3.10/dist-packages/airflow/example_dags/example_dynamic_task_mapping_with_no_taskflow_operators.py
[2023-12-06T18:45:48.148+0000] {processor.py:839} INFO - DAG(s) dict_keys(['example_dynamic_task_mapping_with_no_taskflow_operators']) retrieved from /usr/local/lib/python3.10/dist-packages/airflow/example_dags/example_dynamic_task_mapping_with_no_taskflow_operators.py
[2023-12-06T18:45:48.164+0000] {logging_mixin.py:154} INFO - [2023-12-06T18:45:48.164+0000] {dag.py:2941} INFO - Sync 1 DAGs
[2023-12-06T18:45:48.185+0000] {logging_mixin.py:154} INFO - [2023-12-06T18:45:48.185+0000] {dag.py:3722} INFO - Setting next_dagrun for example_dynamic_task_mapping_with_no_taskflow_operators to 2023-12-05T18:45:48.184767+00:00, run_after=2023-12-06T18:45:48.184767+00:00
[2023-12-06T18:45:48.207+0000] {processor.py:179} INFO - Processing /usr/local/lib/python3.10/dist-packages/airflow/example_dags/example_dynamic_task_mapping_with_no_taskflow_operators.py took 0.073 seconds
[2023-12-06T18:46:32.407+0000] {processor.py:157} INFO - Started process (PID=5190) to work on /usr/local/lib/python3.10/dist-packages/airflow/example_dags/example_dynamic_task_mapping_with_no_taskflow_operators.py
[2023-12-06T18:46:32.408+0000] {processor.py:829} INFO - Processing file /usr/local/lib/python3.10/dist-packages/airflow/example_dags/example_dynamic_task_mapping_with_no_taskflow_operators.py for tasks to queue
[2023-12-06T18:46:32.409+0000] {logging_mixin.py:154} INFO - [2023-12-06T18:46:32.409+0000] {dagbag.py:536} INFO - Filling up the DagBag from /usr/local/lib/python3.10/dist-packages/airflow/example_dags/example_dynamic_task_mapping_with_no_taskflow_operators.py
[2023-12-06T18:46:32.417+0000] {processor.py:839} INFO - DAG(s) dict_keys(['example_dynamic_task_mapping_with_no_taskflow_operators']) retrieved from /usr/local/lib/python3.10/dist-packages/airflow/example_dags/example_dynamic_task_mapping_with_no_taskflow_operators.py
[2023-12-06T18:46:32.433+0000] {logging_mixin.py:154} INFO - [2023-12-06T18:46:32.433+0000] {dag.py:2941} INFO - Sync 1 DAGs
[2023-12-06T18:46:32.454+0000] {logging_mixin.py:154} INFO - [2023-12-06T18:46:32.454+0000] {dag.py:3722} INFO - Setting next_dagrun for example_dynamic_task_mapping_with_no_taskflow_operators to 2023-12-05T18:46:32.454231+00:00, run_after=2023-12-06T18:46:32.454231+00:00
[2023-12-06T18:46:32.511+0000] {processor.py:179} INFO - Processing /usr/local/lib/python3.10/dist-packages/airflow/example_dags/example_dynamic_task_mapping_with_no_taskflow_operators.py took 0.108 seconds
[2023-12-06T18:47:19.207+0000] {processor.py:157} INFO - Started process (PID=5239) to work on /usr/local/lib/python3.10/dist-packages/airflow/example_dags/example_dynamic_task_mapping_with_no_taskflow_operators.py
[2023-12-06T18:47:19.208+0000] {processor.py:829} INFO - Processing file /usr/local/lib/python3.10/dist-packages/airflow/example_dags/example_dynamic_task_mapping_with_no_taskflow_operators.py for tasks to queue
[2023-12-06T18:47:19.214+0000] {logging_mixin.py:154} INFO - [2023-12-06T18:47:19.213+0000] {dagbag.py:536} INFO - Filling up the DagBag from /usr/local/lib/python3.10/dist-packages/airflow/example_dags/example_dynamic_task_mapping_with_no_taskflow_operators.py
[2023-12-06T18:47:19.228+0000] {processor.py:839} INFO - DAG(s) dict_keys(['example_dynamic_task_mapping_with_no_taskflow_operators']) retrieved from /usr/local/lib/python3.10/dist-packages/airflow/example_dags/example_dynamic_task_mapping_with_no_taskflow_operators.py
[2023-12-06T18:47:19.244+0000] {logging_mixin.py:154} INFO - [2023-12-06T18:47:19.244+0000] {dag.py:2941} INFO - Sync 1 DAGs
[2023-12-06T18:47:19.265+0000] {logging_mixin.py:154} INFO - [2023-12-06T18:47:19.265+0000] {dag.py:3722} INFO - Setting next_dagrun for example_dynamic_task_mapping_with_no_taskflow_operators to 2023-12-05T18:47:19.264799+00:00, run_after=2023-12-06T18:47:19.264799+00:00
[2023-12-06T18:47:19.288+0000] {processor.py:179} INFO - Processing /usr/local/lib/python3.10/dist-packages/airflow/example_dags/example_dynamic_task_mapping_with_no_taskflow_operators.py took 0.085 seconds
[2023-12-06T18:48:09.499+0000] {processor.py:157} INFO - Started process (PID=5291) to work on /usr/local/lib/python3.10/dist-packages/airflow/example_dags/example_dynamic_task_mapping_with_no_taskflow_operators.py
[2023-12-06T18:48:09.500+0000] {processor.py:829} INFO - Processing file /usr/local/lib/python3.10/dist-packages/airflow/example_dags/example_dynamic_task_mapping_with_no_taskflow_operators.py for tasks to queue
[2023-12-06T18:48:09.501+0000] {logging_mixin.py:154} INFO - [2023-12-06T18:48:09.501+0000] {dagbag.py:536} INFO - Filling up the DagBag from /usr/local/lib/python3.10/dist-packages/airflow/example_dags/example_dynamic_task_mapping_with_no_taskflow_operators.py
[2023-12-06T18:48:09.509+0000] {processor.py:839} INFO - DAG(s) dict_keys(['example_dynamic_task_mapping_with_no_taskflow_operators']) retrieved from /usr/local/lib/python3.10/dist-packages/airflow/example_dags/example_dynamic_task_mapping_with_no_taskflow_operators.py
[2023-12-06T18:48:09.525+0000] {logging_mixin.py:154} INFO - [2023-12-06T18:48:09.525+0000] {dag.py:2941} INFO - Sync 1 DAGs
[2023-12-06T18:48:09.546+0000] {logging_mixin.py:154} INFO - [2023-12-06T18:48:09.546+0000] {dag.py:3722} INFO - Setting next_dagrun for example_dynamic_task_mapping_with_no_taskflow_operators to 2023-12-05T18:48:09.546252+00:00, run_after=2023-12-06T18:48:09.546252+00:00
[2023-12-06T18:48:09.568+0000] {processor.py:179} INFO - Processing /usr/local/lib/python3.10/dist-packages/airflow/example_dags/example_dynamic_task_mapping_with_no_taskflow_operators.py took 0.073 seconds
[2023-12-06T18:48:58.426+0000] {processor.py:157} INFO - Started process (PID=5340) to work on /usr/local/lib/python3.10/dist-packages/airflow/example_dags/example_dynamic_task_mapping_with_no_taskflow_operators.py
[2023-12-06T18:48:58.427+0000] {processor.py:829} INFO - Processing file /usr/local/lib/python3.10/dist-packages/airflow/example_dags/example_dynamic_task_mapping_with_no_taskflow_operators.py for tasks to queue
[2023-12-06T18:48:58.428+0000] {logging_mixin.py:154} INFO - [2023-12-06T18:48:58.428+0000] {dagbag.py:536} INFO - Filling up the DagBag from /usr/local/lib/python3.10/dist-packages/airflow/example_dags/example_dynamic_task_mapping_with_no_taskflow_operators.py
[2023-12-06T18:48:58.436+0000] {processor.py:839} INFO - DAG(s) dict_keys(['example_dynamic_task_mapping_with_no_taskflow_operators']) retrieved from /usr/local/lib/python3.10/dist-packages/airflow/example_dags/example_dynamic_task_mapping_with_no_taskflow_operators.py
[2023-12-06T18:48:58.452+0000] {logging_mixin.py:154} INFO - [2023-12-06T18:48:58.452+0000] {dag.py:2941} INFO - Sync 1 DAGs
[2023-12-06T18:48:58.473+0000] {logging_mixin.py:154} INFO - [2023-12-06T18:48:58.473+0000] {dag.py:3722} INFO - Setting next_dagrun for example_dynamic_task_mapping_with_no_taskflow_operators to 2023-12-05T18:48:58.473160+00:00, run_after=2023-12-06T18:48:58.473160+00:00
[2023-12-06T18:48:58.499+0000] {processor.py:179} INFO - Processing /usr/local/lib/python3.10/dist-packages/airflow/example_dags/example_dynamic_task_mapping_with_no_taskflow_operators.py took 0.077 seconds
[2023-12-06T18:49:44.378+0000] {processor.py:157} INFO - Started process (PID=5387) to work on /usr/local/lib/python3.10/dist-packages/airflow/example_dags/example_dynamic_task_mapping_with_no_taskflow_operators.py
[2023-12-06T18:49:44.380+0000] {processor.py:829} INFO - Processing file /usr/local/lib/python3.10/dist-packages/airflow/example_dags/example_dynamic_task_mapping_with_no_taskflow_operators.py for tasks to queue
[2023-12-06T18:49:44.381+0000] {logging_mixin.py:154} INFO - [2023-12-06T18:49:44.380+0000] {dagbag.py:536} INFO - Filling up the DagBag from /usr/local/lib/python3.10/dist-packages/airflow/example_dags/example_dynamic_task_mapping_with_no_taskflow_operators.py
[2023-12-06T18:49:44.388+0000] {processor.py:839} INFO - DAG(s) dict_keys(['example_dynamic_task_mapping_with_no_taskflow_operators']) retrieved from /usr/local/lib/python3.10/dist-packages/airflow/example_dags/example_dynamic_task_mapping_with_no_taskflow_operators.py
[2023-12-06T18:49:44.405+0000] {logging_mixin.py:154} INFO - [2023-12-06T18:49:44.405+0000] {dag.py:2941} INFO - Sync 1 DAGs
[2023-12-06T18:49:44.425+0000] {logging_mixin.py:154} INFO - [2023-12-06T18:49:44.425+0000] {dag.py:3722} INFO - Setting next_dagrun for example_dynamic_task_mapping_with_no_taskflow_operators to 2023-12-05T18:49:44.425444+00:00, run_after=2023-12-06T18:49:44.425444+00:00
[2023-12-06T18:49:44.447+0000] {processor.py:179} INFO - Processing /usr/local/lib/python3.10/dist-packages/airflow/example_dags/example_dynamic_task_mapping_with_no_taskflow_operators.py took 0.072 seconds
[2023-12-06T18:50:25.838+0000] {processor.py:157} INFO - Started process (PID=5431) to work on /usr/local/lib/python3.10/dist-packages/airflow/example_dags/example_dynamic_task_mapping_with_no_taskflow_operators.py
[2023-12-06T18:50:25.840+0000] {processor.py:829} INFO - Processing file /usr/local/lib/python3.10/dist-packages/airflow/example_dags/example_dynamic_task_mapping_with_no_taskflow_operators.py for tasks to queue
[2023-12-06T18:50:25.841+0000] {logging_mixin.py:154} INFO - [2023-12-06T18:50:25.840+0000] {dagbag.py:536} INFO - Filling up the DagBag from /usr/local/lib/python3.10/dist-packages/airflow/example_dags/example_dynamic_task_mapping_with_no_taskflow_operators.py
[2023-12-06T18:50:25.848+0000] {processor.py:839} INFO - DAG(s) dict_keys(['example_dynamic_task_mapping_with_no_taskflow_operators']) retrieved from /usr/local/lib/python3.10/dist-packages/airflow/example_dags/example_dynamic_task_mapping_with_no_taskflow_operators.py
[2023-12-06T18:50:25.865+0000] {logging_mixin.py:154} INFO - [2023-12-06T18:50:25.865+0000] {dag.py:2941} INFO - Sync 1 DAGs
[2023-12-06T18:50:25.885+0000] {logging_mixin.py:154} INFO - [2023-12-06T18:50:25.885+0000] {dag.py:3722} INFO - Setting next_dagrun for example_dynamic_task_mapping_with_no_taskflow_operators to 2023-12-05T18:50:25.885365+00:00, run_after=2023-12-06T18:50:25.885365+00:00
[2023-12-06T18:50:25.907+0000] {processor.py:179} INFO - Processing /usr/local/lib/python3.10/dist-packages/airflow/example_dags/example_dynamic_task_mapping_with_no_taskflow_operators.py took 0.072 seconds
[2023-12-06T18:51:09.296+0000] {processor.py:157} INFO - Started process (PID=5480) to work on /usr/local/lib/python3.10/dist-packages/airflow/example_dags/example_dynamic_task_mapping_with_no_taskflow_operators.py
[2023-12-06T18:51:09.298+0000] {processor.py:829} INFO - Processing file /usr/local/lib/python3.10/dist-packages/airflow/example_dags/example_dynamic_task_mapping_with_no_taskflow_operators.py for tasks to queue
[2023-12-06T18:51:09.299+0000] {logging_mixin.py:154} INFO - [2023-12-06T18:51:09.298+0000] {dagbag.py:536} INFO - Filling up the DagBag from /usr/local/lib/python3.10/dist-packages/airflow/example_dags/example_dynamic_task_mapping_with_no_taskflow_operators.py
[2023-12-06T18:51:09.307+0000] {processor.py:839} INFO - DAG(s) dict_keys(['example_dynamic_task_mapping_with_no_taskflow_operators']) retrieved from /usr/local/lib/python3.10/dist-packages/airflow/example_dags/example_dynamic_task_mapping_with_no_taskflow_operators.py
[2023-12-06T18:51:09.324+0000] {logging_mixin.py:154} INFO - [2023-12-06T18:51:09.324+0000] {dag.py:2941} INFO - Sync 1 DAGs
[2023-12-06T18:51:09.344+0000] {logging_mixin.py:154} INFO - [2023-12-06T18:51:09.344+0000] {dag.py:3722} INFO - Setting next_dagrun for example_dynamic_task_mapping_with_no_taskflow_operators to 2023-12-05T18:51:09.344375+00:00, run_after=2023-12-06T18:51:09.344375+00:00
[2023-12-06T18:51:09.370+0000] {processor.py:179} INFO - Processing /usr/local/lib/python3.10/dist-packages/airflow/example_dags/example_dynamic_task_mapping_with_no_taskflow_operators.py took 0.077 seconds
[2023-12-06T18:51:51.259+0000] {processor.py:157} INFO - Started process (PID=5525) to work on /usr/local/lib/python3.10/dist-packages/airflow/example_dags/example_dynamic_task_mapping_with_no_taskflow_operators.py
[2023-12-06T18:51:51.260+0000] {processor.py:829} INFO - Processing file /usr/local/lib/python3.10/dist-packages/airflow/example_dags/example_dynamic_task_mapping_with_no_taskflow_operators.py for tasks to queue
[2023-12-06T18:51:51.261+0000] {logging_mixin.py:154} INFO - [2023-12-06T18:51:51.260+0000] {dagbag.py:536} INFO - Filling up the DagBag from /usr/local/lib/python3.10/dist-packages/airflow/example_dags/example_dynamic_task_mapping_with_no_taskflow_operators.py
[2023-12-06T18:51:51.269+0000] {processor.py:839} INFO - DAG(s) dict_keys(['example_dynamic_task_mapping_with_no_taskflow_operators']) retrieved from /usr/local/lib/python3.10/dist-packages/airflow/example_dags/example_dynamic_task_mapping_with_no_taskflow_operators.py
[2023-12-06T18:51:51.285+0000] {logging_mixin.py:154} INFO - [2023-12-06T18:51:51.284+0000] {dag.py:2941} INFO - Sync 1 DAGs
[2023-12-06T18:51:51.305+0000] {logging_mixin.py:154} INFO - [2023-12-06T18:51:51.304+0000] {dag.py:3722} INFO - Setting next_dagrun for example_dynamic_task_mapping_with_no_taskflow_operators to 2023-12-05T18:51:51.304564+00:00, run_after=2023-12-06T18:51:51.304564+00:00
[2023-12-06T18:51:51.326+0000] {processor.py:179} INFO - Processing /usr/local/lib/python3.10/dist-packages/airflow/example_dags/example_dynamic_task_mapping_with_no_taskflow_operators.py took 0.071 seconds
[2023-12-06T18:52:39.545+0000] {processor.py:157} INFO - Started process (PID=5574) to work on /usr/local/lib/python3.10/dist-packages/airflow/example_dags/example_dynamic_task_mapping_with_no_taskflow_operators.py
[2023-12-06T18:52:39.547+0000] {processor.py:829} INFO - Processing file /usr/local/lib/python3.10/dist-packages/airflow/example_dags/example_dynamic_task_mapping_with_no_taskflow_operators.py for tasks to queue
[2023-12-06T18:52:39.547+0000] {logging_mixin.py:154} INFO - [2023-12-06T18:52:39.547+0000] {dagbag.py:536} INFO - Filling up the DagBag from /usr/local/lib/python3.10/dist-packages/airflow/example_dags/example_dynamic_task_mapping_with_no_taskflow_operators.py
[2023-12-06T18:52:39.555+0000] {processor.py:839} INFO - DAG(s) dict_keys(['example_dynamic_task_mapping_with_no_taskflow_operators']) retrieved from /usr/local/lib/python3.10/dist-packages/airflow/example_dags/example_dynamic_task_mapping_with_no_taskflow_operators.py
[2023-12-06T18:52:39.571+0000] {logging_mixin.py:154} INFO - [2023-12-06T18:52:39.571+0000] {dag.py:2941} INFO - Sync 1 DAGs
[2023-12-06T18:52:39.592+0000] {logging_mixin.py:154} INFO - [2023-12-06T18:52:39.591+0000] {dag.py:3722} INFO - Setting next_dagrun for example_dynamic_task_mapping_with_no_taskflow_operators to 2023-12-05T18:52:39.591660+00:00, run_after=2023-12-06T18:52:39.591660+00:00
[2023-12-06T18:52:39.614+0000] {processor.py:179} INFO - Processing /usr/local/lib/python3.10/dist-packages/airflow/example_dags/example_dynamic_task_mapping_with_no_taskflow_operators.py took 0.073 seconds
[2023-12-06T18:53:25.216+0000] {processor.py:157} INFO - Started process (PID=5621) to work on /usr/local/lib/python3.10/dist-packages/airflow/example_dags/example_dynamic_task_mapping_with_no_taskflow_operators.py
[2023-12-06T18:53:25.217+0000] {processor.py:829} INFO - Processing file /usr/local/lib/python3.10/dist-packages/airflow/example_dags/example_dynamic_task_mapping_with_no_taskflow_operators.py for tasks to queue
[2023-12-06T18:53:25.218+0000] {logging_mixin.py:154} INFO - [2023-12-06T18:53:25.218+0000] {dagbag.py:536} INFO - Filling up the DagBag from /usr/local/lib/python3.10/dist-packages/airflow/example_dags/example_dynamic_task_mapping_with_no_taskflow_operators.py
[2023-12-06T18:53:25.226+0000] {processor.py:839} INFO - DAG(s) dict_keys(['example_dynamic_task_mapping_with_no_taskflow_operators']) retrieved from /usr/local/lib/python3.10/dist-packages/airflow/example_dags/example_dynamic_task_mapping_with_no_taskflow_operators.py
[2023-12-06T18:53:25.243+0000] {logging_mixin.py:154} INFO - [2023-12-06T18:53:25.243+0000] {dag.py:2941} INFO - Sync 1 DAGs
[2023-12-06T18:53:25.264+0000] {logging_mixin.py:154} INFO - [2023-12-06T18:53:25.264+0000] {dag.py:3722} INFO - Setting next_dagrun for example_dynamic_task_mapping_with_no_taskflow_operators to 2023-12-05T18:53:25.264458+00:00, run_after=2023-12-06T18:53:25.264458+00:00
[2023-12-06T18:53:25.287+0000] {processor.py:179} INFO - Processing /usr/local/lib/python3.10/dist-packages/airflow/example_dags/example_dynamic_task_mapping_with_no_taskflow_operators.py took 0.075 seconds
[2023-12-06T18:54:08.707+0000] {processor.py:157} INFO - Started process (PID=5666) to work on /usr/local/lib/python3.10/dist-packages/airflow/example_dags/example_dynamic_task_mapping_with_no_taskflow_operators.py
[2023-12-06T18:54:08.709+0000] {processor.py:829} INFO - Processing file /usr/local/lib/python3.10/dist-packages/airflow/example_dags/example_dynamic_task_mapping_with_no_taskflow_operators.py for tasks to queue
[2023-12-06T18:54:08.710+0000] {logging_mixin.py:154} INFO - [2023-12-06T18:54:08.709+0000] {dagbag.py:536} INFO - Filling up the DagBag from /usr/local/lib/python3.10/dist-packages/airflow/example_dags/example_dynamic_task_mapping_with_no_taskflow_operators.py
[2023-12-06T18:54:08.718+0000] {processor.py:839} INFO - DAG(s) dict_keys(['example_dynamic_task_mapping_with_no_taskflow_operators']) retrieved from /usr/local/lib/python3.10/dist-packages/airflow/example_dags/example_dynamic_task_mapping_with_no_taskflow_operators.py
[2023-12-06T18:54:08.735+0000] {logging_mixin.py:154} INFO - [2023-12-06T18:54:08.734+0000] {dag.py:2941} INFO - Sync 1 DAGs
[2023-12-06T18:54:08.755+0000] {logging_mixin.py:154} INFO - [2023-12-06T18:54:08.755+0000] {dag.py:3722} INFO - Setting next_dagrun for example_dynamic_task_mapping_with_no_taskflow_operators to 2023-12-05T18:54:08.755432+00:00, run_after=2023-12-06T18:54:08.755432+00:00
[2023-12-06T18:54:08.776+0000] {processor.py:179} INFO - Processing /usr/local/lib/python3.10/dist-packages/airflow/example_dags/example_dynamic_task_mapping_with_no_taskflow_operators.py took 0.073 seconds
[2023-12-06T18:54:54.807+0000] {processor.py:157} INFO - Started process (PID=5714) to work on /usr/local/lib/python3.10/dist-packages/airflow/example_dags/example_dynamic_task_mapping_with_no_taskflow_operators.py
[2023-12-06T18:54:54.809+0000] {processor.py:829} INFO - Processing file /usr/local/lib/python3.10/dist-packages/airflow/example_dags/example_dynamic_task_mapping_with_no_taskflow_operators.py for tasks to queue
[2023-12-06T18:54:54.810+0000] {logging_mixin.py:154} INFO - [2023-12-06T18:54:54.809+0000] {dagbag.py:536} INFO - Filling up the DagBag from /usr/local/lib/python3.10/dist-packages/airflow/example_dags/example_dynamic_task_mapping_with_no_taskflow_operators.py
[2023-12-06T18:54:54.817+0000] {processor.py:839} INFO - DAG(s) dict_keys(['example_dynamic_task_mapping_with_no_taskflow_operators']) retrieved from /usr/local/lib/python3.10/dist-packages/airflow/example_dags/example_dynamic_task_mapping_with_no_taskflow_operators.py
[2023-12-06T18:54:54.834+0000] {logging_mixin.py:154} INFO - [2023-12-06T18:54:54.834+0000] {dag.py:2941} INFO - Sync 1 DAGs
[2023-12-06T18:54:54.855+0000] {logging_mixin.py:154} INFO - [2023-12-06T18:54:54.855+0000] {dag.py:3722} INFO - Setting next_dagrun for example_dynamic_task_mapping_with_no_taskflow_operators to 2023-12-05T18:54:54.855099+00:00, run_after=2023-12-06T18:54:54.855099+00:00
[2023-12-06T18:54:54.876+0000] {processor.py:179} INFO - Processing /usr/local/lib/python3.10/dist-packages/airflow/example_dags/example_dynamic_task_mapping_with_no_taskflow_operators.py took 0.073 seconds
[2023-12-06T18:55:41.764+0000] {processor.py:157} INFO - Started process (PID=5761) to work on /usr/local/lib/python3.10/dist-packages/airflow/example_dags/example_dynamic_task_mapping_with_no_taskflow_operators.py
[2023-12-06T18:55:41.765+0000] {processor.py:829} INFO - Processing file /usr/local/lib/python3.10/dist-packages/airflow/example_dags/example_dynamic_task_mapping_with_no_taskflow_operators.py for tasks to queue
[2023-12-06T18:55:41.766+0000] {logging_mixin.py:154} INFO - [2023-12-06T18:55:41.766+0000] {dagbag.py:536} INFO - Filling up the DagBag from /usr/local/lib/python3.10/dist-packages/airflow/example_dags/example_dynamic_task_mapping_with_no_taskflow_operators.py
[2023-12-06T18:55:41.774+0000] {processor.py:839} INFO - DAG(s) dict_keys(['example_dynamic_task_mapping_with_no_taskflow_operators']) retrieved from /usr/local/lib/python3.10/dist-packages/airflow/example_dags/example_dynamic_task_mapping_with_no_taskflow_operators.py
[2023-12-06T18:55:41.790+0000] {logging_mixin.py:154} INFO - [2023-12-06T18:55:41.790+0000] {dag.py:2941} INFO - Sync 1 DAGs
[2023-12-06T18:55:41.811+0000] {logging_mixin.py:154} INFO - [2023-12-06T18:55:41.811+0000] {dag.py:3722} INFO - Setting next_dagrun for example_dynamic_task_mapping_with_no_taskflow_operators to 2023-12-05T18:55:41.811004+00:00, run_after=2023-12-06T18:55:41.811004+00:00
[2023-12-06T18:55:41.833+0000] {processor.py:179} INFO - Processing /usr/local/lib/python3.10/dist-packages/airflow/example_dags/example_dynamic_task_mapping_with_no_taskflow_operators.py took 0.073 seconds
[2023-12-06T18:56:26.862+0000] {processor.py:157} INFO - Started process (PID=5809) to work on /usr/local/lib/python3.10/dist-packages/airflow/example_dags/example_dynamic_task_mapping_with_no_taskflow_operators.py
[2023-12-06T18:56:26.863+0000] {processor.py:829} INFO - Processing file /usr/local/lib/python3.10/dist-packages/airflow/example_dags/example_dynamic_task_mapping_with_no_taskflow_operators.py for tasks to queue
[2023-12-06T18:56:26.864+0000] {logging_mixin.py:154} INFO - [2023-12-06T18:56:26.864+0000] {dagbag.py:536} INFO - Filling up the DagBag from /usr/local/lib/python3.10/dist-packages/airflow/example_dags/example_dynamic_task_mapping_with_no_taskflow_operators.py
[2023-12-06T18:56:26.872+0000] {processor.py:839} INFO - DAG(s) dict_keys(['example_dynamic_task_mapping_with_no_taskflow_operators']) retrieved from /usr/local/lib/python3.10/dist-packages/airflow/example_dags/example_dynamic_task_mapping_with_no_taskflow_operators.py
[2023-12-06T18:56:26.889+0000] {logging_mixin.py:154} INFO - [2023-12-06T18:56:26.888+0000] {dag.py:2941} INFO - Sync 1 DAGs
[2023-12-06T18:56:26.910+0000] {logging_mixin.py:154} INFO - [2023-12-06T18:56:26.909+0000] {dag.py:3722} INFO - Setting next_dagrun for example_dynamic_task_mapping_with_no_taskflow_operators to 2023-12-05T18:56:26.909547+00:00, run_after=2023-12-06T18:56:26.909547+00:00
[2023-12-06T18:56:26.933+0000] {processor.py:179} INFO - Processing /usr/local/lib/python3.10/dist-packages/airflow/example_dags/example_dynamic_task_mapping_with_no_taskflow_operators.py took 0.075 seconds
[2023-12-06T18:57:12.763+0000] {processor.py:157} INFO - Started process (PID=5858) to work on /usr/local/lib/python3.10/dist-packages/airflow/example_dags/example_dynamic_task_mapping_with_no_taskflow_operators.py
[2023-12-06T18:57:12.766+0000] {processor.py:829} INFO - Processing file /usr/local/lib/python3.10/dist-packages/airflow/example_dags/example_dynamic_task_mapping_with_no_taskflow_operators.py for tasks to queue
[2023-12-06T18:57:12.766+0000] {logging_mixin.py:154} INFO - [2023-12-06T18:57:12.766+0000] {dagbag.py:536} INFO - Filling up the DagBag from /usr/local/lib/python3.10/dist-packages/airflow/example_dags/example_dynamic_task_mapping_with_no_taskflow_operators.py
[2023-12-06T18:57:12.774+0000] {processor.py:839} INFO - DAG(s) dict_keys(['example_dynamic_task_mapping_with_no_taskflow_operators']) retrieved from /usr/local/lib/python3.10/dist-packages/airflow/example_dags/example_dynamic_task_mapping_with_no_taskflow_operators.py
[2023-12-06T18:57:12.791+0000] {logging_mixin.py:154} INFO - [2023-12-06T18:57:12.791+0000] {dag.py:2941} INFO - Sync 1 DAGs
[2023-12-06T18:57:12.813+0000] {logging_mixin.py:154} INFO - [2023-12-06T18:57:12.813+0000] {dag.py:3722} INFO - Setting next_dagrun for example_dynamic_task_mapping_with_no_taskflow_operators to 2023-12-05T18:57:12.812789+00:00, run_after=2023-12-06T18:57:12.812789+00:00
[2023-12-06T18:57:12.842+0000] {processor.py:179} INFO - Processing /usr/local/lib/python3.10/dist-packages/airflow/example_dags/example_dynamic_task_mapping_with_no_taskflow_operators.py took 0.082 seconds
[2023-12-06T18:58:01.174+0000] {processor.py:157} INFO - Started process (PID=5908) to work on /usr/local/lib/python3.10/dist-packages/airflow/example_dags/example_dynamic_task_mapping_with_no_taskflow_operators.py
[2023-12-06T18:58:01.176+0000] {processor.py:829} INFO - Processing file /usr/local/lib/python3.10/dist-packages/airflow/example_dags/example_dynamic_task_mapping_with_no_taskflow_operators.py for tasks to queue
[2023-12-06T18:58:01.177+0000] {logging_mixin.py:154} INFO - [2023-12-06T18:58:01.177+0000] {dagbag.py:536} INFO - Filling up the DagBag from /usr/local/lib/python3.10/dist-packages/airflow/example_dags/example_dynamic_task_mapping_with_no_taskflow_operators.py
[2023-12-06T18:58:01.185+0000] {processor.py:839} INFO - DAG(s) dict_keys(['example_dynamic_task_mapping_with_no_taskflow_operators']) retrieved from /usr/local/lib/python3.10/dist-packages/airflow/example_dags/example_dynamic_task_mapping_with_no_taskflow_operators.py
[2023-12-06T18:58:01.203+0000] {logging_mixin.py:154} INFO - [2023-12-06T18:58:01.202+0000] {dag.py:2941} INFO - Sync 1 DAGs
[2023-12-06T18:58:01.225+0000] {logging_mixin.py:154} INFO - [2023-12-06T18:58:01.225+0000] {dag.py:3722} INFO - Setting next_dagrun for example_dynamic_task_mapping_with_no_taskflow_operators to 2023-12-05T18:58:01.224848+00:00, run_after=2023-12-06T18:58:01.224848+00:00
[2023-12-06T18:58:01.266+0000] {processor.py:179} INFO - Processing /usr/local/lib/python3.10/dist-packages/airflow/example_dags/example_dynamic_task_mapping_with_no_taskflow_operators.py took 0.096 seconds
[2023-12-06T18:58:45.738+0000] {processor.py:157} INFO - Started process (PID=5953) to work on /usr/local/lib/python3.10/dist-packages/airflow/example_dags/example_dynamic_task_mapping_with_no_taskflow_operators.py
[2023-12-06T18:58:45.740+0000] {processor.py:829} INFO - Processing file /usr/local/lib/python3.10/dist-packages/airflow/example_dags/example_dynamic_task_mapping_with_no_taskflow_operators.py for tasks to queue
[2023-12-06T18:58:45.740+0000] {logging_mixin.py:154} INFO - [2023-12-06T18:58:45.740+0000] {dagbag.py:536} INFO - Filling up the DagBag from /usr/local/lib/python3.10/dist-packages/airflow/example_dags/example_dynamic_task_mapping_with_no_taskflow_operators.py
[2023-12-06T18:58:45.748+0000] {processor.py:839} INFO - DAG(s) dict_keys(['example_dynamic_task_mapping_with_no_taskflow_operators']) retrieved from /usr/local/lib/python3.10/dist-packages/airflow/example_dags/example_dynamic_task_mapping_with_no_taskflow_operators.py
[2023-12-06T18:58:45.764+0000] {logging_mixin.py:154} INFO - [2023-12-06T18:58:45.764+0000] {dag.py:2941} INFO - Sync 1 DAGs
[2023-12-06T18:58:45.784+0000] {logging_mixin.py:154} INFO - [2023-12-06T18:58:45.784+0000] {dag.py:3722} INFO - Setting next_dagrun for example_dynamic_task_mapping_with_no_taskflow_operators to 2023-12-05T18:58:45.784188+00:00, run_after=2023-12-06T18:58:45.784188+00:00
[2023-12-06T18:58:45.806+0000] {processor.py:179} INFO - Processing /usr/local/lib/python3.10/dist-packages/airflow/example_dags/example_dynamic_task_mapping_with_no_taskflow_operators.py took 0.072 seconds
[2023-12-06T18:59:32.267+0000] {processor.py:157} INFO - Started process (PID=6000) to work on /usr/local/lib/python3.10/dist-packages/airflow/example_dags/example_dynamic_task_mapping_with_no_taskflow_operators.py
[2023-12-06T18:59:32.268+0000] {processor.py:829} INFO - Processing file /usr/local/lib/python3.10/dist-packages/airflow/example_dags/example_dynamic_task_mapping_with_no_taskflow_operators.py for tasks to queue
[2023-12-06T18:59:32.269+0000] {logging_mixin.py:154} INFO - [2023-12-06T18:59:32.269+0000] {dagbag.py:536} INFO - Filling up the DagBag from /usr/local/lib/python3.10/dist-packages/airflow/example_dags/example_dynamic_task_mapping_with_no_taskflow_operators.py
[2023-12-06T18:59:32.277+0000] {processor.py:839} INFO - DAG(s) dict_keys(['example_dynamic_task_mapping_with_no_taskflow_operators']) retrieved from /usr/local/lib/python3.10/dist-packages/airflow/example_dags/example_dynamic_task_mapping_with_no_taskflow_operators.py
[2023-12-06T18:59:32.294+0000] {logging_mixin.py:154} INFO - [2023-12-06T18:59:32.293+0000] {dag.py:2941} INFO - Sync 1 DAGs
[2023-12-06T18:59:32.315+0000] {logging_mixin.py:154} INFO - [2023-12-06T18:59:32.314+0000] {dag.py:3722} INFO - Setting next_dagrun for example_dynamic_task_mapping_with_no_taskflow_operators to 2023-12-05T18:59:32.314634+00:00, run_after=2023-12-06T18:59:32.314634+00:00
[2023-12-06T18:59:32.336+0000] {processor.py:179} INFO - Processing /usr/local/lib/python3.10/dist-packages/airflow/example_dags/example_dynamic_task_mapping_with_no_taskflow_operators.py took 0.073 seconds
[2023-12-06T19:00:18.214+0000] {processor.py:157} INFO - Started process (PID=6328) to work on /usr/local/lib/python3.10/dist-packages/airflow/example_dags/example_dynamic_task_mapping_with_no_taskflow_operators.py
[2023-12-06T19:00:18.216+0000] {processor.py:829} INFO - Processing file /usr/local/lib/python3.10/dist-packages/airflow/example_dags/example_dynamic_task_mapping_with_no_taskflow_operators.py for tasks to queue
[2023-12-06T19:00:18.216+0000] {logging_mixin.py:154} INFO - [2023-12-06T19:00:18.216+0000] {dagbag.py:536} INFO - Filling up the DagBag from /usr/local/lib/python3.10/dist-packages/airflow/example_dags/example_dynamic_task_mapping_with_no_taskflow_operators.py
[2023-12-06T19:00:18.224+0000] {processor.py:839} INFO - DAG(s) dict_keys(['example_dynamic_task_mapping_with_no_taskflow_operators']) retrieved from /usr/local/lib/python3.10/dist-packages/airflow/example_dags/example_dynamic_task_mapping_with_no_taskflow_operators.py
[2023-12-06T19:00:18.241+0000] {logging_mixin.py:154} INFO - [2023-12-06T19:00:18.241+0000] {dag.py:2941} INFO - Sync 1 DAGs
[2023-12-06T19:00:18.262+0000] {logging_mixin.py:154} INFO - [2023-12-06T19:00:18.262+0000] {dag.py:3722} INFO - Setting next_dagrun for example_dynamic_task_mapping_with_no_taskflow_operators to 2023-12-05T19:00:18.262296+00:00, run_after=2023-12-06T19:00:18.262296+00:00
[2023-12-06T19:00:18.285+0000] {processor.py:179} INFO - Processing /usr/local/lib/python3.10/dist-packages/airflow/example_dags/example_dynamic_task_mapping_with_no_taskflow_operators.py took 0.074 seconds
[2023-12-06T19:01:10.572+0000] {processor.py:157} INFO - Started process (PID=6459) to work on /usr/local/lib/python3.10/dist-packages/airflow/example_dags/example_dynamic_task_mapping_with_no_taskflow_operators.py
[2023-12-06T19:01:10.574+0000] {processor.py:829} INFO - Processing file /usr/local/lib/python3.10/dist-packages/airflow/example_dags/example_dynamic_task_mapping_with_no_taskflow_operators.py for tasks to queue
[2023-12-06T19:01:10.575+0000] {logging_mixin.py:154} INFO - [2023-12-06T19:01:10.575+0000] {dagbag.py:536} INFO - Filling up the DagBag from /usr/local/lib/python3.10/dist-packages/airflow/example_dags/example_dynamic_task_mapping_with_no_taskflow_operators.py
[2023-12-06T19:01:10.583+0000] {processor.py:839} INFO - DAG(s) dict_keys(['example_dynamic_task_mapping_with_no_taskflow_operators']) retrieved from /usr/local/lib/python3.10/dist-packages/airflow/example_dags/example_dynamic_task_mapping_with_no_taskflow_operators.py
[2023-12-06T19:01:10.600+0000] {logging_mixin.py:154} INFO - [2023-12-06T19:01:10.600+0000] {dag.py:2941} INFO - Sync 1 DAGs
[2023-12-06T19:01:10.621+0000] {logging_mixin.py:154} INFO - [2023-12-06T19:01:10.621+0000] {dag.py:3722} INFO - Setting next_dagrun for example_dynamic_task_mapping_with_no_taskflow_operators to 2023-12-05T19:01:10.621032+00:00, run_after=2023-12-06T19:01:10.621032+00:00
[2023-12-06T19:01:10.649+0000] {processor.py:179} INFO - Processing /usr/local/lib/python3.10/dist-packages/airflow/example_dags/example_dynamic_task_mapping_with_no_taskflow_operators.py took 0.081 seconds
[2023-12-06T19:02:00.095+0000] {processor.py:157} INFO - Started process (PID=6509) to work on /usr/local/lib/python3.10/dist-packages/airflow/example_dags/example_dynamic_task_mapping_with_no_taskflow_operators.py
[2023-12-06T19:02:00.096+0000] {processor.py:829} INFO - Processing file /usr/local/lib/python3.10/dist-packages/airflow/example_dags/example_dynamic_task_mapping_with_no_taskflow_operators.py for tasks to queue
[2023-12-06T19:02:00.097+0000] {logging_mixin.py:154} INFO - [2023-12-06T19:02:00.097+0000] {dagbag.py:536} INFO - Filling up the DagBag from /usr/local/lib/python3.10/dist-packages/airflow/example_dags/example_dynamic_task_mapping_with_no_taskflow_operators.py
[2023-12-06T19:02:00.105+0000] {processor.py:839} INFO - DAG(s) dict_keys(['example_dynamic_task_mapping_with_no_taskflow_operators']) retrieved from /usr/local/lib/python3.10/dist-packages/airflow/example_dags/example_dynamic_task_mapping_with_no_taskflow_operators.py
[2023-12-06T19:02:00.122+0000] {logging_mixin.py:154} INFO - [2023-12-06T19:02:00.122+0000] {dag.py:2941} INFO - Sync 1 DAGs
[2023-12-06T19:02:00.142+0000] {logging_mixin.py:154} INFO - [2023-12-06T19:02:00.142+0000] {dag.py:3722} INFO - Setting next_dagrun for example_dynamic_task_mapping_with_no_taskflow_operators to 2023-12-05T19:02:00.142479+00:00, run_after=2023-12-06T19:02:00.142479+00:00
[2023-12-06T19:02:00.166+0000] {processor.py:179} INFO - Processing /usr/local/lib/python3.10/dist-packages/airflow/example_dags/example_dynamic_task_mapping_with_no_taskflow_operators.py took 0.074 seconds
[2023-12-06T19:02:44.239+0000] {processor.py:157} INFO - Started process (PID=6556) to work on /usr/local/lib/python3.10/dist-packages/airflow/example_dags/example_dynamic_task_mapping_with_no_taskflow_operators.py
[2023-12-06T19:02:44.240+0000] {processor.py:829} INFO - Processing file /usr/local/lib/python3.10/dist-packages/airflow/example_dags/example_dynamic_task_mapping_with_no_taskflow_operators.py for tasks to queue
[2023-12-06T19:02:44.241+0000] {logging_mixin.py:154} INFO - [2023-12-06T19:02:44.241+0000] {dagbag.py:536} INFO - Filling up the DagBag from /usr/local/lib/python3.10/dist-packages/airflow/example_dags/example_dynamic_task_mapping_with_no_taskflow_operators.py
[2023-12-06T19:02:44.249+0000] {processor.py:839} INFO - DAG(s) dict_keys(['example_dynamic_task_mapping_with_no_taskflow_operators']) retrieved from /usr/local/lib/python3.10/dist-packages/airflow/example_dags/example_dynamic_task_mapping_with_no_taskflow_operators.py
[2023-12-06T19:02:44.265+0000] {logging_mixin.py:154} INFO - [2023-12-06T19:02:44.265+0000] {dag.py:2941} INFO - Sync 1 DAGs
[2023-12-06T19:02:44.286+0000] {logging_mixin.py:154} INFO - [2023-12-06T19:02:44.286+0000] {dag.py:3722} INFO - Setting next_dagrun for example_dynamic_task_mapping_with_no_taskflow_operators to 2023-12-05T19:02:44.285771+00:00, run_after=2023-12-06T19:02:44.285771+00:00
[2023-12-06T19:02:44.309+0000] {processor.py:179} INFO - Processing /usr/local/lib/python3.10/dist-packages/airflow/example_dags/example_dynamic_task_mapping_with_no_taskflow_operators.py took 0.073 seconds
[2023-12-06T19:03:30.070+0000] {processor.py:157} INFO - Started process (PID=6602) to work on /usr/local/lib/python3.10/dist-packages/airflow/example_dags/example_dynamic_task_mapping_with_no_taskflow_operators.py
[2023-12-06T19:03:30.072+0000] {processor.py:829} INFO - Processing file /usr/local/lib/python3.10/dist-packages/airflow/example_dags/example_dynamic_task_mapping_with_no_taskflow_operators.py for tasks to queue
[2023-12-06T19:03:30.073+0000] {logging_mixin.py:154} INFO - [2023-12-06T19:03:30.072+0000] {dagbag.py:536} INFO - Filling up the DagBag from /usr/local/lib/python3.10/dist-packages/airflow/example_dags/example_dynamic_task_mapping_with_no_taskflow_operators.py
[2023-12-06T19:03:30.080+0000] {processor.py:839} INFO - DAG(s) dict_keys(['example_dynamic_task_mapping_with_no_taskflow_operators']) retrieved from /usr/local/lib/python3.10/dist-packages/airflow/example_dags/example_dynamic_task_mapping_with_no_taskflow_operators.py
[2023-12-06T19:03:30.097+0000] {logging_mixin.py:154} INFO - [2023-12-06T19:03:30.096+0000] {dag.py:2941} INFO - Sync 1 DAGs
[2023-12-06T19:03:30.117+0000] {logging_mixin.py:154} INFO - [2023-12-06T19:03:30.116+0000] {dag.py:3722} INFO - Setting next_dagrun for example_dynamic_task_mapping_with_no_taskflow_operators to 2023-12-05T19:03:30.116738+00:00, run_after=2023-12-06T19:03:30.116738+00:00
[2023-12-06T19:03:30.145+0000] {processor.py:179} INFO - Processing /usr/local/lib/python3.10/dist-packages/airflow/example_dags/example_dynamic_task_mapping_with_no_taskflow_operators.py took 0.078 seconds
[2023-12-06T19:04:18.758+0000] {processor.py:157} INFO - Started process (PID=6651) to work on /usr/local/lib/python3.10/dist-packages/airflow/example_dags/example_dynamic_task_mapping_with_no_taskflow_operators.py
[2023-12-06T19:04:18.760+0000] {processor.py:829} INFO - Processing file /usr/local/lib/python3.10/dist-packages/airflow/example_dags/example_dynamic_task_mapping_with_no_taskflow_operators.py for tasks to queue
[2023-12-06T19:04:18.761+0000] {logging_mixin.py:154} INFO - [2023-12-06T19:04:18.760+0000] {dagbag.py:536} INFO - Filling up the DagBag from /usr/local/lib/python3.10/dist-packages/airflow/example_dags/example_dynamic_task_mapping_with_no_taskflow_operators.py
[2023-12-06T19:04:18.768+0000] {processor.py:839} INFO - DAG(s) dict_keys(['example_dynamic_task_mapping_with_no_taskflow_operators']) retrieved from /usr/local/lib/python3.10/dist-packages/airflow/example_dags/example_dynamic_task_mapping_with_no_taskflow_operators.py
[2023-12-06T19:04:18.785+0000] {logging_mixin.py:154} INFO - [2023-12-06T19:04:18.785+0000] {dag.py:2941} INFO - Sync 1 DAGs
[2023-12-06T19:04:18.806+0000] {logging_mixin.py:154} INFO - [2023-12-06T19:04:18.805+0000] {dag.py:3722} INFO - Setting next_dagrun for example_dynamic_task_mapping_with_no_taskflow_operators to 2023-12-05T19:04:18.805531+00:00, run_after=2023-12-06T19:04:18.805531+00:00
[2023-12-06T19:04:18.828+0000] {processor.py:179} INFO - Processing /usr/local/lib/python3.10/dist-packages/airflow/example_dags/example_dynamic_task_mapping_with_no_taskflow_operators.py took 0.073 seconds
[2023-12-06T19:05:07.503+0000] {processor.py:157} INFO - Started process (PID=6870) to work on /usr/local/lib/python3.10/dist-packages/airflow/example_dags/example_dynamic_task_mapping_with_no_taskflow_operators.py
[2023-12-06T19:05:07.505+0000] {processor.py:829} INFO - Processing file /usr/local/lib/python3.10/dist-packages/airflow/example_dags/example_dynamic_task_mapping_with_no_taskflow_operators.py for tasks to queue
[2023-12-06T19:05:07.506+0000] {logging_mixin.py:154} INFO - [2023-12-06T19:05:07.505+0000] {dagbag.py:536} INFO - Filling up the DagBag from /usr/local/lib/python3.10/dist-packages/airflow/example_dags/example_dynamic_task_mapping_with_no_taskflow_operators.py
[2023-12-06T19:05:07.514+0000] {processor.py:839} INFO - DAG(s) dict_keys(['example_dynamic_task_mapping_with_no_taskflow_operators']) retrieved from /usr/local/lib/python3.10/dist-packages/airflow/example_dags/example_dynamic_task_mapping_with_no_taskflow_operators.py
[2023-12-06T19:05:07.532+0000] {logging_mixin.py:154} INFO - [2023-12-06T19:05:07.531+0000] {dag.py:2941} INFO - Sync 1 DAGs
[2023-12-06T19:05:07.553+0000] {logging_mixin.py:154} INFO - [2023-12-06T19:05:07.553+0000] {dag.py:3722} INFO - Setting next_dagrun for example_dynamic_task_mapping_with_no_taskflow_operators to 2023-12-05T19:05:07.553104+00:00, run_after=2023-12-06T19:05:07.553104+00:00
[2023-12-06T19:05:07.578+0000] {processor.py:179} INFO - Processing /usr/local/lib/python3.10/dist-packages/airflow/example_dags/example_dynamic_task_mapping_with_no_taskflow_operators.py took 0.079 seconds
[2023-12-06T19:05:56.862+0000] {processor.py:157} INFO - Started process (PID=6920) to work on /usr/local/lib/python3.10/dist-packages/airflow/example_dags/example_dynamic_task_mapping_with_no_taskflow_operators.py
[2023-12-06T19:05:56.863+0000] {processor.py:829} INFO - Processing file /usr/local/lib/python3.10/dist-packages/airflow/example_dags/example_dynamic_task_mapping_with_no_taskflow_operators.py for tasks to queue
[2023-12-06T19:05:56.864+0000] {logging_mixin.py:154} INFO - [2023-12-06T19:05:56.864+0000] {dagbag.py:536} INFO - Filling up the DagBag from /usr/local/lib/python3.10/dist-packages/airflow/example_dags/example_dynamic_task_mapping_with_no_taskflow_operators.py
[2023-12-06T19:05:56.872+0000] {processor.py:839} INFO - DAG(s) dict_keys(['example_dynamic_task_mapping_with_no_taskflow_operators']) retrieved from /usr/local/lib/python3.10/dist-packages/airflow/example_dags/example_dynamic_task_mapping_with_no_taskflow_operators.py
[2023-12-06T19:05:56.889+0000] {logging_mixin.py:154} INFO - [2023-12-06T19:05:56.889+0000] {dag.py:2941} INFO - Sync 1 DAGs
[2023-12-06T19:05:56.911+0000] {logging_mixin.py:154} INFO - [2023-12-06T19:05:56.911+0000] {dag.py:3722} INFO - Setting next_dagrun for example_dynamic_task_mapping_with_no_taskflow_operators to 2023-12-05T19:05:56.911328+00:00, run_after=2023-12-06T19:05:56.911328+00:00
[2023-12-06T19:05:56.935+0000] {processor.py:179} INFO - Processing /usr/local/lib/python3.10/dist-packages/airflow/example_dags/example_dynamic_task_mapping_with_no_taskflow_operators.py took 0.076 seconds
[2023-12-06T19:06:43.257+0000] {processor.py:157} INFO - Started process (PID=6968) to work on /usr/local/lib/python3.10/dist-packages/airflow/example_dags/example_dynamic_task_mapping_with_no_taskflow_operators.py
[2023-12-06T19:06:43.259+0000] {processor.py:829} INFO - Processing file /usr/local/lib/python3.10/dist-packages/airflow/example_dags/example_dynamic_task_mapping_with_no_taskflow_operators.py for tasks to queue
[2023-12-06T19:06:43.260+0000] {logging_mixin.py:154} INFO - [2023-12-06T19:06:43.259+0000] {dagbag.py:536} INFO - Filling up the DagBag from /usr/local/lib/python3.10/dist-packages/airflow/example_dags/example_dynamic_task_mapping_with_no_taskflow_operators.py
[2023-12-06T19:06:43.268+0000] {processor.py:839} INFO - DAG(s) dict_keys(['example_dynamic_task_mapping_with_no_taskflow_operators']) retrieved from /usr/local/lib/python3.10/dist-packages/airflow/example_dags/example_dynamic_task_mapping_with_no_taskflow_operators.py
[2023-12-06T19:06:43.284+0000] {logging_mixin.py:154} INFO - [2023-12-06T19:06:43.284+0000] {dag.py:2941} INFO - Sync 1 DAGs
[2023-12-06T19:06:43.305+0000] {logging_mixin.py:154} INFO - [2023-12-06T19:06:43.305+0000] {dag.py:3722} INFO - Setting next_dagrun for example_dynamic_task_mapping_with_no_taskflow_operators to 2023-12-05T19:06:43.305323+00:00, run_after=2023-12-06T19:06:43.305323+00:00
[2023-12-06T19:06:43.328+0000] {processor.py:179} INFO - Processing /usr/local/lib/python3.10/dist-packages/airflow/example_dags/example_dynamic_task_mapping_with_no_taskflow_operators.py took 0.075 seconds
[2023-12-06T19:07:33.202+0000] {processor.py:157} INFO - Started process (PID=7016) to work on /usr/local/lib/python3.10/dist-packages/airflow/example_dags/example_dynamic_task_mapping_with_no_taskflow_operators.py
[2023-12-06T19:07:33.204+0000] {processor.py:829} INFO - Processing file /usr/local/lib/python3.10/dist-packages/airflow/example_dags/example_dynamic_task_mapping_with_no_taskflow_operators.py for tasks to queue
[2023-12-06T19:07:33.205+0000] {logging_mixin.py:154} INFO - [2023-12-06T19:07:33.204+0000] {dagbag.py:536} INFO - Filling up the DagBag from /usr/local/lib/python3.10/dist-packages/airflow/example_dags/example_dynamic_task_mapping_with_no_taskflow_operators.py
[2023-12-06T19:07:33.213+0000] {processor.py:839} INFO - DAG(s) dict_keys(['example_dynamic_task_mapping_with_no_taskflow_operators']) retrieved from /usr/local/lib/python3.10/dist-packages/airflow/example_dags/example_dynamic_task_mapping_with_no_taskflow_operators.py
[2023-12-06T19:07:33.229+0000] {logging_mixin.py:154} INFO - [2023-12-06T19:07:33.229+0000] {dag.py:2941} INFO - Sync 1 DAGs
[2023-12-06T19:07:33.249+0000] {logging_mixin.py:154} INFO - [2023-12-06T19:07:33.249+0000] {dag.py:3722} INFO - Setting next_dagrun for example_dynamic_task_mapping_with_no_taskflow_operators to 2023-12-05T19:07:33.249280+00:00, run_after=2023-12-06T19:07:33.249280+00:00
[2023-12-06T19:07:33.273+0000] {processor.py:179} INFO - Processing /usr/local/lib/python3.10/dist-packages/airflow/example_dags/example_dynamic_task_mapping_with_no_taskflow_operators.py took 0.075 seconds
