[2023-12-06T18:22:06.444+0000] {processor.py:157} INFO - Started process (PID=3683) to work on /usr/local/lib/python3.10/dist-packages/airflow/example_dags/tutorial.py
[2023-12-06T18:22:06.445+0000] {processor.py:829} INFO - Processing file /usr/local/lib/python3.10/dist-packages/airflow/example_dags/tutorial.py for tasks to queue
[2023-12-06T18:22:06.446+0000] {logging_mixin.py:154} INFO - [2023-12-06T18:22:06.445+0000] {dagbag.py:536} INFO - Filling up the DagBag from /usr/local/lib/python3.10/dist-packages/airflow/example_dags/tutorial.py
[2023-12-06T18:22:06.453+0000] {processor.py:839} INFO - DAG(s) dict_keys(['tutorial']) retrieved from /usr/local/lib/python3.10/dist-packages/airflow/example_dags/tutorial.py
[2023-12-06T18:22:06.588+0000] {logging_mixin.py:154} INFO - [2023-12-06T18:22:06.588+0000] {manager.py:499} INFO - Created Permission View: %s
[2023-12-06T18:22:06.610+0000] {logging_mixin.py:154} INFO - [2023-12-06T18:22:06.609+0000] {manager.py:499} INFO - Created Permission View: %s
[2023-12-06T18:22:06.623+0000] {logging_mixin.py:154} INFO - [2023-12-06T18:22:06.623+0000] {manager.py:499} INFO - Created Permission View: %s
[2023-12-06T18:22:06.624+0000] {logging_mixin.py:154} INFO - [2023-12-06T18:22:06.624+0000] {dag.py:2941} INFO - Sync 1 DAGs
[2023-12-06T18:22:06.636+0000] {logging_mixin.py:154} INFO - [2023-12-06T18:22:06.636+0000] {dag.py:2963} INFO - Creating ORM DAG for tutorial
[2023-12-06T18:22:06.645+0000] {logging_mixin.py:154} INFO - [2023-12-06T18:22:06.645+0000] {dag.py:3722} INFO - Setting next_dagrun for tutorial to 2023-12-05T18:22:06.645326+00:00, run_after=2023-12-06T18:22:06.645326+00:00
[2023-12-06T18:22:06.675+0000] {processor.py:179} INFO - Processing /usr/local/lib/python3.10/dist-packages/airflow/example_dags/tutorial.py took 0.235 seconds
[2023-12-06T18:22:56.193+0000] {processor.py:157} INFO - Started process (PID=3734) to work on /usr/local/lib/python3.10/dist-packages/airflow/example_dags/tutorial.py
[2023-12-06T18:22:56.196+0000] {processor.py:829} INFO - Processing file /usr/local/lib/python3.10/dist-packages/airflow/example_dags/tutorial.py for tasks to queue
[2023-12-06T18:22:56.197+0000] {logging_mixin.py:154} INFO - [2023-12-06T18:22:56.197+0000] {dagbag.py:536} INFO - Filling up the DagBag from /usr/local/lib/python3.10/dist-packages/airflow/example_dags/tutorial.py
[2023-12-06T18:22:56.205+0000] {processor.py:839} INFO - DAG(s) dict_keys(['tutorial']) retrieved from /usr/local/lib/python3.10/dist-packages/airflow/example_dags/tutorial.py
[2023-12-06T18:22:56.222+0000] {logging_mixin.py:154} INFO - [2023-12-06T18:22:56.221+0000] {dag.py:2941} INFO - Sync 1 DAGs
[2023-12-06T18:22:56.242+0000] {logging_mixin.py:154} INFO - [2023-12-06T18:22:56.241+0000] {dag.py:3722} INFO - Setting next_dagrun for tutorial to 2023-12-05T18:22:56.241580+00:00, run_after=2023-12-06T18:22:56.241580+00:00
[2023-12-06T18:22:56.263+0000] {processor.py:179} INFO - Processing /usr/local/lib/python3.10/dist-packages/airflow/example_dags/tutorial.py took 0.074 seconds
[2023-12-06T18:23:42.347+0000] {processor.py:157} INFO - Started process (PID=3780) to work on /usr/local/lib/python3.10/dist-packages/airflow/example_dags/tutorial.py
[2023-12-06T18:23:42.349+0000] {processor.py:829} INFO - Processing file /usr/local/lib/python3.10/dist-packages/airflow/example_dags/tutorial.py for tasks to queue
[2023-12-06T18:23:42.350+0000] {logging_mixin.py:154} INFO - [2023-12-06T18:23:42.349+0000] {dagbag.py:536} INFO - Filling up the DagBag from /usr/local/lib/python3.10/dist-packages/airflow/example_dags/tutorial.py
[2023-12-06T18:23:42.357+0000] {processor.py:839} INFO - DAG(s) dict_keys(['tutorial']) retrieved from /usr/local/lib/python3.10/dist-packages/airflow/example_dags/tutorial.py
[2023-12-06T18:23:42.374+0000] {logging_mixin.py:154} INFO - [2023-12-06T18:23:42.374+0000] {dag.py:2941} INFO - Sync 1 DAGs
[2023-12-06T18:23:42.396+0000] {logging_mixin.py:154} INFO - [2023-12-06T18:23:42.396+0000] {dag.py:3722} INFO - Setting next_dagrun for tutorial to 2023-12-05T18:23:42.396166+00:00, run_after=2023-12-06T18:23:42.396166+00:00
[2023-12-06T18:23:42.420+0000] {processor.py:179} INFO - Processing /usr/local/lib/python3.10/dist-packages/airflow/example_dags/tutorial.py took 0.076 seconds
[2023-12-06T18:24:30.910+0000] {processor.py:157} INFO - Started process (PID=3830) to work on /usr/local/lib/python3.10/dist-packages/airflow/example_dags/tutorial.py
[2023-12-06T18:24:30.911+0000] {processor.py:829} INFO - Processing file /usr/local/lib/python3.10/dist-packages/airflow/example_dags/tutorial.py for tasks to queue
[2023-12-06T18:24:30.912+0000] {logging_mixin.py:154} INFO - [2023-12-06T18:24:30.912+0000] {dagbag.py:536} INFO - Filling up the DagBag from /usr/local/lib/python3.10/dist-packages/airflow/example_dags/tutorial.py
[2023-12-06T18:24:30.920+0000] {processor.py:839} INFO - DAG(s) dict_keys(['tutorial']) retrieved from /usr/local/lib/python3.10/dist-packages/airflow/example_dags/tutorial.py
[2023-12-06T18:24:30.937+0000] {logging_mixin.py:154} INFO - [2023-12-06T18:24:30.937+0000] {dag.py:2941} INFO - Sync 1 DAGs
[2023-12-06T18:24:30.957+0000] {logging_mixin.py:154} INFO - [2023-12-06T18:24:30.957+0000] {dag.py:3722} INFO - Setting next_dagrun for tutorial to 2023-12-05T18:24:30.956880+00:00, run_after=2023-12-06T18:24:30.956880+00:00
[2023-12-06T18:24:30.978+0000] {processor.py:179} INFO - Processing /usr/local/lib/python3.10/dist-packages/airflow/example_dags/tutorial.py took 0.072 seconds
[2023-12-06T18:25:18.821+0000] {processor.py:157} INFO - Started process (PID=3881) to work on /usr/local/lib/python3.10/dist-packages/airflow/example_dags/tutorial.py
[2023-12-06T18:25:18.822+0000] {processor.py:829} INFO - Processing file /usr/local/lib/python3.10/dist-packages/airflow/example_dags/tutorial.py for tasks to queue
[2023-12-06T18:25:18.823+0000] {logging_mixin.py:154} INFO - [2023-12-06T18:25:18.822+0000] {dagbag.py:536} INFO - Filling up the DagBag from /usr/local/lib/python3.10/dist-packages/airflow/example_dags/tutorial.py
[2023-12-06T18:25:18.830+0000] {processor.py:839} INFO - DAG(s) dict_keys(['tutorial']) retrieved from /usr/local/lib/python3.10/dist-packages/airflow/example_dags/tutorial.py
[2023-12-06T18:25:18.847+0000] {logging_mixin.py:154} INFO - [2023-12-06T18:25:18.847+0000] {dag.py:2941} INFO - Sync 1 DAGs
[2023-12-06T18:25:18.868+0000] {logging_mixin.py:154} INFO - [2023-12-06T18:25:18.868+0000] {dag.py:3722} INFO - Setting next_dagrun for tutorial to 2023-12-05T18:25:18.868151+00:00, run_after=2023-12-06T18:25:18.868151+00:00
[2023-12-06T18:25:18.890+0000] {processor.py:179} INFO - Processing /usr/local/lib/python3.10/dist-packages/airflow/example_dags/tutorial.py took 0.073 seconds
[2023-12-06T18:26:04.069+0000] {processor.py:157} INFO - Started process (PID=3929) to work on /usr/local/lib/python3.10/dist-packages/airflow/example_dags/tutorial.py
[2023-12-06T18:26:04.071+0000] {processor.py:829} INFO - Processing file /usr/local/lib/python3.10/dist-packages/airflow/example_dags/tutorial.py for tasks to queue
[2023-12-06T18:26:04.071+0000] {logging_mixin.py:154} INFO - [2023-12-06T18:26:04.071+0000] {dagbag.py:536} INFO - Filling up the DagBag from /usr/local/lib/python3.10/dist-packages/airflow/example_dags/tutorial.py
[2023-12-06T18:26:04.079+0000] {processor.py:839} INFO - DAG(s) dict_keys(['tutorial']) retrieved from /usr/local/lib/python3.10/dist-packages/airflow/example_dags/tutorial.py
[2023-12-06T18:26:04.098+0000] {logging_mixin.py:154} INFO - [2023-12-06T18:26:04.097+0000] {dag.py:2941} INFO - Sync 1 DAGs
[2023-12-06T18:26:04.119+0000] {logging_mixin.py:154} INFO - [2023-12-06T18:26:04.118+0000] {dag.py:3722} INFO - Setting next_dagrun for tutorial to 2023-12-05T18:26:04.118617+00:00, run_after=2023-12-06T18:26:04.118617+00:00
[2023-12-06T18:26:04.143+0000] {processor.py:179} INFO - Processing /usr/local/lib/python3.10/dist-packages/airflow/example_dags/tutorial.py took 0.078 seconds
[2023-12-06T18:26:51.543+0000] {processor.py:157} INFO - Started process (PID=3979) to work on /usr/local/lib/python3.10/dist-packages/airflow/example_dags/tutorial.py
[2023-12-06T18:26:51.544+0000] {processor.py:829} INFO - Processing file /usr/local/lib/python3.10/dist-packages/airflow/example_dags/tutorial.py for tasks to queue
[2023-12-06T18:26:51.545+0000] {logging_mixin.py:154} INFO - [2023-12-06T18:26:51.545+0000] {dagbag.py:536} INFO - Filling up the DagBag from /usr/local/lib/python3.10/dist-packages/airflow/example_dags/tutorial.py
[2023-12-06T18:26:51.553+0000] {processor.py:839} INFO - DAG(s) dict_keys(['tutorial']) retrieved from /usr/local/lib/python3.10/dist-packages/airflow/example_dags/tutorial.py
[2023-12-06T18:26:51.570+0000] {logging_mixin.py:154} INFO - [2023-12-06T18:26:51.569+0000] {dag.py:2941} INFO - Sync 1 DAGs
[2023-12-06T18:26:51.590+0000] {logging_mixin.py:154} INFO - [2023-12-06T18:26:51.590+0000] {dag.py:3722} INFO - Setting next_dagrun for tutorial to 2023-12-05T18:26:51.590394+00:00, run_after=2023-12-06T18:26:51.590394+00:00
[2023-12-06T18:26:51.613+0000] {processor.py:179} INFO - Processing /usr/local/lib/python3.10/dist-packages/airflow/example_dags/tutorial.py took 0.073 seconds
[2023-12-06T18:27:37.760+0000] {processor.py:157} INFO - Started process (PID=4025) to work on /usr/local/lib/python3.10/dist-packages/airflow/example_dags/tutorial.py
[2023-12-06T18:27:37.762+0000] {processor.py:829} INFO - Processing file /usr/local/lib/python3.10/dist-packages/airflow/example_dags/tutorial.py for tasks to queue
[2023-12-06T18:27:37.762+0000] {logging_mixin.py:154} INFO - [2023-12-06T18:27:37.762+0000] {dagbag.py:536} INFO - Filling up the DagBag from /usr/local/lib/python3.10/dist-packages/airflow/example_dags/tutorial.py
[2023-12-06T18:27:37.770+0000] {processor.py:839} INFO - DAG(s) dict_keys(['tutorial']) retrieved from /usr/local/lib/python3.10/dist-packages/airflow/example_dags/tutorial.py
[2023-12-06T18:27:37.787+0000] {logging_mixin.py:154} INFO - [2023-12-06T18:27:37.786+0000] {dag.py:2941} INFO - Sync 1 DAGs
[2023-12-06T18:27:37.807+0000] {logging_mixin.py:154} INFO - [2023-12-06T18:27:37.806+0000] {dag.py:3722} INFO - Setting next_dagrun for tutorial to 2023-12-05T18:27:37.806728+00:00, run_after=2023-12-06T18:27:37.806728+00:00
[2023-12-06T18:27:37.830+0000] {processor.py:179} INFO - Processing /usr/local/lib/python3.10/dist-packages/airflow/example_dags/tutorial.py took 0.073 seconds
[2023-12-06T18:28:22.011+0000] {processor.py:157} INFO - Started process (PID=4073) to work on /usr/local/lib/python3.10/dist-packages/airflow/example_dags/tutorial.py
[2023-12-06T18:28:22.013+0000] {processor.py:829} INFO - Processing file /usr/local/lib/python3.10/dist-packages/airflow/example_dags/tutorial.py for tasks to queue
[2023-12-06T18:28:22.014+0000] {logging_mixin.py:154} INFO - [2023-12-06T18:28:22.013+0000] {dagbag.py:536} INFO - Filling up the DagBag from /usr/local/lib/python3.10/dist-packages/airflow/example_dags/tutorial.py
[2023-12-06T18:28:22.021+0000] {processor.py:839} INFO - DAG(s) dict_keys(['tutorial']) retrieved from /usr/local/lib/python3.10/dist-packages/airflow/example_dags/tutorial.py
[2023-12-06T18:28:22.038+0000] {logging_mixin.py:154} INFO - [2023-12-06T18:28:22.038+0000] {dag.py:2941} INFO - Sync 1 DAGs
[2023-12-06T18:28:22.059+0000] {logging_mixin.py:154} INFO - [2023-12-06T18:28:22.059+0000] {dag.py:3722} INFO - Setting next_dagrun for tutorial to 2023-12-05T18:28:22.058824+00:00, run_after=2023-12-06T18:28:22.058824+00:00
[2023-12-06T18:28:22.084+0000] {processor.py:179} INFO - Processing /usr/local/lib/python3.10/dist-packages/airflow/example_dags/tutorial.py took 0.076 seconds
[2023-12-06T18:29:05.959+0000] {processor.py:157} INFO - Started process (PID=4119) to work on /usr/local/lib/python3.10/dist-packages/airflow/example_dags/tutorial.py
[2023-12-06T18:29:05.960+0000] {processor.py:829} INFO - Processing file /usr/local/lib/python3.10/dist-packages/airflow/example_dags/tutorial.py for tasks to queue
[2023-12-06T18:29:05.961+0000] {logging_mixin.py:154} INFO - [2023-12-06T18:29:05.961+0000] {dagbag.py:536} INFO - Filling up the DagBag from /usr/local/lib/python3.10/dist-packages/airflow/example_dags/tutorial.py
[2023-12-06T18:29:05.969+0000] {processor.py:839} INFO - DAG(s) dict_keys(['tutorial']) retrieved from /usr/local/lib/python3.10/dist-packages/airflow/example_dags/tutorial.py
[2023-12-06T18:29:05.986+0000] {logging_mixin.py:154} INFO - [2023-12-06T18:29:05.985+0000] {dag.py:2941} INFO - Sync 1 DAGs
[2023-12-06T18:29:06.006+0000] {logging_mixin.py:154} INFO - [2023-12-06T18:29:06.005+0000] {dag.py:3722} INFO - Setting next_dagrun for tutorial to 2023-12-05T18:29:06.005560+00:00, run_after=2023-12-06T18:29:06.005560+00:00
[2023-12-06T18:29:06.028+0000] {processor.py:179} INFO - Processing /usr/local/lib/python3.10/dist-packages/airflow/example_dags/tutorial.py took 0.073 seconds
[2023-12-06T18:29:49.921+0000] {processor.py:157} INFO - Started process (PID=4165) to work on /usr/local/lib/python3.10/dist-packages/airflow/example_dags/tutorial.py
[2023-12-06T18:29:49.923+0000] {processor.py:829} INFO - Processing file /usr/local/lib/python3.10/dist-packages/airflow/example_dags/tutorial.py for tasks to queue
[2023-12-06T18:29:49.924+0000] {logging_mixin.py:154} INFO - [2023-12-06T18:29:49.923+0000] {dagbag.py:536} INFO - Filling up the DagBag from /usr/local/lib/python3.10/dist-packages/airflow/example_dags/tutorial.py
[2023-12-06T18:29:49.931+0000] {processor.py:839} INFO - DAG(s) dict_keys(['tutorial']) retrieved from /usr/local/lib/python3.10/dist-packages/airflow/example_dags/tutorial.py
[2023-12-06T18:29:49.948+0000] {logging_mixin.py:154} INFO - [2023-12-06T18:29:49.948+0000] {dag.py:2941} INFO - Sync 1 DAGs
[2023-12-06T18:29:49.968+0000] {logging_mixin.py:154} INFO - [2023-12-06T18:29:49.968+0000] {dag.py:3722} INFO - Setting next_dagrun for tutorial to 2023-12-05T18:29:49.968411+00:00, run_after=2023-12-06T18:29:49.968411+00:00
[2023-12-06T18:29:49.990+0000] {processor.py:179} INFO - Processing /usr/local/lib/python3.10/dist-packages/airflow/example_dags/tutorial.py took 0.073 seconds
[2023-12-06T18:30:33.401+0000] {processor.py:157} INFO - Started process (PID=4210) to work on /usr/local/lib/python3.10/dist-packages/airflow/example_dags/tutorial.py
[2023-12-06T18:30:33.403+0000] {processor.py:829} INFO - Processing file /usr/local/lib/python3.10/dist-packages/airflow/example_dags/tutorial.py for tasks to queue
[2023-12-06T18:30:33.404+0000] {logging_mixin.py:154} INFO - [2023-12-06T18:30:33.403+0000] {dagbag.py:536} INFO - Filling up the DagBag from /usr/local/lib/python3.10/dist-packages/airflow/example_dags/tutorial.py
[2023-12-06T18:30:33.411+0000] {processor.py:839} INFO - DAG(s) dict_keys(['tutorial']) retrieved from /usr/local/lib/python3.10/dist-packages/airflow/example_dags/tutorial.py
[2023-12-06T18:30:33.428+0000] {logging_mixin.py:154} INFO - [2023-12-06T18:30:33.428+0000] {dag.py:2941} INFO - Sync 1 DAGs
[2023-12-06T18:30:33.449+0000] {logging_mixin.py:154} INFO - [2023-12-06T18:30:33.449+0000] {dag.py:3722} INFO - Setting next_dagrun for tutorial to 2023-12-05T18:30:33.449141+00:00, run_after=2023-12-06T18:30:33.449141+00:00
[2023-12-06T18:30:33.477+0000] {processor.py:179} INFO - Processing /usr/local/lib/python3.10/dist-packages/airflow/example_dags/tutorial.py took 0.079 seconds
[2023-12-06T18:31:16.596+0000] {processor.py:157} INFO - Started process (PID=4256) to work on /usr/local/lib/python3.10/dist-packages/airflow/example_dags/tutorial.py
[2023-12-06T18:31:16.598+0000] {processor.py:829} INFO - Processing file /usr/local/lib/python3.10/dist-packages/airflow/example_dags/tutorial.py for tasks to queue
[2023-12-06T18:31:16.599+0000] {logging_mixin.py:154} INFO - [2023-12-06T18:31:16.599+0000] {dagbag.py:536} INFO - Filling up the DagBag from /usr/local/lib/python3.10/dist-packages/airflow/example_dags/tutorial.py
[2023-12-06T18:31:16.607+0000] {processor.py:839} INFO - DAG(s) dict_keys(['tutorial']) retrieved from /usr/local/lib/python3.10/dist-packages/airflow/example_dags/tutorial.py
[2023-12-06T18:31:16.624+0000] {logging_mixin.py:154} INFO - [2023-12-06T18:31:16.623+0000] {dag.py:2941} INFO - Sync 1 DAGs
[2023-12-06T18:31:16.644+0000] {logging_mixin.py:154} INFO - [2023-12-06T18:31:16.644+0000] {dag.py:3722} INFO - Setting next_dagrun for tutorial to 2023-12-05T18:31:16.643776+00:00, run_after=2023-12-06T18:31:16.643776+00:00
[2023-12-06T18:31:16.667+0000] {processor.py:179} INFO - Processing /usr/local/lib/python3.10/dist-packages/airflow/example_dags/tutorial.py took 0.074 seconds
[2023-12-06T18:32:00.037+0000] {processor.py:157} INFO - Started process (PID=4302) to work on /usr/local/lib/python3.10/dist-packages/airflow/example_dags/tutorial.py
[2023-12-06T18:32:00.039+0000] {processor.py:829} INFO - Processing file /usr/local/lib/python3.10/dist-packages/airflow/example_dags/tutorial.py for tasks to queue
[2023-12-06T18:32:00.040+0000] {logging_mixin.py:154} INFO - [2023-12-06T18:32:00.039+0000] {dagbag.py:536} INFO - Filling up the DagBag from /usr/local/lib/python3.10/dist-packages/airflow/example_dags/tutorial.py
[2023-12-06T18:32:00.047+0000] {processor.py:839} INFO - DAG(s) dict_keys(['tutorial']) retrieved from /usr/local/lib/python3.10/dist-packages/airflow/example_dags/tutorial.py
[2023-12-06T18:32:00.065+0000] {logging_mixin.py:154} INFO - [2023-12-06T18:32:00.064+0000] {dag.py:2941} INFO - Sync 1 DAGs
[2023-12-06T18:32:00.085+0000] {logging_mixin.py:154} INFO - [2023-12-06T18:32:00.085+0000] {dag.py:3722} INFO - Setting next_dagrun for tutorial to 2023-12-05T18:32:00.085116+00:00, run_after=2023-12-06T18:32:00.085116+00:00
[2023-12-06T18:32:00.111+0000] {processor.py:179} INFO - Processing /usr/local/lib/python3.10/dist-packages/airflow/example_dags/tutorial.py took 0.077 seconds
[2023-12-06T18:32:42.475+0000] {processor.py:157} INFO - Started process (PID=4344) to work on /usr/local/lib/python3.10/dist-packages/airflow/example_dags/tutorial.py
[2023-12-06T18:32:42.477+0000] {processor.py:829} INFO - Processing file /usr/local/lib/python3.10/dist-packages/airflow/example_dags/tutorial.py for tasks to queue
[2023-12-06T18:32:42.478+0000] {logging_mixin.py:154} INFO - [2023-12-06T18:32:42.477+0000] {dagbag.py:536} INFO - Filling up the DagBag from /usr/local/lib/python3.10/dist-packages/airflow/example_dags/tutorial.py
[2023-12-06T18:32:42.486+0000] {processor.py:839} INFO - DAG(s) dict_keys(['tutorial']) retrieved from /usr/local/lib/python3.10/dist-packages/airflow/example_dags/tutorial.py
[2023-12-06T18:32:42.503+0000] {logging_mixin.py:154} INFO - [2023-12-06T18:32:42.503+0000] {dag.py:2941} INFO - Sync 1 DAGs
[2023-12-06T18:32:42.524+0000] {logging_mixin.py:154} INFO - [2023-12-06T18:32:42.523+0000] {dag.py:3722} INFO - Setting next_dagrun for tutorial to 2023-12-05T18:32:42.523606+00:00, run_after=2023-12-06T18:32:42.523606+00:00
[2023-12-06T18:32:42.553+0000] {processor.py:179} INFO - Processing /usr/local/lib/python3.10/dist-packages/airflow/example_dags/tutorial.py took 0.081 seconds
[2023-12-06T18:33:28.971+0000] {processor.py:157} INFO - Started process (PID=4392) to work on /usr/local/lib/python3.10/dist-packages/airflow/example_dags/tutorial.py
[2023-12-06T18:33:28.973+0000] {processor.py:829} INFO - Processing file /usr/local/lib/python3.10/dist-packages/airflow/example_dags/tutorial.py for tasks to queue
[2023-12-06T18:33:28.974+0000] {logging_mixin.py:154} INFO - [2023-12-06T18:33:28.973+0000] {dagbag.py:536} INFO - Filling up the DagBag from /usr/local/lib/python3.10/dist-packages/airflow/example_dags/tutorial.py
[2023-12-06T18:33:28.981+0000] {processor.py:839} INFO - DAG(s) dict_keys(['tutorial']) retrieved from /usr/local/lib/python3.10/dist-packages/airflow/example_dags/tutorial.py
[2023-12-06T18:33:28.998+0000] {logging_mixin.py:154} INFO - [2023-12-06T18:33:28.997+0000] {dag.py:2941} INFO - Sync 1 DAGs
[2023-12-06T18:33:29.018+0000] {logging_mixin.py:154} INFO - [2023-12-06T18:33:29.018+0000] {dag.py:3722} INFO - Setting next_dagrun for tutorial to 2023-12-05T18:33:29.017840+00:00, run_after=2023-12-06T18:33:29.017840+00:00
[2023-12-06T18:33:29.043+0000] {processor.py:179} INFO - Processing /usr/local/lib/python3.10/dist-packages/airflow/example_dags/tutorial.py took 0.075 seconds
[2023-12-06T18:34:14.718+0000] {processor.py:157} INFO - Started process (PID=4439) to work on /usr/local/lib/python3.10/dist-packages/airflow/example_dags/tutorial.py
[2023-12-06T18:34:14.719+0000] {processor.py:829} INFO - Processing file /usr/local/lib/python3.10/dist-packages/airflow/example_dags/tutorial.py for tasks to queue
[2023-12-06T18:34:14.720+0000] {logging_mixin.py:154} INFO - [2023-12-06T18:34:14.719+0000] {dagbag.py:536} INFO - Filling up the DagBag from /usr/local/lib/python3.10/dist-packages/airflow/example_dags/tutorial.py
[2023-12-06T18:34:14.727+0000] {processor.py:839} INFO - DAG(s) dict_keys(['tutorial']) retrieved from /usr/local/lib/python3.10/dist-packages/airflow/example_dags/tutorial.py
[2023-12-06T18:34:14.744+0000] {logging_mixin.py:154} INFO - [2023-12-06T18:34:14.744+0000] {dag.py:2941} INFO - Sync 1 DAGs
[2023-12-06T18:34:14.765+0000] {logging_mixin.py:154} INFO - [2023-12-06T18:34:14.764+0000] {dag.py:3722} INFO - Setting next_dagrun for tutorial to 2023-12-05T18:34:14.764704+00:00, run_after=2023-12-06T18:34:14.764704+00:00
[2023-12-06T18:34:14.787+0000] {processor.py:179} INFO - Processing /usr/local/lib/python3.10/dist-packages/airflow/example_dags/tutorial.py took 0.073 seconds
[2023-12-06T18:35:02.766+0000] {processor.py:157} INFO - Started process (PID=4487) to work on /usr/local/lib/python3.10/dist-packages/airflow/example_dags/tutorial.py
[2023-12-06T18:35:02.768+0000] {processor.py:829} INFO - Processing file /usr/local/lib/python3.10/dist-packages/airflow/example_dags/tutorial.py for tasks to queue
[2023-12-06T18:35:02.769+0000] {logging_mixin.py:154} INFO - [2023-12-06T18:35:02.768+0000] {dagbag.py:536} INFO - Filling up the DagBag from /usr/local/lib/python3.10/dist-packages/airflow/example_dags/tutorial.py
[2023-12-06T18:35:02.778+0000] {processor.py:839} INFO - DAG(s) dict_keys(['tutorial']) retrieved from /usr/local/lib/python3.10/dist-packages/airflow/example_dags/tutorial.py
[2023-12-06T18:35:02.801+0000] {logging_mixin.py:154} INFO - [2023-12-06T18:35:02.800+0000] {dag.py:2941} INFO - Sync 1 DAGs
[2023-12-06T18:35:02.829+0000] {logging_mixin.py:154} INFO - [2023-12-06T18:35:02.829+0000] {dag.py:3722} INFO - Setting next_dagrun for tutorial to 2023-12-05T18:35:02.829005+00:00, run_after=2023-12-06T18:35:02.829005+00:00
[2023-12-06T18:35:02.869+0000] {processor.py:179} INFO - Processing /usr/local/lib/python3.10/dist-packages/airflow/example_dags/tutorial.py took 0.107 seconds
[2023-12-06T18:35:49.521+0000] {processor.py:157} INFO - Started process (PID=4537) to work on /usr/local/lib/python3.10/dist-packages/airflow/example_dags/tutorial.py
[2023-12-06T18:35:49.523+0000] {processor.py:829} INFO - Processing file /usr/local/lib/python3.10/dist-packages/airflow/example_dags/tutorial.py for tasks to queue
[2023-12-06T18:35:49.524+0000] {logging_mixin.py:154} INFO - [2023-12-06T18:35:49.523+0000] {dagbag.py:536} INFO - Filling up the DagBag from /usr/local/lib/python3.10/dist-packages/airflow/example_dags/tutorial.py
[2023-12-06T18:35:49.531+0000] {processor.py:839} INFO - DAG(s) dict_keys(['tutorial']) retrieved from /usr/local/lib/python3.10/dist-packages/airflow/example_dags/tutorial.py
[2023-12-06T18:35:49.548+0000] {logging_mixin.py:154} INFO - [2023-12-06T18:35:49.548+0000] {dag.py:2941} INFO - Sync 1 DAGs
[2023-12-06T18:35:49.569+0000] {logging_mixin.py:154} INFO - [2023-12-06T18:35:49.569+0000] {dag.py:3722} INFO - Setting next_dagrun for tutorial to 2023-12-05T18:35:49.569103+00:00, run_after=2023-12-06T18:35:49.569103+00:00
[2023-12-06T18:35:49.591+0000] {processor.py:179} INFO - Processing /usr/local/lib/python3.10/dist-packages/airflow/example_dags/tutorial.py took 0.073 seconds
[2023-12-06T18:36:35.980+0000] {processor.py:157} INFO - Started process (PID=4583) to work on /usr/local/lib/python3.10/dist-packages/airflow/example_dags/tutorial.py
[2023-12-06T18:36:35.983+0000] {processor.py:829} INFO - Processing file /usr/local/lib/python3.10/dist-packages/airflow/example_dags/tutorial.py for tasks to queue
[2023-12-06T18:36:35.984+0000] {logging_mixin.py:154} INFO - [2023-12-06T18:36:35.983+0000] {dagbag.py:536} INFO - Filling up the DagBag from /usr/local/lib/python3.10/dist-packages/airflow/example_dags/tutorial.py
[2023-12-06T18:36:35.992+0000] {processor.py:839} INFO - DAG(s) dict_keys(['tutorial']) retrieved from /usr/local/lib/python3.10/dist-packages/airflow/example_dags/tutorial.py
[2023-12-06T18:36:36.009+0000] {logging_mixin.py:154} INFO - [2023-12-06T18:36:36.009+0000] {dag.py:2941} INFO - Sync 1 DAGs
[2023-12-06T18:36:36.030+0000] {logging_mixin.py:154} INFO - [2023-12-06T18:36:36.030+0000] {dag.py:3722} INFO - Setting next_dagrun for tutorial to 2023-12-05T18:36:36.030393+00:00, run_after=2023-12-06T18:36:36.030393+00:00
[2023-12-06T18:36:36.056+0000] {processor.py:179} INFO - Processing /usr/local/lib/python3.10/dist-packages/airflow/example_dags/tutorial.py took 0.084 seconds
[2023-12-06T18:37:20.006+0000] {processor.py:157} INFO - Started process (PID=4630) to work on /usr/local/lib/python3.10/dist-packages/airflow/example_dags/tutorial.py
[2023-12-06T18:37:20.007+0000] {processor.py:829} INFO - Processing file /usr/local/lib/python3.10/dist-packages/airflow/example_dags/tutorial.py for tasks to queue
[2023-12-06T18:37:20.008+0000] {logging_mixin.py:154} INFO - [2023-12-06T18:37:20.008+0000] {dagbag.py:536} INFO - Filling up the DagBag from /usr/local/lib/python3.10/dist-packages/airflow/example_dags/tutorial.py
[2023-12-06T18:37:20.016+0000] {processor.py:839} INFO - DAG(s) dict_keys(['tutorial']) retrieved from /usr/local/lib/python3.10/dist-packages/airflow/example_dags/tutorial.py
[2023-12-06T18:37:20.032+0000] {logging_mixin.py:154} INFO - [2023-12-06T18:37:20.032+0000] {dag.py:2941} INFO - Sync 1 DAGs
[2023-12-06T18:37:20.063+0000] {logging_mixin.py:154} INFO - [2023-12-06T18:37:20.063+0000] {dag.py:3722} INFO - Setting next_dagrun for tutorial to 2023-12-05T18:37:20.063373+00:00, run_after=2023-12-06T18:37:20.063373+00:00
[2023-12-06T18:37:20.086+0000] {processor.py:179} INFO - Processing /usr/local/lib/python3.10/dist-packages/airflow/example_dags/tutorial.py took 0.084 seconds
[2023-12-06T18:38:07.533+0000] {processor.py:157} INFO - Started process (PID=4678) to work on /usr/local/lib/python3.10/dist-packages/airflow/example_dags/tutorial.py
[2023-12-06T18:38:07.535+0000] {processor.py:829} INFO - Processing file /usr/local/lib/python3.10/dist-packages/airflow/example_dags/tutorial.py for tasks to queue
[2023-12-06T18:38:07.536+0000] {logging_mixin.py:154} INFO - [2023-12-06T18:38:07.535+0000] {dagbag.py:536} INFO - Filling up the DagBag from /usr/local/lib/python3.10/dist-packages/airflow/example_dags/tutorial.py
[2023-12-06T18:38:07.543+0000] {processor.py:839} INFO - DAG(s) dict_keys(['tutorial']) retrieved from /usr/local/lib/python3.10/dist-packages/airflow/example_dags/tutorial.py
[2023-12-06T18:38:07.561+0000] {logging_mixin.py:154} INFO - [2023-12-06T18:38:07.561+0000] {dag.py:2941} INFO - Sync 1 DAGs
[2023-12-06T18:38:07.584+0000] {logging_mixin.py:154} INFO - [2023-12-06T18:38:07.583+0000] {dag.py:3722} INFO - Setting next_dagrun for tutorial to 2023-12-05T18:38:07.583475+00:00, run_after=2023-12-06T18:38:07.583475+00:00
[2023-12-06T18:38:07.607+0000] {processor.py:179} INFO - Processing /usr/local/lib/python3.10/dist-packages/airflow/example_dags/tutorial.py took 0.077 seconds
[2023-12-06T18:38:54.423+0000] {processor.py:157} INFO - Started process (PID=4726) to work on /usr/local/lib/python3.10/dist-packages/airflow/example_dags/tutorial.py
[2023-12-06T18:38:54.424+0000] {processor.py:829} INFO - Processing file /usr/local/lib/python3.10/dist-packages/airflow/example_dags/tutorial.py for tasks to queue
[2023-12-06T18:38:54.425+0000] {logging_mixin.py:154} INFO - [2023-12-06T18:38:54.425+0000] {dagbag.py:536} INFO - Filling up the DagBag from /usr/local/lib/python3.10/dist-packages/airflow/example_dags/tutorial.py
[2023-12-06T18:38:54.433+0000] {processor.py:839} INFO - DAG(s) dict_keys(['tutorial']) retrieved from /usr/local/lib/python3.10/dist-packages/airflow/example_dags/tutorial.py
[2023-12-06T18:38:54.451+0000] {logging_mixin.py:154} INFO - [2023-12-06T18:38:54.450+0000] {dag.py:2941} INFO - Sync 1 DAGs
[2023-12-06T18:38:54.476+0000] {logging_mixin.py:154} INFO - [2023-12-06T18:38:54.476+0000] {dag.py:3722} INFO - Setting next_dagrun for tutorial to 2023-12-05T18:38:54.476169+00:00, run_after=2023-12-06T18:38:54.476169+00:00
[2023-12-06T18:38:54.521+0000] {processor.py:179} INFO - Processing /usr/local/lib/python3.10/dist-packages/airflow/example_dags/tutorial.py took 0.102 seconds
[2023-12-06T18:39:42.317+0000] {processor.py:157} INFO - Started process (PID=4774) to work on /usr/local/lib/python3.10/dist-packages/airflow/example_dags/tutorial.py
[2023-12-06T18:39:42.319+0000] {processor.py:829} INFO - Processing file /usr/local/lib/python3.10/dist-packages/airflow/example_dags/tutorial.py for tasks to queue
[2023-12-06T18:39:42.320+0000] {logging_mixin.py:154} INFO - [2023-12-06T18:39:42.319+0000] {dagbag.py:536} INFO - Filling up the DagBag from /usr/local/lib/python3.10/dist-packages/airflow/example_dags/tutorial.py
[2023-12-06T18:39:42.327+0000] {processor.py:839} INFO - DAG(s) dict_keys(['tutorial']) retrieved from /usr/local/lib/python3.10/dist-packages/airflow/example_dags/tutorial.py
[2023-12-06T18:39:42.344+0000] {logging_mixin.py:154} INFO - [2023-12-06T18:39:42.344+0000] {dag.py:2941} INFO - Sync 1 DAGs
[2023-12-06T18:39:42.364+0000] {logging_mixin.py:154} INFO - [2023-12-06T18:39:42.364+0000] {dag.py:3722} INFO - Setting next_dagrun for tutorial to 2023-12-05T18:39:42.364061+00:00, run_after=2023-12-06T18:39:42.364061+00:00
[2023-12-06T18:39:42.389+0000] {processor.py:179} INFO - Processing /usr/local/lib/python3.10/dist-packages/airflow/example_dags/tutorial.py took 0.076 seconds
[2023-12-06T18:40:32.989+0000] {processor.py:157} INFO - Started process (PID=4824) to work on /usr/local/lib/python3.10/dist-packages/airflow/example_dags/tutorial.py
[2023-12-06T18:40:32.994+0000] {processor.py:829} INFO - Processing file /usr/local/lib/python3.10/dist-packages/airflow/example_dags/tutorial.py for tasks to queue
[2023-12-06T18:40:32.995+0000] {logging_mixin.py:154} INFO - [2023-12-06T18:40:32.995+0000] {dagbag.py:536} INFO - Filling up the DagBag from /usr/local/lib/python3.10/dist-packages/airflow/example_dags/tutorial.py
[2023-12-06T18:40:33.010+0000] {processor.py:839} INFO - DAG(s) dict_keys(['tutorial']) retrieved from /usr/local/lib/python3.10/dist-packages/airflow/example_dags/tutorial.py
[2023-12-06T18:40:33.026+0000] {logging_mixin.py:154} INFO - [2023-12-06T18:40:33.026+0000] {dag.py:2941} INFO - Sync 1 DAGs
[2023-12-06T18:40:33.047+0000] {logging_mixin.py:154} INFO - [2023-12-06T18:40:33.046+0000] {dag.py:3722} INFO - Setting next_dagrun for tutorial to 2023-12-05T18:40:33.046574+00:00, run_after=2023-12-06T18:40:33.046574+00:00
[2023-12-06T18:40:33.071+0000] {processor.py:179} INFO - Processing /usr/local/lib/python3.10/dist-packages/airflow/example_dags/tutorial.py took 0.085 seconds
[2023-12-06T18:41:23.701+0000] {processor.py:157} INFO - Started process (PID=4875) to work on /usr/local/lib/python3.10/dist-packages/airflow/example_dags/tutorial.py
[2023-12-06T18:41:23.705+0000] {processor.py:829} INFO - Processing file /usr/local/lib/python3.10/dist-packages/airflow/example_dags/tutorial.py for tasks to queue
[2023-12-06T18:41:23.706+0000] {logging_mixin.py:154} INFO - [2023-12-06T18:41:23.706+0000] {dagbag.py:536} INFO - Filling up the DagBag from /usr/local/lib/python3.10/dist-packages/airflow/example_dags/tutorial.py
[2023-12-06T18:41:23.714+0000] {processor.py:839} INFO - DAG(s) dict_keys(['tutorial']) retrieved from /usr/local/lib/python3.10/dist-packages/airflow/example_dags/tutorial.py
[2023-12-06T18:41:23.731+0000] {logging_mixin.py:154} INFO - [2023-12-06T18:41:23.731+0000] {dag.py:2941} INFO - Sync 1 DAGs
[2023-12-06T18:41:23.762+0000] {logging_mixin.py:154} INFO - [2023-12-06T18:41:23.761+0000] {dag.py:3722} INFO - Setting next_dagrun for tutorial to 2023-12-05T18:41:23.761646+00:00, run_after=2023-12-06T18:41:23.761646+00:00
[2023-12-06T18:41:23.783+0000] {processor.py:179} INFO - Processing /usr/local/lib/python3.10/dist-packages/airflow/example_dags/tutorial.py took 0.085 seconds
[2023-12-06T18:42:09.848+0000] {processor.py:157} INFO - Started process (PID=4922) to work on /usr/local/lib/python3.10/dist-packages/airflow/example_dags/tutorial.py
[2023-12-06T18:42:09.850+0000] {processor.py:829} INFO - Processing file /usr/local/lib/python3.10/dist-packages/airflow/example_dags/tutorial.py for tasks to queue
[2023-12-06T18:42:09.851+0000] {logging_mixin.py:154} INFO - [2023-12-06T18:42:09.850+0000] {dagbag.py:536} INFO - Filling up the DagBag from /usr/local/lib/python3.10/dist-packages/airflow/example_dags/tutorial.py
[2023-12-06T18:42:09.859+0000] {processor.py:839} INFO - DAG(s) dict_keys(['tutorial']) retrieved from /usr/local/lib/python3.10/dist-packages/airflow/example_dags/tutorial.py
[2023-12-06T18:42:09.876+0000] {logging_mixin.py:154} INFO - [2023-12-06T18:42:09.876+0000] {dag.py:2941} INFO - Sync 1 DAGs
[2023-12-06T18:42:09.897+0000] {logging_mixin.py:154} INFO - [2023-12-06T18:42:09.896+0000] {dag.py:3722} INFO - Setting next_dagrun for tutorial to 2023-12-05T18:42:09.896681+00:00, run_after=2023-12-06T18:42:09.896681+00:00
[2023-12-06T18:42:09.933+0000] {processor.py:179} INFO - Processing /usr/local/lib/python3.10/dist-packages/airflow/example_dags/tutorial.py took 0.088 seconds
[2023-12-06T18:42:57.901+0000] {processor.py:157} INFO - Started process (PID=4970) to work on /usr/local/lib/python3.10/dist-packages/airflow/example_dags/tutorial.py
[2023-12-06T18:42:57.903+0000] {processor.py:829} INFO - Processing file /usr/local/lib/python3.10/dist-packages/airflow/example_dags/tutorial.py for tasks to queue
[2023-12-06T18:42:57.904+0000] {logging_mixin.py:154} INFO - [2023-12-06T18:42:57.903+0000] {dagbag.py:536} INFO - Filling up the DagBag from /usr/local/lib/python3.10/dist-packages/airflow/example_dags/tutorial.py
[2023-12-06T18:42:57.911+0000] {processor.py:839} INFO - DAG(s) dict_keys(['tutorial']) retrieved from /usr/local/lib/python3.10/dist-packages/airflow/example_dags/tutorial.py
[2023-12-06T18:42:57.928+0000] {logging_mixin.py:154} INFO - [2023-12-06T18:42:57.928+0000] {dag.py:2941} INFO - Sync 1 DAGs
[2023-12-06T18:42:57.949+0000] {logging_mixin.py:154} INFO - [2023-12-06T18:42:57.949+0000] {dag.py:3722} INFO - Setting next_dagrun for tutorial to 2023-12-05T18:42:57.949048+00:00, run_after=2023-12-06T18:42:57.949048+00:00
[2023-12-06T18:42:57.972+0000] {processor.py:179} INFO - Processing /usr/local/lib/python3.10/dist-packages/airflow/example_dags/tutorial.py took 0.074 seconds
[2023-12-06T18:43:50.830+0000] {processor.py:157} INFO - Started process (PID=5023) to work on /usr/local/lib/python3.10/dist-packages/airflow/example_dags/tutorial.py
[2023-12-06T18:43:50.831+0000] {processor.py:829} INFO - Processing file /usr/local/lib/python3.10/dist-packages/airflow/example_dags/tutorial.py for tasks to queue
[2023-12-06T18:43:50.832+0000] {logging_mixin.py:154} INFO - [2023-12-06T18:43:50.832+0000] {dagbag.py:536} INFO - Filling up the DagBag from /usr/local/lib/python3.10/dist-packages/airflow/example_dags/tutorial.py
[2023-12-06T18:43:50.840+0000] {processor.py:839} INFO - DAG(s) dict_keys(['tutorial']) retrieved from /usr/local/lib/python3.10/dist-packages/airflow/example_dags/tutorial.py
[2023-12-06T18:43:50.857+0000] {logging_mixin.py:154} INFO - [2023-12-06T18:43:50.856+0000] {dag.py:2941} INFO - Sync 1 DAGs
[2023-12-06T18:43:50.877+0000] {logging_mixin.py:154} INFO - [2023-12-06T18:43:50.877+0000] {dag.py:3722} INFO - Setting next_dagrun for tutorial to 2023-12-05T18:43:50.877445+00:00, run_after=2023-12-06T18:43:50.877445+00:00
[2023-12-06T18:43:50.903+0000] {processor.py:179} INFO - Processing /usr/local/lib/python3.10/dist-packages/airflow/example_dags/tutorial.py took 0.076 seconds
[2023-12-06T18:44:40.732+0000] {processor.py:157} INFO - Started process (PID=5072) to work on /usr/local/lib/python3.10/dist-packages/airflow/example_dags/tutorial.py
[2023-12-06T18:44:40.734+0000] {processor.py:829} INFO - Processing file /usr/local/lib/python3.10/dist-packages/airflow/example_dags/tutorial.py for tasks to queue
[2023-12-06T18:44:40.735+0000] {logging_mixin.py:154} INFO - [2023-12-06T18:44:40.734+0000] {dagbag.py:536} INFO - Filling up the DagBag from /usr/local/lib/python3.10/dist-packages/airflow/example_dags/tutorial.py
[2023-12-06T18:44:40.742+0000] {processor.py:839} INFO - DAG(s) dict_keys(['tutorial']) retrieved from /usr/local/lib/python3.10/dist-packages/airflow/example_dags/tutorial.py
[2023-12-06T18:44:40.759+0000] {logging_mixin.py:154} INFO - [2023-12-06T18:44:40.759+0000] {dag.py:2941} INFO - Sync 1 DAGs
[2023-12-06T18:44:40.779+0000] {logging_mixin.py:154} INFO - [2023-12-06T18:44:40.779+0000] {dag.py:3722} INFO - Setting next_dagrun for tutorial to 2023-12-05T18:44:40.779180+00:00, run_after=2023-12-06T18:44:40.779180+00:00
[2023-12-06T18:44:40.800+0000] {processor.py:179} INFO - Processing /usr/local/lib/python3.10/dist-packages/airflow/example_dags/tutorial.py took 0.071 seconds
[2023-12-06T18:45:24.753+0000] {processor.py:157} INFO - Started process (PID=5118) to work on /usr/local/lib/python3.10/dist-packages/airflow/example_dags/tutorial.py
[2023-12-06T18:45:24.755+0000] {processor.py:829} INFO - Processing file /usr/local/lib/python3.10/dist-packages/airflow/example_dags/tutorial.py for tasks to queue
[2023-12-06T18:45:24.756+0000] {logging_mixin.py:154} INFO - [2023-12-06T18:45:24.755+0000] {dagbag.py:536} INFO - Filling up the DagBag from /usr/local/lib/python3.10/dist-packages/airflow/example_dags/tutorial.py
[2023-12-06T18:45:24.763+0000] {processor.py:839} INFO - DAG(s) dict_keys(['tutorial']) retrieved from /usr/local/lib/python3.10/dist-packages/airflow/example_dags/tutorial.py
[2023-12-06T18:45:24.780+0000] {logging_mixin.py:154} INFO - [2023-12-06T18:45:24.780+0000] {dag.py:2941} INFO - Sync 1 DAGs
[2023-12-06T18:45:24.801+0000] {logging_mixin.py:154} INFO - [2023-12-06T18:45:24.801+0000] {dag.py:3722} INFO - Setting next_dagrun for tutorial to 2023-12-05T18:45:24.801141+00:00, run_after=2023-12-06T18:45:24.801141+00:00
[2023-12-06T18:45:24.828+0000] {processor.py:179} INFO - Processing /usr/local/lib/python3.10/dist-packages/airflow/example_dags/tutorial.py took 0.078 seconds
[2023-12-06T18:46:10.270+0000] {processor.py:157} INFO - Started process (PID=5167) to work on /usr/local/lib/python3.10/dist-packages/airflow/example_dags/tutorial.py
[2023-12-06T18:46:10.272+0000] {processor.py:829} INFO - Processing file /usr/local/lib/python3.10/dist-packages/airflow/example_dags/tutorial.py for tasks to queue
[2023-12-06T18:46:10.273+0000] {logging_mixin.py:154} INFO - [2023-12-06T18:46:10.272+0000] {dagbag.py:536} INFO - Filling up the DagBag from /usr/local/lib/python3.10/dist-packages/airflow/example_dags/tutorial.py
[2023-12-06T18:46:10.280+0000] {processor.py:839} INFO - DAG(s) dict_keys(['tutorial']) retrieved from /usr/local/lib/python3.10/dist-packages/airflow/example_dags/tutorial.py
[2023-12-06T18:46:10.298+0000] {logging_mixin.py:154} INFO - [2023-12-06T18:46:10.297+0000] {dag.py:2941} INFO - Sync 1 DAGs
[2023-12-06T18:46:10.318+0000] {logging_mixin.py:154} INFO - [2023-12-06T18:46:10.318+0000] {dag.py:3722} INFO - Setting next_dagrun for tutorial to 2023-12-05T18:46:10.318192+00:00, run_after=2023-12-06T18:46:10.318192+00:00
[2023-12-06T18:46:10.341+0000] {processor.py:179} INFO - Processing /usr/local/lib/python3.10/dist-packages/airflow/example_dags/tutorial.py took 0.074 seconds
[2023-12-06T18:46:54.079+0000] {processor.py:157} INFO - Started process (PID=5215) to work on /usr/local/lib/python3.10/dist-packages/airflow/example_dags/tutorial.py
[2023-12-06T18:46:54.081+0000] {processor.py:829} INFO - Processing file /usr/local/lib/python3.10/dist-packages/airflow/example_dags/tutorial.py for tasks to queue
[2023-12-06T18:46:54.082+0000] {logging_mixin.py:154} INFO - [2023-12-06T18:46:54.081+0000] {dagbag.py:536} INFO - Filling up the DagBag from /usr/local/lib/python3.10/dist-packages/airflow/example_dags/tutorial.py
[2023-12-06T18:46:54.094+0000] {processor.py:839} INFO - DAG(s) dict_keys(['tutorial']) retrieved from /usr/local/lib/python3.10/dist-packages/airflow/example_dags/tutorial.py
[2023-12-06T18:46:54.111+0000] {logging_mixin.py:154} INFO - [2023-12-06T18:46:54.110+0000] {dag.py:2941} INFO - Sync 1 DAGs
[2023-12-06T18:46:54.131+0000] {logging_mixin.py:154} INFO - [2023-12-06T18:46:54.131+0000] {dag.py:3722} INFO - Setting next_dagrun for tutorial to 2023-12-05T18:46:54.131031+00:00, run_after=2023-12-06T18:46:54.131031+00:00
[2023-12-06T18:46:54.153+0000] {processor.py:179} INFO - Processing /usr/local/lib/python3.10/dist-packages/airflow/example_dags/tutorial.py took 0.078 seconds
[2023-12-06T18:47:45.780+0000] {processor.py:157} INFO - Started process (PID=5267) to work on /usr/local/lib/python3.10/dist-packages/airflow/example_dags/tutorial.py
[2023-12-06T18:47:45.782+0000] {processor.py:829} INFO - Processing file /usr/local/lib/python3.10/dist-packages/airflow/example_dags/tutorial.py for tasks to queue
[2023-12-06T18:47:45.783+0000] {logging_mixin.py:154} INFO - [2023-12-06T18:47:45.782+0000] {dagbag.py:536} INFO - Filling up the DagBag from /usr/local/lib/python3.10/dist-packages/airflow/example_dags/tutorial.py
[2023-12-06T18:47:45.790+0000] {processor.py:839} INFO - DAG(s) dict_keys(['tutorial']) retrieved from /usr/local/lib/python3.10/dist-packages/airflow/example_dags/tutorial.py
[2023-12-06T18:47:45.807+0000] {logging_mixin.py:154} INFO - [2023-12-06T18:47:45.806+0000] {dag.py:2941} INFO - Sync 1 DAGs
[2023-12-06T18:47:45.827+0000] {logging_mixin.py:154} INFO - [2023-12-06T18:47:45.826+0000] {dag.py:3722} INFO - Setting next_dagrun for tutorial to 2023-12-05T18:47:45.826617+00:00, run_after=2023-12-06T18:47:45.826617+00:00
[2023-12-06T18:47:45.849+0000] {processor.py:179} INFO - Processing /usr/local/lib/python3.10/dist-packages/airflow/example_dags/tutorial.py took 0.072 seconds
[2023-12-06T18:48:34.541+0000] {processor.py:157} INFO - Started process (PID=5316) to work on /usr/local/lib/python3.10/dist-packages/airflow/example_dags/tutorial.py
[2023-12-06T18:48:34.542+0000] {processor.py:829} INFO - Processing file /usr/local/lib/python3.10/dist-packages/airflow/example_dags/tutorial.py for tasks to queue
[2023-12-06T18:48:34.543+0000] {logging_mixin.py:154} INFO - [2023-12-06T18:48:34.542+0000] {dagbag.py:536} INFO - Filling up the DagBag from /usr/local/lib/python3.10/dist-packages/airflow/example_dags/tutorial.py
[2023-12-06T18:48:34.550+0000] {processor.py:839} INFO - DAG(s) dict_keys(['tutorial']) retrieved from /usr/local/lib/python3.10/dist-packages/airflow/example_dags/tutorial.py
[2023-12-06T18:48:34.567+0000] {logging_mixin.py:154} INFO - [2023-12-06T18:48:34.567+0000] {dag.py:2941} INFO - Sync 1 DAGs
[2023-12-06T18:48:34.587+0000] {logging_mixin.py:154} INFO - [2023-12-06T18:48:34.587+0000] {dag.py:3722} INFO - Setting next_dagrun for tutorial to 2023-12-05T18:48:34.586902+00:00, run_after=2023-12-06T18:48:34.586902+00:00
[2023-12-06T18:48:34.609+0000] {processor.py:179} INFO - Processing /usr/local/lib/python3.10/dist-packages/airflow/example_dags/tutorial.py took 0.072 seconds
[2023-12-06T18:49:22.240+0000] {processor.py:157} INFO - Started process (PID=5364) to work on /usr/local/lib/python3.10/dist-packages/airflow/example_dags/tutorial.py
[2023-12-06T18:49:22.242+0000] {processor.py:829} INFO - Processing file /usr/local/lib/python3.10/dist-packages/airflow/example_dags/tutorial.py for tasks to queue
[2023-12-06T18:49:22.243+0000] {logging_mixin.py:154} INFO - [2023-12-06T18:49:22.242+0000] {dagbag.py:536} INFO - Filling up the DagBag from /usr/local/lib/python3.10/dist-packages/airflow/example_dags/tutorial.py
[2023-12-06T18:49:22.250+0000] {processor.py:839} INFO - DAG(s) dict_keys(['tutorial']) retrieved from /usr/local/lib/python3.10/dist-packages/airflow/example_dags/tutorial.py
[2023-12-06T18:49:22.267+0000] {logging_mixin.py:154} INFO - [2023-12-06T18:49:22.267+0000] {dag.py:2941} INFO - Sync 1 DAGs
[2023-12-06T18:49:22.289+0000] {logging_mixin.py:154} INFO - [2023-12-06T18:49:22.289+0000] {dag.py:3722} INFO - Setting next_dagrun for tutorial to 2023-12-05T18:49:22.288857+00:00, run_after=2023-12-06T18:49:22.288857+00:00
[2023-12-06T18:49:22.319+0000] {processor.py:179} INFO - Processing /usr/local/lib/python3.10/dist-packages/airflow/example_dags/tutorial.py took 0.082 seconds
[2023-12-06T18:50:04.002+0000] {processor.py:157} INFO - Started process (PID=5410) to work on /usr/local/lib/python3.10/dist-packages/airflow/example_dags/tutorial.py
[2023-12-06T18:50:04.004+0000] {processor.py:829} INFO - Processing file /usr/local/lib/python3.10/dist-packages/airflow/example_dags/tutorial.py for tasks to queue
[2023-12-06T18:50:04.004+0000] {logging_mixin.py:154} INFO - [2023-12-06T18:50:04.004+0000] {dagbag.py:536} INFO - Filling up the DagBag from /usr/local/lib/python3.10/dist-packages/airflow/example_dags/tutorial.py
[2023-12-06T18:50:04.012+0000] {processor.py:839} INFO - DAG(s) dict_keys(['tutorial']) retrieved from /usr/local/lib/python3.10/dist-packages/airflow/example_dags/tutorial.py
[2023-12-06T18:50:04.030+0000] {logging_mixin.py:154} INFO - [2023-12-06T18:50:04.029+0000] {dag.py:2941} INFO - Sync 1 DAGs
[2023-12-06T18:50:04.050+0000] {logging_mixin.py:154} INFO - [2023-12-06T18:50:04.050+0000] {dag.py:3722} INFO - Setting next_dagrun for tutorial to 2023-12-05T18:50:04.050400+00:00, run_after=2023-12-06T18:50:04.050400+00:00
[2023-12-06T18:50:04.073+0000] {processor.py:179} INFO - Processing /usr/local/lib/python3.10/dist-packages/airflow/example_dags/tutorial.py took 0.075 seconds
[2023-12-06T18:50:45.530+0000] {processor.py:157} INFO - Started process (PID=5453) to work on /usr/local/lib/python3.10/dist-packages/airflow/example_dags/tutorial.py
[2023-12-06T18:50:45.532+0000] {processor.py:829} INFO - Processing file /usr/local/lib/python3.10/dist-packages/airflow/example_dags/tutorial.py for tasks to queue
[2023-12-06T18:50:45.532+0000] {logging_mixin.py:154} INFO - [2023-12-06T18:50:45.532+0000] {dagbag.py:536} INFO - Filling up the DagBag from /usr/local/lib/python3.10/dist-packages/airflow/example_dags/tutorial.py
[2023-12-06T18:50:45.540+0000] {processor.py:839} INFO - DAG(s) dict_keys(['tutorial']) retrieved from /usr/local/lib/python3.10/dist-packages/airflow/example_dags/tutorial.py
[2023-12-06T18:50:45.557+0000] {logging_mixin.py:154} INFO - [2023-12-06T18:50:45.557+0000] {dag.py:2941} INFO - Sync 1 DAGs
[2023-12-06T18:50:45.579+0000] {logging_mixin.py:154} INFO - [2023-12-06T18:50:45.579+0000] {dag.py:3722} INFO - Setting next_dagrun for tutorial to 2023-12-05T18:50:45.579040+00:00, run_after=2023-12-06T18:50:45.579040+00:00
[2023-12-06T18:50:45.604+0000] {processor.py:179} INFO - Processing /usr/local/lib/python3.10/dist-packages/airflow/example_dags/tutorial.py took 0.078 seconds
[2023-12-06T18:51:28.841+0000] {processor.py:157} INFO - Started process (PID=5501) to work on /usr/local/lib/python3.10/dist-packages/airflow/example_dags/tutorial.py
[2023-12-06T18:51:28.843+0000] {processor.py:829} INFO - Processing file /usr/local/lib/python3.10/dist-packages/airflow/example_dags/tutorial.py for tasks to queue
[2023-12-06T18:51:28.843+0000] {logging_mixin.py:154} INFO - [2023-12-06T18:51:28.843+0000] {dagbag.py:536} INFO - Filling up the DagBag from /usr/local/lib/python3.10/dist-packages/airflow/example_dags/tutorial.py
[2023-12-06T18:51:28.851+0000] {processor.py:839} INFO - DAG(s) dict_keys(['tutorial']) retrieved from /usr/local/lib/python3.10/dist-packages/airflow/example_dags/tutorial.py
[2023-12-06T18:51:28.868+0000] {logging_mixin.py:154} INFO - [2023-12-06T18:51:28.868+0000] {dag.py:2941} INFO - Sync 1 DAGs
[2023-12-06T18:51:28.889+0000] {logging_mixin.py:154} INFO - [2023-12-06T18:51:28.889+0000] {dag.py:3722} INFO - Setting next_dagrun for tutorial to 2023-12-05T18:51:28.888838+00:00, run_after=2023-12-06T18:51:28.888838+00:00
[2023-12-06T18:51:28.911+0000] {processor.py:179} INFO - Processing /usr/local/lib/python3.10/dist-packages/airflow/example_dags/tutorial.py took 0.073 seconds
[2023-12-06T18:52:11.545+0000] {processor.py:157} INFO - Started process (PID=5546) to work on /usr/local/lib/python3.10/dist-packages/airflow/example_dags/tutorial.py
[2023-12-06T18:52:11.546+0000] {processor.py:829} INFO - Processing file /usr/local/lib/python3.10/dist-packages/airflow/example_dags/tutorial.py for tasks to queue
[2023-12-06T18:52:11.547+0000] {logging_mixin.py:154} INFO - [2023-12-06T18:52:11.547+0000] {dagbag.py:536} INFO - Filling up the DagBag from /usr/local/lib/python3.10/dist-packages/airflow/example_dags/tutorial.py
[2023-12-06T18:52:11.555+0000] {processor.py:839} INFO - DAG(s) dict_keys(['tutorial']) retrieved from /usr/local/lib/python3.10/dist-packages/airflow/example_dags/tutorial.py
[2023-12-06T18:52:11.572+0000] {logging_mixin.py:154} INFO - [2023-12-06T18:52:11.572+0000] {dag.py:2941} INFO - Sync 1 DAGs
[2023-12-06T18:52:11.594+0000] {logging_mixin.py:154} INFO - [2023-12-06T18:52:11.594+0000] {dag.py:3722} INFO - Setting next_dagrun for tutorial to 2023-12-05T18:52:11.593889+00:00, run_after=2023-12-06T18:52:11.593889+00:00
[2023-12-06T18:52:11.617+0000] {processor.py:179} INFO - Processing /usr/local/lib/python3.10/dist-packages/airflow/example_dags/tutorial.py took 0.075 seconds
[2023-12-06T18:52:59.037+0000] {processor.py:157} INFO - Started process (PID=5594) to work on /usr/local/lib/python3.10/dist-packages/airflow/example_dags/tutorial.py
[2023-12-06T18:52:59.038+0000] {processor.py:829} INFO - Processing file /usr/local/lib/python3.10/dist-packages/airflow/example_dags/tutorial.py for tasks to queue
[2023-12-06T18:52:59.039+0000] {logging_mixin.py:154} INFO - [2023-12-06T18:52:59.039+0000] {dagbag.py:536} INFO - Filling up the DagBag from /usr/local/lib/python3.10/dist-packages/airflow/example_dags/tutorial.py
[2023-12-06T18:52:59.046+0000] {processor.py:839} INFO - DAG(s) dict_keys(['tutorial']) retrieved from /usr/local/lib/python3.10/dist-packages/airflow/example_dags/tutorial.py
[2023-12-06T18:52:59.063+0000] {logging_mixin.py:154} INFO - [2023-12-06T18:52:59.063+0000] {dag.py:2941} INFO - Sync 1 DAGs
[2023-12-06T18:52:59.084+0000] {logging_mixin.py:154} INFO - [2023-12-06T18:52:59.083+0000] {dag.py:3722} INFO - Setting next_dagrun for tutorial to 2023-12-05T18:52:59.083442+00:00, run_after=2023-12-06T18:52:59.083442+00:00
[2023-12-06T18:52:59.107+0000] {processor.py:179} INFO - Processing /usr/local/lib/python3.10/dist-packages/airflow/example_dags/tutorial.py took 0.074 seconds
[2023-12-06T18:53:45.290+0000] {processor.py:157} INFO - Started process (PID=5641) to work on /usr/local/lib/python3.10/dist-packages/airflow/example_dags/tutorial.py
[2023-12-06T18:53:45.291+0000] {processor.py:829} INFO - Processing file /usr/local/lib/python3.10/dist-packages/airflow/example_dags/tutorial.py for tasks to queue
[2023-12-06T18:53:45.292+0000] {logging_mixin.py:154} INFO - [2023-12-06T18:53:45.291+0000] {dagbag.py:536} INFO - Filling up the DagBag from /usr/local/lib/python3.10/dist-packages/airflow/example_dags/tutorial.py
[2023-12-06T18:53:45.299+0000] {processor.py:839} INFO - DAG(s) dict_keys(['tutorial']) retrieved from /usr/local/lib/python3.10/dist-packages/airflow/example_dags/tutorial.py
[2023-12-06T18:53:45.316+0000] {logging_mixin.py:154} INFO - [2023-12-06T18:53:45.316+0000] {dag.py:2941} INFO - Sync 1 DAGs
[2023-12-06T18:53:45.337+0000] {logging_mixin.py:154} INFO - [2023-12-06T18:53:45.337+0000] {dag.py:3722} INFO - Setting next_dagrun for tutorial to 2023-12-05T18:53:45.337455+00:00, run_after=2023-12-06T18:53:45.337455+00:00
[2023-12-06T18:53:45.360+0000] {processor.py:179} INFO - Processing /usr/local/lib/python3.10/dist-packages/airflow/example_dags/tutorial.py took 0.074 seconds
[2023-12-06T18:54:26.697+0000] {processor.py:157} INFO - Started process (PID=5684) to work on /usr/local/lib/python3.10/dist-packages/airflow/example_dags/tutorial.py
[2023-12-06T18:54:26.699+0000] {processor.py:829} INFO - Processing file /usr/local/lib/python3.10/dist-packages/airflow/example_dags/tutorial.py for tasks to queue
[2023-12-06T18:54:26.700+0000] {logging_mixin.py:154} INFO - [2023-12-06T18:54:26.699+0000] {dagbag.py:536} INFO - Filling up the DagBag from /usr/local/lib/python3.10/dist-packages/airflow/example_dags/tutorial.py
[2023-12-06T18:54:26.707+0000] {processor.py:839} INFO - DAG(s) dict_keys(['tutorial']) retrieved from /usr/local/lib/python3.10/dist-packages/airflow/example_dags/tutorial.py
[2023-12-06T18:54:26.724+0000] {logging_mixin.py:154} INFO - [2023-12-06T18:54:26.724+0000] {dag.py:2941} INFO - Sync 1 DAGs
[2023-12-06T18:54:26.744+0000] {logging_mixin.py:154} INFO - [2023-12-06T18:54:26.744+0000] {dag.py:3722} INFO - Setting next_dagrun for tutorial to 2023-12-05T18:54:26.744159+00:00, run_after=2023-12-06T18:54:26.744159+00:00
[2023-12-06T18:54:26.771+0000] {processor.py:179} INFO - Processing /usr/local/lib/python3.10/dist-packages/airflow/example_dags/tutorial.py took 0.077 seconds
[2023-12-06T18:55:12.953+0000] {processor.py:157} INFO - Started process (PID=5733) to work on /usr/local/lib/python3.10/dist-packages/airflow/example_dags/tutorial.py
[2023-12-06T18:55:12.955+0000] {processor.py:829} INFO - Processing file /usr/local/lib/python3.10/dist-packages/airflow/example_dags/tutorial.py for tasks to queue
[2023-12-06T18:55:12.955+0000] {logging_mixin.py:154} INFO - [2023-12-06T18:55:12.955+0000] {dagbag.py:536} INFO - Filling up the DagBag from /usr/local/lib/python3.10/dist-packages/airflow/example_dags/tutorial.py
[2023-12-06T18:55:12.963+0000] {processor.py:839} INFO - DAG(s) dict_keys(['tutorial']) retrieved from /usr/local/lib/python3.10/dist-packages/airflow/example_dags/tutorial.py
[2023-12-06T18:55:12.980+0000] {logging_mixin.py:154} INFO - [2023-12-06T18:55:12.980+0000] {dag.py:2941} INFO - Sync 1 DAGs
[2023-12-06T18:55:13.002+0000] {logging_mixin.py:154} INFO - [2023-12-06T18:55:13.001+0000] {dag.py:3722} INFO - Setting next_dagrun for tutorial to 2023-12-05T18:55:13.001588+00:00, run_after=2023-12-06T18:55:13.001588+00:00
[2023-12-06T18:55:13.024+0000] {processor.py:179} INFO - Processing /usr/local/lib/python3.10/dist-packages/airflow/example_dags/tutorial.py took 0.074 seconds
[2023-12-06T18:55:59.371+0000] {processor.py:157} INFO - Started process (PID=5781) to work on /usr/local/lib/python3.10/dist-packages/airflow/example_dags/tutorial.py
[2023-12-06T18:55:59.372+0000] {processor.py:829} INFO - Processing file /usr/local/lib/python3.10/dist-packages/airflow/example_dags/tutorial.py for tasks to queue
[2023-12-06T18:55:59.373+0000] {logging_mixin.py:154} INFO - [2023-12-06T18:55:59.373+0000] {dagbag.py:536} INFO - Filling up the DagBag from /usr/local/lib/python3.10/dist-packages/airflow/example_dags/tutorial.py
[2023-12-06T18:55:59.381+0000] {processor.py:839} INFO - DAG(s) dict_keys(['tutorial']) retrieved from /usr/local/lib/python3.10/dist-packages/airflow/example_dags/tutorial.py
[2023-12-06T18:55:59.398+0000] {logging_mixin.py:154} INFO - [2023-12-06T18:55:59.398+0000] {dag.py:2941} INFO - Sync 1 DAGs
[2023-12-06T18:55:59.418+0000] {logging_mixin.py:154} INFO - [2023-12-06T18:55:59.418+0000] {dag.py:3722} INFO - Setting next_dagrun for tutorial to 2023-12-05T18:55:59.418362+00:00, run_after=2023-12-06T18:55:59.418362+00:00
[2023-12-06T18:55:59.442+0000] {processor.py:179} INFO - Processing /usr/local/lib/python3.10/dist-packages/airflow/example_dags/tutorial.py took 0.074 seconds
[2023-12-06T18:56:46.514+0000] {processor.py:157} INFO - Started process (PID=5829) to work on /usr/local/lib/python3.10/dist-packages/airflow/example_dags/tutorial.py
[2023-12-06T18:56:46.515+0000] {processor.py:829} INFO - Processing file /usr/local/lib/python3.10/dist-packages/airflow/example_dags/tutorial.py for tasks to queue
[2023-12-06T18:56:46.516+0000] {logging_mixin.py:154} INFO - [2023-12-06T18:56:46.516+0000] {dagbag.py:536} INFO - Filling up the DagBag from /usr/local/lib/python3.10/dist-packages/airflow/example_dags/tutorial.py
[2023-12-06T18:56:46.524+0000] {processor.py:839} INFO - DAG(s) dict_keys(['tutorial']) retrieved from /usr/local/lib/python3.10/dist-packages/airflow/example_dags/tutorial.py
[2023-12-06T18:56:46.540+0000] {logging_mixin.py:154} INFO - [2023-12-06T18:56:46.540+0000] {dag.py:2941} INFO - Sync 1 DAGs
[2023-12-06T18:56:46.561+0000] {logging_mixin.py:154} INFO - [2023-12-06T18:56:46.560+0000] {dag.py:3722} INFO - Setting next_dagrun for tutorial to 2023-12-05T18:56:46.560701+00:00, run_after=2023-12-06T18:56:46.560701+00:00
[2023-12-06T18:56:46.583+0000] {processor.py:179} INFO - Processing /usr/local/lib/python3.10/dist-packages/airflow/example_dags/tutorial.py took 0.072 seconds
[2023-12-06T18:57:33.360+0000] {processor.py:157} INFO - Started process (PID=5878) to work on /usr/local/lib/python3.10/dist-packages/airflow/example_dags/tutorial.py
[2023-12-06T18:57:33.361+0000] {processor.py:829} INFO - Processing file /usr/local/lib/python3.10/dist-packages/airflow/example_dags/tutorial.py for tasks to queue
[2023-12-06T18:57:33.362+0000] {logging_mixin.py:154} INFO - [2023-12-06T18:57:33.362+0000] {dagbag.py:536} INFO - Filling up the DagBag from /usr/local/lib/python3.10/dist-packages/airflow/example_dags/tutorial.py
[2023-12-06T18:57:33.369+0000] {processor.py:839} INFO - DAG(s) dict_keys(['tutorial']) retrieved from /usr/local/lib/python3.10/dist-packages/airflow/example_dags/tutorial.py
[2023-12-06T18:57:33.386+0000] {logging_mixin.py:154} INFO - [2023-12-06T18:57:33.386+0000] {dag.py:2941} INFO - Sync 1 DAGs
[2023-12-06T18:57:33.407+0000] {logging_mixin.py:154} INFO - [2023-12-06T18:57:33.407+0000] {dag.py:3722} INFO - Setting next_dagrun for tutorial to 2023-12-05T18:57:33.407389+00:00, run_after=2023-12-06T18:57:33.407389+00:00
[2023-12-06T18:57:33.433+0000] {processor.py:179} INFO - Processing /usr/local/lib/python3.10/dist-packages/airflow/example_dags/tutorial.py took 0.077 seconds
[2023-12-06T18:58:17.757+0000] {processor.py:157} INFO - Started process (PID=5925) to work on /usr/local/lib/python3.10/dist-packages/airflow/example_dags/tutorial.py
[2023-12-06T18:58:17.758+0000] {processor.py:829} INFO - Processing file /usr/local/lib/python3.10/dist-packages/airflow/example_dags/tutorial.py for tasks to queue
[2023-12-06T18:58:17.759+0000] {logging_mixin.py:154} INFO - [2023-12-06T18:58:17.759+0000] {dagbag.py:536} INFO - Filling up the DagBag from /usr/local/lib/python3.10/dist-packages/airflow/example_dags/tutorial.py
[2023-12-06T18:58:17.766+0000] {processor.py:839} INFO - DAG(s) dict_keys(['tutorial']) retrieved from /usr/local/lib/python3.10/dist-packages/airflow/example_dags/tutorial.py
[2023-12-06T18:58:17.783+0000] {logging_mixin.py:154} INFO - [2023-12-06T18:58:17.783+0000] {dag.py:2941} INFO - Sync 1 DAGs
[2023-12-06T18:58:17.803+0000] {logging_mixin.py:154} INFO - [2023-12-06T18:58:17.802+0000] {dag.py:3722} INFO - Setting next_dagrun for tutorial to 2023-12-05T18:58:17.802623+00:00, run_after=2023-12-06T18:58:17.802623+00:00
[2023-12-06T18:58:17.824+0000] {processor.py:179} INFO - Processing /usr/local/lib/python3.10/dist-packages/airflow/example_dags/tutorial.py took 0.071 seconds
[2023-12-06T18:59:03.021+0000] {processor.py:157} INFO - Started process (PID=5971) to work on /usr/local/lib/python3.10/dist-packages/airflow/example_dags/tutorial.py
[2023-12-06T18:59:03.022+0000] {processor.py:829} INFO - Processing file /usr/local/lib/python3.10/dist-packages/airflow/example_dags/tutorial.py for tasks to queue
[2023-12-06T18:59:03.023+0000] {logging_mixin.py:154} INFO - [2023-12-06T18:59:03.023+0000] {dagbag.py:536} INFO - Filling up the DagBag from /usr/local/lib/python3.10/dist-packages/airflow/example_dags/tutorial.py
[2023-12-06T18:59:03.031+0000] {processor.py:839} INFO - DAG(s) dict_keys(['tutorial']) retrieved from /usr/local/lib/python3.10/dist-packages/airflow/example_dags/tutorial.py
[2023-12-06T18:59:03.083+0000] {logging_mixin.py:154} INFO - [2023-12-06T18:59:03.083+0000] {dag.py:2941} INFO - Sync 1 DAGs
[2023-12-06T18:59:03.105+0000] {logging_mixin.py:154} INFO - [2023-12-06T18:59:03.105+0000] {dag.py:3722} INFO - Setting next_dagrun for tutorial to 2023-12-05T18:59:03.104736+00:00, run_after=2023-12-06T18:59:03.104736+00:00
[2023-12-06T18:59:03.128+0000] {processor.py:179} INFO - Processing /usr/local/lib/python3.10/dist-packages/airflow/example_dags/tutorial.py took 0.112 seconds
[2023-12-06T18:59:48.207+0000] {processor.py:157} INFO - Started process (PID=6019) to work on /usr/local/lib/python3.10/dist-packages/airflow/example_dags/tutorial.py
[2023-12-06T18:59:48.208+0000] {processor.py:829} INFO - Processing file /usr/local/lib/python3.10/dist-packages/airflow/example_dags/tutorial.py for tasks to queue
[2023-12-06T18:59:48.209+0000] {logging_mixin.py:154} INFO - [2023-12-06T18:59:48.209+0000] {dagbag.py:536} INFO - Filling up the DagBag from /usr/local/lib/python3.10/dist-packages/airflow/example_dags/tutorial.py
[2023-12-06T18:59:48.217+0000] {processor.py:839} INFO - DAG(s) dict_keys(['tutorial']) retrieved from /usr/local/lib/python3.10/dist-packages/airflow/example_dags/tutorial.py
[2023-12-06T18:59:48.233+0000] {logging_mixin.py:154} INFO - [2023-12-06T18:59:48.233+0000] {dag.py:2941} INFO - Sync 1 DAGs
[2023-12-06T18:59:48.253+0000] {logging_mixin.py:154} INFO - [2023-12-06T18:59:48.253+0000] {dag.py:3722} INFO - Setting next_dagrun for tutorial to 2023-12-05T18:59:48.253344+00:00, run_after=2023-12-06T18:59:48.253344+00:00
[2023-12-06T18:59:48.277+0000] {processor.py:179} INFO - Processing /usr/local/lib/python3.10/dist-packages/airflow/example_dags/tutorial.py took 0.074 seconds
[2023-12-06T19:00:40.305+0000] {processor.py:157} INFO - Started process (PID=6374) to work on /usr/local/lib/python3.10/dist-packages/airflow/example_dags/tutorial.py
[2023-12-06T19:00:40.307+0000] {processor.py:829} INFO - Processing file /usr/local/lib/python3.10/dist-packages/airflow/example_dags/tutorial.py for tasks to queue
[2023-12-06T19:00:40.307+0000] {logging_mixin.py:154} INFO - [2023-12-06T19:00:40.307+0000] {dagbag.py:536} INFO - Filling up the DagBag from /usr/local/lib/python3.10/dist-packages/airflow/example_dags/tutorial.py
[2023-12-06T19:00:40.315+0000] {processor.py:839} INFO - DAG(s) dict_keys(['tutorial']) retrieved from /usr/local/lib/python3.10/dist-packages/airflow/example_dags/tutorial.py
[2023-12-06T19:00:40.333+0000] {logging_mixin.py:154} INFO - [2023-12-06T19:00:40.332+0000] {dag.py:2941} INFO - Sync 1 DAGs
[2023-12-06T19:00:40.353+0000] {logging_mixin.py:154} INFO - [2023-12-06T19:00:40.353+0000] {dag.py:3722} INFO - Setting next_dagrun for tutorial to 2023-12-05T19:00:40.353204+00:00, run_after=2023-12-06T19:00:40.353204+00:00
[2023-12-06T19:00:40.377+0000] {processor.py:179} INFO - Processing /usr/local/lib/python3.10/dist-packages/airflow/example_dags/tutorial.py took 0.076 seconds
[2023-12-06T19:01:29.715+0000] {processor.py:157} INFO - Started process (PID=6478) to work on /usr/local/lib/python3.10/dist-packages/airflow/example_dags/tutorial.py
[2023-12-06T19:01:29.718+0000] {processor.py:829} INFO - Processing file /usr/local/lib/python3.10/dist-packages/airflow/example_dags/tutorial.py for tasks to queue
[2023-12-06T19:01:29.719+0000] {logging_mixin.py:154} INFO - [2023-12-06T19:01:29.718+0000] {dagbag.py:536} INFO - Filling up the DagBag from /usr/local/lib/python3.10/dist-packages/airflow/example_dags/tutorial.py
[2023-12-06T19:01:29.726+0000] {processor.py:839} INFO - DAG(s) dict_keys(['tutorial']) retrieved from /usr/local/lib/python3.10/dist-packages/airflow/example_dags/tutorial.py
[2023-12-06T19:01:29.743+0000] {logging_mixin.py:154} INFO - [2023-12-06T19:01:29.743+0000] {dag.py:2941} INFO - Sync 1 DAGs
[2023-12-06T19:01:29.764+0000] {logging_mixin.py:154} INFO - [2023-12-06T19:01:29.763+0000] {dag.py:3722} INFO - Setting next_dagrun for tutorial to 2023-12-05T19:01:29.763683+00:00, run_after=2023-12-06T19:01:29.763683+00:00
[2023-12-06T19:01:29.788+0000] {processor.py:179} INFO - Processing /usr/local/lib/python3.10/dist-packages/airflow/example_dags/tutorial.py took 0.076 seconds
[2023-12-06T19:02:17.363+0000] {processor.py:157} INFO - Started process (PID=6528) to work on /usr/local/lib/python3.10/dist-packages/airflow/example_dags/tutorial.py
[2023-12-06T19:02:17.364+0000] {processor.py:829} INFO - Processing file /usr/local/lib/python3.10/dist-packages/airflow/example_dags/tutorial.py for tasks to queue
[2023-12-06T19:02:17.365+0000] {logging_mixin.py:154} INFO - [2023-12-06T19:02:17.365+0000] {dagbag.py:536} INFO - Filling up the DagBag from /usr/local/lib/python3.10/dist-packages/airflow/example_dags/tutorial.py
[2023-12-06T19:02:17.373+0000] {processor.py:839} INFO - DAG(s) dict_keys(['tutorial']) retrieved from /usr/local/lib/python3.10/dist-packages/airflow/example_dags/tutorial.py
[2023-12-06T19:02:17.390+0000] {logging_mixin.py:154} INFO - [2023-12-06T19:02:17.389+0000] {dag.py:2941} INFO - Sync 1 DAGs
[2023-12-06T19:02:17.410+0000] {logging_mixin.py:154} INFO - [2023-12-06T19:02:17.410+0000] {dag.py:3722} INFO - Setting next_dagrun for tutorial to 2023-12-05T19:02:17.409863+00:00, run_after=2023-12-06T19:02:17.409863+00:00
[2023-12-06T19:02:17.435+0000] {processor.py:179} INFO - Processing /usr/local/lib/python3.10/dist-packages/airflow/example_dags/tutorial.py took 0.076 seconds
[2023-12-06T19:03:01.432+0000] {processor.py:157} INFO - Started process (PID=6574) to work on /usr/local/lib/python3.10/dist-packages/airflow/example_dags/tutorial.py
[2023-12-06T19:03:01.433+0000] {processor.py:829} INFO - Processing file /usr/local/lib/python3.10/dist-packages/airflow/example_dags/tutorial.py for tasks to queue
[2023-12-06T19:03:01.434+0000] {logging_mixin.py:154} INFO - [2023-12-06T19:03:01.434+0000] {dagbag.py:536} INFO - Filling up the DagBag from /usr/local/lib/python3.10/dist-packages/airflow/example_dags/tutorial.py
[2023-12-06T19:03:01.442+0000] {processor.py:839} INFO - DAG(s) dict_keys(['tutorial']) retrieved from /usr/local/lib/python3.10/dist-packages/airflow/example_dags/tutorial.py
[2023-12-06T19:03:01.460+0000] {logging_mixin.py:154} INFO - [2023-12-06T19:03:01.460+0000] {dag.py:2941} INFO - Sync 1 DAGs
[2023-12-06T19:03:01.483+0000] {logging_mixin.py:154} INFO - [2023-12-06T19:03:01.483+0000] {dag.py:3722} INFO - Setting next_dagrun for tutorial to 2023-12-05T19:03:01.482981+00:00, run_after=2023-12-06T19:03:01.482981+00:00
[2023-12-06T19:03:01.507+0000] {processor.py:179} INFO - Processing /usr/local/lib/python3.10/dist-packages/airflow/example_dags/tutorial.py took 0.080 seconds
[2023-12-06T19:03:51.755+0000] {processor.py:157} INFO - Started process (PID=6623) to work on /usr/local/lib/python3.10/dist-packages/airflow/example_dags/tutorial.py
[2023-12-06T19:03:51.756+0000] {processor.py:829} INFO - Processing file /usr/local/lib/python3.10/dist-packages/airflow/example_dags/tutorial.py for tasks to queue
[2023-12-06T19:03:51.757+0000] {logging_mixin.py:154} INFO - [2023-12-06T19:03:51.757+0000] {dagbag.py:536} INFO - Filling up the DagBag from /usr/local/lib/python3.10/dist-packages/airflow/example_dags/tutorial.py
[2023-12-06T19:03:51.765+0000] {processor.py:839} INFO - DAG(s) dict_keys(['tutorial']) retrieved from /usr/local/lib/python3.10/dist-packages/airflow/example_dags/tutorial.py
[2023-12-06T19:03:51.782+0000] {logging_mixin.py:154} INFO - [2023-12-06T19:03:51.781+0000] {dag.py:2941} INFO - Sync 1 DAGs
[2023-12-06T19:03:51.802+0000] {logging_mixin.py:154} INFO - [2023-12-06T19:03:51.802+0000] {dag.py:3722} INFO - Setting next_dagrun for tutorial to 2023-12-05T19:03:51.802010+00:00, run_after=2023-12-06T19:03:51.802010+00:00
[2023-12-06T19:03:51.824+0000] {processor.py:179} INFO - Processing /usr/local/lib/python3.10/dist-packages/airflow/example_dags/tutorial.py took 0.073 seconds
[2023-12-06T19:04:38.180+0000] {processor.py:157} INFO - Started process (PID=6674) to work on /usr/local/lib/python3.10/dist-packages/airflow/example_dags/tutorial.py
[2023-12-06T19:04:38.182+0000] {processor.py:829} INFO - Processing file /usr/local/lib/python3.10/dist-packages/airflow/example_dags/tutorial.py for tasks to queue
[2023-12-06T19:04:38.182+0000] {logging_mixin.py:154} INFO - [2023-12-06T19:04:38.182+0000] {dagbag.py:536} INFO - Filling up the DagBag from /usr/local/lib/python3.10/dist-packages/airflow/example_dags/tutorial.py
[2023-12-06T19:04:38.190+0000] {processor.py:839} INFO - DAG(s) dict_keys(['tutorial']) retrieved from /usr/local/lib/python3.10/dist-packages/airflow/example_dags/tutorial.py
[2023-12-06T19:04:38.207+0000] {logging_mixin.py:154} INFO - [2023-12-06T19:04:38.207+0000] {dag.py:2941} INFO - Sync 1 DAGs
[2023-12-06T19:04:38.228+0000] {logging_mixin.py:154} INFO - [2023-12-06T19:04:38.228+0000] {dag.py:3722} INFO - Setting next_dagrun for tutorial to 2023-12-05T19:04:38.227753+00:00, run_after=2023-12-06T19:04:38.227753+00:00
[2023-12-06T19:04:38.251+0000] {processor.py:179} INFO - Processing /usr/local/lib/python3.10/dist-packages/airflow/example_dags/tutorial.py took 0.075 seconds
[2023-12-06T19:05:28.605+0000] {processor.py:157} INFO - Started process (PID=6891) to work on /usr/local/lib/python3.10/dist-packages/airflow/example_dags/tutorial.py
[2023-12-06T19:05:28.608+0000] {processor.py:829} INFO - Processing file /usr/local/lib/python3.10/dist-packages/airflow/example_dags/tutorial.py for tasks to queue
[2023-12-06T19:05:28.609+0000] {logging_mixin.py:154} INFO - [2023-12-06T19:05:28.608+0000] {dagbag.py:536} INFO - Filling up the DagBag from /usr/local/lib/python3.10/dist-packages/airflow/example_dags/tutorial.py
[2023-12-06T19:05:28.616+0000] {processor.py:839} INFO - DAG(s) dict_keys(['tutorial']) retrieved from /usr/local/lib/python3.10/dist-packages/airflow/example_dags/tutorial.py
[2023-12-06T19:05:28.634+0000] {logging_mixin.py:154} INFO - [2023-12-06T19:05:28.634+0000] {dag.py:2941} INFO - Sync 1 DAGs
[2023-12-06T19:05:28.655+0000] {logging_mixin.py:154} INFO - [2023-12-06T19:05:28.655+0000] {dag.py:3722} INFO - Setting next_dagrun for tutorial to 2023-12-05T19:05:28.654751+00:00, run_after=2023-12-06T19:05:28.654751+00:00
[2023-12-06T19:05:28.679+0000] {processor.py:179} INFO - Processing /usr/local/lib/python3.10/dist-packages/airflow/example_dags/tutorial.py took 0.077 seconds
[2023-12-06T19:06:16.312+0000] {processor.py:157} INFO - Started process (PID=6940) to work on /usr/local/lib/python3.10/dist-packages/airflow/example_dags/tutorial.py
[2023-12-06T19:06:16.313+0000] {processor.py:829} INFO - Processing file /usr/local/lib/python3.10/dist-packages/airflow/example_dags/tutorial.py for tasks to queue
[2023-12-06T19:06:16.314+0000] {logging_mixin.py:154} INFO - [2023-12-06T19:06:16.314+0000] {dagbag.py:536} INFO - Filling up the DagBag from /usr/local/lib/python3.10/dist-packages/airflow/example_dags/tutorial.py
[2023-12-06T19:06:16.322+0000] {processor.py:839} INFO - DAG(s) dict_keys(['tutorial']) retrieved from /usr/local/lib/python3.10/dist-packages/airflow/example_dags/tutorial.py
[2023-12-06T19:06:16.341+0000] {logging_mixin.py:154} INFO - [2023-12-06T19:06:16.341+0000] {dag.py:2941} INFO - Sync 1 DAGs
[2023-12-06T19:06:16.363+0000] {logging_mixin.py:154} INFO - [2023-12-06T19:06:16.362+0000] {dag.py:3722} INFO - Setting next_dagrun for tutorial to 2023-12-05T19:06:16.362613+00:00, run_after=2023-12-06T19:06:16.362613+00:00
[2023-12-06T19:06:16.401+0000] {processor.py:179} INFO - Processing /usr/local/lib/python3.10/dist-packages/airflow/example_dags/tutorial.py took 0.093 seconds
[2023-12-06T19:07:02.771+0000] {processor.py:157} INFO - Started process (PID=6987) to work on /usr/local/lib/python3.10/dist-packages/airflow/example_dags/tutorial.py
[2023-12-06T19:07:02.773+0000] {processor.py:829} INFO - Processing file /usr/local/lib/python3.10/dist-packages/airflow/example_dags/tutorial.py for tasks to queue
[2023-12-06T19:07:02.774+0000] {logging_mixin.py:154} INFO - [2023-12-06T19:07:02.773+0000] {dagbag.py:536} INFO - Filling up the DagBag from /usr/local/lib/python3.10/dist-packages/airflow/example_dags/tutorial.py
[2023-12-06T19:07:02.782+0000] {processor.py:839} INFO - DAG(s) dict_keys(['tutorial']) retrieved from /usr/local/lib/python3.10/dist-packages/airflow/example_dags/tutorial.py
[2023-12-06T19:07:02.801+0000] {logging_mixin.py:154} INFO - [2023-12-06T19:07:02.800+0000] {dag.py:2941} INFO - Sync 1 DAGs
[2023-12-06T19:07:02.823+0000] {logging_mixin.py:154} INFO - [2023-12-06T19:07:02.823+0000] {dag.py:3722} INFO - Setting next_dagrun for tutorial to 2023-12-05T19:07:02.823042+00:00, run_after=2023-12-06T19:07:02.823042+00:00
[2023-12-06T19:07:02.848+0000] {processor.py:179} INFO - Processing /usr/local/lib/python3.10/dist-packages/airflow/example_dags/tutorial.py took 0.081 seconds
