[2023-12-06T18:22:02.809+0000] {processor.py:157} INFO - Started process (PID=3680) to work on /usr/local/lib/python3.10/dist-packages/airflow/example_dags/tutorial_taskflow_api.py
[2023-12-06T18:22:02.810+0000] {processor.py:829} INFO - Processing file /usr/local/lib/python3.10/dist-packages/airflow/example_dags/tutorial_taskflow_api.py for tasks to queue
[2023-12-06T18:22:02.811+0000] {logging_mixin.py:154} INFO - [2023-12-06T18:22:02.810+0000] {dagbag.py:536} INFO - Filling up the DagBag from /usr/local/lib/python3.10/dist-packages/airflow/example_dags/tutorial_taskflow_api.py
[2023-12-06T18:22:02.818+0000] {processor.py:839} INFO - DAG(s) dict_keys(['tutorial_taskflow_api']) retrieved from /usr/local/lib/python3.10/dist-packages/airflow/example_dags/tutorial_taskflow_api.py
[2023-12-06T18:22:02.935+0000] {logging_mixin.py:154} INFO - [2023-12-06T18:22:02.934+0000] {manager.py:499} INFO - Created Permission View: %s
[2023-12-06T18:22:02.949+0000] {logging_mixin.py:154} INFO - [2023-12-06T18:22:02.948+0000] {manager.py:499} INFO - Created Permission View: %s
[2023-12-06T18:22:02.959+0000] {logging_mixin.py:154} INFO - [2023-12-06T18:22:02.959+0000] {manager.py:499} INFO - Created Permission View: %s
[2023-12-06T18:22:02.959+0000] {logging_mixin.py:154} INFO - [2023-12-06T18:22:02.959+0000] {dag.py:2941} INFO - Sync 1 DAGs
[2023-12-06T18:22:02.972+0000] {logging_mixin.py:154} INFO - [2023-12-06T18:22:02.971+0000] {dag.py:2963} INFO - Creating ORM DAG for tutorial_taskflow_api
[2023-12-06T18:22:02.972+0000] {logging_mixin.py:154} INFO - [2023-12-06T18:22:02.972+0000] {dag.py:3722} INFO - Setting next_dagrun for tutorial_taskflow_api to None, run_after=None
[2023-12-06T18:22:02.995+0000] {processor.py:179} INFO - Processing /usr/local/lib/python3.10/dist-packages/airflow/example_dags/tutorial_taskflow_api.py took 0.189 seconds
[2023-12-06T18:22:53.442+0000] {processor.py:157} INFO - Started process (PID=3731) to work on /usr/local/lib/python3.10/dist-packages/airflow/example_dags/tutorial_taskflow_api.py
[2023-12-06T18:22:53.444+0000] {processor.py:829} INFO - Processing file /usr/local/lib/python3.10/dist-packages/airflow/example_dags/tutorial_taskflow_api.py for tasks to queue
[2023-12-06T18:22:53.444+0000] {logging_mixin.py:154} INFO - [2023-12-06T18:22:53.444+0000] {dagbag.py:536} INFO - Filling up the DagBag from /usr/local/lib/python3.10/dist-packages/airflow/example_dags/tutorial_taskflow_api.py
[2023-12-06T18:22:53.453+0000] {processor.py:839} INFO - DAG(s) dict_keys(['tutorial_taskflow_api']) retrieved from /usr/local/lib/python3.10/dist-packages/airflow/example_dags/tutorial_taskflow_api.py
[2023-12-06T18:22:53.470+0000] {logging_mixin.py:154} INFO - [2023-12-06T18:22:53.469+0000] {dag.py:2941} INFO - Sync 1 DAGs
[2023-12-06T18:22:53.481+0000] {logging_mixin.py:154} INFO - [2023-12-06T18:22:53.481+0000] {dag.py:3722} INFO - Setting next_dagrun for tutorial_taskflow_api to None, run_after=None
[2023-12-06T18:22:53.503+0000] {processor.py:179} INFO - Processing /usr/local/lib/python3.10/dist-packages/airflow/example_dags/tutorial_taskflow_api.py took 0.064 seconds
[2023-12-06T18:23:39.488+0000] {processor.py:157} INFO - Started process (PID=3777) to work on /usr/local/lib/python3.10/dist-packages/airflow/example_dags/tutorial_taskflow_api.py
[2023-12-06T18:23:39.489+0000] {processor.py:829} INFO - Processing file /usr/local/lib/python3.10/dist-packages/airflow/example_dags/tutorial_taskflow_api.py for tasks to queue
[2023-12-06T18:23:39.490+0000] {logging_mixin.py:154} INFO - [2023-12-06T18:23:39.490+0000] {dagbag.py:536} INFO - Filling up the DagBag from /usr/local/lib/python3.10/dist-packages/airflow/example_dags/tutorial_taskflow_api.py
[2023-12-06T18:23:39.497+0000] {processor.py:839} INFO - DAG(s) dict_keys(['tutorial_taskflow_api']) retrieved from /usr/local/lib/python3.10/dist-packages/airflow/example_dags/tutorial_taskflow_api.py
[2023-12-06T18:23:39.514+0000] {logging_mixin.py:154} INFO - [2023-12-06T18:23:39.514+0000] {dag.py:2941} INFO - Sync 1 DAGs
[2023-12-06T18:23:39.526+0000] {logging_mixin.py:154} INFO - [2023-12-06T18:23:39.526+0000] {dag.py:3722} INFO - Setting next_dagrun for tutorial_taskflow_api to None, run_after=None
[2023-12-06T18:23:39.552+0000] {processor.py:179} INFO - Processing /usr/local/lib/python3.10/dist-packages/airflow/example_dags/tutorial_taskflow_api.py took 0.068 seconds
[2023-12-06T18:24:28.112+0000] {processor.py:157} INFO - Started process (PID=3827) to work on /usr/local/lib/python3.10/dist-packages/airflow/example_dags/tutorial_taskflow_api.py
[2023-12-06T18:24:28.114+0000] {processor.py:829} INFO - Processing file /usr/local/lib/python3.10/dist-packages/airflow/example_dags/tutorial_taskflow_api.py for tasks to queue
[2023-12-06T18:24:28.115+0000] {logging_mixin.py:154} INFO - [2023-12-06T18:24:28.114+0000] {dagbag.py:536} INFO - Filling up the DagBag from /usr/local/lib/python3.10/dist-packages/airflow/example_dags/tutorial_taskflow_api.py
[2023-12-06T18:24:28.122+0000] {processor.py:839} INFO - DAG(s) dict_keys(['tutorial_taskflow_api']) retrieved from /usr/local/lib/python3.10/dist-packages/airflow/example_dags/tutorial_taskflow_api.py
[2023-12-06T18:24:28.139+0000] {logging_mixin.py:154} INFO - [2023-12-06T18:24:28.139+0000] {dag.py:2941} INFO - Sync 1 DAGs
[2023-12-06T18:24:28.151+0000] {logging_mixin.py:154} INFO - [2023-12-06T18:24:28.151+0000] {dag.py:3722} INFO - Setting next_dagrun for tutorial_taskflow_api to None, run_after=None
[2023-12-06T18:24:28.173+0000] {processor.py:179} INFO - Processing /usr/local/lib/python3.10/dist-packages/airflow/example_dags/tutorial_taskflow_api.py took 0.065 seconds
[2023-12-06T18:25:15.606+0000] {processor.py:157} INFO - Started process (PID=3878) to work on /usr/local/lib/python3.10/dist-packages/airflow/example_dags/tutorial_taskflow_api.py
[2023-12-06T18:25:15.608+0000] {processor.py:829} INFO - Processing file /usr/local/lib/python3.10/dist-packages/airflow/example_dags/tutorial_taskflow_api.py for tasks to queue
[2023-12-06T18:25:15.609+0000] {logging_mixin.py:154} INFO - [2023-12-06T18:25:15.608+0000] {dagbag.py:536} INFO - Filling up the DagBag from /usr/local/lib/python3.10/dist-packages/airflow/example_dags/tutorial_taskflow_api.py
[2023-12-06T18:25:15.616+0000] {processor.py:839} INFO - DAG(s) dict_keys(['tutorial_taskflow_api']) retrieved from /usr/local/lib/python3.10/dist-packages/airflow/example_dags/tutorial_taskflow_api.py
[2023-12-06T18:25:15.633+0000] {logging_mixin.py:154} INFO - [2023-12-06T18:25:15.633+0000] {dag.py:2941} INFO - Sync 1 DAGs
[2023-12-06T18:25:15.645+0000] {logging_mixin.py:154} INFO - [2023-12-06T18:25:15.645+0000] {dag.py:3722} INFO - Setting next_dagrun for tutorial_taskflow_api to None, run_after=None
[2023-12-06T18:25:15.670+0000] {processor.py:179} INFO - Processing /usr/local/lib/python3.10/dist-packages/airflow/example_dags/tutorial_taskflow_api.py took 0.067 seconds
[2023-12-06T18:26:00.623+0000] {processor.py:157} INFO - Started process (PID=3926) to work on /usr/local/lib/python3.10/dist-packages/airflow/example_dags/tutorial_taskflow_api.py
[2023-12-06T18:26:00.625+0000] {processor.py:829} INFO - Processing file /usr/local/lib/python3.10/dist-packages/airflow/example_dags/tutorial_taskflow_api.py for tasks to queue
[2023-12-06T18:26:00.626+0000] {logging_mixin.py:154} INFO - [2023-12-06T18:26:00.625+0000] {dagbag.py:536} INFO - Filling up the DagBag from /usr/local/lib/python3.10/dist-packages/airflow/example_dags/tutorial_taskflow_api.py
[2023-12-06T18:26:00.633+0000] {processor.py:839} INFO - DAG(s) dict_keys(['tutorial_taskflow_api']) retrieved from /usr/local/lib/python3.10/dist-packages/airflow/example_dags/tutorial_taskflow_api.py
[2023-12-06T18:26:00.650+0000] {logging_mixin.py:154} INFO - [2023-12-06T18:26:00.650+0000] {dag.py:2941} INFO - Sync 1 DAGs
[2023-12-06T18:26:00.662+0000] {logging_mixin.py:154} INFO - [2023-12-06T18:26:00.662+0000] {dag.py:3722} INFO - Setting next_dagrun for tutorial_taskflow_api to None, run_after=None
[2023-12-06T18:26:00.684+0000] {processor.py:179} INFO - Processing /usr/local/lib/python3.10/dist-packages/airflow/example_dags/tutorial_taskflow_api.py took 0.064 seconds
[2023-12-06T18:26:48.118+0000] {processor.py:157} INFO - Started process (PID=3976) to work on /usr/local/lib/python3.10/dist-packages/airflow/example_dags/tutorial_taskflow_api.py
[2023-12-06T18:26:48.119+0000] {processor.py:829} INFO - Processing file /usr/local/lib/python3.10/dist-packages/airflow/example_dags/tutorial_taskflow_api.py for tasks to queue
[2023-12-06T18:26:48.120+0000] {logging_mixin.py:154} INFO - [2023-12-06T18:26:48.120+0000] {dagbag.py:536} INFO - Filling up the DagBag from /usr/local/lib/python3.10/dist-packages/airflow/example_dags/tutorial_taskflow_api.py
[2023-12-06T18:26:48.128+0000] {processor.py:839} INFO - DAG(s) dict_keys(['tutorial_taskflow_api']) retrieved from /usr/local/lib/python3.10/dist-packages/airflow/example_dags/tutorial_taskflow_api.py
[2023-12-06T18:26:48.146+0000] {logging_mixin.py:154} INFO - [2023-12-06T18:26:48.145+0000] {dag.py:2941} INFO - Sync 1 DAGs
[2023-12-06T18:26:48.158+0000] {logging_mixin.py:154} INFO - [2023-12-06T18:26:48.158+0000] {dag.py:3722} INFO - Setting next_dagrun for tutorial_taskflow_api to None, run_after=None
[2023-12-06T18:26:48.182+0000] {processor.py:179} INFO - Processing /usr/local/lib/python3.10/dist-packages/airflow/example_dags/tutorial_taskflow_api.py took 0.068 seconds
[2023-12-06T18:27:34.334+0000] {processor.py:157} INFO - Started process (PID=4022) to work on /usr/local/lib/python3.10/dist-packages/airflow/example_dags/tutorial_taskflow_api.py
[2023-12-06T18:27:34.335+0000] {processor.py:829} INFO - Processing file /usr/local/lib/python3.10/dist-packages/airflow/example_dags/tutorial_taskflow_api.py for tasks to queue
[2023-12-06T18:27:34.336+0000] {logging_mixin.py:154} INFO - [2023-12-06T18:27:34.336+0000] {dagbag.py:536} INFO - Filling up the DagBag from /usr/local/lib/python3.10/dist-packages/airflow/example_dags/tutorial_taskflow_api.py
[2023-12-06T18:27:34.343+0000] {processor.py:839} INFO - DAG(s) dict_keys(['tutorial_taskflow_api']) retrieved from /usr/local/lib/python3.10/dist-packages/airflow/example_dags/tutorial_taskflow_api.py
[2023-12-06T18:27:34.360+0000] {logging_mixin.py:154} INFO - [2023-12-06T18:27:34.360+0000] {dag.py:2941} INFO - Sync 1 DAGs
[2023-12-06T18:27:34.372+0000] {logging_mixin.py:154} INFO - [2023-12-06T18:27:34.372+0000] {dag.py:3722} INFO - Setting next_dagrun for tutorial_taskflow_api to None, run_after=None
[2023-12-06T18:27:34.394+0000] {processor.py:179} INFO - Processing /usr/local/lib/python3.10/dist-packages/airflow/example_dags/tutorial_taskflow_api.py took 0.064 seconds
[2023-12-06T18:28:15.709+0000] {processor.py:157} INFO - Started process (PID=4066) to work on /usr/local/lib/python3.10/dist-packages/airflow/example_dags/tutorial_taskflow_api.py
[2023-12-06T18:28:15.711+0000] {processor.py:829} INFO - Processing file /usr/local/lib/python3.10/dist-packages/airflow/example_dags/tutorial_taskflow_api.py for tasks to queue
[2023-12-06T18:28:15.712+0000] {logging_mixin.py:154} INFO - [2023-12-06T18:28:15.711+0000] {dagbag.py:536} INFO - Filling up the DagBag from /usr/local/lib/python3.10/dist-packages/airflow/example_dags/tutorial_taskflow_api.py
[2023-12-06T18:28:15.719+0000] {processor.py:839} INFO - DAG(s) dict_keys(['tutorial_taskflow_api']) retrieved from /usr/local/lib/python3.10/dist-packages/airflow/example_dags/tutorial_taskflow_api.py
[2023-12-06T18:28:15.737+0000] {logging_mixin.py:154} INFO - [2023-12-06T18:28:15.736+0000] {dag.py:2941} INFO - Sync 1 DAGs
[2023-12-06T18:28:15.749+0000] {logging_mixin.py:154} INFO - [2023-12-06T18:28:15.748+0000] {dag.py:3722} INFO - Setting next_dagrun for tutorial_taskflow_api to None, run_after=None
[2023-12-06T18:28:15.773+0000] {processor.py:179} INFO - Processing /usr/local/lib/python3.10/dist-packages/airflow/example_dags/tutorial_taskflow_api.py took 0.068 seconds
[2023-12-06T18:29:02.540+0000] {processor.py:157} INFO - Started process (PID=4116) to work on /usr/local/lib/python3.10/dist-packages/airflow/example_dags/tutorial_taskflow_api.py
[2023-12-06T18:29:02.542+0000] {processor.py:829} INFO - Processing file /usr/local/lib/python3.10/dist-packages/airflow/example_dags/tutorial_taskflow_api.py for tasks to queue
[2023-12-06T18:29:02.543+0000] {logging_mixin.py:154} INFO - [2023-12-06T18:29:02.542+0000] {dagbag.py:536} INFO - Filling up the DagBag from /usr/local/lib/python3.10/dist-packages/airflow/example_dags/tutorial_taskflow_api.py
[2023-12-06T18:29:02.551+0000] {processor.py:839} INFO - DAG(s) dict_keys(['tutorial_taskflow_api']) retrieved from /usr/local/lib/python3.10/dist-packages/airflow/example_dags/tutorial_taskflow_api.py
[2023-12-06T18:29:02.569+0000] {logging_mixin.py:154} INFO - [2023-12-06T18:29:02.568+0000] {dag.py:2941} INFO - Sync 1 DAGs
[2023-12-06T18:29:02.581+0000] {logging_mixin.py:154} INFO - [2023-12-06T18:29:02.581+0000] {dag.py:3722} INFO - Setting next_dagrun for tutorial_taskflow_api to None, run_after=None
[2023-12-06T18:29:02.606+0000] {processor.py:179} INFO - Processing /usr/local/lib/python3.10/dist-packages/airflow/example_dags/tutorial_taskflow_api.py took 0.069 seconds
[2023-12-06T18:29:47.658+0000] {processor.py:157} INFO - Started process (PID=4162) to work on /usr/local/lib/python3.10/dist-packages/airflow/example_dags/tutorial_taskflow_api.py
[2023-12-06T18:29:47.659+0000] {processor.py:829} INFO - Processing file /usr/local/lib/python3.10/dist-packages/airflow/example_dags/tutorial_taskflow_api.py for tasks to queue
[2023-12-06T18:29:47.660+0000] {logging_mixin.py:154} INFO - [2023-12-06T18:29:47.659+0000] {dagbag.py:536} INFO - Filling up the DagBag from /usr/local/lib/python3.10/dist-packages/airflow/example_dags/tutorial_taskflow_api.py
[2023-12-06T18:29:47.667+0000] {processor.py:839} INFO - DAG(s) dict_keys(['tutorial_taskflow_api']) retrieved from /usr/local/lib/python3.10/dist-packages/airflow/example_dags/tutorial_taskflow_api.py
[2023-12-06T18:29:47.684+0000] {logging_mixin.py:154} INFO - [2023-12-06T18:29:47.684+0000] {dag.py:2941} INFO - Sync 1 DAGs
[2023-12-06T18:29:47.696+0000] {logging_mixin.py:154} INFO - [2023-12-06T18:29:47.696+0000] {dag.py:3722} INFO - Setting next_dagrun for tutorial_taskflow_api to None, run_after=None
[2023-12-06T18:29:47.750+0000] {processor.py:179} INFO - Processing /usr/local/lib/python3.10/dist-packages/airflow/example_dags/tutorial_taskflow_api.py took 0.096 seconds
[2023-12-06T18:30:30.880+0000] {processor.py:157} INFO - Started process (PID=4207) to work on /usr/local/lib/python3.10/dist-packages/airflow/example_dags/tutorial_taskflow_api.py
[2023-12-06T18:30:30.881+0000] {processor.py:829} INFO - Processing file /usr/local/lib/python3.10/dist-packages/airflow/example_dags/tutorial_taskflow_api.py for tasks to queue
[2023-12-06T18:30:30.882+0000] {logging_mixin.py:154} INFO - [2023-12-06T18:30:30.882+0000] {dagbag.py:536} INFO - Filling up the DagBag from /usr/local/lib/python3.10/dist-packages/airflow/example_dags/tutorial_taskflow_api.py
[2023-12-06T18:30:30.890+0000] {processor.py:839} INFO - DAG(s) dict_keys(['tutorial_taskflow_api']) retrieved from /usr/local/lib/python3.10/dist-packages/airflow/example_dags/tutorial_taskflow_api.py
[2023-12-06T18:30:30.907+0000] {logging_mixin.py:154} INFO - [2023-12-06T18:30:30.907+0000] {dag.py:2941} INFO - Sync 1 DAGs
[2023-12-06T18:30:30.919+0000] {logging_mixin.py:154} INFO - [2023-12-06T18:30:30.919+0000] {dag.py:3722} INFO - Setting next_dagrun for tutorial_taskflow_api to None, run_after=None
[2023-12-06T18:30:30.942+0000] {processor.py:179} INFO - Processing /usr/local/lib/python3.10/dist-packages/airflow/example_dags/tutorial_taskflow_api.py took 0.065 seconds
[2023-12-06T18:31:14.032+0000] {processor.py:157} INFO - Started process (PID=4253) to work on /usr/local/lib/python3.10/dist-packages/airflow/example_dags/tutorial_taskflow_api.py
[2023-12-06T18:31:14.033+0000] {processor.py:829} INFO - Processing file /usr/local/lib/python3.10/dist-packages/airflow/example_dags/tutorial_taskflow_api.py for tasks to queue
[2023-12-06T18:31:14.034+0000] {logging_mixin.py:154} INFO - [2023-12-06T18:31:14.034+0000] {dagbag.py:536} INFO - Filling up the DagBag from /usr/local/lib/python3.10/dist-packages/airflow/example_dags/tutorial_taskflow_api.py
[2023-12-06T18:31:14.042+0000] {processor.py:839} INFO - DAG(s) dict_keys(['tutorial_taskflow_api']) retrieved from /usr/local/lib/python3.10/dist-packages/airflow/example_dags/tutorial_taskflow_api.py
[2023-12-06T18:31:14.059+0000] {logging_mixin.py:154} INFO - [2023-12-06T18:31:14.059+0000] {dag.py:2941} INFO - Sync 1 DAGs
[2023-12-06T18:31:14.072+0000] {logging_mixin.py:154} INFO - [2023-12-06T18:31:14.071+0000] {dag.py:3722} INFO - Setting next_dagrun for tutorial_taskflow_api to None, run_after=None
[2023-12-06T18:31:14.094+0000] {processor.py:179} INFO - Processing /usr/local/lib/python3.10/dist-packages/airflow/example_dags/tutorial_taskflow_api.py took 0.065 seconds
[2023-12-06T18:31:57.160+0000] {processor.py:157} INFO - Started process (PID=4299) to work on /usr/local/lib/python3.10/dist-packages/airflow/example_dags/tutorial_taskflow_api.py
[2023-12-06T18:31:57.161+0000] {processor.py:829} INFO - Processing file /usr/local/lib/python3.10/dist-packages/airflow/example_dags/tutorial_taskflow_api.py for tasks to queue
[2023-12-06T18:31:57.162+0000] {logging_mixin.py:154} INFO - [2023-12-06T18:31:57.162+0000] {dagbag.py:536} INFO - Filling up the DagBag from /usr/local/lib/python3.10/dist-packages/airflow/example_dags/tutorial_taskflow_api.py
[2023-12-06T18:31:57.170+0000] {processor.py:839} INFO - DAG(s) dict_keys(['tutorial_taskflow_api']) retrieved from /usr/local/lib/python3.10/dist-packages/airflow/example_dags/tutorial_taskflow_api.py
[2023-12-06T18:31:57.186+0000] {logging_mixin.py:154} INFO - [2023-12-06T18:31:57.186+0000] {dag.py:2941} INFO - Sync 1 DAGs
[2023-12-06T18:31:57.198+0000] {logging_mixin.py:154} INFO - [2023-12-06T18:31:57.198+0000] {dag.py:3722} INFO - Setting next_dagrun for tutorial_taskflow_api to None, run_after=None
[2023-12-06T18:31:57.221+0000] {processor.py:179} INFO - Processing /usr/local/lib/python3.10/dist-packages/airflow/example_dags/tutorial_taskflow_api.py took 0.064 seconds
[2023-12-06T18:32:39.049+0000] {processor.py:157} INFO - Started process (PID=4341) to work on /usr/local/lib/python3.10/dist-packages/airflow/example_dags/tutorial_taskflow_api.py
[2023-12-06T18:32:39.050+0000] {processor.py:829} INFO - Processing file /usr/local/lib/python3.10/dist-packages/airflow/example_dags/tutorial_taskflow_api.py for tasks to queue
[2023-12-06T18:32:39.051+0000] {logging_mixin.py:154} INFO - [2023-12-06T18:32:39.051+0000] {dagbag.py:536} INFO - Filling up the DagBag from /usr/local/lib/python3.10/dist-packages/airflow/example_dags/tutorial_taskflow_api.py
[2023-12-06T18:32:39.059+0000] {processor.py:839} INFO - DAG(s) dict_keys(['tutorial_taskflow_api']) retrieved from /usr/local/lib/python3.10/dist-packages/airflow/example_dags/tutorial_taskflow_api.py
[2023-12-06T18:32:39.077+0000] {logging_mixin.py:154} INFO - [2023-12-06T18:32:39.077+0000] {dag.py:2941} INFO - Sync 1 DAGs
[2023-12-06T18:32:39.089+0000] {logging_mixin.py:154} INFO - [2023-12-06T18:32:39.089+0000] {dag.py:3722} INFO - Setting next_dagrun for tutorial_taskflow_api to None, run_after=None
[2023-12-06T18:32:39.113+0000] {processor.py:179} INFO - Processing /usr/local/lib/python3.10/dist-packages/airflow/example_dags/tutorial_taskflow_api.py took 0.068 seconds
[2023-12-06T18:33:25.539+0000] {processor.py:157} INFO - Started process (PID=4389) to work on /usr/local/lib/python3.10/dist-packages/airflow/example_dags/tutorial_taskflow_api.py
[2023-12-06T18:33:25.541+0000] {processor.py:829} INFO - Processing file /usr/local/lib/python3.10/dist-packages/airflow/example_dags/tutorial_taskflow_api.py for tasks to queue
[2023-12-06T18:33:25.542+0000] {logging_mixin.py:154} INFO - [2023-12-06T18:33:25.542+0000] {dagbag.py:536} INFO - Filling up the DagBag from /usr/local/lib/python3.10/dist-packages/airflow/example_dags/tutorial_taskflow_api.py
[2023-12-06T18:33:25.550+0000] {processor.py:839} INFO - DAG(s) dict_keys(['tutorial_taskflow_api']) retrieved from /usr/local/lib/python3.10/dist-packages/airflow/example_dags/tutorial_taskflow_api.py
[2023-12-06T18:33:25.567+0000] {logging_mixin.py:154} INFO - [2023-12-06T18:33:25.567+0000] {dag.py:2941} INFO - Sync 1 DAGs
[2023-12-06T18:33:25.580+0000] {logging_mixin.py:154} INFO - [2023-12-06T18:33:25.579+0000] {dag.py:3722} INFO - Setting next_dagrun for tutorial_taskflow_api to None, run_after=None
[2023-12-06T18:33:25.618+0000] {processor.py:179} INFO - Processing /usr/local/lib/python3.10/dist-packages/airflow/example_dags/tutorial_taskflow_api.py took 0.083 seconds
[2023-12-06T18:34:11.896+0000] {processor.py:157} INFO - Started process (PID=4436) to work on /usr/local/lib/python3.10/dist-packages/airflow/example_dags/tutorial_taskflow_api.py
[2023-12-06T18:34:11.898+0000] {processor.py:829} INFO - Processing file /usr/local/lib/python3.10/dist-packages/airflow/example_dags/tutorial_taskflow_api.py for tasks to queue
[2023-12-06T18:34:11.899+0000] {logging_mixin.py:154} INFO - [2023-12-06T18:34:11.899+0000] {dagbag.py:536} INFO - Filling up the DagBag from /usr/local/lib/python3.10/dist-packages/airflow/example_dags/tutorial_taskflow_api.py
[2023-12-06T18:34:11.907+0000] {processor.py:839} INFO - DAG(s) dict_keys(['tutorial_taskflow_api']) retrieved from /usr/local/lib/python3.10/dist-packages/airflow/example_dags/tutorial_taskflow_api.py
[2023-12-06T18:34:11.931+0000] {logging_mixin.py:154} INFO - [2023-12-06T18:34:11.930+0000] {dag.py:2941} INFO - Sync 1 DAGs
[2023-12-06T18:34:11.943+0000] {logging_mixin.py:154} INFO - [2023-12-06T18:34:11.943+0000] {dag.py:3722} INFO - Setting next_dagrun for tutorial_taskflow_api to None, run_after=None
[2023-12-06T18:34:11.977+0000] {processor.py:179} INFO - Processing /usr/local/lib/python3.10/dist-packages/airflow/example_dags/tutorial_taskflow_api.py took 0.084 seconds
[2023-12-06T18:34:59.301+0000] {processor.py:157} INFO - Started process (PID=4484) to work on /usr/local/lib/python3.10/dist-packages/airflow/example_dags/tutorial_taskflow_api.py
[2023-12-06T18:34:59.302+0000] {processor.py:829} INFO - Processing file /usr/local/lib/python3.10/dist-packages/airflow/example_dags/tutorial_taskflow_api.py for tasks to queue
[2023-12-06T18:34:59.303+0000] {logging_mixin.py:154} INFO - [2023-12-06T18:34:59.303+0000] {dagbag.py:536} INFO - Filling up the DagBag from /usr/local/lib/python3.10/dist-packages/airflow/example_dags/tutorial_taskflow_api.py
[2023-12-06T18:34:59.311+0000] {processor.py:839} INFO - DAG(s) dict_keys(['tutorial_taskflow_api']) retrieved from /usr/local/lib/python3.10/dist-packages/airflow/example_dags/tutorial_taskflow_api.py
[2023-12-06T18:34:59.328+0000] {logging_mixin.py:154} INFO - [2023-12-06T18:34:59.328+0000] {dag.py:2941} INFO - Sync 1 DAGs
[2023-12-06T18:34:59.339+0000] {logging_mixin.py:154} INFO - [2023-12-06T18:34:59.339+0000] {dag.py:3722} INFO - Setting next_dagrun for tutorial_taskflow_api to None, run_after=None
[2023-12-06T18:34:59.360+0000] {processor.py:179} INFO - Processing /usr/local/lib/python3.10/dist-packages/airflow/example_dags/tutorial_taskflow_api.py took 0.063 seconds
[2023-12-06T18:35:46.088+0000] {processor.py:157} INFO - Started process (PID=4534) to work on /usr/local/lib/python3.10/dist-packages/airflow/example_dags/tutorial_taskflow_api.py
[2023-12-06T18:35:46.089+0000] {processor.py:829} INFO - Processing file /usr/local/lib/python3.10/dist-packages/airflow/example_dags/tutorial_taskflow_api.py for tasks to queue
[2023-12-06T18:35:46.090+0000] {logging_mixin.py:154} INFO - [2023-12-06T18:35:46.089+0000] {dagbag.py:536} INFO - Filling up the DagBag from /usr/local/lib/python3.10/dist-packages/airflow/example_dags/tutorial_taskflow_api.py
[2023-12-06T18:35:46.097+0000] {processor.py:839} INFO - DAG(s) dict_keys(['tutorial_taskflow_api']) retrieved from /usr/local/lib/python3.10/dist-packages/airflow/example_dags/tutorial_taskflow_api.py
[2023-12-06T18:35:46.114+0000] {logging_mixin.py:154} INFO - [2023-12-06T18:35:46.114+0000] {dag.py:2941} INFO - Sync 1 DAGs
[2023-12-06T18:35:46.126+0000] {logging_mixin.py:154} INFO - [2023-12-06T18:35:46.126+0000] {dag.py:3722} INFO - Setting next_dagrun for tutorial_taskflow_api to None, run_after=None
[2023-12-06T18:35:46.148+0000] {processor.py:179} INFO - Processing /usr/local/lib/python3.10/dist-packages/airflow/example_dags/tutorial_taskflow_api.py took 0.064 seconds
[2023-12-06T18:36:32.559+0000] {processor.py:157} INFO - Started process (PID=4580) to work on /usr/local/lib/python3.10/dist-packages/airflow/example_dags/tutorial_taskflow_api.py
[2023-12-06T18:36:32.560+0000] {processor.py:829} INFO - Processing file /usr/local/lib/python3.10/dist-packages/airflow/example_dags/tutorial_taskflow_api.py for tasks to queue
[2023-12-06T18:36:32.561+0000] {logging_mixin.py:154} INFO - [2023-12-06T18:36:32.561+0000] {dagbag.py:536} INFO - Filling up the DagBag from /usr/local/lib/python3.10/dist-packages/airflow/example_dags/tutorial_taskflow_api.py
[2023-12-06T18:36:32.569+0000] {processor.py:839} INFO - DAG(s) dict_keys(['tutorial_taskflow_api']) retrieved from /usr/local/lib/python3.10/dist-packages/airflow/example_dags/tutorial_taskflow_api.py
[2023-12-06T18:36:32.586+0000] {logging_mixin.py:154} INFO - [2023-12-06T18:36:32.586+0000] {dag.py:2941} INFO - Sync 1 DAGs
[2023-12-06T18:36:32.598+0000] {logging_mixin.py:154} INFO - [2023-12-06T18:36:32.598+0000] {dag.py:3722} INFO - Setting next_dagrun for tutorial_taskflow_api to None, run_after=None
[2023-12-06T18:36:32.628+0000] {processor.py:179} INFO - Processing /usr/local/lib/python3.10/dist-packages/airflow/example_dags/tutorial_taskflow_api.py took 0.072 seconds
[2023-12-06T18:37:17.335+0000] {processor.py:157} INFO - Started process (PID=4627) to work on /usr/local/lib/python3.10/dist-packages/airflow/example_dags/tutorial_taskflow_api.py
[2023-12-06T18:37:17.337+0000] {processor.py:829} INFO - Processing file /usr/local/lib/python3.10/dist-packages/airflow/example_dags/tutorial_taskflow_api.py for tasks to queue
[2023-12-06T18:37:17.338+0000] {logging_mixin.py:154} INFO - [2023-12-06T18:37:17.338+0000] {dagbag.py:536} INFO - Filling up the DagBag from /usr/local/lib/python3.10/dist-packages/airflow/example_dags/tutorial_taskflow_api.py
[2023-12-06T18:37:17.345+0000] {processor.py:839} INFO - DAG(s) dict_keys(['tutorial_taskflow_api']) retrieved from /usr/local/lib/python3.10/dist-packages/airflow/example_dags/tutorial_taskflow_api.py
[2023-12-06T18:37:17.362+0000] {logging_mixin.py:154} INFO - [2023-12-06T18:37:17.362+0000] {dag.py:2941} INFO - Sync 1 DAGs
[2023-12-06T18:37:17.374+0000] {logging_mixin.py:154} INFO - [2023-12-06T18:37:17.374+0000] {dag.py:3722} INFO - Setting next_dagrun for tutorial_taskflow_api to None, run_after=None
[2023-12-06T18:37:17.398+0000] {processor.py:179} INFO - Processing /usr/local/lib/python3.10/dist-packages/airflow/example_dags/tutorial_taskflow_api.py took 0.066 seconds
[2023-12-06T18:38:04.099+0000] {processor.py:157} INFO - Started process (PID=4675) to work on /usr/local/lib/python3.10/dist-packages/airflow/example_dags/tutorial_taskflow_api.py
[2023-12-06T18:38:04.101+0000] {processor.py:829} INFO - Processing file /usr/local/lib/python3.10/dist-packages/airflow/example_dags/tutorial_taskflow_api.py for tasks to queue
[2023-12-06T18:38:04.102+0000] {logging_mixin.py:154} INFO - [2023-12-06T18:38:04.102+0000] {dagbag.py:536} INFO - Filling up the DagBag from /usr/local/lib/python3.10/dist-packages/airflow/example_dags/tutorial_taskflow_api.py
[2023-12-06T18:38:04.110+0000] {processor.py:839} INFO - DAG(s) dict_keys(['tutorial_taskflow_api']) retrieved from /usr/local/lib/python3.10/dist-packages/airflow/example_dags/tutorial_taskflow_api.py
[2023-12-06T18:38:04.128+0000] {logging_mixin.py:154} INFO - [2023-12-06T18:38:04.127+0000] {dag.py:2941} INFO - Sync 1 DAGs
[2023-12-06T18:38:04.140+0000] {logging_mixin.py:154} INFO - [2023-12-06T18:38:04.140+0000] {dag.py:3722} INFO - Setting next_dagrun for tutorial_taskflow_api to None, run_after=None
[2023-12-06T18:38:04.169+0000] {processor.py:179} INFO - Processing /usr/local/lib/python3.10/dist-packages/airflow/example_dags/tutorial_taskflow_api.py took 0.074 seconds
[2023-12-06T18:38:51.723+0000] {processor.py:157} INFO - Started process (PID=4723) to work on /usr/local/lib/python3.10/dist-packages/airflow/example_dags/tutorial_taskflow_api.py
[2023-12-06T18:38:51.725+0000] {processor.py:829} INFO - Processing file /usr/local/lib/python3.10/dist-packages/airflow/example_dags/tutorial_taskflow_api.py for tasks to queue
[2023-12-06T18:38:51.726+0000] {logging_mixin.py:154} INFO - [2023-12-06T18:38:51.725+0000] {dagbag.py:536} INFO - Filling up the DagBag from /usr/local/lib/python3.10/dist-packages/airflow/example_dags/tutorial_taskflow_api.py
[2023-12-06T18:38:51.733+0000] {processor.py:839} INFO - DAG(s) dict_keys(['tutorial_taskflow_api']) retrieved from /usr/local/lib/python3.10/dist-packages/airflow/example_dags/tutorial_taskflow_api.py
[2023-12-06T18:38:51.750+0000] {logging_mixin.py:154} INFO - [2023-12-06T18:38:51.750+0000] {dag.py:2941} INFO - Sync 1 DAGs
[2023-12-06T18:38:51.763+0000] {logging_mixin.py:154} INFO - [2023-12-06T18:38:51.762+0000] {dag.py:3722} INFO - Setting next_dagrun for tutorial_taskflow_api to None, run_after=None
[2023-12-06T18:38:51.795+0000] {processor.py:179} INFO - Processing /usr/local/lib/python3.10/dist-packages/airflow/example_dags/tutorial_taskflow_api.py took 0.075 seconds
[2023-12-06T18:39:38.978+0000] {processor.py:157} INFO - Started process (PID=4771) to work on /usr/local/lib/python3.10/dist-packages/airflow/example_dags/tutorial_taskflow_api.py
[2023-12-06T18:39:38.979+0000] {processor.py:829} INFO - Processing file /usr/local/lib/python3.10/dist-packages/airflow/example_dags/tutorial_taskflow_api.py for tasks to queue
[2023-12-06T18:39:38.980+0000] {logging_mixin.py:154} INFO - [2023-12-06T18:39:38.980+0000] {dagbag.py:536} INFO - Filling up the DagBag from /usr/local/lib/python3.10/dist-packages/airflow/example_dags/tutorial_taskflow_api.py
[2023-12-06T18:39:38.988+0000] {processor.py:839} INFO - DAG(s) dict_keys(['tutorial_taskflow_api']) retrieved from /usr/local/lib/python3.10/dist-packages/airflow/example_dags/tutorial_taskflow_api.py
[2023-12-06T18:39:39.006+0000] {logging_mixin.py:154} INFO - [2023-12-06T18:39:39.006+0000] {dag.py:2941} INFO - Sync 1 DAGs
[2023-12-06T18:39:39.019+0000] {logging_mixin.py:154} INFO - [2023-12-06T18:39:39.019+0000] {dag.py:3722} INFO - Setting next_dagrun for tutorial_taskflow_api to None, run_after=None
[2023-12-06T18:39:39.041+0000] {processor.py:179} INFO - Processing /usr/local/lib/python3.10/dist-packages/airflow/example_dags/tutorial_taskflow_api.py took 0.067 seconds
[2023-12-06T18:40:29.570+0000] {processor.py:157} INFO - Started process (PID=4821) to work on /usr/local/lib/python3.10/dist-packages/airflow/example_dags/tutorial_taskflow_api.py
[2023-12-06T18:40:29.571+0000] {processor.py:829} INFO - Processing file /usr/local/lib/python3.10/dist-packages/airflow/example_dags/tutorial_taskflow_api.py for tasks to queue
[2023-12-06T18:40:29.572+0000] {logging_mixin.py:154} INFO - [2023-12-06T18:40:29.572+0000] {dagbag.py:536} INFO - Filling up the DagBag from /usr/local/lib/python3.10/dist-packages/airflow/example_dags/tutorial_taskflow_api.py
[2023-12-06T18:40:29.580+0000] {processor.py:839} INFO - DAG(s) dict_keys(['tutorial_taskflow_api']) retrieved from /usr/local/lib/python3.10/dist-packages/airflow/example_dags/tutorial_taskflow_api.py
[2023-12-06T18:40:29.598+0000] {logging_mixin.py:154} INFO - [2023-12-06T18:40:29.598+0000] {dag.py:2941} INFO - Sync 1 DAGs
[2023-12-06T18:40:29.611+0000] {logging_mixin.py:154} INFO - [2023-12-06T18:40:29.611+0000] {dag.py:3722} INFO - Setting next_dagrun for tutorial_taskflow_api to None, run_after=None
[2023-12-06T18:40:29.635+0000] {processor.py:179} INFO - Processing /usr/local/lib/python3.10/dist-packages/airflow/example_dags/tutorial_taskflow_api.py took 0.069 seconds
[2023-12-06T18:41:20.275+0000] {processor.py:157} INFO - Started process (PID=4872) to work on /usr/local/lib/python3.10/dist-packages/airflow/example_dags/tutorial_taskflow_api.py
[2023-12-06T18:41:20.276+0000] {processor.py:829} INFO - Processing file /usr/local/lib/python3.10/dist-packages/airflow/example_dags/tutorial_taskflow_api.py for tasks to queue
[2023-12-06T18:41:20.277+0000] {logging_mixin.py:154} INFO - [2023-12-06T18:41:20.276+0000] {dagbag.py:536} INFO - Filling up the DagBag from /usr/local/lib/python3.10/dist-packages/airflow/example_dags/tutorial_taskflow_api.py
[2023-12-06T18:41:20.284+0000] {processor.py:839} INFO - DAG(s) dict_keys(['tutorial_taskflow_api']) retrieved from /usr/local/lib/python3.10/dist-packages/airflow/example_dags/tutorial_taskflow_api.py
[2023-12-06T18:41:20.302+0000] {logging_mixin.py:154} INFO - [2023-12-06T18:41:20.302+0000] {dag.py:2941} INFO - Sync 1 DAGs
[2023-12-06T18:41:20.314+0000] {logging_mixin.py:154} INFO - [2023-12-06T18:41:20.314+0000] {dag.py:3722} INFO - Setting next_dagrun for tutorial_taskflow_api to None, run_after=None
[2023-12-06T18:41:20.336+0000] {processor.py:179} INFO - Processing /usr/local/lib/python3.10/dist-packages/airflow/example_dags/tutorial_taskflow_api.py took 0.065 seconds
[2023-12-06T18:42:06.421+0000] {processor.py:157} INFO - Started process (PID=4919) to work on /usr/local/lib/python3.10/dist-packages/airflow/example_dags/tutorial_taskflow_api.py
[2023-12-06T18:42:06.422+0000] {processor.py:829} INFO - Processing file /usr/local/lib/python3.10/dist-packages/airflow/example_dags/tutorial_taskflow_api.py for tasks to queue
[2023-12-06T18:42:06.423+0000] {logging_mixin.py:154} INFO - [2023-12-06T18:42:06.423+0000] {dagbag.py:536} INFO - Filling up the DagBag from /usr/local/lib/python3.10/dist-packages/airflow/example_dags/tutorial_taskflow_api.py
[2023-12-06T18:42:06.430+0000] {processor.py:839} INFO - DAG(s) dict_keys(['tutorial_taskflow_api']) retrieved from /usr/local/lib/python3.10/dist-packages/airflow/example_dags/tutorial_taskflow_api.py
[2023-12-06T18:42:06.448+0000] {logging_mixin.py:154} INFO - [2023-12-06T18:42:06.448+0000] {dag.py:2941} INFO - Sync 1 DAGs
[2023-12-06T18:42:06.464+0000] {logging_mixin.py:154} INFO - [2023-12-06T18:42:06.464+0000] {dag.py:3722} INFO - Setting next_dagrun for tutorial_taskflow_api to None, run_after=None
[2023-12-06T18:42:06.502+0000] {processor.py:179} INFO - Processing /usr/local/lib/python3.10/dist-packages/airflow/example_dags/tutorial_taskflow_api.py took 0.085 seconds
[2023-12-06T18:42:55.046+0000] {processor.py:157} INFO - Started process (PID=4967) to work on /usr/local/lib/python3.10/dist-packages/airflow/example_dags/tutorial_taskflow_api.py
[2023-12-06T18:42:55.047+0000] {processor.py:829} INFO - Processing file /usr/local/lib/python3.10/dist-packages/airflow/example_dags/tutorial_taskflow_api.py for tasks to queue
[2023-12-06T18:42:55.048+0000] {logging_mixin.py:154} INFO - [2023-12-06T18:42:55.047+0000] {dagbag.py:536} INFO - Filling up the DagBag from /usr/local/lib/python3.10/dist-packages/airflow/example_dags/tutorial_taskflow_api.py
[2023-12-06T18:42:55.055+0000] {processor.py:839} INFO - DAG(s) dict_keys(['tutorial_taskflow_api']) retrieved from /usr/local/lib/python3.10/dist-packages/airflow/example_dags/tutorial_taskflow_api.py
[2023-12-06T18:42:55.073+0000] {logging_mixin.py:154} INFO - [2023-12-06T18:42:55.073+0000] {dag.py:2941} INFO - Sync 1 DAGs
[2023-12-06T18:42:55.085+0000] {logging_mixin.py:154} INFO - [2023-12-06T18:42:55.085+0000] {dag.py:3722} INFO - Setting next_dagrun for tutorial_taskflow_api to None, run_after=None
[2023-12-06T18:42:55.108+0000] {processor.py:179} INFO - Processing /usr/local/lib/python3.10/dist-packages/airflow/example_dags/tutorial_taskflow_api.py took 0.066 seconds
[2023-12-06T18:43:47.846+0000] {processor.py:157} INFO - Started process (PID=5020) to work on /usr/local/lib/python3.10/dist-packages/airflow/example_dags/tutorial_taskflow_api.py
[2023-12-06T18:43:47.848+0000] {processor.py:829} INFO - Processing file /usr/local/lib/python3.10/dist-packages/airflow/example_dags/tutorial_taskflow_api.py for tasks to queue
[2023-12-06T18:43:47.849+0000] {logging_mixin.py:154} INFO - [2023-12-06T18:43:47.848+0000] {dagbag.py:536} INFO - Filling up the DagBag from /usr/local/lib/python3.10/dist-packages/airflow/example_dags/tutorial_taskflow_api.py
[2023-12-06T18:43:47.856+0000] {processor.py:839} INFO - DAG(s) dict_keys(['tutorial_taskflow_api']) retrieved from /usr/local/lib/python3.10/dist-packages/airflow/example_dags/tutorial_taskflow_api.py
[2023-12-06T18:43:47.873+0000] {logging_mixin.py:154} INFO - [2023-12-06T18:43:47.873+0000] {dag.py:2941} INFO - Sync 1 DAGs
[2023-12-06T18:43:47.885+0000] {logging_mixin.py:154} INFO - [2023-12-06T18:43:47.885+0000] {dag.py:3722} INFO - Setting next_dagrun for tutorial_taskflow_api to None, run_after=None
[2023-12-06T18:43:47.909+0000] {processor.py:179} INFO - Processing /usr/local/lib/python3.10/dist-packages/airflow/example_dags/tutorial_taskflow_api.py took 0.066 seconds
[2023-12-06T18:44:37.312+0000] {processor.py:157} INFO - Started process (PID=5069) to work on /usr/local/lib/python3.10/dist-packages/airflow/example_dags/tutorial_taskflow_api.py
[2023-12-06T18:44:37.313+0000] {processor.py:829} INFO - Processing file /usr/local/lib/python3.10/dist-packages/airflow/example_dags/tutorial_taskflow_api.py for tasks to queue
[2023-12-06T18:44:37.314+0000] {logging_mixin.py:154} INFO - [2023-12-06T18:44:37.314+0000] {dagbag.py:536} INFO - Filling up the DagBag from /usr/local/lib/python3.10/dist-packages/airflow/example_dags/tutorial_taskflow_api.py
[2023-12-06T18:44:37.322+0000] {processor.py:839} INFO - DAG(s) dict_keys(['tutorial_taskflow_api']) retrieved from /usr/local/lib/python3.10/dist-packages/airflow/example_dags/tutorial_taskflow_api.py
[2023-12-06T18:44:37.339+0000] {logging_mixin.py:154} INFO - [2023-12-06T18:44:37.339+0000] {dag.py:2941} INFO - Sync 1 DAGs
[2023-12-06T18:44:37.351+0000] {logging_mixin.py:154} INFO - [2023-12-06T18:44:37.351+0000] {dag.py:3722} INFO - Setting next_dagrun for tutorial_taskflow_api to None, run_after=None
[2023-12-06T18:44:37.374+0000] {processor.py:179} INFO - Processing /usr/local/lib/python3.10/dist-packages/airflow/example_dags/tutorial_taskflow_api.py took 0.066 seconds
[2023-12-06T18:45:22.506+0000] {processor.py:157} INFO - Started process (PID=5115) to work on /usr/local/lib/python3.10/dist-packages/airflow/example_dags/tutorial_taskflow_api.py
[2023-12-06T18:45:22.507+0000] {processor.py:829} INFO - Processing file /usr/local/lib/python3.10/dist-packages/airflow/example_dags/tutorial_taskflow_api.py for tasks to queue
[2023-12-06T18:45:22.508+0000] {logging_mixin.py:154} INFO - [2023-12-06T18:45:22.507+0000] {dagbag.py:536} INFO - Filling up the DagBag from /usr/local/lib/python3.10/dist-packages/airflow/example_dags/tutorial_taskflow_api.py
[2023-12-06T18:45:22.515+0000] {processor.py:839} INFO - DAG(s) dict_keys(['tutorial_taskflow_api']) retrieved from /usr/local/lib/python3.10/dist-packages/airflow/example_dags/tutorial_taskflow_api.py
[2023-12-06T18:45:22.532+0000] {logging_mixin.py:154} INFO - [2023-12-06T18:45:22.532+0000] {dag.py:2941} INFO - Sync 1 DAGs
[2023-12-06T18:45:22.545+0000] {logging_mixin.py:154} INFO - [2023-12-06T18:45:22.545+0000] {dag.py:3722} INFO - Setting next_dagrun for tutorial_taskflow_api to None, run_after=None
[2023-12-06T18:45:22.568+0000] {processor.py:179} INFO - Processing /usr/local/lib/python3.10/dist-packages/airflow/example_dags/tutorial_taskflow_api.py took 0.066 seconds
[2023-12-06T18:46:07.799+0000] {processor.py:157} INFO - Started process (PID=5164) to work on /usr/local/lib/python3.10/dist-packages/airflow/example_dags/tutorial_taskflow_api.py
[2023-12-06T18:46:07.801+0000] {processor.py:829} INFO - Processing file /usr/local/lib/python3.10/dist-packages/airflow/example_dags/tutorial_taskflow_api.py for tasks to queue
[2023-12-06T18:46:07.802+0000] {logging_mixin.py:154} INFO - [2023-12-06T18:46:07.801+0000] {dagbag.py:536} INFO - Filling up the DagBag from /usr/local/lib/python3.10/dist-packages/airflow/example_dags/tutorial_taskflow_api.py
[2023-12-06T18:46:07.809+0000] {processor.py:839} INFO - DAG(s) dict_keys(['tutorial_taskflow_api']) retrieved from /usr/local/lib/python3.10/dist-packages/airflow/example_dags/tutorial_taskflow_api.py
[2023-12-06T18:46:07.827+0000] {logging_mixin.py:154} INFO - [2023-12-06T18:46:07.827+0000] {dag.py:2941} INFO - Sync 1 DAGs
[2023-12-06T18:46:07.839+0000] {logging_mixin.py:154} INFO - [2023-12-06T18:46:07.839+0000] {dag.py:3722} INFO - Setting next_dagrun for tutorial_taskflow_api to None, run_after=None
[2023-12-06T18:46:07.862+0000] {processor.py:179} INFO - Processing /usr/local/lib/python3.10/dist-packages/airflow/example_dags/tutorial_taskflow_api.py took 0.066 seconds
[2023-12-06T18:46:50.655+0000] {processor.py:157} INFO - Started process (PID=5212) to work on /usr/local/lib/python3.10/dist-packages/airflow/example_dags/tutorial_taskflow_api.py
[2023-12-06T18:46:50.656+0000] {processor.py:829} INFO - Processing file /usr/local/lib/python3.10/dist-packages/airflow/example_dags/tutorial_taskflow_api.py for tasks to queue
[2023-12-06T18:46:50.657+0000] {logging_mixin.py:154} INFO - [2023-12-06T18:46:50.657+0000] {dagbag.py:536} INFO - Filling up the DagBag from /usr/local/lib/python3.10/dist-packages/airflow/example_dags/tutorial_taskflow_api.py
[2023-12-06T18:46:50.664+0000] {processor.py:839} INFO - DAG(s) dict_keys(['tutorial_taskflow_api']) retrieved from /usr/local/lib/python3.10/dist-packages/airflow/example_dags/tutorial_taskflow_api.py
[2023-12-06T18:46:50.681+0000] {logging_mixin.py:154} INFO - [2023-12-06T18:46:50.681+0000] {dag.py:2941} INFO - Sync 1 DAGs
[2023-12-06T18:46:50.693+0000] {logging_mixin.py:154} INFO - [2023-12-06T18:46:50.693+0000] {dag.py:3722} INFO - Setting next_dagrun for tutorial_taskflow_api to None, run_after=None
[2023-12-06T18:46:50.714+0000] {processor.py:179} INFO - Processing /usr/local/lib/python3.10/dist-packages/airflow/example_dags/tutorial_taskflow_api.py took 0.063 seconds
[2023-12-06T18:47:42.677+0000] {processor.py:157} INFO - Started process (PID=5264) to work on /usr/local/lib/python3.10/dist-packages/airflow/example_dags/tutorial_taskflow_api.py
[2023-12-06T18:47:42.679+0000] {processor.py:829} INFO - Processing file /usr/local/lib/python3.10/dist-packages/airflow/example_dags/tutorial_taskflow_api.py for tasks to queue
[2023-12-06T18:47:42.679+0000] {logging_mixin.py:154} INFO - [2023-12-06T18:47:42.679+0000] {dagbag.py:536} INFO - Filling up the DagBag from /usr/local/lib/python3.10/dist-packages/airflow/example_dags/tutorial_taskflow_api.py
[2023-12-06T18:47:42.687+0000] {processor.py:839} INFO - DAG(s) dict_keys(['tutorial_taskflow_api']) retrieved from /usr/local/lib/python3.10/dist-packages/airflow/example_dags/tutorial_taskflow_api.py
[2023-12-06T18:47:42.704+0000] {logging_mixin.py:154} INFO - [2023-12-06T18:47:42.703+0000] {dag.py:2941} INFO - Sync 1 DAGs
[2023-12-06T18:47:42.716+0000] {logging_mixin.py:154} INFO - [2023-12-06T18:47:42.715+0000] {dag.py:3722} INFO - Setting next_dagrun for tutorial_taskflow_api to None, run_after=None
[2023-12-06T18:47:42.738+0000] {processor.py:179} INFO - Processing /usr/local/lib/python3.10/dist-packages/airflow/example_dags/tutorial_taskflow_api.py took 0.065 seconds
[2023-12-06T18:48:31.781+0000] {processor.py:157} INFO - Started process (PID=5313) to work on /usr/local/lib/python3.10/dist-packages/airflow/example_dags/tutorial_taskflow_api.py
[2023-12-06T18:48:31.784+0000] {processor.py:829} INFO - Processing file /usr/local/lib/python3.10/dist-packages/airflow/example_dags/tutorial_taskflow_api.py for tasks to queue
[2023-12-06T18:48:31.785+0000] {logging_mixin.py:154} INFO - [2023-12-06T18:48:31.785+0000] {dagbag.py:536} INFO - Filling up the DagBag from /usr/local/lib/python3.10/dist-packages/airflow/example_dags/tutorial_taskflow_api.py
[2023-12-06T18:48:31.792+0000] {processor.py:839} INFO - DAG(s) dict_keys(['tutorial_taskflow_api']) retrieved from /usr/local/lib/python3.10/dist-packages/airflow/example_dags/tutorial_taskflow_api.py
[2023-12-06T18:48:31.810+0000] {logging_mixin.py:154} INFO - [2023-12-06T18:48:31.810+0000] {dag.py:2941} INFO - Sync 1 DAGs
[2023-12-06T18:48:31.823+0000] {logging_mixin.py:154} INFO - [2023-12-06T18:48:31.823+0000] {dag.py:3722} INFO - Setting next_dagrun for tutorial_taskflow_api to None, run_after=None
[2023-12-06T18:48:31.845+0000] {processor.py:179} INFO - Processing /usr/local/lib/python3.10/dist-packages/airflow/example_dags/tutorial_taskflow_api.py took 0.068 seconds
[2023-12-06T18:49:18.901+0000] {processor.py:157} INFO - Started process (PID=5361) to work on /usr/local/lib/python3.10/dist-packages/airflow/example_dags/tutorial_taskflow_api.py
[2023-12-06T18:49:18.903+0000] {processor.py:829} INFO - Processing file /usr/local/lib/python3.10/dist-packages/airflow/example_dags/tutorial_taskflow_api.py for tasks to queue
[2023-12-06T18:49:18.904+0000] {logging_mixin.py:154} INFO - [2023-12-06T18:49:18.903+0000] {dagbag.py:536} INFO - Filling up the DagBag from /usr/local/lib/python3.10/dist-packages/airflow/example_dags/tutorial_taskflow_api.py
[2023-12-06T18:49:18.911+0000] {processor.py:839} INFO - DAG(s) dict_keys(['tutorial_taskflow_api']) retrieved from /usr/local/lib/python3.10/dist-packages/airflow/example_dags/tutorial_taskflow_api.py
[2023-12-06T18:49:18.929+0000] {logging_mixin.py:154} INFO - [2023-12-06T18:49:18.929+0000] {dag.py:2941} INFO - Sync 1 DAGs
[2023-12-06T18:49:18.942+0000] {logging_mixin.py:154} INFO - [2023-12-06T18:49:18.941+0000] {dag.py:3722} INFO - Setting next_dagrun for tutorial_taskflow_api to None, run_after=None
[2023-12-06T18:49:18.966+0000] {processor.py:179} INFO - Processing /usr/local/lib/python3.10/dist-packages/airflow/example_dags/tutorial_taskflow_api.py took 0.069 seconds
[2023-12-06T18:50:01.150+0000] {processor.py:157} INFO - Started process (PID=5407) to work on /usr/local/lib/python3.10/dist-packages/airflow/example_dags/tutorial_taskflow_api.py
[2023-12-06T18:50:01.151+0000] {processor.py:829} INFO - Processing file /usr/local/lib/python3.10/dist-packages/airflow/example_dags/tutorial_taskflow_api.py for tasks to queue
[2023-12-06T18:50:01.152+0000] {logging_mixin.py:154} INFO - [2023-12-06T18:50:01.152+0000] {dagbag.py:536} INFO - Filling up the DagBag from /usr/local/lib/python3.10/dist-packages/airflow/example_dags/tutorial_taskflow_api.py
[2023-12-06T18:50:01.160+0000] {processor.py:839} INFO - DAG(s) dict_keys(['tutorial_taskflow_api']) retrieved from /usr/local/lib/python3.10/dist-packages/airflow/example_dags/tutorial_taskflow_api.py
[2023-12-06T18:50:01.179+0000] {logging_mixin.py:154} INFO - [2023-12-06T18:50:01.178+0000] {dag.py:2941} INFO - Sync 1 DAGs
[2023-12-06T18:50:01.192+0000] {logging_mixin.py:154} INFO - [2023-12-06T18:50:01.192+0000] {dag.py:3722} INFO - Setting next_dagrun for tutorial_taskflow_api to None, run_after=None
[2023-12-06T18:50:01.218+0000] {processor.py:179} INFO - Processing /usr/local/lib/python3.10/dist-packages/airflow/example_dags/tutorial_taskflow_api.py took 0.072 seconds
[2023-12-06T18:50:43.784+0000] {processor.py:157} INFO - Started process (PID=5450) to work on /usr/local/lib/python3.10/dist-packages/airflow/example_dags/tutorial_taskflow_api.py
[2023-12-06T18:50:43.785+0000] {processor.py:829} INFO - Processing file /usr/local/lib/python3.10/dist-packages/airflow/example_dags/tutorial_taskflow_api.py for tasks to queue
[2023-12-06T18:50:43.786+0000] {logging_mixin.py:154} INFO - [2023-12-06T18:50:43.786+0000] {dagbag.py:536} INFO - Filling up the DagBag from /usr/local/lib/python3.10/dist-packages/airflow/example_dags/tutorial_taskflow_api.py
[2023-12-06T18:50:43.794+0000] {processor.py:839} INFO - DAG(s) dict_keys(['tutorial_taskflow_api']) retrieved from /usr/local/lib/python3.10/dist-packages/airflow/example_dags/tutorial_taskflow_api.py
[2023-12-06T18:50:43.812+0000] {logging_mixin.py:154} INFO - [2023-12-06T18:50:43.811+0000] {dag.py:2941} INFO - Sync 1 DAGs
[2023-12-06T18:50:43.824+0000] {logging_mixin.py:154} INFO - [2023-12-06T18:50:43.824+0000] {dag.py:3722} INFO - Setting next_dagrun for tutorial_taskflow_api to None, run_after=None
[2023-12-06T18:50:43.847+0000] {processor.py:179} INFO - Processing /usr/local/lib/python3.10/dist-packages/airflow/example_dags/tutorial_taskflow_api.py took 0.067 seconds
[2023-12-06T18:51:25.416+0000] {processor.py:157} INFO - Started process (PID=5498) to work on /usr/local/lib/python3.10/dist-packages/airflow/example_dags/tutorial_taskflow_api.py
[2023-12-06T18:51:25.417+0000] {processor.py:829} INFO - Processing file /usr/local/lib/python3.10/dist-packages/airflow/example_dags/tutorial_taskflow_api.py for tasks to queue
[2023-12-06T18:51:25.418+0000] {logging_mixin.py:154} INFO - [2023-12-06T18:51:25.418+0000] {dagbag.py:536} INFO - Filling up the DagBag from /usr/local/lib/python3.10/dist-packages/airflow/example_dags/tutorial_taskflow_api.py
[2023-12-06T18:51:25.425+0000] {processor.py:839} INFO - DAG(s) dict_keys(['tutorial_taskflow_api']) retrieved from /usr/local/lib/python3.10/dist-packages/airflow/example_dags/tutorial_taskflow_api.py
[2023-12-06T18:51:25.443+0000] {logging_mixin.py:154} INFO - [2023-12-06T18:51:25.443+0000] {dag.py:2941} INFO - Sync 1 DAGs
[2023-12-06T18:51:25.455+0000] {logging_mixin.py:154} INFO - [2023-12-06T18:51:25.455+0000] {dag.py:3722} INFO - Setting next_dagrun for tutorial_taskflow_api to None, run_after=None
[2023-12-06T18:51:25.480+0000] {processor.py:179} INFO - Processing /usr/local/lib/python3.10/dist-packages/airflow/example_dags/tutorial_taskflow_api.py took 0.068 seconds
[2023-12-06T18:52:08.537+0000] {processor.py:157} INFO - Started process (PID=5543) to work on /usr/local/lib/python3.10/dist-packages/airflow/example_dags/tutorial_taskflow_api.py
[2023-12-06T18:52:08.540+0000] {processor.py:829} INFO - Processing file /usr/local/lib/python3.10/dist-packages/airflow/example_dags/tutorial_taskflow_api.py for tasks to queue
[2023-12-06T18:52:08.540+0000] {logging_mixin.py:154} INFO - [2023-12-06T18:52:08.540+0000] {dagbag.py:536} INFO - Filling up the DagBag from /usr/local/lib/python3.10/dist-packages/airflow/example_dags/tutorial_taskflow_api.py
[2023-12-06T18:52:08.548+0000] {processor.py:839} INFO - DAG(s) dict_keys(['tutorial_taskflow_api']) retrieved from /usr/local/lib/python3.10/dist-packages/airflow/example_dags/tutorial_taskflow_api.py
[2023-12-06T18:52:08.566+0000] {logging_mixin.py:154} INFO - [2023-12-06T18:52:08.566+0000] {dag.py:2941} INFO - Sync 1 DAGs
[2023-12-06T18:52:08.579+0000] {logging_mixin.py:154} INFO - [2023-12-06T18:52:08.578+0000] {dag.py:3722} INFO - Setting next_dagrun for tutorial_taskflow_api to None, run_after=None
[2023-12-06T18:52:08.602+0000] {processor.py:179} INFO - Processing /usr/local/lib/python3.10/dist-packages/airflow/example_dags/tutorial_taskflow_api.py took 0.068 seconds
[2023-12-06T18:52:56.183+0000] {processor.py:157} INFO - Started process (PID=5591) to work on /usr/local/lib/python3.10/dist-packages/airflow/example_dags/tutorial_taskflow_api.py
[2023-12-06T18:52:56.185+0000] {processor.py:829} INFO - Processing file /usr/local/lib/python3.10/dist-packages/airflow/example_dags/tutorial_taskflow_api.py for tasks to queue
[2023-12-06T18:52:56.186+0000] {logging_mixin.py:154} INFO - [2023-12-06T18:52:56.185+0000] {dagbag.py:536} INFO - Filling up the DagBag from /usr/local/lib/python3.10/dist-packages/airflow/example_dags/tutorial_taskflow_api.py
[2023-12-06T18:52:56.193+0000] {processor.py:839} INFO - DAG(s) dict_keys(['tutorial_taskflow_api']) retrieved from /usr/local/lib/python3.10/dist-packages/airflow/example_dags/tutorial_taskflow_api.py
[2023-12-06T18:52:56.211+0000] {logging_mixin.py:154} INFO - [2023-12-06T18:52:56.211+0000] {dag.py:2941} INFO - Sync 1 DAGs
[2023-12-06T18:52:56.224+0000] {logging_mixin.py:154} INFO - [2023-12-06T18:52:56.223+0000] {dag.py:3722} INFO - Setting next_dagrun for tutorial_taskflow_api to None, run_after=None
[2023-12-06T18:52:56.245+0000] {processor.py:179} INFO - Processing /usr/local/lib/python3.10/dist-packages/airflow/example_dags/tutorial_taskflow_api.py took 0.066 seconds
[2023-12-06T18:53:42.650+0000] {processor.py:157} INFO - Started process (PID=5638) to work on /usr/local/lib/python3.10/dist-packages/airflow/example_dags/tutorial_taskflow_api.py
[2023-12-06T18:53:42.652+0000] {processor.py:829} INFO - Processing file /usr/local/lib/python3.10/dist-packages/airflow/example_dags/tutorial_taskflow_api.py for tasks to queue
[2023-12-06T18:53:42.652+0000] {logging_mixin.py:154} INFO - [2023-12-06T18:53:42.652+0000] {dagbag.py:536} INFO - Filling up the DagBag from /usr/local/lib/python3.10/dist-packages/airflow/example_dags/tutorial_taskflow_api.py
[2023-12-06T18:53:42.660+0000] {processor.py:839} INFO - DAG(s) dict_keys(['tutorial_taskflow_api']) retrieved from /usr/local/lib/python3.10/dist-packages/airflow/example_dags/tutorial_taskflow_api.py
[2023-12-06T18:53:42.678+0000] {logging_mixin.py:154} INFO - [2023-12-06T18:53:42.678+0000] {dag.py:2941} INFO - Sync 1 DAGs
[2023-12-06T18:53:42.691+0000] {logging_mixin.py:154} INFO - [2023-12-06T18:53:42.691+0000] {dag.py:3722} INFO - Setting next_dagrun for tutorial_taskflow_api to None, run_after=None
[2023-12-06T18:53:42.713+0000] {processor.py:179} INFO - Processing /usr/local/lib/python3.10/dist-packages/airflow/example_dags/tutorial_taskflow_api.py took 0.067 seconds
[2023-12-06T18:54:23.279+0000] {processor.py:157} INFO - Started process (PID=5681) to work on /usr/local/lib/python3.10/dist-packages/airflow/example_dags/tutorial_taskflow_api.py
[2023-12-06T18:54:23.280+0000] {processor.py:829} INFO - Processing file /usr/local/lib/python3.10/dist-packages/airflow/example_dags/tutorial_taskflow_api.py for tasks to queue
[2023-12-06T18:54:23.281+0000] {logging_mixin.py:154} INFO - [2023-12-06T18:54:23.281+0000] {dagbag.py:536} INFO - Filling up the DagBag from /usr/local/lib/python3.10/dist-packages/airflow/example_dags/tutorial_taskflow_api.py
[2023-12-06T18:54:23.288+0000] {processor.py:839} INFO - DAG(s) dict_keys(['tutorial_taskflow_api']) retrieved from /usr/local/lib/python3.10/dist-packages/airflow/example_dags/tutorial_taskflow_api.py
[2023-12-06T18:54:23.306+0000] {logging_mixin.py:154} INFO - [2023-12-06T18:54:23.306+0000] {dag.py:2941} INFO - Sync 1 DAGs
[2023-12-06T18:54:23.318+0000] {logging_mixin.py:154} INFO - [2023-12-06T18:54:23.318+0000] {dag.py:3722} INFO - Setting next_dagrun for tutorial_taskflow_api to None, run_after=None
[2023-12-06T18:54:23.370+0000] {processor.py:179} INFO - Processing /usr/local/lib/python3.10/dist-packages/airflow/example_dags/tutorial_taskflow_api.py took 0.095 seconds
[2023-12-06T18:55:10.363+0000] {processor.py:157} INFO - Started process (PID=5730) to work on /usr/local/lib/python3.10/dist-packages/airflow/example_dags/tutorial_taskflow_api.py
[2023-12-06T18:55:10.364+0000] {processor.py:829} INFO - Processing file /usr/local/lib/python3.10/dist-packages/airflow/example_dags/tutorial_taskflow_api.py for tasks to queue
[2023-12-06T18:55:10.365+0000] {logging_mixin.py:154} INFO - [2023-12-06T18:55:10.365+0000] {dagbag.py:536} INFO - Filling up the DagBag from /usr/local/lib/python3.10/dist-packages/airflow/example_dags/tutorial_taskflow_api.py
[2023-12-06T18:55:10.373+0000] {processor.py:839} INFO - DAG(s) dict_keys(['tutorial_taskflow_api']) retrieved from /usr/local/lib/python3.10/dist-packages/airflow/example_dags/tutorial_taskflow_api.py
[2023-12-06T18:55:10.391+0000] {logging_mixin.py:154} INFO - [2023-12-06T18:55:10.391+0000] {dag.py:2941} INFO - Sync 1 DAGs
[2023-12-06T18:55:10.404+0000] {logging_mixin.py:154} INFO - [2023-12-06T18:55:10.403+0000] {dag.py:3722} INFO - Setting next_dagrun for tutorial_taskflow_api to None, run_after=None
[2023-12-06T18:55:10.427+0000] {processor.py:179} INFO - Processing /usr/local/lib/python3.10/dist-packages/airflow/example_dags/tutorial_taskflow_api.py took 0.068 seconds
[2023-12-06T18:55:55.945+0000] {processor.py:157} INFO - Started process (PID=5778) to work on /usr/local/lib/python3.10/dist-packages/airflow/example_dags/tutorial_taskflow_api.py
[2023-12-06T18:55:55.947+0000] {processor.py:829} INFO - Processing file /usr/local/lib/python3.10/dist-packages/airflow/example_dags/tutorial_taskflow_api.py for tasks to queue
[2023-12-06T18:55:55.947+0000] {logging_mixin.py:154} INFO - [2023-12-06T18:55:55.947+0000] {dagbag.py:536} INFO - Filling up the DagBag from /usr/local/lib/python3.10/dist-packages/airflow/example_dags/tutorial_taskflow_api.py
[2023-12-06T18:55:55.955+0000] {processor.py:839} INFO - DAG(s) dict_keys(['tutorial_taskflow_api']) retrieved from /usr/local/lib/python3.10/dist-packages/airflow/example_dags/tutorial_taskflow_api.py
[2023-12-06T18:55:55.973+0000] {logging_mixin.py:154} INFO - [2023-12-06T18:55:55.972+0000] {dag.py:2941} INFO - Sync 1 DAGs
[2023-12-06T18:55:55.985+0000] {logging_mixin.py:154} INFO - [2023-12-06T18:55:55.985+0000] {dag.py:3722} INFO - Setting next_dagrun for tutorial_taskflow_api to None, run_after=None
[2023-12-06T18:55:56.024+0000] {processor.py:179} INFO - Processing /usr/local/lib/python3.10/dist-packages/airflow/example_dags/tutorial_taskflow_api.py took 0.082 seconds
[2023-12-06T18:56:44.003+0000] {processor.py:157} INFO - Started process (PID=5826) to work on /usr/local/lib/python3.10/dist-packages/airflow/example_dags/tutorial_taskflow_api.py
[2023-12-06T18:56:44.006+0000] {processor.py:829} INFO - Processing file /usr/local/lib/python3.10/dist-packages/airflow/example_dags/tutorial_taskflow_api.py for tasks to queue
[2023-12-06T18:56:44.007+0000] {logging_mixin.py:154} INFO - [2023-12-06T18:56:44.007+0000] {dagbag.py:536} INFO - Filling up the DagBag from /usr/local/lib/python3.10/dist-packages/airflow/example_dags/tutorial_taskflow_api.py
[2023-12-06T18:56:44.014+0000] {processor.py:839} INFO - DAG(s) dict_keys(['tutorial_taskflow_api']) retrieved from /usr/local/lib/python3.10/dist-packages/airflow/example_dags/tutorial_taskflow_api.py
[2023-12-06T18:56:44.031+0000] {logging_mixin.py:154} INFO - [2023-12-06T18:56:44.031+0000] {dag.py:2941} INFO - Sync 1 DAGs
[2023-12-06T18:56:44.043+0000] {logging_mixin.py:154} INFO - [2023-12-06T18:56:44.043+0000] {dag.py:3722} INFO - Setting next_dagrun for tutorial_taskflow_api to None, run_after=None
[2023-12-06T18:56:44.066+0000] {processor.py:179} INFO - Processing /usr/local/lib/python3.10/dist-packages/airflow/example_dags/tutorial_taskflow_api.py took 0.066 seconds
[2023-12-06T18:57:29.944+0000] {processor.py:157} INFO - Started process (PID=5875) to work on /usr/local/lib/python3.10/dist-packages/airflow/example_dags/tutorial_taskflow_api.py
[2023-12-06T18:57:29.945+0000] {processor.py:829} INFO - Processing file /usr/local/lib/python3.10/dist-packages/airflow/example_dags/tutorial_taskflow_api.py for tasks to queue
[2023-12-06T18:57:29.946+0000] {logging_mixin.py:154} INFO - [2023-12-06T18:57:29.946+0000] {dagbag.py:536} INFO - Filling up the DagBag from /usr/local/lib/python3.10/dist-packages/airflow/example_dags/tutorial_taskflow_api.py
[2023-12-06T18:57:29.954+0000] {processor.py:839} INFO - DAG(s) dict_keys(['tutorial_taskflow_api']) retrieved from /usr/local/lib/python3.10/dist-packages/airflow/example_dags/tutorial_taskflow_api.py
[2023-12-06T18:57:29.971+0000] {logging_mixin.py:154} INFO - [2023-12-06T18:57:29.971+0000] {dag.py:2941} INFO - Sync 1 DAGs
[2023-12-06T18:57:29.983+0000] {logging_mixin.py:154} INFO - [2023-12-06T18:57:29.983+0000] {dag.py:3722} INFO - Setting next_dagrun for tutorial_taskflow_api to None, run_after=None
[2023-12-06T18:57:30.006+0000] {processor.py:179} INFO - Processing /usr/local/lib/python3.10/dist-packages/airflow/example_dags/tutorial_taskflow_api.py took 0.066 seconds
[2023-12-06T18:58:15.323+0000] {processor.py:157} INFO - Started process (PID=5922) to work on /usr/local/lib/python3.10/dist-packages/airflow/example_dags/tutorial_taskflow_api.py
[2023-12-06T18:58:15.325+0000] {processor.py:829} INFO - Processing file /usr/local/lib/python3.10/dist-packages/airflow/example_dags/tutorial_taskflow_api.py for tasks to queue
[2023-12-06T18:58:15.326+0000] {logging_mixin.py:154} INFO - [2023-12-06T18:58:15.325+0000] {dagbag.py:536} INFO - Filling up the DagBag from /usr/local/lib/python3.10/dist-packages/airflow/example_dags/tutorial_taskflow_api.py
[2023-12-06T18:58:15.333+0000] {processor.py:839} INFO - DAG(s) dict_keys(['tutorial_taskflow_api']) retrieved from /usr/local/lib/python3.10/dist-packages/airflow/example_dags/tutorial_taskflow_api.py
[2023-12-06T18:58:15.350+0000] {logging_mixin.py:154} INFO - [2023-12-06T18:58:15.350+0000] {dag.py:2941} INFO - Sync 1 DAGs
[2023-12-06T18:58:15.362+0000] {logging_mixin.py:154} INFO - [2023-12-06T18:58:15.362+0000] {dag.py:3722} INFO - Setting next_dagrun for tutorial_taskflow_api to None, run_after=None
[2023-12-06T18:58:15.385+0000] {processor.py:179} INFO - Processing /usr/local/lib/python3.10/dist-packages/airflow/example_dags/tutorial_taskflow_api.py took 0.065 seconds
[2023-12-06T18:59:00.221+0000] {processor.py:157} INFO - Started process (PID=5968) to work on /usr/local/lib/python3.10/dist-packages/airflow/example_dags/tutorial_taskflow_api.py
[2023-12-06T18:59:00.222+0000] {processor.py:829} INFO - Processing file /usr/local/lib/python3.10/dist-packages/airflow/example_dags/tutorial_taskflow_api.py for tasks to queue
[2023-12-06T18:59:00.223+0000] {logging_mixin.py:154} INFO - [2023-12-06T18:59:00.223+0000] {dagbag.py:536} INFO - Filling up the DagBag from /usr/local/lib/python3.10/dist-packages/airflow/example_dags/tutorial_taskflow_api.py
[2023-12-06T18:59:00.231+0000] {processor.py:839} INFO - DAG(s) dict_keys(['tutorial_taskflow_api']) retrieved from /usr/local/lib/python3.10/dist-packages/airflow/example_dags/tutorial_taskflow_api.py
[2023-12-06T18:59:00.248+0000] {logging_mixin.py:154} INFO - [2023-12-06T18:59:00.248+0000] {dag.py:2941} INFO - Sync 1 DAGs
[2023-12-06T18:59:00.261+0000] {logging_mixin.py:154} INFO - [2023-12-06T18:59:00.261+0000] {dag.py:3722} INFO - Setting next_dagrun for tutorial_taskflow_api to None, run_after=None
[2023-12-06T18:59:00.285+0000] {processor.py:179} INFO - Processing /usr/local/lib/python3.10/dist-packages/airflow/example_dags/tutorial_taskflow_api.py took 0.068 seconds
[2023-12-06T18:59:45.710+0000] {processor.py:157} INFO - Started process (PID=6016) to work on /usr/local/lib/python3.10/dist-packages/airflow/example_dags/tutorial_taskflow_api.py
[2023-12-06T18:59:45.711+0000] {processor.py:829} INFO - Processing file /usr/local/lib/python3.10/dist-packages/airflow/example_dags/tutorial_taskflow_api.py for tasks to queue
[2023-12-06T18:59:45.712+0000] {logging_mixin.py:154} INFO - [2023-12-06T18:59:45.712+0000] {dagbag.py:536} INFO - Filling up the DagBag from /usr/local/lib/python3.10/dist-packages/airflow/example_dags/tutorial_taskflow_api.py
[2023-12-06T18:59:45.719+0000] {processor.py:839} INFO - DAG(s) dict_keys(['tutorial_taskflow_api']) retrieved from /usr/local/lib/python3.10/dist-packages/airflow/example_dags/tutorial_taskflow_api.py
[2023-12-06T18:59:45.737+0000] {logging_mixin.py:154} INFO - [2023-12-06T18:59:45.736+0000] {dag.py:2941} INFO - Sync 1 DAGs
[2023-12-06T18:59:45.748+0000] {logging_mixin.py:154} INFO - [2023-12-06T18:59:45.748+0000] {dag.py:3722} INFO - Setting next_dagrun for tutorial_taskflow_api to None, run_after=None
[2023-12-06T18:59:45.770+0000] {processor.py:179} INFO - Processing /usr/local/lib/python3.10/dist-packages/airflow/example_dags/tutorial_taskflow_api.py took 0.064 seconds
[2023-12-06T19:00:37.755+0000] {processor.py:157} INFO - Started process (PID=6371) to work on /usr/local/lib/python3.10/dist-packages/airflow/example_dags/tutorial_taskflow_api.py
[2023-12-06T19:00:37.757+0000] {processor.py:829} INFO - Processing file /usr/local/lib/python3.10/dist-packages/airflow/example_dags/tutorial_taskflow_api.py for tasks to queue
[2023-12-06T19:00:37.758+0000] {logging_mixin.py:154} INFO - [2023-12-06T19:00:37.757+0000] {dagbag.py:536} INFO - Filling up the DagBag from /usr/local/lib/python3.10/dist-packages/airflow/example_dags/tutorial_taskflow_api.py
[2023-12-06T19:00:37.765+0000] {processor.py:839} INFO - DAG(s) dict_keys(['tutorial_taskflow_api']) retrieved from /usr/local/lib/python3.10/dist-packages/airflow/example_dags/tutorial_taskflow_api.py
[2023-12-06T19:00:37.782+0000] {logging_mixin.py:154} INFO - [2023-12-06T19:00:37.782+0000] {dag.py:2941} INFO - Sync 1 DAGs
[2023-12-06T19:00:37.794+0000] {logging_mixin.py:154} INFO - [2023-12-06T19:00:37.794+0000] {dag.py:3722} INFO - Setting next_dagrun for tutorial_taskflow_api to None, run_after=None
[2023-12-06T19:00:37.816+0000] {processor.py:179} INFO - Processing /usr/local/lib/python3.10/dist-packages/airflow/example_dags/tutorial_taskflow_api.py took 0.064 seconds
[2023-12-06T19:01:26.643+0000] {processor.py:157} INFO - Started process (PID=6475) to work on /usr/local/lib/python3.10/dist-packages/airflow/example_dags/tutorial_taskflow_api.py
[2023-12-06T19:01:26.645+0000] {processor.py:829} INFO - Processing file /usr/local/lib/python3.10/dist-packages/airflow/example_dags/tutorial_taskflow_api.py for tasks to queue
[2023-12-06T19:01:26.646+0000] {logging_mixin.py:154} INFO - [2023-12-06T19:01:26.646+0000] {dagbag.py:536} INFO - Filling up the DagBag from /usr/local/lib/python3.10/dist-packages/airflow/example_dags/tutorial_taskflow_api.py
[2023-12-06T19:01:26.654+0000] {processor.py:839} INFO - DAG(s) dict_keys(['tutorial_taskflow_api']) retrieved from /usr/local/lib/python3.10/dist-packages/airflow/example_dags/tutorial_taskflow_api.py
[2023-12-06T19:01:26.671+0000] {logging_mixin.py:154} INFO - [2023-12-06T19:01:26.671+0000] {dag.py:2941} INFO - Sync 1 DAGs
[2023-12-06T19:01:26.683+0000] {logging_mixin.py:154} INFO - [2023-12-06T19:01:26.683+0000] {dag.py:3722} INFO - Setting next_dagrun for tutorial_taskflow_api to None, run_after=None
[2023-12-06T19:01:26.705+0000] {processor.py:179} INFO - Processing /usr/local/lib/python3.10/dist-packages/airflow/example_dags/tutorial_taskflow_api.py took 0.066 seconds
[2023-12-06T19:02:13.931+0000] {processor.py:157} INFO - Started process (PID=6525) to work on /usr/local/lib/python3.10/dist-packages/airflow/example_dags/tutorial_taskflow_api.py
[2023-12-06T19:02:13.933+0000] {processor.py:829} INFO - Processing file /usr/local/lib/python3.10/dist-packages/airflow/example_dags/tutorial_taskflow_api.py for tasks to queue
[2023-12-06T19:02:13.934+0000] {logging_mixin.py:154} INFO - [2023-12-06T19:02:13.934+0000] {dagbag.py:536} INFO - Filling up the DagBag from /usr/local/lib/python3.10/dist-packages/airflow/example_dags/tutorial_taskflow_api.py
[2023-12-06T19:02:13.941+0000] {processor.py:839} INFO - DAG(s) dict_keys(['tutorial_taskflow_api']) retrieved from /usr/local/lib/python3.10/dist-packages/airflow/example_dags/tutorial_taskflow_api.py
[2023-12-06T19:02:13.959+0000] {logging_mixin.py:154} INFO - [2023-12-06T19:02:13.959+0000] {dag.py:2941} INFO - Sync 1 DAGs
[2023-12-06T19:02:13.971+0000] {logging_mixin.py:154} INFO - [2023-12-06T19:02:13.971+0000] {dag.py:3722} INFO - Setting next_dagrun for tutorial_taskflow_api to None, run_after=None
[2023-12-06T19:02:13.995+0000] {processor.py:179} INFO - Processing /usr/local/lib/python3.10/dist-packages/airflow/example_dags/tutorial_taskflow_api.py took 0.068 seconds
[2023-12-06T19:02:58.563+0000] {processor.py:157} INFO - Started process (PID=6571) to work on /usr/local/lib/python3.10/dist-packages/airflow/example_dags/tutorial_taskflow_api.py
[2023-12-06T19:02:58.564+0000] {processor.py:829} INFO - Processing file /usr/local/lib/python3.10/dist-packages/airflow/example_dags/tutorial_taskflow_api.py for tasks to queue
[2023-12-06T19:02:58.565+0000] {logging_mixin.py:154} INFO - [2023-12-06T19:02:58.564+0000] {dagbag.py:536} INFO - Filling up the DagBag from /usr/local/lib/python3.10/dist-packages/airflow/example_dags/tutorial_taskflow_api.py
[2023-12-06T19:02:58.572+0000] {processor.py:839} INFO - DAG(s) dict_keys(['tutorial_taskflow_api']) retrieved from /usr/local/lib/python3.10/dist-packages/airflow/example_dags/tutorial_taskflow_api.py
[2023-12-06T19:02:58.589+0000] {logging_mixin.py:154} INFO - [2023-12-06T19:02:58.589+0000] {dag.py:2941} INFO - Sync 1 DAGs
[2023-12-06T19:02:58.601+0000] {logging_mixin.py:154} INFO - [2023-12-06T19:02:58.601+0000] {dag.py:3722} INFO - Setting next_dagrun for tutorial_taskflow_api to None, run_after=None
[2023-12-06T19:02:58.625+0000] {processor.py:179} INFO - Processing /usr/local/lib/python3.10/dist-packages/airflow/example_dags/tutorial_taskflow_api.py took 0.066 seconds
[2023-12-06T19:03:49.056+0000] {processor.py:157} INFO - Started process (PID=6620) to work on /usr/local/lib/python3.10/dist-packages/airflow/example_dags/tutorial_taskflow_api.py
[2023-12-06T19:03:49.057+0000] {processor.py:829} INFO - Processing file /usr/local/lib/python3.10/dist-packages/airflow/example_dags/tutorial_taskflow_api.py for tasks to queue
[2023-12-06T19:03:49.058+0000] {logging_mixin.py:154} INFO - [2023-12-06T19:03:49.058+0000] {dagbag.py:536} INFO - Filling up the DagBag from /usr/local/lib/python3.10/dist-packages/airflow/example_dags/tutorial_taskflow_api.py
[2023-12-06T19:03:49.065+0000] {processor.py:839} INFO - DAG(s) dict_keys(['tutorial_taskflow_api']) retrieved from /usr/local/lib/python3.10/dist-packages/airflow/example_dags/tutorial_taskflow_api.py
[2023-12-06T19:03:49.083+0000] {logging_mixin.py:154} INFO - [2023-12-06T19:03:49.083+0000] {dag.py:2941} INFO - Sync 1 DAGs
[2023-12-06T19:03:49.095+0000] {logging_mixin.py:154} INFO - [2023-12-06T19:03:49.095+0000] {dag.py:3722} INFO - Setting next_dagrun for tutorial_taskflow_api to None, run_after=None
[2023-12-06T19:03:49.117+0000] {processor.py:179} INFO - Processing /usr/local/lib/python3.10/dist-packages/airflow/example_dags/tutorial_taskflow_api.py took 0.065 seconds
[2023-12-06T19:04:35.425+0000] {processor.py:157} INFO - Started process (PID=6667) to work on /usr/local/lib/python3.10/dist-packages/airflow/example_dags/tutorial_taskflow_api.py
[2023-12-06T19:04:35.427+0000] {processor.py:829} INFO - Processing file /usr/local/lib/python3.10/dist-packages/airflow/example_dags/tutorial_taskflow_api.py for tasks to queue
[2023-12-06T19:04:35.428+0000] {logging_mixin.py:154} INFO - [2023-12-06T19:04:35.428+0000] {dagbag.py:536} INFO - Filling up the DagBag from /usr/local/lib/python3.10/dist-packages/airflow/example_dags/tutorial_taskflow_api.py
[2023-12-06T19:04:35.436+0000] {processor.py:839} INFO - DAG(s) dict_keys(['tutorial_taskflow_api']) retrieved from /usr/local/lib/python3.10/dist-packages/airflow/example_dags/tutorial_taskflow_api.py
[2023-12-06T19:04:35.452+0000] {logging_mixin.py:154} INFO - [2023-12-06T19:04:35.452+0000] {dag.py:2941} INFO - Sync 1 DAGs
[2023-12-06T19:04:35.465+0000] {logging_mixin.py:154} INFO - [2023-12-06T19:04:35.464+0000] {dag.py:3722} INFO - Setting next_dagrun for tutorial_taskflow_api to None, run_after=None
[2023-12-06T19:04:35.489+0000] {processor.py:179} INFO - Processing /usr/local/lib/python3.10/dist-packages/airflow/example_dags/tutorial_taskflow_api.py took 0.067 seconds
[2023-12-06T19:05:25.175+0000] {processor.py:157} INFO - Started process (PID=6888) to work on /usr/local/lib/python3.10/dist-packages/airflow/example_dags/tutorial_taskflow_api.py
[2023-12-06T19:05:25.176+0000] {processor.py:829} INFO - Processing file /usr/local/lib/python3.10/dist-packages/airflow/example_dags/tutorial_taskflow_api.py for tasks to queue
[2023-12-06T19:05:25.177+0000] {logging_mixin.py:154} INFO - [2023-12-06T19:05:25.177+0000] {dagbag.py:536} INFO - Filling up the DagBag from /usr/local/lib/python3.10/dist-packages/airflow/example_dags/tutorial_taskflow_api.py
[2023-12-06T19:05:25.185+0000] {processor.py:839} INFO - DAG(s) dict_keys(['tutorial_taskflow_api']) retrieved from /usr/local/lib/python3.10/dist-packages/airflow/example_dags/tutorial_taskflow_api.py
[2023-12-06T19:05:25.204+0000] {logging_mixin.py:154} INFO - [2023-12-06T19:05:25.203+0000] {dag.py:2941} INFO - Sync 1 DAGs
[2023-12-06T19:05:25.216+0000] {logging_mixin.py:154} INFO - [2023-12-06T19:05:25.216+0000] {dag.py:3722} INFO - Setting next_dagrun for tutorial_taskflow_api to None, run_after=None
[2023-12-06T19:05:25.240+0000] {processor.py:179} INFO - Processing /usr/local/lib/python3.10/dist-packages/airflow/example_dags/tutorial_taskflow_api.py took 0.069 seconds
[2023-12-06T19:06:12.955+0000] {processor.py:157} INFO - Started process (PID=6937) to work on /usr/local/lib/python3.10/dist-packages/airflow/example_dags/tutorial_taskflow_api.py
[2023-12-06T19:06:12.957+0000] {processor.py:829} INFO - Processing file /usr/local/lib/python3.10/dist-packages/airflow/example_dags/tutorial_taskflow_api.py for tasks to queue
[2023-12-06T19:06:12.958+0000] {logging_mixin.py:154} INFO - [2023-12-06T19:06:12.957+0000] {dagbag.py:536} INFO - Filling up the DagBag from /usr/local/lib/python3.10/dist-packages/airflow/example_dags/tutorial_taskflow_api.py
[2023-12-06T19:06:12.965+0000] {processor.py:839} INFO - DAG(s) dict_keys(['tutorial_taskflow_api']) retrieved from /usr/local/lib/python3.10/dist-packages/airflow/example_dags/tutorial_taskflow_api.py
[2023-12-06T19:06:12.983+0000] {logging_mixin.py:154} INFO - [2023-12-06T19:06:12.983+0000] {dag.py:2941} INFO - Sync 1 DAGs
[2023-12-06T19:06:12.998+0000] {logging_mixin.py:154} INFO - [2023-12-06T19:06:12.998+0000] {dag.py:3722} INFO - Setting next_dagrun for tutorial_taskflow_api to None, run_after=None
[2023-12-06T19:06:13.023+0000] {processor.py:179} INFO - Processing /usr/local/lib/python3.10/dist-packages/airflow/example_dags/tutorial_taskflow_api.py took 0.072 seconds
[2023-12-06T19:07:00.023+0000] {processor.py:157} INFO - Started process (PID=6984) to work on /usr/local/lib/python3.10/dist-packages/airflow/example_dags/tutorial_taskflow_api.py
[2023-12-06T19:07:00.025+0000] {processor.py:829} INFO - Processing file /usr/local/lib/python3.10/dist-packages/airflow/example_dags/tutorial_taskflow_api.py for tasks to queue
[2023-12-06T19:07:00.026+0000] {logging_mixin.py:154} INFO - [2023-12-06T19:07:00.026+0000] {dagbag.py:536} INFO - Filling up the DagBag from /usr/local/lib/python3.10/dist-packages/airflow/example_dags/tutorial_taskflow_api.py
[2023-12-06T19:07:00.034+0000] {processor.py:839} INFO - DAG(s) dict_keys(['tutorial_taskflow_api']) retrieved from /usr/local/lib/python3.10/dist-packages/airflow/example_dags/tutorial_taskflow_api.py
[2023-12-06T19:07:00.052+0000] {logging_mixin.py:154} INFO - [2023-12-06T19:07:00.052+0000] {dag.py:2941} INFO - Sync 1 DAGs
[2023-12-06T19:07:00.065+0000] {logging_mixin.py:154} INFO - [2023-12-06T19:07:00.065+0000] {dag.py:3722} INFO - Setting next_dagrun for tutorial_taskflow_api to None, run_after=None
[2023-12-06T19:07:00.087+0000] {processor.py:179} INFO - Processing /usr/local/lib/python3.10/dist-packages/airflow/example_dags/tutorial_taskflow_api.py took 0.067 seconds
