[2023-12-06T18:22:04.050+0000] {processor.py:157} INFO - Started process (PID=3681) to work on /usr/local/lib/python3.10/dist-packages/airflow/example_dags/tutorial_taskflow_api_virtualenv.py
[2023-12-06T18:22:04.051+0000] {processor.py:829} INFO - Processing file /usr/local/lib/python3.10/dist-packages/airflow/example_dags/tutorial_taskflow_api_virtualenv.py for tasks to queue
[2023-12-06T18:22:04.052+0000] {logging_mixin.py:154} INFO - [2023-12-06T18:22:04.052+0000] {dagbag.py:536} INFO - Filling up the DagBag from /usr/local/lib/python3.10/dist-packages/airflow/example_dags/tutorial_taskflow_api_virtualenv.py
[2023-12-06T18:22:04.056+0000] {logging_mixin.py:154} INFO - [2023-12-06T18:22:04.056+0000] {tutorial_taskflow_api_virtualenv.py:29} WARNING - The tutorial_taskflow_api_virtualenv example DAG requires virtualenv, please install it.
[2023-12-06T18:22:04.057+0000] {processor.py:841} WARNING - No viable dags retrieved from /usr/local/lib/python3.10/dist-packages/airflow/example_dags/tutorial_taskflow_api_virtualenv.py
[2023-12-06T18:22:04.068+0000] {processor.py:179} INFO - Processing /usr/local/lib/python3.10/dist-packages/airflow/example_dags/tutorial_taskflow_api_virtualenv.py took 0.021 seconds
[2023-12-06T18:22:53.948+0000] {processor.py:157} INFO - Started process (PID=3732) to work on /usr/local/lib/python3.10/dist-packages/airflow/example_dags/tutorial_taskflow_api_virtualenv.py
[2023-12-06T18:22:53.951+0000] {processor.py:829} INFO - Processing file /usr/local/lib/python3.10/dist-packages/airflow/example_dags/tutorial_taskflow_api_virtualenv.py for tasks to queue
[2023-12-06T18:22:53.952+0000] {logging_mixin.py:154} INFO - [2023-12-06T18:22:53.951+0000] {dagbag.py:536} INFO - Filling up the DagBag from /usr/local/lib/python3.10/dist-packages/airflow/example_dags/tutorial_taskflow_api_virtualenv.py
[2023-12-06T18:22:53.955+0000] {logging_mixin.py:154} INFO - [2023-12-06T18:22:53.955+0000] {tutorial_taskflow_api_virtualenv.py:29} WARNING - The tutorial_taskflow_api_virtualenv example DAG requires virtualenv, please install it.
[2023-12-06T18:22:53.955+0000] {processor.py:841} WARNING - No viable dags retrieved from /usr/local/lib/python3.10/dist-packages/airflow/example_dags/tutorial_taskflow_api_virtualenv.py
[2023-12-06T18:22:53.966+0000] {processor.py:179} INFO - Processing /usr/local/lib/python3.10/dist-packages/airflow/example_dags/tutorial_taskflow_api_virtualenv.py took 0.021 seconds
[2023-12-06T18:23:40.626+0000] {processor.py:157} INFO - Started process (PID=3778) to work on /usr/local/lib/python3.10/dist-packages/airflow/example_dags/tutorial_taskflow_api_virtualenv.py
[2023-12-06T18:23:40.627+0000] {processor.py:829} INFO - Processing file /usr/local/lib/python3.10/dist-packages/airflow/example_dags/tutorial_taskflow_api_virtualenv.py for tasks to queue
[2023-12-06T18:23:40.628+0000] {logging_mixin.py:154} INFO - [2023-12-06T18:23:40.628+0000] {dagbag.py:536} INFO - Filling up the DagBag from /usr/local/lib/python3.10/dist-packages/airflow/example_dags/tutorial_taskflow_api_virtualenv.py
[2023-12-06T18:23:40.631+0000] {logging_mixin.py:154} INFO - [2023-12-06T18:23:40.631+0000] {tutorial_taskflow_api_virtualenv.py:29} WARNING - The tutorial_taskflow_api_virtualenv example DAG requires virtualenv, please install it.
[2023-12-06T18:23:40.631+0000] {processor.py:841} WARNING - No viable dags retrieved from /usr/local/lib/python3.10/dist-packages/airflow/example_dags/tutorial_taskflow_api_virtualenv.py
[2023-12-06T18:23:40.642+0000] {processor.py:179} INFO - Processing /usr/local/lib/python3.10/dist-packages/airflow/example_dags/tutorial_taskflow_api_virtualenv.py took 0.020 seconds
[2023-12-06T18:24:29.140+0000] {processor.py:157} INFO - Started process (PID=3828) to work on /usr/local/lib/python3.10/dist-packages/airflow/example_dags/tutorial_taskflow_api_virtualenv.py
[2023-12-06T18:24:29.142+0000] {processor.py:829} INFO - Processing file /usr/local/lib/python3.10/dist-packages/airflow/example_dags/tutorial_taskflow_api_virtualenv.py for tasks to queue
[2023-12-06T18:24:29.143+0000] {logging_mixin.py:154} INFO - [2023-12-06T18:24:29.142+0000] {dagbag.py:536} INFO - Filling up the DagBag from /usr/local/lib/python3.10/dist-packages/airflow/example_dags/tutorial_taskflow_api_virtualenv.py
[2023-12-06T18:24:29.146+0000] {logging_mixin.py:154} INFO - [2023-12-06T18:24:29.146+0000] {tutorial_taskflow_api_virtualenv.py:29} WARNING - The tutorial_taskflow_api_virtualenv example DAG requires virtualenv, please install it.
[2023-12-06T18:24:29.146+0000] {processor.py:841} WARNING - No viable dags retrieved from /usr/local/lib/python3.10/dist-packages/airflow/example_dags/tutorial_taskflow_api_virtualenv.py
[2023-12-06T18:24:29.157+0000] {processor.py:179} INFO - Processing /usr/local/lib/python3.10/dist-packages/airflow/example_dags/tutorial_taskflow_api_virtualenv.py took 0.020 seconds
[2023-12-06T18:25:16.540+0000] {processor.py:157} INFO - Started process (PID=3879) to work on /usr/local/lib/python3.10/dist-packages/airflow/example_dags/tutorial_taskflow_api_virtualenv.py
[2023-12-06T18:25:16.542+0000] {processor.py:829} INFO - Processing file /usr/local/lib/python3.10/dist-packages/airflow/example_dags/tutorial_taskflow_api_virtualenv.py for tasks to queue
[2023-12-06T18:25:16.542+0000] {logging_mixin.py:154} INFO - [2023-12-06T18:25:16.542+0000] {dagbag.py:536} INFO - Filling up the DagBag from /usr/local/lib/python3.10/dist-packages/airflow/example_dags/tutorial_taskflow_api_virtualenv.py
[2023-12-06T18:25:16.546+0000] {logging_mixin.py:154} INFO - [2023-12-06T18:25:16.545+0000] {tutorial_taskflow_api_virtualenv.py:29} WARNING - The tutorial_taskflow_api_virtualenv example DAG requires virtualenv, please install it.
[2023-12-06T18:25:16.546+0000] {processor.py:841} WARNING - No viable dags retrieved from /usr/local/lib/python3.10/dist-packages/airflow/example_dags/tutorial_taskflow_api_virtualenv.py
[2023-12-06T18:25:16.557+0000] {processor.py:179} INFO - Processing /usr/local/lib/python3.10/dist-packages/airflow/example_dags/tutorial_taskflow_api_virtualenv.py took 0.021 seconds
[2023-12-06T18:26:01.776+0000] {processor.py:157} INFO - Started process (PID=3927) to work on /usr/local/lib/python3.10/dist-packages/airflow/example_dags/tutorial_taskflow_api_virtualenv.py
[2023-12-06T18:26:01.778+0000] {processor.py:829} INFO - Processing file /usr/local/lib/python3.10/dist-packages/airflow/example_dags/tutorial_taskflow_api_virtualenv.py for tasks to queue
[2023-12-06T18:26:01.778+0000] {logging_mixin.py:154} INFO - [2023-12-06T18:26:01.778+0000] {dagbag.py:536} INFO - Filling up the DagBag from /usr/local/lib/python3.10/dist-packages/airflow/example_dags/tutorial_taskflow_api_virtualenv.py
[2023-12-06T18:26:01.786+0000] {logging_mixin.py:154} INFO - [2023-12-06T18:26:01.786+0000] {tutorial_taskflow_api_virtualenv.py:29} WARNING - The tutorial_taskflow_api_virtualenv example DAG requires virtualenv, please install it.
[2023-12-06T18:26:01.786+0000] {processor.py:841} WARNING - No viable dags retrieved from /usr/local/lib/python3.10/dist-packages/airflow/example_dags/tutorial_taskflow_api_virtualenv.py
[2023-12-06T18:26:01.808+0000] {processor.py:179} INFO - Processing /usr/local/lib/python3.10/dist-packages/airflow/example_dags/tutorial_taskflow_api_virtualenv.py took 0.042 seconds
[2023-12-06T18:26:49.267+0000] {processor.py:157} INFO - Started process (PID=3977) to work on /usr/local/lib/python3.10/dist-packages/airflow/example_dags/tutorial_taskflow_api_virtualenv.py
[2023-12-06T18:26:49.269+0000] {processor.py:829} INFO - Processing file /usr/local/lib/python3.10/dist-packages/airflow/example_dags/tutorial_taskflow_api_virtualenv.py for tasks to queue
[2023-12-06T18:26:49.270+0000] {logging_mixin.py:154} INFO - [2023-12-06T18:26:49.269+0000] {dagbag.py:536} INFO - Filling up the DagBag from /usr/local/lib/python3.10/dist-packages/airflow/example_dags/tutorial_taskflow_api_virtualenv.py
[2023-12-06T18:26:49.273+0000] {logging_mixin.py:154} INFO - [2023-12-06T18:26:49.273+0000] {tutorial_taskflow_api_virtualenv.py:29} WARNING - The tutorial_taskflow_api_virtualenv example DAG requires virtualenv, please install it.
[2023-12-06T18:26:49.273+0000] {processor.py:841} WARNING - No viable dags retrieved from /usr/local/lib/python3.10/dist-packages/airflow/example_dags/tutorial_taskflow_api_virtualenv.py
[2023-12-06T18:26:49.284+0000] {processor.py:179} INFO - Processing /usr/local/lib/python3.10/dist-packages/airflow/example_dags/tutorial_taskflow_api_virtualenv.py took 0.021 seconds
[2023-12-06T18:27:35.483+0000] {processor.py:157} INFO - Started process (PID=4023) to work on /usr/local/lib/python3.10/dist-packages/airflow/example_dags/tutorial_taskflow_api_virtualenv.py
[2023-12-06T18:27:35.485+0000] {processor.py:829} INFO - Processing file /usr/local/lib/python3.10/dist-packages/airflow/example_dags/tutorial_taskflow_api_virtualenv.py for tasks to queue
[2023-12-06T18:27:35.486+0000] {logging_mixin.py:154} INFO - [2023-12-06T18:27:35.485+0000] {dagbag.py:536} INFO - Filling up the DagBag from /usr/local/lib/python3.10/dist-packages/airflow/example_dags/tutorial_taskflow_api_virtualenv.py
[2023-12-06T18:27:35.489+0000] {logging_mixin.py:154} INFO - [2023-12-06T18:27:35.489+0000] {tutorial_taskflow_api_virtualenv.py:29} WARNING - The tutorial_taskflow_api_virtualenv example DAG requires virtualenv, please install it.
[2023-12-06T18:27:35.489+0000] {processor.py:841} WARNING - No viable dags retrieved from /usr/local/lib/python3.10/dist-packages/airflow/example_dags/tutorial_taskflow_api_virtualenv.py
[2023-12-06T18:27:35.501+0000] {processor.py:179} INFO - Processing /usr/local/lib/python3.10/dist-packages/airflow/example_dags/tutorial_taskflow_api_virtualenv.py took 0.021 seconds
[2023-12-06T18:28:16.860+0000] {processor.py:157} INFO - Started process (PID=4067) to work on /usr/local/lib/python3.10/dist-packages/airflow/example_dags/tutorial_taskflow_api_virtualenv.py
[2023-12-06T18:28:16.862+0000] {processor.py:829} INFO - Processing file /usr/local/lib/python3.10/dist-packages/airflow/example_dags/tutorial_taskflow_api_virtualenv.py for tasks to queue
[2023-12-06T18:28:16.863+0000] {logging_mixin.py:154} INFO - [2023-12-06T18:28:16.862+0000] {dagbag.py:536} INFO - Filling up the DagBag from /usr/local/lib/python3.10/dist-packages/airflow/example_dags/tutorial_taskflow_api_virtualenv.py
[2023-12-06T18:28:16.866+0000] {logging_mixin.py:154} INFO - [2023-12-06T18:28:16.866+0000] {tutorial_taskflow_api_virtualenv.py:29} WARNING - The tutorial_taskflow_api_virtualenv example DAG requires virtualenv, please install it.
[2023-12-06T18:28:16.866+0000] {processor.py:841} WARNING - No viable dags retrieved from /usr/local/lib/python3.10/dist-packages/airflow/example_dags/tutorial_taskflow_api_virtualenv.py
[2023-12-06T18:28:16.877+0000] {processor.py:179} INFO - Processing /usr/local/lib/python3.10/dist-packages/airflow/example_dags/tutorial_taskflow_api_virtualenv.py took 0.021 seconds
[2023-12-06T18:29:03.682+0000] {processor.py:157} INFO - Started process (PID=4117) to work on /usr/local/lib/python3.10/dist-packages/airflow/example_dags/tutorial_taskflow_api_virtualenv.py
[2023-12-06T18:29:03.684+0000] {processor.py:829} INFO - Processing file /usr/local/lib/python3.10/dist-packages/airflow/example_dags/tutorial_taskflow_api_virtualenv.py for tasks to queue
[2023-12-06T18:29:03.684+0000] {logging_mixin.py:154} INFO - [2023-12-06T18:29:03.684+0000] {dagbag.py:536} INFO - Filling up the DagBag from /usr/local/lib/python3.10/dist-packages/airflow/example_dags/tutorial_taskflow_api_virtualenv.py
[2023-12-06T18:29:03.688+0000] {logging_mixin.py:154} INFO - [2023-12-06T18:29:03.687+0000] {tutorial_taskflow_api_virtualenv.py:29} WARNING - The tutorial_taskflow_api_virtualenv example DAG requires virtualenv, please install it.
[2023-12-06T18:29:03.688+0000] {processor.py:841} WARNING - No viable dags retrieved from /usr/local/lib/python3.10/dist-packages/airflow/example_dags/tutorial_taskflow_api_virtualenv.py
[2023-12-06T18:29:03.699+0000] {processor.py:179} INFO - Processing /usr/local/lib/python3.10/dist-packages/airflow/example_dags/tutorial_taskflow_api_virtualenv.py took 0.021 seconds
[2023-12-06T18:29:47.956+0000] {processor.py:157} INFO - Started process (PID=4163) to work on /usr/local/lib/python3.10/dist-packages/airflow/example_dags/tutorial_taskflow_api_virtualenv.py
[2023-12-06T18:29:47.957+0000] {processor.py:829} INFO - Processing file /usr/local/lib/python3.10/dist-packages/airflow/example_dags/tutorial_taskflow_api_virtualenv.py for tasks to queue
[2023-12-06T18:29:47.958+0000] {logging_mixin.py:154} INFO - [2023-12-06T18:29:47.958+0000] {dagbag.py:536} INFO - Filling up the DagBag from /usr/local/lib/python3.10/dist-packages/airflow/example_dags/tutorial_taskflow_api_virtualenv.py
[2023-12-06T18:29:47.961+0000] {logging_mixin.py:154} INFO - [2023-12-06T18:29:47.961+0000] {tutorial_taskflow_api_virtualenv.py:29} WARNING - The tutorial_taskflow_api_virtualenv example DAG requires virtualenv, please install it.
[2023-12-06T18:29:47.961+0000] {processor.py:841} WARNING - No viable dags retrieved from /usr/local/lib/python3.10/dist-packages/airflow/example_dags/tutorial_taskflow_api_virtualenv.py
[2023-12-06T18:29:47.973+0000] {processor.py:179} INFO - Processing /usr/local/lib/python3.10/dist-packages/airflow/example_dags/tutorial_taskflow_api_virtualenv.py took 0.020 seconds
[2023-12-06T18:30:32.022+0000] {processor.py:157} INFO - Started process (PID=4208) to work on /usr/local/lib/python3.10/dist-packages/airflow/example_dags/tutorial_taskflow_api_virtualenv.py
[2023-12-06T18:30:32.023+0000] {processor.py:829} INFO - Processing file /usr/local/lib/python3.10/dist-packages/airflow/example_dags/tutorial_taskflow_api_virtualenv.py for tasks to queue
[2023-12-06T18:30:32.024+0000] {logging_mixin.py:154} INFO - [2023-12-06T18:30:32.023+0000] {dagbag.py:536} INFO - Filling up the DagBag from /usr/local/lib/python3.10/dist-packages/airflow/example_dags/tutorial_taskflow_api_virtualenv.py
[2023-12-06T18:30:32.027+0000] {logging_mixin.py:154} INFO - [2023-12-06T18:30:32.027+0000] {tutorial_taskflow_api_virtualenv.py:29} WARNING - The tutorial_taskflow_api_virtualenv example DAG requires virtualenv, please install it.
[2023-12-06T18:30:32.027+0000] {processor.py:841} WARNING - No viable dags retrieved from /usr/local/lib/python3.10/dist-packages/airflow/example_dags/tutorial_taskflow_api_virtualenv.py
[2023-12-06T18:30:32.039+0000] {processor.py:179} INFO - Processing /usr/local/lib/python3.10/dist-packages/airflow/example_dags/tutorial_taskflow_api_virtualenv.py took 0.021 seconds
[2023-12-06T18:31:15.170+0000] {processor.py:157} INFO - Started process (PID=4254) to work on /usr/local/lib/python3.10/dist-packages/airflow/example_dags/tutorial_taskflow_api_virtualenv.py
[2023-12-06T18:31:15.179+0000] {processor.py:829} INFO - Processing file /usr/local/lib/python3.10/dist-packages/airflow/example_dags/tutorial_taskflow_api_virtualenv.py for tasks to queue
[2023-12-06T18:31:15.179+0000] {logging_mixin.py:154} INFO - [2023-12-06T18:31:15.179+0000] {dagbag.py:536} INFO - Filling up the DagBag from /usr/local/lib/python3.10/dist-packages/airflow/example_dags/tutorial_taskflow_api_virtualenv.py
[2023-12-06T18:31:15.183+0000] {logging_mixin.py:154} INFO - [2023-12-06T18:31:15.183+0000] {tutorial_taskflow_api_virtualenv.py:29} WARNING - The tutorial_taskflow_api_virtualenv example DAG requires virtualenv, please install it.
[2023-12-06T18:31:15.183+0000] {processor.py:841} WARNING - No viable dags retrieved from /usr/local/lib/python3.10/dist-packages/airflow/example_dags/tutorial_taskflow_api_virtualenv.py
[2023-12-06T18:31:15.199+0000] {processor.py:179} INFO - Processing /usr/local/lib/python3.10/dist-packages/airflow/example_dags/tutorial_taskflow_api_virtualenv.py took 0.032 seconds
[2023-12-06T18:31:57.643+0000] {processor.py:157} INFO - Started process (PID=4300) to work on /usr/local/lib/python3.10/dist-packages/airflow/example_dags/tutorial_taskflow_api_virtualenv.py
[2023-12-06T18:31:57.644+0000] {processor.py:829} INFO - Processing file /usr/local/lib/python3.10/dist-packages/airflow/example_dags/tutorial_taskflow_api_virtualenv.py for tasks to queue
[2023-12-06T18:31:57.645+0000] {logging_mixin.py:154} INFO - [2023-12-06T18:31:57.645+0000] {dagbag.py:536} INFO - Filling up the DagBag from /usr/local/lib/python3.10/dist-packages/airflow/example_dags/tutorial_taskflow_api_virtualenv.py
[2023-12-06T18:31:57.648+0000] {logging_mixin.py:154} INFO - [2023-12-06T18:31:57.648+0000] {tutorial_taskflow_api_virtualenv.py:29} WARNING - The tutorial_taskflow_api_virtualenv example DAG requires virtualenv, please install it.
[2023-12-06T18:31:57.648+0000] {processor.py:841} WARNING - No viable dags retrieved from /usr/local/lib/python3.10/dist-packages/airflow/example_dags/tutorial_taskflow_api_virtualenv.py
[2023-12-06T18:31:57.660+0000] {processor.py:179} INFO - Processing /usr/local/lib/python3.10/dist-packages/airflow/example_dags/tutorial_taskflow_api_virtualenv.py took 0.021 seconds
[2023-12-06T18:32:40.199+0000] {processor.py:157} INFO - Started process (PID=4342) to work on /usr/local/lib/python3.10/dist-packages/airflow/example_dags/tutorial_taskflow_api_virtualenv.py
[2023-12-06T18:32:40.201+0000] {processor.py:829} INFO - Processing file /usr/local/lib/python3.10/dist-packages/airflow/example_dags/tutorial_taskflow_api_virtualenv.py for tasks to queue
[2023-12-06T18:32:40.202+0000] {logging_mixin.py:154} INFO - [2023-12-06T18:32:40.201+0000] {dagbag.py:536} INFO - Filling up the DagBag from /usr/local/lib/python3.10/dist-packages/airflow/example_dags/tutorial_taskflow_api_virtualenv.py
[2023-12-06T18:32:40.205+0000] {logging_mixin.py:154} INFO - [2023-12-06T18:32:40.205+0000] {tutorial_taskflow_api_virtualenv.py:29} WARNING - The tutorial_taskflow_api_virtualenv example DAG requires virtualenv, please install it.
[2023-12-06T18:32:40.205+0000] {processor.py:841} WARNING - No viable dags retrieved from /usr/local/lib/python3.10/dist-packages/airflow/example_dags/tutorial_taskflow_api_virtualenv.py
[2023-12-06T18:32:40.217+0000] {processor.py:179} INFO - Processing /usr/local/lib/python3.10/dist-packages/airflow/example_dags/tutorial_taskflow_api_virtualenv.py took 0.021 seconds
[2023-12-06T18:33:26.693+0000] {processor.py:157} INFO - Started process (PID=4390) to work on /usr/local/lib/python3.10/dist-packages/airflow/example_dags/tutorial_taskflow_api_virtualenv.py
[2023-12-06T18:33:26.695+0000] {processor.py:829} INFO - Processing file /usr/local/lib/python3.10/dist-packages/airflow/example_dags/tutorial_taskflow_api_virtualenv.py for tasks to queue
[2023-12-06T18:33:26.696+0000] {logging_mixin.py:154} INFO - [2023-12-06T18:33:26.696+0000] {dagbag.py:536} INFO - Filling up the DagBag from /usr/local/lib/python3.10/dist-packages/airflow/example_dags/tutorial_taskflow_api_virtualenv.py
[2023-12-06T18:33:26.699+0000] {logging_mixin.py:154} INFO - [2023-12-06T18:33:26.699+0000] {tutorial_taskflow_api_virtualenv.py:29} WARNING - The tutorial_taskflow_api_virtualenv example DAG requires virtualenv, please install it.
[2023-12-06T18:33:26.700+0000] {processor.py:841} WARNING - No viable dags retrieved from /usr/local/lib/python3.10/dist-packages/airflow/example_dags/tutorial_taskflow_api_virtualenv.py
[2023-12-06T18:33:26.711+0000] {processor.py:179} INFO - Processing /usr/local/lib/python3.10/dist-packages/airflow/example_dags/tutorial_taskflow_api_virtualenv.py took 0.022 seconds
[2023-12-06T18:34:13.046+0000] {processor.py:157} INFO - Started process (PID=4437) to work on /usr/local/lib/python3.10/dist-packages/airflow/example_dags/tutorial_taskflow_api_virtualenv.py
[2023-12-06T18:34:13.048+0000] {processor.py:829} INFO - Processing file /usr/local/lib/python3.10/dist-packages/airflow/example_dags/tutorial_taskflow_api_virtualenv.py for tasks to queue
[2023-12-06T18:34:13.049+0000] {logging_mixin.py:154} INFO - [2023-12-06T18:34:13.048+0000] {dagbag.py:536} INFO - Filling up the DagBag from /usr/local/lib/python3.10/dist-packages/airflow/example_dags/tutorial_taskflow_api_virtualenv.py
[2023-12-06T18:34:13.052+0000] {logging_mixin.py:154} INFO - [2023-12-06T18:34:13.052+0000] {tutorial_taskflow_api_virtualenv.py:29} WARNING - The tutorial_taskflow_api_virtualenv example DAG requires virtualenv, please install it.
[2023-12-06T18:34:13.052+0000] {processor.py:841} WARNING - No viable dags retrieved from /usr/local/lib/python3.10/dist-packages/airflow/example_dags/tutorial_taskflow_api_virtualenv.py
[2023-12-06T18:34:13.063+0000] {processor.py:179} INFO - Processing /usr/local/lib/python3.10/dist-packages/airflow/example_dags/tutorial_taskflow_api_virtualenv.py took 0.021 seconds
[2023-12-06T18:35:00.439+0000] {processor.py:157} INFO - Started process (PID=4485) to work on /usr/local/lib/python3.10/dist-packages/airflow/example_dags/tutorial_taskflow_api_virtualenv.py
[2023-12-06T18:35:00.441+0000] {processor.py:829} INFO - Processing file /usr/local/lib/python3.10/dist-packages/airflow/example_dags/tutorial_taskflow_api_virtualenv.py for tasks to queue
[2023-12-06T18:35:00.441+0000] {logging_mixin.py:154} INFO - [2023-12-06T18:35:00.441+0000] {dagbag.py:536} INFO - Filling up the DagBag from /usr/local/lib/python3.10/dist-packages/airflow/example_dags/tutorial_taskflow_api_virtualenv.py
[2023-12-06T18:35:00.445+0000] {logging_mixin.py:154} INFO - [2023-12-06T18:35:00.444+0000] {tutorial_taskflow_api_virtualenv.py:29} WARNING - The tutorial_taskflow_api_virtualenv example DAG requires virtualenv, please install it.
[2023-12-06T18:35:00.445+0000] {processor.py:841} WARNING - No viable dags retrieved from /usr/local/lib/python3.10/dist-packages/airflow/example_dags/tutorial_taskflow_api_virtualenv.py
[2023-12-06T18:35:00.457+0000] {processor.py:179} INFO - Processing /usr/local/lib/python3.10/dist-packages/airflow/example_dags/tutorial_taskflow_api_virtualenv.py took 0.021 seconds
[2023-12-06T18:35:47.230+0000] {processor.py:157} INFO - Started process (PID=4535) to work on /usr/local/lib/python3.10/dist-packages/airflow/example_dags/tutorial_taskflow_api_virtualenv.py
[2023-12-06T18:35:47.231+0000] {processor.py:829} INFO - Processing file /usr/local/lib/python3.10/dist-packages/airflow/example_dags/tutorial_taskflow_api_virtualenv.py for tasks to queue
[2023-12-06T18:35:47.232+0000] {logging_mixin.py:154} INFO - [2023-12-06T18:35:47.232+0000] {dagbag.py:536} INFO - Filling up the DagBag from /usr/local/lib/python3.10/dist-packages/airflow/example_dags/tutorial_taskflow_api_virtualenv.py
[2023-12-06T18:35:47.235+0000] {logging_mixin.py:154} INFO - [2023-12-06T18:35:47.235+0000] {tutorial_taskflow_api_virtualenv.py:29} WARNING - The tutorial_taskflow_api_virtualenv example DAG requires virtualenv, please install it.
[2023-12-06T18:35:47.235+0000] {processor.py:841} WARNING - No viable dags retrieved from /usr/local/lib/python3.10/dist-packages/airflow/example_dags/tutorial_taskflow_api_virtualenv.py
[2023-12-06T18:35:47.247+0000] {processor.py:179} INFO - Processing /usr/local/lib/python3.10/dist-packages/airflow/example_dags/tutorial_taskflow_api_virtualenv.py took 0.021 seconds
[2023-12-06T18:36:33.698+0000] {processor.py:157} INFO - Started process (PID=4581) to work on /usr/local/lib/python3.10/dist-packages/airflow/example_dags/tutorial_taskflow_api_virtualenv.py
[2023-12-06T18:36:33.700+0000] {processor.py:829} INFO - Processing file /usr/local/lib/python3.10/dist-packages/airflow/example_dags/tutorial_taskflow_api_virtualenv.py for tasks to queue
[2023-12-06T18:36:33.701+0000] {logging_mixin.py:154} INFO - [2023-12-06T18:36:33.701+0000] {dagbag.py:536} INFO - Filling up the DagBag from /usr/local/lib/python3.10/dist-packages/airflow/example_dags/tutorial_taskflow_api_virtualenv.py
[2023-12-06T18:36:33.704+0000] {logging_mixin.py:154} INFO - [2023-12-06T18:36:33.704+0000] {tutorial_taskflow_api_virtualenv.py:29} WARNING - The tutorial_taskflow_api_virtualenv example DAG requires virtualenv, please install it.
[2023-12-06T18:36:33.704+0000] {processor.py:841} WARNING - No viable dags retrieved from /usr/local/lib/python3.10/dist-packages/airflow/example_dags/tutorial_taskflow_api_virtualenv.py
[2023-12-06T18:36:33.716+0000] {processor.py:179} INFO - Processing /usr/local/lib/python3.10/dist-packages/airflow/example_dags/tutorial_taskflow_api_virtualenv.py took 0.021 seconds
[2023-12-06T18:37:17.718+0000] {processor.py:157} INFO - Started process (PID=4628) to work on /usr/local/lib/python3.10/dist-packages/airflow/example_dags/tutorial_taskflow_api_virtualenv.py
[2023-12-06T18:37:17.719+0000] {processor.py:829} INFO - Processing file /usr/local/lib/python3.10/dist-packages/airflow/example_dags/tutorial_taskflow_api_virtualenv.py for tasks to queue
[2023-12-06T18:37:17.720+0000] {logging_mixin.py:154} INFO - [2023-12-06T18:37:17.720+0000] {dagbag.py:536} INFO - Filling up the DagBag from /usr/local/lib/python3.10/dist-packages/airflow/example_dags/tutorial_taskflow_api_virtualenv.py
[2023-12-06T18:37:17.723+0000] {logging_mixin.py:154} INFO - [2023-12-06T18:37:17.723+0000] {tutorial_taskflow_api_virtualenv.py:29} WARNING - The tutorial_taskflow_api_virtualenv example DAG requires virtualenv, please install it.
[2023-12-06T18:37:17.723+0000] {processor.py:841} WARNING - No viable dags retrieved from /usr/local/lib/python3.10/dist-packages/airflow/example_dags/tutorial_taskflow_api_virtualenv.py
[2023-12-06T18:37:17.735+0000] {processor.py:179} INFO - Processing /usr/local/lib/python3.10/dist-packages/airflow/example_dags/tutorial_taskflow_api_virtualenv.py took 0.021 seconds
[2023-12-06T18:38:05.255+0000] {processor.py:157} INFO - Started process (PID=4676) to work on /usr/local/lib/python3.10/dist-packages/airflow/example_dags/tutorial_taskflow_api_virtualenv.py
[2023-12-06T18:38:05.257+0000] {processor.py:829} INFO - Processing file /usr/local/lib/python3.10/dist-packages/airflow/example_dags/tutorial_taskflow_api_virtualenv.py for tasks to queue
[2023-12-06T18:38:05.258+0000] {logging_mixin.py:154} INFO - [2023-12-06T18:38:05.257+0000] {dagbag.py:536} INFO - Filling up the DagBag from /usr/local/lib/python3.10/dist-packages/airflow/example_dags/tutorial_taskflow_api_virtualenv.py
[2023-12-06T18:38:05.261+0000] {logging_mixin.py:154} INFO - [2023-12-06T18:38:05.261+0000] {tutorial_taskflow_api_virtualenv.py:29} WARNING - The tutorial_taskflow_api_virtualenv example DAG requires virtualenv, please install it.
[2023-12-06T18:38:05.261+0000] {processor.py:841} WARNING - No viable dags retrieved from /usr/local/lib/python3.10/dist-packages/airflow/example_dags/tutorial_taskflow_api_virtualenv.py
[2023-12-06T18:38:05.273+0000] {processor.py:179} INFO - Processing /usr/local/lib/python3.10/dist-packages/airflow/example_dags/tutorial_taskflow_api_virtualenv.py took 0.021 seconds
[2023-12-06T18:38:52.862+0000] {processor.py:157} INFO - Started process (PID=4724) to work on /usr/local/lib/python3.10/dist-packages/airflow/example_dags/tutorial_taskflow_api_virtualenv.py
[2023-12-06T18:38:52.863+0000] {processor.py:829} INFO - Processing file /usr/local/lib/python3.10/dist-packages/airflow/example_dags/tutorial_taskflow_api_virtualenv.py for tasks to queue
[2023-12-06T18:38:52.864+0000] {logging_mixin.py:154} INFO - [2023-12-06T18:38:52.864+0000] {dagbag.py:536} INFO - Filling up the DagBag from /usr/local/lib/python3.10/dist-packages/airflow/example_dags/tutorial_taskflow_api_virtualenv.py
[2023-12-06T18:38:52.867+0000] {logging_mixin.py:154} INFO - [2023-12-06T18:38:52.867+0000] {tutorial_taskflow_api_virtualenv.py:29} WARNING - The tutorial_taskflow_api_virtualenv example DAG requires virtualenv, please install it.
[2023-12-06T18:38:52.867+0000] {processor.py:841} WARNING - No viable dags retrieved from /usr/local/lib/python3.10/dist-packages/airflow/example_dags/tutorial_taskflow_api_virtualenv.py
[2023-12-06T18:38:52.879+0000] {processor.py:179} INFO - Processing /usr/local/lib/python3.10/dist-packages/airflow/example_dags/tutorial_taskflow_api_virtualenv.py took 0.021 seconds
[2023-12-06T18:39:40.119+0000] {processor.py:157} INFO - Started process (PID=4772) to work on /usr/local/lib/python3.10/dist-packages/airflow/example_dags/tutorial_taskflow_api_virtualenv.py
[2023-12-06T18:39:40.123+0000] {processor.py:829} INFO - Processing file /usr/local/lib/python3.10/dist-packages/airflow/example_dags/tutorial_taskflow_api_virtualenv.py for tasks to queue
[2023-12-06T18:39:40.124+0000] {logging_mixin.py:154} INFO - [2023-12-06T18:39:40.123+0000] {dagbag.py:536} INFO - Filling up the DagBag from /usr/local/lib/python3.10/dist-packages/airflow/example_dags/tutorial_taskflow_api_virtualenv.py
[2023-12-06T18:39:40.127+0000] {logging_mixin.py:154} INFO - [2023-12-06T18:39:40.127+0000] {tutorial_taskflow_api_virtualenv.py:29} WARNING - The tutorial_taskflow_api_virtualenv example DAG requires virtualenv, please install it.
[2023-12-06T18:39:40.127+0000] {processor.py:841} WARNING - No viable dags retrieved from /usr/local/lib/python3.10/dist-packages/airflow/example_dags/tutorial_taskflow_api_virtualenv.py
[2023-12-06T18:39:40.139+0000] {processor.py:179} INFO - Processing /usr/local/lib/python3.10/dist-packages/airflow/example_dags/tutorial_taskflow_api_virtualenv.py took 0.023 seconds
[2023-12-06T18:40:30.712+0000] {processor.py:157} INFO - Started process (PID=4822) to work on /usr/local/lib/python3.10/dist-packages/airflow/example_dags/tutorial_taskflow_api_virtualenv.py
[2023-12-06T18:40:30.714+0000] {processor.py:829} INFO - Processing file /usr/local/lib/python3.10/dist-packages/airflow/example_dags/tutorial_taskflow_api_virtualenv.py for tasks to queue
[2023-12-06T18:40:30.715+0000] {logging_mixin.py:154} INFO - [2023-12-06T18:40:30.714+0000] {dagbag.py:536} INFO - Filling up the DagBag from /usr/local/lib/python3.10/dist-packages/airflow/example_dags/tutorial_taskflow_api_virtualenv.py
[2023-12-06T18:40:30.718+0000] {logging_mixin.py:154} INFO - [2023-12-06T18:40:30.718+0000] {tutorial_taskflow_api_virtualenv.py:29} WARNING - The tutorial_taskflow_api_virtualenv example DAG requires virtualenv, please install it.
[2023-12-06T18:40:30.718+0000] {processor.py:841} WARNING - No viable dags retrieved from /usr/local/lib/python3.10/dist-packages/airflow/example_dags/tutorial_taskflow_api_virtualenv.py
[2023-12-06T18:40:30.730+0000] {processor.py:179} INFO - Processing /usr/local/lib/python3.10/dist-packages/airflow/example_dags/tutorial_taskflow_api_virtualenv.py took 0.021 seconds
[2023-12-06T18:41:21.424+0000] {processor.py:157} INFO - Started process (PID=4873) to work on /usr/local/lib/python3.10/dist-packages/airflow/example_dags/tutorial_taskflow_api_virtualenv.py
[2023-12-06T18:41:21.427+0000] {processor.py:829} INFO - Processing file /usr/local/lib/python3.10/dist-packages/airflow/example_dags/tutorial_taskflow_api_virtualenv.py for tasks to queue
[2023-12-06T18:41:21.428+0000] {logging_mixin.py:154} INFO - [2023-12-06T18:41:21.427+0000] {dagbag.py:536} INFO - Filling up the DagBag from /usr/local/lib/python3.10/dist-packages/airflow/example_dags/tutorial_taskflow_api_virtualenv.py
[2023-12-06T18:41:21.431+0000] {logging_mixin.py:154} INFO - [2023-12-06T18:41:21.431+0000] {tutorial_taskflow_api_virtualenv.py:29} WARNING - The tutorial_taskflow_api_virtualenv example DAG requires virtualenv, please install it.
[2023-12-06T18:41:21.431+0000] {processor.py:841} WARNING - No viable dags retrieved from /usr/local/lib/python3.10/dist-packages/airflow/example_dags/tutorial_taskflow_api_virtualenv.py
[2023-12-06T18:41:21.443+0000] {processor.py:179} INFO - Processing /usr/local/lib/python3.10/dist-packages/airflow/example_dags/tutorial_taskflow_api_virtualenv.py took 0.022 seconds
[2023-12-06T18:42:07.571+0000] {processor.py:157} INFO - Started process (PID=4920) to work on /usr/local/lib/python3.10/dist-packages/airflow/example_dags/tutorial_taskflow_api_virtualenv.py
[2023-12-06T18:42:07.573+0000] {processor.py:829} INFO - Processing file /usr/local/lib/python3.10/dist-packages/airflow/example_dags/tutorial_taskflow_api_virtualenv.py for tasks to queue
[2023-12-06T18:42:07.574+0000] {logging_mixin.py:154} INFO - [2023-12-06T18:42:07.574+0000] {dagbag.py:536} INFO - Filling up the DagBag from /usr/local/lib/python3.10/dist-packages/airflow/example_dags/tutorial_taskflow_api_virtualenv.py
[2023-12-06T18:42:07.577+0000] {logging_mixin.py:154} INFO - [2023-12-06T18:42:07.577+0000] {tutorial_taskflow_api_virtualenv.py:29} WARNING - The tutorial_taskflow_api_virtualenv example DAG requires virtualenv, please install it.
[2023-12-06T18:42:07.577+0000] {processor.py:841} WARNING - No viable dags retrieved from /usr/local/lib/python3.10/dist-packages/airflow/example_dags/tutorial_taskflow_api_virtualenv.py
[2023-12-06T18:42:07.589+0000] {processor.py:179} INFO - Processing /usr/local/lib/python3.10/dist-packages/airflow/example_dags/tutorial_taskflow_api_virtualenv.py took 0.021 seconds
[2023-12-06T18:42:55.702+0000] {processor.py:157} INFO - Started process (PID=4968) to work on /usr/local/lib/python3.10/dist-packages/airflow/example_dags/tutorial_taskflow_api_virtualenv.py
[2023-12-06T18:42:55.703+0000] {processor.py:829} INFO - Processing file /usr/local/lib/python3.10/dist-packages/airflow/example_dags/tutorial_taskflow_api_virtualenv.py for tasks to queue
[2023-12-06T18:42:55.704+0000] {logging_mixin.py:154} INFO - [2023-12-06T18:42:55.703+0000] {dagbag.py:536} INFO - Filling up the DagBag from /usr/local/lib/python3.10/dist-packages/airflow/example_dags/tutorial_taskflow_api_virtualenv.py
[2023-12-06T18:42:55.707+0000] {logging_mixin.py:154} INFO - [2023-12-06T18:42:55.707+0000] {tutorial_taskflow_api_virtualenv.py:29} WARNING - The tutorial_taskflow_api_virtualenv example DAG requires virtualenv, please install it.
[2023-12-06T18:42:55.707+0000] {processor.py:841} WARNING - No viable dags retrieved from /usr/local/lib/python3.10/dist-packages/airflow/example_dags/tutorial_taskflow_api_virtualenv.py
[2023-12-06T18:42:55.718+0000] {processor.py:179} INFO - Processing /usr/local/lib/python3.10/dist-packages/airflow/example_dags/tutorial_taskflow_api_virtualenv.py took 0.020 seconds
[2023-12-06T18:43:48.985+0000] {processor.py:157} INFO - Started process (PID=5021) to work on /usr/local/lib/python3.10/dist-packages/airflow/example_dags/tutorial_taskflow_api_virtualenv.py
[2023-12-06T18:43:48.986+0000] {processor.py:829} INFO - Processing file /usr/local/lib/python3.10/dist-packages/airflow/example_dags/tutorial_taskflow_api_virtualenv.py for tasks to queue
[2023-12-06T18:43:48.987+0000] {logging_mixin.py:154} INFO - [2023-12-06T18:43:48.986+0000] {dagbag.py:536} INFO - Filling up the DagBag from /usr/local/lib/python3.10/dist-packages/airflow/example_dags/tutorial_taskflow_api_virtualenv.py
[2023-12-06T18:43:48.990+0000] {logging_mixin.py:154} INFO - [2023-12-06T18:43:48.990+0000] {tutorial_taskflow_api_virtualenv.py:29} WARNING - The tutorial_taskflow_api_virtualenv example DAG requires virtualenv, please install it.
[2023-12-06T18:43:48.990+0000] {processor.py:841} WARNING - No viable dags retrieved from /usr/local/lib/python3.10/dist-packages/airflow/example_dags/tutorial_taskflow_api_virtualenv.py
[2023-12-06T18:43:49.010+0000] {processor.py:179} INFO - Processing /usr/local/lib/python3.10/dist-packages/airflow/example_dags/tutorial_taskflow_api_virtualenv.py took 0.029 seconds
[2023-12-06T18:44:38.450+0000] {processor.py:157} INFO - Started process (PID=5070) to work on /usr/local/lib/python3.10/dist-packages/airflow/example_dags/tutorial_taskflow_api_virtualenv.py
[2023-12-06T18:44:38.452+0000] {processor.py:829} INFO - Processing file /usr/local/lib/python3.10/dist-packages/airflow/example_dags/tutorial_taskflow_api_virtualenv.py for tasks to queue
[2023-12-06T18:44:38.453+0000] {logging_mixin.py:154} INFO - [2023-12-06T18:44:38.452+0000] {dagbag.py:536} INFO - Filling up the DagBag from /usr/local/lib/python3.10/dist-packages/airflow/example_dags/tutorial_taskflow_api_virtualenv.py
[2023-12-06T18:44:38.456+0000] {logging_mixin.py:154} INFO - [2023-12-06T18:44:38.456+0000] {tutorial_taskflow_api_virtualenv.py:29} WARNING - The tutorial_taskflow_api_virtualenv example DAG requires virtualenv, please install it.
[2023-12-06T18:44:38.456+0000] {processor.py:841} WARNING - No viable dags retrieved from /usr/local/lib/python3.10/dist-packages/airflow/example_dags/tutorial_taskflow_api_virtualenv.py
[2023-12-06T18:44:38.468+0000] {processor.py:179} INFO - Processing /usr/local/lib/python3.10/dist-packages/airflow/example_dags/tutorial_taskflow_api_virtualenv.py took 0.021 seconds
[2023-12-06T18:45:22.976+0000] {processor.py:157} INFO - Started process (PID=5116) to work on /usr/local/lib/python3.10/dist-packages/airflow/example_dags/tutorial_taskflow_api_virtualenv.py
[2023-12-06T18:45:22.978+0000] {processor.py:829} INFO - Processing file /usr/local/lib/python3.10/dist-packages/airflow/example_dags/tutorial_taskflow_api_virtualenv.py for tasks to queue
[2023-12-06T18:45:22.979+0000] {logging_mixin.py:154} INFO - [2023-12-06T18:45:22.978+0000] {dagbag.py:536} INFO - Filling up the DagBag from /usr/local/lib/python3.10/dist-packages/airflow/example_dags/tutorial_taskflow_api_virtualenv.py
[2023-12-06T18:45:22.982+0000] {logging_mixin.py:154} INFO - [2023-12-06T18:45:22.982+0000] {tutorial_taskflow_api_virtualenv.py:29} WARNING - The tutorial_taskflow_api_virtualenv example DAG requires virtualenv, please install it.
[2023-12-06T18:45:22.982+0000] {processor.py:841} WARNING - No viable dags retrieved from /usr/local/lib/python3.10/dist-packages/airflow/example_dags/tutorial_taskflow_api_virtualenv.py
[2023-12-06T18:45:22.994+0000] {processor.py:179} INFO - Processing /usr/local/lib/python3.10/dist-packages/airflow/example_dags/tutorial_taskflow_api_virtualenv.py took 0.021 seconds
[2023-12-06T18:46:08.938+0000] {processor.py:157} INFO - Started process (PID=5165) to work on /usr/local/lib/python3.10/dist-packages/airflow/example_dags/tutorial_taskflow_api_virtualenv.py
[2023-12-06T18:46:08.940+0000] {processor.py:829} INFO - Processing file /usr/local/lib/python3.10/dist-packages/airflow/example_dags/tutorial_taskflow_api_virtualenv.py for tasks to queue
[2023-12-06T18:46:08.940+0000] {logging_mixin.py:154} INFO - [2023-12-06T18:46:08.940+0000] {dagbag.py:536} INFO - Filling up the DagBag from /usr/local/lib/python3.10/dist-packages/airflow/example_dags/tutorial_taskflow_api_virtualenv.py
[2023-12-06T18:46:08.944+0000] {logging_mixin.py:154} INFO - [2023-12-06T18:46:08.943+0000] {tutorial_taskflow_api_virtualenv.py:29} WARNING - The tutorial_taskflow_api_virtualenv example DAG requires virtualenv, please install it.
[2023-12-06T18:46:08.944+0000] {processor.py:841} WARNING - No viable dags retrieved from /usr/local/lib/python3.10/dist-packages/airflow/example_dags/tutorial_taskflow_api_virtualenv.py
[2023-12-06T18:46:08.956+0000] {processor.py:179} INFO - Processing /usr/local/lib/python3.10/dist-packages/airflow/example_dags/tutorial_taskflow_api_virtualenv.py took 0.021 seconds
[2023-12-06T18:46:51.803+0000] {processor.py:157} INFO - Started process (PID=5213) to work on /usr/local/lib/python3.10/dist-packages/airflow/example_dags/tutorial_taskflow_api_virtualenv.py
[2023-12-06T18:46:51.805+0000] {processor.py:829} INFO - Processing file /usr/local/lib/python3.10/dist-packages/airflow/example_dags/tutorial_taskflow_api_virtualenv.py for tasks to queue
[2023-12-06T18:46:51.806+0000] {logging_mixin.py:154} INFO - [2023-12-06T18:46:51.805+0000] {dagbag.py:536} INFO - Filling up the DagBag from /usr/local/lib/python3.10/dist-packages/airflow/example_dags/tutorial_taskflow_api_virtualenv.py
[2023-12-06T18:46:51.814+0000] {logging_mixin.py:154} INFO - [2023-12-06T18:46:51.813+0000] {tutorial_taskflow_api_virtualenv.py:29} WARNING - The tutorial_taskflow_api_virtualenv example DAG requires virtualenv, please install it.
[2023-12-06T18:46:51.814+0000] {processor.py:841} WARNING - No viable dags retrieved from /usr/local/lib/python3.10/dist-packages/airflow/example_dags/tutorial_taskflow_api_virtualenv.py
[2023-12-06T18:46:51.834+0000] {processor.py:179} INFO - Processing /usr/local/lib/python3.10/dist-packages/airflow/example_dags/tutorial_taskflow_api_virtualenv.py took 0.034 seconds
[2023-12-06T18:47:43.625+0000] {processor.py:157} INFO - Started process (PID=5265) to work on /usr/local/lib/python3.10/dist-packages/airflow/example_dags/tutorial_taskflow_api_virtualenv.py
[2023-12-06T18:47:43.627+0000] {processor.py:829} INFO - Processing file /usr/local/lib/python3.10/dist-packages/airflow/example_dags/tutorial_taskflow_api_virtualenv.py for tasks to queue
[2023-12-06T18:47:43.628+0000] {logging_mixin.py:154} INFO - [2023-12-06T18:47:43.627+0000] {dagbag.py:536} INFO - Filling up the DagBag from /usr/local/lib/python3.10/dist-packages/airflow/example_dags/tutorial_taskflow_api_virtualenv.py
[2023-12-06T18:47:43.631+0000] {logging_mixin.py:154} INFO - [2023-12-06T18:47:43.631+0000] {tutorial_taskflow_api_virtualenv.py:29} WARNING - The tutorial_taskflow_api_virtualenv example DAG requires virtualenv, please install it.
[2023-12-06T18:47:43.631+0000] {processor.py:841} WARNING - No viable dags retrieved from /usr/local/lib/python3.10/dist-packages/airflow/example_dags/tutorial_taskflow_api_virtualenv.py
[2023-12-06T18:47:43.643+0000] {processor.py:179} INFO - Processing /usr/local/lib/python3.10/dist-packages/airflow/example_dags/tutorial_taskflow_api_virtualenv.py took 0.021 seconds
[2023-12-06T18:48:32.920+0000] {processor.py:157} INFO - Started process (PID=5314) to work on /usr/local/lib/python3.10/dist-packages/airflow/example_dags/tutorial_taskflow_api_virtualenv.py
[2023-12-06T18:48:32.923+0000] {processor.py:829} INFO - Processing file /usr/local/lib/python3.10/dist-packages/airflow/example_dags/tutorial_taskflow_api_virtualenv.py for tasks to queue
[2023-12-06T18:48:32.924+0000] {logging_mixin.py:154} INFO - [2023-12-06T18:48:32.923+0000] {dagbag.py:536} INFO - Filling up the DagBag from /usr/local/lib/python3.10/dist-packages/airflow/example_dags/tutorial_taskflow_api_virtualenv.py
[2023-12-06T18:48:32.927+0000] {logging_mixin.py:154} INFO - [2023-12-06T18:48:32.927+0000] {tutorial_taskflow_api_virtualenv.py:29} WARNING - The tutorial_taskflow_api_virtualenv example DAG requires virtualenv, please install it.
[2023-12-06T18:48:32.927+0000] {processor.py:841} WARNING - No viable dags retrieved from /usr/local/lib/python3.10/dist-packages/airflow/example_dags/tutorial_taskflow_api_virtualenv.py
[2023-12-06T18:48:32.939+0000] {processor.py:179} INFO - Processing /usr/local/lib/python3.10/dist-packages/airflow/example_dags/tutorial_taskflow_api_virtualenv.py took 0.022 seconds
[2023-12-06T18:49:20.041+0000] {processor.py:157} INFO - Started process (PID=5362) to work on /usr/local/lib/python3.10/dist-packages/airflow/example_dags/tutorial_taskflow_api_virtualenv.py
[2023-12-06T18:49:20.043+0000] {processor.py:829} INFO - Processing file /usr/local/lib/python3.10/dist-packages/airflow/example_dags/tutorial_taskflow_api_virtualenv.py for tasks to queue
[2023-12-06T18:49:20.044+0000] {logging_mixin.py:154} INFO - [2023-12-06T18:49:20.043+0000] {dagbag.py:536} INFO - Filling up the DagBag from /usr/local/lib/python3.10/dist-packages/airflow/example_dags/tutorial_taskflow_api_virtualenv.py
[2023-12-06T18:49:20.047+0000] {logging_mixin.py:154} INFO - [2023-12-06T18:49:20.047+0000] {tutorial_taskflow_api_virtualenv.py:29} WARNING - The tutorial_taskflow_api_virtualenv example DAG requires virtualenv, please install it.
[2023-12-06T18:49:20.047+0000] {processor.py:841} WARNING - No viable dags retrieved from /usr/local/lib/python3.10/dist-packages/airflow/example_dags/tutorial_taskflow_api_virtualenv.py
[2023-12-06T18:49:20.059+0000] {processor.py:179} INFO - Processing /usr/local/lib/python3.10/dist-packages/airflow/example_dags/tutorial_taskflow_api_virtualenv.py took 0.022 seconds
[2023-12-06T18:50:02.314+0000] {processor.py:157} INFO - Started process (PID=5408) to work on /usr/local/lib/python3.10/dist-packages/airflow/example_dags/tutorial_taskflow_api_virtualenv.py
[2023-12-06T18:50:02.315+0000] {processor.py:829} INFO - Processing file /usr/local/lib/python3.10/dist-packages/airflow/example_dags/tutorial_taskflow_api_virtualenv.py for tasks to queue
[2023-12-06T18:50:02.316+0000] {logging_mixin.py:154} INFO - [2023-12-06T18:50:02.316+0000] {dagbag.py:536} INFO - Filling up the DagBag from /usr/local/lib/python3.10/dist-packages/airflow/example_dags/tutorial_taskflow_api_virtualenv.py
[2023-12-06T18:50:02.323+0000] {logging_mixin.py:154} INFO - [2023-12-06T18:50:02.323+0000] {tutorial_taskflow_api_virtualenv.py:29} WARNING - The tutorial_taskflow_api_virtualenv example DAG requires virtualenv, please install it.
[2023-12-06T18:50:02.323+0000] {processor.py:841} WARNING - No viable dags retrieved from /usr/local/lib/python3.10/dist-packages/airflow/example_dags/tutorial_taskflow_api_virtualenv.py
[2023-12-06T18:50:02.350+0000] {processor.py:179} INFO - Processing /usr/local/lib/python3.10/dist-packages/airflow/example_dags/tutorial_taskflow_api_virtualenv.py took 0.041 seconds
[2023-12-06T18:50:44.159+0000] {processor.py:157} INFO - Started process (PID=5451) to work on /usr/local/lib/python3.10/dist-packages/airflow/example_dags/tutorial_taskflow_api_virtualenv.py
[2023-12-06T18:50:44.161+0000] {processor.py:829} INFO - Processing file /usr/local/lib/python3.10/dist-packages/airflow/example_dags/tutorial_taskflow_api_virtualenv.py for tasks to queue
[2023-12-06T18:50:44.162+0000] {logging_mixin.py:154} INFO - [2023-12-06T18:50:44.161+0000] {dagbag.py:536} INFO - Filling up the DagBag from /usr/local/lib/python3.10/dist-packages/airflow/example_dags/tutorial_taskflow_api_virtualenv.py
[2023-12-06T18:50:44.165+0000] {logging_mixin.py:154} INFO - [2023-12-06T18:50:44.165+0000] {tutorial_taskflow_api_virtualenv.py:29} WARNING - The tutorial_taskflow_api_virtualenv example DAG requires virtualenv, please install it.
[2023-12-06T18:50:44.165+0000] {processor.py:841} WARNING - No viable dags retrieved from /usr/local/lib/python3.10/dist-packages/airflow/example_dags/tutorial_taskflow_api_virtualenv.py
[2023-12-06T18:50:44.176+0000] {processor.py:179} INFO - Processing /usr/local/lib/python3.10/dist-packages/airflow/example_dags/tutorial_taskflow_api_virtualenv.py took 0.021 seconds
[2023-12-06T18:51:26.564+0000] {processor.py:157} INFO - Started process (PID=5499) to work on /usr/local/lib/python3.10/dist-packages/airflow/example_dags/tutorial_taskflow_api_virtualenv.py
[2023-12-06T18:51:26.566+0000] {processor.py:829} INFO - Processing file /usr/local/lib/python3.10/dist-packages/airflow/example_dags/tutorial_taskflow_api_virtualenv.py for tasks to queue
[2023-12-06T18:51:26.567+0000] {logging_mixin.py:154} INFO - [2023-12-06T18:51:26.566+0000] {dagbag.py:536} INFO - Filling up the DagBag from /usr/local/lib/python3.10/dist-packages/airflow/example_dags/tutorial_taskflow_api_virtualenv.py
[2023-12-06T18:51:26.570+0000] {logging_mixin.py:154} INFO - [2023-12-06T18:51:26.570+0000] {tutorial_taskflow_api_virtualenv.py:29} WARNING - The tutorial_taskflow_api_virtualenv example DAG requires virtualenv, please install it.
[2023-12-06T18:51:26.570+0000] {processor.py:841} WARNING - No viable dags retrieved from /usr/local/lib/python3.10/dist-packages/airflow/example_dags/tutorial_taskflow_api_virtualenv.py
[2023-12-06T18:51:26.581+0000] {processor.py:179} INFO - Processing /usr/local/lib/python3.10/dist-packages/airflow/example_dags/tutorial_taskflow_api_virtualenv.py took 0.020 seconds
[2023-12-06T18:52:09.677+0000] {processor.py:157} INFO - Started process (PID=5544) to work on /usr/local/lib/python3.10/dist-packages/airflow/example_dags/tutorial_taskflow_api_virtualenv.py
[2023-12-06T18:52:09.678+0000] {processor.py:829} INFO - Processing file /usr/local/lib/python3.10/dist-packages/airflow/example_dags/tutorial_taskflow_api_virtualenv.py for tasks to queue
[2023-12-06T18:52:09.679+0000] {logging_mixin.py:154} INFO - [2023-12-06T18:52:09.679+0000] {dagbag.py:536} INFO - Filling up the DagBag from /usr/local/lib/python3.10/dist-packages/airflow/example_dags/tutorial_taskflow_api_virtualenv.py
[2023-12-06T18:52:09.682+0000] {logging_mixin.py:154} INFO - [2023-12-06T18:52:09.682+0000] {tutorial_taskflow_api_virtualenv.py:29} WARNING - The tutorial_taskflow_api_virtualenv example DAG requires virtualenv, please install it.
[2023-12-06T18:52:09.683+0000] {processor.py:841} WARNING - No viable dags retrieved from /usr/local/lib/python3.10/dist-packages/airflow/example_dags/tutorial_taskflow_api_virtualenv.py
[2023-12-06T18:52:09.694+0000] {processor.py:179} INFO - Processing /usr/local/lib/python3.10/dist-packages/airflow/example_dags/tutorial_taskflow_api_virtualenv.py took 0.021 seconds
[2023-12-06T18:52:57.322+0000] {processor.py:157} INFO - Started process (PID=5592) to work on /usr/local/lib/python3.10/dist-packages/airflow/example_dags/tutorial_taskflow_api_virtualenv.py
[2023-12-06T18:52:57.324+0000] {processor.py:829} INFO - Processing file /usr/local/lib/python3.10/dist-packages/airflow/example_dags/tutorial_taskflow_api_virtualenv.py for tasks to queue
[2023-12-06T18:52:57.325+0000] {logging_mixin.py:154} INFO - [2023-12-06T18:52:57.325+0000] {dagbag.py:536} INFO - Filling up the DagBag from /usr/local/lib/python3.10/dist-packages/airflow/example_dags/tutorial_taskflow_api_virtualenv.py
[2023-12-06T18:52:57.328+0000] {logging_mixin.py:154} INFO - [2023-12-06T18:52:57.328+0000] {tutorial_taskflow_api_virtualenv.py:29} WARNING - The tutorial_taskflow_api_virtualenv example DAG requires virtualenv, please install it.
[2023-12-06T18:52:57.328+0000] {processor.py:841} WARNING - No viable dags retrieved from /usr/local/lib/python3.10/dist-packages/airflow/example_dags/tutorial_taskflow_api_virtualenv.py
[2023-12-06T18:52:57.340+0000] {processor.py:179} INFO - Processing /usr/local/lib/python3.10/dist-packages/airflow/example_dags/tutorial_taskflow_api_virtualenv.py took 0.021 seconds
[2023-12-06T18:53:43.788+0000] {processor.py:157} INFO - Started process (PID=5639) to work on /usr/local/lib/python3.10/dist-packages/airflow/example_dags/tutorial_taskflow_api_virtualenv.py
[2023-12-06T18:53:43.790+0000] {processor.py:829} INFO - Processing file /usr/local/lib/python3.10/dist-packages/airflow/example_dags/tutorial_taskflow_api_virtualenv.py for tasks to queue
[2023-12-06T18:53:43.791+0000] {logging_mixin.py:154} INFO - [2023-12-06T18:53:43.790+0000] {dagbag.py:536} INFO - Filling up the DagBag from /usr/local/lib/python3.10/dist-packages/airflow/example_dags/tutorial_taskflow_api_virtualenv.py
[2023-12-06T18:53:43.794+0000] {logging_mixin.py:154} INFO - [2023-12-06T18:53:43.794+0000] {tutorial_taskflow_api_virtualenv.py:29} WARNING - The tutorial_taskflow_api_virtualenv example DAG requires virtualenv, please install it.
[2023-12-06T18:53:43.794+0000] {processor.py:841} WARNING - No viable dags retrieved from /usr/local/lib/python3.10/dist-packages/airflow/example_dags/tutorial_taskflow_api_virtualenv.py
[2023-12-06T18:53:43.805+0000] {processor.py:179} INFO - Processing /usr/local/lib/python3.10/dist-packages/airflow/example_dags/tutorial_taskflow_api_virtualenv.py took 0.020 seconds
[2023-12-06T18:54:24.421+0000] {processor.py:157} INFO - Started process (PID=5682) to work on /usr/local/lib/python3.10/dist-packages/airflow/example_dags/tutorial_taskflow_api_virtualenv.py
[2023-12-06T18:54:24.422+0000] {processor.py:829} INFO - Processing file /usr/local/lib/python3.10/dist-packages/airflow/example_dags/tutorial_taskflow_api_virtualenv.py for tasks to queue
[2023-12-06T18:54:24.423+0000] {logging_mixin.py:154} INFO - [2023-12-06T18:54:24.423+0000] {dagbag.py:536} INFO - Filling up the DagBag from /usr/local/lib/python3.10/dist-packages/airflow/example_dags/tutorial_taskflow_api_virtualenv.py
[2023-12-06T18:54:24.426+0000] {logging_mixin.py:154} INFO - [2023-12-06T18:54:24.426+0000] {tutorial_taskflow_api_virtualenv.py:29} WARNING - The tutorial_taskflow_api_virtualenv example DAG requires virtualenv, please install it.
[2023-12-06T18:54:24.426+0000] {processor.py:841} WARNING - No viable dags retrieved from /usr/local/lib/python3.10/dist-packages/airflow/example_dags/tutorial_taskflow_api_virtualenv.py
[2023-12-06T18:54:24.437+0000] {processor.py:179} INFO - Processing /usr/local/lib/python3.10/dist-packages/airflow/example_dags/tutorial_taskflow_api_virtualenv.py took 0.020 seconds
[2023-12-06T18:55:11.502+0000] {processor.py:157} INFO - Started process (PID=5731) to work on /usr/local/lib/python3.10/dist-packages/airflow/example_dags/tutorial_taskflow_api_virtualenv.py
[2023-12-06T18:55:11.503+0000] {processor.py:829} INFO - Processing file /usr/local/lib/python3.10/dist-packages/airflow/example_dags/tutorial_taskflow_api_virtualenv.py for tasks to queue
[2023-12-06T18:55:11.504+0000] {logging_mixin.py:154} INFO - [2023-12-06T18:55:11.504+0000] {dagbag.py:536} INFO - Filling up the DagBag from /usr/local/lib/python3.10/dist-packages/airflow/example_dags/tutorial_taskflow_api_virtualenv.py
[2023-12-06T18:55:11.507+0000] {logging_mixin.py:154} INFO - [2023-12-06T18:55:11.507+0000] {tutorial_taskflow_api_virtualenv.py:29} WARNING - The tutorial_taskflow_api_virtualenv example DAG requires virtualenv, please install it.
[2023-12-06T18:55:11.508+0000] {processor.py:841} WARNING - No viable dags retrieved from /usr/local/lib/python3.10/dist-packages/airflow/example_dags/tutorial_taskflow_api_virtualenv.py
[2023-12-06T18:55:11.520+0000] {processor.py:179} INFO - Processing /usr/local/lib/python3.10/dist-packages/airflow/example_dags/tutorial_taskflow_api_virtualenv.py took 0.022 seconds
[2023-12-06T18:55:57.094+0000] {processor.py:157} INFO - Started process (PID=5779) to work on /usr/local/lib/python3.10/dist-packages/airflow/example_dags/tutorial_taskflow_api_virtualenv.py
[2023-12-06T18:55:57.095+0000] {processor.py:829} INFO - Processing file /usr/local/lib/python3.10/dist-packages/airflow/example_dags/tutorial_taskflow_api_virtualenv.py for tasks to queue
[2023-12-06T18:55:57.096+0000] {logging_mixin.py:154} INFO - [2023-12-06T18:55:57.096+0000] {dagbag.py:536} INFO - Filling up the DagBag from /usr/local/lib/python3.10/dist-packages/airflow/example_dags/tutorial_taskflow_api_virtualenv.py
[2023-12-06T18:55:57.099+0000] {logging_mixin.py:154} INFO - [2023-12-06T18:55:57.099+0000] {tutorial_taskflow_api_virtualenv.py:29} WARNING - The tutorial_taskflow_api_virtualenv example DAG requires virtualenv, please install it.
[2023-12-06T18:55:57.099+0000] {processor.py:841} WARNING - No viable dags retrieved from /usr/local/lib/python3.10/dist-packages/airflow/example_dags/tutorial_taskflow_api_virtualenv.py
[2023-12-06T18:55:57.111+0000] {processor.py:179} INFO - Processing /usr/local/lib/python3.10/dist-packages/airflow/example_dags/tutorial_taskflow_api_virtualenv.py took 0.021 seconds
[2023-12-06T18:56:44.234+0000] {processor.py:157} INFO - Started process (PID=5827) to work on /usr/local/lib/python3.10/dist-packages/airflow/example_dags/tutorial_taskflow_api_virtualenv.py
[2023-12-06T18:56:44.235+0000] {processor.py:829} INFO - Processing file /usr/local/lib/python3.10/dist-packages/airflow/example_dags/tutorial_taskflow_api_virtualenv.py for tasks to queue
[2023-12-06T18:56:44.236+0000] {logging_mixin.py:154} INFO - [2023-12-06T18:56:44.236+0000] {dagbag.py:536} INFO - Filling up the DagBag from /usr/local/lib/python3.10/dist-packages/airflow/example_dags/tutorial_taskflow_api_virtualenv.py
[2023-12-06T18:56:44.239+0000] {logging_mixin.py:154} INFO - [2023-12-06T18:56:44.239+0000] {tutorial_taskflow_api_virtualenv.py:29} WARNING - The tutorial_taskflow_api_virtualenv example DAG requires virtualenv, please install it.
[2023-12-06T18:56:44.239+0000] {processor.py:841} WARNING - No viable dags retrieved from /usr/local/lib/python3.10/dist-packages/airflow/example_dags/tutorial_taskflow_api_virtualenv.py
[2023-12-06T18:56:44.250+0000] {processor.py:179} INFO - Processing /usr/local/lib/python3.10/dist-packages/airflow/example_dags/tutorial_taskflow_api_virtualenv.py took 0.020 seconds
[2023-12-06T18:57:31.083+0000] {processor.py:157} INFO - Started process (PID=5876) to work on /usr/local/lib/python3.10/dist-packages/airflow/example_dags/tutorial_taskflow_api_virtualenv.py
[2023-12-06T18:57:31.085+0000] {processor.py:829} INFO - Processing file /usr/local/lib/python3.10/dist-packages/airflow/example_dags/tutorial_taskflow_api_virtualenv.py for tasks to queue
[2023-12-06T18:57:31.086+0000] {logging_mixin.py:154} INFO - [2023-12-06T18:57:31.085+0000] {dagbag.py:536} INFO - Filling up the DagBag from /usr/local/lib/python3.10/dist-packages/airflow/example_dags/tutorial_taskflow_api_virtualenv.py
[2023-12-06T18:57:31.089+0000] {logging_mixin.py:154} INFO - [2023-12-06T18:57:31.089+0000] {tutorial_taskflow_api_virtualenv.py:29} WARNING - The tutorial_taskflow_api_virtualenv example DAG requires virtualenv, please install it.
[2023-12-06T18:57:31.089+0000] {processor.py:841} WARNING - No viable dags retrieved from /usr/local/lib/python3.10/dist-packages/airflow/example_dags/tutorial_taskflow_api_virtualenv.py
[2023-12-06T18:57:31.101+0000] {processor.py:179} INFO - Processing /usr/local/lib/python3.10/dist-packages/airflow/example_dags/tutorial_taskflow_api_virtualenv.py took 0.021 seconds
[2023-12-06T18:58:15.469+0000] {processor.py:157} INFO - Started process (PID=5923) to work on /usr/local/lib/python3.10/dist-packages/airflow/example_dags/tutorial_taskflow_api_virtualenv.py
[2023-12-06T18:58:15.470+0000] {processor.py:829} INFO - Processing file /usr/local/lib/python3.10/dist-packages/airflow/example_dags/tutorial_taskflow_api_virtualenv.py for tasks to queue
[2023-12-06T18:58:15.471+0000] {logging_mixin.py:154} INFO - [2023-12-06T18:58:15.471+0000] {dagbag.py:536} INFO - Filling up the DagBag from /usr/local/lib/python3.10/dist-packages/airflow/example_dags/tutorial_taskflow_api_virtualenv.py
[2023-12-06T18:58:15.474+0000] {logging_mixin.py:154} INFO - [2023-12-06T18:58:15.474+0000] {tutorial_taskflow_api_virtualenv.py:29} WARNING - The tutorial_taskflow_api_virtualenv example DAG requires virtualenv, please install it.
[2023-12-06T18:58:15.475+0000] {processor.py:841} WARNING - No viable dags retrieved from /usr/local/lib/python3.10/dist-packages/airflow/example_dags/tutorial_taskflow_api_virtualenv.py
[2023-12-06T18:58:15.486+0000] {processor.py:179} INFO - Processing /usr/local/lib/python3.10/dist-packages/airflow/example_dags/tutorial_taskflow_api_virtualenv.py took 0.021 seconds
[2023-12-06T18:59:01.361+0000] {processor.py:157} INFO - Started process (PID=5969) to work on /usr/local/lib/python3.10/dist-packages/airflow/example_dags/tutorial_taskflow_api_virtualenv.py
[2023-12-06T18:59:01.364+0000] {processor.py:829} INFO - Processing file /usr/local/lib/python3.10/dist-packages/airflow/example_dags/tutorial_taskflow_api_virtualenv.py for tasks to queue
[2023-12-06T18:59:01.365+0000] {logging_mixin.py:154} INFO - [2023-12-06T18:59:01.365+0000] {dagbag.py:536} INFO - Filling up the DagBag from /usr/local/lib/python3.10/dist-packages/airflow/example_dags/tutorial_taskflow_api_virtualenv.py
[2023-12-06T18:59:01.368+0000] {logging_mixin.py:154} INFO - [2023-12-06T18:59:01.368+0000] {tutorial_taskflow_api_virtualenv.py:29} WARNING - The tutorial_taskflow_api_virtualenv example DAG requires virtualenv, please install it.
[2023-12-06T18:59:01.369+0000] {processor.py:841} WARNING - No viable dags retrieved from /usr/local/lib/python3.10/dist-packages/airflow/example_dags/tutorial_taskflow_api_virtualenv.py
[2023-12-06T18:59:01.382+0000] {processor.py:179} INFO - Processing /usr/local/lib/python3.10/dist-packages/airflow/example_dags/tutorial_taskflow_api_virtualenv.py took 0.024 seconds
[2023-12-06T18:59:46.714+0000] {processor.py:157} INFO - Started process (PID=6017) to work on /usr/local/lib/python3.10/dist-packages/airflow/example_dags/tutorial_taskflow_api_virtualenv.py
[2023-12-06T18:59:46.716+0000] {processor.py:829} INFO - Processing file /usr/local/lib/python3.10/dist-packages/airflow/example_dags/tutorial_taskflow_api_virtualenv.py for tasks to queue
[2023-12-06T18:59:46.716+0000] {logging_mixin.py:154} INFO - [2023-12-06T18:59:46.716+0000] {dagbag.py:536} INFO - Filling up the DagBag from /usr/local/lib/python3.10/dist-packages/airflow/example_dags/tutorial_taskflow_api_virtualenv.py
[2023-12-06T18:59:46.719+0000] {logging_mixin.py:154} INFO - [2023-12-06T18:59:46.719+0000] {tutorial_taskflow_api_virtualenv.py:29} WARNING - The tutorial_taskflow_api_virtualenv example DAG requires virtualenv, please install it.
[2023-12-06T18:59:46.720+0000] {processor.py:841} WARNING - No viable dags retrieved from /usr/local/lib/python3.10/dist-packages/airflow/example_dags/tutorial_taskflow_api_virtualenv.py
[2023-12-06T18:59:46.731+0000] {processor.py:179} INFO - Processing /usr/local/lib/python3.10/dist-packages/airflow/example_dags/tutorial_taskflow_api_virtualenv.py took 0.020 seconds
[2023-12-06T19:00:38.897+0000] {processor.py:157} INFO - Started process (PID=6372) to work on /usr/local/lib/python3.10/dist-packages/airflow/example_dags/tutorial_taskflow_api_virtualenv.py
[2023-12-06T19:00:38.899+0000] {processor.py:829} INFO - Processing file /usr/local/lib/python3.10/dist-packages/airflow/example_dags/tutorial_taskflow_api_virtualenv.py for tasks to queue
[2023-12-06T19:00:38.899+0000] {logging_mixin.py:154} INFO - [2023-12-06T19:00:38.899+0000] {dagbag.py:536} INFO - Filling up the DagBag from /usr/local/lib/python3.10/dist-packages/airflow/example_dags/tutorial_taskflow_api_virtualenv.py
[2023-12-06T19:00:38.903+0000] {logging_mixin.py:154} INFO - [2023-12-06T19:00:38.902+0000] {tutorial_taskflow_api_virtualenv.py:29} WARNING - The tutorial_taskflow_api_virtualenv example DAG requires virtualenv, please install it.
[2023-12-06T19:00:38.903+0000] {processor.py:841} WARNING - No viable dags retrieved from /usr/local/lib/python3.10/dist-packages/airflow/example_dags/tutorial_taskflow_api_virtualenv.py
[2023-12-06T19:00:38.914+0000] {processor.py:179} INFO - Processing /usr/local/lib/python3.10/dist-packages/airflow/example_dags/tutorial_taskflow_api_virtualenv.py took 0.021 seconds
[2023-12-06T19:01:27.810+0000] {processor.py:157} INFO - Started process (PID=6476) to work on /usr/local/lib/python3.10/dist-packages/airflow/example_dags/tutorial_taskflow_api_virtualenv.py
[2023-12-06T19:01:27.811+0000] {processor.py:829} INFO - Processing file /usr/local/lib/python3.10/dist-packages/airflow/example_dags/tutorial_taskflow_api_virtualenv.py for tasks to queue
[2023-12-06T19:01:27.812+0000] {logging_mixin.py:154} INFO - [2023-12-06T19:01:27.812+0000] {dagbag.py:536} INFO - Filling up the DagBag from /usr/local/lib/python3.10/dist-packages/airflow/example_dags/tutorial_taskflow_api_virtualenv.py
[2023-12-06T19:01:27.815+0000] {logging_mixin.py:154} INFO - [2023-12-06T19:01:27.815+0000] {tutorial_taskflow_api_virtualenv.py:29} WARNING - The tutorial_taskflow_api_virtualenv example DAG requires virtualenv, please install it.
[2023-12-06T19:01:27.816+0000] {processor.py:841} WARNING - No viable dags retrieved from /usr/local/lib/python3.10/dist-packages/airflow/example_dags/tutorial_taskflow_api_virtualenv.py
[2023-12-06T19:01:27.827+0000] {processor.py:179} INFO - Processing /usr/local/lib/python3.10/dist-packages/airflow/example_dags/tutorial_taskflow_api_virtualenv.py took 0.021 seconds
[2023-12-06T19:02:15.079+0000] {processor.py:157} INFO - Started process (PID=6526) to work on /usr/local/lib/python3.10/dist-packages/airflow/example_dags/tutorial_taskflow_api_virtualenv.py
[2023-12-06T19:02:15.080+0000] {processor.py:829} INFO - Processing file /usr/local/lib/python3.10/dist-packages/airflow/example_dags/tutorial_taskflow_api_virtualenv.py for tasks to queue
[2023-12-06T19:02:15.081+0000] {logging_mixin.py:154} INFO - [2023-12-06T19:02:15.081+0000] {dagbag.py:536} INFO - Filling up the DagBag from /usr/local/lib/python3.10/dist-packages/airflow/example_dags/tutorial_taskflow_api_virtualenv.py
[2023-12-06T19:02:15.084+0000] {logging_mixin.py:154} INFO - [2023-12-06T19:02:15.084+0000] {tutorial_taskflow_api_virtualenv.py:29} WARNING - The tutorial_taskflow_api_virtualenv example DAG requires virtualenv, please install it.
[2023-12-06T19:02:15.085+0000] {processor.py:841} WARNING - No viable dags retrieved from /usr/local/lib/python3.10/dist-packages/airflow/example_dags/tutorial_taskflow_api_virtualenv.py
[2023-12-06T19:02:15.096+0000] {processor.py:179} INFO - Processing /usr/local/lib/python3.10/dist-packages/airflow/example_dags/tutorial_taskflow_api_virtualenv.py took 0.020 seconds
[2023-12-06T19:02:59.701+0000] {processor.py:157} INFO - Started process (PID=6572) to work on /usr/local/lib/python3.10/dist-packages/airflow/example_dags/tutorial_taskflow_api_virtualenv.py
[2023-12-06T19:02:59.703+0000] {processor.py:829} INFO - Processing file /usr/local/lib/python3.10/dist-packages/airflow/example_dags/tutorial_taskflow_api_virtualenv.py for tasks to queue
[2023-12-06T19:02:59.704+0000] {logging_mixin.py:154} INFO - [2023-12-06T19:02:59.703+0000] {dagbag.py:536} INFO - Filling up the DagBag from /usr/local/lib/python3.10/dist-packages/airflow/example_dags/tutorial_taskflow_api_virtualenv.py
[2023-12-06T19:02:59.707+0000] {logging_mixin.py:154} INFO - [2023-12-06T19:02:59.707+0000] {tutorial_taskflow_api_virtualenv.py:29} WARNING - The tutorial_taskflow_api_virtualenv example DAG requires virtualenv, please install it.
[2023-12-06T19:02:59.707+0000] {processor.py:841} WARNING - No viable dags retrieved from /usr/local/lib/python3.10/dist-packages/airflow/example_dags/tutorial_taskflow_api_virtualenv.py
[2023-12-06T19:02:59.718+0000] {processor.py:179} INFO - Processing /usr/local/lib/python3.10/dist-packages/airflow/example_dags/tutorial_taskflow_api_virtualenv.py took 0.021 seconds
[2023-12-06T19:03:49.781+0000] {processor.py:157} INFO - Started process (PID=6621) to work on /usr/local/lib/python3.10/dist-packages/airflow/example_dags/tutorial_taskflow_api_virtualenv.py
[2023-12-06T19:03:49.783+0000] {processor.py:829} INFO - Processing file /usr/local/lib/python3.10/dist-packages/airflow/example_dags/tutorial_taskflow_api_virtualenv.py for tasks to queue
[2023-12-06T19:03:49.783+0000] {logging_mixin.py:154} INFO - [2023-12-06T19:03:49.783+0000] {dagbag.py:536} INFO - Filling up the DagBag from /usr/local/lib/python3.10/dist-packages/airflow/example_dags/tutorial_taskflow_api_virtualenv.py
[2023-12-06T19:03:49.787+0000] {logging_mixin.py:154} INFO - [2023-12-06T19:03:49.786+0000] {tutorial_taskflow_api_virtualenv.py:29} WARNING - The tutorial_taskflow_api_virtualenv example DAG requires virtualenv, please install it.
[2023-12-06T19:03:49.787+0000] {processor.py:841} WARNING - No viable dags retrieved from /usr/local/lib/python3.10/dist-packages/airflow/example_dags/tutorial_taskflow_api_virtualenv.py
[2023-12-06T19:03:49.800+0000] {processor.py:179} INFO - Processing /usr/local/lib/python3.10/dist-packages/airflow/example_dags/tutorial_taskflow_api_virtualenv.py took 0.023 seconds
[2023-12-06T19:04:36.564+0000] {processor.py:157} INFO - Started process (PID=6668) to work on /usr/local/lib/python3.10/dist-packages/airflow/example_dags/tutorial_taskflow_api_virtualenv.py
[2023-12-06T19:04:36.566+0000] {processor.py:829} INFO - Processing file /usr/local/lib/python3.10/dist-packages/airflow/example_dags/tutorial_taskflow_api_virtualenv.py for tasks to queue
[2023-12-06T19:04:36.567+0000] {logging_mixin.py:154} INFO - [2023-12-06T19:04:36.566+0000] {dagbag.py:536} INFO - Filling up the DagBag from /usr/local/lib/python3.10/dist-packages/airflow/example_dags/tutorial_taskflow_api_virtualenv.py
[2023-12-06T19:04:36.570+0000] {logging_mixin.py:154} INFO - [2023-12-06T19:04:36.570+0000] {tutorial_taskflow_api_virtualenv.py:29} WARNING - The tutorial_taskflow_api_virtualenv example DAG requires virtualenv, please install it.
[2023-12-06T19:04:36.570+0000] {processor.py:841} WARNING - No viable dags retrieved from /usr/local/lib/python3.10/dist-packages/airflow/example_dags/tutorial_taskflow_api_virtualenv.py
[2023-12-06T19:04:36.582+0000] {processor.py:179} INFO - Processing /usr/local/lib/python3.10/dist-packages/airflow/example_dags/tutorial_taskflow_api_virtualenv.py took 0.021 seconds
[2023-12-06T19:05:26.316+0000] {processor.py:157} INFO - Started process (PID=6889) to work on /usr/local/lib/python3.10/dist-packages/airflow/example_dags/tutorial_taskflow_api_virtualenv.py
[2023-12-06T19:05:26.318+0000] {processor.py:829} INFO - Processing file /usr/local/lib/python3.10/dist-packages/airflow/example_dags/tutorial_taskflow_api_virtualenv.py for tasks to queue
[2023-12-06T19:05:26.319+0000] {logging_mixin.py:154} INFO - [2023-12-06T19:05:26.319+0000] {dagbag.py:536} INFO - Filling up the DagBag from /usr/local/lib/python3.10/dist-packages/airflow/example_dags/tutorial_taskflow_api_virtualenv.py
[2023-12-06T19:05:26.322+0000] {logging_mixin.py:154} INFO - [2023-12-06T19:05:26.322+0000] {tutorial_taskflow_api_virtualenv.py:29} WARNING - The tutorial_taskflow_api_virtualenv example DAG requires virtualenv, please install it.
[2023-12-06T19:05:26.323+0000] {processor.py:841} WARNING - No viable dags retrieved from /usr/local/lib/python3.10/dist-packages/airflow/example_dags/tutorial_taskflow_api_virtualenv.py
[2023-12-06T19:05:26.334+0000] {processor.py:179} INFO - Processing /usr/local/lib/python3.10/dist-packages/airflow/example_dags/tutorial_taskflow_api_virtualenv.py took 0.022 seconds
[2023-12-06T19:06:14.096+0000] {processor.py:157} INFO - Started process (PID=6938) to work on /usr/local/lib/python3.10/dist-packages/airflow/example_dags/tutorial_taskflow_api_virtualenv.py
[2023-12-06T19:06:14.098+0000] {processor.py:829} INFO - Processing file /usr/local/lib/python3.10/dist-packages/airflow/example_dags/tutorial_taskflow_api_virtualenv.py for tasks to queue
[2023-12-06T19:06:14.099+0000] {logging_mixin.py:154} INFO - [2023-12-06T19:06:14.098+0000] {dagbag.py:536} INFO - Filling up the DagBag from /usr/local/lib/python3.10/dist-packages/airflow/example_dags/tutorial_taskflow_api_virtualenv.py
[2023-12-06T19:06:14.102+0000] {logging_mixin.py:154} INFO - [2023-12-06T19:06:14.102+0000] {tutorial_taskflow_api_virtualenv.py:29} WARNING - The tutorial_taskflow_api_virtualenv example DAG requires virtualenv, please install it.
[2023-12-06T19:06:14.103+0000] {processor.py:841} WARNING - No viable dags retrieved from /usr/local/lib/python3.10/dist-packages/airflow/example_dags/tutorial_taskflow_api_virtualenv.py
[2023-12-06T19:06:14.115+0000] {processor.py:179} INFO - Processing /usr/local/lib/python3.10/dist-packages/airflow/example_dags/tutorial_taskflow_api_virtualenv.py took 0.022 seconds
[2023-12-06T19:07:01.158+0000] {processor.py:157} INFO - Started process (PID=6985) to work on /usr/local/lib/python3.10/dist-packages/airflow/example_dags/tutorial_taskflow_api_virtualenv.py
[2023-12-06T19:07:01.159+0000] {processor.py:829} INFO - Processing file /usr/local/lib/python3.10/dist-packages/airflow/example_dags/tutorial_taskflow_api_virtualenv.py for tasks to queue
[2023-12-06T19:07:01.160+0000] {logging_mixin.py:154} INFO - [2023-12-06T19:07:01.160+0000] {dagbag.py:536} INFO - Filling up the DagBag from /usr/local/lib/python3.10/dist-packages/airflow/example_dags/tutorial_taskflow_api_virtualenv.py
[2023-12-06T19:07:01.165+0000] {logging_mixin.py:154} INFO - [2023-12-06T19:07:01.164+0000] {tutorial_taskflow_api_virtualenv.py:29} WARNING - The tutorial_taskflow_api_virtualenv example DAG requires virtualenv, please install it.
[2023-12-06T19:07:01.165+0000] {processor.py:841} WARNING - No viable dags retrieved from /usr/local/lib/python3.10/dist-packages/airflow/example_dags/tutorial_taskflow_api_virtualenv.py
[2023-12-06T19:07:01.177+0000] {processor.py:179} INFO - Processing /usr/local/lib/python3.10/dist-packages/airflow/example_dags/tutorial_taskflow_api_virtualenv.py took 0.023 seconds
