[2023-12-06T18:22:07.784+0000] {processor.py:157} INFO - Started process (PID=3684) to work on /usr/local/lib/python3.10/dist-packages/airflow/example_dags/tutorial_dag.py
[2023-12-06T18:22:07.785+0000] {processor.py:829} INFO - Processing file /usr/local/lib/python3.10/dist-packages/airflow/example_dags/tutorial_dag.py for tasks to queue
[2023-12-06T18:22:07.786+0000] {logging_mixin.py:154} INFO - [2023-12-06T18:22:07.785+0000] {dagbag.py:536} INFO - Filling up the DagBag from /usr/local/lib/python3.10/dist-packages/airflow/example_dags/tutorial_dag.py
[2023-12-06T18:22:07.792+0000] {processor.py:839} INFO - DAG(s) dict_keys(['tutorial_dag']) retrieved from /usr/local/lib/python3.10/dist-packages/airflow/example_dags/tutorial_dag.py
[2023-12-06T18:22:07.906+0000] {logging_mixin.py:154} INFO - [2023-12-06T18:22:07.906+0000] {manager.py:499} INFO - Created Permission View: %s
[2023-12-06T18:22:07.919+0000] {logging_mixin.py:154} INFO - [2023-12-06T18:22:07.919+0000] {manager.py:499} INFO - Created Permission View: %s
[2023-12-06T18:22:07.928+0000] {logging_mixin.py:154} INFO - [2023-12-06T18:22:07.928+0000] {manager.py:499} INFO - Created Permission View: %s
[2023-12-06T18:22:07.929+0000] {logging_mixin.py:154} INFO - [2023-12-06T18:22:07.929+0000] {dag.py:2941} INFO - Sync 1 DAGs
[2023-12-06T18:22:07.941+0000] {logging_mixin.py:154} INFO - [2023-12-06T18:22:07.940+0000] {dag.py:2963} INFO - Creating ORM DAG for tutorial_dag
[2023-12-06T18:22:07.941+0000] {logging_mixin.py:154} INFO - [2023-12-06T18:22:07.941+0000] {dag.py:3722} INFO - Setting next_dagrun for tutorial_dag to None, run_after=None
[2023-12-06T18:22:07.964+0000] {processor.py:179} INFO - Processing /usr/local/lib/python3.10/dist-packages/airflow/example_dags/tutorial_dag.py took 0.184 seconds
[2023-12-06T18:22:57.342+0000] {processor.py:157} INFO - Started process (PID=3735) to work on /usr/local/lib/python3.10/dist-packages/airflow/example_dags/tutorial_dag.py
[2023-12-06T18:22:57.344+0000] {processor.py:829} INFO - Processing file /usr/local/lib/python3.10/dist-packages/airflow/example_dags/tutorial_dag.py for tasks to queue
[2023-12-06T18:22:57.345+0000] {logging_mixin.py:154} INFO - [2023-12-06T18:22:57.344+0000] {dagbag.py:536} INFO - Filling up the DagBag from /usr/local/lib/python3.10/dist-packages/airflow/example_dags/tutorial_dag.py
[2023-12-06T18:22:57.351+0000] {processor.py:839} INFO - DAG(s) dict_keys(['tutorial_dag']) retrieved from /usr/local/lib/python3.10/dist-packages/airflow/example_dags/tutorial_dag.py
[2023-12-06T18:22:57.369+0000] {logging_mixin.py:154} INFO - [2023-12-06T18:22:57.368+0000] {dag.py:2941} INFO - Sync 1 DAGs
[2023-12-06T18:22:57.381+0000] {logging_mixin.py:154} INFO - [2023-12-06T18:22:57.381+0000] {dag.py:3722} INFO - Setting next_dagrun for tutorial_dag to None, run_after=None
[2023-12-06T18:22:57.407+0000] {processor.py:179} INFO - Processing /usr/local/lib/python3.10/dist-packages/airflow/example_dags/tutorial_dag.py took 0.069 seconds
[2023-12-06T18:23:42.940+0000] {processor.py:157} INFO - Started process (PID=3781) to work on /usr/local/lib/python3.10/dist-packages/airflow/example_dags/tutorial_dag.py
[2023-12-06T18:23:42.941+0000] {processor.py:829} INFO - Processing file /usr/local/lib/python3.10/dist-packages/airflow/example_dags/tutorial_dag.py for tasks to queue
[2023-12-06T18:23:42.942+0000] {logging_mixin.py:154} INFO - [2023-12-06T18:23:42.942+0000] {dagbag.py:536} INFO - Filling up the DagBag from /usr/local/lib/python3.10/dist-packages/airflow/example_dags/tutorial_dag.py
[2023-12-06T18:23:42.948+0000] {processor.py:839} INFO - DAG(s) dict_keys(['tutorial_dag']) retrieved from /usr/local/lib/python3.10/dist-packages/airflow/example_dags/tutorial_dag.py
[2023-12-06T18:23:42.966+0000] {logging_mixin.py:154} INFO - [2023-12-06T18:23:42.965+0000] {dag.py:2941} INFO - Sync 1 DAGs
[2023-12-06T18:23:42.978+0000] {logging_mixin.py:154} INFO - [2023-12-06T18:23:42.978+0000] {dag.py:3722} INFO - Setting next_dagrun for tutorial_dag to None, run_after=None
[2023-12-06T18:23:43.001+0000] {processor.py:179} INFO - Processing /usr/local/lib/python3.10/dist-packages/airflow/example_dags/tutorial_dag.py took 0.065 seconds
[2023-12-06T18:24:32.070+0000] {processor.py:157} INFO - Started process (PID=3831) to work on /usr/local/lib/python3.10/dist-packages/airflow/example_dags/tutorial_dag.py
[2023-12-06T18:24:32.071+0000] {processor.py:829} INFO - Processing file /usr/local/lib/python3.10/dist-packages/airflow/example_dags/tutorial_dag.py for tasks to queue
[2023-12-06T18:24:32.072+0000] {logging_mixin.py:154} INFO - [2023-12-06T18:24:32.072+0000] {dagbag.py:536} INFO - Filling up the DagBag from /usr/local/lib/python3.10/dist-packages/airflow/example_dags/tutorial_dag.py
[2023-12-06T18:24:32.079+0000] {processor.py:839} INFO - DAG(s) dict_keys(['tutorial_dag']) retrieved from /usr/local/lib/python3.10/dist-packages/airflow/example_dags/tutorial_dag.py
[2023-12-06T18:24:32.096+0000] {logging_mixin.py:154} INFO - [2023-12-06T18:24:32.096+0000] {dag.py:2941} INFO - Sync 1 DAGs
[2023-12-06T18:24:32.108+0000] {logging_mixin.py:154} INFO - [2023-12-06T18:24:32.108+0000] {dag.py:3722} INFO - Setting next_dagrun for tutorial_dag to None, run_after=None
[2023-12-06T18:24:32.130+0000] {processor.py:179} INFO - Processing /usr/local/lib/python3.10/dist-packages/airflow/example_dags/tutorial_dag.py took 0.064 seconds
[2023-12-06T18:25:19.959+0000] {processor.py:157} INFO - Started process (PID=3882) to work on /usr/local/lib/python3.10/dist-packages/airflow/example_dags/tutorial_dag.py
[2023-12-06T18:25:19.960+0000] {processor.py:829} INFO - Processing file /usr/local/lib/python3.10/dist-packages/airflow/example_dags/tutorial_dag.py for tasks to queue
[2023-12-06T18:25:19.961+0000] {logging_mixin.py:154} INFO - [2023-12-06T18:25:19.961+0000] {dagbag.py:536} INFO - Filling up the DagBag from /usr/local/lib/python3.10/dist-packages/airflow/example_dags/tutorial_dag.py
[2023-12-06T18:25:19.968+0000] {processor.py:839} INFO - DAG(s) dict_keys(['tutorial_dag']) retrieved from /usr/local/lib/python3.10/dist-packages/airflow/example_dags/tutorial_dag.py
[2023-12-06T18:25:19.985+0000] {logging_mixin.py:154} INFO - [2023-12-06T18:25:19.985+0000] {dag.py:2941} INFO - Sync 1 DAGs
[2023-12-06T18:25:19.997+0000] {logging_mixin.py:154} INFO - [2023-12-06T18:25:19.997+0000] {dag.py:3722} INFO - Setting next_dagrun for tutorial_dag to None, run_after=None
[2023-12-06T18:25:20.020+0000] {processor.py:179} INFO - Processing /usr/local/lib/python3.10/dist-packages/airflow/example_dags/tutorial_dag.py took 0.065 seconds
[2023-12-06T18:26:05.208+0000] {processor.py:157} INFO - Started process (PID=3930) to work on /usr/local/lib/python3.10/dist-packages/airflow/example_dags/tutorial_dag.py
[2023-12-06T18:26:05.210+0000] {processor.py:829} INFO - Processing file /usr/local/lib/python3.10/dist-packages/airflow/example_dags/tutorial_dag.py for tasks to queue
[2023-12-06T18:26:05.211+0000] {logging_mixin.py:154} INFO - [2023-12-06T18:26:05.210+0000] {dagbag.py:536} INFO - Filling up the DagBag from /usr/local/lib/python3.10/dist-packages/airflow/example_dags/tutorial_dag.py
[2023-12-06T18:26:05.217+0000] {processor.py:839} INFO - DAG(s) dict_keys(['tutorial_dag']) retrieved from /usr/local/lib/python3.10/dist-packages/airflow/example_dags/tutorial_dag.py
[2023-12-06T18:26:05.235+0000] {logging_mixin.py:154} INFO - [2023-12-06T18:26:05.235+0000] {dag.py:2941} INFO - Sync 1 DAGs
[2023-12-06T18:26:05.247+0000] {logging_mixin.py:154} INFO - [2023-12-06T18:26:05.247+0000] {dag.py:3722} INFO - Setting next_dagrun for tutorial_dag to None, run_after=None
[2023-12-06T18:26:05.270+0000] {processor.py:179} INFO - Processing /usr/local/lib/python3.10/dist-packages/airflow/example_dags/tutorial_dag.py took 0.065 seconds
[2023-12-06T18:26:52.682+0000] {processor.py:157} INFO - Started process (PID=3980) to work on /usr/local/lib/python3.10/dist-packages/airflow/example_dags/tutorial_dag.py
[2023-12-06T18:26:52.683+0000] {processor.py:829} INFO - Processing file /usr/local/lib/python3.10/dist-packages/airflow/example_dags/tutorial_dag.py for tasks to queue
[2023-12-06T18:26:52.684+0000] {logging_mixin.py:154} INFO - [2023-12-06T18:26:52.684+0000] {dagbag.py:536} INFO - Filling up the DagBag from /usr/local/lib/python3.10/dist-packages/airflow/example_dags/tutorial_dag.py
[2023-12-06T18:26:52.691+0000] {processor.py:839} INFO - DAG(s) dict_keys(['tutorial_dag']) retrieved from /usr/local/lib/python3.10/dist-packages/airflow/example_dags/tutorial_dag.py
[2023-12-06T18:26:52.708+0000] {logging_mixin.py:154} INFO - [2023-12-06T18:26:52.708+0000] {dag.py:2941} INFO - Sync 1 DAGs
[2023-12-06T18:26:52.720+0000] {logging_mixin.py:154} INFO - [2023-12-06T18:26:52.720+0000] {dag.py:3722} INFO - Setting next_dagrun for tutorial_dag to None, run_after=None
[2023-12-06T18:26:52.749+0000] {processor.py:179} INFO - Processing /usr/local/lib/python3.10/dist-packages/airflow/example_dags/tutorial_dag.py took 0.071 seconds
[2023-12-06T18:27:38.126+0000] {processor.py:157} INFO - Started process (PID=4026) to work on /usr/local/lib/python3.10/dist-packages/airflow/example_dags/tutorial_dag.py
[2023-12-06T18:27:38.127+0000] {processor.py:829} INFO - Processing file /usr/local/lib/python3.10/dist-packages/airflow/example_dags/tutorial_dag.py for tasks to queue
[2023-12-06T18:27:38.128+0000] {logging_mixin.py:154} INFO - [2023-12-06T18:27:38.128+0000] {dagbag.py:536} INFO - Filling up the DagBag from /usr/local/lib/python3.10/dist-packages/airflow/example_dags/tutorial_dag.py
[2023-12-06T18:27:38.134+0000] {processor.py:839} INFO - DAG(s) dict_keys(['tutorial_dag']) retrieved from /usr/local/lib/python3.10/dist-packages/airflow/example_dags/tutorial_dag.py
[2023-12-06T18:27:38.152+0000] {logging_mixin.py:154} INFO - [2023-12-06T18:27:38.151+0000] {dag.py:2941} INFO - Sync 1 DAGs
[2023-12-06T18:27:38.163+0000] {logging_mixin.py:154} INFO - [2023-12-06T18:27:38.163+0000] {dag.py:3722} INFO - Setting next_dagrun for tutorial_dag to None, run_after=None
[2023-12-06T18:27:38.185+0000] {processor.py:179} INFO - Processing /usr/local/lib/python3.10/dist-packages/airflow/example_dags/tutorial_dag.py took 0.063 seconds
[2023-12-06T18:28:23.150+0000] {processor.py:157} INFO - Started process (PID=4074) to work on /usr/local/lib/python3.10/dist-packages/airflow/example_dags/tutorial_dag.py
[2023-12-06T18:28:23.152+0000] {processor.py:829} INFO - Processing file /usr/local/lib/python3.10/dist-packages/airflow/example_dags/tutorial_dag.py for tasks to queue
[2023-12-06T18:28:23.153+0000] {logging_mixin.py:154} INFO - [2023-12-06T18:28:23.152+0000] {dagbag.py:536} INFO - Filling up the DagBag from /usr/local/lib/python3.10/dist-packages/airflow/example_dags/tutorial_dag.py
[2023-12-06T18:28:23.159+0000] {processor.py:839} INFO - DAG(s) dict_keys(['tutorial_dag']) retrieved from /usr/local/lib/python3.10/dist-packages/airflow/example_dags/tutorial_dag.py
[2023-12-06T18:28:23.177+0000] {logging_mixin.py:154} INFO - [2023-12-06T18:28:23.176+0000] {dag.py:2941} INFO - Sync 1 DAGs
[2023-12-06T18:28:23.189+0000] {logging_mixin.py:154} INFO - [2023-12-06T18:28:23.189+0000] {dag.py:3722} INFO - Setting next_dagrun for tutorial_dag to None, run_after=None
[2023-12-06T18:28:23.213+0000] {processor.py:179} INFO - Processing /usr/local/lib/python3.10/dist-packages/airflow/example_dags/tutorial_dag.py took 0.066 seconds
[2023-12-06T18:29:11.830+0000] {processor.py:157} INFO - Started process (PID=4125) to work on /usr/local/lib/python3.10/dist-packages/airflow/example_dags/tutorial_dag.py
[2023-12-06T18:29:11.831+0000] {processor.py:829} INFO - Processing file /usr/local/lib/python3.10/dist-packages/airflow/example_dags/tutorial_dag.py for tasks to queue
[2023-12-06T18:29:11.832+0000] {logging_mixin.py:154} INFO - [2023-12-06T18:29:11.831+0000] {dagbag.py:536} INFO - Filling up the DagBag from /usr/local/lib/python3.10/dist-packages/airflow/example_dags/tutorial_dag.py
[2023-12-06T18:29:11.838+0000] {processor.py:839} INFO - DAG(s) dict_keys(['tutorial_dag']) retrieved from /usr/local/lib/python3.10/dist-packages/airflow/example_dags/tutorial_dag.py
[2023-12-06T18:29:11.855+0000] {logging_mixin.py:154} INFO - [2023-12-06T18:29:11.855+0000] {dag.py:2941} INFO - Sync 1 DAGs
[2023-12-06T18:29:11.867+0000] {logging_mixin.py:154} INFO - [2023-12-06T18:29:11.867+0000] {dag.py:3722} INFO - Setting next_dagrun for tutorial_dag to None, run_after=None
[2023-12-06T18:29:11.890+0000] {processor.py:179} INFO - Processing /usr/local/lib/python3.10/dist-packages/airflow/example_dags/tutorial_dag.py took 0.064 seconds
[2023-12-06T18:29:55.075+0000] {processor.py:157} INFO - Started process (PID=4171) to work on /usr/local/lib/python3.10/dist-packages/airflow/example_dags/tutorial_dag.py
[2023-12-06T18:29:55.076+0000] {processor.py:829} INFO - Processing file /usr/local/lib/python3.10/dist-packages/airflow/example_dags/tutorial_dag.py for tasks to queue
[2023-12-06T18:29:55.077+0000] {logging_mixin.py:154} INFO - [2023-12-06T18:29:55.076+0000] {dagbag.py:536} INFO - Filling up the DagBag from /usr/local/lib/python3.10/dist-packages/airflow/example_dags/tutorial_dag.py
[2023-12-06T18:29:55.083+0000] {processor.py:839} INFO - DAG(s) dict_keys(['tutorial_dag']) retrieved from /usr/local/lib/python3.10/dist-packages/airflow/example_dags/tutorial_dag.py
[2023-12-06T18:29:55.100+0000] {logging_mixin.py:154} INFO - [2023-12-06T18:29:55.100+0000] {dag.py:2941} INFO - Sync 1 DAGs
[2023-12-06T18:29:55.113+0000] {logging_mixin.py:154} INFO - [2023-12-06T18:29:55.113+0000] {dag.py:3722} INFO - Setting next_dagrun for tutorial_dag to None, run_after=None
[2023-12-06T18:29:55.134+0000] {processor.py:179} INFO - Processing /usr/local/lib/python3.10/dist-packages/airflow/example_dags/tutorial_dag.py took 0.064 seconds
[2023-12-06T18:30:41.022+0000] {processor.py:157} INFO - Started process (PID=4218) to work on /usr/local/lib/python3.10/dist-packages/airflow/example_dags/tutorial_dag.py
[2023-12-06T18:30:41.023+0000] {processor.py:829} INFO - Processing file /usr/local/lib/python3.10/dist-packages/airflow/example_dags/tutorial_dag.py for tasks to queue
[2023-12-06T18:30:41.024+0000] {logging_mixin.py:154} INFO - [2023-12-06T18:30:41.024+0000] {dagbag.py:536} INFO - Filling up the DagBag from /usr/local/lib/python3.10/dist-packages/airflow/example_dags/tutorial_dag.py
[2023-12-06T18:30:41.030+0000] {processor.py:839} INFO - DAG(s) dict_keys(['tutorial_dag']) retrieved from /usr/local/lib/python3.10/dist-packages/airflow/example_dags/tutorial_dag.py
[2023-12-06T18:30:41.048+0000] {logging_mixin.py:154} INFO - [2023-12-06T18:30:41.048+0000] {dag.py:2941} INFO - Sync 1 DAGs
[2023-12-06T18:30:41.060+0000] {logging_mixin.py:154} INFO - [2023-12-06T18:30:41.060+0000] {dag.py:3722} INFO - Setting next_dagrun for tutorial_dag to None, run_after=None
[2023-12-06T18:30:41.083+0000] {processor.py:179} INFO - Processing /usr/local/lib/python3.10/dist-packages/airflow/example_dags/tutorial_dag.py took 0.065 seconds
[2023-12-06T18:31:24.037+0000] {processor.py:157} INFO - Started process (PID=4263) to work on /usr/local/lib/python3.10/dist-packages/airflow/example_dags/tutorial_dag.py
[2023-12-06T18:31:24.039+0000] {processor.py:829} INFO - Processing file /usr/local/lib/python3.10/dist-packages/airflow/example_dags/tutorial_dag.py for tasks to queue
[2023-12-06T18:31:24.040+0000] {logging_mixin.py:154} INFO - [2023-12-06T18:31:24.039+0000] {dagbag.py:536} INFO - Filling up the DagBag from /usr/local/lib/python3.10/dist-packages/airflow/example_dags/tutorial_dag.py
[2023-12-06T18:31:24.046+0000] {processor.py:839} INFO - DAG(s) dict_keys(['tutorial_dag']) retrieved from /usr/local/lib/python3.10/dist-packages/airflow/example_dags/tutorial_dag.py
[2023-12-06T18:31:24.064+0000] {logging_mixin.py:154} INFO - [2023-12-06T18:31:24.064+0000] {dag.py:2941} INFO - Sync 1 DAGs
[2023-12-06T18:31:24.077+0000] {logging_mixin.py:154} INFO - [2023-12-06T18:31:24.077+0000] {dag.py:3722} INFO - Setting next_dagrun for tutorial_dag to None, run_after=None
[2023-12-06T18:31:24.099+0000] {processor.py:179} INFO - Processing /usr/local/lib/python3.10/dist-packages/airflow/example_dags/tutorial_dag.py took 0.065 seconds
[2023-12-06T18:32:06.597+0000] {processor.py:157} INFO - Started process (PID=4309) to work on /usr/local/lib/python3.10/dist-packages/airflow/example_dags/tutorial_dag.py
[2023-12-06T18:32:06.598+0000] {processor.py:829} INFO - Processing file /usr/local/lib/python3.10/dist-packages/airflow/example_dags/tutorial_dag.py for tasks to queue
[2023-12-06T18:32:06.599+0000] {logging_mixin.py:154} INFO - [2023-12-06T18:32:06.599+0000] {dagbag.py:536} INFO - Filling up the DagBag from /usr/local/lib/python3.10/dist-packages/airflow/example_dags/tutorial_dag.py
[2023-12-06T18:32:06.605+0000] {processor.py:839} INFO - DAG(s) dict_keys(['tutorial_dag']) retrieved from /usr/local/lib/python3.10/dist-packages/airflow/example_dags/tutorial_dag.py
[2023-12-06T18:32:06.623+0000] {logging_mixin.py:154} INFO - [2023-12-06T18:32:06.623+0000] {dag.py:2941} INFO - Sync 1 DAGs
[2023-12-06T18:32:06.636+0000] {logging_mixin.py:154} INFO - [2023-12-06T18:32:06.636+0000] {dag.py:3722} INFO - Setting next_dagrun for tutorial_dag to None, run_after=None
[2023-12-06T18:32:06.663+0000] {processor.py:179} INFO - Processing /usr/local/lib/python3.10/dist-packages/airflow/example_dags/tutorial_dag.py took 0.070 seconds
[2023-12-06T18:32:50.887+0000] {processor.py:157} INFO - Started process (PID=4354) to work on /usr/local/lib/python3.10/dist-packages/airflow/example_dags/tutorial_dag.py
[2023-12-06T18:32:50.890+0000] {processor.py:829} INFO - Processing file /usr/local/lib/python3.10/dist-packages/airflow/example_dags/tutorial_dag.py for tasks to queue
[2023-12-06T18:32:50.890+0000] {logging_mixin.py:154} INFO - [2023-12-06T18:32:50.890+0000] {dagbag.py:536} INFO - Filling up the DagBag from /usr/local/lib/python3.10/dist-packages/airflow/example_dags/tutorial_dag.py
[2023-12-06T18:32:50.896+0000] {processor.py:839} INFO - DAG(s) dict_keys(['tutorial_dag']) retrieved from /usr/local/lib/python3.10/dist-packages/airflow/example_dags/tutorial_dag.py
[2023-12-06T18:32:50.914+0000] {logging_mixin.py:154} INFO - [2023-12-06T18:32:50.914+0000] {dag.py:2941} INFO - Sync 1 DAGs
[2023-12-06T18:32:50.926+0000] {logging_mixin.py:154} INFO - [2023-12-06T18:32:50.926+0000] {dag.py:3722} INFO - Setting next_dagrun for tutorial_dag to None, run_after=None
[2023-12-06T18:32:50.951+0000] {processor.py:179} INFO - Processing /usr/local/lib/python3.10/dist-packages/airflow/example_dags/tutorial_dag.py took 0.067 seconds
[2023-12-06T18:33:39.268+0000] {processor.py:157} INFO - Started process (PID=4402) to work on /usr/local/lib/python3.10/dist-packages/airflow/example_dags/tutorial_dag.py
[2023-12-06T18:33:39.270+0000] {processor.py:829} INFO - Processing file /usr/local/lib/python3.10/dist-packages/airflow/example_dags/tutorial_dag.py for tasks to queue
[2023-12-06T18:33:39.270+0000] {logging_mixin.py:154} INFO - [2023-12-06T18:33:39.270+0000] {dagbag.py:536} INFO - Filling up the DagBag from /usr/local/lib/python3.10/dist-packages/airflow/example_dags/tutorial_dag.py
[2023-12-06T18:33:39.276+0000] {processor.py:839} INFO - DAG(s) dict_keys(['tutorial_dag']) retrieved from /usr/local/lib/python3.10/dist-packages/airflow/example_dags/tutorial_dag.py
[2023-12-06T18:33:39.294+0000] {logging_mixin.py:154} INFO - [2023-12-06T18:33:39.294+0000] {dag.py:2941} INFO - Sync 1 DAGs
[2023-12-06T18:33:39.306+0000] {logging_mixin.py:154} INFO - [2023-12-06T18:33:39.306+0000] {dag.py:3722} INFO - Setting next_dagrun for tutorial_dag to None, run_after=None
[2023-12-06T18:33:39.330+0000] {processor.py:179} INFO - Processing /usr/local/lib/python3.10/dist-packages/airflow/example_dags/tutorial_dag.py took 0.065 seconds
[2023-12-06T18:34:26.000+0000] {processor.py:157} INFO - Started process (PID=4450) to work on /usr/local/lib/python3.10/dist-packages/airflow/example_dags/tutorial_dag.py
[2023-12-06T18:34:26.001+0000] {processor.py:829} INFO - Processing file /usr/local/lib/python3.10/dist-packages/airflow/example_dags/tutorial_dag.py for tasks to queue
[2023-12-06T18:34:26.002+0000] {logging_mixin.py:154} INFO - [2023-12-06T18:34:26.002+0000] {dagbag.py:536} INFO - Filling up the DagBag from /usr/local/lib/python3.10/dist-packages/airflow/example_dags/tutorial_dag.py
[2023-12-06T18:34:26.008+0000] {processor.py:839} INFO - DAG(s) dict_keys(['tutorial_dag']) retrieved from /usr/local/lib/python3.10/dist-packages/airflow/example_dags/tutorial_dag.py
[2023-12-06T18:34:26.032+0000] {logging_mixin.py:154} INFO - [2023-12-06T18:34:26.031+0000] {dag.py:2941} INFO - Sync 1 DAGs
[2023-12-06T18:34:26.044+0000] {logging_mixin.py:154} INFO - [2023-12-06T18:34:26.043+0000] {dag.py:3722} INFO - Setting next_dagrun for tutorial_dag to None, run_after=None
[2023-12-06T18:34:26.066+0000] {processor.py:179} INFO - Processing /usr/local/lib/python3.10/dist-packages/airflow/example_dags/tutorial_dag.py took 0.070 seconds
[2023-12-06T18:35:10.750+0000] {processor.py:157} INFO - Started process (PID=4496) to work on /usr/local/lib/python3.10/dist-packages/airflow/example_dags/tutorial_dag.py
[2023-12-06T18:35:10.751+0000] {processor.py:829} INFO - Processing file /usr/local/lib/python3.10/dist-packages/airflow/example_dags/tutorial_dag.py for tasks to queue
[2023-12-06T18:35:10.752+0000] {logging_mixin.py:154} INFO - [2023-12-06T18:35:10.751+0000] {dagbag.py:536} INFO - Filling up the DagBag from /usr/local/lib/python3.10/dist-packages/airflow/example_dags/tutorial_dag.py
[2023-12-06T18:35:10.758+0000] {processor.py:839} INFO - DAG(s) dict_keys(['tutorial_dag']) retrieved from /usr/local/lib/python3.10/dist-packages/airflow/example_dags/tutorial_dag.py
[2023-12-06T18:35:10.776+0000] {logging_mixin.py:154} INFO - [2023-12-06T18:35:10.775+0000] {dag.py:2941} INFO - Sync 1 DAGs
[2023-12-06T18:35:10.788+0000] {logging_mixin.py:154} INFO - [2023-12-06T18:35:10.788+0000] {dag.py:3722} INFO - Setting next_dagrun for tutorial_dag to None, run_after=None
[2023-12-06T18:35:10.811+0000] {processor.py:179} INFO - Processing /usr/local/lib/python3.10/dist-packages/airflow/example_dags/tutorial_dag.py took 0.065 seconds
[2023-12-06T18:35:57.370+0000] {processor.py:157} INFO - Started process (PID=4545) to work on /usr/local/lib/python3.10/dist-packages/airflow/example_dags/tutorial_dag.py
[2023-12-06T18:35:57.372+0000] {processor.py:829} INFO - Processing file /usr/local/lib/python3.10/dist-packages/airflow/example_dags/tutorial_dag.py for tasks to queue
[2023-12-06T18:35:57.373+0000] {logging_mixin.py:154} INFO - [2023-12-06T18:35:57.372+0000] {dagbag.py:536} INFO - Filling up the DagBag from /usr/local/lib/python3.10/dist-packages/airflow/example_dags/tutorial_dag.py
[2023-12-06T18:35:57.379+0000] {processor.py:839} INFO - DAG(s) dict_keys(['tutorial_dag']) retrieved from /usr/local/lib/python3.10/dist-packages/airflow/example_dags/tutorial_dag.py
[2023-12-06T18:35:57.396+0000] {logging_mixin.py:154} INFO - [2023-12-06T18:35:57.396+0000] {dag.py:2941} INFO - Sync 1 DAGs
[2023-12-06T18:35:57.408+0000] {logging_mixin.py:154} INFO - [2023-12-06T18:35:57.408+0000] {dag.py:3722} INFO - Setting next_dagrun for tutorial_dag to None, run_after=None
[2023-12-06T18:35:57.430+0000] {processor.py:179} INFO - Processing /usr/local/lib/python3.10/dist-packages/airflow/example_dags/tutorial_dag.py took 0.064 seconds
[2023-12-06T18:36:44.463+0000] {processor.py:157} INFO - Started process (PID=4593) to work on /usr/local/lib/python3.10/dist-packages/airflow/example_dags/tutorial_dag.py
[2023-12-06T18:36:44.464+0000] {processor.py:829} INFO - Processing file /usr/local/lib/python3.10/dist-packages/airflow/example_dags/tutorial_dag.py for tasks to queue
[2023-12-06T18:36:44.465+0000] {logging_mixin.py:154} INFO - [2023-12-06T18:36:44.465+0000] {dagbag.py:536} INFO - Filling up the DagBag from /usr/local/lib/python3.10/dist-packages/airflow/example_dags/tutorial_dag.py
[2023-12-06T18:36:44.471+0000] {processor.py:839} INFO - DAG(s) dict_keys(['tutorial_dag']) retrieved from /usr/local/lib/python3.10/dist-packages/airflow/example_dags/tutorial_dag.py
[2023-12-06T18:36:44.489+0000] {logging_mixin.py:154} INFO - [2023-12-06T18:36:44.488+0000] {dag.py:2941} INFO - Sync 1 DAGs
[2023-12-06T18:36:44.500+0000] {logging_mixin.py:154} INFO - [2023-12-06T18:36:44.500+0000] {dag.py:3722} INFO - Setting next_dagrun for tutorial_dag to None, run_after=None
[2023-12-06T18:36:44.522+0000] {processor.py:179} INFO - Processing /usr/local/lib/python3.10/dist-packages/airflow/example_dags/tutorial_dag.py took 0.063 seconds
[2023-12-06T18:37:29.170+0000] {processor.py:157} INFO - Started process (PID=4640) to work on /usr/local/lib/python3.10/dist-packages/airflow/example_dags/tutorial_dag.py
[2023-12-06T18:37:29.171+0000] {processor.py:829} INFO - Processing file /usr/local/lib/python3.10/dist-packages/airflow/example_dags/tutorial_dag.py for tasks to queue
[2023-12-06T18:37:29.172+0000] {logging_mixin.py:154} INFO - [2023-12-06T18:37:29.172+0000] {dagbag.py:536} INFO - Filling up the DagBag from /usr/local/lib/python3.10/dist-packages/airflow/example_dags/tutorial_dag.py
[2023-12-06T18:37:29.178+0000] {processor.py:839} INFO - DAG(s) dict_keys(['tutorial_dag']) retrieved from /usr/local/lib/python3.10/dist-packages/airflow/example_dags/tutorial_dag.py
[2023-12-06T18:37:29.207+0000] {logging_mixin.py:154} INFO - [2023-12-06T18:37:29.207+0000] {dag.py:2941} INFO - Sync 1 DAGs
[2023-12-06T18:37:29.219+0000] {logging_mixin.py:154} INFO - [2023-12-06T18:37:29.219+0000] {dag.py:3722} INFO - Setting next_dagrun for tutorial_dag to None, run_after=None
[2023-12-06T18:37:29.240+0000] {processor.py:179} INFO - Processing /usr/local/lib/python3.10/dist-packages/airflow/example_dags/tutorial_dag.py took 0.074 seconds
[2023-12-06T18:38:15.557+0000] {processor.py:157} INFO - Started process (PID=4687) to work on /usr/local/lib/python3.10/dist-packages/airflow/example_dags/tutorial_dag.py
[2023-12-06T18:38:15.558+0000] {processor.py:829} INFO - Processing file /usr/local/lib/python3.10/dist-packages/airflow/example_dags/tutorial_dag.py for tasks to queue
[2023-12-06T18:38:15.559+0000] {logging_mixin.py:154} INFO - [2023-12-06T18:38:15.559+0000] {dagbag.py:536} INFO - Filling up the DagBag from /usr/local/lib/python3.10/dist-packages/airflow/example_dags/tutorial_dag.py
[2023-12-06T18:38:15.565+0000] {processor.py:839} INFO - DAG(s) dict_keys(['tutorial_dag']) retrieved from /usr/local/lib/python3.10/dist-packages/airflow/example_dags/tutorial_dag.py
[2023-12-06T18:38:15.583+0000] {logging_mixin.py:154} INFO - [2023-12-06T18:38:15.583+0000] {dag.py:2941} INFO - Sync 1 DAGs
[2023-12-06T18:38:15.595+0000] {logging_mixin.py:154} INFO - [2023-12-06T18:38:15.595+0000] {dag.py:3722} INFO - Setting next_dagrun for tutorial_dag to None, run_after=None
[2023-12-06T18:38:15.622+0000] {processor.py:179} INFO - Processing /usr/local/lib/python3.10/dist-packages/airflow/example_dags/tutorial_dag.py took 0.068 seconds
[2023-12-06T18:39:05.521+0000] {processor.py:157} INFO - Started process (PID=4736) to work on /usr/local/lib/python3.10/dist-packages/airflow/example_dags/tutorial_dag.py
[2023-12-06T18:39:05.522+0000] {processor.py:829} INFO - Processing file /usr/local/lib/python3.10/dist-packages/airflow/example_dags/tutorial_dag.py for tasks to queue
[2023-12-06T18:39:05.523+0000] {logging_mixin.py:154} INFO - [2023-12-06T18:39:05.523+0000] {dagbag.py:536} INFO - Filling up the DagBag from /usr/local/lib/python3.10/dist-packages/airflow/example_dags/tutorial_dag.py
[2023-12-06T18:39:05.529+0000] {processor.py:839} INFO - DAG(s) dict_keys(['tutorial_dag']) retrieved from /usr/local/lib/python3.10/dist-packages/airflow/example_dags/tutorial_dag.py
[2023-12-06T18:39:05.547+0000] {logging_mixin.py:154} INFO - [2023-12-06T18:39:05.546+0000] {dag.py:2941} INFO - Sync 1 DAGs
[2023-12-06T18:39:05.559+0000] {logging_mixin.py:154} INFO - [2023-12-06T18:39:05.558+0000] {dag.py:3722} INFO - Setting next_dagrun for tutorial_dag to None, run_after=None
[2023-12-06T18:39:05.581+0000] {processor.py:179} INFO - Processing /usr/local/lib/python3.10/dist-packages/airflow/example_dags/tutorial_dag.py took 0.064 seconds
[2023-12-06T18:39:51.507+0000] {processor.py:157} INFO - Started process (PID=4784) to work on /usr/local/lib/python3.10/dist-packages/airflow/example_dags/tutorial_dag.py
[2023-12-06T18:39:51.508+0000] {processor.py:829} INFO - Processing file /usr/local/lib/python3.10/dist-packages/airflow/example_dags/tutorial_dag.py for tasks to queue
[2023-12-06T18:39:51.509+0000] {logging_mixin.py:154} INFO - [2023-12-06T18:39:51.509+0000] {dagbag.py:536} INFO - Filling up the DagBag from /usr/local/lib/python3.10/dist-packages/airflow/example_dags/tutorial_dag.py
[2023-12-06T18:39:51.515+0000] {processor.py:839} INFO - DAG(s) dict_keys(['tutorial_dag']) retrieved from /usr/local/lib/python3.10/dist-packages/airflow/example_dags/tutorial_dag.py
[2023-12-06T18:39:51.532+0000] {logging_mixin.py:154} INFO - [2023-12-06T18:39:51.532+0000] {dag.py:2941} INFO - Sync 1 DAGs
[2023-12-06T18:39:51.545+0000] {logging_mixin.py:154} INFO - [2023-12-06T18:39:51.544+0000] {dag.py:3722} INFO - Setting next_dagrun for tutorial_dag to None, run_after=None
[2023-12-06T18:39:51.568+0000] {processor.py:179} INFO - Processing /usr/local/lib/python3.10/dist-packages/airflow/example_dags/tutorial_dag.py took 0.064 seconds
[2023-12-06T18:40:43.243+0000] {processor.py:157} INFO - Started process (PID=4835) to work on /usr/local/lib/python3.10/dist-packages/airflow/example_dags/tutorial_dag.py
[2023-12-06T18:40:43.244+0000] {processor.py:829} INFO - Processing file /usr/local/lib/python3.10/dist-packages/airflow/example_dags/tutorial_dag.py for tasks to queue
[2023-12-06T18:40:43.245+0000] {logging_mixin.py:154} INFO - [2023-12-06T18:40:43.244+0000] {dagbag.py:536} INFO - Filling up the DagBag from /usr/local/lib/python3.10/dist-packages/airflow/example_dags/tutorial_dag.py
[2023-12-06T18:40:43.251+0000] {processor.py:839} INFO - DAG(s) dict_keys(['tutorial_dag']) retrieved from /usr/local/lib/python3.10/dist-packages/airflow/example_dags/tutorial_dag.py
[2023-12-06T18:40:43.269+0000] {logging_mixin.py:154} INFO - [2023-12-06T18:40:43.269+0000] {dag.py:2941} INFO - Sync 1 DAGs
[2023-12-06T18:40:43.282+0000] {logging_mixin.py:154} INFO - [2023-12-06T18:40:43.281+0000] {dag.py:3722} INFO - Setting next_dagrun for tutorial_dag to None, run_after=None
[2023-12-06T18:40:43.306+0000] {processor.py:179} INFO - Processing /usr/local/lib/python3.10/dist-packages/airflow/example_dags/tutorial_dag.py took 0.068 seconds
[2023-12-06T18:41:33.851+0000] {processor.py:157} INFO - Started process (PID=4885) to work on /usr/local/lib/python3.10/dist-packages/airflow/example_dags/tutorial_dag.py
[2023-12-06T18:41:33.853+0000] {processor.py:829} INFO - Processing file /usr/local/lib/python3.10/dist-packages/airflow/example_dags/tutorial_dag.py for tasks to queue
[2023-12-06T18:41:33.853+0000] {logging_mixin.py:154} INFO - [2023-12-06T18:41:33.853+0000] {dagbag.py:536} INFO - Filling up the DagBag from /usr/local/lib/python3.10/dist-packages/airflow/example_dags/tutorial_dag.py
[2023-12-06T18:41:33.859+0000] {processor.py:839} INFO - DAG(s) dict_keys(['tutorial_dag']) retrieved from /usr/local/lib/python3.10/dist-packages/airflow/example_dags/tutorial_dag.py
[2023-12-06T18:41:33.877+0000] {logging_mixin.py:154} INFO - [2023-12-06T18:41:33.877+0000] {dag.py:2941} INFO - Sync 1 DAGs
[2023-12-06T18:41:33.889+0000] {logging_mixin.py:154} INFO - [2023-12-06T18:41:33.889+0000] {dag.py:3722} INFO - Setting next_dagrun for tutorial_dag to None, run_after=None
[2023-12-06T18:41:33.974+0000] {processor.py:179} INFO - Processing /usr/local/lib/python3.10/dist-packages/airflow/example_dags/tutorial_dag.py took 0.126 seconds
[2023-12-06T18:42:17.873+0000] {processor.py:157} INFO - Started process (PID=4931) to work on /usr/local/lib/python3.10/dist-packages/airflow/example_dags/tutorial_dag.py
[2023-12-06T18:42:17.875+0000] {processor.py:829} INFO - Processing file /usr/local/lib/python3.10/dist-packages/airflow/example_dags/tutorial_dag.py for tasks to queue
[2023-12-06T18:42:17.876+0000] {logging_mixin.py:154} INFO - [2023-12-06T18:42:17.875+0000] {dagbag.py:536} INFO - Filling up the DagBag from /usr/local/lib/python3.10/dist-packages/airflow/example_dags/tutorial_dag.py
[2023-12-06T18:42:17.881+0000] {processor.py:839} INFO - DAG(s) dict_keys(['tutorial_dag']) retrieved from /usr/local/lib/python3.10/dist-packages/airflow/example_dags/tutorial_dag.py
[2023-12-06T18:42:17.900+0000] {logging_mixin.py:154} INFO - [2023-12-06T18:42:17.899+0000] {dag.py:2941} INFO - Sync 1 DAGs
[2023-12-06T18:42:17.912+0000] {logging_mixin.py:154} INFO - [2023-12-06T18:42:17.912+0000] {dag.py:3722} INFO - Setting next_dagrun for tutorial_dag to None, run_after=None
[2023-12-06T18:42:17.940+0000] {processor.py:179} INFO - Processing /usr/local/lib/python3.10/dist-packages/airflow/example_dags/tutorial_dag.py took 0.070 seconds
[2023-12-06T18:43:09.350+0000] {processor.py:157} INFO - Started process (PID=4982) to work on /usr/local/lib/python3.10/dist-packages/airflow/example_dags/tutorial_dag.py
[2023-12-06T18:43:09.352+0000] {processor.py:829} INFO - Processing file /usr/local/lib/python3.10/dist-packages/airflow/example_dags/tutorial_dag.py for tasks to queue
[2023-12-06T18:43:09.353+0000] {logging_mixin.py:154} INFO - [2023-12-06T18:43:09.352+0000] {dagbag.py:536} INFO - Filling up the DagBag from /usr/local/lib/python3.10/dist-packages/airflow/example_dags/tutorial_dag.py
[2023-12-06T18:43:09.359+0000] {processor.py:839} INFO - DAG(s) dict_keys(['tutorial_dag']) retrieved from /usr/local/lib/python3.10/dist-packages/airflow/example_dags/tutorial_dag.py
[2023-12-06T18:43:09.377+0000] {logging_mixin.py:154} INFO - [2023-12-06T18:43:09.377+0000] {dag.py:2941} INFO - Sync 1 DAGs
[2023-12-06T18:43:09.401+0000] {logging_mixin.py:154} INFO - [2023-12-06T18:43:09.400+0000] {dag.py:3722} INFO - Setting next_dagrun for tutorial_dag to None, run_after=None
[2023-12-06T18:43:09.424+0000] {processor.py:179} INFO - Processing /usr/local/lib/python3.10/dist-packages/airflow/example_dags/tutorial_dag.py took 0.078 seconds
[2023-12-06T18:44:01.083+0000] {processor.py:157} INFO - Started process (PID=5033) to work on /usr/local/lib/python3.10/dist-packages/airflow/example_dags/tutorial_dag.py
[2023-12-06T18:44:01.084+0000] {processor.py:829} INFO - Processing file /usr/local/lib/python3.10/dist-packages/airflow/example_dags/tutorial_dag.py for tasks to queue
[2023-12-06T18:44:01.085+0000] {logging_mixin.py:154} INFO - [2023-12-06T18:44:01.085+0000] {dagbag.py:536} INFO - Filling up the DagBag from /usr/local/lib/python3.10/dist-packages/airflow/example_dags/tutorial_dag.py
[2023-12-06T18:44:01.091+0000] {processor.py:839} INFO - DAG(s) dict_keys(['tutorial_dag']) retrieved from /usr/local/lib/python3.10/dist-packages/airflow/example_dags/tutorial_dag.py
[2023-12-06T18:44:01.109+0000] {logging_mixin.py:154} INFO - [2023-12-06T18:44:01.109+0000] {dag.py:2941} INFO - Sync 1 DAGs
[2023-12-06T18:44:01.122+0000] {logging_mixin.py:154} INFO - [2023-12-06T18:44:01.121+0000] {dag.py:3722} INFO - Setting next_dagrun for tutorial_dag to None, run_after=None
[2023-12-06T18:44:01.145+0000] {processor.py:179} INFO - Processing /usr/local/lib/python3.10/dist-packages/airflow/example_dags/tutorial_dag.py took 0.066 seconds
[2023-12-06T18:44:50.274+0000] {processor.py:157} INFO - Started process (PID=5083) to work on /usr/local/lib/python3.10/dist-packages/airflow/example_dags/tutorial_dag.py
[2023-12-06T18:44:50.275+0000] {processor.py:829} INFO - Processing file /usr/local/lib/python3.10/dist-packages/airflow/example_dags/tutorial_dag.py for tasks to queue
[2023-12-06T18:44:50.276+0000] {logging_mixin.py:154} INFO - [2023-12-06T18:44:50.276+0000] {dagbag.py:536} INFO - Filling up the DagBag from /usr/local/lib/python3.10/dist-packages/airflow/example_dags/tutorial_dag.py
[2023-12-06T18:44:50.282+0000] {processor.py:839} INFO - DAG(s) dict_keys(['tutorial_dag']) retrieved from /usr/local/lib/python3.10/dist-packages/airflow/example_dags/tutorial_dag.py
[2023-12-06T18:44:50.299+0000] {logging_mixin.py:154} INFO - [2023-12-06T18:44:50.299+0000] {dag.py:2941} INFO - Sync 1 DAGs
[2023-12-06T18:44:50.311+0000] {logging_mixin.py:154} INFO - [2023-12-06T18:44:50.311+0000] {dag.py:3722} INFO - Setting next_dagrun for tutorial_dag to None, run_after=None
[2023-12-06T18:44:50.334+0000] {processor.py:179} INFO - Processing /usr/local/lib/python3.10/dist-packages/airflow/example_dags/tutorial_dag.py took 0.064 seconds
[2023-12-06T18:45:34.894+0000] {processor.py:157} INFO - Started process (PID=5131) to work on /usr/local/lib/python3.10/dist-packages/airflow/example_dags/tutorial_dag.py
[2023-12-06T18:45:34.896+0000] {processor.py:829} INFO - Processing file /usr/local/lib/python3.10/dist-packages/airflow/example_dags/tutorial_dag.py for tasks to queue
[2023-12-06T18:45:34.896+0000] {logging_mixin.py:154} INFO - [2023-12-06T18:45:34.896+0000] {dagbag.py:536} INFO - Filling up the DagBag from /usr/local/lib/python3.10/dist-packages/airflow/example_dags/tutorial_dag.py
[2023-12-06T18:45:34.902+0000] {processor.py:839} INFO - DAG(s) dict_keys(['tutorial_dag']) retrieved from /usr/local/lib/python3.10/dist-packages/airflow/example_dags/tutorial_dag.py
[2023-12-06T18:45:34.921+0000] {logging_mixin.py:154} INFO - [2023-12-06T18:45:34.921+0000] {dag.py:2941} INFO - Sync 1 DAGs
[2023-12-06T18:45:34.935+0000] {logging_mixin.py:154} INFO - [2023-12-06T18:45:34.935+0000] {dag.py:3722} INFO - Setting next_dagrun for tutorial_dag to None, run_after=None
[2023-12-06T18:45:34.978+0000] {processor.py:179} INFO - Processing /usr/local/lib/python3.10/dist-packages/airflow/example_dags/tutorial_dag.py took 0.088 seconds
[2023-12-06T18:46:18.977+0000] {processor.py:157} INFO - Started process (PID=5177) to work on /usr/local/lib/python3.10/dist-packages/airflow/example_dags/tutorial_dag.py
[2023-12-06T18:46:18.979+0000] {processor.py:829} INFO - Processing file /usr/local/lib/python3.10/dist-packages/airflow/example_dags/tutorial_dag.py for tasks to queue
[2023-12-06T18:46:18.979+0000] {logging_mixin.py:154} INFO - [2023-12-06T18:46:18.979+0000] {dagbag.py:536} INFO - Filling up the DagBag from /usr/local/lib/python3.10/dist-packages/airflow/example_dags/tutorial_dag.py
[2023-12-06T18:46:18.986+0000] {processor.py:839} INFO - DAG(s) dict_keys(['tutorial_dag']) retrieved from /usr/local/lib/python3.10/dist-packages/airflow/example_dags/tutorial_dag.py
[2023-12-06T18:46:19.004+0000] {logging_mixin.py:154} INFO - [2023-12-06T18:46:19.003+0000] {dag.py:2941} INFO - Sync 1 DAGs
[2023-12-06T18:46:19.016+0000] {logging_mixin.py:154} INFO - [2023-12-06T18:46:19.016+0000] {dag.py:3722} INFO - Setting next_dagrun for tutorial_dag to None, run_after=None
[2023-12-06T18:46:19.039+0000] {processor.py:179} INFO - Processing /usr/local/lib/python3.10/dist-packages/airflow/example_dags/tutorial_dag.py took 0.066 seconds
[2023-12-06T18:47:03.413+0000] {processor.py:157} INFO - Started process (PID=5224) to work on /usr/local/lib/python3.10/dist-packages/airflow/example_dags/tutorial_dag.py
[2023-12-06T18:47:03.415+0000] {processor.py:829} INFO - Processing file /usr/local/lib/python3.10/dist-packages/airflow/example_dags/tutorial_dag.py for tasks to queue
[2023-12-06T18:47:03.415+0000] {logging_mixin.py:154} INFO - [2023-12-06T18:47:03.415+0000] {dagbag.py:536} INFO - Filling up the DagBag from /usr/local/lib/python3.10/dist-packages/airflow/example_dags/tutorial_dag.py
[2023-12-06T18:47:03.422+0000] {processor.py:839} INFO - DAG(s) dict_keys(['tutorial_dag']) retrieved from /usr/local/lib/python3.10/dist-packages/airflow/example_dags/tutorial_dag.py
[2023-12-06T18:47:03.440+0000] {logging_mixin.py:154} INFO - [2023-12-06T18:47:03.440+0000] {dag.py:2941} INFO - Sync 1 DAGs
[2023-12-06T18:47:03.453+0000] {logging_mixin.py:154} INFO - [2023-12-06T18:47:03.453+0000] {dag.py:3722} INFO - Setting next_dagrun for tutorial_dag to None, run_after=None
[2023-12-06T18:47:03.480+0000] {processor.py:179} INFO - Processing /usr/local/lib/python3.10/dist-packages/airflow/example_dags/tutorial_dag.py took 0.071 seconds
[2023-12-06T18:47:54.129+0000] {processor.py:157} INFO - Started process (PID=5276) to work on /usr/local/lib/python3.10/dist-packages/airflow/example_dags/tutorial_dag.py
[2023-12-06T18:47:54.130+0000] {processor.py:829} INFO - Processing file /usr/local/lib/python3.10/dist-packages/airflow/example_dags/tutorial_dag.py for tasks to queue
[2023-12-06T18:47:54.131+0000] {logging_mixin.py:154} INFO - [2023-12-06T18:47:54.131+0000] {dagbag.py:536} INFO - Filling up the DagBag from /usr/local/lib/python3.10/dist-packages/airflow/example_dags/tutorial_dag.py
[2023-12-06T18:47:54.137+0000] {processor.py:839} INFO - DAG(s) dict_keys(['tutorial_dag']) retrieved from /usr/local/lib/python3.10/dist-packages/airflow/example_dags/tutorial_dag.py
[2023-12-06T18:47:54.154+0000] {logging_mixin.py:154} INFO - [2023-12-06T18:47:54.154+0000] {dag.py:2941} INFO - Sync 1 DAGs
[2023-12-06T18:47:54.166+0000] {logging_mixin.py:154} INFO - [2023-12-06T18:47:54.166+0000] {dag.py:3722} INFO - Setting next_dagrun for tutorial_dag to None, run_after=None
[2023-12-06T18:47:54.188+0000] {processor.py:179} INFO - Processing /usr/local/lib/python3.10/dist-packages/airflow/example_dags/tutorial_dag.py took 0.063 seconds
[2023-12-06T18:48:44.836+0000] {processor.py:157} INFO - Started process (PID=5326) to work on /usr/local/lib/python3.10/dist-packages/airflow/example_dags/tutorial_dag.py
[2023-12-06T18:48:44.838+0000] {processor.py:829} INFO - Processing file /usr/local/lib/python3.10/dist-packages/airflow/example_dags/tutorial_dag.py for tasks to queue
[2023-12-06T18:48:44.838+0000] {logging_mixin.py:154} INFO - [2023-12-06T18:48:44.838+0000] {dagbag.py:536} INFO - Filling up the DagBag from /usr/local/lib/python3.10/dist-packages/airflow/example_dags/tutorial_dag.py
[2023-12-06T18:48:44.845+0000] {processor.py:839} INFO - DAG(s) dict_keys(['tutorial_dag']) retrieved from /usr/local/lib/python3.10/dist-packages/airflow/example_dags/tutorial_dag.py
[2023-12-06T18:48:44.862+0000] {logging_mixin.py:154} INFO - [2023-12-06T18:48:44.861+0000] {dag.py:2941} INFO - Sync 1 DAGs
[2023-12-06T18:48:44.874+0000] {logging_mixin.py:154} INFO - [2023-12-06T18:48:44.873+0000] {dag.py:3722} INFO - Setting next_dagrun for tutorial_dag to None, run_after=None
[2023-12-06T18:48:44.894+0000] {processor.py:179} INFO - Processing /usr/local/lib/python3.10/dist-packages/airflow/example_dags/tutorial_dag.py took 0.062 seconds
[2023-12-06T18:49:30.764+0000] {processor.py:157} INFO - Started process (PID=5373) to work on /usr/local/lib/python3.10/dist-packages/airflow/example_dags/tutorial_dag.py
[2023-12-06T18:49:30.766+0000] {processor.py:829} INFO - Processing file /usr/local/lib/python3.10/dist-packages/airflow/example_dags/tutorial_dag.py for tasks to queue
[2023-12-06T18:49:30.767+0000] {logging_mixin.py:154} INFO - [2023-12-06T18:49:30.767+0000] {dagbag.py:536} INFO - Filling up the DagBag from /usr/local/lib/python3.10/dist-packages/airflow/example_dags/tutorial_dag.py
[2023-12-06T18:49:30.773+0000] {processor.py:839} INFO - DAG(s) dict_keys(['tutorial_dag']) retrieved from /usr/local/lib/python3.10/dist-packages/airflow/example_dags/tutorial_dag.py
[2023-12-06T18:49:30.791+0000] {logging_mixin.py:154} INFO - [2023-12-06T18:49:30.791+0000] {dag.py:2941} INFO - Sync 1 DAGs
[2023-12-06T18:49:30.803+0000] {logging_mixin.py:154} INFO - [2023-12-06T18:49:30.803+0000] {dag.py:3722} INFO - Setting next_dagrun for tutorial_dag to None, run_after=None
[2023-12-06T18:49:30.835+0000] {processor.py:179} INFO - Processing /usr/local/lib/python3.10/dist-packages/airflow/example_dags/tutorial_dag.py took 0.074 seconds
[2023-12-06T18:50:10.979+0000] {processor.py:157} INFO - Started process (PID=5417) to work on /usr/local/lib/python3.10/dist-packages/airflow/example_dags/tutorial_dag.py
[2023-12-06T18:50:10.980+0000] {processor.py:829} INFO - Processing file /usr/local/lib/python3.10/dist-packages/airflow/example_dags/tutorial_dag.py for tasks to queue
[2023-12-06T18:50:10.981+0000] {logging_mixin.py:154} INFO - [2023-12-06T18:50:10.980+0000] {dagbag.py:536} INFO - Filling up the DagBag from /usr/local/lib/python3.10/dist-packages/airflow/example_dags/tutorial_dag.py
[2023-12-06T18:50:10.987+0000] {processor.py:839} INFO - DAG(s) dict_keys(['tutorial_dag']) retrieved from /usr/local/lib/python3.10/dist-packages/airflow/example_dags/tutorial_dag.py
[2023-12-06T18:50:11.004+0000] {logging_mixin.py:154} INFO - [2023-12-06T18:50:11.004+0000] {dag.py:2941} INFO - Sync 1 DAGs
[2023-12-06T18:50:11.017+0000] {logging_mixin.py:154} INFO - [2023-12-06T18:50:11.017+0000] {dag.py:3722} INFO - Setting next_dagrun for tutorial_dag to None, run_after=None
[2023-12-06T18:50:11.040+0000] {processor.py:179} INFO - Processing /usr/local/lib/python3.10/dist-packages/airflow/example_dags/tutorial_dag.py took 0.065 seconds
[2023-12-06T18:50:55.464+0000] {processor.py:157} INFO - Started process (PID=5466) to work on /usr/local/lib/python3.10/dist-packages/airflow/example_dags/tutorial_dag.py
[2023-12-06T18:50:55.466+0000] {processor.py:829} INFO - Processing file /usr/local/lib/python3.10/dist-packages/airflow/example_dags/tutorial_dag.py for tasks to queue
[2023-12-06T18:50:55.466+0000] {logging_mixin.py:154} INFO - [2023-12-06T18:50:55.466+0000] {dagbag.py:536} INFO - Filling up the DagBag from /usr/local/lib/python3.10/dist-packages/airflow/example_dags/tutorial_dag.py
[2023-12-06T18:50:55.473+0000] {processor.py:839} INFO - DAG(s) dict_keys(['tutorial_dag']) retrieved from /usr/local/lib/python3.10/dist-packages/airflow/example_dags/tutorial_dag.py
[2023-12-06T18:50:55.490+0000] {logging_mixin.py:154} INFO - [2023-12-06T18:50:55.490+0000] {dag.py:2941} INFO - Sync 1 DAGs
[2023-12-06T18:50:55.502+0000] {logging_mixin.py:154} INFO - [2023-12-06T18:50:55.502+0000] {dag.py:3722} INFO - Setting next_dagrun for tutorial_dag to None, run_after=None
[2023-12-06T18:50:55.530+0000] {processor.py:179} INFO - Processing /usr/local/lib/python3.10/dist-packages/airflow/example_dags/tutorial_dag.py took 0.070 seconds
[2023-12-06T18:51:38.104+0000] {processor.py:157} INFO - Started process (PID=5511) to work on /usr/local/lib/python3.10/dist-packages/airflow/example_dags/tutorial_dag.py
[2023-12-06T18:51:38.105+0000] {processor.py:829} INFO - Processing file /usr/local/lib/python3.10/dist-packages/airflow/example_dags/tutorial_dag.py for tasks to queue
[2023-12-06T18:51:38.106+0000] {logging_mixin.py:154} INFO - [2023-12-06T18:51:38.106+0000] {dagbag.py:536} INFO - Filling up the DagBag from /usr/local/lib/python3.10/dist-packages/airflow/example_dags/tutorial_dag.py
[2023-12-06T18:51:38.112+0000] {processor.py:839} INFO - DAG(s) dict_keys(['tutorial_dag']) retrieved from /usr/local/lib/python3.10/dist-packages/airflow/example_dags/tutorial_dag.py
[2023-12-06T18:51:38.130+0000] {logging_mixin.py:154} INFO - [2023-12-06T18:51:38.130+0000] {dag.py:2941} INFO - Sync 1 DAGs
[2023-12-06T18:51:38.142+0000] {logging_mixin.py:154} INFO - [2023-12-06T18:51:38.142+0000] {dag.py:3722} INFO - Setting next_dagrun for tutorial_dag to None, run_after=None
[2023-12-06T18:51:38.165+0000] {processor.py:179} INFO - Processing /usr/local/lib/python3.10/dist-packages/airflow/example_dags/tutorial_dag.py took 0.065 seconds
[2023-12-06T18:52:24.095+0000] {processor.py:157} INFO - Started process (PID=5558) to work on /usr/local/lib/python3.10/dist-packages/airflow/example_dags/tutorial_dag.py
[2023-12-06T18:52:24.096+0000] {processor.py:829} INFO - Processing file /usr/local/lib/python3.10/dist-packages/airflow/example_dags/tutorial_dag.py for tasks to queue
[2023-12-06T18:52:24.097+0000] {logging_mixin.py:154} INFO - [2023-12-06T18:52:24.097+0000] {dagbag.py:536} INFO - Filling up the DagBag from /usr/local/lib/python3.10/dist-packages/airflow/example_dags/tutorial_dag.py
[2023-12-06T18:52:24.103+0000] {processor.py:839} INFO - DAG(s) dict_keys(['tutorial_dag']) retrieved from /usr/local/lib/python3.10/dist-packages/airflow/example_dags/tutorial_dag.py
[2023-12-06T18:52:24.121+0000] {logging_mixin.py:154} INFO - [2023-12-06T18:52:24.121+0000] {dag.py:2941} INFO - Sync 1 DAGs
[2023-12-06T18:52:24.134+0000] {logging_mixin.py:154} INFO - [2023-12-06T18:52:24.134+0000] {dag.py:3722} INFO - Setting next_dagrun for tutorial_dag to None, run_after=None
[2023-12-06T18:52:24.161+0000] {processor.py:179} INFO - Processing /usr/local/lib/python3.10/dist-packages/airflow/example_dags/tutorial_dag.py took 0.070 seconds
[2023-12-06T18:53:11.213+0000] {processor.py:157} INFO - Started process (PID=5606) to work on /usr/local/lib/python3.10/dist-packages/airflow/example_dags/tutorial_dag.py
[2023-12-06T18:53:11.215+0000] {processor.py:829} INFO - Processing file /usr/local/lib/python3.10/dist-packages/airflow/example_dags/tutorial_dag.py for tasks to queue
[2023-12-06T18:53:11.216+0000] {logging_mixin.py:154} INFO - [2023-12-06T18:53:11.215+0000] {dagbag.py:536} INFO - Filling up the DagBag from /usr/local/lib/python3.10/dist-packages/airflow/example_dags/tutorial_dag.py
[2023-12-06T18:53:11.222+0000] {processor.py:839} INFO - DAG(s) dict_keys(['tutorial_dag']) retrieved from /usr/local/lib/python3.10/dist-packages/airflow/example_dags/tutorial_dag.py
[2023-12-06T18:53:11.240+0000] {logging_mixin.py:154} INFO - [2023-12-06T18:53:11.240+0000] {dag.py:2941} INFO - Sync 1 DAGs
[2023-12-06T18:53:11.252+0000] {logging_mixin.py:154} INFO - [2023-12-06T18:53:11.252+0000] {dag.py:3722} INFO - Setting next_dagrun for tutorial_dag to None, run_after=None
[2023-12-06T18:53:11.279+0000] {processor.py:179} INFO - Processing /usr/local/lib/python3.10/dist-packages/airflow/example_dags/tutorial_dag.py took 0.069 seconds
[2023-12-06T18:53:53.929+0000] {processor.py:157} INFO - Started process (PID=5652) to work on /usr/local/lib/python3.10/dist-packages/airflow/example_dags/tutorial_dag.py
[2023-12-06T18:53:53.931+0000] {processor.py:829} INFO - Processing file /usr/local/lib/python3.10/dist-packages/airflow/example_dags/tutorial_dag.py for tasks to queue
[2023-12-06T18:53:53.932+0000] {logging_mixin.py:154} INFO - [2023-12-06T18:53:53.931+0000] {dagbag.py:536} INFO - Filling up the DagBag from /usr/local/lib/python3.10/dist-packages/airflow/example_dags/tutorial_dag.py
[2023-12-06T18:53:53.938+0000] {processor.py:839} INFO - DAG(s) dict_keys(['tutorial_dag']) retrieved from /usr/local/lib/python3.10/dist-packages/airflow/example_dags/tutorial_dag.py
[2023-12-06T18:53:53.956+0000] {logging_mixin.py:154} INFO - [2023-12-06T18:53:53.956+0000] {dag.py:2941} INFO - Sync 1 DAGs
[2023-12-06T18:53:53.969+0000] {logging_mixin.py:154} INFO - [2023-12-06T18:53:53.969+0000] {dag.py:3722} INFO - Setting next_dagrun for tutorial_dag to None, run_after=None
[2023-12-06T18:53:53.995+0000] {processor.py:179} INFO - Processing /usr/local/lib/python3.10/dist-packages/airflow/example_dags/tutorial_dag.py took 0.069 seconds
[2023-12-06T18:54:37.676+0000] {processor.py:157} INFO - Started process (PID=5696) to work on /usr/local/lib/python3.10/dist-packages/airflow/example_dags/tutorial_dag.py
[2023-12-06T18:54:37.677+0000] {processor.py:829} INFO - Processing file /usr/local/lib/python3.10/dist-packages/airflow/example_dags/tutorial_dag.py for tasks to queue
[2023-12-06T18:54:37.678+0000] {logging_mixin.py:154} INFO - [2023-12-06T18:54:37.678+0000] {dagbag.py:536} INFO - Filling up the DagBag from /usr/local/lib/python3.10/dist-packages/airflow/example_dags/tutorial_dag.py
[2023-12-06T18:54:37.685+0000] {processor.py:839} INFO - DAG(s) dict_keys(['tutorial_dag']) retrieved from /usr/local/lib/python3.10/dist-packages/airflow/example_dags/tutorial_dag.py
[2023-12-06T18:54:37.703+0000] {logging_mixin.py:154} INFO - [2023-12-06T18:54:37.702+0000] {dag.py:2941} INFO - Sync 1 DAGs
[2023-12-06T18:54:37.715+0000] {logging_mixin.py:154} INFO - [2023-12-06T18:54:37.715+0000] {dag.py:3722} INFO - Setting next_dagrun for tutorial_dag to None, run_after=None
[2023-12-06T18:54:37.740+0000] {processor.py:179} INFO - Processing /usr/local/lib/python3.10/dist-packages/airflow/example_dags/tutorial_dag.py took 0.068 seconds
[2023-12-06T18:55:21.901+0000] {processor.py:157} INFO - Started process (PID=5742) to work on /usr/local/lib/python3.10/dist-packages/airflow/example_dags/tutorial_dag.py
[2023-12-06T18:55:21.903+0000] {processor.py:829} INFO - Processing file /usr/local/lib/python3.10/dist-packages/airflow/example_dags/tutorial_dag.py for tasks to queue
[2023-12-06T18:55:21.903+0000] {logging_mixin.py:154} INFO - [2023-12-06T18:55:21.903+0000] {dagbag.py:536} INFO - Filling up the DagBag from /usr/local/lib/python3.10/dist-packages/airflow/example_dags/tutorial_dag.py
[2023-12-06T18:55:21.910+0000] {processor.py:839} INFO - DAG(s) dict_keys(['tutorial_dag']) retrieved from /usr/local/lib/python3.10/dist-packages/airflow/example_dags/tutorial_dag.py
[2023-12-06T18:55:21.928+0000] {logging_mixin.py:154} INFO - [2023-12-06T18:55:21.928+0000] {dag.py:2941} INFO - Sync 1 DAGs
[2023-12-06T18:55:21.941+0000] {logging_mixin.py:154} INFO - [2023-12-06T18:55:21.940+0000] {dag.py:3722} INFO - Setting next_dagrun for tutorial_dag to None, run_after=None
[2023-12-06T18:55:21.964+0000] {processor.py:179} INFO - Processing /usr/local/lib/python3.10/dist-packages/airflow/example_dags/tutorial_dag.py took 0.067 seconds
[2023-12-06T18:56:07.413+0000] {processor.py:157} INFO - Started process (PID=5790) to work on /usr/local/lib/python3.10/dist-packages/airflow/example_dags/tutorial_dag.py
[2023-12-06T18:56:07.415+0000] {processor.py:829} INFO - Processing file /usr/local/lib/python3.10/dist-packages/airflow/example_dags/tutorial_dag.py for tasks to queue
[2023-12-06T18:56:07.416+0000] {logging_mixin.py:154} INFO - [2023-12-06T18:56:07.415+0000] {dagbag.py:536} INFO - Filling up the DagBag from /usr/local/lib/python3.10/dist-packages/airflow/example_dags/tutorial_dag.py
[2023-12-06T18:56:07.422+0000] {processor.py:839} INFO - DAG(s) dict_keys(['tutorial_dag']) retrieved from /usr/local/lib/python3.10/dist-packages/airflow/example_dags/tutorial_dag.py
[2023-12-06T18:56:07.441+0000] {logging_mixin.py:154} INFO - [2023-12-06T18:56:07.440+0000] {dag.py:2941} INFO - Sync 1 DAGs
[2023-12-06T18:56:07.454+0000] {logging_mixin.py:154} INFO - [2023-12-06T18:56:07.454+0000] {dag.py:3722} INFO - Setting next_dagrun for tutorial_dag to None, run_after=None
[2023-12-06T18:56:07.478+0000] {processor.py:179} INFO - Processing /usr/local/lib/python3.10/dist-packages/airflow/example_dags/tutorial_dag.py took 0.069 seconds
[2023-12-06T18:56:54.374+0000] {processor.py:157} INFO - Started process (PID=5838) to work on /usr/local/lib/python3.10/dist-packages/airflow/example_dags/tutorial_dag.py
[2023-12-06T18:56:54.376+0000] {processor.py:829} INFO - Processing file /usr/local/lib/python3.10/dist-packages/airflow/example_dags/tutorial_dag.py for tasks to queue
[2023-12-06T18:56:54.377+0000] {logging_mixin.py:154} INFO - [2023-12-06T18:56:54.376+0000] {dagbag.py:536} INFO - Filling up the DagBag from /usr/local/lib/python3.10/dist-packages/airflow/example_dags/tutorial_dag.py
[2023-12-06T18:56:54.383+0000] {processor.py:839} INFO - DAG(s) dict_keys(['tutorial_dag']) retrieved from /usr/local/lib/python3.10/dist-packages/airflow/example_dags/tutorial_dag.py
[2023-12-06T18:56:54.401+0000] {logging_mixin.py:154} INFO - [2023-12-06T18:56:54.400+0000] {dag.py:2941} INFO - Sync 1 DAGs
[2023-12-06T18:56:54.413+0000] {logging_mixin.py:154} INFO - [2023-12-06T18:56:54.412+0000] {dag.py:3722} INFO - Setting next_dagrun for tutorial_dag to None, run_after=None
[2023-12-06T18:56:54.464+0000] {processor.py:179} INFO - Processing /usr/local/lib/python3.10/dist-packages/airflow/example_dags/tutorial_dag.py took 0.093 seconds
[2023-12-06T18:57:44.578+0000] {processor.py:157} INFO - Started process (PID=5889) to work on /usr/local/lib/python3.10/dist-packages/airflow/example_dags/tutorial_dag.py
[2023-12-06T18:57:44.580+0000] {processor.py:829} INFO - Processing file /usr/local/lib/python3.10/dist-packages/airflow/example_dags/tutorial_dag.py for tasks to queue
[2023-12-06T18:57:44.581+0000] {logging_mixin.py:154} INFO - [2023-12-06T18:57:44.580+0000] {dagbag.py:536} INFO - Filling up the DagBag from /usr/local/lib/python3.10/dist-packages/airflow/example_dags/tutorial_dag.py
[2023-12-06T18:57:44.587+0000] {processor.py:839} INFO - DAG(s) dict_keys(['tutorial_dag']) retrieved from /usr/local/lib/python3.10/dist-packages/airflow/example_dags/tutorial_dag.py
[2023-12-06T18:57:44.604+0000] {logging_mixin.py:154} INFO - [2023-12-06T18:57:44.604+0000] {dag.py:2941} INFO - Sync 1 DAGs
[2023-12-06T18:57:44.617+0000] {logging_mixin.py:154} INFO - [2023-12-06T18:57:44.616+0000] {dag.py:3722} INFO - Setting next_dagrun for tutorial_dag to None, run_after=None
[2023-12-06T18:57:44.639+0000] {processor.py:179} INFO - Processing /usr/local/lib/python3.10/dist-packages/airflow/example_dags/tutorial_dag.py took 0.064 seconds
[2023-12-06T18:58:26.914+0000] {processor.py:157} INFO - Started process (PID=5935) to work on /usr/local/lib/python3.10/dist-packages/airflow/example_dags/tutorial_dag.py
[2023-12-06T18:58:26.915+0000] {processor.py:829} INFO - Processing file /usr/local/lib/python3.10/dist-packages/airflow/example_dags/tutorial_dag.py for tasks to queue
[2023-12-06T18:58:26.916+0000] {logging_mixin.py:154} INFO - [2023-12-06T18:58:26.916+0000] {dagbag.py:536} INFO - Filling up the DagBag from /usr/local/lib/python3.10/dist-packages/airflow/example_dags/tutorial_dag.py
[2023-12-06T18:58:26.922+0000] {processor.py:839} INFO - DAG(s) dict_keys(['tutorial_dag']) retrieved from /usr/local/lib/python3.10/dist-packages/airflow/example_dags/tutorial_dag.py
[2023-12-06T18:58:26.940+0000] {logging_mixin.py:154} INFO - [2023-12-06T18:58:26.940+0000] {dag.py:2941} INFO - Sync 1 DAGs
[2023-12-06T18:58:26.953+0000] {logging_mixin.py:154} INFO - [2023-12-06T18:58:26.952+0000] {dag.py:3722} INFO - Setting next_dagrun for tutorial_dag to None, run_after=None
[2023-12-06T18:58:26.974+0000] {processor.py:179} INFO - Processing /usr/local/lib/python3.10/dist-packages/airflow/example_dags/tutorial_dag.py took 0.064 seconds
[2023-12-06T18:59:13.309+0000] {processor.py:157} INFO - Started process (PID=5982) to work on /usr/local/lib/python3.10/dist-packages/airflow/example_dags/tutorial_dag.py
[2023-12-06T18:59:13.310+0000] {processor.py:829} INFO - Processing file /usr/local/lib/python3.10/dist-packages/airflow/example_dags/tutorial_dag.py for tasks to queue
[2023-12-06T18:59:13.311+0000] {logging_mixin.py:154} INFO - [2023-12-06T18:59:13.311+0000] {dagbag.py:536} INFO - Filling up the DagBag from /usr/local/lib/python3.10/dist-packages/airflow/example_dags/tutorial_dag.py
[2023-12-06T18:59:13.317+0000] {processor.py:839} INFO - DAG(s) dict_keys(['tutorial_dag']) retrieved from /usr/local/lib/python3.10/dist-packages/airflow/example_dags/tutorial_dag.py
[2023-12-06T18:59:13.335+0000] {logging_mixin.py:154} INFO - [2023-12-06T18:59:13.335+0000] {dag.py:2941} INFO - Sync 1 DAGs
[2023-12-06T18:59:13.347+0000] {logging_mixin.py:154} INFO - [2023-12-06T18:59:13.347+0000] {dag.py:3722} INFO - Setting next_dagrun for tutorial_dag to None, run_after=None
[2023-12-06T18:59:13.369+0000] {processor.py:179} INFO - Processing /usr/local/lib/python3.10/dist-packages/airflow/example_dags/tutorial_dag.py took 0.063 seconds
[2023-12-06T18:59:57.947+0000] {processor.py:157} INFO - Started process (PID=6094) to work on /usr/local/lib/python3.10/dist-packages/airflow/example_dags/tutorial_dag.py
[2023-12-06T18:59:57.949+0000] {processor.py:829} INFO - Processing file /usr/local/lib/python3.10/dist-packages/airflow/example_dags/tutorial_dag.py for tasks to queue
[2023-12-06T18:59:57.950+0000] {logging_mixin.py:154} INFO - [2023-12-06T18:59:57.949+0000] {dagbag.py:536} INFO - Filling up the DagBag from /usr/local/lib/python3.10/dist-packages/airflow/example_dags/tutorial_dag.py
[2023-12-06T18:59:57.956+0000] {processor.py:839} INFO - DAG(s) dict_keys(['tutorial_dag']) retrieved from /usr/local/lib/python3.10/dist-packages/airflow/example_dags/tutorial_dag.py
[2023-12-06T18:59:57.974+0000] {logging_mixin.py:154} INFO - [2023-12-06T18:59:57.974+0000] {dag.py:2941} INFO - Sync 1 DAGs
[2023-12-06T18:59:57.986+0000] {logging_mixin.py:154} INFO - [2023-12-06T18:59:57.986+0000] {dag.py:3722} INFO - Setting next_dagrun for tutorial_dag to None, run_after=None
[2023-12-06T18:59:58.009+0000] {processor.py:179} INFO - Processing /usr/local/lib/python3.10/dist-packages/airflow/example_dags/tutorial_dag.py took 0.065 seconds
[2023-12-06T19:00:50.606+0000] {processor.py:157} INFO - Started process (PID=6385) to work on /usr/local/lib/python3.10/dist-packages/airflow/example_dags/tutorial_dag.py
[2023-12-06T19:00:50.608+0000] {processor.py:829} INFO - Processing file /usr/local/lib/python3.10/dist-packages/airflow/example_dags/tutorial_dag.py for tasks to queue
[2023-12-06T19:00:50.609+0000] {logging_mixin.py:154} INFO - [2023-12-06T19:00:50.608+0000] {dagbag.py:536} INFO - Filling up the DagBag from /usr/local/lib/python3.10/dist-packages/airflow/example_dags/tutorial_dag.py
[2023-12-06T19:00:50.615+0000] {processor.py:839} INFO - DAG(s) dict_keys(['tutorial_dag']) retrieved from /usr/local/lib/python3.10/dist-packages/airflow/example_dags/tutorial_dag.py
[2023-12-06T19:00:50.633+0000] {logging_mixin.py:154} INFO - [2023-12-06T19:00:50.633+0000] {dag.py:2941} INFO - Sync 1 DAGs
[2023-12-06T19:00:50.645+0000] {logging_mixin.py:154} INFO - [2023-12-06T19:00:50.645+0000] {dag.py:3722} INFO - Setting next_dagrun for tutorial_dag to None, run_after=None
[2023-12-06T19:00:50.674+0000] {processor.py:179} INFO - Processing /usr/local/lib/python3.10/dist-packages/airflow/example_dags/tutorial_dag.py took 0.071 seconds
[2023-12-06T19:01:40.997+0000] {processor.py:157} INFO - Started process (PID=6489) to work on /usr/local/lib/python3.10/dist-packages/airflow/example_dags/tutorial_dag.py
[2023-12-06T19:01:41.002+0000] {processor.py:829} INFO - Processing file /usr/local/lib/python3.10/dist-packages/airflow/example_dags/tutorial_dag.py for tasks to queue
[2023-12-06T19:01:41.003+0000] {logging_mixin.py:154} INFO - [2023-12-06T19:01:41.002+0000] {dagbag.py:536} INFO - Filling up the DagBag from /usr/local/lib/python3.10/dist-packages/airflow/example_dags/tutorial_dag.py
[2023-12-06T19:01:41.009+0000] {processor.py:839} INFO - DAG(s) dict_keys(['tutorial_dag']) retrieved from /usr/local/lib/python3.10/dist-packages/airflow/example_dags/tutorial_dag.py
[2023-12-06T19:01:41.027+0000] {logging_mixin.py:154} INFO - [2023-12-06T19:01:41.027+0000] {dag.py:2941} INFO - Sync 1 DAGs
[2023-12-06T19:01:41.040+0000] {logging_mixin.py:154} INFO - [2023-12-06T19:01:41.040+0000] {dag.py:3722} INFO - Setting next_dagrun for tutorial_dag to None, run_after=None
[2023-12-06T19:01:41.070+0000] {processor.py:179} INFO - Processing /usr/local/lib/python3.10/dist-packages/airflow/example_dags/tutorial_dag.py took 0.077 seconds
[2023-12-06T19:02:25.378+0000] {processor.py:157} INFO - Started process (PID=6537) to work on /usr/local/lib/python3.10/dist-packages/airflow/example_dags/tutorial_dag.py
[2023-12-06T19:02:25.379+0000] {processor.py:829} INFO - Processing file /usr/local/lib/python3.10/dist-packages/airflow/example_dags/tutorial_dag.py for tasks to queue
[2023-12-06T19:02:25.380+0000] {logging_mixin.py:154} INFO - [2023-12-06T19:02:25.379+0000] {dagbag.py:536} INFO - Filling up the DagBag from /usr/local/lib/python3.10/dist-packages/airflow/example_dags/tutorial_dag.py
[2023-12-06T19:02:25.386+0000] {processor.py:839} INFO - DAG(s) dict_keys(['tutorial_dag']) retrieved from /usr/local/lib/python3.10/dist-packages/airflow/example_dags/tutorial_dag.py
[2023-12-06T19:02:25.411+0000] {logging_mixin.py:154} INFO - [2023-12-06T19:02:25.410+0000] {dag.py:2941} INFO - Sync 1 DAGs
[2023-12-06T19:02:25.423+0000] {logging_mixin.py:154} INFO - [2023-12-06T19:02:25.423+0000] {dag.py:3722} INFO - Setting next_dagrun for tutorial_dag to None, run_after=None
[2023-12-06T19:02:25.446+0000] {processor.py:179} INFO - Processing /usr/local/lib/python3.10/dist-packages/airflow/example_dags/tutorial_dag.py took 0.072 seconds
[2023-12-06T19:03:09.789+0000] {processor.py:157} INFO - Started process (PID=6582) to work on /usr/local/lib/python3.10/dist-packages/airflow/example_dags/tutorial_dag.py
[2023-12-06T19:03:09.791+0000] {processor.py:829} INFO - Processing file /usr/local/lib/python3.10/dist-packages/airflow/example_dags/tutorial_dag.py for tasks to queue
[2023-12-06T19:03:09.792+0000] {logging_mixin.py:154} INFO - [2023-12-06T19:03:09.791+0000] {dagbag.py:536} INFO - Filling up the DagBag from /usr/local/lib/python3.10/dist-packages/airflow/example_dags/tutorial_dag.py
[2023-12-06T19:03:09.798+0000] {processor.py:839} INFO - DAG(s) dict_keys(['tutorial_dag']) retrieved from /usr/local/lib/python3.10/dist-packages/airflow/example_dags/tutorial_dag.py
[2023-12-06T19:03:09.816+0000] {logging_mixin.py:154} INFO - [2023-12-06T19:03:09.816+0000] {dag.py:2941} INFO - Sync 1 DAGs
[2023-12-06T19:03:09.828+0000] {logging_mixin.py:154} INFO - [2023-12-06T19:03:09.828+0000] {dag.py:3722} INFO - Setting next_dagrun for tutorial_dag to None, run_after=None
[2023-12-06T19:03:09.852+0000] {processor.py:179} INFO - Processing /usr/local/lib/python3.10/dist-packages/airflow/example_dags/tutorial_dag.py took 0.066 seconds
[2023-12-06T19:04:01.896+0000] {processor.py:157} INFO - Started process (PID=6633) to work on /usr/local/lib/python3.10/dist-packages/airflow/example_dags/tutorial_dag.py
[2023-12-06T19:04:01.898+0000] {processor.py:829} INFO - Processing file /usr/local/lib/python3.10/dist-packages/airflow/example_dags/tutorial_dag.py for tasks to queue
[2023-12-06T19:04:01.899+0000] {logging_mixin.py:154} INFO - [2023-12-06T19:04:01.898+0000] {dagbag.py:536} INFO - Filling up the DagBag from /usr/local/lib/python3.10/dist-packages/airflow/example_dags/tutorial_dag.py
[2023-12-06T19:04:01.905+0000] {processor.py:839} INFO - DAG(s) dict_keys(['tutorial_dag']) retrieved from /usr/local/lib/python3.10/dist-packages/airflow/example_dags/tutorial_dag.py
[2023-12-06T19:04:01.924+0000] {logging_mixin.py:154} INFO - [2023-12-06T19:04:01.924+0000] {dag.py:2941} INFO - Sync 1 DAGs
[2023-12-06T19:04:01.937+0000] {logging_mixin.py:154} INFO - [2023-12-06T19:04:01.937+0000] {dag.py:3722} INFO - Setting next_dagrun for tutorial_dag to None, run_after=None
[2023-12-06T19:04:01.966+0000] {processor.py:179} INFO - Processing /usr/local/lib/python3.10/dist-packages/airflow/example_dags/tutorial_dag.py took 0.073 seconds
[2023-12-06T19:04:48.486+0000] {processor.py:157} INFO - Started process (PID=6844) to work on /usr/local/lib/python3.10/dist-packages/airflow/example_dags/tutorial_dag.py
[2023-12-06T19:04:48.488+0000] {processor.py:829} INFO - Processing file /usr/local/lib/python3.10/dist-packages/airflow/example_dags/tutorial_dag.py for tasks to queue
[2023-12-06T19:04:48.489+0000] {logging_mixin.py:154} INFO - [2023-12-06T19:04:48.489+0000] {dagbag.py:536} INFO - Filling up the DagBag from /usr/local/lib/python3.10/dist-packages/airflow/example_dags/tutorial_dag.py
[2023-12-06T19:04:48.495+0000] {processor.py:839} INFO - DAG(s) dict_keys(['tutorial_dag']) retrieved from /usr/local/lib/python3.10/dist-packages/airflow/example_dags/tutorial_dag.py
[2023-12-06T19:04:48.513+0000] {logging_mixin.py:154} INFO - [2023-12-06T19:04:48.513+0000] {dag.py:2941} INFO - Sync 1 DAGs
[2023-12-06T19:04:48.526+0000] {logging_mixin.py:154} INFO - [2023-12-06T19:04:48.525+0000] {dag.py:3722} INFO - Setting next_dagrun for tutorial_dag to None, run_after=None
[2023-12-06T19:04:48.556+0000] {processor.py:179} INFO - Processing /usr/local/lib/python3.10/dist-packages/airflow/example_dags/tutorial_dag.py took 0.073 seconds
[2023-12-06T19:05:39.673+0000] {processor.py:157} INFO - Started process (PID=6901) to work on /usr/local/lib/python3.10/dist-packages/airflow/example_dags/tutorial_dag.py
[2023-12-06T19:05:39.675+0000] {processor.py:829} INFO - Processing file /usr/local/lib/python3.10/dist-packages/airflow/example_dags/tutorial_dag.py for tasks to queue
[2023-12-06T19:05:39.676+0000] {logging_mixin.py:154} INFO - [2023-12-06T19:05:39.676+0000] {dagbag.py:536} INFO - Filling up the DagBag from /usr/local/lib/python3.10/dist-packages/airflow/example_dags/tutorial_dag.py
[2023-12-06T19:05:39.682+0000] {processor.py:839} INFO - DAG(s) dict_keys(['tutorial_dag']) retrieved from /usr/local/lib/python3.10/dist-packages/airflow/example_dags/tutorial_dag.py
[2023-12-06T19:05:39.700+0000] {logging_mixin.py:154} INFO - [2023-12-06T19:05:39.700+0000] {dag.py:2941} INFO - Sync 1 DAGs
[2023-12-06T19:05:39.713+0000] {logging_mixin.py:154} INFO - [2023-12-06T19:05:39.713+0000] {dag.py:3722} INFO - Setting next_dagrun for tutorial_dag to None, run_after=None
[2023-12-06T19:05:39.736+0000] {processor.py:179} INFO - Processing /usr/local/lib/python3.10/dist-packages/airflow/example_dags/tutorial_dag.py took 0.066 seconds
[2023-12-06T19:06:25.380+0000] {processor.py:157} INFO - Started process (PID=6949) to work on /usr/local/lib/python3.10/dist-packages/airflow/example_dags/tutorial_dag.py
[2023-12-06T19:06:25.382+0000] {processor.py:829} INFO - Processing file /usr/local/lib/python3.10/dist-packages/airflow/example_dags/tutorial_dag.py for tasks to queue
[2023-12-06T19:06:25.383+0000] {logging_mixin.py:154} INFO - [2023-12-06T19:06:25.382+0000] {dagbag.py:536} INFO - Filling up the DagBag from /usr/local/lib/python3.10/dist-packages/airflow/example_dags/tutorial_dag.py
[2023-12-06T19:06:25.389+0000] {processor.py:839} INFO - DAG(s) dict_keys(['tutorial_dag']) retrieved from /usr/local/lib/python3.10/dist-packages/airflow/example_dags/tutorial_dag.py
[2023-12-06T19:06:25.407+0000] {logging_mixin.py:154} INFO - [2023-12-06T19:06:25.407+0000] {dag.py:2941} INFO - Sync 1 DAGs
[2023-12-06T19:06:25.419+0000] {logging_mixin.py:154} INFO - [2023-12-06T19:06:25.419+0000] {dag.py:3722} INFO - Setting next_dagrun for tutorial_dag to None, run_after=None
[2023-12-06T19:06:25.442+0000] {processor.py:179} INFO - Processing /usr/local/lib/python3.10/dist-packages/airflow/example_dags/tutorial_dag.py took 0.066 seconds
[2023-12-06T19:07:12.297+0000] {processor.py:157} INFO - Started process (PID=6996) to work on /usr/local/lib/python3.10/dist-packages/airflow/example_dags/tutorial_dag.py
[2023-12-06T19:07:12.298+0000] {processor.py:829} INFO - Processing file /usr/local/lib/python3.10/dist-packages/airflow/example_dags/tutorial_dag.py for tasks to queue
[2023-12-06T19:07:12.299+0000] {logging_mixin.py:154} INFO - [2023-12-06T19:07:12.299+0000] {dagbag.py:536} INFO - Filling up the DagBag from /usr/local/lib/python3.10/dist-packages/airflow/example_dags/tutorial_dag.py
[2023-12-06T19:07:12.306+0000] {processor.py:839} INFO - DAG(s) dict_keys(['tutorial_dag']) retrieved from /usr/local/lib/python3.10/dist-packages/airflow/example_dags/tutorial_dag.py
[2023-12-06T19:07:12.324+0000] {logging_mixin.py:154} INFO - [2023-12-06T19:07:12.323+0000] {dag.py:2941} INFO - Sync 1 DAGs
[2023-12-06T19:07:12.337+0000] {logging_mixin.py:154} INFO - [2023-12-06T19:07:12.336+0000] {dag.py:3722} INFO - Setting next_dagrun for tutorial_dag to None, run_after=None
[2023-12-06T19:07:12.360+0000] {processor.py:179} INFO - Processing /usr/local/lib/python3.10/dist-packages/airflow/example_dags/tutorial_dag.py took 0.067 seconds
